

================================================================
== Vitis HLS Report for 'decision_function_120'
================================================================
* Date:           Thu Jan 23 13:48:20 2025

* Version:        2024.1 (Build 5069499 on May 21 2024)
* Project:        conifer_jettag
* Solution:       solution1 (Vivado IP Flow Target)
* Product family: zynq
* Target device:  xc7z020-clg400-1


================================================================
== Performance Estimates
================================================================
+ Timing: 
    * Summary: 
    +--------+---------+----------+------------+
    |  Clock |  Target | Estimated| Uncertainty|
    +--------+---------+----------+------------+
    |ap_clk  |  5.00 ns|  3.645 ns|     1.35 ns|
    +--------+---------+----------+------------+

+ Latency: 
    * Summary: 
    +---------+---------+-----------+-----------+-----+-----+---------+
    |  Latency (cycles) |   Latency (absolute)  |  Interval | Pipeline|
    |   min   |   max   |    min    |    max    | min | max |   Type  |
    +---------+---------+-----------+-----------+-----+-----+---------+
    |        7|        7|  35.000 ns|  35.000 ns|    1|    1|      yes|
    +---------+---------+-----------+-----------+-----+-----+---------+

    + Detail: 
        * Instance: 
        N/A

        * Loop: 
        N/A

============================================================
+ Verbose Summary: Synthesis Manager
============================================================
InlineROM: 1
ExposeGlobal: 0
============================================================
+ Verbose Summary: CDFG Model
============================================================
IsTopModel: 0
ResetActiveHigh: 1
IsCombinational: 0
IsDatapathOnly: 0
HasWiredReturn: 1
HasMFsm: 2
HasVarLatency: 0
IsPipeline: 1
IsRtlPipelined: 1
IsInstanceOverlapped: 0
IsDontTouch: 0
HasImplIP: 0
IsGatedGlobalClock: 0

+ Individual pipeline summary: 
  * Pipeline-0: initiation interval (II) = 1, depth = 8


============================================================
+ Verbose Summary: Schedule
============================================================
* Number of FSM states : 8
* Pipeline : 1
  Pipeline-0 : II = 1, D = 8, States = { 1 2 3 4 5 6 7 8 }
* Dataflow Pipeline: 0

* FSM state transitions: 
1 --> 2 
2 --> 3 
3 --> 4 
4 --> 5 
5 --> 6 
6 --> 7 
7 --> 8 
8 --> 

* FSM state operations: 

State 1 <SV = 0> <Delay = 3.11>
ST_1 : Operation 9 [1/1] (0.00ns)   --->   "%p_read = read i18 @_ssdm_op_Read.ap_auto.i18, i18 %p_read16" [firmware/BDT.h:86]   --->   Operation 9 'read' 'p_read' <Predicate = true> <Delay = 0.00>
ST_1 : Operation 10 [1/1] (0.00ns)   --->   "%p_read_511 = read i18 @_ssdm_op_Read.ap_auto.i18, i18 %p_read15" [firmware/BDT.h:86]   --->   Operation 10 'read' 'p_read_511' <Predicate = true> <Delay = 0.00>
ST_1 : Operation 11 [1/1] (0.00ns)   --->   "%p_read1420 = read i18 @_ssdm_op_Read.ap_auto.i18, i18 %p_read14" [firmware/BDT.h:86]   --->   Operation 11 'read' 'p_read1420' <Predicate = true> <Delay = 0.00>
ST_1 : Operation 12 [1/1] (0.00ns)   --->   "%p_read1319 = read i18 @_ssdm_op_Read.ap_auto.i18, i18 %p_read13" [firmware/BDT.h:86]   --->   Operation 12 'read' 'p_read1319' <Predicate = true> <Delay = 0.00>
ST_1 : Operation 13 [1/1] (0.00ns)   --->   "%p_read1218 = read i18 @_ssdm_op_Read.ap_auto.i18, i18 %p_read12" [firmware/BDT.h:86]   --->   Operation 13 'read' 'p_read1218' <Predicate = true> <Delay = 0.00>
ST_1 : Operation 14 [1/1] (0.00ns)   --->   "%p_read1117 = read i18 @_ssdm_op_Read.ap_auto.i18, i18 %p_read11" [firmware/BDT.h:86]   --->   Operation 14 'read' 'p_read1117' <Predicate = true> <Delay = 0.00>
ST_1 : Operation 15 [1/1] (0.00ns)   --->   "%p_read1016 = read i18 @_ssdm_op_Read.ap_auto.i18, i18 %p_read10" [firmware/BDT.h:86]   --->   Operation 15 'read' 'p_read1016' <Predicate = true> <Delay = 0.00>
ST_1 : Operation 16 [1/1] (0.00ns)   --->   "%p_read915 = read i18 @_ssdm_op_Read.ap_auto.i18, i18 %p_read9" [firmware/BDT.h:86]   --->   Operation 16 'read' 'p_read915' <Predicate = true> <Delay = 0.00>
ST_1 : Operation 17 [1/1] (0.00ns)   --->   "%p_read814 = read i18 @_ssdm_op_Read.ap_auto.i18, i18 %p_read8" [firmware/BDT.h:86]   --->   Operation 17 'read' 'p_read814' <Predicate = true> <Delay = 0.00>
ST_1 : Operation 18 [1/1] (0.00ns)   --->   "%p_read713 = read i18 @_ssdm_op_Read.ap_auto.i18, i18 %p_read7" [firmware/BDT.h:86]   --->   Operation 18 'read' 'p_read713' <Predicate = true> <Delay = 0.00>
ST_1 : Operation 19 [1/1] (0.00ns)   --->   "%p_read612 = read i18 @_ssdm_op_Read.ap_auto.i18, i18 %p_read6" [firmware/BDT.h:86]   --->   Operation 19 'read' 'p_read612' <Predicate = true> <Delay = 0.00>
ST_1 : Operation 20 [1/1] (0.00ns)   --->   "%p_read511 = read i18 @_ssdm_op_Read.ap_auto.i18, i18 %p_read5" [firmware/BDT.h:86]   --->   Operation 20 'read' 'p_read511' <Predicate = true> <Delay = 0.00>
ST_1 : Operation 21 [1/1] (0.00ns)   --->   "%p_read410 = read i18 @_ssdm_op_Read.ap_auto.i18, i18 %p_read4" [firmware/BDT.h:86]   --->   Operation 21 'read' 'p_read410' <Predicate = true> <Delay = 0.00>
ST_1 : Operation 22 [1/1] (0.00ns)   --->   "%p_read39 = read i18 @_ssdm_op_Read.ap_auto.i18, i18 %p_read3" [firmware/BDT.h:86]   --->   Operation 22 'read' 'p_read39' <Predicate = true> <Delay = 0.00>
ST_1 : Operation 23 [1/1] (0.00ns)   --->   "%p_read28 = read i18 @_ssdm_op_Read.ap_auto.i18, i18 %p_read2" [firmware/BDT.h:86]   --->   Operation 23 'read' 'p_read28' <Predicate = true> <Delay = 0.00>
ST_1 : Operation 24 [1/1] (0.00ns)   --->   "%p_read17 = read i18 @_ssdm_op_Read.ap_auto.i18, i18 %p_read1" [firmware/BDT.h:86]   --->   Operation 24 'read' 'p_read17' <Predicate = true> <Delay = 0.00>
ST_1 : Operation 25 [1/1] (2.13ns)   --->   "%icmp_ln86 = icmp_slt  i18 %p_read1218, i18 23" [firmware/BDT.h:86]   --->   Operation 25 'icmp' 'icmp_ln86' <Predicate = true> <Delay = 2.13> <CoreInst = "Cmp">   --->   Core 9 'Cmp' <Latency = 0> <II = 1> <Delay = 2.13> <FuncUnit> <Opcode : 'seteq' 'setne' 'setle' 'setge' 'setlt' 'setgt'> <InPorts = 2> <OutPorts = 1>
ST_1 : Operation 26 [1/1] (2.13ns)   --->   "%icmp_ln86_1494 = icmp_slt  i18 %p_read1016, i18 436" [firmware/BDT.h:86]   --->   Operation 26 'icmp' 'icmp_ln86_1494' <Predicate = true> <Delay = 2.13> <CoreInst = "Cmp">   --->   Core 9 'Cmp' <Latency = 0> <II = 1> <Delay = 2.13> <FuncUnit> <Opcode : 'seteq' 'setne' 'setle' 'setge' 'setlt' 'setgt'> <InPorts = 2> <OutPorts = 1>
ST_1 : Operation 27 [1/1] (2.13ns)   --->   "%icmp_ln86_1495 = icmp_slt  i18 %p_read1016, i18 820" [firmware/BDT.h:86]   --->   Operation 27 'icmp' 'icmp_ln86_1495' <Predicate = true> <Delay = 2.13> <CoreInst = "Cmp">   --->   Core 9 'Cmp' <Latency = 0> <II = 1> <Delay = 2.13> <FuncUnit> <Opcode : 'seteq' 'setne' 'setle' 'setge' 'setlt' 'setgt'> <InPorts = 2> <OutPorts = 1>
ST_1 : Operation 28 [1/1] (2.13ns)   --->   "%icmp_ln86_1496 = icmp_slt  i18 %p_read915, i18 880" [firmware/BDT.h:86]   --->   Operation 28 'icmp' 'icmp_ln86_1496' <Predicate = true> <Delay = 2.13> <CoreInst = "Cmp">   --->   Core 9 'Cmp' <Latency = 0> <II = 1> <Delay = 2.13> <FuncUnit> <Opcode : 'seteq' 'setne' 'setle' 'setge' 'setlt' 'setgt'> <InPorts = 2> <OutPorts = 1>
ST_1 : Operation 29 [1/1] (2.13ns)   --->   "%icmp_ln86_1497 = icmp_slt  i18 %p_read915, i18 1107" [firmware/BDT.h:86]   --->   Operation 29 'icmp' 'icmp_ln86_1497' <Predicate = true> <Delay = 2.13> <CoreInst = "Cmp">   --->   Core 9 'Cmp' <Latency = 0> <II = 1> <Delay = 2.13> <FuncUnit> <Opcode : 'seteq' 'setne' 'setle' 'setge' 'setlt' 'setgt'> <InPorts = 2> <OutPorts = 1>
ST_1 : Operation 30 [1/1] (2.13ns)   --->   "%icmp_ln86_1498 = icmp_slt  i18 %p_read1218, i18 70" [firmware/BDT.h:86]   --->   Operation 30 'icmp' 'icmp_ln86_1498' <Predicate = true> <Delay = 2.13> <CoreInst = "Cmp">   --->   Core 9 'Cmp' <Latency = 0> <II = 1> <Delay = 2.13> <FuncUnit> <Opcode : 'seteq' 'setne' 'setle' 'setge' 'setlt' 'setgt'> <InPorts = 2> <OutPorts = 1>
ST_1 : Operation 31 [1/1] (2.13ns)   --->   "%icmp_ln86_1499 = icmp_slt  i18 %p_read39, i18 260188" [firmware/BDT.h:86]   --->   Operation 31 'icmp' 'icmp_ln86_1499' <Predicate = true> <Delay = 2.13> <CoreInst = "Cmp">   --->   Core 9 'Cmp' <Latency = 0> <II = 1> <Delay = 2.13> <FuncUnit> <Opcode : 'seteq' 'setne' 'setle' 'setge' 'setlt' 'setgt'> <InPorts = 2> <OutPorts = 1>
ST_1 : Operation 32 [1/1] (2.13ns)   --->   "%icmp_ln86_1500 = icmp_slt  i18 %p_read814, i18 101" [firmware/BDT.h:86]   --->   Operation 32 'icmp' 'icmp_ln86_1500' <Predicate = true> <Delay = 2.13> <CoreInst = "Cmp">   --->   Core 9 'Cmp' <Latency = 0> <II = 1> <Delay = 2.13> <FuncUnit> <Opcode : 'seteq' 'setne' 'setle' 'setge' 'setlt' 'setgt'> <InPorts = 2> <OutPorts = 1>
ST_1 : Operation 33 [1/1] (2.13ns)   --->   "%icmp_ln86_1501 = icmp_slt  i18 %p_read1420, i18 20343" [firmware/BDT.h:86]   --->   Operation 33 'icmp' 'icmp_ln86_1501' <Predicate = true> <Delay = 2.13> <CoreInst = "Cmp">   --->   Core 9 'Cmp' <Latency = 0> <II = 1> <Delay = 2.13> <FuncUnit> <Opcode : 'seteq' 'setne' 'setle' 'setge' 'setlt' 'setgt'> <InPorts = 2> <OutPorts = 1>
ST_1 : Operation 34 [1/1] (2.13ns)   --->   "%icmp_ln86_1503 = icmp_slt  i18 %p_read28, i18 939" [firmware/BDT.h:86]   --->   Operation 34 'icmp' 'icmp_ln86_1503' <Predicate = true> <Delay = 2.13> <CoreInst = "Cmp">   --->   Core 9 'Cmp' <Latency = 0> <II = 1> <Delay = 2.13> <FuncUnit> <Opcode : 'seteq' 'setne' 'setle' 'setge' 'setlt' 'setgt'> <InPorts = 2> <OutPorts = 1>
ST_1 : Operation 35 [1/1] (2.13ns)   --->   "%icmp_ln86_1504 = icmp_slt  i18 %p_read1016, i18 819" [firmware/BDT.h:86]   --->   Operation 35 'icmp' 'icmp_ln86_1504' <Predicate = true> <Delay = 2.13> <CoreInst = "Cmp">   --->   Core 9 'Cmp' <Latency = 0> <II = 1> <Delay = 2.13> <FuncUnit> <Opcode : 'seteq' 'setne' 'setle' 'setge' 'setlt' 'setgt'> <InPorts = 2> <OutPorts = 1>
ST_1 : Operation 36 [1/1] (2.13ns)   --->   "%icmp_ln86_1506 = icmp_slt  i18 %p_read1117, i18 57" [firmware/BDT.h:86]   --->   Operation 36 'icmp' 'icmp_ln86_1506' <Predicate = true> <Delay = 2.13> <CoreInst = "Cmp">   --->   Core 9 'Cmp' <Latency = 0> <II = 1> <Delay = 2.13> <FuncUnit> <Opcode : 'seteq' 'setne' 'setle' 'setge' 'setlt' 'setgt'> <InPorts = 2> <OutPorts = 1>
ST_1 : Operation 37 [1/1] (2.13ns)   --->   "%icmp_ln86_1507 = icmp_slt  i18 %p_read, i18 51713" [firmware/BDT.h:86]   --->   Operation 37 'icmp' 'icmp_ln86_1507' <Predicate = true> <Delay = 2.13> <CoreInst = "Cmp">   --->   Core 9 'Cmp' <Latency = 0> <II = 1> <Delay = 2.13> <FuncUnit> <Opcode : 'seteq' 'setne' 'setle' 'setge' 'setlt' 'setgt'> <InPorts = 2> <OutPorts = 1>
ST_1 : Operation 38 [1/1] (2.13ns)   --->   "%icmp_ln86_1508 = icmp_slt  i18 %p_read28, i18 624" [firmware/BDT.h:86]   --->   Operation 38 'icmp' 'icmp_ln86_1508' <Predicate = true> <Delay = 2.13> <CoreInst = "Cmp">   --->   Core 9 'Cmp' <Latency = 0> <II = 1> <Delay = 2.13> <FuncUnit> <Opcode : 'seteq' 'setne' 'setle' 'setge' 'setlt' 'setgt'> <InPorts = 2> <OutPorts = 1>
ST_1 : Operation 39 [1/1] (2.13ns)   --->   "%icmp_ln86_1509 = icmp_slt  i18 %p_read1319, i18 208" [firmware/BDT.h:86]   --->   Operation 39 'icmp' 'icmp_ln86_1509' <Predicate = true> <Delay = 2.13> <CoreInst = "Cmp">   --->   Core 9 'Cmp' <Latency = 0> <II = 1> <Delay = 2.13> <FuncUnit> <Opcode : 'seteq' 'setne' 'setle' 'setge' 'setlt' 'setgt'> <InPorts = 2> <OutPorts = 1>
ST_1 : Operation 40 [1/1] (2.13ns)   --->   "%icmp_ln86_1510 = icmp_slt  i18 %p_read17, i18 47916" [firmware/BDT.h:86]   --->   Operation 40 'icmp' 'icmp_ln86_1510' <Predicate = true> <Delay = 2.13> <CoreInst = "Cmp">   --->   Core 9 'Cmp' <Latency = 0> <II = 1> <Delay = 2.13> <FuncUnit> <Opcode : 'seteq' 'setne' 'setle' 'setge' 'setlt' 'setgt'> <InPorts = 2> <OutPorts = 1>
ST_1 : Operation 41 [1/1] (2.13ns)   --->   "%icmp_ln86_1511 = icmp_slt  i18 %p_read17, i18 166676" [firmware/BDT.h:86]   --->   Operation 41 'icmp' 'icmp_ln86_1511' <Predicate = true> <Delay = 2.13> <CoreInst = "Cmp">   --->   Core 9 'Cmp' <Latency = 0> <II = 1> <Delay = 2.13> <FuncUnit> <Opcode : 'seteq' 'setne' 'setle' 'setge' 'setlt' 'setgt'> <InPorts = 2> <OutPorts = 1>
ST_1 : Operation 42 [1/1] (2.13ns)   --->   "%icmp_ln86_1512 = icmp_slt  i18 %p_read39, i18 259132" [firmware/BDT.h:86]   --->   Operation 42 'icmp' 'icmp_ln86_1512' <Predicate = true> <Delay = 2.13> <CoreInst = "Cmp">   --->   Core 9 'Cmp' <Latency = 0> <II = 1> <Delay = 2.13> <FuncUnit> <Opcode : 'seteq' 'setne' 'setle' 'setge' 'setlt' 'setgt'> <InPorts = 2> <OutPorts = 1>
ST_1 : Operation 43 [1/1] (2.13ns)   --->   "%icmp_ln86_1513 = icmp_slt  i18 %p_read915, i18 2130" [firmware/BDT.h:86]   --->   Operation 43 'icmp' 'icmp_ln86_1513' <Predicate = true> <Delay = 2.13> <CoreInst = "Cmp">   --->   Core 9 'Cmp' <Latency = 0> <II = 1> <Delay = 2.13> <FuncUnit> <Opcode : 'seteq' 'setne' 'setle' 'setge' 'setlt' 'setgt'> <InPorts = 2> <OutPorts = 1>
ST_1 : Operation 44 [1/1] (2.13ns)   --->   "%icmp_ln86_1514 = icmp_slt  i18 %p_read, i18 97793" [firmware/BDT.h:86]   --->   Operation 44 'icmp' 'icmp_ln86_1514' <Predicate = true> <Delay = 2.13> <CoreInst = "Cmp">   --->   Core 9 'Cmp' <Latency = 0> <II = 1> <Delay = 2.13> <FuncUnit> <Opcode : 'seteq' 'setne' 'setle' 'setge' 'setlt' 'setgt'> <InPorts = 2> <OutPorts = 1>
ST_1 : Operation 45 [1/1] (2.13ns)   --->   "%icmp_ln86_1515 = icmp_slt  i18 %p_read17, i18 87412" [firmware/BDT.h:86]   --->   Operation 45 'icmp' 'icmp_ln86_1515' <Predicate = true> <Delay = 2.13> <CoreInst = "Cmp">   --->   Core 9 'Cmp' <Latency = 0> <II = 1> <Delay = 2.13> <FuncUnit> <Opcode : 'seteq' 'setne' 'setle' 'setge' 'setlt' 'setgt'> <InPorts = 2> <OutPorts = 1>
ST_1 : Operation 46 [1/1] (2.13ns)   --->   "%icmp_ln86_1516 = icmp_slt  i18 %p_read713, i18 155" [firmware/BDT.h:86]   --->   Operation 46 'icmp' 'icmp_ln86_1516' <Predicate = true> <Delay = 2.13> <CoreInst = "Cmp">   --->   Core 9 'Cmp' <Latency = 0> <II = 1> <Delay = 2.13> <FuncUnit> <Opcode : 'seteq' 'setne' 'setle' 'setge' 'setlt' 'setgt'> <InPorts = 2> <OutPorts = 1>
ST_1 : Operation 47 [1/1] (2.13ns)   --->   "%icmp_ln86_1517 = icmp_slt  i18 %p_read511, i18 9643" [firmware/BDT.h:86]   --->   Operation 47 'icmp' 'icmp_ln86_1517' <Predicate = true> <Delay = 2.13> <CoreInst = "Cmp">   --->   Core 9 'Cmp' <Latency = 0> <II = 1> <Delay = 2.13> <FuncUnit> <Opcode : 'seteq' 'setne' 'setle' 'setge' 'setlt' 'setgt'> <InPorts = 2> <OutPorts = 1>
ST_1 : Operation 48 [1/1] (2.13ns)   --->   "%icmp_ln86_1518 = icmp_slt  i18 %p_read410, i18 29" [firmware/BDT.h:86]   --->   Operation 48 'icmp' 'icmp_ln86_1518' <Predicate = true> <Delay = 2.13> <CoreInst = "Cmp">   --->   Core 9 'Cmp' <Latency = 0> <II = 1> <Delay = 2.13> <FuncUnit> <Opcode : 'seteq' 'setne' 'setle' 'setge' 'setlt' 'setgt'> <InPorts = 2> <OutPorts = 1>
ST_1 : Operation 49 [1/1] (2.13ns)   --->   "%icmp_ln86_1519 = icmp_slt  i18 %p_read1319, i18 303" [firmware/BDT.h:86]   --->   Operation 49 'icmp' 'icmp_ln86_1519' <Predicate = true> <Delay = 2.13> <CoreInst = "Cmp">   --->   Core 9 'Cmp' <Latency = 0> <II = 1> <Delay = 2.13> <FuncUnit> <Opcode : 'seteq' 'setne' 'setle' 'setge' 'setlt' 'setgt'> <InPorts = 2> <OutPorts = 1>
ST_1 : Operation 50 [1/1] (2.13ns)   --->   "%icmp_ln86_1520 = icmp_slt  i18 %p_read814, i18 110" [firmware/BDT.h:86]   --->   Operation 50 'icmp' 'icmp_ln86_1520' <Predicate = true> <Delay = 2.13> <CoreInst = "Cmp">   --->   Core 9 'Cmp' <Latency = 0> <II = 1> <Delay = 2.13> <FuncUnit> <Opcode : 'seteq' 'setne' 'setle' 'setge' 'setlt' 'setgt'> <InPorts = 2> <OutPorts = 1>
ST_1 : Operation 51 [1/1] (2.13ns)   --->   "%icmp_ln86_1521 = icmp_slt  i18 %p_read612, i18 17614" [firmware/BDT.h:86]   --->   Operation 51 'icmp' 'icmp_ln86_1521' <Predicate = true> <Delay = 2.13> <CoreInst = "Cmp">   --->   Core 9 'Cmp' <Latency = 0> <II = 1> <Delay = 2.13> <FuncUnit> <Opcode : 'seteq' 'setne' 'setle' 'setge' 'setlt' 'setgt'> <InPorts = 2> <OutPorts = 1>
ST_1 : Operation 52 [1/1] (0.97ns)   --->   "%and_ln102 = and i1 %icmp_ln86_1494, i1 %icmp_ln86" [firmware/BDT.h:102]   --->   Operation 52 'and' 'and_ln102' <Predicate = true> <Delay = 0.97> <CoreInst = "LogicGate">   --->   Core 74 'LogicGate' <Latency = 0> <II = 1> <Delay = 0.97> <FuncUnit> <Opcode : 'and' 'or' 'xor'> <InPorts = 2> <OutPorts = 1>

State 2 <SV = 1> <Delay = 2.93>
ST_2 : Operation 53 [1/1] (2.13ns)   --->   "%icmp_ln86_1502 = icmp_slt  i18 %p_read_511, i18 160633" [firmware/BDT.h:86]   --->   Operation 53 'icmp' 'icmp_ln86_1502' <Predicate = (icmp_ln86)> <Delay = 2.13> <CoreInst = "Cmp">   --->   Core 9 'Cmp' <Latency = 0> <II = 1> <Delay = 2.13> <FuncUnit> <Opcode : 'seteq' 'setne' 'setle' 'setge' 'setlt' 'setgt'> <InPorts = 2> <OutPorts = 1>
ST_2 : Operation 54 [1/1] (2.13ns)   --->   "%icmp_ln86_1505 = icmp_slt  i18 %p_read_511, i18 1" [firmware/BDT.h:86]   --->   Operation 54 'icmp' 'icmp_ln86_1505' <Predicate = true> <Delay = 2.13> <CoreInst = "Cmp">   --->   Core 9 'Cmp' <Latency = 0> <II = 1> <Delay = 2.13> <FuncUnit> <Opcode : 'seteq' 'setne' 'setle' 'setge' 'setlt' 'setgt'> <InPorts = 2> <OutPorts = 1>
ST_2 : Operation 55 [1/1] (0.00ns) (grouped into LUT with out node and_ln104)   --->   "%xor_ln104_714 = xor i1 %icmp_ln86_1494, i1 1" [firmware/BDT.h:104]   --->   Operation 55 'xor' 'xor_ln104_714' <Predicate = (icmp_ln86)> <Delay = 0.00> <CoreInst = "LogicGate">   --->   Core 74 'LogicGate' <Latency = 0> <II = 1> <Delay = 0.97> <FuncUnit> <Opcode : 'and' 'or' 'xor'> <InPorts = 2> <OutPorts = 1>
ST_2 : Operation 56 [1/1] (0.97ns) (out node of the LUT)   --->   "%and_ln104 = and i1 %icmp_ln86, i1 %xor_ln104_714" [firmware/BDT.h:104]   --->   Operation 56 'and' 'and_ln104' <Predicate = (icmp_ln86)> <Delay = 0.97> <CoreInst = "LogicGate">   --->   Core 74 'LogicGate' <Latency = 0> <II = 1> <Delay = 0.97> <FuncUnit> <Opcode : 'and' 'or' 'xor'> <InPorts = 2> <OutPorts = 1>
ST_2 : Operation 57 [1/1] (0.97ns)   --->   "%and_ln102_1644 = and i1 %icmp_ln86_1496, i1 %and_ln102" [firmware/BDT.h:102]   --->   Operation 57 'and' 'and_ln102_1644' <Predicate = (and_ln102 & icmp_ln86)> <Delay = 0.97> <CoreInst = "LogicGate">   --->   Core 74 'LogicGate' <Latency = 0> <II = 1> <Delay = 0.97> <FuncUnit> <Opcode : 'and' 'or' 'xor'> <InPorts = 2> <OutPorts = 1>
ST_2 : Operation 58 [1/1] (0.00ns) (grouped into LUT with out node and_ln104_283)   --->   "%xor_ln104_716 = xor i1 %icmp_ln86_1496, i1 1" [firmware/BDT.h:104]   --->   Operation 58 'xor' 'xor_ln104_716' <Predicate = (and_ln102 & icmp_ln86)> <Delay = 0.00> <CoreInst = "LogicGate">   --->   Core 74 'LogicGate' <Latency = 0> <II = 1> <Delay = 0.97> <FuncUnit> <Opcode : 'and' 'or' 'xor'> <InPorts = 2> <OutPorts = 1>
ST_2 : Operation 59 [1/1] (0.97ns) (out node of the LUT)   --->   "%and_ln104_283 = and i1 %and_ln102, i1 %xor_ln104_716" [firmware/BDT.h:104]   --->   Operation 59 'and' 'and_ln104_283' <Predicate = (and_ln102 & icmp_ln86)> <Delay = 0.97> <CoreInst = "LogicGate">   --->   Core 74 'LogicGate' <Latency = 0> <II = 1> <Delay = 0.97> <FuncUnit> <Opcode : 'and' 'or' 'xor'> <InPorts = 2> <OutPorts = 1>
ST_2 : Operation 60 [1/1] (0.97ns)   --->   "%and_ln102_1648 = and i1 %icmp_ln86_1500, i1 %and_ln102_1644" [firmware/BDT.h:102]   --->   Operation 60 'and' 'and_ln102_1648' <Predicate = (and_ln102 & icmp_ln86)> <Delay = 0.97> <CoreInst = "LogicGate">   --->   Core 74 'LogicGate' <Latency = 0> <II = 1> <Delay = 0.97> <FuncUnit> <Opcode : 'and' 'or' 'xor'> <InPorts = 2> <OutPorts = 1>
ST_2 : Operation 61 [1/1] (0.00ns) (grouped into LUT with out node or_ln117)   --->   "%xor_ln104_720 = xor i1 %icmp_ln86_1500, i1 1" [firmware/BDT.h:104]   --->   Operation 61 'xor' 'xor_ln104_720' <Predicate = (and_ln102 & icmp_ln86)> <Delay = 0.00> <CoreInst = "LogicGate">   --->   Core 74 'LogicGate' <Latency = 0> <II = 1> <Delay = 0.97> <FuncUnit> <Opcode : 'and' 'or' 'xor'> <InPorts = 2> <OutPorts = 1>
ST_2 : Operation 62 [1/1] (0.97ns)   --->   "%and_ln102_1649 = and i1 %icmp_ln86_1501, i1 %and_ln104_283" [firmware/BDT.h:102]   --->   Operation 62 'and' 'and_ln102_1649' <Predicate = (and_ln102 & icmp_ln86)> <Delay = 0.97> <CoreInst = "LogicGate">   --->   Core 74 'LogicGate' <Latency = 0> <II = 1> <Delay = 0.97> <FuncUnit> <Opcode : 'and' 'or' 'xor'> <InPorts = 2> <OutPorts = 1>
ST_2 : Operation 63 [1/1] (0.00ns) (grouped into LUT with out node or_ln117)   --->   "%and_ln102_1657 = and i1 %icmp_ln86_1508, i1 %xor_ln104_720" [firmware/BDT.h:102]   --->   Operation 63 'and' 'and_ln102_1657' <Predicate = (and_ln102 & icmp_ln86)> <Delay = 0.00> <CoreInst = "LogicGate">   --->   Core 74 'LogicGate' <Latency = 0> <II = 1> <Delay = 0.97> <FuncUnit> <Opcode : 'and' 'or' 'xor'> <InPorts = 2> <OutPorts = 1>
ST_2 : Operation 64 [1/1] (0.00ns) (grouped into LUT with out node or_ln117)   --->   "%and_ln102_1658 = and i1 %and_ln102_1657, i1 %and_ln102_1644" [firmware/BDT.h:102]   --->   Operation 64 'and' 'and_ln102_1658' <Predicate = (and_ln102 & icmp_ln86)> <Delay = 0.00> <CoreInst = "LogicGate">   --->   Core 74 'LogicGate' <Latency = 0> <II = 1> <Delay = 0.97> <FuncUnit> <Opcode : 'and' 'or' 'xor'> <InPorts = 2> <OutPorts = 1>
ST_2 : Operation 65 [1/1] (0.97ns) (out node of the LUT)   --->   "%or_ln117 = or i1 %and_ln102_1648, i1 %and_ln102_1658" [firmware/BDT.h:117]   --->   Operation 65 'or' 'or_ln117' <Predicate = (and_ln102 & icmp_ln86)> <Delay = 0.97> <CoreInst = "LogicGate">   --->   Core 74 'LogicGate' <Latency = 0> <II = 1> <Delay = 0.97> <FuncUnit> <Opcode : 'and' 'or' 'xor'> <InPorts = 2> <OutPorts = 1>

State 3 <SV = 2> <Delay = 2.99>
ST_3 : Operation 66 [1/1] (0.00ns) (grouped into LUT with out node select_ln117_1447)   --->   "%tmp = bitselect i1 @_ssdm_op_BitSelect.i1.i18.i32, i18 %p_read_511, i32 17" [firmware/BDT.h:86]   --->   Operation 66 'bitselect' 'tmp' <Predicate = (and_ln102_1648 & and_ln102_1644 & and_ln102 & icmp_ln86 & or_ln117)> <Delay = 0.00>
ST_3 : Operation 67 [1/1] (0.97ns)   --->   "%xor_ln104 = xor i1 %icmp_ln86, i1 1" [firmware/BDT.h:104]   --->   Operation 67 'xor' 'xor_ln104' <Predicate = true> <Delay = 0.97> <CoreInst = "LogicGate">   --->   Core 74 'LogicGate' <Latency = 0> <II = 1> <Delay = 0.97> <FuncUnit> <Opcode : 'and' 'or' 'xor'> <InPorts = 2> <OutPorts = 1>
ST_3 : Operation 68 [1/1] (0.97ns)   --->   "%and_ln102_1645 = and i1 %icmp_ln86_1497, i1 %and_ln104" [firmware/BDT.h:102]   --->   Operation 68 'and' 'and_ln102_1645' <Predicate = (icmp_ln86)> <Delay = 0.97> <CoreInst = "LogicGate">   --->   Core 74 'LogicGate' <Latency = 0> <II = 1> <Delay = 0.97> <FuncUnit> <Opcode : 'and' 'or' 'xor'> <InPorts = 2> <OutPorts = 1>
ST_3 : Operation 69 [1/1] (0.00ns) (grouped into LUT with out node and_ln104_284)   --->   "%xor_ln104_717 = xor i1 %icmp_ln86_1497, i1 1" [firmware/BDT.h:104]   --->   Operation 69 'xor' 'xor_ln104_717' <Predicate = (icmp_ln86)> <Delay = 0.00> <CoreInst = "LogicGate">   --->   Core 74 'LogicGate' <Latency = 0> <II = 1> <Delay = 0.97> <FuncUnit> <Opcode : 'and' 'or' 'xor'> <InPorts = 2> <OutPorts = 1>
ST_3 : Operation 70 [1/1] (0.97ns) (out node of the LUT)   --->   "%and_ln104_284 = and i1 %and_ln104, i1 %xor_ln104_717" [firmware/BDT.h:104]   --->   Operation 70 'and' 'and_ln104_284' <Predicate = (icmp_ln86)> <Delay = 0.97> <CoreInst = "LogicGate">   --->   Core 74 'LogicGate' <Latency = 0> <II = 1> <Delay = 0.97> <FuncUnit> <Opcode : 'and' 'or' 'xor'> <InPorts = 2> <OutPorts = 1>
ST_3 : Operation 71 [1/1] (0.00ns) (grouped into LUT with out node select_ln117_1451)   --->   "%xor_ln104_721 = xor i1 %icmp_ln86_1501, i1 1" [firmware/BDT.h:104]   --->   Operation 71 'xor' 'xor_ln104_721' <Predicate = (and_ln102 & icmp_ln86)> <Delay = 0.00> <CoreInst = "LogicGate">   --->   Core 74 'LogicGate' <Latency = 0> <II = 1> <Delay = 0.97> <FuncUnit> <Opcode : 'and' 'or' 'xor'> <InPorts = 2> <OutPorts = 1>
ST_3 : Operation 72 [1/1] (0.97ns)   --->   "%and_ln102_1650 = and i1 %icmp_ln86_1502, i1 %and_ln102_1645" [firmware/BDT.h:102]   --->   Operation 72 'and' 'and_ln102_1650' <Predicate = (icmp_ln86)> <Delay = 0.97> <CoreInst = "LogicGate">   --->   Core 74 'LogicGate' <Latency = 0> <II = 1> <Delay = 0.97> <FuncUnit> <Opcode : 'and' 'or' 'xor'> <InPorts = 2> <OutPorts = 1>
ST_3 : Operation 73 [1/1] (0.00ns) (grouped into LUT with out node select_ln117_1447)   --->   "%and_ln102_1656 = and i1 %tmp, i1 %and_ln102_1648" [firmware/BDT.h:102]   --->   Operation 73 'and' 'and_ln102_1656' <Predicate = (and_ln102_1648 & and_ln102_1644 & and_ln102 & icmp_ln86 & or_ln117)> <Delay = 0.00> <CoreInst = "LogicGate">   --->   Core 74 'LogicGate' <Latency = 0> <II = 1> <Delay = 0.97> <FuncUnit> <Opcode : 'and' 'or' 'xor'> <InPorts = 2> <OutPorts = 1>
ST_3 : Operation 74 [1/1] (0.00ns) (grouped into LUT with out node select_ln117_1449)   --->   "%and_ln102_1659 = and i1 %icmp_ln86_1505, i1 %and_ln102_1649" [firmware/BDT.h:102]   --->   Operation 74 'and' 'and_ln102_1659' <Predicate = (and_ln102 & icmp_ln86)> <Delay = 0.00> <CoreInst = "LogicGate">   --->   Core 74 'LogicGate' <Latency = 0> <II = 1> <Delay = 0.97> <FuncUnit> <Opcode : 'and' 'or' 'xor'> <InPorts = 2> <OutPorts = 1>
ST_3 : Operation 75 [1/1] (0.00ns) (grouped into LUT with out node select_ln117_1451)   --->   "%and_ln102_1660 = and i1 %icmp_ln86_1509, i1 %xor_ln104_721" [firmware/BDT.h:102]   --->   Operation 75 'and' 'and_ln102_1660' <Predicate = (and_ln102 & icmp_ln86)> <Delay = 0.00> <CoreInst = "LogicGate">   --->   Core 74 'LogicGate' <Latency = 0> <II = 1> <Delay = 0.97> <FuncUnit> <Opcode : 'and' 'or' 'xor'> <InPorts = 2> <OutPorts = 1>
ST_3 : Operation 76 [1/1] (0.00ns) (grouped into LUT with out node select_ln117_1451)   --->   "%and_ln102_1661 = and i1 %and_ln102_1660, i1 %and_ln104_283" [firmware/BDT.h:102]   --->   Operation 76 'and' 'and_ln102_1661' <Predicate = (and_ln102 & icmp_ln86)> <Delay = 0.00> <CoreInst = "LogicGate">   --->   Core 74 'LogicGate' <Latency = 0> <II = 1> <Delay = 0.97> <FuncUnit> <Opcode : 'and' 'or' 'xor'> <InPorts = 2> <OutPorts = 1>
ST_3 : Operation 77 [1/1] (0.00ns) (grouped into LUT with out node select_ln117_1447)   --->   "%xor_ln117 = xor i1 %and_ln102_1656, i1 1" [firmware/BDT.h:117]   --->   Operation 77 'xor' 'xor_ln117' <Predicate = (and_ln102_1648 & and_ln102_1644 & and_ln102 & icmp_ln86 & or_ln117)> <Delay = 0.00> <CoreInst = "LogicGate">   --->   Core 74 'LogicGate' <Latency = 0> <II = 1> <Delay = 0.97> <FuncUnit> <Opcode : 'and' 'or' 'xor'> <InPorts = 2> <OutPorts = 1>
ST_3 : Operation 78 [1/1] (0.00ns) (grouped into LUT with out node select_ln117_1447)   --->   "%zext_ln117 = zext i1 %xor_ln117" [firmware/BDT.h:117]   --->   Operation 78 'zext' 'zext_ln117' <Predicate = (and_ln102_1648 & and_ln102_1644 & and_ln102 & icmp_ln86 & or_ln117)> <Delay = 0.00>
ST_3 : Operation 79 [1/1] (0.00ns) (grouped into LUT with out node select_ln117_1447)   --->   "%select_ln117 = select i1 %and_ln102_1648, i2 %zext_ln117, i2 2" [firmware/BDT.h:117]   --->   Operation 79 'select' 'select_ln117' <Predicate = (and_ln102_1644 & and_ln102 & icmp_ln86 & or_ln117)> <Delay = 0.00> <CoreInst = "Sel">   --->   Core 73 'Sel' <Latency = 0> <II = 1> <Delay = 0.99> <FuncUnit> <Opcode : 'select'> <InPorts = 3> <OutPorts = 1>
ST_3 : Operation 80 [1/1] (0.00ns) (grouped into LUT with out node select_ln117_1447)   --->   "%select_ln117_1446 = select i1 %or_ln117, i2 %select_ln117, i2 3" [firmware/BDT.h:117]   --->   Operation 80 'select' 'select_ln117_1446' <Predicate = (and_ln102_1644 & and_ln102 & icmp_ln86)> <Delay = 0.00> <CoreInst = "Sel">   --->   Core 73 'Sel' <Latency = 0> <II = 1> <Delay = 0.99> <FuncUnit> <Opcode : 'select'> <InPorts = 3> <OutPorts = 1>
ST_3 : Operation 81 [1/1] (0.00ns) (grouped into LUT with out node select_ln117_1447)   --->   "%zext_ln117_162 = zext i2 %select_ln117_1446" [firmware/BDT.h:117]   --->   Operation 81 'zext' 'zext_ln117_162' <Predicate = (and_ln102_1644 & and_ln102 & icmp_ln86)> <Delay = 0.00>
ST_3 : Operation 82 [1/1] (0.00ns) (grouped into LUT with out node select_ln117_1449)   --->   "%or_ln117_1343 = or i1 %and_ln102_1644, i1 %and_ln102_1659" [firmware/BDT.h:117]   --->   Operation 82 'or' 'or_ln117_1343' <Predicate = (and_ln102 & icmp_ln86)> <Delay = 0.00> <CoreInst = "LogicGate">   --->   Core 74 'LogicGate' <Latency = 0> <II = 1> <Delay = 0.97> <FuncUnit> <Opcode : 'and' 'or' 'xor'> <InPorts = 2> <OutPorts = 1>
ST_3 : Operation 83 [1/1] (0.99ns) (out node of the LUT)   --->   "%select_ln117_1447 = select i1 %and_ln102_1644, i3 %zext_ln117_162, i3 4" [firmware/BDT.h:117]   --->   Operation 83 'select' 'select_ln117_1447' <Predicate = (and_ln102 & icmp_ln86)> <Delay = 0.99> <CoreInst = "Sel">   --->   Core 73 'Sel' <Latency = 0> <II = 1> <Delay = 0.98> <FuncUnit> <Opcode : 'select'> <InPorts = 3> <OutPorts = 1>
ST_3 : Operation 84 [1/1] (0.97ns)   --->   "%or_ln117_1344 = or i1 %and_ln102_1644, i1 %and_ln102_1649" [firmware/BDT.h:117]   --->   Operation 84 'or' 'or_ln117_1344' <Predicate = (and_ln102 & icmp_ln86)> <Delay = 0.97> <CoreInst = "LogicGate">   --->   Core 74 'LogicGate' <Latency = 0> <II = 1> <Delay = 0.97> <FuncUnit> <Opcode : 'and' 'or' 'xor'> <InPorts = 2> <OutPorts = 1>
ST_3 : Operation 85 [1/1] (0.00ns) (grouped into LUT with out node select_ln117_1449)   --->   "%select_ln117_1448 = select i1 %or_ln117_1343, i3 %select_ln117_1447, i3 5" [firmware/BDT.h:117]   --->   Operation 85 'select' 'select_ln117_1448' <Predicate = (and_ln102 & icmp_ln86)> <Delay = 0.00> <CoreInst = "Sel">   --->   Core 73 'Sel' <Latency = 0> <II = 1> <Delay = 0.98> <FuncUnit> <Opcode : 'select'> <InPorts = 3> <OutPorts = 1>
ST_3 : Operation 86 [1/1] (0.00ns) (grouped into LUT with out node select_ln117_1451)   --->   "%or_ln117_1345 = or i1 %or_ln117_1344, i1 %and_ln102_1661" [firmware/BDT.h:117]   --->   Operation 86 'or' 'or_ln117_1345' <Predicate = (and_ln102 & icmp_ln86)> <Delay = 0.00> <CoreInst = "LogicGate">   --->   Core 74 'LogicGate' <Latency = 0> <II = 1> <Delay = 0.97> <FuncUnit> <Opcode : 'and' 'or' 'xor'> <InPorts = 2> <OutPorts = 1>
ST_3 : Operation 87 [1/1] (0.98ns) (out node of the LUT)   --->   "%select_ln117_1449 = select i1 %or_ln117_1344, i3 %select_ln117_1448, i3 6" [firmware/BDT.h:117]   --->   Operation 87 'select' 'select_ln117_1449' <Predicate = (and_ln102 & icmp_ln86)> <Delay = 0.98> <CoreInst = "Sel">   --->   Core 73 'Sel' <Latency = 0> <II = 1> <Delay = 0.98> <FuncUnit> <Opcode : 'select'> <InPorts = 3> <OutPorts = 1>
ST_3 : Operation 88 [1/1] (0.00ns) (grouped into LUT with out node select_ln117_1451)   --->   "%select_ln117_1450 = select i1 %or_ln117_1345, i3 %select_ln117_1449, i3 7" [firmware/BDT.h:117]   --->   Operation 88 'select' 'select_ln117_1450' <Predicate = (and_ln102 & icmp_ln86)> <Delay = 0.00> <CoreInst = "Sel">   --->   Core 73 'Sel' <Latency = 0> <II = 1> <Delay = 0.98> <FuncUnit> <Opcode : 'select'> <InPorts = 3> <OutPorts = 1>
ST_3 : Operation 89 [1/1] (0.00ns) (grouped into LUT with out node select_ln117_1451)   --->   "%zext_ln117_163 = zext i3 %select_ln117_1450" [firmware/BDT.h:117]   --->   Operation 89 'zext' 'zext_ln117_163' <Predicate = (and_ln102 & icmp_ln86)> <Delay = 0.00>
ST_3 : Operation 90 [1/1] (1.02ns) (out node of the LUT)   --->   "%select_ln117_1451 = select i1 %and_ln102, i4 %zext_ln117_163, i4 8" [firmware/BDT.h:117]   --->   Operation 90 'select' 'select_ln117_1451' <Predicate = (icmp_ln86)> <Delay = 1.02> <CoreInst = "Sel">   --->   Core 73 'Sel' <Latency = 0> <II = 1> <Delay = 1.02> <FuncUnit> <Opcode : 'select'> <InPorts = 3> <OutPorts = 1>
ST_3 : Operation 91 [1/1] (0.97ns)   --->   "%or_ln117_1347 = or i1 %and_ln102, i1 %and_ln102_1650" [firmware/BDT.h:117]   --->   Operation 91 'or' 'or_ln117_1347' <Predicate = (icmp_ln86)> <Delay = 0.97> <CoreInst = "LogicGate">   --->   Core 74 'LogicGate' <Latency = 0> <II = 1> <Delay = 0.97> <FuncUnit> <Opcode : 'and' 'or' 'xor'> <InPorts = 2> <OutPorts = 1>

State 4 <SV = 3> <Delay = 3.07>
ST_4 : Operation 92 [1/1] (0.97ns)   --->   "%and_ln102_1643 = and i1 %icmp_ln86_1495, i1 %xor_ln104" [firmware/BDT.h:102]   --->   Operation 92 'and' 'and_ln102_1643' <Predicate = true> <Delay = 0.97> <CoreInst = "LogicGate">   --->   Core 74 'LogicGate' <Latency = 0> <II = 1> <Delay = 0.97> <FuncUnit> <Opcode : 'and' 'or' 'xor'> <InPorts = 2> <OutPorts = 1>
ST_4 : Operation 93 [1/1] (0.00ns) (grouped into LUT with out node and_ln104_282)   --->   "%xor_ln104_715 = xor i1 %icmp_ln86_1495, i1 1" [firmware/BDT.h:104]   --->   Operation 93 'xor' 'xor_ln104_715' <Predicate = true> <Delay = 0.00> <CoreInst = "LogicGate">   --->   Core 74 'LogicGate' <Latency = 0> <II = 1> <Delay = 0.97> <FuncUnit> <Opcode : 'and' 'or' 'xor'> <InPorts = 2> <OutPorts = 1>
ST_4 : Operation 94 [1/1] (0.97ns) (out node of the LUT)   --->   "%and_ln104_282 = and i1 %xor_ln104_715, i1 %xor_ln104" [firmware/BDT.h:104]   --->   Operation 94 'and' 'and_ln104_282' <Predicate = true> <Delay = 0.97> <CoreInst = "LogicGate">   --->   Core 74 'LogicGate' <Latency = 0> <II = 1> <Delay = 0.97> <FuncUnit> <Opcode : 'and' 'or' 'xor'> <InPorts = 2> <OutPorts = 1>
ST_4 : Operation 95 [1/1] (0.97ns)   --->   "%and_ln102_1646 = and i1 %icmp_ln86_1498, i1 %and_ln102_1643" [firmware/BDT.h:102]   --->   Operation 95 'and' 'and_ln102_1646' <Predicate = true> <Delay = 0.97> <CoreInst = "LogicGate">   --->   Core 74 'LogicGate' <Latency = 0> <II = 1> <Delay = 0.97> <FuncUnit> <Opcode : 'and' 'or' 'xor'> <InPorts = 2> <OutPorts = 1>
ST_4 : Operation 96 [1/1] (0.00ns) (grouped into LUT with out node select_ln117_1455)   --->   "%xor_ln104_722 = xor i1 %icmp_ln86_1502, i1 1" [firmware/BDT.h:104]   --->   Operation 96 'xor' 'xor_ln104_722' <Predicate = (icmp_ln86)> <Delay = 0.00> <CoreInst = "LogicGate">   --->   Core 74 'LogicGate' <Latency = 0> <II = 1> <Delay = 0.97> <FuncUnit> <Opcode : 'and' 'or' 'xor'> <InPorts = 2> <OutPorts = 1>
ST_4 : Operation 97 [1/1] (0.97ns)   --->   "%and_ln102_1651 = and i1 %icmp_ln86_1503, i1 %and_ln104_284" [firmware/BDT.h:102]   --->   Operation 97 'and' 'and_ln102_1651' <Predicate = (icmp_ln86)> <Delay = 0.97> <CoreInst = "LogicGate">   --->   Core 74 'LogicGate' <Latency = 0> <II = 1> <Delay = 0.97> <FuncUnit> <Opcode : 'and' 'or' 'xor'> <InPorts = 2> <OutPorts = 1>
ST_4 : Operation 98 [1/1] (0.97ns)   --->   "%and_ln102_1652 = and i1 %icmp_ln86_1504, i1 %and_ln102_1646" [firmware/BDT.h:102]   --->   Operation 98 'and' 'and_ln102_1652' <Predicate = true> <Delay = 0.97> <CoreInst = "LogicGate">   --->   Core 74 'LogicGate' <Latency = 0> <II = 1> <Delay = 0.97> <FuncUnit> <Opcode : 'and' 'or' 'xor'> <InPorts = 2> <OutPorts = 1>
ST_4 : Operation 99 [1/1] (0.00ns) (grouped into LUT with out node select_ln117_1453)   --->   "%and_ln102_1662 = and i1 %icmp_ln86_1510, i1 %and_ln102_1650" [firmware/BDT.h:102]   --->   Operation 99 'and' 'and_ln102_1662' <Predicate = (icmp_ln86 & or_ln117_1347)> <Delay = 0.00> <CoreInst = "LogicGate">   --->   Core 74 'LogicGate' <Latency = 0> <II = 1> <Delay = 0.97> <FuncUnit> <Opcode : 'and' 'or' 'xor'> <InPorts = 2> <OutPorts = 1>
ST_4 : Operation 100 [1/1] (0.00ns) (grouped into LUT with out node select_ln117_1455)   --->   "%and_ln102_1663 = and i1 %icmp_ln86_1511, i1 %xor_ln104_722" [firmware/BDT.h:102]   --->   Operation 100 'and' 'and_ln102_1663' <Predicate = (icmp_ln86)> <Delay = 0.00> <CoreInst = "LogicGate">   --->   Core 74 'LogicGate' <Latency = 0> <II = 1> <Delay = 0.97> <FuncUnit> <Opcode : 'and' 'or' 'xor'> <InPorts = 2> <OutPorts = 1>
ST_4 : Operation 101 [1/1] (0.00ns) (grouped into LUT with out node select_ln117_1455)   --->   "%and_ln102_1664 = and i1 %and_ln102_1663, i1 %and_ln102_1645" [firmware/BDT.h:102]   --->   Operation 101 'and' 'and_ln102_1664' <Predicate = (icmp_ln86)> <Delay = 0.00> <CoreInst = "LogicGate">   --->   Core 74 'LogicGate' <Latency = 0> <II = 1> <Delay = 0.97> <FuncUnit> <Opcode : 'and' 'or' 'xor'> <InPorts = 2> <OutPorts = 1>
ST_4 : Operation 102 [1/1] (0.00ns) (grouped into LUT with out node select_ln117_1457)   --->   "%and_ln102_1665 = and i1 %icmp_ln86_1512, i1 %and_ln102_1651" [firmware/BDT.h:102]   --->   Operation 102 'and' 'and_ln102_1665' <Predicate = (icmp_ln86)> <Delay = 0.00> <CoreInst = "LogicGate">   --->   Core 74 'LogicGate' <Latency = 0> <II = 1> <Delay = 0.97> <FuncUnit> <Opcode : 'and' 'or' 'xor'> <InPorts = 2> <OutPorts = 1>
ST_4 : Operation 103 [1/1] (0.00ns) (grouped into LUT with out node select_ln117_1453)   --->   "%or_ln117_1346 = or i1 %and_ln102, i1 %and_ln102_1662" [firmware/BDT.h:117]   --->   Operation 103 'or' 'or_ln117_1346' <Predicate = (icmp_ln86 & or_ln117_1347)> <Delay = 0.00> <CoreInst = "LogicGate">   --->   Core 74 'LogicGate' <Latency = 0> <II = 1> <Delay = 0.97> <FuncUnit> <Opcode : 'and' 'or' 'xor'> <InPorts = 2> <OutPorts = 1>
ST_4 : Operation 104 [1/1] (0.00ns) (grouped into LUT with out node select_ln117_1453)   --->   "%select_ln117_1452 = select i1 %or_ln117_1346, i4 %select_ln117_1451, i4 9" [firmware/BDT.h:117]   --->   Operation 104 'select' 'select_ln117_1452' <Predicate = (icmp_ln86 & or_ln117_1347)> <Delay = 0.00> <CoreInst = "Sel">   --->   Core 73 'Sel' <Latency = 0> <II = 1> <Delay = 1.02> <FuncUnit> <Opcode : 'select'> <InPorts = 3> <OutPorts = 1>
ST_4 : Operation 105 [1/1] (0.00ns) (grouped into LUT with out node select_ln117_1455)   --->   "%or_ln117_1348 = or i1 %or_ln117_1347, i1 %and_ln102_1664" [firmware/BDT.h:117]   --->   Operation 105 'or' 'or_ln117_1348' <Predicate = (icmp_ln86)> <Delay = 0.00> <CoreInst = "LogicGate">   --->   Core 74 'LogicGate' <Latency = 0> <II = 1> <Delay = 0.97> <FuncUnit> <Opcode : 'and' 'or' 'xor'> <InPorts = 2> <OutPorts = 1>
ST_4 : Operation 106 [1/1] (1.02ns) (out node of the LUT)   --->   "%select_ln117_1453 = select i1 %or_ln117_1347, i4 %select_ln117_1452, i4 10" [firmware/BDT.h:117]   --->   Operation 106 'select' 'select_ln117_1453' <Predicate = (icmp_ln86)> <Delay = 1.02> <CoreInst = "Sel">   --->   Core 73 'Sel' <Latency = 0> <II = 1> <Delay = 1.02> <FuncUnit> <Opcode : 'select'> <InPorts = 3> <OutPorts = 1>
ST_4 : Operation 107 [1/1] (0.97ns)   --->   "%or_ln117_1349 = or i1 %and_ln102, i1 %and_ln102_1645" [firmware/BDT.h:117]   --->   Operation 107 'or' 'or_ln117_1349' <Predicate = (icmp_ln86)> <Delay = 0.97> <CoreInst = "LogicGate">   --->   Core 74 'LogicGate' <Latency = 0> <II = 1> <Delay = 0.97> <FuncUnit> <Opcode : 'and' 'or' 'xor'> <InPorts = 2> <OutPorts = 1>
ST_4 : Operation 108 [1/1] (0.00ns) (grouped into LUT with out node select_ln117_1455)   --->   "%select_ln117_1454 = select i1 %or_ln117_1348, i4 %select_ln117_1453, i4 11" [firmware/BDT.h:117]   --->   Operation 108 'select' 'select_ln117_1454' <Predicate = (icmp_ln86)> <Delay = 0.00> <CoreInst = "Sel">   --->   Core 73 'Sel' <Latency = 0> <II = 1> <Delay = 1.02> <FuncUnit> <Opcode : 'select'> <InPorts = 3> <OutPorts = 1>
ST_4 : Operation 109 [1/1] (0.00ns) (grouped into LUT with out node select_ln117_1457)   --->   "%or_ln117_1350 = or i1 %or_ln117_1349, i1 %and_ln102_1665" [firmware/BDT.h:117]   --->   Operation 109 'or' 'or_ln117_1350' <Predicate = (icmp_ln86)> <Delay = 0.00> <CoreInst = "LogicGate">   --->   Core 74 'LogicGate' <Latency = 0> <II = 1> <Delay = 0.97> <FuncUnit> <Opcode : 'and' 'or' 'xor'> <InPorts = 2> <OutPorts = 1>
ST_4 : Operation 110 [1/1] (1.02ns) (out node of the LUT)   --->   "%select_ln117_1455 = select i1 %or_ln117_1349, i4 %select_ln117_1454, i4 12" [firmware/BDT.h:117]   --->   Operation 110 'select' 'select_ln117_1455' <Predicate = (icmp_ln86)> <Delay = 1.02> <CoreInst = "Sel">   --->   Core 73 'Sel' <Latency = 0> <II = 1> <Delay = 1.02> <FuncUnit> <Opcode : 'select'> <InPorts = 3> <OutPorts = 1>
ST_4 : Operation 111 [1/1] (0.97ns)   --->   "%or_ln117_1351 = or i1 %or_ln117_1349, i1 %and_ln102_1651" [firmware/BDT.h:117]   --->   Operation 111 'or' 'or_ln117_1351' <Predicate = (icmp_ln86)> <Delay = 0.97> <CoreInst = "LogicGate">   --->   Core 74 'LogicGate' <Latency = 0> <II = 1> <Delay = 0.97> <FuncUnit> <Opcode : 'and' 'or' 'xor'> <InPorts = 2> <OutPorts = 1>
ST_4 : Operation 112 [1/1] (0.00ns) (grouped into LUT with out node select_ln117_1457)   --->   "%select_ln117_1456 = select i1 %or_ln117_1350, i4 %select_ln117_1455, i4 13" [firmware/BDT.h:117]   --->   Operation 112 'select' 'select_ln117_1456' <Predicate = (icmp_ln86)> <Delay = 0.00> <CoreInst = "Sel">   --->   Core 73 'Sel' <Latency = 0> <II = 1> <Delay = 1.02> <FuncUnit> <Opcode : 'select'> <InPorts = 3> <OutPorts = 1>
ST_4 : Operation 113 [1/1] (1.02ns) (out node of the LUT)   --->   "%select_ln117_1457 = select i1 %or_ln117_1351, i4 %select_ln117_1456, i4 14" [firmware/BDT.h:117]   --->   Operation 113 'select' 'select_ln117_1457' <Predicate = (icmp_ln86)> <Delay = 1.02> <CoreInst = "Sel">   --->   Core 73 'Sel' <Latency = 0> <II = 1> <Delay = 1.02> <FuncUnit> <Opcode : 'select'> <InPorts = 3> <OutPorts = 1>

State 5 <SV = 4> <Delay = 3.64>
ST_5 : Operation 114 [1/1] (0.00ns) (grouped into LUT with out node and_ln104_285)   --->   "%xor_ln104_718 = xor i1 %icmp_ln86_1498, i1 1" [firmware/BDT.h:104]   --->   Operation 114 'xor' 'xor_ln104_718' <Predicate = true> <Delay = 0.00> <CoreInst = "LogicGate">   --->   Core 74 'LogicGate' <Latency = 0> <II = 1> <Delay = 0.97> <FuncUnit> <Opcode : 'and' 'or' 'xor'> <InPorts = 2> <OutPorts = 1>
ST_5 : Operation 115 [1/1] (0.97ns) (out node of the LUT)   --->   "%and_ln104_285 = and i1 %and_ln102_1643, i1 %xor_ln104_718" [firmware/BDT.h:104]   --->   Operation 115 'and' 'and_ln104_285' <Predicate = true> <Delay = 0.97> <CoreInst = "LogicGate">   --->   Core 74 'LogicGate' <Latency = 0> <II = 1> <Delay = 0.97> <FuncUnit> <Opcode : 'and' 'or' 'xor'> <InPorts = 2> <OutPorts = 1>
ST_5 : Operation 116 [1/1] (0.97ns)   --->   "%and_ln102_1647 = and i1 %icmp_ln86_1499, i1 %and_ln104_282" [firmware/BDT.h:102]   --->   Operation 116 'and' 'and_ln102_1647' <Predicate = true> <Delay = 0.97> <CoreInst = "LogicGate">   --->   Core 74 'LogicGate' <Latency = 0> <II = 1> <Delay = 0.97> <FuncUnit> <Opcode : 'and' 'or' 'xor'> <InPorts = 2> <OutPorts = 1>
ST_5 : Operation 117 [1/1] (0.00ns) (grouped into LUT with out node and_ln104_286)   --->   "%xor_ln104_719 = xor i1 %icmp_ln86_1499, i1 1" [firmware/BDT.h:104]   --->   Operation 117 'xor' 'xor_ln104_719' <Predicate = true> <Delay = 0.00> <CoreInst = "LogicGate">   --->   Core 74 'LogicGate' <Latency = 0> <II = 1> <Delay = 0.97> <FuncUnit> <Opcode : 'and' 'or' 'xor'> <InPorts = 2> <OutPorts = 1>
ST_5 : Operation 118 [1/1] (0.97ns) (out node of the LUT)   --->   "%and_ln104_286 = and i1 %and_ln104_282, i1 %xor_ln104_719" [firmware/BDT.h:104]   --->   Operation 118 'and' 'and_ln104_286' <Predicate = true> <Delay = 0.97> <CoreInst = "LogicGate">   --->   Core 74 'LogicGate' <Latency = 0> <II = 1> <Delay = 0.97> <FuncUnit> <Opcode : 'and' 'or' 'xor'> <InPorts = 2> <OutPorts = 1>
ST_5 : Operation 119 [1/1] (0.00ns) (grouped into LUT with out node select_ln117_1459)   --->   "%xor_ln104_723 = xor i1 %icmp_ln86_1503, i1 1" [firmware/BDT.h:104]   --->   Operation 119 'xor' 'xor_ln104_723' <Predicate = (icmp_ln86)> <Delay = 0.00> <CoreInst = "LogicGate">   --->   Core 74 'LogicGate' <Latency = 0> <II = 1> <Delay = 0.97> <FuncUnit> <Opcode : 'and' 'or' 'xor'> <InPorts = 2> <OutPorts = 1>
ST_5 : Operation 120 [1/1] (0.00ns) (grouped into LUT with out node select_ln117_1463)   --->   "%xor_ln104_724 = xor i1 %icmp_ln86_1504, i1 1" [firmware/BDT.h:104]   --->   Operation 120 'xor' 'xor_ln104_724' <Predicate = true> <Delay = 0.00> <CoreInst = "LogicGate">   --->   Core 74 'LogicGate' <Latency = 0> <II = 1> <Delay = 0.97> <FuncUnit> <Opcode : 'and' 'or' 'xor'> <InPorts = 2> <OutPorts = 1>
ST_5 : Operation 121 [1/1] (0.97ns)   --->   "%and_ln102_1653 = and i1 %icmp_ln86_1505, i1 %and_ln104_285" [firmware/BDT.h:102]   --->   Operation 121 'and' 'and_ln102_1653' <Predicate = true> <Delay = 0.97> <CoreInst = "LogicGate">   --->   Core 74 'LogicGate' <Latency = 0> <II = 1> <Delay = 0.97> <FuncUnit> <Opcode : 'and' 'or' 'xor'> <InPorts = 2> <OutPorts = 1>
ST_5 : Operation 122 [1/1] (0.00ns) (grouped into LUT with out node select_ln117_1459)   --->   "%and_ln102_1666 = and i1 %icmp_ln86_1513, i1 %xor_ln104_723" [firmware/BDT.h:102]   --->   Operation 122 'and' 'and_ln102_1666' <Predicate = (icmp_ln86)> <Delay = 0.00> <CoreInst = "LogicGate">   --->   Core 74 'LogicGate' <Latency = 0> <II = 1> <Delay = 0.97> <FuncUnit> <Opcode : 'and' 'or' 'xor'> <InPorts = 2> <OutPorts = 1>
ST_5 : Operation 123 [1/1] (0.00ns) (grouped into LUT with out node select_ln117_1459)   --->   "%and_ln102_1667 = and i1 %and_ln102_1666, i1 %and_ln104_284" [firmware/BDT.h:102]   --->   Operation 123 'and' 'and_ln102_1667' <Predicate = (icmp_ln86)> <Delay = 0.00> <CoreInst = "LogicGate">   --->   Core 74 'LogicGate' <Latency = 0> <II = 1> <Delay = 0.97> <FuncUnit> <Opcode : 'and' 'or' 'xor'> <InPorts = 2> <OutPorts = 1>
ST_5 : Operation 124 [1/1] (0.00ns) (grouped into LUT with out node select_ln117_1461)   --->   "%and_ln102_1668 = and i1 %icmp_ln86_1514, i1 %and_ln102_1652" [firmware/BDT.h:102]   --->   Operation 124 'and' 'and_ln102_1668' <Predicate = true> <Delay = 0.00> <CoreInst = "LogicGate">   --->   Core 74 'LogicGate' <Latency = 0> <II = 1> <Delay = 0.97> <FuncUnit> <Opcode : 'and' 'or' 'xor'> <InPorts = 2> <OutPorts = 1>
ST_5 : Operation 125 [1/1] (0.00ns) (grouped into LUT with out node select_ln117_1463)   --->   "%and_ln102_1669 = and i1 %icmp_ln86_1515, i1 %xor_ln104_724" [firmware/BDT.h:102]   --->   Operation 125 'and' 'and_ln102_1669' <Predicate = true> <Delay = 0.00> <CoreInst = "LogicGate">   --->   Core 74 'LogicGate' <Latency = 0> <II = 1> <Delay = 0.97> <FuncUnit> <Opcode : 'and' 'or' 'xor'> <InPorts = 2> <OutPorts = 1>
ST_5 : Operation 126 [1/1] (0.00ns) (grouped into LUT with out node select_ln117_1463)   --->   "%and_ln102_1670 = and i1 %and_ln102_1669, i1 %and_ln102_1646" [firmware/BDT.h:102]   --->   Operation 126 'and' 'and_ln102_1670' <Predicate = true> <Delay = 0.00> <CoreInst = "LogicGate">   --->   Core 74 'LogicGate' <Latency = 0> <II = 1> <Delay = 0.97> <FuncUnit> <Opcode : 'and' 'or' 'xor'> <InPorts = 2> <OutPorts = 1>
ST_5 : Operation 127 [1/1] (0.00ns) (grouped into LUT with out node select_ln117_1459)   --->   "%or_ln117_1352 = or i1 %or_ln117_1351, i1 %and_ln102_1667" [firmware/BDT.h:117]   --->   Operation 127 'or' 'or_ln117_1352' <Predicate = (icmp_ln86)> <Delay = 0.00> <CoreInst = "LogicGate">   --->   Core 74 'LogicGate' <Latency = 0> <II = 1> <Delay = 0.97> <FuncUnit> <Opcode : 'and' 'or' 'xor'> <InPorts = 2> <OutPorts = 1>
ST_5 : Operation 128 [1/1] (0.00ns) (grouped into LUT with out node select_ln117_1459)   --->   "%select_ln117_1458 = select i1 %or_ln117_1352, i4 %select_ln117_1457, i4 15" [firmware/BDT.h:117]   --->   Operation 128 'select' 'select_ln117_1458' <Predicate = (icmp_ln86)> <Delay = 0.00> <CoreInst = "Sel">   --->   Core 73 'Sel' <Latency = 0> <II = 1> <Delay = 1.02> <FuncUnit> <Opcode : 'select'> <InPorts = 3> <OutPorts = 1>
ST_5 : Operation 129 [1/1] (0.00ns) (grouped into LUT with out node select_ln117_1459)   --->   "%zext_ln117_164 = zext i4 %select_ln117_1458" [firmware/BDT.h:117]   --->   Operation 129 'zext' 'zext_ln117_164' <Predicate = (icmp_ln86)> <Delay = 0.00>
ST_5 : Operation 130 [1/1] (0.00ns) (grouped into LUT with out node select_ln117_1461)   --->   "%or_ln117_1353 = or i1 %icmp_ln86, i1 %and_ln102_1668" [firmware/BDT.h:117]   --->   Operation 130 'or' 'or_ln117_1353' <Predicate = true> <Delay = 0.00> <CoreInst = "LogicGate">   --->   Core 74 'LogicGate' <Latency = 0> <II = 1> <Delay = 0.97> <FuncUnit> <Opcode : 'and' 'or' 'xor'> <InPorts = 2> <OutPorts = 1>
ST_5 : Operation 131 [1/1] (1.21ns) (out node of the LUT)   --->   "%select_ln117_1459 = select i1 %icmp_ln86, i5 %zext_ln117_164, i5 16" [firmware/BDT.h:117]   --->   Operation 131 'select' 'select_ln117_1459' <Predicate = true> <Delay = 1.21> <CoreInst = "Sel">   --->   Core 73 'Sel' <Latency = 0> <II = 1> <Delay = 1.21> <FuncUnit> <Opcode : 'select'> <InPorts = 3> <OutPorts = 1>
ST_5 : Operation 132 [1/1] (0.97ns)   --->   "%or_ln117_1354 = or i1 %icmp_ln86, i1 %and_ln102_1652" [firmware/BDT.h:117]   --->   Operation 132 'or' 'or_ln117_1354' <Predicate = true> <Delay = 0.97> <CoreInst = "LogicGate">   --->   Core 74 'LogicGate' <Latency = 0> <II = 1> <Delay = 0.97> <FuncUnit> <Opcode : 'and' 'or' 'xor'> <InPorts = 2> <OutPorts = 1>
ST_5 : Operation 133 [1/1] (0.00ns) (grouped into LUT with out node select_ln117_1461)   --->   "%select_ln117_1460 = select i1 %or_ln117_1353, i5 %select_ln117_1459, i5 17" [firmware/BDT.h:117]   --->   Operation 133 'select' 'select_ln117_1460' <Predicate = true> <Delay = 0.00> <CoreInst = "Sel">   --->   Core 73 'Sel' <Latency = 0> <II = 1> <Delay = 1.21> <FuncUnit> <Opcode : 'select'> <InPorts = 3> <OutPorts = 1>
ST_5 : Operation 134 [1/1] (0.00ns) (grouped into LUT with out node select_ln117_1463)   --->   "%or_ln117_1355 = or i1 %or_ln117_1354, i1 %and_ln102_1670" [firmware/BDT.h:117]   --->   Operation 134 'or' 'or_ln117_1355' <Predicate = true> <Delay = 0.00> <CoreInst = "LogicGate">   --->   Core 74 'LogicGate' <Latency = 0> <II = 1> <Delay = 0.97> <FuncUnit> <Opcode : 'and' 'or' 'xor'> <InPorts = 2> <OutPorts = 1>
ST_5 : Operation 135 [1/1] (1.21ns) (out node of the LUT)   --->   "%select_ln117_1461 = select i1 %or_ln117_1354, i5 %select_ln117_1460, i5 18" [firmware/BDT.h:117]   --->   Operation 135 'select' 'select_ln117_1461' <Predicate = true> <Delay = 1.21> <CoreInst = "Sel">   --->   Core 73 'Sel' <Latency = 0> <II = 1> <Delay = 1.21> <FuncUnit> <Opcode : 'select'> <InPorts = 3> <OutPorts = 1>
ST_5 : Operation 136 [1/1] (0.97ns)   --->   "%or_ln117_1356 = or i1 %icmp_ln86, i1 %and_ln102_1646" [firmware/BDT.h:117]   --->   Operation 136 'or' 'or_ln117_1356' <Predicate = true> <Delay = 0.97> <CoreInst = "LogicGate">   --->   Core 74 'LogicGate' <Latency = 0> <II = 1> <Delay = 0.97> <FuncUnit> <Opcode : 'and' 'or' 'xor'> <InPorts = 2> <OutPorts = 1>
ST_5 : Operation 137 [1/1] (0.00ns) (grouped into LUT with out node select_ln117_1463)   --->   "%select_ln117_1462 = select i1 %or_ln117_1355, i5 %select_ln117_1461, i5 19" [firmware/BDT.h:117]   --->   Operation 137 'select' 'select_ln117_1462' <Predicate = true> <Delay = 0.00> <CoreInst = "Sel">   --->   Core 73 'Sel' <Latency = 0> <II = 1> <Delay = 1.21> <FuncUnit> <Opcode : 'select'> <InPorts = 3> <OutPorts = 1>
ST_5 : Operation 138 [1/1] (1.21ns) (out node of the LUT)   --->   "%select_ln117_1463 = select i1 %or_ln117_1356, i5 %select_ln117_1462, i5 20" [firmware/BDT.h:117]   --->   Operation 138 'select' 'select_ln117_1463' <Predicate = true> <Delay = 1.21> <CoreInst = "Sel">   --->   Core 73 'Sel' <Latency = 0> <II = 1> <Delay = 1.21> <FuncUnit> <Opcode : 'select'> <InPorts = 3> <OutPorts = 1>
ST_5 : Operation 139 [1/1] (0.97ns)   --->   "%or_ln117_1358 = or i1 %or_ln117_1356, i1 %and_ln102_1653" [firmware/BDT.h:117]   --->   Operation 139 'or' 'or_ln117_1358' <Predicate = true> <Delay = 0.97> <CoreInst = "LogicGate">   --->   Core 74 'LogicGate' <Latency = 0> <II = 1> <Delay = 0.97> <FuncUnit> <Opcode : 'and' 'or' 'xor'> <InPorts = 2> <OutPorts = 1>
ST_5 : Operation 140 [1/1] (0.97ns)   --->   "%or_ln117_1360 = or i1 %icmp_ln86, i1 %and_ln102_1643" [firmware/BDT.h:117]   --->   Operation 140 'or' 'or_ln117_1360' <Predicate = true> <Delay = 0.97> <CoreInst = "LogicGate">   --->   Core 74 'LogicGate' <Latency = 0> <II = 1> <Delay = 0.97> <FuncUnit> <Opcode : 'and' 'or' 'xor'> <InPorts = 2> <OutPorts = 1>

State 6 <SV = 5> <Delay = 3.64>
ST_6 : Operation 141 [1/1] (0.00ns) (grouped into LUT with out node select_ln117_1467)   --->   "%xor_ln104_725 = xor i1 %icmp_ln86_1505, i1 1" [firmware/BDT.h:104]   --->   Operation 141 'xor' 'xor_ln104_725' <Predicate = (or_ln117_1360)> <Delay = 0.00> <CoreInst = "LogicGate">   --->   Core 74 'LogicGate' <Latency = 0> <II = 1> <Delay = 0.97> <FuncUnit> <Opcode : 'and' 'or' 'xor'> <InPorts = 2> <OutPorts = 1>
ST_6 : Operation 142 [1/1] (0.97ns)   --->   "%and_ln102_1654 = and i1 %icmp_ln86_1506, i1 %and_ln102_1647" [firmware/BDT.h:102]   --->   Operation 142 'and' 'and_ln102_1654' <Predicate = true> <Delay = 0.97> <CoreInst = "LogicGate">   --->   Core 74 'LogicGate' <Latency = 0> <II = 1> <Delay = 0.97> <FuncUnit> <Opcode : 'and' 'or' 'xor'> <InPorts = 2> <OutPorts = 1>
ST_6 : Operation 143 [1/1] (0.00ns) (grouped into LUT with out node select_ln117_1465)   --->   "%and_ln102_1671 = and i1 %icmp_ln86_1516, i1 %and_ln102_1653" [firmware/BDT.h:102]   --->   Operation 143 'and' 'and_ln102_1671' <Predicate = (or_ln117_1358 & or_ln117_1360)> <Delay = 0.00> <CoreInst = "LogicGate">   --->   Core 74 'LogicGate' <Latency = 0> <II = 1> <Delay = 0.97> <FuncUnit> <Opcode : 'and' 'or' 'xor'> <InPorts = 2> <OutPorts = 1>
ST_6 : Operation 144 [1/1] (0.00ns) (grouped into LUT with out node select_ln117_1467)   --->   "%and_ln102_1672 = and i1 %icmp_ln86_1517, i1 %xor_ln104_725" [firmware/BDT.h:102]   --->   Operation 144 'and' 'and_ln102_1672' <Predicate = (or_ln117_1360)> <Delay = 0.00> <CoreInst = "LogicGate">   --->   Core 74 'LogicGate' <Latency = 0> <II = 1> <Delay = 0.97> <FuncUnit> <Opcode : 'and' 'or' 'xor'> <InPorts = 2> <OutPorts = 1>
ST_6 : Operation 145 [1/1] (0.00ns) (grouped into LUT with out node select_ln117_1467)   --->   "%and_ln102_1673 = and i1 %and_ln102_1672, i1 %and_ln104_285" [firmware/BDT.h:102]   --->   Operation 145 'and' 'and_ln102_1673' <Predicate = (or_ln117_1360)> <Delay = 0.00> <CoreInst = "LogicGate">   --->   Core 74 'LogicGate' <Latency = 0> <II = 1> <Delay = 0.97> <FuncUnit> <Opcode : 'and' 'or' 'xor'> <InPorts = 2> <OutPorts = 1>
ST_6 : Operation 146 [1/1] (0.00ns) (grouped into LUT with out node select_ln117_1469)   --->   "%and_ln102_1674 = and i1 %icmp_ln86_1518, i1 %and_ln102_1654" [firmware/BDT.h:102]   --->   Operation 146 'and' 'and_ln102_1674' <Predicate = true> <Delay = 0.00> <CoreInst = "LogicGate">   --->   Core 74 'LogicGate' <Latency = 0> <II = 1> <Delay = 0.97> <FuncUnit> <Opcode : 'and' 'or' 'xor'> <InPorts = 2> <OutPorts = 1>
ST_6 : Operation 147 [1/1] (0.00ns) (grouped into LUT with out node select_ln117_1465)   --->   "%or_ln117_1357 = or i1 %or_ln117_1356, i1 %and_ln102_1671" [firmware/BDT.h:117]   --->   Operation 147 'or' 'or_ln117_1357' <Predicate = (or_ln117_1358 & or_ln117_1360)> <Delay = 0.00> <CoreInst = "LogicGate">   --->   Core 74 'LogicGate' <Latency = 0> <II = 1> <Delay = 0.97> <FuncUnit> <Opcode : 'and' 'or' 'xor'> <InPorts = 2> <OutPorts = 1>
ST_6 : Operation 148 [1/1] (0.00ns) (grouped into LUT with out node select_ln117_1465)   --->   "%select_ln117_1464 = select i1 %or_ln117_1357, i5 %select_ln117_1463, i5 21" [firmware/BDT.h:117]   --->   Operation 148 'select' 'select_ln117_1464' <Predicate = (or_ln117_1358 & or_ln117_1360)> <Delay = 0.00> <CoreInst = "Sel">   --->   Core 73 'Sel' <Latency = 0> <II = 1> <Delay = 1.21> <FuncUnit> <Opcode : 'select'> <InPorts = 3> <OutPorts = 1>
ST_6 : Operation 149 [1/1] (0.00ns) (grouped into LUT with out node select_ln117_1467)   --->   "%or_ln117_1359 = or i1 %or_ln117_1358, i1 %and_ln102_1673" [firmware/BDT.h:117]   --->   Operation 149 'or' 'or_ln117_1359' <Predicate = (or_ln117_1360)> <Delay = 0.00> <CoreInst = "LogicGate">   --->   Core 74 'LogicGate' <Latency = 0> <II = 1> <Delay = 0.97> <FuncUnit> <Opcode : 'and' 'or' 'xor'> <InPorts = 2> <OutPorts = 1>
ST_6 : Operation 150 [1/1] (1.21ns) (out node of the LUT)   --->   "%select_ln117_1465 = select i1 %or_ln117_1358, i5 %select_ln117_1464, i5 22" [firmware/BDT.h:117]   --->   Operation 150 'select' 'select_ln117_1465' <Predicate = (or_ln117_1360)> <Delay = 1.21> <CoreInst = "Sel">   --->   Core 73 'Sel' <Latency = 0> <II = 1> <Delay = 1.21> <FuncUnit> <Opcode : 'select'> <InPorts = 3> <OutPorts = 1>
ST_6 : Operation 151 [1/1] (0.00ns) (grouped into LUT with out node select_ln117_1467)   --->   "%select_ln117_1466 = select i1 %or_ln117_1359, i5 %select_ln117_1465, i5 23" [firmware/BDT.h:117]   --->   Operation 151 'select' 'select_ln117_1466' <Predicate = (or_ln117_1360)> <Delay = 0.00> <CoreInst = "Sel">   --->   Core 73 'Sel' <Latency = 0> <II = 1> <Delay = 1.21> <FuncUnit> <Opcode : 'select'> <InPorts = 3> <OutPorts = 1>
ST_6 : Operation 152 [1/1] (0.00ns) (grouped into LUT with out node select_ln117_1469)   --->   "%or_ln117_1361 = or i1 %or_ln117_1360, i1 %and_ln102_1674" [firmware/BDT.h:117]   --->   Operation 152 'or' 'or_ln117_1361' <Predicate = true> <Delay = 0.00> <CoreInst = "LogicGate">   --->   Core 74 'LogicGate' <Latency = 0> <II = 1> <Delay = 0.97> <FuncUnit> <Opcode : 'and' 'or' 'xor'> <InPorts = 2> <OutPorts = 1>
ST_6 : Operation 153 [1/1] (1.21ns) (out node of the LUT)   --->   "%select_ln117_1467 = select i1 %or_ln117_1360, i5 %select_ln117_1466, i5 24" [firmware/BDT.h:117]   --->   Operation 153 'select' 'select_ln117_1467' <Predicate = true> <Delay = 1.21> <CoreInst = "Sel">   --->   Core 73 'Sel' <Latency = 0> <II = 1> <Delay = 1.21> <FuncUnit> <Opcode : 'select'> <InPorts = 3> <OutPorts = 1>
ST_6 : Operation 154 [1/1] (0.97ns)   --->   "%or_ln117_1362 = or i1 %or_ln117_1360, i1 %and_ln102_1654" [firmware/BDT.h:117]   --->   Operation 154 'or' 'or_ln117_1362' <Predicate = true> <Delay = 0.97> <CoreInst = "LogicGate">   --->   Core 74 'LogicGate' <Latency = 0> <II = 1> <Delay = 0.97> <FuncUnit> <Opcode : 'and' 'or' 'xor'> <InPorts = 2> <OutPorts = 1>
ST_6 : Operation 155 [1/1] (0.00ns) (grouped into LUT with out node select_ln117_1469)   --->   "%select_ln117_1468 = select i1 %or_ln117_1361, i5 %select_ln117_1467, i5 25" [firmware/BDT.h:117]   --->   Operation 155 'select' 'select_ln117_1468' <Predicate = true> <Delay = 0.00> <CoreInst = "Sel">   --->   Core 73 'Sel' <Latency = 0> <II = 1> <Delay = 1.21> <FuncUnit> <Opcode : 'select'> <InPorts = 3> <OutPorts = 1>
ST_6 : Operation 156 [1/1] (1.21ns) (out node of the LUT)   --->   "%select_ln117_1469 = select i1 %or_ln117_1362, i5 %select_ln117_1468, i5 26" [firmware/BDT.h:117]   --->   Operation 156 'select' 'select_ln117_1469' <Predicate = true> <Delay = 1.21> <CoreInst = "Sel">   --->   Core 73 'Sel' <Latency = 0> <II = 1> <Delay = 1.21> <FuncUnit> <Opcode : 'select'> <InPorts = 3> <OutPorts = 1>

State 7 <SV = 6> <Delay = 3.40>
ST_7 : Operation 157 [1/1] (0.00ns) (grouped into LUT with out node select_ln117_1471)   --->   "%xor_ln104_726 = xor i1 %icmp_ln86_1506, i1 1" [firmware/BDT.h:104]   --->   Operation 157 'xor' 'xor_ln104_726' <Predicate = true> <Delay = 0.00> <CoreInst = "LogicGate">   --->   Core 74 'LogicGate' <Latency = 0> <II = 1> <Delay = 0.97> <FuncUnit> <Opcode : 'and' 'or' 'xor'> <InPorts = 2> <OutPorts = 1>
ST_7 : Operation 158 [1/1] (0.97ns)   --->   "%and_ln102_1655 = and i1 %icmp_ln86_1507, i1 %and_ln104_286" [firmware/BDT.h:102]   --->   Operation 158 'and' 'and_ln102_1655' <Predicate = true> <Delay = 0.97> <CoreInst = "LogicGate">   --->   Core 74 'LogicGate' <Latency = 0> <II = 1> <Delay = 0.97> <FuncUnit> <Opcode : 'and' 'or' 'xor'> <InPorts = 2> <OutPorts = 1>
ST_7 : Operation 159 [1/1] (0.00ns) (grouped into LUT with out node select_ln117_1471)   --->   "%and_ln102_1675 = and i1 %icmp_ln86_1519, i1 %xor_ln104_726" [firmware/BDT.h:102]   --->   Operation 159 'and' 'and_ln102_1675' <Predicate = true> <Delay = 0.00> <CoreInst = "LogicGate">   --->   Core 74 'LogicGate' <Latency = 0> <II = 1> <Delay = 0.97> <FuncUnit> <Opcode : 'and' 'or' 'xor'> <InPorts = 2> <OutPorts = 1>
ST_7 : Operation 160 [1/1] (0.00ns) (grouped into LUT with out node select_ln117_1471)   --->   "%and_ln102_1676 = and i1 %and_ln102_1675, i1 %and_ln102_1647" [firmware/BDT.h:102]   --->   Operation 160 'and' 'and_ln102_1676' <Predicate = true> <Delay = 0.00> <CoreInst = "LogicGate">   --->   Core 74 'LogicGate' <Latency = 0> <II = 1> <Delay = 0.97> <FuncUnit> <Opcode : 'and' 'or' 'xor'> <InPorts = 2> <OutPorts = 1>
ST_7 : Operation 161 [1/1] (0.00ns) (grouped into LUT with out node select_ln117_1473)   --->   "%and_ln102_1677 = and i1 %icmp_ln86_1520, i1 %and_ln102_1655" [firmware/BDT.h:102]   --->   Operation 161 'and' 'and_ln102_1677' <Predicate = true> <Delay = 0.00> <CoreInst = "LogicGate">   --->   Core 74 'LogicGate' <Latency = 0> <II = 1> <Delay = 0.97> <FuncUnit> <Opcode : 'and' 'or' 'xor'> <InPorts = 2> <OutPorts = 1>
ST_7 : Operation 162 [1/1] (0.00ns) (grouped into LUT with out node select_ln117_1471)   --->   "%or_ln117_1363 = or i1 %or_ln117_1362, i1 %and_ln102_1676" [firmware/BDT.h:117]   --->   Operation 162 'or' 'or_ln117_1363' <Predicate = true> <Delay = 0.00> <CoreInst = "LogicGate">   --->   Core 74 'LogicGate' <Latency = 0> <II = 1> <Delay = 0.97> <FuncUnit> <Opcode : 'and' 'or' 'xor'> <InPorts = 2> <OutPorts = 1>
ST_7 : Operation 163 [1/1] (0.97ns)   --->   "%or_ln117_1364 = or i1 %or_ln117_1360, i1 %and_ln102_1647" [firmware/BDT.h:117]   --->   Operation 163 'or' 'or_ln117_1364' <Predicate = true> <Delay = 0.97> <CoreInst = "LogicGate">   --->   Core 74 'LogicGate' <Latency = 0> <II = 1> <Delay = 0.97> <FuncUnit> <Opcode : 'and' 'or' 'xor'> <InPorts = 2> <OutPorts = 1>
ST_7 : Operation 164 [1/1] (0.00ns) (grouped into LUT with out node select_ln117_1471)   --->   "%select_ln117_1470 = select i1 %or_ln117_1363, i5 %select_ln117_1469, i5 27" [firmware/BDT.h:117]   --->   Operation 164 'select' 'select_ln117_1470' <Predicate = true> <Delay = 0.00> <CoreInst = "Sel">   --->   Core 73 'Sel' <Latency = 0> <II = 1> <Delay = 1.21> <FuncUnit> <Opcode : 'select'> <InPorts = 3> <OutPorts = 1>
ST_7 : Operation 165 [1/1] (0.00ns) (grouped into LUT with out node select_ln117_1473)   --->   "%or_ln117_1365 = or i1 %or_ln117_1364, i1 %and_ln102_1677" [firmware/BDT.h:117]   --->   Operation 165 'or' 'or_ln117_1365' <Predicate = true> <Delay = 0.00> <CoreInst = "LogicGate">   --->   Core 74 'LogicGate' <Latency = 0> <II = 1> <Delay = 0.97> <FuncUnit> <Opcode : 'and' 'or' 'xor'> <InPorts = 2> <OutPorts = 1>
ST_7 : Operation 166 [1/1] (1.21ns) (out node of the LUT)   --->   "%select_ln117_1471 = select i1 %or_ln117_1364, i5 %select_ln117_1470, i5 28" [firmware/BDT.h:117]   --->   Operation 166 'select' 'select_ln117_1471' <Predicate = true> <Delay = 1.21> <CoreInst = "Sel">   --->   Core 73 'Sel' <Latency = 0> <II = 1> <Delay = 1.21> <FuncUnit> <Opcode : 'select'> <InPorts = 3> <OutPorts = 1>
ST_7 : Operation 167 [1/1] (0.97ns)   --->   "%or_ln117_1366 = or i1 %or_ln117_1364, i1 %and_ln102_1655" [firmware/BDT.h:117]   --->   Operation 167 'or' 'or_ln117_1366' <Predicate = true> <Delay = 0.97> <CoreInst = "LogicGate">   --->   Core 74 'LogicGate' <Latency = 0> <II = 1> <Delay = 0.97> <FuncUnit> <Opcode : 'and' 'or' 'xor'> <InPorts = 2> <OutPorts = 1>
ST_7 : Operation 168 [1/1] (0.00ns) (grouped into LUT with out node select_ln117_1473)   --->   "%select_ln117_1472 = select i1 %or_ln117_1365, i5 %select_ln117_1471, i5 29" [firmware/BDT.h:117]   --->   Operation 168 'select' 'select_ln117_1472' <Predicate = true> <Delay = 0.00> <CoreInst = "Sel">   --->   Core 73 'Sel' <Latency = 0> <II = 1> <Delay = 1.21> <FuncUnit> <Opcode : 'select'> <InPorts = 3> <OutPorts = 1>
ST_7 : Operation 169 [1/1] (1.21ns) (out node of the LUT)   --->   "%select_ln117_1473 = select i1 %or_ln117_1366, i5 %select_ln117_1472, i5 30" [firmware/BDT.h:117]   --->   Operation 169 'select' 'select_ln117_1473' <Predicate = true> <Delay = 1.21> <CoreInst = "Sel">   --->   Core 73 'Sel' <Latency = 0> <II = 1> <Delay = 1.21> <FuncUnit> <Opcode : 'select'> <InPorts = 3> <OutPorts = 1>

State 8 <SV = 7> <Delay = 3.20>
ST_8 : Operation 170 [1/1] (0.00ns)   --->   "%specpipeline_ln86 = specpipeline void @_ssdm_op_SpecPipeline, i32 1, i32 0, i32 0, i32 0, void @empty_13" [firmware/BDT.h:86]   --->   Operation 170 'specpipeline' 'specpipeline_ln86' <Predicate = true> <Delay = 0.00>
ST_8 : Operation 171 [1/1] (0.00ns) (grouped into LUT with out node agg_result)   --->   "%xor_ln104_727 = xor i1 %icmp_ln86_1507, i1 1" [firmware/BDT.h:104]   --->   Operation 171 'xor' 'xor_ln104_727' <Predicate = true> <Delay = 0.00> <CoreInst = "LogicGate">   --->   Core 74 'LogicGate' <Latency = 0> <II = 1> <Delay = 0.97> <FuncUnit> <Opcode : 'and' 'or' 'xor'> <InPorts = 2> <OutPorts = 1>
ST_8 : Operation 172 [1/1] (0.00ns) (grouped into LUT with out node agg_result)   --->   "%and_ln102_1678 = and i1 %icmp_ln86_1521, i1 %xor_ln104_727" [firmware/BDT.h:102]   --->   Operation 172 'and' 'and_ln102_1678' <Predicate = true> <Delay = 0.00> <CoreInst = "LogicGate">   --->   Core 74 'LogicGate' <Latency = 0> <II = 1> <Delay = 0.97> <FuncUnit> <Opcode : 'and' 'or' 'xor'> <InPorts = 2> <OutPorts = 1>
ST_8 : Operation 173 [1/1] (0.00ns) (grouped into LUT with out node agg_result)   --->   "%and_ln102_1679 = and i1 %and_ln102_1678, i1 %and_ln104_286" [firmware/BDT.h:102]   --->   Operation 173 'and' 'and_ln102_1679' <Predicate = true> <Delay = 0.00> <CoreInst = "LogicGate">   --->   Core 74 'LogicGate' <Latency = 0> <II = 1> <Delay = 0.97> <FuncUnit> <Opcode : 'and' 'or' 'xor'> <InPorts = 2> <OutPorts = 1>
ST_8 : Operation 174 [1/1] (0.00ns) (grouped into LUT with out node agg_result)   --->   "%or_ln117_1367 = or i1 %or_ln117_1366, i1 %and_ln102_1679" [firmware/BDT.h:117]   --->   Operation 174 'or' 'or_ln117_1367' <Predicate = true> <Delay = 0.00> <CoreInst = "LogicGate">   --->   Core 74 'LogicGate' <Latency = 0> <II = 1> <Delay = 0.97> <FuncUnit> <Opcode : 'and' 'or' 'xor'> <InPorts = 2> <OutPorts = 1>
ST_8 : Operation 175 [1/1] (0.00ns) (grouped into LUT with out node agg_result)   --->   "%select_ln117_1474 = select i1 %or_ln117_1367, i5 %select_ln117_1473, i5 31" [firmware/BDT.h:117]   --->   Operation 175 'select' 'select_ln117_1474' <Predicate = true> <Delay = 0.00> <CoreInst = "Sel">   --->   Core 73 'Sel' <Latency = 0> <II = 1> <Delay = 1.21> <FuncUnit> <Opcode : 'select'> <InPorts = 3> <OutPorts = 1>
ST_8 : Operation 176 [1/1] (3.20ns) (out node of the LUT)   --->   "%agg_result = sparsemux i12 @_ssdm_op_SparseMux.ap_auto.32i12.i12.i5, i5 0, i12 511, i5 1, i12 4067, i5 2, i12 1669, i5 3, i12 4095, i5 4, i12 2829, i5 5, i12 425, i5 6, i12 213, i5 7, i12 12, i5 8, i12 85, i5 9, i12 3885, i5 10, i12 1433, i5 11, i12 68, i5 12, i12 4002, i5 13, i12 12, i5 14, i12 3753, i5 15, i12 27, i5 16, i12 46, i5 17, i12 3921, i5 18, i12 915, i5 19, i12 36, i5 20, i12 3495, i5 21, i12 376, i5 22, i12 3682, i5 23, i12 2532, i5 24, i12 3540, i5 25, i12 3983, i5 26, i12 4050, i5 27, i12 0, i5 28, i12 42, i5 29, i12 3005, i5 30, i12 902, i5 31, i12 3431, i12 0, i5 %select_ln117_1474" [firmware/BDT.h:118]   --->   Operation 176 'sparsemux' 'agg_result' <Predicate = true> <Delay = 3.20> <CoreInst = "SparseMux">   --->   Core 132 'SparseMux' <Latency = 0> <II = 1> <Delay = 3.20> <FuncUnit> <Opcode : 'sparsemux'> <InPorts = 2> <OutPorts = 1>
ST_8 : Operation 177 [1/1] (0.00ns)   --->   "%ret_ln122 = ret i12 %agg_result" [firmware/BDT.h:122]   --->   Operation 177 'ret' 'ret_ln122' <Predicate = true> <Delay = 0.00>


============================================================
+ Verbose Summary: Timing violations
============================================================
Target clock period: 5.000ns, clock uncertainty: 1.350ns.

 <State 1>: 3.114ns
The critical path consists of the following:
	wire read operation ('p_read1218', firmware/BDT.h:86) on port 'p_read12' (firmware/BDT.h:86) [22]  (0.000 ns)
	'icmp' operation 1 bit ('icmp_ln86', firmware/BDT.h:86) [34]  (2.136 ns)
	'and' operation 1 bit ('and_ln102', firmware/BDT.h:102) [65]  (0.978 ns)

 <State 2>: 2.934ns
The critical path consists of the following:
	'and' operation 1 bit ('and_ln102_1644', firmware/BDT.h:102) [71]  (0.978 ns)
	'and' operation 1 bit ('and_ln102_1648', firmware/BDT.h:102) [83]  (0.978 ns)
	'or' operation 1 bit ('or_ln117', firmware/BDT.h:117) [125]  (0.978 ns)

 <State 3>: 2.997ns
The critical path consists of the following:
	'and' operation 1 bit ('and_ln102_1656', firmware/BDT.h:102) [99]  (0.000 ns)
	'xor' operation 1 bit ('xor_ln117', firmware/BDT.h:117) [123]  (0.000 ns)
	'select' operation 2 bit ('select_ln117', firmware/BDT.h:117) [126]  (0.000 ns)
	'select' operation 2 bit ('select_ln117_1446', firmware/BDT.h:117) [127]  (0.000 ns)
	'select' operation 3 bit ('select_ln117_1447', firmware/BDT.h:117) [130]  (0.993 ns)
	'select' operation 3 bit ('select_ln117_1448', firmware/BDT.h:117) [132]  (0.000 ns)
	'select' operation 3 bit ('select_ln117_1449', firmware/BDT.h:117) [134]  (0.980 ns)
	'select' operation 3 bit ('select_ln117_1450', firmware/BDT.h:117) [135]  (0.000 ns)
	'select' operation 4 bit ('select_ln117_1451', firmware/BDT.h:117) [138]  (1.024 ns)

 <State 4>: 3.072ns
The critical path consists of the following:
	'and' operation 1 bit ('and_ln102_1662', firmware/BDT.h:102) [105]  (0.000 ns)
	'or' operation 1 bit ('or_ln117_1346', firmware/BDT.h:117) [137]  (0.000 ns)
	'select' operation 4 bit ('select_ln117_1452', firmware/BDT.h:117) [140]  (0.000 ns)
	'select' operation 4 bit ('select_ln117_1453', firmware/BDT.h:117) [142]  (1.024 ns)
	'select' operation 4 bit ('select_ln117_1454', firmware/BDT.h:117) [144]  (0.000 ns)
	'select' operation 4 bit ('select_ln117_1455', firmware/BDT.h:117) [146]  (1.024 ns)
	'select' operation 4 bit ('select_ln117_1456', firmware/BDT.h:117) [148]  (0.000 ns)
	'select' operation 4 bit ('select_ln117_1457', firmware/BDT.h:117) [150]  (1.024 ns)

 <State 5>: 3.645ns
The critical path consists of the following:
	'xor' operation 1 bit ('xor_ln104_723', firmware/BDT.h:104) [90]  (0.000 ns)
	'and' operation 1 bit ('and_ln102_1666', firmware/BDT.h:102) [109]  (0.000 ns)
	'and' operation 1 bit ('and_ln102_1667', firmware/BDT.h:102) [110]  (0.000 ns)
	'or' operation 1 bit ('or_ln117_1352', firmware/BDT.h:117) [149]  (0.000 ns)
	'select' operation 4 bit ('select_ln117_1458', firmware/BDT.h:117) [151]  (0.000 ns)
	'select' operation 5 bit ('select_ln117_1459', firmware/BDT.h:117) [154]  (1.215 ns)
	'select' operation 5 bit ('select_ln117_1460', firmware/BDT.h:117) [156]  (0.000 ns)
	'select' operation 5 bit ('select_ln117_1461', firmware/BDT.h:117) [158]  (1.215 ns)
	'select' operation 5 bit ('select_ln117_1462', firmware/BDT.h:117) [160]  (0.000 ns)
	'select' operation 5 bit ('select_ln117_1463', firmware/BDT.h:117) [162]  (1.215 ns)

 <State 6>: 3.645ns
The critical path consists of the following:
	'and' operation 1 bit ('and_ln102_1671', firmware/BDT.h:102) [114]  (0.000 ns)
	'or' operation 1 bit ('or_ln117_1357', firmware/BDT.h:117) [161]  (0.000 ns)
	'select' operation 5 bit ('select_ln117_1464', firmware/BDT.h:117) [164]  (0.000 ns)
	'select' operation 5 bit ('select_ln117_1465', firmware/BDT.h:117) [166]  (1.215 ns)
	'select' operation 5 bit ('select_ln117_1466', firmware/BDT.h:117) [168]  (0.000 ns)
	'select' operation 5 bit ('select_ln117_1467', firmware/BDT.h:117) [170]  (1.215 ns)
	'select' operation 5 bit ('select_ln117_1468', firmware/BDT.h:117) [172]  (0.000 ns)
	'select' operation 5 bit ('select_ln117_1469', firmware/BDT.h:117) [174]  (1.215 ns)

 <State 7>: 3.408ns
The critical path consists of the following:
	'or' operation 1 bit ('or_ln117_1364', firmware/BDT.h:117) [175]  (0.978 ns)
	'select' operation 5 bit ('select_ln117_1471', firmware/BDT.h:117) [178]  (1.215 ns)
	'select' operation 5 bit ('select_ln117_1472', firmware/BDT.h:117) [180]  (0.000 ns)
	'select' operation 5 bit ('select_ln117_1473', firmware/BDT.h:117) [182]  (1.215 ns)

 <State 8>: 3.205ns
The critical path consists of the following:
	'xor' operation 1 bit ('xor_ln104_727', firmware/BDT.h:104) [98]  (0.000 ns)
	'and' operation 1 bit ('and_ln102_1678', firmware/BDT.h:102) [121]  (0.000 ns)
	'and' operation 1 bit ('and_ln102_1679', firmware/BDT.h:102) [122]  (0.000 ns)
	'or' operation 1 bit ('or_ln117_1367', firmware/BDT.h:117) [181]  (0.000 ns)
	'select' operation 5 bit ('select_ln117_1474', firmware/BDT.h:117) [183]  (0.000 ns)
	'sparsemux' operation 12 bit ('agg_result', firmware/BDT.h:118) [184]  (3.205 ns)


============================================================
+ Verbose Summary: Binding
============================================================
N/A
* FSMD analyzer results:
  - Output states:
 - Input state : 
  - Chain level:
	State 1
	State 2
	State 3
	State 4
	State 5
	State 6
	State 7
	State 8


============================================================
+ Verbose Summary: Datapath Resource usage 
============================================================
N/A
