

================================================================
== Vitis HLS Report for 'decision_function_63'
================================================================
* Date:           Thu Jan 23 13:47:50 2025

* Version:        2024.1 (Build 5069499 on May 21 2024)
* Project:        conifer_jettag
* Solution:       solution1 (Vivado IP Flow Target)
* Product family: zynq
* Target device:  xc7z020-clg400-1


================================================================
== Performance Estimates
================================================================
+ Timing: 
    * Summary: 
    +--------+---------+----------+------------+
    |  Clock |  Target | Estimated| Uncertainty|
    +--------+---------+----------+------------+
    |ap_clk  |  5.00 ns|  3.645 ns|     1.35 ns|
    +--------+---------+----------+------------+

+ Latency: 
    * Summary: 
    +---------+---------+-----------+-----------+-----+-----+---------+
    |  Latency (cycles) |   Latency (absolute)  |  Interval | Pipeline|
    |   min   |   max   |    min    |    max    | min | max |   Type  |
    +---------+---------+-----------+-----------+-----+-----+---------+
    |        7|        7|  35.000 ns|  35.000 ns|    1|    1|      yes|
    +---------+---------+-----------+-----------+-----+-----+---------+

    + Detail: 
        * Instance: 
        N/A

        * Loop: 
        N/A

============================================================
+ Verbose Summary: Synthesis Manager
============================================================
InlineROM: 1
ExposeGlobal: 0
============================================================
+ Verbose Summary: CDFG Model
============================================================
IsTopModel: 0
ResetActiveHigh: 1
IsCombinational: 0
IsDatapathOnly: 0
HasWiredReturn: 1
HasMFsm: 2
HasVarLatency: 0
IsPipeline: 1
IsRtlPipelined: 1
IsInstanceOverlapped: 0
IsDontTouch: 0
HasImplIP: 0
IsGatedGlobalClock: 0

+ Individual pipeline summary: 
  * Pipeline-0: initiation interval (II) = 1, depth = 8


============================================================
+ Verbose Summary: Schedule
============================================================
* Number of FSM states : 8
* Pipeline : 1
  Pipeline-0 : II = 1, D = 8, States = { 1 2 3 4 5 6 7 8 }
* Dataflow Pipeline: 0

* FSM state transitions: 
1 --> 2 
2 --> 3 
3 --> 4 
4 --> 5 
5 --> 6 
6 --> 7 
7 --> 8 
8 --> 

* FSM state operations: 

State 1 <SV = 0> <Delay = 3.11>
ST_1 : Operation 9 [1/1] (0.00ns)   --->   "%p_read = read i18 @_ssdm_op_Read.ap_auto.i18, i18 %p_read18" [firmware/BDT.h:86]   --->   Operation 9 'read' 'p_read' <Predicate = true> <Delay = 0.00>
ST_1 : Operation 10 [1/1] (0.00ns)   --->   "%p_read_296 = read i18 @_ssdm_op_Read.ap_auto.i18, i18 %p_read17" [firmware/BDT.h:86]   --->   Operation 10 'read' 'p_read_296' <Predicate = true> <Delay = 0.00>
ST_1 : Operation 11 [1/1] (0.00ns)   --->   "%p_read_297 = read i18 @_ssdm_op_Read.ap_auto.i18, i18 %p_read16" [firmware/BDT.h:86]   --->   Operation 11 'read' 'p_read_297' <Predicate = true> <Delay = 0.00>
ST_1 : Operation 12 [1/1] (0.00ns)   --->   "%p_read_298 = read i18 @_ssdm_op_Read.ap_auto.i18, i18 %p_read15" [firmware/BDT.h:86]   --->   Operation 12 'read' 'p_read_298' <Predicate = true> <Delay = 0.00>
ST_1 : Operation 13 [1/1] (0.00ns)   --->   "%p_read_299 = read i18 @_ssdm_op_Read.ap_auto.i18, i18 %p_read14" [firmware/BDT.h:86]   --->   Operation 13 'read' 'p_read_299' <Predicate = true> <Delay = 0.00>
ST_1 : Operation 14 [1/1] (0.00ns)   --->   "%p_read_300 = read i18 @_ssdm_op_Read.ap_auto.i18, i18 %p_read13" [firmware/BDT.h:86]   --->   Operation 14 'read' 'p_read_300' <Predicate = true> <Delay = 0.00>
ST_1 : Operation 15 [1/1] (0.00ns)   --->   "%p_read1220 = read i18 @_ssdm_op_Read.ap_auto.i18, i18 %p_read12" [firmware/BDT.h:86]   --->   Operation 15 'read' 'p_read1220' <Predicate = true> <Delay = 0.00>
ST_1 : Operation 16 [1/1] (0.00ns)   --->   "%p_read1119 = read i18 @_ssdm_op_Read.ap_auto.i18, i18 %p_read11" [firmware/BDT.h:86]   --->   Operation 16 'read' 'p_read1119' <Predicate = true> <Delay = 0.00>
ST_1 : Operation 17 [1/1] (0.00ns)   --->   "%p_read1018 = read i18 @_ssdm_op_Read.ap_auto.i18, i18 %p_read10" [firmware/BDT.h:86]   --->   Operation 17 'read' 'p_read1018' <Predicate = true> <Delay = 0.00>
ST_1 : Operation 18 [1/1] (0.00ns)   --->   "%p_read917 = read i18 @_ssdm_op_Read.ap_auto.i18, i18 %p_read9" [firmware/BDT.h:86]   --->   Operation 18 'read' 'p_read917' <Predicate = true> <Delay = 0.00>
ST_1 : Operation 19 [1/1] (0.00ns)   --->   "%p_read816 = read i18 @_ssdm_op_Read.ap_auto.i18, i18 %p_read8" [firmware/BDT.h:86]   --->   Operation 19 'read' 'p_read816' <Predicate = true> <Delay = 0.00>
ST_1 : Operation 20 [1/1] (0.00ns)   --->   "%p_read715 = read i18 @_ssdm_op_Read.ap_auto.i18, i18 %p_read7" [firmware/BDT.h:86]   --->   Operation 20 'read' 'p_read715' <Predicate = true> <Delay = 0.00>
ST_1 : Operation 21 [1/1] (0.00ns)   --->   "%p_read614 = read i18 @_ssdm_op_Read.ap_auto.i18, i18 %p_read6" [firmware/BDT.h:86]   --->   Operation 21 'read' 'p_read614' <Predicate = true> <Delay = 0.00>
ST_1 : Operation 22 [1/1] (0.00ns)   --->   "%p_read513 = read i18 @_ssdm_op_Read.ap_auto.i18, i18 %p_read5" [firmware/BDT.h:86]   --->   Operation 22 'read' 'p_read513' <Predicate = true> <Delay = 0.00>
ST_1 : Operation 23 [1/1] (0.00ns)   --->   "%p_read412 = read i18 @_ssdm_op_Read.ap_auto.i18, i18 %p_read4" [firmware/BDT.h:86]   --->   Operation 23 'read' 'p_read412' <Predicate = true> <Delay = 0.00>
ST_1 : Operation 24 [1/1] (0.00ns)   --->   "%p_read311 = read i18 @_ssdm_op_Read.ap_auto.i18, i18 %p_read3" [firmware/BDT.h:86]   --->   Operation 24 'read' 'p_read311' <Predicate = true> <Delay = 0.00>
ST_1 : Operation 25 [1/1] (0.00ns)   --->   "%p_read210 = read i18 @_ssdm_op_Read.ap_auto.i18, i18 %p_read2" [firmware/BDT.h:86]   --->   Operation 25 'read' 'p_read210' <Predicate = true> <Delay = 0.00>
ST_1 : Operation 26 [1/1] (0.00ns)   --->   "%p_read19 = read i18 @_ssdm_op_Read.ap_auto.i18, i18 %p_read1" [firmware/BDT.h:86]   --->   Operation 26 'read' 'p_read19' <Predicate = true> <Delay = 0.00>
ST_1 : Operation 27 [1/1] (2.13ns)   --->   "%icmp_ln86 = icmp_slt  i18 %p_read19, i18 81122" [firmware/BDT.h:86]   --->   Operation 27 'icmp' 'icmp_ln86' <Predicate = true> <Delay = 2.13> <CoreInst = "Cmp">   --->   Core 9 'Cmp' <Latency = 0> <II = 1> <Delay = 2.13> <FuncUnit> <Opcode : 'seteq' 'setne' 'setle' 'setge' 'setlt' 'setgt'> <InPorts = 2> <OutPorts = 1>
ST_1 : Operation 28 [1/1] (2.13ns)   --->   "%icmp_ln86_1035 = icmp_slt  i18 %p_read, i18 68097" [firmware/BDT.h:86]   --->   Operation 28 'icmp' 'icmp_ln86_1035' <Predicate = true> <Delay = 2.13> <CoreInst = "Cmp">   --->   Core 9 'Cmp' <Latency = 0> <II = 1> <Delay = 2.13> <FuncUnit> <Opcode : 'seteq' 'setne' 'setle' 'setge' 'setlt' 'setgt'> <InPorts = 2> <OutPorts = 1>
ST_1 : Operation 29 [1/1] (2.13ns)   --->   "%icmp_ln86_1036 = icmp_slt  i18 %p_read_296, i18 73488" [firmware/BDT.h:86]   --->   Operation 29 'icmp' 'icmp_ln86_1036' <Predicate = true> <Delay = 2.13> <CoreInst = "Cmp">   --->   Core 9 'Cmp' <Latency = 0> <II = 1> <Delay = 2.13> <FuncUnit> <Opcode : 'seteq' 'setne' 'setle' 'setge' 'setlt' 'setgt'> <InPorts = 2> <OutPorts = 1>
ST_1 : Operation 30 [1/1] (2.13ns)   --->   "%icmp_ln86_1037 = icmp_slt  i18 %p_read715, i18 259798" [firmware/BDT.h:86]   --->   Operation 30 'icmp' 'icmp_ln86_1037' <Predicate = true> <Delay = 2.13> <CoreInst = "Cmp">   --->   Core 9 'Cmp' <Latency = 0> <II = 1> <Delay = 2.13> <FuncUnit> <Opcode : 'seteq' 'setne' 'setle' 'setge' 'setlt' 'setgt'> <InPorts = 2> <OutPorts = 1>
ST_1 : Operation 31 [1/1] (2.13ns)   --->   "%icmp_ln86_1038 = icmp_slt  i18 %p_read_299, i18 1170" [firmware/BDT.h:86]   --->   Operation 31 'icmp' 'icmp_ln86_1038' <Predicate = true> <Delay = 2.13> <CoreInst = "Cmp">   --->   Core 9 'Cmp' <Latency = 0> <II = 1> <Delay = 2.13> <FuncUnit> <Opcode : 'seteq' 'setne' 'setle' 'setge' 'setlt' 'setgt'> <InPorts = 2> <OutPorts = 1>
ST_1 : Operation 32 [1/1] (0.00ns)   --->   "%tmp = partselect i5 @_ssdm_op_PartSelect.i5.i18.i32.i32, i18 %p_read412, i32 13, i32 17" [firmware/BDT.h:86]   --->   Operation 32 'partselect' 'tmp' <Predicate = true> <Delay = 0.00>
ST_1 : Operation 33 [1/1] (1.78ns)   --->   "%icmp_ln86_1039 = icmp_slt  i5 %tmp, i5 1" [firmware/BDT.h:86]   --->   Operation 33 'icmp' 'icmp_ln86_1039' <Predicate = true> <Delay = 1.78> <CoreInst = "Cmp">   --->   Core 9 'Cmp' <Latency = 0> <II = 1> <Delay = 1.78> <FuncUnit> <Opcode : 'seteq' 'setne' 'setle' 'setge' 'setlt' 'setgt'> <InPorts = 2> <OutPorts = 1>
ST_1 : Operation 34 [1/1] (2.13ns)   --->   "%icmp_ln86_1040 = icmp_slt  i18 %p_read614, i18 596" [firmware/BDT.h:86]   --->   Operation 34 'icmp' 'icmp_ln86_1040' <Predicate = true> <Delay = 2.13> <CoreInst = "Cmp">   --->   Core 9 'Cmp' <Latency = 0> <II = 1> <Delay = 2.13> <FuncUnit> <Opcode : 'seteq' 'setne' 'setle' 'setge' 'setlt' 'setgt'> <InPorts = 2> <OutPorts = 1>
ST_1 : Operation 35 [1/1] (2.13ns)   --->   "%icmp_ln86_1041 = icmp_slt  i18 %p_read917, i18 357" [firmware/BDT.h:86]   --->   Operation 35 'icmp' 'icmp_ln86_1041' <Predicate = true> <Delay = 2.13> <CoreInst = "Cmp">   --->   Core 9 'Cmp' <Latency = 0> <II = 1> <Delay = 2.13> <FuncUnit> <Opcode : 'seteq' 'setne' 'setle' 'setge' 'setlt' 'setgt'> <InPorts = 2> <OutPorts = 1>
ST_1 : Operation 36 [1/1] (2.13ns)   --->   "%icmp_ln86_1042 = icmp_slt  i18 %p_read210, i18 64652" [firmware/BDT.h:86]   --->   Operation 36 'icmp' 'icmp_ln86_1042' <Predicate = true> <Delay = 2.13> <CoreInst = "Cmp">   --->   Core 9 'Cmp' <Latency = 0> <II = 1> <Delay = 2.13> <FuncUnit> <Opcode : 'seteq' 'setne' 'setle' 'setge' 'setlt' 'setgt'> <InPorts = 2> <OutPorts = 1>
ST_1 : Operation 37 [1/1] (2.13ns)   --->   "%icmp_ln86_1043 = icmp_slt  i18 %p_read19, i18 220680" [firmware/BDT.h:86]   --->   Operation 37 'icmp' 'icmp_ln86_1043' <Predicate = true> <Delay = 2.13> <CoreInst = "Cmp">   --->   Core 9 'Cmp' <Latency = 0> <II = 1> <Delay = 2.13> <FuncUnit> <Opcode : 'seteq' 'setne' 'setle' 'setge' 'setlt' 'setgt'> <InPorts = 2> <OutPorts = 1>
ST_1 : Operation 38 [1/1] (2.13ns)   --->   "%icmp_ln86_1044 = icmp_slt  i18 %p_read_298, i18 115975" [firmware/BDT.h:86]   --->   Operation 38 'icmp' 'icmp_ln86_1044' <Predicate = true> <Delay = 2.13> <CoreInst = "Cmp">   --->   Core 9 'Cmp' <Latency = 0> <II = 1> <Delay = 2.13> <FuncUnit> <Opcode : 'seteq' 'setne' 'setle' 'setge' 'setlt' 'setgt'> <InPorts = 2> <OutPorts = 1>
ST_1 : Operation 39 [1/1] (2.13ns)   --->   "%icmp_ln86_1045 = icmp_slt  i18 %p_read1119, i18 483" [firmware/BDT.h:86]   --->   Operation 39 'icmp' 'icmp_ln86_1045' <Predicate = true> <Delay = 2.13> <CoreInst = "Cmp">   --->   Core 9 'Cmp' <Latency = 0> <II = 1> <Delay = 2.13> <FuncUnit> <Opcode : 'seteq' 'setne' 'setle' 'setge' 'setlt' 'setgt'> <InPorts = 2> <OutPorts = 1>
ST_1 : Operation 40 [1/1] (2.13ns)   --->   "%icmp_ln86_1046 = icmp_slt  i18 %p_read311, i18 16513" [firmware/BDT.h:86]   --->   Operation 40 'icmp' 'icmp_ln86_1046' <Predicate = true> <Delay = 2.13> <CoreInst = "Cmp">   --->   Core 9 'Cmp' <Latency = 0> <II = 1> <Delay = 2.13> <FuncUnit> <Opcode : 'seteq' 'setne' 'setle' 'setge' 'setlt' 'setgt'> <InPorts = 2> <OutPorts = 1>
ST_1 : Operation 41 [1/1] (0.00ns)   --->   "%tmp_13 = partselect i14 @_ssdm_op_PartSelect.i14.i18.i32.i32, i18 %p_read816, i32 4, i32 17" [firmware/BDT.h:86]   --->   Operation 41 'partselect' 'tmp_13' <Predicate = true> <Delay = 0.00>
ST_1 : Operation 42 [1/1] (1.81ns)   --->   "%icmp_ln86_1047 = icmp_slt  i14 %tmp_13, i14 1" [firmware/BDT.h:86]   --->   Operation 42 'icmp' 'icmp_ln86_1047' <Predicate = true> <Delay = 1.81> <CoreInst = "Cmp">   --->   Core 9 'Cmp' <Latency = 0> <II = 1> <Delay = 1.81> <FuncUnit> <Opcode : 'seteq' 'setne' 'setle' 'setge' 'setlt' 'setgt'> <InPorts = 2> <OutPorts = 1>
ST_1 : Operation 43 [1/1] (2.13ns)   --->   "%icmp_ln86_1048 = icmp_slt  i18 %p_read1018, i18 12292" [firmware/BDT.h:86]   --->   Operation 43 'icmp' 'icmp_ln86_1048' <Predicate = true> <Delay = 2.13> <CoreInst = "Cmp">   --->   Core 9 'Cmp' <Latency = 0> <II = 1> <Delay = 2.13> <FuncUnit> <Opcode : 'seteq' 'setne' 'setle' 'setge' 'setlt' 'setgt'> <InPorts = 2> <OutPorts = 1>
ST_1 : Operation 44 [1/1] (2.13ns)   --->   "%icmp_ln86_1049 = icmp_slt  i18 %p_read412, i18 13157" [firmware/BDT.h:86]   --->   Operation 44 'icmp' 'icmp_ln86_1049' <Predicate = true> <Delay = 2.13> <CoreInst = "Cmp">   --->   Core 9 'Cmp' <Latency = 0> <II = 1> <Delay = 2.13> <FuncUnit> <Opcode : 'seteq' 'setne' 'setle' 'setge' 'setlt' 'setgt'> <InPorts = 2> <OutPorts = 1>
ST_1 : Operation 45 [1/1] (2.13ns)   --->   "%icmp_ln86_1050 = icmp_slt  i18 %p_read, i18 46593" [firmware/BDT.h:86]   --->   Operation 45 'icmp' 'icmp_ln86_1050' <Predicate = true> <Delay = 2.13> <CoreInst = "Cmp">   --->   Core 9 'Cmp' <Latency = 0> <II = 1> <Delay = 2.13> <FuncUnit> <Opcode : 'seteq' 'setne' 'setle' 'setge' 'setlt' 'setgt'> <InPorts = 2> <OutPorts = 1>
ST_1 : Operation 46 [1/1] (2.13ns)   --->   "%icmp_ln86_1051 = icmp_slt  i18 %p_read513, i18 3502" [firmware/BDT.h:86]   --->   Operation 46 'icmp' 'icmp_ln86_1051' <Predicate = true> <Delay = 2.13> <CoreInst = "Cmp">   --->   Core 9 'Cmp' <Latency = 0> <II = 1> <Delay = 2.13> <FuncUnit> <Opcode : 'seteq' 'setne' 'setle' 'setge' 'setlt' 'setgt'> <InPorts = 2> <OutPorts = 1>
ST_1 : Operation 47 [1/1] (2.13ns)   --->   "%icmp_ln86_1052 = icmp_slt  i18 %p_read513, i18 4323" [firmware/BDT.h:86]   --->   Operation 47 'icmp' 'icmp_ln86_1052' <Predicate = true> <Delay = 2.13> <CoreInst = "Cmp">   --->   Core 9 'Cmp' <Latency = 0> <II = 1> <Delay = 2.13> <FuncUnit> <Opcode : 'seteq' 'setne' 'setle' 'setge' 'setlt' 'setgt'> <InPorts = 2> <OutPorts = 1>
ST_1 : Operation 48 [1/1] (2.13ns)   --->   "%icmp_ln86_1053 = icmp_slt  i18 %p_read_297, i18 179411" [firmware/BDT.h:86]   --->   Operation 48 'icmp' 'icmp_ln86_1053' <Predicate = true> <Delay = 2.13> <CoreInst = "Cmp">   --->   Core 9 'Cmp' <Latency = 0> <II = 1> <Delay = 2.13> <FuncUnit> <Opcode : 'seteq' 'setne' 'setle' 'setge' 'setlt' 'setgt'> <InPorts = 2> <OutPorts = 1>
ST_1 : Operation 49 [1/1] (2.13ns)   --->   "%icmp_ln86_1054 = icmp_slt  i18 %p_read19, i18 45686" [firmware/BDT.h:86]   --->   Operation 49 'icmp' 'icmp_ln86_1054' <Predicate = true> <Delay = 2.13> <CoreInst = "Cmp">   --->   Core 9 'Cmp' <Latency = 0> <II = 1> <Delay = 2.13> <FuncUnit> <Opcode : 'seteq' 'setne' 'setle' 'setge' 'setlt' 'setgt'> <InPorts = 2> <OutPorts = 1>
ST_1 : Operation 50 [1/1] (2.13ns)   --->   "%icmp_ln86_1055 = icmp_slt  i18 %p_read_298, i18 109653" [firmware/BDT.h:86]   --->   Operation 50 'icmp' 'icmp_ln86_1055' <Predicate = true> <Delay = 2.13> <CoreInst = "Cmp">   --->   Core 9 'Cmp' <Latency = 0> <II = 1> <Delay = 2.13> <FuncUnit> <Opcode : 'seteq' 'setne' 'setle' 'setge' 'setlt' 'setgt'> <InPorts = 2> <OutPorts = 1>
ST_1 : Operation 51 [1/1] (2.13ns)   --->   "%icmp_ln86_1056 = icmp_slt  i18 %p_read1018, i18 21902" [firmware/BDT.h:86]   --->   Operation 51 'icmp' 'icmp_ln86_1056' <Predicate = true> <Delay = 2.13> <CoreInst = "Cmp">   --->   Core 9 'Cmp' <Latency = 0> <II = 1> <Delay = 2.13> <FuncUnit> <Opcode : 'seteq' 'setne' 'setle' 'setge' 'setlt' 'setgt'> <InPorts = 2> <OutPorts = 1>
ST_1 : Operation 52 [1/1] (2.13ns)   --->   "%icmp_ln86_1057 = icmp_slt  i18 %p_read_296, i18 22533" [firmware/BDT.h:86]   --->   Operation 52 'icmp' 'icmp_ln86_1057' <Predicate = true> <Delay = 2.13> <CoreInst = "Cmp">   --->   Core 9 'Cmp' <Latency = 0> <II = 1> <Delay = 2.13> <FuncUnit> <Opcode : 'seteq' 'setne' 'setle' 'setge' 'setlt' 'setgt'> <InPorts = 2> <OutPorts = 1>
ST_1 : Operation 53 [1/1] (2.13ns)   --->   "%icmp_ln86_1058 = icmp_slt  i18 %p_read19, i18 108857" [firmware/BDT.h:86]   --->   Operation 53 'icmp' 'icmp_ln86_1058' <Predicate = true> <Delay = 2.13> <CoreInst = "Cmp">   --->   Core 9 'Cmp' <Latency = 0> <II = 1> <Delay = 2.13> <FuncUnit> <Opcode : 'seteq' 'setne' 'setle' 'setge' 'setlt' 'setgt'> <InPorts = 2> <OutPorts = 1>
ST_1 : Operation 54 [1/1] (2.13ns)   --->   "%icmp_ln86_1059 = icmp_slt  i18 %p_read_300, i18 1842" [firmware/BDT.h:86]   --->   Operation 54 'icmp' 'icmp_ln86_1059' <Predicate = true> <Delay = 2.13> <CoreInst = "Cmp">   --->   Core 9 'Cmp' <Latency = 0> <II = 1> <Delay = 2.13> <FuncUnit> <Opcode : 'seteq' 'setne' 'setle' 'setge' 'setlt' 'setgt'> <InPorts = 2> <OutPorts = 1>
ST_1 : Operation 55 [1/1] (2.13ns)   --->   "%icmp_ln86_1060 = icmp_slt  i18 %p_read19, i18 86184" [firmware/BDT.h:86]   --->   Operation 55 'icmp' 'icmp_ln86_1060' <Predicate = true> <Delay = 2.13> <CoreInst = "Cmp">   --->   Core 9 'Cmp' <Latency = 0> <II = 1> <Delay = 2.13> <FuncUnit> <Opcode : 'seteq' 'setne' 'setle' 'setge' 'setlt' 'setgt'> <InPorts = 2> <OutPorts = 1>
ST_1 : Operation 56 [1/1] (2.13ns)   --->   "%icmp_ln86_1061 = icmp_slt  i18 %p_read816, i18 15" [firmware/BDT.h:86]   --->   Operation 56 'icmp' 'icmp_ln86_1061' <Predicate = true> <Delay = 2.13> <CoreInst = "Cmp">   --->   Core 9 'Cmp' <Latency = 0> <II = 1> <Delay = 2.13> <FuncUnit> <Opcode : 'seteq' 'setne' 'setle' 'setge' 'setlt' 'setgt'> <InPorts = 2> <OutPorts = 1>
ST_1 : Operation 57 [1/1] (2.13ns)   --->   "%icmp_ln86_1062 = icmp_slt  i18 %p_read, i18 79361" [firmware/BDT.h:86]   --->   Operation 57 'icmp' 'icmp_ln86_1062' <Predicate = true> <Delay = 2.13> <CoreInst = "Cmp">   --->   Core 9 'Cmp' <Latency = 0> <II = 1> <Delay = 2.13> <FuncUnit> <Opcode : 'seteq' 'setne' 'setle' 'setge' 'setlt' 'setgt'> <InPorts = 2> <OutPorts = 1>
ST_1 : Operation 58 [1/1] (2.13ns)   --->   "%icmp_ln86_1063 = icmp_slt  i18 %p_read_300, i18 713" [firmware/BDT.h:86]   --->   Operation 58 'icmp' 'icmp_ln86_1063' <Predicate = true> <Delay = 2.13> <CoreInst = "Cmp">   --->   Core 9 'Cmp' <Latency = 0> <II = 1> <Delay = 2.13> <FuncUnit> <Opcode : 'seteq' 'setne' 'setle' 'setge' 'setlt' 'setgt'> <InPorts = 2> <OutPorts = 1>
ST_1 : Operation 59 [1/1] (2.13ns)   --->   "%icmp_ln86_1064 = icmp_slt  i18 %p_read1220, i18 484" [firmware/BDT.h:86]   --->   Operation 59 'icmp' 'icmp_ln86_1064' <Predicate = true> <Delay = 2.13> <CoreInst = "Cmp">   --->   Core 9 'Cmp' <Latency = 0> <II = 1> <Delay = 2.13> <FuncUnit> <Opcode : 'seteq' 'setne' 'setle' 'setge' 'setlt' 'setgt'> <InPorts = 2> <OutPorts = 1>
ST_1 : Operation 60 [1/1] (0.97ns)   --->   "%and_ln102 = and i1 %icmp_ln86_1035, i1 %icmp_ln86" [firmware/BDT.h:102]   --->   Operation 60 'and' 'and_ln102' <Predicate = true> <Delay = 0.97> <CoreInst = "LogicGate">   --->   Core 74 'LogicGate' <Latency = 0> <II = 1> <Delay = 0.97> <FuncUnit> <Opcode : 'and' 'or' 'xor'> <InPorts = 2> <OutPorts = 1>

State 2 <SV = 1> <Delay = 2.93>
ST_2 : Operation 61 [1/1] (0.00ns) (grouped into LUT with out node and_ln104)   --->   "%xor_ln104_490 = xor i1 %icmp_ln86_1035, i1 1" [firmware/BDT.h:104]   --->   Operation 61 'xor' 'xor_ln104_490' <Predicate = (icmp_ln86)> <Delay = 0.00> <CoreInst = "LogicGate">   --->   Core 74 'LogicGate' <Latency = 0> <II = 1> <Delay = 0.97> <FuncUnit> <Opcode : 'and' 'or' 'xor'> <InPorts = 2> <OutPorts = 1>
ST_2 : Operation 62 [1/1] (0.97ns) (out node of the LUT)   --->   "%and_ln104 = and i1 %icmp_ln86, i1 %xor_ln104_490" [firmware/BDT.h:104]   --->   Operation 62 'and' 'and_ln104' <Predicate = (icmp_ln86)> <Delay = 0.97> <CoreInst = "LogicGate">   --->   Core 74 'LogicGate' <Latency = 0> <II = 1> <Delay = 0.97> <FuncUnit> <Opcode : 'and' 'or' 'xor'> <InPorts = 2> <OutPorts = 1>
ST_2 : Operation 63 [1/1] (0.97ns)   --->   "%and_ln102_1270 = and i1 %icmp_ln86_1037, i1 %and_ln102" [firmware/BDT.h:102]   --->   Operation 63 'and' 'and_ln102_1270' <Predicate = (and_ln102 & icmp_ln86)> <Delay = 0.97> <CoreInst = "LogicGate">   --->   Core 74 'LogicGate' <Latency = 0> <II = 1> <Delay = 0.97> <FuncUnit> <Opcode : 'and' 'or' 'xor'> <InPorts = 2> <OutPorts = 1>
ST_2 : Operation 64 [1/1] (0.00ns) (grouped into LUT with out node and_ln104_187)   --->   "%xor_ln104_492 = xor i1 %icmp_ln86_1037, i1 1" [firmware/BDT.h:104]   --->   Operation 64 'xor' 'xor_ln104_492' <Predicate = (and_ln102 & icmp_ln86)> <Delay = 0.00> <CoreInst = "LogicGate">   --->   Core 74 'LogicGate' <Latency = 0> <II = 1> <Delay = 0.97> <FuncUnit> <Opcode : 'and' 'or' 'xor'> <InPorts = 2> <OutPorts = 1>
ST_2 : Operation 65 [1/1] (0.97ns) (out node of the LUT)   --->   "%and_ln104_187 = and i1 %and_ln102, i1 %xor_ln104_492" [firmware/BDT.h:104]   --->   Operation 65 'and' 'and_ln104_187' <Predicate = (and_ln102 & icmp_ln86)> <Delay = 0.97> <CoreInst = "LogicGate">   --->   Core 74 'LogicGate' <Latency = 0> <II = 1> <Delay = 0.97> <FuncUnit> <Opcode : 'and' 'or' 'xor'> <InPorts = 2> <OutPorts = 1>
ST_2 : Operation 66 [1/1] (0.97ns)   --->   "%and_ln102_1274 = and i1 %icmp_ln86_1041, i1 %and_ln102_1270" [firmware/BDT.h:102]   --->   Operation 66 'and' 'and_ln102_1274' <Predicate = (and_ln102 & icmp_ln86)> <Delay = 0.97> <CoreInst = "LogicGate">   --->   Core 74 'LogicGate' <Latency = 0> <II = 1> <Delay = 0.97> <FuncUnit> <Opcode : 'and' 'or' 'xor'> <InPorts = 2> <OutPorts = 1>
ST_2 : Operation 67 [1/1] (0.00ns) (grouped into LUT with out node or_ln117)   --->   "%xor_ln104_496 = xor i1 %icmp_ln86_1041, i1 1" [firmware/BDT.h:104]   --->   Operation 67 'xor' 'xor_ln104_496' <Predicate = (and_ln102 & icmp_ln86)> <Delay = 0.00> <CoreInst = "LogicGate">   --->   Core 74 'LogicGate' <Latency = 0> <II = 1> <Delay = 0.97> <FuncUnit> <Opcode : 'and' 'or' 'xor'> <InPorts = 2> <OutPorts = 1>
ST_2 : Operation 68 [1/1] (0.97ns)   --->   "%and_ln102_1275 = and i1 %icmp_ln86_1042, i1 %and_ln104_187" [firmware/BDT.h:102]   --->   Operation 68 'and' 'and_ln102_1275' <Predicate = (and_ln102 & icmp_ln86)> <Delay = 0.97> <CoreInst = "LogicGate">   --->   Core 74 'LogicGate' <Latency = 0> <II = 1> <Delay = 0.97> <FuncUnit> <Opcode : 'and' 'or' 'xor'> <InPorts = 2> <OutPorts = 1>
ST_2 : Operation 69 [1/1] (0.00ns) (grouped into LUT with out node or_ln117)   --->   "%and_ln102_1283 = and i1 %icmp_ln86_1050, i1 %xor_ln104_496" [firmware/BDT.h:102]   --->   Operation 69 'and' 'and_ln102_1283' <Predicate = (and_ln102 & icmp_ln86)> <Delay = 0.00> <CoreInst = "LogicGate">   --->   Core 74 'LogicGate' <Latency = 0> <II = 1> <Delay = 0.97> <FuncUnit> <Opcode : 'and' 'or' 'xor'> <InPorts = 2> <OutPorts = 1>
ST_2 : Operation 70 [1/1] (0.00ns) (grouped into LUT with out node or_ln117)   --->   "%and_ln102_1284 = and i1 %and_ln102_1283, i1 %and_ln102_1270" [firmware/BDT.h:102]   --->   Operation 70 'and' 'and_ln102_1284' <Predicate = (and_ln102 & icmp_ln86)> <Delay = 0.00> <CoreInst = "LogicGate">   --->   Core 74 'LogicGate' <Latency = 0> <II = 1> <Delay = 0.97> <FuncUnit> <Opcode : 'and' 'or' 'xor'> <InPorts = 2> <OutPorts = 1>
ST_2 : Operation 71 [1/1] (0.97ns) (out node of the LUT)   --->   "%or_ln117 = or i1 %and_ln102_1274, i1 %and_ln102_1284" [firmware/BDT.h:117]   --->   Operation 71 'or' 'or_ln117' <Predicate = (and_ln102 & icmp_ln86)> <Delay = 0.97> <CoreInst = "LogicGate">   --->   Core 74 'LogicGate' <Latency = 0> <II = 1> <Delay = 0.97> <FuncUnit> <Opcode : 'and' 'or' 'xor'> <InPorts = 2> <OutPorts = 1>

State 3 <SV = 2> <Delay = 2.99>
ST_3 : Operation 72 [1/1] (0.97ns)   --->   "%xor_ln104 = xor i1 %icmp_ln86, i1 1" [firmware/BDT.h:104]   --->   Operation 72 'xor' 'xor_ln104' <Predicate = true> <Delay = 0.97> <CoreInst = "LogicGate">   --->   Core 74 'LogicGate' <Latency = 0> <II = 1> <Delay = 0.97> <FuncUnit> <Opcode : 'and' 'or' 'xor'> <InPorts = 2> <OutPorts = 1>
ST_3 : Operation 73 [1/1] (0.97ns)   --->   "%and_ln102_1271 = and i1 %icmp_ln86_1038, i1 %and_ln104" [firmware/BDT.h:102]   --->   Operation 73 'and' 'and_ln102_1271' <Predicate = (icmp_ln86)> <Delay = 0.97> <CoreInst = "LogicGate">   --->   Core 74 'LogicGate' <Latency = 0> <II = 1> <Delay = 0.97> <FuncUnit> <Opcode : 'and' 'or' 'xor'> <InPorts = 2> <OutPorts = 1>
ST_3 : Operation 74 [1/1] (0.00ns) (grouped into LUT with out node and_ln104_188)   --->   "%xor_ln104_493 = xor i1 %icmp_ln86_1038, i1 1" [firmware/BDT.h:104]   --->   Operation 74 'xor' 'xor_ln104_493' <Predicate = (icmp_ln86)> <Delay = 0.00> <CoreInst = "LogicGate">   --->   Core 74 'LogicGate' <Latency = 0> <II = 1> <Delay = 0.97> <FuncUnit> <Opcode : 'and' 'or' 'xor'> <InPorts = 2> <OutPorts = 1>
ST_3 : Operation 75 [1/1] (0.97ns) (out node of the LUT)   --->   "%and_ln104_188 = and i1 %and_ln104, i1 %xor_ln104_493" [firmware/BDT.h:104]   --->   Operation 75 'and' 'and_ln104_188' <Predicate = (icmp_ln86)> <Delay = 0.97> <CoreInst = "LogicGate">   --->   Core 74 'LogicGate' <Latency = 0> <II = 1> <Delay = 0.97> <FuncUnit> <Opcode : 'and' 'or' 'xor'> <InPorts = 2> <OutPorts = 1>
ST_3 : Operation 76 [1/1] (0.00ns) (grouped into LUT with out node select_ln117_1008)   --->   "%xor_ln104_497 = xor i1 %icmp_ln86_1042, i1 1" [firmware/BDT.h:104]   --->   Operation 76 'xor' 'xor_ln104_497' <Predicate = (and_ln102 & icmp_ln86)> <Delay = 0.00> <CoreInst = "LogicGate">   --->   Core 74 'LogicGate' <Latency = 0> <II = 1> <Delay = 0.97> <FuncUnit> <Opcode : 'and' 'or' 'xor'> <InPorts = 2> <OutPorts = 1>
ST_3 : Operation 77 [1/1] (0.97ns)   --->   "%and_ln102_1276 = and i1 %icmp_ln86_1043, i1 %and_ln102_1271" [firmware/BDT.h:102]   --->   Operation 77 'and' 'and_ln102_1276' <Predicate = (icmp_ln86)> <Delay = 0.97> <CoreInst = "LogicGate">   --->   Core 74 'LogicGate' <Latency = 0> <II = 1> <Delay = 0.97> <FuncUnit> <Opcode : 'and' 'or' 'xor'> <InPorts = 2> <OutPorts = 1>
ST_3 : Operation 78 [1/1] (0.00ns) (grouped into LUT with out node select_ln117_1004)   --->   "%and_ln102_1282 = and i1 %icmp_ln86_1049, i1 %and_ln102_1274" [firmware/BDT.h:102]   --->   Operation 78 'and' 'and_ln102_1282' <Predicate = (and_ln102_1274 & and_ln102_1270 & and_ln102 & icmp_ln86 & or_ln117)> <Delay = 0.00> <CoreInst = "LogicGate">   --->   Core 74 'LogicGate' <Latency = 0> <II = 1> <Delay = 0.97> <FuncUnit> <Opcode : 'and' 'or' 'xor'> <InPorts = 2> <OutPorts = 1>
ST_3 : Operation 79 [1/1] (0.00ns) (grouped into LUT with out node select_ln117_1006)   --->   "%and_ln102_1285 = and i1 %icmp_ln86_1051, i1 %and_ln102_1275" [firmware/BDT.h:102]   --->   Operation 79 'and' 'and_ln102_1285' <Predicate = (and_ln102 & icmp_ln86)> <Delay = 0.00> <CoreInst = "LogicGate">   --->   Core 74 'LogicGate' <Latency = 0> <II = 1> <Delay = 0.97> <FuncUnit> <Opcode : 'and' 'or' 'xor'> <InPorts = 2> <OutPorts = 1>
ST_3 : Operation 80 [1/1] (0.00ns) (grouped into LUT with out node select_ln117_1008)   --->   "%and_ln102_1286 = and i1 %icmp_ln86_1052, i1 %xor_ln104_497" [firmware/BDT.h:102]   --->   Operation 80 'and' 'and_ln102_1286' <Predicate = (and_ln102 & icmp_ln86)> <Delay = 0.00> <CoreInst = "LogicGate">   --->   Core 74 'LogicGate' <Latency = 0> <II = 1> <Delay = 0.97> <FuncUnit> <Opcode : 'and' 'or' 'xor'> <InPorts = 2> <OutPorts = 1>
ST_3 : Operation 81 [1/1] (0.00ns) (grouped into LUT with out node select_ln117_1008)   --->   "%and_ln102_1287 = and i1 %and_ln102_1286, i1 %and_ln104_187" [firmware/BDT.h:102]   --->   Operation 81 'and' 'and_ln102_1287' <Predicate = (and_ln102 & icmp_ln86)> <Delay = 0.00> <CoreInst = "LogicGate">   --->   Core 74 'LogicGate' <Latency = 0> <II = 1> <Delay = 0.97> <FuncUnit> <Opcode : 'and' 'or' 'xor'> <InPorts = 2> <OutPorts = 1>
ST_3 : Operation 82 [1/1] (0.00ns) (grouped into LUT with out node select_ln117_1004)   --->   "%xor_ln117 = xor i1 %and_ln102_1282, i1 1" [firmware/BDT.h:117]   --->   Operation 82 'xor' 'xor_ln117' <Predicate = (and_ln102_1274 & and_ln102_1270 & and_ln102 & icmp_ln86 & or_ln117)> <Delay = 0.00> <CoreInst = "LogicGate">   --->   Core 74 'LogicGate' <Latency = 0> <II = 1> <Delay = 0.97> <FuncUnit> <Opcode : 'and' 'or' 'xor'> <InPorts = 2> <OutPorts = 1>
ST_3 : Operation 83 [1/1] (0.00ns) (grouped into LUT with out node select_ln117_1004)   --->   "%zext_ln117 = zext i1 %xor_ln117" [firmware/BDT.h:117]   --->   Operation 83 'zext' 'zext_ln117' <Predicate = (and_ln102_1274 & and_ln102_1270 & and_ln102 & icmp_ln86 & or_ln117)> <Delay = 0.00>
ST_3 : Operation 84 [1/1] (0.00ns) (grouped into LUT with out node select_ln117_1004)   --->   "%select_ln117 = select i1 %and_ln102_1274, i2 %zext_ln117, i2 2" [firmware/BDT.h:117]   --->   Operation 84 'select' 'select_ln117' <Predicate = (and_ln102_1270 & and_ln102 & icmp_ln86 & or_ln117)> <Delay = 0.00> <CoreInst = "Sel">   --->   Core 73 'Sel' <Latency = 0> <II = 1> <Delay = 0.99> <FuncUnit> <Opcode : 'select'> <InPorts = 3> <OutPorts = 1>
ST_3 : Operation 85 [1/1] (0.00ns) (grouped into LUT with out node select_ln117_1004)   --->   "%select_ln117_1003 = select i1 %or_ln117, i2 %select_ln117, i2 3" [firmware/BDT.h:117]   --->   Operation 85 'select' 'select_ln117_1003' <Predicate = (and_ln102_1270 & and_ln102 & icmp_ln86)> <Delay = 0.00> <CoreInst = "Sel">   --->   Core 73 'Sel' <Latency = 0> <II = 1> <Delay = 0.99> <FuncUnit> <Opcode : 'select'> <InPorts = 3> <OutPorts = 1>
ST_3 : Operation 86 [1/1] (0.00ns) (grouped into LUT with out node select_ln117_1004)   --->   "%zext_ln117_109 = zext i2 %select_ln117_1003" [firmware/BDT.h:117]   --->   Operation 86 'zext' 'zext_ln117_109' <Predicate = (and_ln102_1270 & and_ln102 & icmp_ln86)> <Delay = 0.00>
ST_3 : Operation 87 [1/1] (0.00ns) (grouped into LUT with out node select_ln117_1006)   --->   "%or_ln117_912 = or i1 %and_ln102_1270, i1 %and_ln102_1285" [firmware/BDT.h:117]   --->   Operation 87 'or' 'or_ln117_912' <Predicate = (and_ln102 & icmp_ln86)> <Delay = 0.00> <CoreInst = "LogicGate">   --->   Core 74 'LogicGate' <Latency = 0> <II = 1> <Delay = 0.97> <FuncUnit> <Opcode : 'and' 'or' 'xor'> <InPorts = 2> <OutPorts = 1>
ST_3 : Operation 88 [1/1] (0.99ns) (out node of the LUT)   --->   "%select_ln117_1004 = select i1 %and_ln102_1270, i3 %zext_ln117_109, i3 4" [firmware/BDT.h:117]   --->   Operation 88 'select' 'select_ln117_1004' <Predicate = (and_ln102 & icmp_ln86)> <Delay = 0.99> <CoreInst = "Sel">   --->   Core 73 'Sel' <Latency = 0> <II = 1> <Delay = 0.98> <FuncUnit> <Opcode : 'select'> <InPorts = 3> <OutPorts = 1>
ST_3 : Operation 89 [1/1] (0.97ns)   --->   "%or_ln117_913 = or i1 %and_ln102_1270, i1 %and_ln102_1275" [firmware/BDT.h:117]   --->   Operation 89 'or' 'or_ln117_913' <Predicate = (and_ln102 & icmp_ln86)> <Delay = 0.97> <CoreInst = "LogicGate">   --->   Core 74 'LogicGate' <Latency = 0> <II = 1> <Delay = 0.97> <FuncUnit> <Opcode : 'and' 'or' 'xor'> <InPorts = 2> <OutPorts = 1>
ST_3 : Operation 90 [1/1] (0.00ns) (grouped into LUT with out node select_ln117_1006)   --->   "%select_ln117_1005 = select i1 %or_ln117_912, i3 %select_ln117_1004, i3 5" [firmware/BDT.h:117]   --->   Operation 90 'select' 'select_ln117_1005' <Predicate = (and_ln102 & icmp_ln86)> <Delay = 0.00> <CoreInst = "Sel">   --->   Core 73 'Sel' <Latency = 0> <II = 1> <Delay = 0.98> <FuncUnit> <Opcode : 'select'> <InPorts = 3> <OutPorts = 1>
ST_3 : Operation 91 [1/1] (0.00ns) (grouped into LUT with out node select_ln117_1008)   --->   "%or_ln117_914 = or i1 %or_ln117_913, i1 %and_ln102_1287" [firmware/BDT.h:117]   --->   Operation 91 'or' 'or_ln117_914' <Predicate = (and_ln102 & icmp_ln86)> <Delay = 0.00> <CoreInst = "LogicGate">   --->   Core 74 'LogicGate' <Latency = 0> <II = 1> <Delay = 0.97> <FuncUnit> <Opcode : 'and' 'or' 'xor'> <InPorts = 2> <OutPorts = 1>
ST_3 : Operation 92 [1/1] (0.98ns) (out node of the LUT)   --->   "%select_ln117_1006 = select i1 %or_ln117_913, i3 %select_ln117_1005, i3 6" [firmware/BDT.h:117]   --->   Operation 92 'select' 'select_ln117_1006' <Predicate = (and_ln102 & icmp_ln86)> <Delay = 0.98> <CoreInst = "Sel">   --->   Core 73 'Sel' <Latency = 0> <II = 1> <Delay = 0.98> <FuncUnit> <Opcode : 'select'> <InPorts = 3> <OutPorts = 1>
ST_3 : Operation 93 [1/1] (0.00ns) (grouped into LUT with out node select_ln117_1008)   --->   "%select_ln117_1007 = select i1 %or_ln117_914, i3 %select_ln117_1006, i3 7" [firmware/BDT.h:117]   --->   Operation 93 'select' 'select_ln117_1007' <Predicate = (and_ln102 & icmp_ln86)> <Delay = 0.00> <CoreInst = "Sel">   --->   Core 73 'Sel' <Latency = 0> <II = 1> <Delay = 0.98> <FuncUnit> <Opcode : 'select'> <InPorts = 3> <OutPorts = 1>
ST_3 : Operation 94 [1/1] (0.00ns) (grouped into LUT with out node select_ln117_1008)   --->   "%zext_ln117_110 = zext i3 %select_ln117_1007" [firmware/BDT.h:117]   --->   Operation 94 'zext' 'zext_ln117_110' <Predicate = (and_ln102 & icmp_ln86)> <Delay = 0.00>
ST_3 : Operation 95 [1/1] (1.02ns) (out node of the LUT)   --->   "%select_ln117_1008 = select i1 %and_ln102, i4 %zext_ln117_110, i4 8" [firmware/BDT.h:117]   --->   Operation 95 'select' 'select_ln117_1008' <Predicate = (icmp_ln86)> <Delay = 1.02> <CoreInst = "Sel">   --->   Core 73 'Sel' <Latency = 0> <II = 1> <Delay = 1.02> <FuncUnit> <Opcode : 'select'> <InPorts = 3> <OutPorts = 1>
ST_3 : Operation 96 [1/1] (0.97ns)   --->   "%or_ln117_916 = or i1 %and_ln102, i1 %and_ln102_1276" [firmware/BDT.h:117]   --->   Operation 96 'or' 'or_ln117_916' <Predicate = (icmp_ln86)> <Delay = 0.97> <CoreInst = "LogicGate">   --->   Core 74 'LogicGate' <Latency = 0> <II = 1> <Delay = 0.97> <FuncUnit> <Opcode : 'and' 'or' 'xor'> <InPorts = 2> <OutPorts = 1>

State 4 <SV = 3> <Delay = 3.07>
ST_4 : Operation 97 [1/1] (0.97ns)   --->   "%and_ln102_1269 = and i1 %icmp_ln86_1036, i1 %xor_ln104" [firmware/BDT.h:102]   --->   Operation 97 'and' 'and_ln102_1269' <Predicate = true> <Delay = 0.97> <CoreInst = "LogicGate">   --->   Core 74 'LogicGate' <Latency = 0> <II = 1> <Delay = 0.97> <FuncUnit> <Opcode : 'and' 'or' 'xor'> <InPorts = 2> <OutPorts = 1>
ST_4 : Operation 98 [1/1] (0.00ns) (grouped into LUT with out node and_ln104_186)   --->   "%xor_ln104_491 = xor i1 %icmp_ln86_1036, i1 1" [firmware/BDT.h:104]   --->   Operation 98 'xor' 'xor_ln104_491' <Predicate = true> <Delay = 0.00> <CoreInst = "LogicGate">   --->   Core 74 'LogicGate' <Latency = 0> <II = 1> <Delay = 0.97> <FuncUnit> <Opcode : 'and' 'or' 'xor'> <InPorts = 2> <OutPorts = 1>
ST_4 : Operation 99 [1/1] (0.97ns) (out node of the LUT)   --->   "%and_ln104_186 = and i1 %xor_ln104_491, i1 %xor_ln104" [firmware/BDT.h:104]   --->   Operation 99 'and' 'and_ln104_186' <Predicate = true> <Delay = 0.97> <CoreInst = "LogicGate">   --->   Core 74 'LogicGate' <Latency = 0> <II = 1> <Delay = 0.97> <FuncUnit> <Opcode : 'and' 'or' 'xor'> <InPorts = 2> <OutPorts = 1>
ST_4 : Operation 100 [1/1] (0.97ns)   --->   "%and_ln102_1272 = and i1 %icmp_ln86_1039, i1 %and_ln102_1269" [firmware/BDT.h:102]   --->   Operation 100 'and' 'and_ln102_1272' <Predicate = true> <Delay = 0.97> <CoreInst = "LogicGate">   --->   Core 74 'LogicGate' <Latency = 0> <II = 1> <Delay = 0.97> <FuncUnit> <Opcode : 'and' 'or' 'xor'> <InPorts = 2> <OutPorts = 1>
ST_4 : Operation 101 [1/1] (0.00ns) (grouped into LUT with out node select_ln117_1012)   --->   "%xor_ln104_498 = xor i1 %icmp_ln86_1043, i1 1" [firmware/BDT.h:104]   --->   Operation 101 'xor' 'xor_ln104_498' <Predicate = (icmp_ln86)> <Delay = 0.00> <CoreInst = "LogicGate">   --->   Core 74 'LogicGate' <Latency = 0> <II = 1> <Delay = 0.97> <FuncUnit> <Opcode : 'and' 'or' 'xor'> <InPorts = 2> <OutPorts = 1>
ST_4 : Operation 102 [1/1] (0.97ns)   --->   "%and_ln102_1277 = and i1 %icmp_ln86_1044, i1 %and_ln104_188" [firmware/BDT.h:102]   --->   Operation 102 'and' 'and_ln102_1277' <Predicate = (icmp_ln86)> <Delay = 0.97> <CoreInst = "LogicGate">   --->   Core 74 'LogicGate' <Latency = 0> <II = 1> <Delay = 0.97> <FuncUnit> <Opcode : 'and' 'or' 'xor'> <InPorts = 2> <OutPorts = 1>
ST_4 : Operation 103 [1/1] (0.97ns)   --->   "%and_ln102_1278 = and i1 %icmp_ln86_1045, i1 %and_ln102_1272" [firmware/BDT.h:102]   --->   Operation 103 'and' 'and_ln102_1278' <Predicate = true> <Delay = 0.97> <CoreInst = "LogicGate">   --->   Core 74 'LogicGate' <Latency = 0> <II = 1> <Delay = 0.97> <FuncUnit> <Opcode : 'and' 'or' 'xor'> <InPorts = 2> <OutPorts = 1>
ST_4 : Operation 104 [1/1] (0.00ns) (grouped into LUT with out node select_ln117_1010)   --->   "%and_ln102_1288 = and i1 %icmp_ln86_1053, i1 %and_ln102_1276" [firmware/BDT.h:102]   --->   Operation 104 'and' 'and_ln102_1288' <Predicate = (icmp_ln86 & or_ln117_916)> <Delay = 0.00> <CoreInst = "LogicGate">   --->   Core 74 'LogicGate' <Latency = 0> <II = 1> <Delay = 0.97> <FuncUnit> <Opcode : 'and' 'or' 'xor'> <InPorts = 2> <OutPorts = 1>
ST_4 : Operation 105 [1/1] (0.00ns) (grouped into LUT with out node select_ln117_1012)   --->   "%and_ln102_1289 = and i1 %icmp_ln86_1054, i1 %xor_ln104_498" [firmware/BDT.h:102]   --->   Operation 105 'and' 'and_ln102_1289' <Predicate = (icmp_ln86)> <Delay = 0.00> <CoreInst = "LogicGate">   --->   Core 74 'LogicGate' <Latency = 0> <II = 1> <Delay = 0.97> <FuncUnit> <Opcode : 'and' 'or' 'xor'> <InPorts = 2> <OutPorts = 1>
ST_4 : Operation 106 [1/1] (0.00ns) (grouped into LUT with out node select_ln117_1012)   --->   "%and_ln102_1290 = and i1 %and_ln102_1289, i1 %and_ln102_1271" [firmware/BDT.h:102]   --->   Operation 106 'and' 'and_ln102_1290' <Predicate = (icmp_ln86)> <Delay = 0.00> <CoreInst = "LogicGate">   --->   Core 74 'LogicGate' <Latency = 0> <II = 1> <Delay = 0.97> <FuncUnit> <Opcode : 'and' 'or' 'xor'> <InPorts = 2> <OutPorts = 1>
ST_4 : Operation 107 [1/1] (0.00ns) (grouped into LUT with out node select_ln117_1014)   --->   "%and_ln102_1291 = and i1 %icmp_ln86_1055, i1 %and_ln102_1277" [firmware/BDT.h:102]   --->   Operation 107 'and' 'and_ln102_1291' <Predicate = (icmp_ln86)> <Delay = 0.00> <CoreInst = "LogicGate">   --->   Core 74 'LogicGate' <Latency = 0> <II = 1> <Delay = 0.97> <FuncUnit> <Opcode : 'and' 'or' 'xor'> <InPorts = 2> <OutPorts = 1>
ST_4 : Operation 108 [1/1] (0.00ns) (grouped into LUT with out node select_ln117_1010)   --->   "%or_ln117_915 = or i1 %and_ln102, i1 %and_ln102_1288" [firmware/BDT.h:117]   --->   Operation 108 'or' 'or_ln117_915' <Predicate = (icmp_ln86 & or_ln117_916)> <Delay = 0.00> <CoreInst = "LogicGate">   --->   Core 74 'LogicGate' <Latency = 0> <II = 1> <Delay = 0.97> <FuncUnit> <Opcode : 'and' 'or' 'xor'> <InPorts = 2> <OutPorts = 1>
ST_4 : Operation 109 [1/1] (0.00ns) (grouped into LUT with out node select_ln117_1010)   --->   "%select_ln117_1009 = select i1 %or_ln117_915, i4 %select_ln117_1008, i4 9" [firmware/BDT.h:117]   --->   Operation 109 'select' 'select_ln117_1009' <Predicate = (icmp_ln86 & or_ln117_916)> <Delay = 0.00> <CoreInst = "Sel">   --->   Core 73 'Sel' <Latency = 0> <II = 1> <Delay = 1.02> <FuncUnit> <Opcode : 'select'> <InPorts = 3> <OutPorts = 1>
ST_4 : Operation 110 [1/1] (0.00ns) (grouped into LUT with out node select_ln117_1012)   --->   "%or_ln117_917 = or i1 %or_ln117_916, i1 %and_ln102_1290" [firmware/BDT.h:117]   --->   Operation 110 'or' 'or_ln117_917' <Predicate = (icmp_ln86)> <Delay = 0.00> <CoreInst = "LogicGate">   --->   Core 74 'LogicGate' <Latency = 0> <II = 1> <Delay = 0.97> <FuncUnit> <Opcode : 'and' 'or' 'xor'> <InPorts = 2> <OutPorts = 1>
ST_4 : Operation 111 [1/1] (1.02ns) (out node of the LUT)   --->   "%select_ln117_1010 = select i1 %or_ln117_916, i4 %select_ln117_1009, i4 10" [firmware/BDT.h:117]   --->   Operation 111 'select' 'select_ln117_1010' <Predicate = (icmp_ln86)> <Delay = 1.02> <CoreInst = "Sel">   --->   Core 73 'Sel' <Latency = 0> <II = 1> <Delay = 1.02> <FuncUnit> <Opcode : 'select'> <InPorts = 3> <OutPorts = 1>
ST_4 : Operation 112 [1/1] (0.97ns)   --->   "%or_ln117_918 = or i1 %and_ln102, i1 %and_ln102_1271" [firmware/BDT.h:117]   --->   Operation 112 'or' 'or_ln117_918' <Predicate = (icmp_ln86)> <Delay = 0.97> <CoreInst = "LogicGate">   --->   Core 74 'LogicGate' <Latency = 0> <II = 1> <Delay = 0.97> <FuncUnit> <Opcode : 'and' 'or' 'xor'> <InPorts = 2> <OutPorts = 1>
ST_4 : Operation 113 [1/1] (0.00ns) (grouped into LUT with out node select_ln117_1012)   --->   "%select_ln117_1011 = select i1 %or_ln117_917, i4 %select_ln117_1010, i4 11" [firmware/BDT.h:117]   --->   Operation 113 'select' 'select_ln117_1011' <Predicate = (icmp_ln86)> <Delay = 0.00> <CoreInst = "Sel">   --->   Core 73 'Sel' <Latency = 0> <II = 1> <Delay = 1.02> <FuncUnit> <Opcode : 'select'> <InPorts = 3> <OutPorts = 1>
ST_4 : Operation 114 [1/1] (0.00ns) (grouped into LUT with out node select_ln117_1014)   --->   "%or_ln117_919 = or i1 %or_ln117_918, i1 %and_ln102_1291" [firmware/BDT.h:117]   --->   Operation 114 'or' 'or_ln117_919' <Predicate = (icmp_ln86)> <Delay = 0.00> <CoreInst = "LogicGate">   --->   Core 74 'LogicGate' <Latency = 0> <II = 1> <Delay = 0.97> <FuncUnit> <Opcode : 'and' 'or' 'xor'> <InPorts = 2> <OutPorts = 1>
ST_4 : Operation 115 [1/1] (1.02ns) (out node of the LUT)   --->   "%select_ln117_1012 = select i1 %or_ln117_918, i4 %select_ln117_1011, i4 12" [firmware/BDT.h:117]   --->   Operation 115 'select' 'select_ln117_1012' <Predicate = (icmp_ln86)> <Delay = 1.02> <CoreInst = "Sel">   --->   Core 73 'Sel' <Latency = 0> <II = 1> <Delay = 1.02> <FuncUnit> <Opcode : 'select'> <InPorts = 3> <OutPorts = 1>
ST_4 : Operation 116 [1/1] (0.97ns)   --->   "%or_ln117_920 = or i1 %or_ln117_918, i1 %and_ln102_1277" [firmware/BDT.h:117]   --->   Operation 116 'or' 'or_ln117_920' <Predicate = (icmp_ln86)> <Delay = 0.97> <CoreInst = "LogicGate">   --->   Core 74 'LogicGate' <Latency = 0> <II = 1> <Delay = 0.97> <FuncUnit> <Opcode : 'and' 'or' 'xor'> <InPorts = 2> <OutPorts = 1>
ST_4 : Operation 117 [1/1] (0.00ns) (grouped into LUT with out node select_ln117_1014)   --->   "%select_ln117_1013 = select i1 %or_ln117_919, i4 %select_ln117_1012, i4 13" [firmware/BDT.h:117]   --->   Operation 117 'select' 'select_ln117_1013' <Predicate = (icmp_ln86)> <Delay = 0.00> <CoreInst = "Sel">   --->   Core 73 'Sel' <Latency = 0> <II = 1> <Delay = 1.02> <FuncUnit> <Opcode : 'select'> <InPorts = 3> <OutPorts = 1>
ST_4 : Operation 118 [1/1] (1.02ns) (out node of the LUT)   --->   "%select_ln117_1014 = select i1 %or_ln117_920, i4 %select_ln117_1013, i4 14" [firmware/BDT.h:117]   --->   Operation 118 'select' 'select_ln117_1014' <Predicate = (icmp_ln86)> <Delay = 1.02> <CoreInst = "Sel">   --->   Core 73 'Sel' <Latency = 0> <II = 1> <Delay = 1.02> <FuncUnit> <Opcode : 'select'> <InPorts = 3> <OutPorts = 1>

State 5 <SV = 4> <Delay = 3.64>
ST_5 : Operation 119 [1/1] (0.00ns) (grouped into LUT with out node and_ln104_189)   --->   "%xor_ln104_494 = xor i1 %icmp_ln86_1039, i1 1" [firmware/BDT.h:104]   --->   Operation 119 'xor' 'xor_ln104_494' <Predicate = true> <Delay = 0.00> <CoreInst = "LogicGate">   --->   Core 74 'LogicGate' <Latency = 0> <II = 1> <Delay = 0.97> <FuncUnit> <Opcode : 'and' 'or' 'xor'> <InPorts = 2> <OutPorts = 1>
ST_5 : Operation 120 [1/1] (0.97ns) (out node of the LUT)   --->   "%and_ln104_189 = and i1 %and_ln102_1269, i1 %xor_ln104_494" [firmware/BDT.h:104]   --->   Operation 120 'and' 'and_ln104_189' <Predicate = true> <Delay = 0.97> <CoreInst = "LogicGate">   --->   Core 74 'LogicGate' <Latency = 0> <II = 1> <Delay = 0.97> <FuncUnit> <Opcode : 'and' 'or' 'xor'> <InPorts = 2> <OutPorts = 1>
ST_5 : Operation 121 [1/1] (0.97ns)   --->   "%and_ln102_1273 = and i1 %icmp_ln86_1040, i1 %and_ln104_186" [firmware/BDT.h:102]   --->   Operation 121 'and' 'and_ln102_1273' <Predicate = true> <Delay = 0.97> <CoreInst = "LogicGate">   --->   Core 74 'LogicGate' <Latency = 0> <II = 1> <Delay = 0.97> <FuncUnit> <Opcode : 'and' 'or' 'xor'> <InPorts = 2> <OutPorts = 1>
ST_5 : Operation 122 [1/1] (0.00ns) (grouped into LUT with out node and_ln104_190)   --->   "%xor_ln104_495 = xor i1 %icmp_ln86_1040, i1 1" [firmware/BDT.h:104]   --->   Operation 122 'xor' 'xor_ln104_495' <Predicate = true> <Delay = 0.00> <CoreInst = "LogicGate">   --->   Core 74 'LogicGate' <Latency = 0> <II = 1> <Delay = 0.97> <FuncUnit> <Opcode : 'and' 'or' 'xor'> <InPorts = 2> <OutPorts = 1>
ST_5 : Operation 123 [1/1] (0.97ns) (out node of the LUT)   --->   "%and_ln104_190 = and i1 %and_ln104_186, i1 %xor_ln104_495" [firmware/BDT.h:104]   --->   Operation 123 'and' 'and_ln104_190' <Predicate = true> <Delay = 0.97> <CoreInst = "LogicGate">   --->   Core 74 'LogicGate' <Latency = 0> <II = 1> <Delay = 0.97> <FuncUnit> <Opcode : 'and' 'or' 'xor'> <InPorts = 2> <OutPorts = 1>
ST_5 : Operation 124 [1/1] (0.00ns) (grouped into LUT with out node select_ln117_1016)   --->   "%xor_ln104_499 = xor i1 %icmp_ln86_1044, i1 1" [firmware/BDT.h:104]   --->   Operation 124 'xor' 'xor_ln104_499' <Predicate = (icmp_ln86)> <Delay = 0.00> <CoreInst = "LogicGate">   --->   Core 74 'LogicGate' <Latency = 0> <II = 1> <Delay = 0.97> <FuncUnit> <Opcode : 'and' 'or' 'xor'> <InPorts = 2> <OutPorts = 1>
ST_5 : Operation 125 [1/1] (0.00ns) (grouped into LUT with out node select_ln117_1020)   --->   "%xor_ln104_500 = xor i1 %icmp_ln86_1045, i1 1" [firmware/BDT.h:104]   --->   Operation 125 'xor' 'xor_ln104_500' <Predicate = true> <Delay = 0.00> <CoreInst = "LogicGate">   --->   Core 74 'LogicGate' <Latency = 0> <II = 1> <Delay = 0.97> <FuncUnit> <Opcode : 'and' 'or' 'xor'> <InPorts = 2> <OutPorts = 1>
ST_5 : Operation 126 [1/1] (0.97ns)   --->   "%and_ln102_1279 = and i1 %icmp_ln86_1046, i1 %and_ln104_189" [firmware/BDT.h:102]   --->   Operation 126 'and' 'and_ln102_1279' <Predicate = true> <Delay = 0.97> <CoreInst = "LogicGate">   --->   Core 74 'LogicGate' <Latency = 0> <II = 1> <Delay = 0.97> <FuncUnit> <Opcode : 'and' 'or' 'xor'> <InPorts = 2> <OutPorts = 1>
ST_5 : Operation 127 [1/1] (0.00ns) (grouped into LUT with out node select_ln117_1016)   --->   "%and_ln102_1292 = and i1 %icmp_ln86_1056, i1 %xor_ln104_499" [firmware/BDT.h:102]   --->   Operation 127 'and' 'and_ln102_1292' <Predicate = (icmp_ln86)> <Delay = 0.00> <CoreInst = "LogicGate">   --->   Core 74 'LogicGate' <Latency = 0> <II = 1> <Delay = 0.97> <FuncUnit> <Opcode : 'and' 'or' 'xor'> <InPorts = 2> <OutPorts = 1>
ST_5 : Operation 128 [1/1] (0.00ns) (grouped into LUT with out node select_ln117_1016)   --->   "%and_ln102_1293 = and i1 %and_ln102_1292, i1 %and_ln104_188" [firmware/BDT.h:102]   --->   Operation 128 'and' 'and_ln102_1293' <Predicate = (icmp_ln86)> <Delay = 0.00> <CoreInst = "LogicGate">   --->   Core 74 'LogicGate' <Latency = 0> <II = 1> <Delay = 0.97> <FuncUnit> <Opcode : 'and' 'or' 'xor'> <InPorts = 2> <OutPorts = 1>
ST_5 : Operation 129 [1/1] (0.00ns) (grouped into LUT with out node select_ln117_1018)   --->   "%and_ln102_1294 = and i1 %icmp_ln86_1057, i1 %and_ln102_1278" [firmware/BDT.h:102]   --->   Operation 129 'and' 'and_ln102_1294' <Predicate = true> <Delay = 0.00> <CoreInst = "LogicGate">   --->   Core 74 'LogicGate' <Latency = 0> <II = 1> <Delay = 0.97> <FuncUnit> <Opcode : 'and' 'or' 'xor'> <InPorts = 2> <OutPorts = 1>
ST_5 : Operation 130 [1/1] (0.00ns) (grouped into LUT with out node select_ln117_1020)   --->   "%and_ln102_1295 = and i1 %icmp_ln86_1058, i1 %xor_ln104_500" [firmware/BDT.h:102]   --->   Operation 130 'and' 'and_ln102_1295' <Predicate = true> <Delay = 0.00> <CoreInst = "LogicGate">   --->   Core 74 'LogicGate' <Latency = 0> <II = 1> <Delay = 0.97> <FuncUnit> <Opcode : 'and' 'or' 'xor'> <InPorts = 2> <OutPorts = 1>
ST_5 : Operation 131 [1/1] (0.00ns) (grouped into LUT with out node select_ln117_1020)   --->   "%and_ln102_1296 = and i1 %and_ln102_1295, i1 %and_ln102_1272" [firmware/BDT.h:102]   --->   Operation 131 'and' 'and_ln102_1296' <Predicate = true> <Delay = 0.00> <CoreInst = "LogicGate">   --->   Core 74 'LogicGate' <Latency = 0> <II = 1> <Delay = 0.97> <FuncUnit> <Opcode : 'and' 'or' 'xor'> <InPorts = 2> <OutPorts = 1>
ST_5 : Operation 132 [1/1] (0.00ns) (grouped into LUT with out node select_ln117_1016)   --->   "%or_ln117_921 = or i1 %or_ln117_920, i1 %and_ln102_1293" [firmware/BDT.h:117]   --->   Operation 132 'or' 'or_ln117_921' <Predicate = (icmp_ln86)> <Delay = 0.00> <CoreInst = "LogicGate">   --->   Core 74 'LogicGate' <Latency = 0> <II = 1> <Delay = 0.97> <FuncUnit> <Opcode : 'and' 'or' 'xor'> <InPorts = 2> <OutPorts = 1>
ST_5 : Operation 133 [1/1] (0.00ns) (grouped into LUT with out node select_ln117_1016)   --->   "%select_ln117_1015 = select i1 %or_ln117_921, i4 %select_ln117_1014, i4 15" [firmware/BDT.h:117]   --->   Operation 133 'select' 'select_ln117_1015' <Predicate = (icmp_ln86)> <Delay = 0.00> <CoreInst = "Sel">   --->   Core 73 'Sel' <Latency = 0> <II = 1> <Delay = 1.02> <FuncUnit> <Opcode : 'select'> <InPorts = 3> <OutPorts = 1>
ST_5 : Operation 134 [1/1] (0.00ns) (grouped into LUT with out node select_ln117_1016)   --->   "%zext_ln117_111 = zext i4 %select_ln117_1015" [firmware/BDT.h:117]   --->   Operation 134 'zext' 'zext_ln117_111' <Predicate = (icmp_ln86)> <Delay = 0.00>
ST_5 : Operation 135 [1/1] (0.00ns) (grouped into LUT with out node select_ln117_1018)   --->   "%or_ln117_922 = or i1 %icmp_ln86, i1 %and_ln102_1294" [firmware/BDT.h:117]   --->   Operation 135 'or' 'or_ln117_922' <Predicate = true> <Delay = 0.00> <CoreInst = "LogicGate">   --->   Core 74 'LogicGate' <Latency = 0> <II = 1> <Delay = 0.97> <FuncUnit> <Opcode : 'and' 'or' 'xor'> <InPorts = 2> <OutPorts = 1>
ST_5 : Operation 136 [1/1] (1.21ns) (out node of the LUT)   --->   "%select_ln117_1016 = select i1 %icmp_ln86, i5 %zext_ln117_111, i5 16" [firmware/BDT.h:117]   --->   Operation 136 'select' 'select_ln117_1016' <Predicate = true> <Delay = 1.21> <CoreInst = "Sel">   --->   Core 73 'Sel' <Latency = 0> <II = 1> <Delay = 1.21> <FuncUnit> <Opcode : 'select'> <InPorts = 3> <OutPorts = 1>
ST_5 : Operation 137 [1/1] (0.97ns)   --->   "%or_ln117_923 = or i1 %icmp_ln86, i1 %and_ln102_1278" [firmware/BDT.h:117]   --->   Operation 137 'or' 'or_ln117_923' <Predicate = true> <Delay = 0.97> <CoreInst = "LogicGate">   --->   Core 74 'LogicGate' <Latency = 0> <II = 1> <Delay = 0.97> <FuncUnit> <Opcode : 'and' 'or' 'xor'> <InPorts = 2> <OutPorts = 1>
ST_5 : Operation 138 [1/1] (0.00ns) (grouped into LUT with out node select_ln117_1018)   --->   "%select_ln117_1017 = select i1 %or_ln117_922, i5 %select_ln117_1016, i5 17" [firmware/BDT.h:117]   --->   Operation 138 'select' 'select_ln117_1017' <Predicate = true> <Delay = 0.00> <CoreInst = "Sel">   --->   Core 73 'Sel' <Latency = 0> <II = 1> <Delay = 1.21> <FuncUnit> <Opcode : 'select'> <InPorts = 3> <OutPorts = 1>
ST_5 : Operation 139 [1/1] (0.00ns) (grouped into LUT with out node select_ln117_1020)   --->   "%or_ln117_924 = or i1 %or_ln117_923, i1 %and_ln102_1296" [firmware/BDT.h:117]   --->   Operation 139 'or' 'or_ln117_924' <Predicate = true> <Delay = 0.00> <CoreInst = "LogicGate">   --->   Core 74 'LogicGate' <Latency = 0> <II = 1> <Delay = 0.97> <FuncUnit> <Opcode : 'and' 'or' 'xor'> <InPorts = 2> <OutPorts = 1>
ST_5 : Operation 140 [1/1] (1.21ns) (out node of the LUT)   --->   "%select_ln117_1018 = select i1 %or_ln117_923, i5 %select_ln117_1017, i5 18" [firmware/BDT.h:117]   --->   Operation 140 'select' 'select_ln117_1018' <Predicate = true> <Delay = 1.21> <CoreInst = "Sel">   --->   Core 73 'Sel' <Latency = 0> <II = 1> <Delay = 1.21> <FuncUnit> <Opcode : 'select'> <InPorts = 3> <OutPorts = 1>
ST_5 : Operation 141 [1/1] (0.97ns)   --->   "%or_ln117_925 = or i1 %icmp_ln86, i1 %and_ln102_1272" [firmware/BDT.h:117]   --->   Operation 141 'or' 'or_ln117_925' <Predicate = true> <Delay = 0.97> <CoreInst = "LogicGate">   --->   Core 74 'LogicGate' <Latency = 0> <II = 1> <Delay = 0.97> <FuncUnit> <Opcode : 'and' 'or' 'xor'> <InPorts = 2> <OutPorts = 1>
ST_5 : Operation 142 [1/1] (0.00ns) (grouped into LUT with out node select_ln117_1020)   --->   "%select_ln117_1019 = select i1 %or_ln117_924, i5 %select_ln117_1018, i5 19" [firmware/BDT.h:117]   --->   Operation 142 'select' 'select_ln117_1019' <Predicate = true> <Delay = 0.00> <CoreInst = "Sel">   --->   Core 73 'Sel' <Latency = 0> <II = 1> <Delay = 1.21> <FuncUnit> <Opcode : 'select'> <InPorts = 3> <OutPorts = 1>
ST_5 : Operation 143 [1/1] (1.21ns) (out node of the LUT)   --->   "%select_ln117_1020 = select i1 %or_ln117_925, i5 %select_ln117_1019, i5 20" [firmware/BDT.h:117]   --->   Operation 143 'select' 'select_ln117_1020' <Predicate = true> <Delay = 1.21> <CoreInst = "Sel">   --->   Core 73 'Sel' <Latency = 0> <II = 1> <Delay = 1.21> <FuncUnit> <Opcode : 'select'> <InPorts = 3> <OutPorts = 1>
ST_5 : Operation 144 [1/1] (0.97ns)   --->   "%or_ln117_927 = or i1 %or_ln117_925, i1 %and_ln102_1279" [firmware/BDT.h:117]   --->   Operation 144 'or' 'or_ln117_927' <Predicate = true> <Delay = 0.97> <CoreInst = "LogicGate">   --->   Core 74 'LogicGate' <Latency = 0> <II = 1> <Delay = 0.97> <FuncUnit> <Opcode : 'and' 'or' 'xor'> <InPorts = 2> <OutPorts = 1>
ST_5 : Operation 145 [1/1] (0.97ns)   --->   "%or_ln117_929 = or i1 %icmp_ln86, i1 %and_ln102_1269" [firmware/BDT.h:117]   --->   Operation 145 'or' 'or_ln117_929' <Predicate = true> <Delay = 0.97> <CoreInst = "LogicGate">   --->   Core 74 'LogicGate' <Latency = 0> <II = 1> <Delay = 0.97> <FuncUnit> <Opcode : 'and' 'or' 'xor'> <InPorts = 2> <OutPorts = 1>

State 6 <SV = 5> <Delay = 3.64>
ST_6 : Operation 146 [1/1] (0.00ns) (grouped into LUT with out node select_ln117_1024)   --->   "%xor_ln104_501 = xor i1 %icmp_ln86_1046, i1 1" [firmware/BDT.h:104]   --->   Operation 146 'xor' 'xor_ln104_501' <Predicate = (or_ln117_929)> <Delay = 0.00> <CoreInst = "LogicGate">   --->   Core 74 'LogicGate' <Latency = 0> <II = 1> <Delay = 0.97> <FuncUnit> <Opcode : 'and' 'or' 'xor'> <InPorts = 2> <OutPorts = 1>
ST_6 : Operation 147 [1/1] (0.97ns)   --->   "%and_ln102_1280 = and i1 %icmp_ln86_1047, i1 %and_ln102_1273" [firmware/BDT.h:102]   --->   Operation 147 'and' 'and_ln102_1280' <Predicate = true> <Delay = 0.97> <CoreInst = "LogicGate">   --->   Core 74 'LogicGate' <Latency = 0> <II = 1> <Delay = 0.97> <FuncUnit> <Opcode : 'and' 'or' 'xor'> <InPorts = 2> <OutPorts = 1>
ST_6 : Operation 148 [1/1] (0.00ns) (grouped into LUT with out node select_ln117_1022)   --->   "%and_ln102_1297 = and i1 %icmp_ln86_1059, i1 %and_ln102_1279" [firmware/BDT.h:102]   --->   Operation 148 'and' 'and_ln102_1297' <Predicate = (or_ln117_927 & or_ln117_929)> <Delay = 0.00> <CoreInst = "LogicGate">   --->   Core 74 'LogicGate' <Latency = 0> <II = 1> <Delay = 0.97> <FuncUnit> <Opcode : 'and' 'or' 'xor'> <InPorts = 2> <OutPorts = 1>
ST_6 : Operation 149 [1/1] (0.00ns) (grouped into LUT with out node select_ln117_1024)   --->   "%and_ln102_1298 = and i1 %icmp_ln86_1060, i1 %xor_ln104_501" [firmware/BDT.h:102]   --->   Operation 149 'and' 'and_ln102_1298' <Predicate = (or_ln117_929)> <Delay = 0.00> <CoreInst = "LogicGate">   --->   Core 74 'LogicGate' <Latency = 0> <II = 1> <Delay = 0.97> <FuncUnit> <Opcode : 'and' 'or' 'xor'> <InPorts = 2> <OutPorts = 1>
ST_6 : Operation 150 [1/1] (0.00ns) (grouped into LUT with out node select_ln117_1024)   --->   "%and_ln102_1299 = and i1 %and_ln102_1298, i1 %and_ln104_189" [firmware/BDT.h:102]   --->   Operation 150 'and' 'and_ln102_1299' <Predicate = (or_ln117_929)> <Delay = 0.00> <CoreInst = "LogicGate">   --->   Core 74 'LogicGate' <Latency = 0> <II = 1> <Delay = 0.97> <FuncUnit> <Opcode : 'and' 'or' 'xor'> <InPorts = 2> <OutPorts = 1>
ST_6 : Operation 151 [1/1] (0.00ns) (grouped into LUT with out node select_ln117_1026)   --->   "%and_ln102_1300 = and i1 %icmp_ln86_1061, i1 %and_ln102_1280" [firmware/BDT.h:102]   --->   Operation 151 'and' 'and_ln102_1300' <Predicate = true> <Delay = 0.00> <CoreInst = "LogicGate">   --->   Core 74 'LogicGate' <Latency = 0> <II = 1> <Delay = 0.97> <FuncUnit> <Opcode : 'and' 'or' 'xor'> <InPorts = 2> <OutPorts = 1>
ST_6 : Operation 152 [1/1] (0.00ns) (grouped into LUT with out node select_ln117_1022)   --->   "%or_ln117_926 = or i1 %or_ln117_925, i1 %and_ln102_1297" [firmware/BDT.h:117]   --->   Operation 152 'or' 'or_ln117_926' <Predicate = (or_ln117_927 & or_ln117_929)> <Delay = 0.00> <CoreInst = "LogicGate">   --->   Core 74 'LogicGate' <Latency = 0> <II = 1> <Delay = 0.97> <FuncUnit> <Opcode : 'and' 'or' 'xor'> <InPorts = 2> <OutPorts = 1>
ST_6 : Operation 153 [1/1] (0.00ns) (grouped into LUT with out node select_ln117_1022)   --->   "%select_ln117_1021 = select i1 %or_ln117_926, i5 %select_ln117_1020, i5 21" [firmware/BDT.h:117]   --->   Operation 153 'select' 'select_ln117_1021' <Predicate = (or_ln117_927 & or_ln117_929)> <Delay = 0.00> <CoreInst = "Sel">   --->   Core 73 'Sel' <Latency = 0> <II = 1> <Delay = 1.21> <FuncUnit> <Opcode : 'select'> <InPorts = 3> <OutPorts = 1>
ST_6 : Operation 154 [1/1] (0.00ns) (grouped into LUT with out node select_ln117_1024)   --->   "%or_ln117_928 = or i1 %or_ln117_927, i1 %and_ln102_1299" [firmware/BDT.h:117]   --->   Operation 154 'or' 'or_ln117_928' <Predicate = (or_ln117_929)> <Delay = 0.00> <CoreInst = "LogicGate">   --->   Core 74 'LogicGate' <Latency = 0> <II = 1> <Delay = 0.97> <FuncUnit> <Opcode : 'and' 'or' 'xor'> <InPorts = 2> <OutPorts = 1>
ST_6 : Operation 155 [1/1] (1.21ns) (out node of the LUT)   --->   "%select_ln117_1022 = select i1 %or_ln117_927, i5 %select_ln117_1021, i5 22" [firmware/BDT.h:117]   --->   Operation 155 'select' 'select_ln117_1022' <Predicate = (or_ln117_929)> <Delay = 1.21> <CoreInst = "Sel">   --->   Core 73 'Sel' <Latency = 0> <II = 1> <Delay = 1.21> <FuncUnit> <Opcode : 'select'> <InPorts = 3> <OutPorts = 1>
ST_6 : Operation 156 [1/1] (0.00ns) (grouped into LUT with out node select_ln117_1024)   --->   "%select_ln117_1023 = select i1 %or_ln117_928, i5 %select_ln117_1022, i5 23" [firmware/BDT.h:117]   --->   Operation 156 'select' 'select_ln117_1023' <Predicate = (or_ln117_929)> <Delay = 0.00> <CoreInst = "Sel">   --->   Core 73 'Sel' <Latency = 0> <II = 1> <Delay = 1.21> <FuncUnit> <Opcode : 'select'> <InPorts = 3> <OutPorts = 1>
ST_6 : Operation 157 [1/1] (0.00ns) (grouped into LUT with out node select_ln117_1026)   --->   "%or_ln117_930 = or i1 %or_ln117_929, i1 %and_ln102_1300" [firmware/BDT.h:117]   --->   Operation 157 'or' 'or_ln117_930' <Predicate = true> <Delay = 0.00> <CoreInst = "LogicGate">   --->   Core 74 'LogicGate' <Latency = 0> <II = 1> <Delay = 0.97> <FuncUnit> <Opcode : 'and' 'or' 'xor'> <InPorts = 2> <OutPorts = 1>
ST_6 : Operation 158 [1/1] (1.21ns) (out node of the LUT)   --->   "%select_ln117_1024 = select i1 %or_ln117_929, i5 %select_ln117_1023, i5 24" [firmware/BDT.h:117]   --->   Operation 158 'select' 'select_ln117_1024' <Predicate = true> <Delay = 1.21> <CoreInst = "Sel">   --->   Core 73 'Sel' <Latency = 0> <II = 1> <Delay = 1.21> <FuncUnit> <Opcode : 'select'> <InPorts = 3> <OutPorts = 1>
ST_6 : Operation 159 [1/1] (0.97ns)   --->   "%or_ln117_931 = or i1 %or_ln117_929, i1 %and_ln102_1280" [firmware/BDT.h:117]   --->   Operation 159 'or' 'or_ln117_931' <Predicate = true> <Delay = 0.97> <CoreInst = "LogicGate">   --->   Core 74 'LogicGate' <Latency = 0> <II = 1> <Delay = 0.97> <FuncUnit> <Opcode : 'and' 'or' 'xor'> <InPorts = 2> <OutPorts = 1>
ST_6 : Operation 160 [1/1] (0.00ns) (grouped into LUT with out node select_ln117_1026)   --->   "%select_ln117_1025 = select i1 %or_ln117_930, i5 %select_ln117_1024, i5 25" [firmware/BDT.h:117]   --->   Operation 160 'select' 'select_ln117_1025' <Predicate = true> <Delay = 0.00> <CoreInst = "Sel">   --->   Core 73 'Sel' <Latency = 0> <II = 1> <Delay = 1.21> <FuncUnit> <Opcode : 'select'> <InPorts = 3> <OutPorts = 1>
ST_6 : Operation 161 [1/1] (1.21ns) (out node of the LUT)   --->   "%select_ln117_1026 = select i1 %or_ln117_931, i5 %select_ln117_1025, i5 26" [firmware/BDT.h:117]   --->   Operation 161 'select' 'select_ln117_1026' <Predicate = true> <Delay = 1.21> <CoreInst = "Sel">   --->   Core 73 'Sel' <Latency = 0> <II = 1> <Delay = 1.21> <FuncUnit> <Opcode : 'select'> <InPorts = 3> <OutPorts = 1>

State 7 <SV = 6> <Delay = 3.40>
ST_7 : Operation 162 [1/1] (0.00ns) (grouped into LUT with out node select_ln117_1028)   --->   "%xor_ln104_502 = xor i1 %icmp_ln86_1047, i1 1" [firmware/BDT.h:104]   --->   Operation 162 'xor' 'xor_ln104_502' <Predicate = true> <Delay = 0.00> <CoreInst = "LogicGate">   --->   Core 74 'LogicGate' <Latency = 0> <II = 1> <Delay = 0.97> <FuncUnit> <Opcode : 'and' 'or' 'xor'> <InPorts = 2> <OutPorts = 1>
ST_7 : Operation 163 [1/1] (0.97ns)   --->   "%and_ln102_1281 = and i1 %icmp_ln86_1048, i1 %and_ln104_190" [firmware/BDT.h:102]   --->   Operation 163 'and' 'and_ln102_1281' <Predicate = true> <Delay = 0.97> <CoreInst = "LogicGate">   --->   Core 74 'LogicGate' <Latency = 0> <II = 1> <Delay = 0.97> <FuncUnit> <Opcode : 'and' 'or' 'xor'> <InPorts = 2> <OutPorts = 1>
ST_7 : Operation 164 [1/1] (0.00ns) (grouped into LUT with out node select_ln117_1028)   --->   "%and_ln102_1301 = and i1 %icmp_ln86_1062, i1 %xor_ln104_502" [firmware/BDT.h:102]   --->   Operation 164 'and' 'and_ln102_1301' <Predicate = true> <Delay = 0.00> <CoreInst = "LogicGate">   --->   Core 74 'LogicGate' <Latency = 0> <II = 1> <Delay = 0.97> <FuncUnit> <Opcode : 'and' 'or' 'xor'> <InPorts = 2> <OutPorts = 1>
ST_7 : Operation 165 [1/1] (0.00ns) (grouped into LUT with out node select_ln117_1028)   --->   "%and_ln102_1302 = and i1 %and_ln102_1301, i1 %and_ln102_1273" [firmware/BDT.h:102]   --->   Operation 165 'and' 'and_ln102_1302' <Predicate = true> <Delay = 0.00> <CoreInst = "LogicGate">   --->   Core 74 'LogicGate' <Latency = 0> <II = 1> <Delay = 0.97> <FuncUnit> <Opcode : 'and' 'or' 'xor'> <InPorts = 2> <OutPorts = 1>
ST_7 : Operation 166 [1/1] (0.00ns) (grouped into LUT with out node select_ln117_1030)   --->   "%and_ln102_1303 = and i1 %icmp_ln86_1063, i1 %and_ln102_1281" [firmware/BDT.h:102]   --->   Operation 166 'and' 'and_ln102_1303' <Predicate = true> <Delay = 0.00> <CoreInst = "LogicGate">   --->   Core 74 'LogicGate' <Latency = 0> <II = 1> <Delay = 0.97> <FuncUnit> <Opcode : 'and' 'or' 'xor'> <InPorts = 2> <OutPorts = 1>
ST_7 : Operation 167 [1/1] (0.00ns) (grouped into LUT with out node select_ln117_1028)   --->   "%or_ln117_932 = or i1 %or_ln117_931, i1 %and_ln102_1302" [firmware/BDT.h:117]   --->   Operation 167 'or' 'or_ln117_932' <Predicate = true> <Delay = 0.00> <CoreInst = "LogicGate">   --->   Core 74 'LogicGate' <Latency = 0> <II = 1> <Delay = 0.97> <FuncUnit> <Opcode : 'and' 'or' 'xor'> <InPorts = 2> <OutPorts = 1>
ST_7 : Operation 168 [1/1] (0.97ns)   --->   "%or_ln117_933 = or i1 %or_ln117_929, i1 %and_ln102_1273" [firmware/BDT.h:117]   --->   Operation 168 'or' 'or_ln117_933' <Predicate = true> <Delay = 0.97> <CoreInst = "LogicGate">   --->   Core 74 'LogicGate' <Latency = 0> <II = 1> <Delay = 0.97> <FuncUnit> <Opcode : 'and' 'or' 'xor'> <InPorts = 2> <OutPorts = 1>
ST_7 : Operation 169 [1/1] (0.00ns) (grouped into LUT with out node select_ln117_1028)   --->   "%select_ln117_1027 = select i1 %or_ln117_932, i5 %select_ln117_1026, i5 27" [firmware/BDT.h:117]   --->   Operation 169 'select' 'select_ln117_1027' <Predicate = true> <Delay = 0.00> <CoreInst = "Sel">   --->   Core 73 'Sel' <Latency = 0> <II = 1> <Delay = 1.21> <FuncUnit> <Opcode : 'select'> <InPorts = 3> <OutPorts = 1>
ST_7 : Operation 170 [1/1] (0.00ns) (grouped into LUT with out node select_ln117_1030)   --->   "%or_ln117_934 = or i1 %or_ln117_933, i1 %and_ln102_1303" [firmware/BDT.h:117]   --->   Operation 170 'or' 'or_ln117_934' <Predicate = true> <Delay = 0.00> <CoreInst = "LogicGate">   --->   Core 74 'LogicGate' <Latency = 0> <II = 1> <Delay = 0.97> <FuncUnit> <Opcode : 'and' 'or' 'xor'> <InPorts = 2> <OutPorts = 1>
ST_7 : Operation 171 [1/1] (1.21ns) (out node of the LUT)   --->   "%select_ln117_1028 = select i1 %or_ln117_933, i5 %select_ln117_1027, i5 28" [firmware/BDT.h:117]   --->   Operation 171 'select' 'select_ln117_1028' <Predicate = true> <Delay = 1.21> <CoreInst = "Sel">   --->   Core 73 'Sel' <Latency = 0> <II = 1> <Delay = 1.21> <FuncUnit> <Opcode : 'select'> <InPorts = 3> <OutPorts = 1>
ST_7 : Operation 172 [1/1] (0.97ns)   --->   "%or_ln117_935 = or i1 %or_ln117_933, i1 %and_ln102_1281" [firmware/BDT.h:117]   --->   Operation 172 'or' 'or_ln117_935' <Predicate = true> <Delay = 0.97> <CoreInst = "LogicGate">   --->   Core 74 'LogicGate' <Latency = 0> <II = 1> <Delay = 0.97> <FuncUnit> <Opcode : 'and' 'or' 'xor'> <InPorts = 2> <OutPorts = 1>
ST_7 : Operation 173 [1/1] (0.00ns) (grouped into LUT with out node select_ln117_1030)   --->   "%select_ln117_1029 = select i1 %or_ln117_934, i5 %select_ln117_1028, i5 29" [firmware/BDT.h:117]   --->   Operation 173 'select' 'select_ln117_1029' <Predicate = true> <Delay = 0.00> <CoreInst = "Sel">   --->   Core 73 'Sel' <Latency = 0> <II = 1> <Delay = 1.21> <FuncUnit> <Opcode : 'select'> <InPorts = 3> <OutPorts = 1>
ST_7 : Operation 174 [1/1] (1.21ns) (out node of the LUT)   --->   "%select_ln117_1030 = select i1 %or_ln117_935, i5 %select_ln117_1029, i5 30" [firmware/BDT.h:117]   --->   Operation 174 'select' 'select_ln117_1030' <Predicate = true> <Delay = 1.21> <CoreInst = "Sel">   --->   Core 73 'Sel' <Latency = 0> <II = 1> <Delay = 1.21> <FuncUnit> <Opcode : 'select'> <InPorts = 3> <OutPorts = 1>

State 8 <SV = 7> <Delay = 3.20>
ST_8 : Operation 175 [1/1] (0.00ns)   --->   "%specpipeline_ln86 = specpipeline void @_ssdm_op_SpecPipeline, i32 1, i32 0, i32 0, i32 0, void @empty_13" [firmware/BDT.h:86]   --->   Operation 175 'specpipeline' 'specpipeline_ln86' <Predicate = true> <Delay = 0.00>
ST_8 : Operation 176 [1/1] (0.00ns) (grouped into LUT with out node agg_result)   --->   "%xor_ln104_503 = xor i1 %icmp_ln86_1048, i1 1" [firmware/BDT.h:104]   --->   Operation 176 'xor' 'xor_ln104_503' <Predicate = true> <Delay = 0.00> <CoreInst = "LogicGate">   --->   Core 74 'LogicGate' <Latency = 0> <II = 1> <Delay = 0.97> <FuncUnit> <Opcode : 'and' 'or' 'xor'> <InPorts = 2> <OutPorts = 1>
ST_8 : Operation 177 [1/1] (0.00ns) (grouped into LUT with out node agg_result)   --->   "%and_ln102_1304 = and i1 %icmp_ln86_1064, i1 %xor_ln104_503" [firmware/BDT.h:102]   --->   Operation 177 'and' 'and_ln102_1304' <Predicate = true> <Delay = 0.00> <CoreInst = "LogicGate">   --->   Core 74 'LogicGate' <Latency = 0> <II = 1> <Delay = 0.97> <FuncUnit> <Opcode : 'and' 'or' 'xor'> <InPorts = 2> <OutPorts = 1>
ST_8 : Operation 178 [1/1] (0.00ns) (grouped into LUT with out node agg_result)   --->   "%and_ln102_1305 = and i1 %and_ln102_1304, i1 %and_ln104_190" [firmware/BDT.h:102]   --->   Operation 178 'and' 'and_ln102_1305' <Predicate = true> <Delay = 0.00> <CoreInst = "LogicGate">   --->   Core 74 'LogicGate' <Latency = 0> <II = 1> <Delay = 0.97> <FuncUnit> <Opcode : 'and' 'or' 'xor'> <InPorts = 2> <OutPorts = 1>
ST_8 : Operation 179 [1/1] (0.00ns) (grouped into LUT with out node agg_result)   --->   "%or_ln117_936 = or i1 %or_ln117_935, i1 %and_ln102_1305" [firmware/BDT.h:117]   --->   Operation 179 'or' 'or_ln117_936' <Predicate = true> <Delay = 0.00> <CoreInst = "LogicGate">   --->   Core 74 'LogicGate' <Latency = 0> <II = 1> <Delay = 0.97> <FuncUnit> <Opcode : 'and' 'or' 'xor'> <InPorts = 2> <OutPorts = 1>
ST_8 : Operation 180 [1/1] (0.00ns) (grouped into LUT with out node agg_result)   --->   "%select_ln117_1031 = select i1 %or_ln117_936, i5 %select_ln117_1030, i5 31" [firmware/BDT.h:117]   --->   Operation 180 'select' 'select_ln117_1031' <Predicate = true> <Delay = 0.00> <CoreInst = "Sel">   --->   Core 73 'Sel' <Latency = 0> <II = 1> <Delay = 1.21> <FuncUnit> <Opcode : 'select'> <InPorts = 3> <OutPorts = 1>
ST_8 : Operation 181 [1/1] (3.20ns) (out node of the LUT)   --->   "%agg_result = sparsemux i12 @_ssdm_op_SparseMux.ap_auto.32i12.i12.i5, i5 0, i12 4026, i5 1, i12 4080, i5 2, i12 4070, i5 3, i12 119, i5 4, i12 7, i5 5, i12 3769, i5 6, i12 245, i5 7, i12 60, i5 8, i12 4048, i5 9, i12 299, i5 10, i12 212, i5 11, i12 3998, i5 12, i12 1, i5 13, i12 246, i5 14, i12 3811, i5 15, i12 4029, i5 16, i12 283, i5 17, i12 4080, i5 18, i12 3771, i5 19, i12 4048, i5 20, i12 493, i5 21, i12 80, i5 22, i12 558, i5 23, i12 103, i5 24, i12 124, i5 25, i12 1259, i5 26, i12 3819, i5 27, i12 4063, i5 28, i12 3711, i5 29, i12 4040, i5 30, i12 167, i5 31, i12 4035, i12 0, i5 %select_ln117_1031" [firmware/BDT.h:118]   --->   Operation 181 'sparsemux' 'agg_result' <Predicate = true> <Delay = 3.20> <CoreInst = "SparseMux">   --->   Core 132 'SparseMux' <Latency = 0> <II = 1> <Delay = 3.20> <FuncUnit> <Opcode : 'sparsemux'> <InPorts = 2> <OutPorts = 1>
ST_8 : Operation 182 [1/1] (0.00ns)   --->   "%ret_ln122 = ret i12 %agg_result" [firmware/BDT.h:122]   --->   Operation 182 'ret' 'ret_ln122' <Predicate = true> <Delay = 0.00>


============================================================
+ Verbose Summary: Timing violations
============================================================
Target clock period: 5.000ns, clock uncertainty: 1.350ns.

 <State 1>: 3.114ns
The critical path consists of the following:
	wire read operation ('p_read', firmware/BDT.h:86) on port 'p_read18' (firmware/BDT.h:86) [20]  (0.000 ns)
	'icmp' operation 1 bit ('icmp_ln86_1035', firmware/BDT.h:86) [39]  (2.136 ns)
	'and' operation 1 bit ('and_ln102', firmware/BDT.h:102) [72]  (0.978 ns)

 <State 2>: 2.934ns
The critical path consists of the following:
	'and' operation 1 bit ('and_ln102_1270', firmware/BDT.h:102) [78]  (0.978 ns)
	'and' operation 1 bit ('and_ln102_1274', firmware/BDT.h:102) [90]  (0.978 ns)
	'or' operation 1 bit ('or_ln117', firmware/BDT.h:117) [132]  (0.978 ns)

 <State 3>: 2.997ns
The critical path consists of the following:
	'and' operation 1 bit ('and_ln102_1282', firmware/BDT.h:102) [106]  (0.000 ns)
	'xor' operation 1 bit ('xor_ln117', firmware/BDT.h:117) [130]  (0.000 ns)
	'select' operation 2 bit ('select_ln117', firmware/BDT.h:117) [133]  (0.000 ns)
	'select' operation 2 bit ('select_ln117_1003', firmware/BDT.h:117) [134]  (0.000 ns)
	'select' operation 3 bit ('select_ln117_1004', firmware/BDT.h:117) [137]  (0.993 ns)
	'select' operation 3 bit ('select_ln117_1005', firmware/BDT.h:117) [139]  (0.000 ns)
	'select' operation 3 bit ('select_ln117_1006', firmware/BDT.h:117) [141]  (0.980 ns)
	'select' operation 3 bit ('select_ln117_1007', firmware/BDT.h:117) [142]  (0.000 ns)
	'select' operation 4 bit ('select_ln117_1008', firmware/BDT.h:117) [145]  (1.024 ns)

 <State 4>: 3.072ns
The critical path consists of the following:
	'and' operation 1 bit ('and_ln102_1288', firmware/BDT.h:102) [112]  (0.000 ns)
	'or' operation 1 bit ('or_ln117_915', firmware/BDT.h:117) [144]  (0.000 ns)
	'select' operation 4 bit ('select_ln117_1009', firmware/BDT.h:117) [147]  (0.000 ns)
	'select' operation 4 bit ('select_ln117_1010', firmware/BDT.h:117) [149]  (1.024 ns)
	'select' operation 4 bit ('select_ln117_1011', firmware/BDT.h:117) [151]  (0.000 ns)
	'select' operation 4 bit ('select_ln117_1012', firmware/BDT.h:117) [153]  (1.024 ns)
	'select' operation 4 bit ('select_ln117_1013', firmware/BDT.h:117) [155]  (0.000 ns)
	'select' operation 4 bit ('select_ln117_1014', firmware/BDT.h:117) [157]  (1.024 ns)

 <State 5>: 3.645ns
The critical path consists of the following:
	'xor' operation 1 bit ('xor_ln104_499', firmware/BDT.h:104) [97]  (0.000 ns)
	'and' operation 1 bit ('and_ln102_1292', firmware/BDT.h:102) [116]  (0.000 ns)
	'and' operation 1 bit ('and_ln102_1293', firmware/BDT.h:102) [117]  (0.000 ns)
	'or' operation 1 bit ('or_ln117_921', firmware/BDT.h:117) [156]  (0.000 ns)
	'select' operation 4 bit ('select_ln117_1015', firmware/BDT.h:117) [158]  (0.000 ns)
	'select' operation 5 bit ('select_ln117_1016', firmware/BDT.h:117) [161]  (1.215 ns)
	'select' operation 5 bit ('select_ln117_1017', firmware/BDT.h:117) [163]  (0.000 ns)
	'select' operation 5 bit ('select_ln117_1018', firmware/BDT.h:117) [165]  (1.215 ns)
	'select' operation 5 bit ('select_ln117_1019', firmware/BDT.h:117) [167]  (0.000 ns)
	'select' operation 5 bit ('select_ln117_1020', firmware/BDT.h:117) [169]  (1.215 ns)

 <State 6>: 3.645ns
The critical path consists of the following:
	'and' operation 1 bit ('and_ln102_1297', firmware/BDT.h:102) [121]  (0.000 ns)
	'or' operation 1 bit ('or_ln117_926', firmware/BDT.h:117) [168]  (0.000 ns)
	'select' operation 5 bit ('select_ln117_1021', firmware/BDT.h:117) [171]  (0.000 ns)
	'select' operation 5 bit ('select_ln117_1022', firmware/BDT.h:117) [173]  (1.215 ns)
	'select' operation 5 bit ('select_ln117_1023', firmware/BDT.h:117) [175]  (0.000 ns)
	'select' operation 5 bit ('select_ln117_1024', firmware/BDT.h:117) [177]  (1.215 ns)
	'select' operation 5 bit ('select_ln117_1025', firmware/BDT.h:117) [179]  (0.000 ns)
	'select' operation 5 bit ('select_ln117_1026', firmware/BDT.h:117) [181]  (1.215 ns)

 <State 7>: 3.408ns
The critical path consists of the following:
	'or' operation 1 bit ('or_ln117_933', firmware/BDT.h:117) [182]  (0.978 ns)
	'select' operation 5 bit ('select_ln117_1028', firmware/BDT.h:117) [185]  (1.215 ns)
	'select' operation 5 bit ('select_ln117_1029', firmware/BDT.h:117) [187]  (0.000 ns)
	'select' operation 5 bit ('select_ln117_1030', firmware/BDT.h:117) [189]  (1.215 ns)

 <State 8>: 3.205ns
The critical path consists of the following:
	'xor' operation 1 bit ('xor_ln104_503', firmware/BDT.h:104) [105]  (0.000 ns)
	'and' operation 1 bit ('and_ln102_1304', firmware/BDT.h:102) [128]  (0.000 ns)
	'and' operation 1 bit ('and_ln102_1305', firmware/BDT.h:102) [129]  (0.000 ns)
	'or' operation 1 bit ('or_ln117_936', firmware/BDT.h:117) [188]  (0.000 ns)
	'select' operation 5 bit ('select_ln117_1031', firmware/BDT.h:117) [190]  (0.000 ns)
	'sparsemux' operation 12 bit ('agg_result', firmware/BDT.h:118) [191]  (3.205 ns)


============================================================
+ Verbose Summary: Binding
============================================================
N/A
* FSMD analyzer results:
  - Output states:
 - Input state : 
  - Chain level:
	State 1
	State 2
	State 3
	State 4
	State 5
	State 6
	State 7
	State 8


============================================================
+ Verbose Summary: Datapath Resource usage 
============================================================
N/A
