

================================================================
== Vitis HLS Report for 'decision_function_95'
================================================================
* Date:           Thu Jan 23 13:48:33 2025

* Version:        2024.1 (Build 5069499 on May 21 2024)
* Project:        conifer_jettag
* Solution:       solution1 (Vivado IP Flow Target)
* Product family: zynq
* Target device:  xc7z020-clg400-1


================================================================
== Performance Estimates
================================================================
+ Timing: 
    * Summary: 
    +--------+---------+----------+------------+
    |  Clock |  Target | Estimated| Uncertainty|
    +--------+---------+----------+------------+
    |ap_clk  |  5.00 ns|  3.171 ns|     1.35 ns|
    +--------+---------+----------+------------+

+ Latency: 
    * Summary: 
    +---------+---------+-----------+-----------+-----+-----+---------+
    |  Latency (cycles) |   Latency (absolute)  |  Interval | Pipeline|
    |   min   |   max   |    min    |    max    | min | max |   Type  |
    +---------+---------+-----------+-----------+-----+-----+---------+
    |        5|        5|  25.000 ns|  25.000 ns|    1|    1|      yes|
    +---------+---------+-----------+-----------+-----+-----+---------+

    + Detail: 
        * Instance: 
        N/A

        * Loop: 
        N/A

============================================================
+ Verbose Summary: Synthesis Manager
============================================================
InlineROM: 1
ExposeGlobal: 0
============================================================
+ Verbose Summary: CDFG Model
============================================================
IsTopModel: 0
ResetActiveHigh: 1
IsCombinational: 0
IsDatapathOnly: 0
HasWiredReturn: 1
HasMFsm: 2
HasVarLatency: 0
IsPipeline: 1
IsRtlPipelined: 1
IsInstanceOverlapped: 0
IsDontTouch: 0
HasImplIP: 0
IsGatedGlobalClock: 0

+ Individual pipeline summary: 
  * Pipeline-0: initiation interval (II) = 1, depth = 6


============================================================
+ Verbose Summary: Schedule
============================================================
* Number of FSM states : 6
* Pipeline : 1
  Pipeline-0 : II = 1, D = 6, States = { 1 2 3 4 5 6 }
* Dataflow Pipeline: 0

* FSM state transitions: 
1 --> 2 
2 --> 3 
3 --> 4 
4 --> 5 
5 --> 6 
6 --> 

* FSM state operations: 

State 1 <SV = 0> <Delay = 3.11>
ST_1 : Operation 7 [1/1] (0.00ns)   --->   "%p_read = read i18 @_ssdm_op_Read.ap_auto.i18, i18 %p_read14" [firmware/BDT.h:86]   --->   Operation 7 'read' 'p_read' <Predicate = true> <Delay = 0.00>
ST_1 : Operation 8 [1/1] (0.00ns)   --->   "%p_read_88 = read i18 @_ssdm_op_Read.ap_auto.i18, i18 %p_read13" [firmware/BDT.h:86]   --->   Operation 8 'read' 'p_read_88' <Predicate = true> <Delay = 0.00>
ST_1 : Operation 9 [1/1] (0.00ns)   --->   "%p_read_89 = read i18 @_ssdm_op_Read.ap_auto.i18, i18 %p_read12" [firmware/BDT.h:86]   --->   Operation 9 'read' 'p_read_89' <Predicate = true> <Delay = 0.00>
ST_1 : Operation 10 [1/1] (0.00ns)   --->   "%p_read_90 = read i18 @_ssdm_op_Read.ap_auto.i18, i18 %p_read11" [firmware/BDT.h:86]   --->   Operation 10 'read' 'p_read_90' <Predicate = true> <Delay = 0.00>
ST_1 : Operation 11 [1/1] (0.00ns)   --->   "%p_read1014 = read i18 @_ssdm_op_Read.ap_auto.i18, i18 %p_read10" [firmware/BDT.h:86]   --->   Operation 11 'read' 'p_read1014' <Predicate = true> <Delay = 0.00>
ST_1 : Operation 12 [1/1] (0.00ns)   --->   "%p_read913 = read i18 @_ssdm_op_Read.ap_auto.i18, i18 %p_read9" [firmware/BDT.h:86]   --->   Operation 12 'read' 'p_read913' <Predicate = true> <Delay = 0.00>
ST_1 : Operation 13 [1/1] (0.00ns)   --->   "%p_read812 = read i18 @_ssdm_op_Read.ap_auto.i18, i18 %p_read8" [firmware/BDT.h:86]   --->   Operation 13 'read' 'p_read812' <Predicate = true> <Delay = 0.00>
ST_1 : Operation 14 [1/1] (0.00ns)   --->   "%p_read711 = read i18 @_ssdm_op_Read.ap_auto.i18, i18 %p_read7" [firmware/BDT.h:86]   --->   Operation 14 'read' 'p_read711' <Predicate = true> <Delay = 0.00>
ST_1 : Operation 15 [1/1] (0.00ns)   --->   "%p_read610 = read i18 @_ssdm_op_Read.ap_auto.i18, i18 %p_read6" [firmware/BDT.h:86]   --->   Operation 15 'read' 'p_read610' <Predicate = true> <Delay = 0.00>
ST_1 : Operation 16 [1/1] (0.00ns)   --->   "%p_read59 = read i18 @_ssdm_op_Read.ap_auto.i18, i18 %p_read5" [firmware/BDT.h:86]   --->   Operation 16 'read' 'p_read59' <Predicate = true> <Delay = 0.00>
ST_1 : Operation 17 [1/1] (0.00ns)   --->   "%p_read48 = read i18 @_ssdm_op_Read.ap_auto.i18, i18 %p_read4" [firmware/BDT.h:86]   --->   Operation 17 'read' 'p_read48' <Predicate = true> <Delay = 0.00>
ST_1 : Operation 18 [1/1] (0.00ns)   --->   "%p_read37 = read i18 @_ssdm_op_Read.ap_auto.i18, i18 %p_read3" [firmware/BDT.h:86]   --->   Operation 18 'read' 'p_read37' <Predicate = true> <Delay = 0.00>
ST_1 : Operation 19 [1/1] (0.00ns)   --->   "%p_read26 = read i18 @_ssdm_op_Read.ap_auto.i18, i18 %p_read2" [firmware/BDT.h:86]   --->   Operation 19 'read' 'p_read26' <Predicate = true> <Delay = 0.00>
ST_1 : Operation 20 [1/1] (0.00ns)   --->   "%p_read15 = read i18 @_ssdm_op_Read.ap_auto.i18, i18 %p_read1" [firmware/BDT.h:86]   --->   Operation 20 'read' 'p_read15' <Predicate = true> <Delay = 0.00>
ST_1 : Operation 21 [1/1] (2.13ns)   --->   "%icmp_ln86 = icmp_slt  i18 %p_read37, i18 5147" [firmware/BDT.h:86]   --->   Operation 21 'icmp' 'icmp_ln86' <Predicate = true> <Delay = 2.13> <CoreInst = "Cmp">   --->   Core 9 'Cmp' <Latency = 0> <II = 1> <Delay = 2.13> <FuncUnit> <Opcode : 'seteq' 'setne' 'setle' 'setge' 'setlt' 'setgt'> <InPorts = 2> <OutPorts = 1>
ST_1 : Operation 22 [1/1] (2.13ns)   --->   "%icmp_ln86_113 = icmp_slt  i18 %p_read1014, i18 13070" [firmware/BDT.h:86]   --->   Operation 22 'icmp' 'icmp_ln86_113' <Predicate = true> <Delay = 2.13> <CoreInst = "Cmp">   --->   Core 9 'Cmp' <Latency = 0> <II = 1> <Delay = 2.13> <FuncUnit> <Opcode : 'seteq' 'setne' 'setle' 'setge' 'setlt' 'setgt'> <InPorts = 2> <OutPorts = 1>
ST_1 : Operation 23 [1/1] (2.13ns)   --->   "%icmp_ln86_114 = icmp_slt  i18 %p_read48, i18 4181" [firmware/BDT.h:86]   --->   Operation 23 'icmp' 'icmp_ln86_114' <Predicate = true> <Delay = 2.13> <CoreInst = "Cmp">   --->   Core 9 'Cmp' <Latency = 0> <II = 1> <Delay = 2.13> <FuncUnit> <Opcode : 'seteq' 'setne' 'setle' 'setge' 'setlt' 'setgt'> <InPorts = 2> <OutPorts = 1>
ST_1 : Operation 24 [1/1] (2.13ns)   --->   "%icmp_ln86_115 = icmp_slt  i18 %p_read26, i18 6187" [firmware/BDT.h:86]   --->   Operation 24 'icmp' 'icmp_ln86_115' <Predicate = true> <Delay = 2.13> <CoreInst = "Cmp">   --->   Core 9 'Cmp' <Latency = 0> <II = 1> <Delay = 2.13> <FuncUnit> <Opcode : 'seteq' 'setne' 'setle' 'setge' 'setlt' 'setgt'> <InPorts = 2> <OutPorts = 1>
ST_1 : Operation 25 [1/1] (2.13ns)   --->   "%icmp_ln86_116 = icmp_slt  i18 %p_read610, i18 440" [firmware/BDT.h:86]   --->   Operation 25 'icmp' 'icmp_ln86_116' <Predicate = true> <Delay = 2.13> <CoreInst = "Cmp">   --->   Core 9 'Cmp' <Latency = 0> <II = 1> <Delay = 2.13> <FuncUnit> <Opcode : 'seteq' 'setne' 'setle' 'setge' 'setlt' 'setgt'> <InPorts = 2> <OutPorts = 1>
ST_1 : Operation 26 [1/1] (2.13ns)   --->   "%icmp_ln86_117 = icmp_slt  i18 %p_read_89, i18 89183" [firmware/BDT.h:86]   --->   Operation 26 'icmp' 'icmp_ln86_117' <Predicate = true> <Delay = 2.13> <CoreInst = "Cmp">   --->   Core 9 'Cmp' <Latency = 0> <II = 1> <Delay = 2.13> <FuncUnit> <Opcode : 'seteq' 'setne' 'setle' 'setge' 'setlt' 'setgt'> <InPorts = 2> <OutPorts = 1>
ST_1 : Operation 27 [1/1] (2.13ns)   --->   "%icmp_ln86_118 = icmp_slt  i18 %p_read_90, i18 171206" [firmware/BDT.h:86]   --->   Operation 27 'icmp' 'icmp_ln86_118' <Predicate = true> <Delay = 2.13> <CoreInst = "Cmp">   --->   Core 9 'Cmp' <Latency = 0> <II = 1> <Delay = 2.13> <FuncUnit> <Opcode : 'seteq' 'setne' 'setle' 'setge' 'setlt' 'setgt'> <InPorts = 2> <OutPorts = 1>
ST_1 : Operation 28 [1/1] (2.13ns)   --->   "%icmp_ln86_119 = icmp_slt  i18 %p_read, i18 23041" [firmware/BDT.h:86]   --->   Operation 28 'icmp' 'icmp_ln86_119' <Predicate = true> <Delay = 2.13> <CoreInst = "Cmp">   --->   Core 9 'Cmp' <Latency = 0> <II = 1> <Delay = 2.13> <FuncUnit> <Opcode : 'seteq' 'setne' 'setle' 'setge' 'setlt' 'setgt'> <InPorts = 2> <OutPorts = 1>
ST_1 : Operation 29 [1/1] (2.13ns)   --->   "%icmp_ln86_120 = icmp_slt  i18 %p_read59, i18 738" [firmware/BDT.h:86]   --->   Operation 29 'icmp' 'icmp_ln86_120' <Predicate = true> <Delay = 2.13> <CoreInst = "Cmp">   --->   Core 9 'Cmp' <Latency = 0> <II = 1> <Delay = 2.13> <FuncUnit> <Opcode : 'seteq' 'setne' 'setle' 'setge' 'setlt' 'setgt'> <InPorts = 2> <OutPorts = 1>
ST_1 : Operation 30 [1/1] (2.13ns)   --->   "%icmp_ln86_121 = icmp_slt  i18 %p_read_90, i18 157925" [firmware/BDT.h:86]   --->   Operation 30 'icmp' 'icmp_ln86_121' <Predicate = true> <Delay = 2.13> <CoreInst = "Cmp">   --->   Core 9 'Cmp' <Latency = 0> <II = 1> <Delay = 2.13> <FuncUnit> <Opcode : 'seteq' 'setne' 'setle' 'setge' 'setlt' 'setgt'> <InPorts = 2> <OutPorts = 1>
ST_1 : Operation 31 [1/1] (2.13ns)   --->   "%icmp_ln86_122 = icmp_slt  i18 %p_read812, i18 30735" [firmware/BDT.h:86]   --->   Operation 31 'icmp' 'icmp_ln86_122' <Predicate = true> <Delay = 2.13> <CoreInst = "Cmp">   --->   Core 9 'Cmp' <Latency = 0> <II = 1> <Delay = 2.13> <FuncUnit> <Opcode : 'seteq' 'setne' 'setle' 'setge' 'setlt' 'setgt'> <InPorts = 2> <OutPorts = 1>
ST_1 : Operation 32 [1/1] (2.13ns)   --->   "%icmp_ln86_123 = icmp_slt  i18 %p_read59, i18 626" [firmware/BDT.h:86]   --->   Operation 32 'icmp' 'icmp_ln86_123' <Predicate = true> <Delay = 2.13> <CoreInst = "Cmp">   --->   Core 9 'Cmp' <Latency = 0> <II = 1> <Delay = 2.13> <FuncUnit> <Opcode : 'seteq' 'setne' 'setle' 'setge' 'setlt' 'setgt'> <InPorts = 2> <OutPorts = 1>
ST_1 : Operation 33 [1/1] (2.13ns)   --->   "%icmp_ln86_124 = icmp_slt  i18 %p_read15, i18 233055" [firmware/BDT.h:86]   --->   Operation 33 'icmp' 'icmp_ln86_124' <Predicate = true> <Delay = 2.13> <CoreInst = "Cmp">   --->   Core 9 'Cmp' <Latency = 0> <II = 1> <Delay = 2.13> <FuncUnit> <Opcode : 'seteq' 'setne' 'setle' 'setge' 'setlt' 'setgt'> <InPorts = 2> <OutPorts = 1>
ST_1 : Operation 34 [1/1] (2.13ns)   --->   "%icmp_ln86_125 = icmp_slt  i18 %p_read_88, i18 131131" [firmware/BDT.h:86]   --->   Operation 34 'icmp' 'icmp_ln86_125' <Predicate = true> <Delay = 2.13> <CoreInst = "Cmp">   --->   Core 9 'Cmp' <Latency = 0> <II = 1> <Delay = 2.13> <FuncUnit> <Opcode : 'seteq' 'setne' 'setle' 'setge' 'setlt' 'setgt'> <InPorts = 2> <OutPorts = 1>
ST_1 : Operation 35 [1/1] (2.13ns)   --->   "%icmp_ln86_126 = icmp_slt  i18 %p_read913, i18 117" [firmware/BDT.h:86]   --->   Operation 35 'icmp' 'icmp_ln86_126' <Predicate = true> <Delay = 2.13> <CoreInst = "Cmp">   --->   Core 9 'Cmp' <Latency = 0> <II = 1> <Delay = 2.13> <FuncUnit> <Opcode : 'seteq' 'setne' 'setle' 'setge' 'setlt' 'setgt'> <InPorts = 2> <OutPorts = 1>
ST_1 : Operation 36 [1/1] (2.13ns)   --->   "%icmp_ln86_127 = icmp_slt  i18 %p_read711, i18 180637" [firmware/BDT.h:86]   --->   Operation 36 'icmp' 'icmp_ln86_127' <Predicate = true> <Delay = 2.13> <CoreInst = "Cmp">   --->   Core 9 'Cmp' <Latency = 0> <II = 1> <Delay = 2.13> <FuncUnit> <Opcode : 'seteq' 'setne' 'setle' 'setge' 'setlt' 'setgt'> <InPorts = 2> <OutPorts = 1>
ST_1 : Operation 37 [1/1] (2.13ns)   --->   "%icmp_ln86_128 = icmp_slt  i18 %p_read_89, i18 175512" [firmware/BDT.h:86]   --->   Operation 37 'icmp' 'icmp_ln86_128' <Predicate = true> <Delay = 2.13> <CoreInst = "Cmp">   --->   Core 9 'Cmp' <Latency = 0> <II = 1> <Delay = 2.13> <FuncUnit> <Opcode : 'seteq' 'setne' 'setle' 'setge' 'setlt' 'setgt'> <InPorts = 2> <OutPorts = 1>
ST_1 : Operation 38 [1/1] (0.97ns)   --->   "%xor_ln104 = xor i1 %icmp_ln86, i1 1" [firmware/BDT.h:104]   --->   Operation 38 'xor' 'xor_ln104' <Predicate = true> <Delay = 0.97> <CoreInst = "LogicGate">   --->   Core 74 'LogicGate' <Latency = 0> <II = 1> <Delay = 0.97> <FuncUnit> <Opcode : 'and' 'or' 'xor'> <InPorts = 2> <OutPorts = 1>

State 2 <SV = 1> <Delay = 2.93>
ST_2 : Operation 39 [1/1] (0.97ns)   --->   "%and_ln102 = and i1 %icmp_ln86_113, i1 %icmp_ln86" [firmware/BDT.h:102]   --->   Operation 39 'and' 'and_ln102' <Predicate = true> <Delay = 0.97> <CoreInst = "LogicGate">   --->   Core 74 'LogicGate' <Latency = 0> <II = 1> <Delay = 0.97> <FuncUnit> <Opcode : 'and' 'or' 'xor'> <InPorts = 2> <OutPorts = 1>
ST_2 : Operation 40 [1/1] (0.00ns) (grouped into LUT with out node and_ln104)   --->   "%xor_ln104_54 = xor i1 %icmp_ln86_113, i1 1" [firmware/BDT.h:104]   --->   Operation 40 'xor' 'xor_ln104_54' <Predicate = true> <Delay = 0.00> <CoreInst = "LogicGate">   --->   Core 74 'LogicGate' <Latency = 0> <II = 1> <Delay = 0.97> <FuncUnit> <Opcode : 'and' 'or' 'xor'> <InPorts = 2> <OutPorts = 1>
ST_2 : Operation 41 [1/1] (0.97ns) (out node of the LUT)   --->   "%and_ln104 = and i1 %icmp_ln86, i1 %xor_ln104_54" [firmware/BDT.h:104]   --->   Operation 41 'and' 'and_ln104' <Predicate = true> <Delay = 0.97> <CoreInst = "LogicGate">   --->   Core 74 'LogicGate' <Latency = 0> <II = 1> <Delay = 0.97> <FuncUnit> <Opcode : 'and' 'or' 'xor'> <InPorts = 2> <OutPorts = 1>
ST_2 : Operation 42 [1/1] (0.97ns)   --->   "%and_ln102_139 = and i1 %icmp_ln86_114, i1 %xor_ln104" [firmware/BDT.h:102]   --->   Operation 42 'and' 'and_ln102_139' <Predicate = true> <Delay = 0.97> <CoreInst = "LogicGate">   --->   Core 74 'LogicGate' <Latency = 0> <II = 1> <Delay = 0.97> <FuncUnit> <Opcode : 'and' 'or' 'xor'> <InPorts = 2> <OutPorts = 1>
ST_2 : Operation 43 [1/1] (0.00ns) (grouped into LUT with out node and_ln104_22)   --->   "%xor_ln104_55 = xor i1 %icmp_ln86_114, i1 1" [firmware/BDT.h:104]   --->   Operation 43 'xor' 'xor_ln104_55' <Predicate = true> <Delay = 0.00> <CoreInst = "LogicGate">   --->   Core 74 'LogicGate' <Latency = 0> <II = 1> <Delay = 0.97> <FuncUnit> <Opcode : 'and' 'or' 'xor'> <InPorts = 2> <OutPorts = 1>
ST_2 : Operation 44 [1/1] (0.97ns) (out node of the LUT)   --->   "%and_ln104_22 = and i1 %xor_ln104_55, i1 %xor_ln104" [firmware/BDT.h:104]   --->   Operation 44 'and' 'and_ln104_22' <Predicate = true> <Delay = 0.97> <CoreInst = "LogicGate">   --->   Core 74 'LogicGate' <Latency = 0> <II = 1> <Delay = 0.97> <FuncUnit> <Opcode : 'and' 'or' 'xor'> <InPorts = 2> <OutPorts = 1>
ST_2 : Operation 45 [1/1] (0.00ns) (grouped into LUT with out node or_ln117)   --->   "%xor_ln104_56 = xor i1 %icmp_ln86_116, i1 1" [firmware/BDT.h:104]   --->   Operation 45 'xor' 'xor_ln104_56' <Predicate = true> <Delay = 0.00> <CoreInst = "LogicGate">   --->   Core 74 'LogicGate' <Latency = 0> <II = 1> <Delay = 0.97> <FuncUnit> <Opcode : 'and' 'or' 'xor'> <InPorts = 2> <OutPorts = 1>
ST_2 : Operation 46 [1/1] (0.00ns) (grouped into LUT with out node or_ln117)   --->   "%and_ln104_23 = and i1 %and_ln104, i1 %xor_ln104_56" [firmware/BDT.h:104]   --->   Operation 46 'and' 'and_ln104_23' <Predicate = true> <Delay = 0.00> <CoreInst = "LogicGate">   --->   Core 74 'LogicGate' <Latency = 0> <II = 1> <Delay = 0.97> <FuncUnit> <Opcode : 'and' 'or' 'xor'> <InPorts = 2> <OutPorts = 1>
ST_2 : Operation 47 [1/1] (0.97ns)   --->   "%and_ln102_141 = and i1 %icmp_ln86_117, i1 %and_ln102_139" [firmware/BDT.h:102]   --->   Operation 47 'and' 'and_ln102_141' <Predicate = true> <Delay = 0.97> <CoreInst = "LogicGate">   --->   Core 74 'LogicGate' <Latency = 0> <II = 1> <Delay = 0.97> <FuncUnit> <Opcode : 'and' 'or' 'xor'> <InPorts = 2> <OutPorts = 1>
ST_2 : Operation 48 [1/1] (0.00ns) (grouped into LUT with out node and_ln104_24)   --->   "%xor_ln104_57 = xor i1 %icmp_ln86_117, i1 1" [firmware/BDT.h:104]   --->   Operation 48 'xor' 'xor_ln104_57' <Predicate = true> <Delay = 0.00> <CoreInst = "LogicGate">   --->   Core 74 'LogicGate' <Latency = 0> <II = 1> <Delay = 0.97> <FuncUnit> <Opcode : 'and' 'or' 'xor'> <InPorts = 2> <OutPorts = 1>
ST_2 : Operation 49 [1/1] (0.97ns) (out node of the LUT)   --->   "%and_ln104_24 = and i1 %and_ln102_139, i1 %xor_ln104_57" [firmware/BDT.h:104]   --->   Operation 49 'and' 'and_ln104_24' <Predicate = true> <Delay = 0.97> <CoreInst = "LogicGate">   --->   Core 74 'LogicGate' <Latency = 0> <II = 1> <Delay = 0.97> <FuncUnit> <Opcode : 'and' 'or' 'xor'> <InPorts = 2> <OutPorts = 1>
ST_2 : Operation 50 [1/1] (0.97ns) (out node of the LUT)   --->   "%or_ln117 = or i1 %and_ln102, i1 %and_ln104_23" [firmware/BDT.h:117]   --->   Operation 50 'or' 'or_ln117' <Predicate = true> <Delay = 0.97> <CoreInst = "LogicGate">   --->   Core 74 'LogicGate' <Latency = 0> <II = 1> <Delay = 0.97> <FuncUnit> <Opcode : 'and' 'or' 'xor'> <InPorts = 2> <OutPorts = 1>
ST_2 : Operation 51 [1/1] (0.97ns)   --->   "%or_ln117_109 = or i1 %or_ln117, i1 %and_ln104_24" [firmware/BDT.h:117]   --->   Operation 51 'or' 'or_ln117_109' <Predicate = true> <Delay = 0.97> <CoreInst = "LogicGate">   --->   Core 74 'LogicGate' <Latency = 0> <II = 1> <Delay = 0.97> <FuncUnit> <Opcode : 'and' 'or' 'xor'> <InPorts = 2> <OutPorts = 1>
ST_2 : Operation 52 [1/1] (0.97ns)   --->   "%or_ln117_111 = or i1 %icmp_ln86, i1 %and_ln104_24" [firmware/BDT.h:117]   --->   Operation 52 'or' 'or_ln117_111' <Predicate = true> <Delay = 0.97> <CoreInst = "LogicGate">   --->   Core 74 'LogicGate' <Latency = 0> <II = 1> <Delay = 0.97> <FuncUnit> <Opcode : 'and' 'or' 'xor'> <InPorts = 2> <OutPorts = 1>
ST_2 : Operation 53 [1/1] (0.97ns)   --->   "%or_ln117_115 = or i1 %icmp_ln86, i1 %and_ln102_139" [firmware/BDT.h:117]   --->   Operation 53 'or' 'or_ln117_115' <Predicate = true> <Delay = 0.97> <CoreInst = "LogicGate">   --->   Core 74 'LogicGate' <Latency = 0> <II = 1> <Delay = 0.97> <FuncUnit> <Opcode : 'and' 'or' 'xor'> <InPorts = 2> <OutPorts = 1>

State 3 <SV = 2> <Delay = 2.99>
ST_3 : Operation 54 [1/1] (0.00ns) (grouped into LUT with out node select_ln117_112)   --->   "%and_ln102_140 = and i1 %icmp_ln86_115, i1 %and_ln102" [firmware/BDT.h:102]   --->   Operation 54 'and' 'and_ln102_140' <Predicate = (and_ln102 & or_ln117 & or_ln117_109 & or_ln117_111 & or_ln117_115)> <Delay = 0.00> <CoreInst = "LogicGate">   --->   Core 74 'LogicGate' <Latency = 0> <II = 1> <Delay = 0.97> <FuncUnit> <Opcode : 'and' 'or' 'xor'> <InPorts = 2> <OutPorts = 1>
ST_3 : Operation 55 [1/1] (0.97ns)   --->   "%and_ln102_142 = and i1 %icmp_ln86_118, i1 %and_ln104_22" [firmware/BDT.h:102]   --->   Operation 55 'and' 'and_ln102_142' <Predicate = true> <Delay = 0.97> <CoreInst = "LogicGate">   --->   Core 74 'LogicGate' <Latency = 0> <II = 1> <Delay = 0.97> <FuncUnit> <Opcode : 'and' 'or' 'xor'> <InPorts = 2> <OutPorts = 1>
ST_3 : Operation 56 [1/1] (0.00ns) (grouped into LUT with out node and_ln104_25)   --->   "%xor_ln104_58 = xor i1 %icmp_ln86_118, i1 1" [firmware/BDT.h:104]   --->   Operation 56 'xor' 'xor_ln104_58' <Predicate = true> <Delay = 0.00> <CoreInst = "LogicGate">   --->   Core 74 'LogicGate' <Latency = 0> <II = 1> <Delay = 0.97> <FuncUnit> <Opcode : 'and' 'or' 'xor'> <InPorts = 2> <OutPorts = 1>
ST_3 : Operation 57 [1/1] (0.97ns) (out node of the LUT)   --->   "%and_ln104_25 = and i1 %and_ln104_22, i1 %xor_ln104_58" [firmware/BDT.h:104]   --->   Operation 57 'and' 'and_ln104_25' <Predicate = true> <Delay = 0.97> <CoreInst = "LogicGate">   --->   Core 74 'LogicGate' <Latency = 0> <II = 1> <Delay = 0.97> <FuncUnit> <Opcode : 'and' 'or' 'xor'> <InPorts = 2> <OutPorts = 1>
ST_3 : Operation 58 [1/1] (0.00ns) (grouped into LUT with out node select_ln117_114)   --->   "%and_ln102_143 = and i1 %and_ln104, i1 %icmp_ln86_119" [firmware/BDT.h:102]   --->   Operation 58 'and' 'and_ln102_143' <Predicate = (or_ln117_111 & or_ln117_115)> <Delay = 0.00> <CoreInst = "LogicGate">   --->   Core 74 'LogicGate' <Latency = 0> <II = 1> <Delay = 0.97> <FuncUnit> <Opcode : 'and' 'or' 'xor'> <InPorts = 2> <OutPorts = 1>
ST_3 : Operation 59 [1/1] (0.00ns) (grouped into LUT with out node select_ln117_114)   --->   "%and_ln102_144 = and i1 %and_ln102_143, i1 %icmp_ln86_116" [firmware/BDT.h:102]   --->   Operation 59 'and' 'and_ln102_144' <Predicate = (or_ln117_111 & or_ln117_115)> <Delay = 0.00> <CoreInst = "LogicGate">   --->   Core 74 'LogicGate' <Latency = 0> <II = 1> <Delay = 0.97> <FuncUnit> <Opcode : 'and' 'or' 'xor'> <InPorts = 2> <OutPorts = 1>
ST_3 : Operation 60 [1/1] (0.97ns)   --->   "%and_ln102_145 = and i1 %icmp_ln86_120, i1 %and_ln102_141" [firmware/BDT.h:102]   --->   Operation 60 'and' 'and_ln102_145' <Predicate = (or_ln117_115)> <Delay = 0.97> <CoreInst = "LogicGate">   --->   Core 74 'LogicGate' <Latency = 0> <II = 1> <Delay = 0.97> <FuncUnit> <Opcode : 'and' 'or' 'xor'> <InPorts = 2> <OutPorts = 1>
ST_3 : Operation 61 [1/1] (0.97ns)   --->   "%and_ln102_146 = and i1 %icmp_ln86_121, i1 %and_ln102_142" [firmware/BDT.h:102]   --->   Operation 61 'and' 'and_ln102_146' <Predicate = true> <Delay = 0.97> <CoreInst = "LogicGate">   --->   Core 74 'LogicGate' <Latency = 0> <II = 1> <Delay = 0.97> <FuncUnit> <Opcode : 'and' 'or' 'xor'> <InPorts = 2> <OutPorts = 1>
ST_3 : Operation 62 [1/1] (0.00ns) (grouped into LUT with out node select_ln117_116)   --->   "%and_ln102_148 = and i1 %icmp_ln86_123, i1 %and_ln102_145" [firmware/BDT.h:102]   --->   Operation 62 'and' 'and_ln102_148' <Predicate = (or_ln117_115)> <Delay = 0.00> <CoreInst = "LogicGate">   --->   Core 74 'LogicGate' <Latency = 0> <II = 1> <Delay = 0.97> <FuncUnit> <Opcode : 'and' 'or' 'xor'> <InPorts = 2> <OutPorts = 1>
ST_3 : Operation 63 [1/1] (0.00ns) (grouped into LUT with out node select_ln117_112)   --->   "%xor_ln117 = xor i1 %and_ln102_140, i1 1" [firmware/BDT.h:117]   --->   Operation 63 'xor' 'xor_ln117' <Predicate = (and_ln102 & or_ln117 & or_ln117_109 & or_ln117_111 & or_ln117_115)> <Delay = 0.00> <CoreInst = "LogicGate">   --->   Core 74 'LogicGate' <Latency = 0> <II = 1> <Delay = 0.97> <FuncUnit> <Opcode : 'and' 'or' 'xor'> <InPorts = 2> <OutPorts = 1>
ST_3 : Operation 64 [1/1] (0.00ns) (grouped into LUT with out node select_ln117_112)   --->   "%zext_ln117 = zext i1 %xor_ln117" [firmware/BDT.h:117]   --->   Operation 64 'zext' 'zext_ln117' <Predicate = (and_ln102 & or_ln117 & or_ln117_109 & or_ln117_111 & or_ln117_115)> <Delay = 0.00>
ST_3 : Operation 65 [1/1] (0.00ns) (grouped into LUT with out node select_ln117_112)   --->   "%select_ln117 = select i1 %and_ln102, i2 %zext_ln117, i2 2" [firmware/BDT.h:117]   --->   Operation 65 'select' 'select_ln117' <Predicate = (or_ln117 & or_ln117_109 & or_ln117_111 & or_ln117_115)> <Delay = 0.00> <CoreInst = "Sel">   --->   Core 73 'Sel' <Latency = 0> <II = 1> <Delay = 0.99> <FuncUnit> <Opcode : 'select'> <InPorts = 3> <OutPorts = 1>
ST_3 : Operation 66 [1/1] (0.00ns) (grouped into LUT with out node select_ln117_112)   --->   "%select_ln117_111 = select i1 %or_ln117, i2 %select_ln117, i2 3" [firmware/BDT.h:117]   --->   Operation 66 'select' 'select_ln117_111' <Predicate = (or_ln117_109 & or_ln117_111 & or_ln117_115)> <Delay = 0.00> <CoreInst = "Sel">   --->   Core 73 'Sel' <Latency = 0> <II = 1> <Delay = 0.99> <FuncUnit> <Opcode : 'select'> <InPorts = 3> <OutPorts = 1>
ST_3 : Operation 67 [1/1] (0.00ns) (grouped into LUT with out node select_ln117_112)   --->   "%zext_ln117_13 = zext i2 %select_ln117_111" [firmware/BDT.h:117]   --->   Operation 67 'zext' 'zext_ln117_13' <Predicate = (or_ln117_109 & or_ln117_111 & or_ln117_115)> <Delay = 0.00>
ST_3 : Operation 68 [1/1] (0.00ns) (grouped into LUT with out node select_ln117_114)   --->   "%or_ln117_110 = or i1 %or_ln117_109, i1 %and_ln102_144" [firmware/BDT.h:117]   --->   Operation 68 'or' 'or_ln117_110' <Predicate = (or_ln117_111 & or_ln117_115)> <Delay = 0.00> <CoreInst = "LogicGate">   --->   Core 74 'LogicGate' <Latency = 0> <II = 1> <Delay = 0.97> <FuncUnit> <Opcode : 'and' 'or' 'xor'> <InPorts = 2> <OutPorts = 1>
ST_3 : Operation 69 [1/1] (0.99ns) (out node of the LUT)   --->   "%select_ln117_112 = select i1 %or_ln117_109, i3 %zext_ln117_13, i3 4" [firmware/BDT.h:117]   --->   Operation 69 'select' 'select_ln117_112' <Predicate = (or_ln117_111 & or_ln117_115)> <Delay = 0.99> <CoreInst = "Sel">   --->   Core 73 'Sel' <Latency = 0> <II = 1> <Delay = 0.98> <FuncUnit> <Opcode : 'select'> <InPorts = 3> <OutPorts = 1>
ST_3 : Operation 70 [1/1] (0.00ns) (grouped into LUT with out node select_ln117_114)   --->   "%select_ln117_113 = select i1 %or_ln117_110, i3 %select_ln117_112, i3 5" [firmware/BDT.h:117]   --->   Operation 70 'select' 'select_ln117_113' <Predicate = (or_ln117_111 & or_ln117_115)> <Delay = 0.00> <CoreInst = "Sel">   --->   Core 73 'Sel' <Latency = 0> <II = 1> <Delay = 0.98> <FuncUnit> <Opcode : 'select'> <InPorts = 3> <OutPorts = 1>
ST_3 : Operation 71 [1/1] (0.00ns) (grouped into LUT with out node select_ln117_116)   --->   "%or_ln117_112 = or i1 %or_ln117_111, i1 %and_ln102_148" [firmware/BDT.h:117]   --->   Operation 71 'or' 'or_ln117_112' <Predicate = (or_ln117_115)> <Delay = 0.00> <CoreInst = "LogicGate">   --->   Core 74 'LogicGate' <Latency = 0> <II = 1> <Delay = 0.97> <FuncUnit> <Opcode : 'and' 'or' 'xor'> <InPorts = 2> <OutPorts = 1>
ST_3 : Operation 72 [1/1] (0.98ns) (out node of the LUT)   --->   "%select_ln117_114 = select i1 %or_ln117_111, i3 %select_ln117_113, i3 6" [firmware/BDT.h:117]   --->   Operation 72 'select' 'select_ln117_114' <Predicate = (or_ln117_115)> <Delay = 0.98> <CoreInst = "Sel">   --->   Core 73 'Sel' <Latency = 0> <II = 1> <Delay = 0.98> <FuncUnit> <Opcode : 'select'> <InPorts = 3> <OutPorts = 1>
ST_3 : Operation 73 [1/1] (0.97ns)   --->   "%or_ln117_113 = or i1 %or_ln117_111, i1 %and_ln102_145" [firmware/BDT.h:117]   --->   Operation 73 'or' 'or_ln117_113' <Predicate = (or_ln117_115)> <Delay = 0.97> <CoreInst = "LogicGate">   --->   Core 74 'LogicGate' <Latency = 0> <II = 1> <Delay = 0.97> <FuncUnit> <Opcode : 'and' 'or' 'xor'> <InPorts = 2> <OutPorts = 1>
ST_3 : Operation 74 [1/1] (0.00ns) (grouped into LUT with out node select_ln117_116)   --->   "%select_ln117_115 = select i1 %or_ln117_112, i3 %select_ln117_114, i3 7" [firmware/BDT.h:117]   --->   Operation 74 'select' 'select_ln117_115' <Predicate = (or_ln117_115)> <Delay = 0.00> <CoreInst = "Sel">   --->   Core 73 'Sel' <Latency = 0> <II = 1> <Delay = 0.98> <FuncUnit> <Opcode : 'select'> <InPorts = 3> <OutPorts = 1>
ST_3 : Operation 75 [1/1] (0.00ns) (grouped into LUT with out node select_ln117_116)   --->   "%zext_ln117_14 = zext i3 %select_ln117_115" [firmware/BDT.h:117]   --->   Operation 75 'zext' 'zext_ln117_14' <Predicate = (or_ln117_115)> <Delay = 0.00>
ST_3 : Operation 76 [1/1] (1.02ns) (out node of the LUT)   --->   "%select_ln117_116 = select i1 %or_ln117_113, i4 %zext_ln117_14, i4 8" [firmware/BDT.h:117]   --->   Operation 76 'select' 'select_ln117_116' <Predicate = (or_ln117_115)> <Delay = 1.02> <CoreInst = "Sel">   --->   Core 73 'Sel' <Latency = 0> <II = 1> <Delay = 1.02> <FuncUnit> <Opcode : 'select'> <InPorts = 3> <OutPorts = 1>

State 4 <SV = 3> <Delay = 3.07>
ST_4 : Operation 77 [1/1] (0.00ns) (grouped into LUT with out node select_ln117_118)   --->   "%xor_ln104_59 = xor i1 %icmp_ln86_120, i1 1" [firmware/BDT.h:104]   --->   Operation 77 'xor' 'xor_ln104_59' <Predicate = (or_ln117_115)> <Delay = 0.00> <CoreInst = "LogicGate">   --->   Core 74 'LogicGate' <Latency = 0> <II = 1> <Delay = 0.97> <FuncUnit> <Opcode : 'and' 'or' 'xor'> <InPorts = 2> <OutPorts = 1>
ST_4 : Operation 78 [1/1] (0.00ns) (grouped into LUT with out node select_ln117_122)   --->   "%xor_ln104_60 = xor i1 %icmp_ln86_121, i1 1" [firmware/BDT.h:104]   --->   Operation 78 'xor' 'xor_ln104_60' <Predicate = true> <Delay = 0.00> <CoreInst = "LogicGate">   --->   Core 74 'LogicGate' <Latency = 0> <II = 1> <Delay = 0.97> <FuncUnit> <Opcode : 'and' 'or' 'xor'> <InPorts = 2> <OutPorts = 1>
ST_4 : Operation 79 [1/1] (0.00ns) (grouped into LUT with out node select_ln117_118)   --->   "%and_ln102_149 = and i1 %icmp_ln86_124, i1 %xor_ln104_59" [firmware/BDT.h:102]   --->   Operation 79 'and' 'and_ln102_149' <Predicate = (or_ln117_115)> <Delay = 0.00> <CoreInst = "LogicGate">   --->   Core 74 'LogicGate' <Latency = 0> <II = 1> <Delay = 0.97> <FuncUnit> <Opcode : 'and' 'or' 'xor'> <InPorts = 2> <OutPorts = 1>
ST_4 : Operation 80 [1/1] (0.00ns) (grouped into LUT with out node select_ln117_118)   --->   "%and_ln102_150 = and i1 %and_ln102_149, i1 %and_ln102_141" [firmware/BDT.h:102]   --->   Operation 80 'and' 'and_ln102_150' <Predicate = (or_ln117_115)> <Delay = 0.00> <CoreInst = "LogicGate">   --->   Core 74 'LogicGate' <Latency = 0> <II = 1> <Delay = 0.97> <FuncUnit> <Opcode : 'and' 'or' 'xor'> <InPorts = 2> <OutPorts = 1>
ST_4 : Operation 81 [1/1] (0.00ns) (grouped into LUT with out node select_ln117_120)   --->   "%and_ln102_151 = and i1 %icmp_ln86_125, i1 %and_ln102_146" [firmware/BDT.h:102]   --->   Operation 81 'and' 'and_ln102_151' <Predicate = true> <Delay = 0.00> <CoreInst = "LogicGate">   --->   Core 74 'LogicGate' <Latency = 0> <II = 1> <Delay = 0.97> <FuncUnit> <Opcode : 'and' 'or' 'xor'> <InPorts = 2> <OutPorts = 1>
ST_4 : Operation 82 [1/1] (0.00ns) (grouped into LUT with out node select_ln117_122)   --->   "%and_ln102_152 = and i1 %icmp_ln86_126, i1 %xor_ln104_60" [firmware/BDT.h:102]   --->   Operation 82 'and' 'and_ln102_152' <Predicate = true> <Delay = 0.00> <CoreInst = "LogicGate">   --->   Core 74 'LogicGate' <Latency = 0> <II = 1> <Delay = 0.97> <FuncUnit> <Opcode : 'and' 'or' 'xor'> <InPorts = 2> <OutPorts = 1>
ST_4 : Operation 83 [1/1] (0.00ns) (grouped into LUT with out node select_ln117_122)   --->   "%and_ln102_153 = and i1 %and_ln102_152, i1 %and_ln102_142" [firmware/BDT.h:102]   --->   Operation 83 'and' 'and_ln102_153' <Predicate = true> <Delay = 0.00> <CoreInst = "LogicGate">   --->   Core 74 'LogicGate' <Latency = 0> <II = 1> <Delay = 0.97> <FuncUnit> <Opcode : 'and' 'or' 'xor'> <InPorts = 2> <OutPorts = 1>
ST_4 : Operation 84 [1/1] (0.00ns) (grouped into LUT with out node select_ln117_118)   --->   "%or_ln117_114 = or i1 %or_ln117_113, i1 %and_ln102_150" [firmware/BDT.h:117]   --->   Operation 84 'or' 'or_ln117_114' <Predicate = (or_ln117_115)> <Delay = 0.00> <CoreInst = "LogicGate">   --->   Core 74 'LogicGate' <Latency = 0> <II = 1> <Delay = 0.97> <FuncUnit> <Opcode : 'and' 'or' 'xor'> <InPorts = 2> <OutPorts = 1>
ST_4 : Operation 85 [1/1] (0.00ns) (grouped into LUT with out node select_ln117_118)   --->   "%select_ln117_117 = select i1 %or_ln117_114, i4 %select_ln117_116, i4 9" [firmware/BDT.h:117]   --->   Operation 85 'select' 'select_ln117_117' <Predicate = (or_ln117_115)> <Delay = 0.00> <CoreInst = "Sel">   --->   Core 73 'Sel' <Latency = 0> <II = 1> <Delay = 1.02> <FuncUnit> <Opcode : 'select'> <InPorts = 3> <OutPorts = 1>
ST_4 : Operation 86 [1/1] (0.00ns) (grouped into LUT with out node select_ln117_120)   --->   "%or_ln117_116 = or i1 %or_ln117_115, i1 %and_ln102_151" [firmware/BDT.h:117]   --->   Operation 86 'or' 'or_ln117_116' <Predicate = true> <Delay = 0.00> <CoreInst = "LogicGate">   --->   Core 74 'LogicGate' <Latency = 0> <II = 1> <Delay = 0.97> <FuncUnit> <Opcode : 'and' 'or' 'xor'> <InPorts = 2> <OutPorts = 1>
ST_4 : Operation 87 [1/1] (1.02ns) (out node of the LUT)   --->   "%select_ln117_118 = select i1 %or_ln117_115, i4 %select_ln117_117, i4 10" [firmware/BDT.h:117]   --->   Operation 87 'select' 'select_ln117_118' <Predicate = true> <Delay = 1.02> <CoreInst = "Sel">   --->   Core 73 'Sel' <Latency = 0> <II = 1> <Delay = 1.02> <FuncUnit> <Opcode : 'select'> <InPorts = 3> <OutPorts = 1>
ST_4 : Operation 88 [1/1] (0.97ns)   --->   "%or_ln117_117 = or i1 %or_ln117_115, i1 %and_ln102_146" [firmware/BDT.h:117]   --->   Operation 88 'or' 'or_ln117_117' <Predicate = true> <Delay = 0.97> <CoreInst = "LogicGate">   --->   Core 74 'LogicGate' <Latency = 0> <II = 1> <Delay = 0.97> <FuncUnit> <Opcode : 'and' 'or' 'xor'> <InPorts = 2> <OutPorts = 1>
ST_4 : Operation 89 [1/1] (0.00ns) (grouped into LUT with out node select_ln117_120)   --->   "%select_ln117_119 = select i1 %or_ln117_116, i4 %select_ln117_118, i4 11" [firmware/BDT.h:117]   --->   Operation 89 'select' 'select_ln117_119' <Predicate = true> <Delay = 0.00> <CoreInst = "Sel">   --->   Core 73 'Sel' <Latency = 0> <II = 1> <Delay = 1.02> <FuncUnit> <Opcode : 'select'> <InPorts = 3> <OutPorts = 1>
ST_4 : Operation 90 [1/1] (0.00ns) (grouped into LUT with out node select_ln117_122)   --->   "%or_ln117_118 = or i1 %or_ln117_117, i1 %and_ln102_153" [firmware/BDT.h:117]   --->   Operation 90 'or' 'or_ln117_118' <Predicate = true> <Delay = 0.00> <CoreInst = "LogicGate">   --->   Core 74 'LogicGate' <Latency = 0> <II = 1> <Delay = 0.97> <FuncUnit> <Opcode : 'and' 'or' 'xor'> <InPorts = 2> <OutPorts = 1>
ST_4 : Operation 91 [1/1] (1.02ns) (out node of the LUT)   --->   "%select_ln117_120 = select i1 %or_ln117_117, i4 %select_ln117_119, i4 12" [firmware/BDT.h:117]   --->   Operation 91 'select' 'select_ln117_120' <Predicate = true> <Delay = 1.02> <CoreInst = "Sel">   --->   Core 73 'Sel' <Latency = 0> <II = 1> <Delay = 1.02> <FuncUnit> <Opcode : 'select'> <InPorts = 3> <OutPorts = 1>
ST_4 : Operation 92 [1/1] (0.97ns)   --->   "%or_ln117_119 = or i1 %or_ln117_115, i1 %and_ln102_142" [firmware/BDT.h:117]   --->   Operation 92 'or' 'or_ln117_119' <Predicate = true> <Delay = 0.97> <CoreInst = "LogicGate">   --->   Core 74 'LogicGate' <Latency = 0> <II = 1> <Delay = 0.97> <FuncUnit> <Opcode : 'and' 'or' 'xor'> <InPorts = 2> <OutPorts = 1>
ST_4 : Operation 93 [1/1] (0.00ns) (grouped into LUT with out node select_ln117_122)   --->   "%select_ln117_121 = select i1 %or_ln117_118, i4 %select_ln117_120, i4 13" [firmware/BDT.h:117]   --->   Operation 93 'select' 'select_ln117_121' <Predicate = true> <Delay = 0.00> <CoreInst = "Sel">   --->   Core 73 'Sel' <Latency = 0> <II = 1> <Delay = 1.02> <FuncUnit> <Opcode : 'select'> <InPorts = 3> <OutPorts = 1>
ST_4 : Operation 94 [1/1] (1.02ns) (out node of the LUT)   --->   "%select_ln117_122 = select i1 %or_ln117_119, i4 %select_ln117_121, i4 14" [firmware/BDT.h:117]   --->   Operation 94 'select' 'select_ln117_122' <Predicate = true> <Delay = 1.02> <CoreInst = "Sel">   --->   Core 73 'Sel' <Latency = 0> <II = 1> <Delay = 1.02> <FuncUnit> <Opcode : 'select'> <InPorts = 3> <OutPorts = 1>

State 5 <SV = 4> <Delay = 3.17>
ST_5 : Operation 95 [1/1] (0.97ns)   --->   "%and_ln102_147 = and i1 %icmp_ln86_122, i1 %and_ln104_25" [firmware/BDT.h:102]   --->   Operation 95 'and' 'and_ln102_147' <Predicate = true> <Delay = 0.97> <CoreInst = "LogicGate">   --->   Core 74 'LogicGate' <Latency = 0> <II = 1> <Delay = 0.97> <FuncUnit> <Opcode : 'and' 'or' 'xor'> <InPorts = 2> <OutPorts = 1>
ST_5 : Operation 96 [1/1] (0.00ns) (grouped into LUT with out node select_ln117_124)   --->   "%and_ln102_154 = and i1 %icmp_ln86_127, i1 %and_ln102_147" [firmware/BDT.h:102]   --->   Operation 96 'and' 'and_ln102_154' <Predicate = true> <Delay = 0.00> <CoreInst = "LogicGate">   --->   Core 74 'LogicGate' <Latency = 0> <II = 1> <Delay = 0.97> <FuncUnit> <Opcode : 'and' 'or' 'xor'> <InPorts = 2> <OutPorts = 1>
ST_5 : Operation 97 [1/1] (0.00ns) (grouped into LUT with out node select_ln117_124)   --->   "%or_ln117_120 = or i1 %or_ln117_119, i1 %and_ln102_154" [firmware/BDT.h:117]   --->   Operation 97 'or' 'or_ln117_120' <Predicate = true> <Delay = 0.00> <CoreInst = "LogicGate">   --->   Core 74 'LogicGate' <Latency = 0> <II = 1> <Delay = 0.97> <FuncUnit> <Opcode : 'and' 'or' 'xor'> <InPorts = 2> <OutPorts = 1>
ST_5 : Operation 98 [1/1] (0.97ns)   --->   "%or_ln117_121 = or i1 %or_ln117_119, i1 %and_ln102_147" [firmware/BDT.h:117]   --->   Operation 98 'or' 'or_ln117_121' <Predicate = true> <Delay = 0.97> <CoreInst = "LogicGate">   --->   Core 74 'LogicGate' <Latency = 0> <II = 1> <Delay = 0.97> <FuncUnit> <Opcode : 'and' 'or' 'xor'> <InPorts = 2> <OutPorts = 1>
ST_5 : Operation 99 [1/1] (0.00ns) (grouped into LUT with out node select_ln117_124)   --->   "%select_ln117_123 = select i1 %or_ln117_120, i4 %select_ln117_122, i4 15" [firmware/BDT.h:117]   --->   Operation 99 'select' 'select_ln117_123' <Predicate = true> <Delay = 0.00> <CoreInst = "Sel">   --->   Core 73 'Sel' <Latency = 0> <II = 1> <Delay = 1.02> <FuncUnit> <Opcode : 'select'> <InPorts = 3> <OutPorts = 1>
ST_5 : Operation 100 [1/1] (0.00ns) (grouped into LUT with out node select_ln117_124)   --->   "%zext_ln117_15 = zext i4 %select_ln117_123" [firmware/BDT.h:117]   --->   Operation 100 'zext' 'zext_ln117_15' <Predicate = true> <Delay = 0.00>
ST_5 : Operation 101 [1/1] (1.21ns) (out node of the LUT)   --->   "%select_ln117_124 = select i1 %or_ln117_121, i5 %zext_ln117_15, i5 16" [firmware/BDT.h:117]   --->   Operation 101 'select' 'select_ln117_124' <Predicate = true> <Delay = 1.21> <CoreInst = "Sel">   --->   Core 73 'Sel' <Latency = 0> <II = 1> <Delay = 1.21> <FuncUnit> <Opcode : 'select'> <InPorts = 3> <OutPorts = 1>

State 6 <SV = 5> <Delay = 2.84>
ST_6 : Operation 102 [1/1] (0.00ns)   --->   "%specpipeline_ln86 = specpipeline void @_ssdm_op_SpecPipeline, i32 1, i32 0, i32 0, i32 0, void @empty_13" [firmware/BDT.h:86]   --->   Operation 102 'specpipeline' 'specpipeline_ln86' <Predicate = true> <Delay = 0.00>
ST_6 : Operation 103 [1/1] (0.00ns) (grouped into LUT with out node agg_result)   --->   "%xor_ln104_61 = xor i1 %icmp_ln86_122, i1 1" [firmware/BDT.h:104]   --->   Operation 103 'xor' 'xor_ln104_61' <Predicate = true> <Delay = 0.00> <CoreInst = "LogicGate">   --->   Core 74 'LogicGate' <Latency = 0> <II = 1> <Delay = 0.97> <FuncUnit> <Opcode : 'and' 'or' 'xor'> <InPorts = 2> <OutPorts = 1>
ST_6 : Operation 104 [1/1] (0.00ns) (grouped into LUT with out node agg_result)   --->   "%and_ln102_155 = and i1 %icmp_ln86_128, i1 %xor_ln104_61" [firmware/BDT.h:102]   --->   Operation 104 'and' 'and_ln102_155' <Predicate = true> <Delay = 0.00> <CoreInst = "LogicGate">   --->   Core 74 'LogicGate' <Latency = 0> <II = 1> <Delay = 0.97> <FuncUnit> <Opcode : 'and' 'or' 'xor'> <InPorts = 2> <OutPorts = 1>
ST_6 : Operation 105 [1/1] (0.00ns) (grouped into LUT with out node agg_result)   --->   "%and_ln102_156 = and i1 %and_ln102_155, i1 %and_ln104_25" [firmware/BDT.h:102]   --->   Operation 105 'and' 'and_ln102_156' <Predicate = true> <Delay = 0.00> <CoreInst = "LogicGate">   --->   Core 74 'LogicGate' <Latency = 0> <II = 1> <Delay = 0.97> <FuncUnit> <Opcode : 'and' 'or' 'xor'> <InPorts = 2> <OutPorts = 1>
ST_6 : Operation 106 [1/1] (0.00ns) (grouped into LUT with out node agg_result)   --->   "%or_ln117_122 = or i1 %or_ln117_121, i1 %and_ln102_156" [firmware/BDT.h:117]   --->   Operation 106 'or' 'or_ln117_122' <Predicate = true> <Delay = 0.00> <CoreInst = "LogicGate">   --->   Core 74 'LogicGate' <Latency = 0> <II = 1> <Delay = 0.97> <FuncUnit> <Opcode : 'and' 'or' 'xor'> <InPorts = 2> <OutPorts = 1>
ST_6 : Operation 107 [1/1] (0.00ns) (grouped into LUT with out node agg_result)   --->   "%select_ln117_125 = select i1 %or_ln117_122, i5 %select_ln117_124, i5 17" [firmware/BDT.h:117]   --->   Operation 107 'select' 'select_ln117_125' <Predicate = true> <Delay = 0.00> <CoreInst = "Sel">   --->   Core 73 'Sel' <Latency = 0> <II = 1> <Delay = 1.21> <FuncUnit> <Opcode : 'select'> <InPorts = 3> <OutPorts = 1>
ST_6 : Operation 108 [1/1] (2.84ns) (out node of the LUT)   --->   "%agg_result = sparsemux i12 @_ssdm_op_SparseMux.ap_auto.18i12.i12.i5, i5 0, i12 3683, i5 1, i12 1100, i5 2, i12 3556, i5 3, i12 3629, i5 4, i12 3786, i5 5, i12 623, i5 6, i12 12, i5 7, i12 1801, i5 8, i12 247, i5 9, i12 3762, i5 10, i12 4092, i5 11, i12 76, i5 12, i12 3871, i5 13, i12 4085, i5 14, i12 137, i5 15, i12 3360, i5 16, i12 3217, i5 17, i12 4095, i12 0, i5 %select_ln117_125" [firmware/BDT.h:118]   --->   Operation 108 'sparsemux' 'agg_result' <Predicate = true> <Delay = 2.84> <CoreInst = "SparseMux">   --->   Core 132 'SparseMux' <Latency = 0> <II = 1> <Delay = 2.84> <FuncUnit> <Opcode : 'sparsemux'> <InPorts = 2> <OutPorts = 1>
ST_6 : Operation 109 [1/1] (0.00ns)   --->   "%ret_ln122 = ret i12 %agg_result" [firmware/BDT.h:122]   --->   Operation 109 'ret' 'ret_ln122' <Predicate = true> <Delay = 0.00>


============================================================
+ Verbose Summary: Timing violations
============================================================
Target clock period: 5.000ns, clock uncertainty: 1.350ns.

 <State 1>: 3.114ns
The critical path consists of the following:
	wire read operation ('p_read37', firmware/BDT.h:86) on port 'p_read3' (firmware/BDT.h:86) [27]  (0.000 ns)
	'icmp' operation 1 bit ('icmp_ln86', firmware/BDT.h:86) [30]  (2.136 ns)
	'xor' operation 1 bit ('xor_ln104', firmware/BDT.h:104) [47]  (0.978 ns)

 <State 2>: 2.934ns
The critical path consists of the following:
	'and' operation 1 bit ('and_ln102', firmware/BDT.h:102) [48]  (0.978 ns)
	'or' operation 1 bit ('or_ln117', firmware/BDT.h:117) [82]  (0.978 ns)
	'or' operation 1 bit ('or_ln117_109', firmware/BDT.h:117) [84]  (0.978 ns)

 <State 3>: 2.997ns
The critical path consists of the following:
	'and' operation 1 bit ('and_ln102_140', firmware/BDT.h:102) [54]  (0.000 ns)
	'xor' operation 1 bit ('xor_ln117', firmware/BDT.h:117) [80]  (0.000 ns)
	'select' operation 2 bit ('select_ln117', firmware/BDT.h:117) [83]  (0.000 ns)
	'select' operation 2 bit ('select_ln117_111', firmware/BDT.h:117) [85]  (0.000 ns)
	'select' operation 3 bit ('select_ln117_112', firmware/BDT.h:117) [88]  (0.993 ns)
	'select' operation 3 bit ('select_ln117_113', firmware/BDT.h:117) [90]  (0.000 ns)
	'select' operation 3 bit ('select_ln117_114', firmware/BDT.h:117) [92]  (0.980 ns)
	'select' operation 3 bit ('select_ln117_115', firmware/BDT.h:117) [94]  (0.000 ns)
	'select' operation 4 bit ('select_ln117_116', firmware/BDT.h:117) [97]  (1.024 ns)

 <State 4>: 3.072ns
The critical path consists of the following:
	'xor' operation 1 bit ('xor_ln104_59', firmware/BDT.h:104) [66]  (0.000 ns)
	'and' operation 1 bit ('and_ln102_149', firmware/BDT.h:102) [72]  (0.000 ns)
	'and' operation 1 bit ('and_ln102_150', firmware/BDT.h:102) [73]  (0.000 ns)
	'or' operation 1 bit ('or_ln117_114', firmware/BDT.h:117) [96]  (0.000 ns)
	'select' operation 4 bit ('select_ln117_117', firmware/BDT.h:117) [99]  (0.000 ns)
	'select' operation 4 bit ('select_ln117_118', firmware/BDT.h:117) [101]  (1.024 ns)
	'select' operation 4 bit ('select_ln117_119', firmware/BDT.h:117) [103]  (0.000 ns)
	'select' operation 4 bit ('select_ln117_120', firmware/BDT.h:117) [105]  (1.024 ns)
	'select' operation 4 bit ('select_ln117_121', firmware/BDT.h:117) [107]  (0.000 ns)
	'select' operation 4 bit ('select_ln117_122', firmware/BDT.h:117) [109]  (1.024 ns)

 <State 5>: 3.171ns
The critical path consists of the following:
	'and' operation 1 bit ('and_ln102_147', firmware/BDT.h:102) [69]  (0.978 ns)
	'or' operation 1 bit ('or_ln117_121', firmware/BDT.h:117) [110]  (0.978 ns)
	'select' operation 5 bit ('select_ln117_124', firmware/BDT.h:117) [114]  (1.215 ns)

 <State 6>: 2.841ns
The critical path consists of the following:
	'xor' operation 1 bit ('xor_ln104_61', firmware/BDT.h:104) [70]  (0.000 ns)
	'and' operation 1 bit ('and_ln102_155', firmware/BDT.h:102) [78]  (0.000 ns)
	'and' operation 1 bit ('and_ln102_156', firmware/BDT.h:102) [79]  (0.000 ns)
	'or' operation 1 bit ('or_ln117_122', firmware/BDT.h:117) [113]  (0.000 ns)
	'select' operation 5 bit ('select_ln117_125', firmware/BDT.h:117) [115]  (0.000 ns)
	'sparsemux' operation 12 bit ('agg_result', firmware/BDT.h:118) [116]  (2.841 ns)


============================================================
+ Verbose Summary: Binding
============================================================
N/A
* FSMD analyzer results:
  - Output states:
 - Input state : 
  - Chain level:
	State 1
	State 2
	State 3
	State 4
	State 5
	State 6


============================================================
+ Verbose Summary: Datapath Resource usage 
============================================================
N/A
