

================================================================
== Vitis HLS Report for 'decision_function_38'
================================================================
* Date:           Thu Jan 23 13:48:01 2025

* Version:        2024.1 (Build 5069499 on May 21 2024)
* Project:        conifer_jettag
* Solution:       solution1 (Vivado IP Flow Target)
* Product family: zynq
* Target device:  xc7z020-clg400-1


================================================================
== Performance Estimates
================================================================
+ Timing: 
    * Summary: 
    +--------+---------+----------+------------+
    |  Clock |  Target | Estimated| Uncertainty|
    +--------+---------+----------+------------+
    |ap_clk  |  5.00 ns|  3.645 ns|     1.35 ns|
    +--------+---------+----------+------------+

+ Latency: 
    * Summary: 
    +---------+---------+-----------+-----------+-----+-----+---------+
    |  Latency (cycles) |   Latency (absolute)  |  Interval | Pipeline|
    |   min   |   max   |    min    |    max    | min | max |   Type  |
    +---------+---------+-----------+-----------+-----+-----+---------+
    |        7|        7|  35.000 ns|  35.000 ns|    1|    1|      yes|
    +---------+---------+-----------+-----------+-----+-----+---------+

    + Detail: 
        * Instance: 
        N/A

        * Loop: 
        N/A

============================================================
+ Verbose Summary: Synthesis Manager
============================================================
InlineROM: 1
ExposeGlobal: 0
============================================================
+ Verbose Summary: CDFG Model
============================================================
IsTopModel: 0
ResetActiveHigh: 1
IsCombinational: 0
IsDatapathOnly: 0
HasWiredReturn: 1
HasMFsm: 2
HasVarLatency: 0
IsPipeline: 1
IsRtlPipelined: 1
IsInstanceOverlapped: 0
IsDontTouch: 0
HasImplIP: 0
IsGatedGlobalClock: 0

+ Individual pipeline summary: 
  * Pipeline-0: initiation interval (II) = 1, depth = 8


============================================================
+ Verbose Summary: Schedule
============================================================
* Number of FSM states : 8
* Pipeline : 1
  Pipeline-0 : II = 1, D = 8, States = { 1 2 3 4 5 6 7 8 }
* Dataflow Pipeline: 0

* FSM state transitions: 
1 --> 2 
2 --> 3 
3 --> 4 
4 --> 5 
5 --> 6 
6 --> 7 
7 --> 8 
8 --> 

* FSM state operations: 

State 1 <SV = 0> <Delay = 3.11>
ST_1 : Operation 9 [1/1] (0.00ns)   --->   "%p_read2231 = read i18 @_ssdm_op_Read.ap_auto.i18, i18 %p_read22" [firmware/BDT.h:86]   --->   Operation 9 'read' 'p_read2231' <Predicate = true> <Delay = 0.00>
ST_1 : Operation 10 [1/1] (0.00ns)   --->   "%p_read2130 = read i18 @_ssdm_op_Read.ap_auto.i18, i18 %p_read21" [firmware/BDT.h:86]   --->   Operation 10 'read' 'p_read2130' <Predicate = true> <Delay = 0.00>
ST_1 : Operation 11 [1/1] (0.00ns)   --->   "%p_read2029 = read i18 @_ssdm_op_Read.ap_auto.i18, i18 %p_read20" [firmware/BDT.h:86]   --->   Operation 11 'read' 'p_read2029' <Predicate = true> <Delay = 0.00>
ST_1 : Operation 12 [1/1] (0.00ns)   --->   "%p_read = read i18 @_ssdm_op_Read.ap_auto.i18, i18 %p_read19" [firmware/BDT.h:86]   --->   Operation 12 'read' 'p_read' <Predicate = true> <Delay = 0.00>
ST_1 : Operation 13 [1/1] (0.00ns)   --->   "%p_read_423 = read i18 @_ssdm_op_Read.ap_auto.i18, i18 %p_read18" [firmware/BDT.h:86]   --->   Operation 13 'read' 'p_read_423' <Predicate = true> <Delay = 0.00>
ST_1 : Operation 14 [1/1] (0.00ns)   --->   "%p_read_424 = read i18 @_ssdm_op_Read.ap_auto.i18, i18 %p_read17" [firmware/BDT.h:86]   --->   Operation 14 'read' 'p_read_424' <Predicate = true> <Delay = 0.00>
ST_1 : Operation 15 [1/1] (0.00ns)   --->   "%p_read_425 = read i18 @_ssdm_op_Read.ap_auto.i18, i18 %p_read16" [firmware/BDT.h:86]   --->   Operation 15 'read' 'p_read_425' <Predicate = true> <Delay = 0.00>
ST_1 : Operation 16 [1/1] (0.00ns)   --->   "%p_read_426 = read i18 @_ssdm_op_Read.ap_auto.i18, i18 %p_read15" [firmware/BDT.h:86]   --->   Operation 16 'read' 'p_read_426' <Predicate = true> <Delay = 0.00>
ST_1 : Operation 17 [1/1] (0.00ns)   --->   "%p_read1423 = read i18 @_ssdm_op_Read.ap_auto.i18, i18 %p_read14" [firmware/BDT.h:86]   --->   Operation 17 'read' 'p_read1423' <Predicate = true> <Delay = 0.00>
ST_1 : Operation 18 [1/1] (0.00ns)   --->   "%p_read1322 = read i18 @_ssdm_op_Read.ap_auto.i18, i18 %p_read13" [firmware/BDT.h:86]   --->   Operation 18 'read' 'p_read1322' <Predicate = true> <Delay = 0.00>
ST_1 : Operation 19 [1/1] (0.00ns)   --->   "%p_read1221 = read i18 @_ssdm_op_Read.ap_auto.i18, i18 %p_read12" [firmware/BDT.h:86]   --->   Operation 19 'read' 'p_read1221' <Predicate = true> <Delay = 0.00>
ST_1 : Operation 20 [1/1] (0.00ns)   --->   "%p_read1120 = read i18 @_ssdm_op_Read.ap_auto.i18, i18 %p_read11" [firmware/BDT.h:86]   --->   Operation 20 'read' 'p_read1120' <Predicate = true> <Delay = 0.00>
ST_1 : Operation 21 [1/1] (0.00ns)   --->   "%p_read1019 = read i18 @_ssdm_op_Read.ap_auto.i18, i18 %p_read10" [firmware/BDT.h:86]   --->   Operation 21 'read' 'p_read1019' <Predicate = true> <Delay = 0.00>
ST_1 : Operation 22 [1/1] (0.00ns)   --->   "%p_read918 = read i18 @_ssdm_op_Read.ap_auto.i18, i18 %p_read9" [firmware/BDT.h:86]   --->   Operation 22 'read' 'p_read918' <Predicate = true> <Delay = 0.00>
ST_1 : Operation 23 [1/1] (0.00ns)   --->   "%p_read817 = read i18 @_ssdm_op_Read.ap_auto.i18, i18 %p_read8" [firmware/BDT.h:86]   --->   Operation 23 'read' 'p_read817' <Predicate = true> <Delay = 0.00>
ST_1 : Operation 24 [1/1] (0.00ns)   --->   "%p_read716 = read i18 @_ssdm_op_Read.ap_auto.i18, i18 %p_read7" [firmware/BDT.h:86]   --->   Operation 24 'read' 'p_read716' <Predicate = true> <Delay = 0.00>
ST_1 : Operation 25 [1/1] (0.00ns)   --->   "%p_read615 = read i18 @_ssdm_op_Read.ap_auto.i18, i18 %p_read6" [firmware/BDT.h:86]   --->   Operation 25 'read' 'p_read615' <Predicate = true> <Delay = 0.00>
ST_1 : Operation 26 [1/1] (0.00ns)   --->   "%p_read514 = read i18 @_ssdm_op_Read.ap_auto.i18, i18 %p_read5" [firmware/BDT.h:86]   --->   Operation 26 'read' 'p_read514' <Predicate = true> <Delay = 0.00>
ST_1 : Operation 27 [1/1] (0.00ns)   --->   "%p_read413 = read i18 @_ssdm_op_Read.ap_auto.i18, i18 %p_read4" [firmware/BDT.h:86]   --->   Operation 27 'read' 'p_read413' <Predicate = true> <Delay = 0.00>
ST_1 : Operation 28 [1/1] (0.00ns)   --->   "%p_read312 = read i18 @_ssdm_op_Read.ap_auto.i18, i18 %p_read3" [firmware/BDT.h:86]   --->   Operation 28 'read' 'p_read312' <Predicate = true> <Delay = 0.00>
ST_1 : Operation 29 [1/1] (0.00ns)   --->   "%p_read211 = read i18 @_ssdm_op_Read.ap_auto.i18, i18 %p_read2" [firmware/BDT.h:86]   --->   Operation 29 'read' 'p_read211' <Predicate = true> <Delay = 0.00>
ST_1 : Operation 30 [1/1] (0.00ns)   --->   "%p_read110 = read i18 @_ssdm_op_Read.ap_auto.i18, i18 %p_read1" [firmware/BDT.h:86]   --->   Operation 30 'read' 'p_read110' <Predicate = true> <Delay = 0.00>
ST_1 : Operation 31 [1/1] (2.13ns)   --->   "%icmp_ln86 = icmp_slt  i18 %p_read2029, i18 76961" [firmware/BDT.h:86]   --->   Operation 31 'icmp' 'icmp_ln86' <Predicate = true> <Delay = 2.13> <CoreInst = "Cmp">   --->   Core 9 'Cmp' <Latency = 0> <II = 1> <Delay = 2.13> <FuncUnit> <Opcode : 'seteq' 'setne' 'setle' 'setge' 'setlt' 'setgt'> <InPorts = 2> <OutPorts = 1>
ST_1 : Operation 32 [1/1] (2.13ns)   --->   "%icmp_ln86_988 = icmp_slt  i18 %p_read_425, i18 1219" [firmware/BDT.h:86]   --->   Operation 32 'icmp' 'icmp_ln86_988' <Predicate = true> <Delay = 2.13> <CoreInst = "Cmp">   --->   Core 9 'Cmp' <Latency = 0> <II = 1> <Delay = 2.13> <FuncUnit> <Opcode : 'seteq' 'setne' 'setle' 'setge' 'setlt' 'setgt'> <InPorts = 2> <OutPorts = 1>
ST_1 : Operation 33 [1/1] (2.13ns)   --->   "%icmp_ln86_989 = icmp_slt  i18 %p_read, i18 84188" [firmware/BDT.h:86]   --->   Operation 33 'icmp' 'icmp_ln86_989' <Predicate = true> <Delay = 2.13> <CoreInst = "Cmp">   --->   Core 9 'Cmp' <Latency = 0> <II = 1> <Delay = 2.13> <FuncUnit> <Opcode : 'seteq' 'setne' 'setle' 'setge' 'setlt' 'setgt'> <InPorts = 2> <OutPorts = 1>
ST_1 : Operation 34 [1/1] (2.13ns)   --->   "%icmp_ln86_990 = icmp_slt  i18 %p_read918, i18 84" [firmware/BDT.h:86]   --->   Operation 34 'icmp' 'icmp_ln86_990' <Predicate = true> <Delay = 2.13> <CoreInst = "Cmp">   --->   Core 9 'Cmp' <Latency = 0> <II = 1> <Delay = 2.13> <FuncUnit> <Opcode : 'seteq' 'setne' 'setle' 'setge' 'setlt' 'setgt'> <InPorts = 2> <OutPorts = 1>
ST_1 : Operation 35 [1/1] (2.13ns)   --->   "%icmp_ln86_991 = icmp_slt  i18 %p_read2231, i18 29185" [firmware/BDT.h:86]   --->   Operation 35 'icmp' 'icmp_ln86_991' <Predicate = true> <Delay = 2.13> <CoreInst = "Cmp">   --->   Core 9 'Cmp' <Latency = 0> <II = 1> <Delay = 2.13> <FuncUnit> <Opcode : 'seteq' 'setne' 'setle' 'setge' 'setlt' 'setgt'> <InPorts = 2> <OutPorts = 1>
ST_1 : Operation 36 [1/1] (2.13ns)   --->   "%icmp_ln86_992 = icmp_slt  i18 %p_read817, i18 3962" [firmware/BDT.h:86]   --->   Operation 36 'icmp' 'icmp_ln86_992' <Predicate = true> <Delay = 2.13> <CoreInst = "Cmp">   --->   Core 9 'Cmp' <Latency = 0> <II = 1> <Delay = 2.13> <FuncUnit> <Opcode : 'seteq' 'setne' 'setle' 'setge' 'setlt' 'setgt'> <InPorts = 2> <OutPorts = 1>
ST_1 : Operation 37 [1/1] (2.13ns)   --->   "%icmp_ln86_993 = icmp_slt  i18 %p_read615, i18 7" [firmware/BDT.h:86]   --->   Operation 37 'icmp' 'icmp_ln86_993' <Predicate = true> <Delay = 2.13> <CoreInst = "Cmp">   --->   Core 9 'Cmp' <Latency = 0> <II = 1> <Delay = 2.13> <FuncUnit> <Opcode : 'seteq' 'setne' 'setle' 'setge' 'setlt' 'setgt'> <InPorts = 2> <OutPorts = 1>
ST_1 : Operation 38 [1/1] (2.13ns)   --->   "%icmp_ln86_994 = icmp_slt  i18 %p_read1322, i18 472" [firmware/BDT.h:86]   --->   Operation 38 'icmp' 'icmp_ln86_994' <Predicate = true> <Delay = 2.13> <CoreInst = "Cmp">   --->   Core 9 'Cmp' <Latency = 0> <II = 1> <Delay = 2.13> <FuncUnit> <Opcode : 'seteq' 'setne' 'setle' 'setge' 'setlt' 'setgt'> <InPorts = 2> <OutPorts = 1>
ST_1 : Operation 39 [1/1] (2.13ns)   --->   "%icmp_ln86_995 = icmp_slt  i18 %p_read1221, i18 870" [firmware/BDT.h:86]   --->   Operation 39 'icmp' 'icmp_ln86_995' <Predicate = true> <Delay = 2.13> <CoreInst = "Cmp">   --->   Core 9 'Cmp' <Latency = 0> <II = 1> <Delay = 2.13> <FuncUnit> <Opcode : 'seteq' 'setne' 'setle' 'setge' 'setlt' 'setgt'> <InPorts = 2> <OutPorts = 1>
ST_1 : Operation 40 [1/1] (2.13ns)   --->   "%icmp_ln86_996 = icmp_slt  i18 %p_read_426, i18 1" [firmware/BDT.h:86]   --->   Operation 40 'icmp' 'icmp_ln86_996' <Predicate = true> <Delay = 2.13> <CoreInst = "Cmp">   --->   Core 9 'Cmp' <Latency = 0> <II = 1> <Delay = 2.13> <FuncUnit> <Opcode : 'seteq' 'setne' 'setle' 'setge' 'setlt' 'setgt'> <InPorts = 2> <OutPorts = 1>
ST_1 : Operation 41 [1/1] (2.13ns)   --->   "%icmp_ln86_997 = icmp_slt  i18 %p_read312, i18 4515" [firmware/BDT.h:86]   --->   Operation 41 'icmp' 'icmp_ln86_997' <Predicate = true> <Delay = 2.13> <CoreInst = "Cmp">   --->   Core 9 'Cmp' <Latency = 0> <II = 1> <Delay = 2.13> <FuncUnit> <Opcode : 'seteq' 'setne' 'setle' 'setge' 'setlt' 'setgt'> <InPorts = 2> <OutPorts = 1>
ST_1 : Operation 42 [1/1] (2.13ns)   --->   "%icmp_ln86_998 = icmp_slt  i18 %p_read716, i18 26" [firmware/BDT.h:86]   --->   Operation 42 'icmp' 'icmp_ln86_998' <Predicate = true> <Delay = 2.13> <CoreInst = "Cmp">   --->   Core 9 'Cmp' <Latency = 0> <II = 1> <Delay = 2.13> <FuncUnit> <Opcode : 'seteq' 'setne' 'setle' 'setge' 'setlt' 'setgt'> <InPorts = 2> <OutPorts = 1>
ST_1 : Operation 43 [1/1] (2.13ns)   --->   "%icmp_ln86_999 = icmp_slt  i18 %p_read716, i18 28" [firmware/BDT.h:86]   --->   Operation 43 'icmp' 'icmp_ln86_999' <Predicate = true> <Delay = 2.13> <CoreInst = "Cmp">   --->   Core 9 'Cmp' <Latency = 0> <II = 1> <Delay = 2.13> <FuncUnit> <Opcode : 'seteq' 'setne' 'setle' 'setge' 'setlt' 'setgt'> <InPorts = 2> <OutPorts = 1>
ST_1 : Operation 44 [1/1] (2.13ns)   --->   "%icmp_ln86_1000 = icmp_slt  i18 %p_read110, i18 80350" [firmware/BDT.h:86]   --->   Operation 44 'icmp' 'icmp_ln86_1000' <Predicate = true> <Delay = 2.13> <CoreInst = "Cmp">   --->   Core 9 'Cmp' <Latency = 0> <II = 1> <Delay = 2.13> <FuncUnit> <Opcode : 'seteq' 'setne' 'setle' 'setge' 'setlt' 'setgt'> <InPorts = 2> <OutPorts = 1>
ST_1 : Operation 45 [1/1] (2.13ns)   --->   "%icmp_ln86_1001 = icmp_slt  i18 %p_read1322, i18 214" [firmware/BDT.h:86]   --->   Operation 45 'icmp' 'icmp_ln86_1001' <Predicate = true> <Delay = 2.13> <CoreInst = "Cmp">   --->   Core 9 'Cmp' <Latency = 0> <II = 1> <Delay = 2.13> <FuncUnit> <Opcode : 'seteq' 'setne' 'setle' 'setge' 'setlt' 'setgt'> <InPorts = 2> <OutPorts = 1>
ST_1 : Operation 46 [1/1] (2.13ns)   --->   "%icmp_ln86_1002 = icmp_slt  i18 %p_read1221, i18 885" [firmware/BDT.h:86]   --->   Operation 46 'icmp' 'icmp_ln86_1002' <Predicate = true> <Delay = 2.13> <CoreInst = "Cmp">   --->   Core 9 'Cmp' <Latency = 0> <II = 1> <Delay = 2.13> <FuncUnit> <Opcode : 'seteq' 'setne' 'setle' 'setge' 'setlt' 'setgt'> <InPorts = 2> <OutPorts = 1>
ST_1 : Operation 47 [1/1] (2.13ns)   --->   "%icmp_ln86_1003 = icmp_slt  i18 %p_read817, i18 1211" [firmware/BDT.h:86]   --->   Operation 47 'icmp' 'icmp_ln86_1003' <Predicate = true> <Delay = 2.13> <CoreInst = "Cmp">   --->   Core 9 'Cmp' <Latency = 0> <II = 1> <Delay = 2.13> <FuncUnit> <Opcode : 'seteq' 'setne' 'setle' 'setge' 'setlt' 'setgt'> <InPorts = 2> <OutPorts = 1>
ST_1 : Operation 48 [1/1] (2.13ns)   --->   "%icmp_ln86_1004 = icmp_slt  i18 %p_read1019, i18 43" [firmware/BDT.h:86]   --->   Operation 48 'icmp' 'icmp_ln86_1004' <Predicate = true> <Delay = 2.13> <CoreInst = "Cmp">   --->   Core 9 'Cmp' <Latency = 0> <II = 1> <Delay = 2.13> <FuncUnit> <Opcode : 'seteq' 'setne' 'setle' 'setge' 'setlt' 'setgt'> <InPorts = 2> <OutPorts = 1>
ST_1 : Operation 49 [1/1] (0.00ns)   --->   "%tmp = partselect i17 @_ssdm_op_PartSelect.i17.i18.i32.i32, i18 %p_read1423, i32 1, i32 17" [firmware/BDT.h:86]   --->   Operation 49 'partselect' 'tmp' <Predicate = true> <Delay = 0.00>
ST_1 : Operation 50 [1/1] (2.10ns)   --->   "%icmp_ln86_1391 = icmp_slt  i17 %tmp, i17 1" [firmware/BDT.h:86]   --->   Operation 50 'icmp' 'icmp_ln86_1391' <Predicate = true> <Delay = 2.10> <CoreInst = "Cmp">   --->   Core 9 'Cmp' <Latency = 0> <II = 1> <Delay = 2.10> <FuncUnit> <Opcode : 'seteq' 'setne' 'setle' 'setge' 'setlt' 'setgt'> <InPorts = 2> <OutPorts = 1>
ST_1 : Operation 51 [1/1] (2.13ns)   --->   "%icmp_ln86_1006 = icmp_slt  i18 %p_read817, i18 251626" [firmware/BDT.h:86]   --->   Operation 51 'icmp' 'icmp_ln86_1006' <Predicate = true> <Delay = 2.13> <CoreInst = "Cmp">   --->   Core 9 'Cmp' <Latency = 0> <II = 1> <Delay = 2.13> <FuncUnit> <Opcode : 'seteq' 'setne' 'setle' 'setge' 'setlt' 'setgt'> <InPorts = 2> <OutPorts = 1>
ST_1 : Operation 52 [1/1] (2.13ns)   --->   "%icmp_ln86_1007 = icmp_slt  i18 %p_read_423, i18 34" [firmware/BDT.h:86]   --->   Operation 52 'icmp' 'icmp_ln86_1007' <Predicate = true> <Delay = 2.13> <CoreInst = "Cmp">   --->   Core 9 'Cmp' <Latency = 0> <II = 1> <Delay = 2.13> <FuncUnit> <Opcode : 'seteq' 'setne' 'setle' 'setge' 'setlt' 'setgt'> <InPorts = 2> <OutPorts = 1>
ST_1 : Operation 53 [1/1] (2.13ns)   --->   "%icmp_ln86_1008 = icmp_slt  i18 %p_read1322, i18 479" [firmware/BDT.h:86]   --->   Operation 53 'icmp' 'icmp_ln86_1008' <Predicate = true> <Delay = 2.13> <CoreInst = "Cmp">   --->   Core 9 'Cmp' <Latency = 0> <II = 1> <Delay = 2.13> <FuncUnit> <Opcode : 'seteq' 'setne' 'setle' 'setge' 'setlt' 'setgt'> <InPorts = 2> <OutPorts = 1>
ST_1 : Operation 54 [1/1] (2.13ns)   --->   "%icmp_ln86_1009 = icmp_slt  i18 %p_read211, i18 262136" [firmware/BDT.h:86]   --->   Operation 54 'icmp' 'icmp_ln86_1009' <Predicate = true> <Delay = 2.13> <CoreInst = "Cmp">   --->   Core 9 'Cmp' <Latency = 0> <II = 1> <Delay = 2.13> <FuncUnit> <Opcode : 'seteq' 'setne' 'setle' 'setge' 'setlt' 'setgt'> <InPorts = 2> <OutPorts = 1>
ST_1 : Operation 55 [1/1] (2.13ns)   --->   "%icmp_ln86_1010 = icmp_slt  i18 %p_read413, i18 1118" [firmware/BDT.h:86]   --->   Operation 55 'icmp' 'icmp_ln86_1010' <Predicate = true> <Delay = 2.13> <CoreInst = "Cmp">   --->   Core 9 'Cmp' <Latency = 0> <II = 1> <Delay = 2.13> <FuncUnit> <Opcode : 'seteq' 'setne' 'setle' 'setge' 'setlt' 'setgt'> <InPorts = 2> <OutPorts = 1>
ST_1 : Operation 56 [1/1] (2.13ns)   --->   "%icmp_ln86_1011 = icmp_slt  i18 %p_read_424, i18 1003" [firmware/BDT.h:86]   --->   Operation 56 'icmp' 'icmp_ln86_1011' <Predicate = true> <Delay = 2.13> <CoreInst = "Cmp">   --->   Core 9 'Cmp' <Latency = 0> <II = 1> <Delay = 2.13> <FuncUnit> <Opcode : 'seteq' 'setne' 'setle' 'setge' 'setlt' 'setgt'> <InPorts = 2> <OutPorts = 1>
ST_1 : Operation 57 [1/1] (2.13ns)   --->   "%icmp_ln86_1012 = icmp_slt  i18 %p_read1120, i18 763" [firmware/BDT.h:86]   --->   Operation 57 'icmp' 'icmp_ln86_1012' <Predicate = true> <Delay = 2.13> <CoreInst = "Cmp">   --->   Core 9 'Cmp' <Latency = 0> <II = 1> <Delay = 2.13> <FuncUnit> <Opcode : 'seteq' 'setne' 'setle' 'setge' 'setlt' 'setgt'> <InPorts = 2> <OutPorts = 1>
ST_1 : Operation 58 [1/1] (2.13ns)   --->   "%icmp_ln86_1013 = icmp_slt  i18 %p_read2130, i18 85155" [firmware/BDT.h:86]   --->   Operation 58 'icmp' 'icmp_ln86_1013' <Predicate = true> <Delay = 2.13> <CoreInst = "Cmp">   --->   Core 9 'Cmp' <Latency = 0> <II = 1> <Delay = 2.13> <FuncUnit> <Opcode : 'seteq' 'setne' 'setle' 'setge' 'setlt' 'setgt'> <InPorts = 2> <OutPorts = 1>
ST_1 : Operation 59 [1/1] (2.13ns)   --->   "%icmp_ln86_1014 = icmp_slt  i18 %p_read514, i18 757" [firmware/BDT.h:86]   --->   Operation 59 'icmp' 'icmp_ln86_1014' <Predicate = true> <Delay = 2.13> <CoreInst = "Cmp">   --->   Core 9 'Cmp' <Latency = 0> <II = 1> <Delay = 2.13> <FuncUnit> <Opcode : 'seteq' 'setne' 'setle' 'setge' 'setlt' 'setgt'> <InPorts = 2> <OutPorts = 1>
ST_1 : Operation 60 [1/1] (2.13ns)   --->   "%icmp_ln86_1015 = icmp_slt  i18 %p_read110, i18 216273" [firmware/BDT.h:86]   --->   Operation 60 'icmp' 'icmp_ln86_1015' <Predicate = true> <Delay = 2.13> <CoreInst = "Cmp">   --->   Core 9 'Cmp' <Latency = 0> <II = 1> <Delay = 2.13> <FuncUnit> <Opcode : 'seteq' 'setne' 'setle' 'setge' 'setlt' 'setgt'> <InPorts = 2> <OutPorts = 1>
ST_1 : Operation 61 [1/1] (2.13ns)   --->   "%icmp_ln86_1016 = icmp_slt  i18 %p_read514, i18 594" [firmware/BDT.h:86]   --->   Operation 61 'icmp' 'icmp_ln86_1016' <Predicate = true> <Delay = 2.13> <CoreInst = "Cmp">   --->   Core 9 'Cmp' <Latency = 0> <II = 1> <Delay = 2.13> <FuncUnit> <Opcode : 'seteq' 'setne' 'setle' 'setge' 'setlt' 'setgt'> <InPorts = 2> <OutPorts = 1>
ST_1 : Operation 62 [1/1] (0.97ns)   --->   "%and_ln102 = and i1 %icmp_ln86_988, i1 %icmp_ln86" [firmware/BDT.h:102]   --->   Operation 62 'and' 'and_ln102' <Predicate = true> <Delay = 0.97> <CoreInst = "LogicGate">   --->   Core 74 'LogicGate' <Latency = 0> <II = 1> <Delay = 0.97> <FuncUnit> <Opcode : 'and' 'or' 'xor'> <InPorts = 2> <OutPorts = 1>

State 2 <SV = 1> <Delay = 2.93>
ST_2 : Operation 63 [1/1] (0.00ns) (grouped into LUT with out node and_ln104)   --->   "%xor_ln104_474 = xor i1 %icmp_ln86_988, i1 1" [firmware/BDT.h:104]   --->   Operation 63 'xor' 'xor_ln104_474' <Predicate = (icmp_ln86)> <Delay = 0.00> <CoreInst = "LogicGate">   --->   Core 74 'LogicGate' <Latency = 0> <II = 1> <Delay = 0.97> <FuncUnit> <Opcode : 'and' 'or' 'xor'> <InPorts = 2> <OutPorts = 1>
ST_2 : Operation 64 [1/1] (0.97ns) (out node of the LUT)   --->   "%and_ln104 = and i1 %icmp_ln86, i1 %xor_ln104_474" [firmware/BDT.h:104]   --->   Operation 64 'and' 'and_ln104' <Predicate = (icmp_ln86)> <Delay = 0.97> <CoreInst = "LogicGate">   --->   Core 74 'LogicGate' <Latency = 0> <II = 1> <Delay = 0.97> <FuncUnit> <Opcode : 'and' 'or' 'xor'> <InPorts = 2> <OutPorts = 1>
ST_2 : Operation 65 [1/1] (0.97ns)   --->   "%and_ln102_950 = and i1 %icmp_ln86_990, i1 %and_ln102" [firmware/BDT.h:102]   --->   Operation 65 'and' 'and_ln102_950' <Predicate = (and_ln102 & icmp_ln86)> <Delay = 0.97> <CoreInst = "LogicGate">   --->   Core 74 'LogicGate' <Latency = 0> <II = 1> <Delay = 0.97> <FuncUnit> <Opcode : 'and' 'or' 'xor'> <InPorts = 2> <OutPorts = 1>
ST_2 : Operation 66 [1/1] (0.00ns) (grouped into LUT with out node and_ln104_193)   --->   "%xor_ln104_476 = xor i1 %icmp_ln86_990, i1 1" [firmware/BDT.h:104]   --->   Operation 66 'xor' 'xor_ln104_476' <Predicate = (and_ln102 & icmp_ln86)> <Delay = 0.00> <CoreInst = "LogicGate">   --->   Core 74 'LogicGate' <Latency = 0> <II = 1> <Delay = 0.97> <FuncUnit> <Opcode : 'and' 'or' 'xor'> <InPorts = 2> <OutPorts = 1>
ST_2 : Operation 67 [1/1] (0.97ns) (out node of the LUT)   --->   "%and_ln104_193 = and i1 %and_ln102, i1 %xor_ln104_476" [firmware/BDT.h:104]   --->   Operation 67 'and' 'and_ln104_193' <Predicate = (and_ln102 & icmp_ln86)> <Delay = 0.97> <CoreInst = "LogicGate">   --->   Core 74 'LogicGate' <Latency = 0> <II = 1> <Delay = 0.97> <FuncUnit> <Opcode : 'and' 'or' 'xor'> <InPorts = 2> <OutPorts = 1>
ST_2 : Operation 68 [1/1] (0.97ns)   --->   "%and_ln102_954 = and i1 %icmp_ln86_994, i1 %and_ln102_950" [firmware/BDT.h:102]   --->   Operation 68 'and' 'and_ln102_954' <Predicate = (and_ln102 & icmp_ln86)> <Delay = 0.97> <CoreInst = "LogicGate">   --->   Core 74 'LogicGate' <Latency = 0> <II = 1> <Delay = 0.97> <FuncUnit> <Opcode : 'and' 'or' 'xor'> <InPorts = 2> <OutPorts = 1>
ST_2 : Operation 69 [1/1] (0.00ns) (grouped into LUT with out node or_ln117)   --->   "%xor_ln104_480 = xor i1 %icmp_ln86_994, i1 1" [firmware/BDT.h:104]   --->   Operation 69 'xor' 'xor_ln104_480' <Predicate = (and_ln102 & icmp_ln86)> <Delay = 0.00> <CoreInst = "LogicGate">   --->   Core 74 'LogicGate' <Latency = 0> <II = 1> <Delay = 0.97> <FuncUnit> <Opcode : 'and' 'or' 'xor'> <InPorts = 2> <OutPorts = 1>
ST_2 : Operation 70 [1/1] (0.97ns)   --->   "%and_ln102_955 = and i1 %icmp_ln86_995, i1 %and_ln104_193" [firmware/BDT.h:102]   --->   Operation 70 'and' 'and_ln102_955' <Predicate = (and_ln102 & icmp_ln86)> <Delay = 0.97> <CoreInst = "LogicGate">   --->   Core 74 'LogicGate' <Latency = 0> <II = 1> <Delay = 0.97> <FuncUnit> <Opcode : 'and' 'or' 'xor'> <InPorts = 2> <OutPorts = 1>
ST_2 : Operation 71 [1/1] (0.00ns) (grouped into LUT with out node or_ln117)   --->   "%and_ln102_978 = and i1 %icmp_ln86_1002, i1 %xor_ln104_480" [firmware/BDT.h:102]   --->   Operation 71 'and' 'and_ln102_978' <Predicate = (and_ln102 & icmp_ln86)> <Delay = 0.00> <CoreInst = "LogicGate">   --->   Core 74 'LogicGate' <Latency = 0> <II = 1> <Delay = 0.97> <FuncUnit> <Opcode : 'and' 'or' 'xor'> <InPorts = 2> <OutPorts = 1>
ST_2 : Operation 72 [1/1] (0.00ns) (grouped into LUT with out node or_ln117)   --->   "%and_ln102_963 = and i1 %and_ln102_978, i1 %and_ln102_950" [firmware/BDT.h:102]   --->   Operation 72 'and' 'and_ln102_963' <Predicate = (and_ln102 & icmp_ln86)> <Delay = 0.00> <CoreInst = "LogicGate">   --->   Core 74 'LogicGate' <Latency = 0> <II = 1> <Delay = 0.97> <FuncUnit> <Opcode : 'and' 'or' 'xor'> <InPorts = 2> <OutPorts = 1>
ST_2 : Operation 73 [1/1] (0.97ns) (out node of the LUT)   --->   "%or_ln117 = or i1 %and_ln102_954, i1 %and_ln102_963" [firmware/BDT.h:117]   --->   Operation 73 'or' 'or_ln117' <Predicate = (and_ln102 & icmp_ln86)> <Delay = 0.97> <CoreInst = "LogicGate">   --->   Core 74 'LogicGate' <Latency = 0> <II = 1> <Delay = 0.97> <FuncUnit> <Opcode : 'and' 'or' 'xor'> <InPorts = 2> <OutPorts = 1>

State 3 <SV = 2> <Delay = 2.99>
ST_3 : Operation 74 [1/1] (0.97ns)   --->   "%xor_ln104 = xor i1 %icmp_ln86, i1 1" [firmware/BDT.h:104]   --->   Operation 74 'xor' 'xor_ln104' <Predicate = true> <Delay = 0.97> <CoreInst = "LogicGate">   --->   Core 74 'LogicGate' <Latency = 0> <II = 1> <Delay = 0.97> <FuncUnit> <Opcode : 'and' 'or' 'xor'> <InPorts = 2> <OutPorts = 1>
ST_3 : Operation 75 [1/1] (0.97ns)   --->   "%and_ln102_951 = and i1 %icmp_ln86_991, i1 %and_ln104" [firmware/BDT.h:102]   --->   Operation 75 'and' 'and_ln102_951' <Predicate = (icmp_ln86)> <Delay = 0.97> <CoreInst = "LogicGate">   --->   Core 74 'LogicGate' <Latency = 0> <II = 1> <Delay = 0.97> <FuncUnit> <Opcode : 'and' 'or' 'xor'> <InPorts = 2> <OutPorts = 1>
ST_3 : Operation 76 [1/1] (0.00ns) (grouped into LUT with out node and_ln104_194)   --->   "%xor_ln104_477 = xor i1 %icmp_ln86_991, i1 1" [firmware/BDT.h:104]   --->   Operation 76 'xor' 'xor_ln104_477' <Predicate = (icmp_ln86)> <Delay = 0.00> <CoreInst = "LogicGate">   --->   Core 74 'LogicGate' <Latency = 0> <II = 1> <Delay = 0.97> <FuncUnit> <Opcode : 'and' 'or' 'xor'> <InPorts = 2> <OutPorts = 1>
ST_3 : Operation 77 [1/1] (0.97ns) (out node of the LUT)   --->   "%and_ln104_194 = and i1 %and_ln104, i1 %xor_ln104_477" [firmware/BDT.h:104]   --->   Operation 77 'and' 'and_ln104_194' <Predicate = (icmp_ln86)> <Delay = 0.97> <CoreInst = "LogicGate">   --->   Core 74 'LogicGate' <Latency = 0> <II = 1> <Delay = 0.97> <FuncUnit> <Opcode : 'and' 'or' 'xor'> <InPorts = 2> <OutPorts = 1>
ST_3 : Operation 78 [1/1] (0.00ns) (grouped into LUT with out node select_ln117_961)   --->   "%xor_ln104_481 = xor i1 %icmp_ln86_995, i1 1" [firmware/BDT.h:104]   --->   Operation 78 'xor' 'xor_ln104_481' <Predicate = (and_ln102 & icmp_ln86)> <Delay = 0.00> <CoreInst = "LogicGate">   --->   Core 74 'LogicGate' <Latency = 0> <II = 1> <Delay = 0.97> <FuncUnit> <Opcode : 'and' 'or' 'xor'> <InPorts = 2> <OutPorts = 1>
ST_3 : Operation 79 [1/1] (0.97ns)   --->   "%and_ln102_956 = and i1 %icmp_ln86_996, i1 %and_ln102_951" [firmware/BDT.h:102]   --->   Operation 79 'and' 'and_ln102_956' <Predicate = (icmp_ln86)> <Delay = 0.97> <CoreInst = "LogicGate">   --->   Core 74 'LogicGate' <Latency = 0> <II = 1> <Delay = 0.97> <FuncUnit> <Opcode : 'and' 'or' 'xor'> <InPorts = 2> <OutPorts = 1>
ST_3 : Operation 80 [1/1] (0.00ns) (grouped into LUT with out node select_ln117_957)   --->   "%and_ln102_962 = and i1 %icmp_ln86_1001, i1 %and_ln102_954" [firmware/BDT.h:102]   --->   Operation 80 'and' 'and_ln102_962' <Predicate = (and_ln102_954 & and_ln102_950 & and_ln102 & icmp_ln86 & or_ln117)> <Delay = 0.00> <CoreInst = "LogicGate">   --->   Core 74 'LogicGate' <Latency = 0> <II = 1> <Delay = 0.97> <FuncUnit> <Opcode : 'and' 'or' 'xor'> <InPorts = 2> <OutPorts = 1>
ST_3 : Operation 81 [1/1] (0.00ns) (grouped into LUT with out node select_ln117_959)   --->   "%and_ln102_964 = and i1 %icmp_ln86_1003, i1 %and_ln102_955" [firmware/BDT.h:102]   --->   Operation 81 'and' 'and_ln102_964' <Predicate = (and_ln102 & icmp_ln86)> <Delay = 0.00> <CoreInst = "LogicGate">   --->   Core 74 'LogicGate' <Latency = 0> <II = 1> <Delay = 0.97> <FuncUnit> <Opcode : 'and' 'or' 'xor'> <InPorts = 2> <OutPorts = 1>
ST_3 : Operation 82 [1/1] (0.00ns) (grouped into LUT with out node select_ln117_961)   --->   "%and_ln102_979 = and i1 %icmp_ln86_1004, i1 %xor_ln104_481" [firmware/BDT.h:102]   --->   Operation 82 'and' 'and_ln102_979' <Predicate = (and_ln102 & icmp_ln86)> <Delay = 0.00> <CoreInst = "LogicGate">   --->   Core 74 'LogicGate' <Latency = 0> <II = 1> <Delay = 0.97> <FuncUnit> <Opcode : 'and' 'or' 'xor'> <InPorts = 2> <OutPorts = 1>
ST_3 : Operation 83 [1/1] (0.00ns) (grouped into LUT with out node select_ln117_961)   --->   "%and_ln102_965 = and i1 %and_ln102_979, i1 %and_ln104_193" [firmware/BDT.h:102]   --->   Operation 83 'and' 'and_ln102_965' <Predicate = (and_ln102 & icmp_ln86)> <Delay = 0.00> <CoreInst = "LogicGate">   --->   Core 74 'LogicGate' <Latency = 0> <II = 1> <Delay = 0.97> <FuncUnit> <Opcode : 'and' 'or' 'xor'> <InPorts = 2> <OutPorts = 1>
ST_3 : Operation 84 [1/1] (0.00ns) (grouped into LUT with out node select_ln117_957)   --->   "%xor_ln117 = xor i1 %and_ln102_962, i1 1" [firmware/BDT.h:117]   --->   Operation 84 'xor' 'xor_ln117' <Predicate = (and_ln102_954 & and_ln102_950 & and_ln102 & icmp_ln86 & or_ln117)> <Delay = 0.00> <CoreInst = "LogicGate">   --->   Core 74 'LogicGate' <Latency = 0> <II = 1> <Delay = 0.97> <FuncUnit> <Opcode : 'and' 'or' 'xor'> <InPorts = 2> <OutPorts = 1>
ST_3 : Operation 85 [1/1] (0.00ns) (grouped into LUT with out node select_ln117_957)   --->   "%zext_ln117 = zext i1 %xor_ln117" [firmware/BDT.h:117]   --->   Operation 85 'zext' 'zext_ln117' <Predicate = (and_ln102_954 & and_ln102_950 & and_ln102 & icmp_ln86 & or_ln117)> <Delay = 0.00>
ST_3 : Operation 86 [1/1] (0.00ns) (grouped into LUT with out node select_ln117_957)   --->   "%select_ln117 = select i1 %and_ln102_954, i2 %zext_ln117, i2 2" [firmware/BDT.h:117]   --->   Operation 86 'select' 'select_ln117' <Predicate = (and_ln102_950 & and_ln102 & icmp_ln86 & or_ln117)> <Delay = 0.00> <CoreInst = "Sel">   --->   Core 73 'Sel' <Latency = 0> <II = 1> <Delay = 0.99> <FuncUnit> <Opcode : 'select'> <InPorts = 3> <OutPorts = 1>
ST_3 : Operation 87 [1/1] (0.00ns) (grouped into LUT with out node select_ln117_957)   --->   "%select_ln117_956 = select i1 %or_ln117, i2 %select_ln117, i2 3" [firmware/BDT.h:117]   --->   Operation 87 'select' 'select_ln117_956' <Predicate = (and_ln102_950 & and_ln102 & icmp_ln86)> <Delay = 0.00> <CoreInst = "Sel">   --->   Core 73 'Sel' <Latency = 0> <II = 1> <Delay = 0.99> <FuncUnit> <Opcode : 'select'> <InPorts = 3> <OutPorts = 1>
ST_3 : Operation 88 [1/1] (0.00ns) (grouped into LUT with out node select_ln117_957)   --->   "%zext_ln117_111 = zext i2 %select_ln117_956" [firmware/BDT.h:117]   --->   Operation 88 'zext' 'zext_ln117_111' <Predicate = (and_ln102_950 & and_ln102 & icmp_ln86)> <Delay = 0.00>
ST_3 : Operation 89 [1/1] (0.00ns) (grouped into LUT with out node select_ln117_959)   --->   "%or_ln117_902 = or i1 %and_ln102_950, i1 %and_ln102_964" [firmware/BDT.h:117]   --->   Operation 89 'or' 'or_ln117_902' <Predicate = (and_ln102 & icmp_ln86)> <Delay = 0.00> <CoreInst = "LogicGate">   --->   Core 74 'LogicGate' <Latency = 0> <II = 1> <Delay = 0.97> <FuncUnit> <Opcode : 'and' 'or' 'xor'> <InPorts = 2> <OutPorts = 1>
ST_3 : Operation 90 [1/1] (0.99ns) (out node of the LUT)   --->   "%select_ln117_957 = select i1 %and_ln102_950, i3 %zext_ln117_111, i3 4" [firmware/BDT.h:117]   --->   Operation 90 'select' 'select_ln117_957' <Predicate = (and_ln102 & icmp_ln86)> <Delay = 0.99> <CoreInst = "Sel">   --->   Core 73 'Sel' <Latency = 0> <II = 1> <Delay = 0.98> <FuncUnit> <Opcode : 'select'> <InPorts = 3> <OutPorts = 1>
ST_3 : Operation 91 [1/1] (0.97ns)   --->   "%or_ln117_903 = or i1 %and_ln102_950, i1 %and_ln102_955" [firmware/BDT.h:117]   --->   Operation 91 'or' 'or_ln117_903' <Predicate = (and_ln102 & icmp_ln86)> <Delay = 0.97> <CoreInst = "LogicGate">   --->   Core 74 'LogicGate' <Latency = 0> <II = 1> <Delay = 0.97> <FuncUnit> <Opcode : 'and' 'or' 'xor'> <InPorts = 2> <OutPorts = 1>
ST_3 : Operation 92 [1/1] (0.00ns) (grouped into LUT with out node select_ln117_959)   --->   "%select_ln117_958 = select i1 %or_ln117_902, i3 %select_ln117_957, i3 5" [firmware/BDT.h:117]   --->   Operation 92 'select' 'select_ln117_958' <Predicate = (and_ln102 & icmp_ln86)> <Delay = 0.00> <CoreInst = "Sel">   --->   Core 73 'Sel' <Latency = 0> <II = 1> <Delay = 0.98> <FuncUnit> <Opcode : 'select'> <InPorts = 3> <OutPorts = 1>
ST_3 : Operation 93 [1/1] (0.00ns) (grouped into LUT with out node select_ln117_961)   --->   "%or_ln117_904 = or i1 %or_ln117_903, i1 %and_ln102_965" [firmware/BDT.h:117]   --->   Operation 93 'or' 'or_ln117_904' <Predicate = (and_ln102 & icmp_ln86)> <Delay = 0.00> <CoreInst = "LogicGate">   --->   Core 74 'LogicGate' <Latency = 0> <II = 1> <Delay = 0.97> <FuncUnit> <Opcode : 'and' 'or' 'xor'> <InPorts = 2> <OutPorts = 1>
ST_3 : Operation 94 [1/1] (0.98ns) (out node of the LUT)   --->   "%select_ln117_959 = select i1 %or_ln117_903, i3 %select_ln117_958, i3 6" [firmware/BDT.h:117]   --->   Operation 94 'select' 'select_ln117_959' <Predicate = (and_ln102 & icmp_ln86)> <Delay = 0.98> <CoreInst = "Sel">   --->   Core 73 'Sel' <Latency = 0> <II = 1> <Delay = 0.98> <FuncUnit> <Opcode : 'select'> <InPorts = 3> <OutPorts = 1>
ST_3 : Operation 95 [1/1] (0.00ns) (grouped into LUT with out node select_ln117_961)   --->   "%select_ln117_960 = select i1 %or_ln117_904, i3 %select_ln117_959, i3 7" [firmware/BDT.h:117]   --->   Operation 95 'select' 'select_ln117_960' <Predicate = (and_ln102 & icmp_ln86)> <Delay = 0.00> <CoreInst = "Sel">   --->   Core 73 'Sel' <Latency = 0> <II = 1> <Delay = 0.98> <FuncUnit> <Opcode : 'select'> <InPorts = 3> <OutPorts = 1>
ST_3 : Operation 96 [1/1] (0.00ns) (grouped into LUT with out node select_ln117_961)   --->   "%zext_ln117_112 = zext i3 %select_ln117_960" [firmware/BDT.h:117]   --->   Operation 96 'zext' 'zext_ln117_112' <Predicate = (and_ln102 & icmp_ln86)> <Delay = 0.00>
ST_3 : Operation 97 [1/1] (1.02ns) (out node of the LUT)   --->   "%select_ln117_961 = select i1 %and_ln102, i4 %zext_ln117_112, i4 8" [firmware/BDT.h:117]   --->   Operation 97 'select' 'select_ln117_961' <Predicate = (icmp_ln86)> <Delay = 1.02> <CoreInst = "Sel">   --->   Core 73 'Sel' <Latency = 0> <II = 1> <Delay = 1.02> <FuncUnit> <Opcode : 'select'> <InPorts = 3> <OutPorts = 1>
ST_3 : Operation 98 [1/1] (0.97ns)   --->   "%or_ln117_906 = or i1 %and_ln102, i1 %and_ln102_956" [firmware/BDT.h:117]   --->   Operation 98 'or' 'or_ln117_906' <Predicate = (icmp_ln86)> <Delay = 0.97> <CoreInst = "LogicGate">   --->   Core 74 'LogicGate' <Latency = 0> <II = 1> <Delay = 0.97> <FuncUnit> <Opcode : 'and' 'or' 'xor'> <InPorts = 2> <OutPorts = 1>

State 4 <SV = 3> <Delay = 3.07>
ST_4 : Operation 99 [1/1] (0.97ns)   --->   "%and_ln102_949 = and i1 %icmp_ln86_989, i1 %xor_ln104" [firmware/BDT.h:102]   --->   Operation 99 'and' 'and_ln102_949' <Predicate = true> <Delay = 0.97> <CoreInst = "LogicGate">   --->   Core 74 'LogicGate' <Latency = 0> <II = 1> <Delay = 0.97> <FuncUnit> <Opcode : 'and' 'or' 'xor'> <InPorts = 2> <OutPorts = 1>
ST_4 : Operation 100 [1/1] (0.00ns) (grouped into LUT with out node and_ln104_192)   --->   "%xor_ln104_475 = xor i1 %icmp_ln86_989, i1 1" [firmware/BDT.h:104]   --->   Operation 100 'xor' 'xor_ln104_475' <Predicate = true> <Delay = 0.00> <CoreInst = "LogicGate">   --->   Core 74 'LogicGate' <Latency = 0> <II = 1> <Delay = 0.97> <FuncUnit> <Opcode : 'and' 'or' 'xor'> <InPorts = 2> <OutPorts = 1>
ST_4 : Operation 101 [1/1] (0.97ns) (out node of the LUT)   --->   "%and_ln104_192 = and i1 %xor_ln104_475, i1 %xor_ln104" [firmware/BDT.h:104]   --->   Operation 101 'and' 'and_ln104_192' <Predicate = true> <Delay = 0.97> <CoreInst = "LogicGate">   --->   Core 74 'LogicGate' <Latency = 0> <II = 1> <Delay = 0.97> <FuncUnit> <Opcode : 'and' 'or' 'xor'> <InPorts = 2> <OutPorts = 1>
ST_4 : Operation 102 [1/1] (0.97ns)   --->   "%and_ln102_952 = and i1 %icmp_ln86_992, i1 %and_ln102_949" [firmware/BDT.h:102]   --->   Operation 102 'and' 'and_ln102_952' <Predicate = true> <Delay = 0.97> <CoreInst = "LogicGate">   --->   Core 74 'LogicGate' <Latency = 0> <II = 1> <Delay = 0.97> <FuncUnit> <Opcode : 'and' 'or' 'xor'> <InPorts = 2> <OutPorts = 1>
ST_4 : Operation 103 [1/1] (0.00ns) (grouped into LUT with out node select_ln117_965)   --->   "%xor_ln104_482 = xor i1 %icmp_ln86_996, i1 1" [firmware/BDT.h:104]   --->   Operation 103 'xor' 'xor_ln104_482' <Predicate = (icmp_ln86)> <Delay = 0.00> <CoreInst = "LogicGate">   --->   Core 74 'LogicGate' <Latency = 0> <II = 1> <Delay = 0.97> <FuncUnit> <Opcode : 'and' 'or' 'xor'> <InPorts = 2> <OutPorts = 1>
ST_4 : Operation 104 [1/1] (0.97ns)   --->   "%and_ln102_957 = and i1 %icmp_ln86_997, i1 %and_ln104_194" [firmware/BDT.h:102]   --->   Operation 104 'and' 'and_ln102_957' <Predicate = (icmp_ln86)> <Delay = 0.97> <CoreInst = "LogicGate">   --->   Core 74 'LogicGate' <Latency = 0> <II = 1> <Delay = 0.97> <FuncUnit> <Opcode : 'and' 'or' 'xor'> <InPorts = 2> <OutPorts = 1>
ST_4 : Operation 105 [1/1] (0.97ns)   --->   "%and_ln102_958 = and i1 %icmp_ln86_993, i1 %and_ln102_952" [firmware/BDT.h:102]   --->   Operation 105 'and' 'and_ln102_958' <Predicate = true> <Delay = 0.97> <CoreInst = "LogicGate">   --->   Core 74 'LogicGate' <Latency = 0> <II = 1> <Delay = 0.97> <FuncUnit> <Opcode : 'and' 'or' 'xor'> <InPorts = 2> <OutPorts = 1>
ST_4 : Operation 106 [1/1] (0.00ns) (grouped into LUT with out node select_ln117_963)   --->   "%and_ln102_966 = and i1 %icmp_ln86_1391, i1 %and_ln102_956" [firmware/BDT.h:102]   --->   Operation 106 'and' 'and_ln102_966' <Predicate = (icmp_ln86 & or_ln117_906)> <Delay = 0.00> <CoreInst = "LogicGate">   --->   Core 74 'LogicGate' <Latency = 0> <II = 1> <Delay = 0.97> <FuncUnit> <Opcode : 'and' 'or' 'xor'> <InPorts = 2> <OutPorts = 1>
ST_4 : Operation 107 [1/1] (0.00ns) (grouped into LUT with out node select_ln117_965)   --->   "%and_ln102_980 = and i1 %icmp_ln86_1006, i1 %xor_ln104_482" [firmware/BDT.h:102]   --->   Operation 107 'and' 'and_ln102_980' <Predicate = (icmp_ln86)> <Delay = 0.00> <CoreInst = "LogicGate">   --->   Core 74 'LogicGate' <Latency = 0> <II = 1> <Delay = 0.97> <FuncUnit> <Opcode : 'and' 'or' 'xor'> <InPorts = 2> <OutPorts = 1>
ST_4 : Operation 108 [1/1] (0.00ns) (grouped into LUT with out node select_ln117_965)   --->   "%and_ln102_967 = and i1 %and_ln102_980, i1 %and_ln102_951" [firmware/BDT.h:102]   --->   Operation 108 'and' 'and_ln102_967' <Predicate = (icmp_ln86)> <Delay = 0.00> <CoreInst = "LogicGate">   --->   Core 74 'LogicGate' <Latency = 0> <II = 1> <Delay = 0.97> <FuncUnit> <Opcode : 'and' 'or' 'xor'> <InPorts = 2> <OutPorts = 1>
ST_4 : Operation 109 [1/1] (0.00ns) (grouped into LUT with out node select_ln117_967)   --->   "%and_ln102_968 = and i1 %icmp_ln86_1007, i1 %and_ln102_957" [firmware/BDT.h:102]   --->   Operation 109 'and' 'and_ln102_968' <Predicate = (icmp_ln86)> <Delay = 0.00> <CoreInst = "LogicGate">   --->   Core 74 'LogicGate' <Latency = 0> <II = 1> <Delay = 0.97> <FuncUnit> <Opcode : 'and' 'or' 'xor'> <InPorts = 2> <OutPorts = 1>
ST_4 : Operation 110 [1/1] (0.00ns) (grouped into LUT with out node select_ln117_963)   --->   "%or_ln117_905 = or i1 %and_ln102, i1 %and_ln102_966" [firmware/BDT.h:117]   --->   Operation 110 'or' 'or_ln117_905' <Predicate = (icmp_ln86 & or_ln117_906)> <Delay = 0.00> <CoreInst = "LogicGate">   --->   Core 74 'LogicGate' <Latency = 0> <II = 1> <Delay = 0.97> <FuncUnit> <Opcode : 'and' 'or' 'xor'> <InPorts = 2> <OutPorts = 1>
ST_4 : Operation 111 [1/1] (0.00ns) (grouped into LUT with out node select_ln117_963)   --->   "%select_ln117_962 = select i1 %or_ln117_905, i4 %select_ln117_961, i4 9" [firmware/BDT.h:117]   --->   Operation 111 'select' 'select_ln117_962' <Predicate = (icmp_ln86 & or_ln117_906)> <Delay = 0.00> <CoreInst = "Sel">   --->   Core 73 'Sel' <Latency = 0> <II = 1> <Delay = 1.02> <FuncUnit> <Opcode : 'select'> <InPorts = 3> <OutPorts = 1>
ST_4 : Operation 112 [1/1] (0.00ns) (grouped into LUT with out node select_ln117_965)   --->   "%or_ln117_907 = or i1 %or_ln117_906, i1 %and_ln102_967" [firmware/BDT.h:117]   --->   Operation 112 'or' 'or_ln117_907' <Predicate = (icmp_ln86)> <Delay = 0.00> <CoreInst = "LogicGate">   --->   Core 74 'LogicGate' <Latency = 0> <II = 1> <Delay = 0.97> <FuncUnit> <Opcode : 'and' 'or' 'xor'> <InPorts = 2> <OutPorts = 1>
ST_4 : Operation 113 [1/1] (1.02ns) (out node of the LUT)   --->   "%select_ln117_963 = select i1 %or_ln117_906, i4 %select_ln117_962, i4 10" [firmware/BDT.h:117]   --->   Operation 113 'select' 'select_ln117_963' <Predicate = (icmp_ln86)> <Delay = 1.02> <CoreInst = "Sel">   --->   Core 73 'Sel' <Latency = 0> <II = 1> <Delay = 1.02> <FuncUnit> <Opcode : 'select'> <InPorts = 3> <OutPorts = 1>
ST_4 : Operation 114 [1/1] (0.97ns)   --->   "%or_ln117_908 = or i1 %and_ln102, i1 %and_ln102_951" [firmware/BDT.h:117]   --->   Operation 114 'or' 'or_ln117_908' <Predicate = (icmp_ln86)> <Delay = 0.97> <CoreInst = "LogicGate">   --->   Core 74 'LogicGate' <Latency = 0> <II = 1> <Delay = 0.97> <FuncUnit> <Opcode : 'and' 'or' 'xor'> <InPorts = 2> <OutPorts = 1>
ST_4 : Operation 115 [1/1] (0.00ns) (grouped into LUT with out node select_ln117_965)   --->   "%select_ln117_964 = select i1 %or_ln117_907, i4 %select_ln117_963, i4 11" [firmware/BDT.h:117]   --->   Operation 115 'select' 'select_ln117_964' <Predicate = (icmp_ln86)> <Delay = 0.00> <CoreInst = "Sel">   --->   Core 73 'Sel' <Latency = 0> <II = 1> <Delay = 1.02> <FuncUnit> <Opcode : 'select'> <InPorts = 3> <OutPorts = 1>
ST_4 : Operation 116 [1/1] (0.00ns) (grouped into LUT with out node select_ln117_967)   --->   "%or_ln117_909 = or i1 %or_ln117_908, i1 %and_ln102_968" [firmware/BDT.h:117]   --->   Operation 116 'or' 'or_ln117_909' <Predicate = (icmp_ln86)> <Delay = 0.00> <CoreInst = "LogicGate">   --->   Core 74 'LogicGate' <Latency = 0> <II = 1> <Delay = 0.97> <FuncUnit> <Opcode : 'and' 'or' 'xor'> <InPorts = 2> <OutPorts = 1>
ST_4 : Operation 117 [1/1] (1.02ns) (out node of the LUT)   --->   "%select_ln117_965 = select i1 %or_ln117_908, i4 %select_ln117_964, i4 12" [firmware/BDT.h:117]   --->   Operation 117 'select' 'select_ln117_965' <Predicate = (icmp_ln86)> <Delay = 1.02> <CoreInst = "Sel">   --->   Core 73 'Sel' <Latency = 0> <II = 1> <Delay = 1.02> <FuncUnit> <Opcode : 'select'> <InPorts = 3> <OutPorts = 1>
ST_4 : Operation 118 [1/1] (0.97ns)   --->   "%or_ln117_910 = or i1 %or_ln117_908, i1 %and_ln102_957" [firmware/BDT.h:117]   --->   Operation 118 'or' 'or_ln117_910' <Predicate = (icmp_ln86)> <Delay = 0.97> <CoreInst = "LogicGate">   --->   Core 74 'LogicGate' <Latency = 0> <II = 1> <Delay = 0.97> <FuncUnit> <Opcode : 'and' 'or' 'xor'> <InPorts = 2> <OutPorts = 1>
ST_4 : Operation 119 [1/1] (0.00ns) (grouped into LUT with out node select_ln117_967)   --->   "%select_ln117_966 = select i1 %or_ln117_909, i4 %select_ln117_965, i4 13" [firmware/BDT.h:117]   --->   Operation 119 'select' 'select_ln117_966' <Predicate = (icmp_ln86)> <Delay = 0.00> <CoreInst = "Sel">   --->   Core 73 'Sel' <Latency = 0> <II = 1> <Delay = 1.02> <FuncUnit> <Opcode : 'select'> <InPorts = 3> <OutPorts = 1>
ST_4 : Operation 120 [1/1] (1.02ns) (out node of the LUT)   --->   "%select_ln117_967 = select i1 %or_ln117_910, i4 %select_ln117_966, i4 14" [firmware/BDT.h:117]   --->   Operation 120 'select' 'select_ln117_967' <Predicate = (icmp_ln86)> <Delay = 1.02> <CoreInst = "Sel">   --->   Core 73 'Sel' <Latency = 0> <II = 1> <Delay = 1.02> <FuncUnit> <Opcode : 'select'> <InPorts = 3> <OutPorts = 1>

State 5 <SV = 4> <Delay = 3.64>
ST_5 : Operation 121 [1/1] (0.00ns) (grouped into LUT with out node and_ln104_195)   --->   "%xor_ln104_478 = xor i1 %icmp_ln86_992, i1 1" [firmware/BDT.h:104]   --->   Operation 121 'xor' 'xor_ln104_478' <Predicate = true> <Delay = 0.00> <CoreInst = "LogicGate">   --->   Core 74 'LogicGate' <Latency = 0> <II = 1> <Delay = 0.97> <FuncUnit> <Opcode : 'and' 'or' 'xor'> <InPorts = 2> <OutPorts = 1>
ST_5 : Operation 122 [1/1] (0.97ns) (out node of the LUT)   --->   "%and_ln104_195 = and i1 %and_ln102_949, i1 %xor_ln104_478" [firmware/BDT.h:104]   --->   Operation 122 'and' 'and_ln104_195' <Predicate = true> <Delay = 0.97> <CoreInst = "LogicGate">   --->   Core 74 'LogicGate' <Latency = 0> <II = 1> <Delay = 0.97> <FuncUnit> <Opcode : 'and' 'or' 'xor'> <InPorts = 2> <OutPorts = 1>
ST_5 : Operation 123 [1/1] (0.97ns)   --->   "%and_ln102_953 = and i1 %icmp_ln86_993, i1 %and_ln104_192" [firmware/BDT.h:102]   --->   Operation 123 'and' 'and_ln102_953' <Predicate = true> <Delay = 0.97> <CoreInst = "LogicGate">   --->   Core 74 'LogicGate' <Latency = 0> <II = 1> <Delay = 0.97> <FuncUnit> <Opcode : 'and' 'or' 'xor'> <InPorts = 2> <OutPorts = 1>
ST_5 : Operation 124 [1/1] (0.97ns)   --->   "%xor_ln104_479 = xor i1 %icmp_ln86_993, i1 1" [firmware/BDT.h:104]   --->   Operation 124 'xor' 'xor_ln104_479' <Predicate = true> <Delay = 0.97> <CoreInst = "LogicGate">   --->   Core 74 'LogicGate' <Latency = 0> <II = 1> <Delay = 0.97> <FuncUnit> <Opcode : 'and' 'or' 'xor'> <InPorts = 2> <OutPorts = 1>
ST_5 : Operation 125 [1/1] (0.97ns)   --->   "%and_ln104_196 = and i1 %and_ln104_192, i1 %xor_ln104_479" [firmware/BDT.h:104]   --->   Operation 125 'and' 'and_ln104_196' <Predicate = true> <Delay = 0.97> <CoreInst = "LogicGate">   --->   Core 74 'LogicGate' <Latency = 0> <II = 1> <Delay = 0.97> <FuncUnit> <Opcode : 'and' 'or' 'xor'> <InPorts = 2> <OutPorts = 1>
ST_5 : Operation 126 [1/1] (0.00ns) (grouped into LUT with out node select_ln117_969)   --->   "%xor_ln104_483 = xor i1 %icmp_ln86_997, i1 1" [firmware/BDT.h:104]   --->   Operation 126 'xor' 'xor_ln104_483' <Predicate = (icmp_ln86)> <Delay = 0.00> <CoreInst = "LogicGate">   --->   Core 74 'LogicGate' <Latency = 0> <II = 1> <Delay = 0.97> <FuncUnit> <Opcode : 'and' 'or' 'xor'> <InPorts = 2> <OutPorts = 1>
ST_5 : Operation 127 [1/1] (0.97ns)   --->   "%and_ln102_959 = and i1 %icmp_ln86_998, i1 %and_ln104_195" [firmware/BDT.h:102]   --->   Operation 127 'and' 'and_ln102_959' <Predicate = true> <Delay = 0.97> <CoreInst = "LogicGate">   --->   Core 74 'LogicGate' <Latency = 0> <II = 1> <Delay = 0.97> <FuncUnit> <Opcode : 'and' 'or' 'xor'> <InPorts = 2> <OutPorts = 1>
ST_5 : Operation 128 [1/1] (0.00ns) (grouped into LUT with out node select_ln117_969)   --->   "%and_ln102_981 = and i1 %icmp_ln86_1008, i1 %xor_ln104_483" [firmware/BDT.h:102]   --->   Operation 128 'and' 'and_ln102_981' <Predicate = (icmp_ln86)> <Delay = 0.00> <CoreInst = "LogicGate">   --->   Core 74 'LogicGate' <Latency = 0> <II = 1> <Delay = 0.97> <FuncUnit> <Opcode : 'and' 'or' 'xor'> <InPorts = 2> <OutPorts = 1>
ST_5 : Operation 129 [1/1] (0.00ns) (grouped into LUT with out node select_ln117_969)   --->   "%and_ln102_969 = and i1 %and_ln102_981, i1 %and_ln104_194" [firmware/BDT.h:102]   --->   Operation 129 'and' 'and_ln102_969' <Predicate = (icmp_ln86)> <Delay = 0.00> <CoreInst = "LogicGate">   --->   Core 74 'LogicGate' <Latency = 0> <II = 1> <Delay = 0.97> <FuncUnit> <Opcode : 'and' 'or' 'xor'> <InPorts = 2> <OutPorts = 1>
ST_5 : Operation 130 [1/1] (0.00ns) (grouped into LUT with out node select_ln117_971)   --->   "%and_ln102_970 = and i1 %icmp_ln86_1009, i1 %and_ln102_958" [firmware/BDT.h:102]   --->   Operation 130 'and' 'and_ln102_970' <Predicate = true> <Delay = 0.00> <CoreInst = "LogicGate">   --->   Core 74 'LogicGate' <Latency = 0> <II = 1> <Delay = 0.97> <FuncUnit> <Opcode : 'and' 'or' 'xor'> <InPorts = 2> <OutPorts = 1>
ST_5 : Operation 131 [1/1] (0.00ns) (grouped into LUT with out node select_ln117_973)   --->   "%and_ln102_982 = and i1 %icmp_ln86_1010, i1 %xor_ln104_479" [firmware/BDT.h:102]   --->   Operation 131 'and' 'and_ln102_982' <Predicate = true> <Delay = 0.00> <CoreInst = "LogicGate">   --->   Core 74 'LogicGate' <Latency = 0> <II = 1> <Delay = 0.97> <FuncUnit> <Opcode : 'and' 'or' 'xor'> <InPorts = 2> <OutPorts = 1>
ST_5 : Operation 132 [1/1] (0.00ns) (grouped into LUT with out node select_ln117_973)   --->   "%and_ln102_971 = and i1 %and_ln102_982, i1 %and_ln102_952" [firmware/BDT.h:102]   --->   Operation 132 'and' 'and_ln102_971' <Predicate = true> <Delay = 0.00> <CoreInst = "LogicGate">   --->   Core 74 'LogicGate' <Latency = 0> <II = 1> <Delay = 0.97> <FuncUnit> <Opcode : 'and' 'or' 'xor'> <InPorts = 2> <OutPorts = 1>
ST_5 : Operation 133 [1/1] (0.00ns) (grouped into LUT with out node select_ln117_969)   --->   "%or_ln117_911 = or i1 %or_ln117_910, i1 %and_ln102_969" [firmware/BDT.h:117]   --->   Operation 133 'or' 'or_ln117_911' <Predicate = (icmp_ln86)> <Delay = 0.00> <CoreInst = "LogicGate">   --->   Core 74 'LogicGate' <Latency = 0> <II = 1> <Delay = 0.97> <FuncUnit> <Opcode : 'and' 'or' 'xor'> <InPorts = 2> <OutPorts = 1>
ST_5 : Operation 134 [1/1] (0.00ns) (grouped into LUT with out node select_ln117_969)   --->   "%select_ln117_968 = select i1 %or_ln117_911, i4 %select_ln117_967, i4 15" [firmware/BDT.h:117]   --->   Operation 134 'select' 'select_ln117_968' <Predicate = (icmp_ln86)> <Delay = 0.00> <CoreInst = "Sel">   --->   Core 73 'Sel' <Latency = 0> <II = 1> <Delay = 1.02> <FuncUnit> <Opcode : 'select'> <InPorts = 3> <OutPorts = 1>
ST_5 : Operation 135 [1/1] (0.00ns) (grouped into LUT with out node select_ln117_969)   --->   "%zext_ln117_113 = zext i4 %select_ln117_968" [firmware/BDT.h:117]   --->   Operation 135 'zext' 'zext_ln117_113' <Predicate = (icmp_ln86)> <Delay = 0.00>
ST_5 : Operation 136 [1/1] (0.00ns) (grouped into LUT with out node select_ln117_971)   --->   "%or_ln117_912 = or i1 %icmp_ln86, i1 %and_ln102_970" [firmware/BDT.h:117]   --->   Operation 136 'or' 'or_ln117_912' <Predicate = true> <Delay = 0.00> <CoreInst = "LogicGate">   --->   Core 74 'LogicGate' <Latency = 0> <II = 1> <Delay = 0.97> <FuncUnit> <Opcode : 'and' 'or' 'xor'> <InPorts = 2> <OutPorts = 1>
ST_5 : Operation 137 [1/1] (1.21ns) (out node of the LUT)   --->   "%select_ln117_969 = select i1 %icmp_ln86, i5 %zext_ln117_113, i5 16" [firmware/BDT.h:117]   --->   Operation 137 'select' 'select_ln117_969' <Predicate = true> <Delay = 1.21> <CoreInst = "Sel">   --->   Core 73 'Sel' <Latency = 0> <II = 1> <Delay = 1.21> <FuncUnit> <Opcode : 'select'> <InPorts = 3> <OutPorts = 1>
ST_5 : Operation 138 [1/1] (0.97ns)   --->   "%or_ln117_913 = or i1 %icmp_ln86, i1 %and_ln102_958" [firmware/BDT.h:117]   --->   Operation 138 'or' 'or_ln117_913' <Predicate = true> <Delay = 0.97> <CoreInst = "LogicGate">   --->   Core 74 'LogicGate' <Latency = 0> <II = 1> <Delay = 0.97> <FuncUnit> <Opcode : 'and' 'or' 'xor'> <InPorts = 2> <OutPorts = 1>
ST_5 : Operation 139 [1/1] (0.00ns) (grouped into LUT with out node select_ln117_971)   --->   "%select_ln117_970 = select i1 %or_ln117_912, i5 %select_ln117_969, i5 17" [firmware/BDT.h:117]   --->   Operation 139 'select' 'select_ln117_970' <Predicate = true> <Delay = 0.00> <CoreInst = "Sel">   --->   Core 73 'Sel' <Latency = 0> <II = 1> <Delay = 1.21> <FuncUnit> <Opcode : 'select'> <InPorts = 3> <OutPorts = 1>
ST_5 : Operation 140 [1/1] (0.00ns) (grouped into LUT with out node select_ln117_973)   --->   "%or_ln117_914 = or i1 %or_ln117_913, i1 %and_ln102_971" [firmware/BDT.h:117]   --->   Operation 140 'or' 'or_ln117_914' <Predicate = true> <Delay = 0.00> <CoreInst = "LogicGate">   --->   Core 74 'LogicGate' <Latency = 0> <II = 1> <Delay = 0.97> <FuncUnit> <Opcode : 'and' 'or' 'xor'> <InPorts = 2> <OutPorts = 1>
ST_5 : Operation 141 [1/1] (1.21ns) (out node of the LUT)   --->   "%select_ln117_971 = select i1 %or_ln117_913, i5 %select_ln117_970, i5 18" [firmware/BDT.h:117]   --->   Operation 141 'select' 'select_ln117_971' <Predicate = true> <Delay = 1.21> <CoreInst = "Sel">   --->   Core 73 'Sel' <Latency = 0> <II = 1> <Delay = 1.21> <FuncUnit> <Opcode : 'select'> <InPorts = 3> <OutPorts = 1>
ST_5 : Operation 142 [1/1] (0.97ns)   --->   "%or_ln117_915 = or i1 %icmp_ln86, i1 %and_ln102_952" [firmware/BDT.h:117]   --->   Operation 142 'or' 'or_ln117_915' <Predicate = true> <Delay = 0.97> <CoreInst = "LogicGate">   --->   Core 74 'LogicGate' <Latency = 0> <II = 1> <Delay = 0.97> <FuncUnit> <Opcode : 'and' 'or' 'xor'> <InPorts = 2> <OutPorts = 1>
ST_5 : Operation 143 [1/1] (0.00ns) (grouped into LUT with out node select_ln117_973)   --->   "%select_ln117_972 = select i1 %or_ln117_914, i5 %select_ln117_971, i5 19" [firmware/BDT.h:117]   --->   Operation 143 'select' 'select_ln117_972' <Predicate = true> <Delay = 0.00> <CoreInst = "Sel">   --->   Core 73 'Sel' <Latency = 0> <II = 1> <Delay = 1.21> <FuncUnit> <Opcode : 'select'> <InPorts = 3> <OutPorts = 1>
ST_5 : Operation 144 [1/1] (1.21ns) (out node of the LUT)   --->   "%select_ln117_973 = select i1 %or_ln117_915, i5 %select_ln117_972, i5 20" [firmware/BDT.h:117]   --->   Operation 144 'select' 'select_ln117_973' <Predicate = true> <Delay = 1.21> <CoreInst = "Sel">   --->   Core 73 'Sel' <Latency = 0> <II = 1> <Delay = 1.21> <FuncUnit> <Opcode : 'select'> <InPorts = 3> <OutPorts = 1>
ST_5 : Operation 145 [1/1] (0.97ns)   --->   "%or_ln117_917 = or i1 %or_ln117_915, i1 %and_ln102_959" [firmware/BDT.h:117]   --->   Operation 145 'or' 'or_ln117_917' <Predicate = true> <Delay = 0.97> <CoreInst = "LogicGate">   --->   Core 74 'LogicGate' <Latency = 0> <II = 1> <Delay = 0.97> <FuncUnit> <Opcode : 'and' 'or' 'xor'> <InPorts = 2> <OutPorts = 1>
ST_5 : Operation 146 [1/1] (0.97ns)   --->   "%or_ln117_919 = or i1 %icmp_ln86, i1 %and_ln102_949" [firmware/BDT.h:117]   --->   Operation 146 'or' 'or_ln117_919' <Predicate = true> <Delay = 0.97> <CoreInst = "LogicGate">   --->   Core 74 'LogicGate' <Latency = 0> <II = 1> <Delay = 0.97> <FuncUnit> <Opcode : 'and' 'or' 'xor'> <InPorts = 2> <OutPorts = 1>

State 6 <SV = 5> <Delay = 3.64>
ST_6 : Operation 147 [1/1] (0.00ns) (grouped into LUT with out node select_ln117_977)   --->   "%xor_ln104_484 = xor i1 %icmp_ln86_998, i1 1" [firmware/BDT.h:104]   --->   Operation 147 'xor' 'xor_ln104_484' <Predicate = (or_ln117_919)> <Delay = 0.00> <CoreInst = "LogicGate">   --->   Core 74 'LogicGate' <Latency = 0> <II = 1> <Delay = 0.97> <FuncUnit> <Opcode : 'and' 'or' 'xor'> <InPorts = 2> <OutPorts = 1>
ST_6 : Operation 148 [1/1] (0.97ns)   --->   "%and_ln102_960 = and i1 %icmp_ln86_999, i1 %and_ln102_953" [firmware/BDT.h:102]   --->   Operation 148 'and' 'and_ln102_960' <Predicate = true> <Delay = 0.97> <CoreInst = "LogicGate">   --->   Core 74 'LogicGate' <Latency = 0> <II = 1> <Delay = 0.97> <FuncUnit> <Opcode : 'and' 'or' 'xor'> <InPorts = 2> <OutPorts = 1>
ST_6 : Operation 149 [1/1] (0.00ns) (grouped into LUT with out node select_ln117_975)   --->   "%and_ln102_972 = and i1 %icmp_ln86_1011, i1 %and_ln102_959" [firmware/BDT.h:102]   --->   Operation 149 'and' 'and_ln102_972' <Predicate = (or_ln117_917 & or_ln117_919)> <Delay = 0.00> <CoreInst = "LogicGate">   --->   Core 74 'LogicGate' <Latency = 0> <II = 1> <Delay = 0.97> <FuncUnit> <Opcode : 'and' 'or' 'xor'> <InPorts = 2> <OutPorts = 1>
ST_6 : Operation 150 [1/1] (0.00ns) (grouped into LUT with out node select_ln117_977)   --->   "%and_ln102_983 = and i1 %icmp_ln86_1012, i1 %xor_ln104_484" [firmware/BDT.h:102]   --->   Operation 150 'and' 'and_ln102_983' <Predicate = (or_ln117_919)> <Delay = 0.00> <CoreInst = "LogicGate">   --->   Core 74 'LogicGate' <Latency = 0> <II = 1> <Delay = 0.97> <FuncUnit> <Opcode : 'and' 'or' 'xor'> <InPorts = 2> <OutPorts = 1>
ST_6 : Operation 151 [1/1] (0.00ns) (grouped into LUT with out node select_ln117_977)   --->   "%and_ln102_973 = and i1 %and_ln102_983, i1 %and_ln104_195" [firmware/BDT.h:102]   --->   Operation 151 'and' 'and_ln102_973' <Predicate = (or_ln117_919)> <Delay = 0.00> <CoreInst = "LogicGate">   --->   Core 74 'LogicGate' <Latency = 0> <II = 1> <Delay = 0.97> <FuncUnit> <Opcode : 'and' 'or' 'xor'> <InPorts = 2> <OutPorts = 1>
ST_6 : Operation 152 [1/1] (0.00ns) (grouped into LUT with out node select_ln117_979)   --->   "%and_ln102_974 = and i1 %icmp_ln86_1013, i1 %and_ln102_960" [firmware/BDT.h:102]   --->   Operation 152 'and' 'and_ln102_974' <Predicate = true> <Delay = 0.00> <CoreInst = "LogicGate">   --->   Core 74 'LogicGate' <Latency = 0> <II = 1> <Delay = 0.97> <FuncUnit> <Opcode : 'and' 'or' 'xor'> <InPorts = 2> <OutPorts = 1>
ST_6 : Operation 153 [1/1] (0.00ns) (grouped into LUT with out node select_ln117_975)   --->   "%or_ln117_916 = or i1 %or_ln117_915, i1 %and_ln102_972" [firmware/BDT.h:117]   --->   Operation 153 'or' 'or_ln117_916' <Predicate = (or_ln117_917 & or_ln117_919)> <Delay = 0.00> <CoreInst = "LogicGate">   --->   Core 74 'LogicGate' <Latency = 0> <II = 1> <Delay = 0.97> <FuncUnit> <Opcode : 'and' 'or' 'xor'> <InPorts = 2> <OutPorts = 1>
ST_6 : Operation 154 [1/1] (0.00ns) (grouped into LUT with out node select_ln117_975)   --->   "%select_ln117_974 = select i1 %or_ln117_916, i5 %select_ln117_973, i5 21" [firmware/BDT.h:117]   --->   Operation 154 'select' 'select_ln117_974' <Predicate = (or_ln117_917 & or_ln117_919)> <Delay = 0.00> <CoreInst = "Sel">   --->   Core 73 'Sel' <Latency = 0> <II = 1> <Delay = 1.21> <FuncUnit> <Opcode : 'select'> <InPorts = 3> <OutPorts = 1>
ST_6 : Operation 155 [1/1] (0.00ns) (grouped into LUT with out node select_ln117_977)   --->   "%or_ln117_918 = or i1 %or_ln117_917, i1 %and_ln102_973" [firmware/BDT.h:117]   --->   Operation 155 'or' 'or_ln117_918' <Predicate = (or_ln117_919)> <Delay = 0.00> <CoreInst = "LogicGate">   --->   Core 74 'LogicGate' <Latency = 0> <II = 1> <Delay = 0.97> <FuncUnit> <Opcode : 'and' 'or' 'xor'> <InPorts = 2> <OutPorts = 1>
ST_6 : Operation 156 [1/1] (1.21ns) (out node of the LUT)   --->   "%select_ln117_975 = select i1 %or_ln117_917, i5 %select_ln117_974, i5 22" [firmware/BDT.h:117]   --->   Operation 156 'select' 'select_ln117_975' <Predicate = (or_ln117_919)> <Delay = 1.21> <CoreInst = "Sel">   --->   Core 73 'Sel' <Latency = 0> <II = 1> <Delay = 1.21> <FuncUnit> <Opcode : 'select'> <InPorts = 3> <OutPorts = 1>
ST_6 : Operation 157 [1/1] (0.00ns) (grouped into LUT with out node select_ln117_977)   --->   "%select_ln117_976 = select i1 %or_ln117_918, i5 %select_ln117_975, i5 23" [firmware/BDT.h:117]   --->   Operation 157 'select' 'select_ln117_976' <Predicate = (or_ln117_919)> <Delay = 0.00> <CoreInst = "Sel">   --->   Core 73 'Sel' <Latency = 0> <II = 1> <Delay = 1.21> <FuncUnit> <Opcode : 'select'> <InPorts = 3> <OutPorts = 1>
ST_6 : Operation 158 [1/1] (0.00ns) (grouped into LUT with out node select_ln117_979)   --->   "%or_ln117_920 = or i1 %or_ln117_919, i1 %and_ln102_974" [firmware/BDT.h:117]   --->   Operation 158 'or' 'or_ln117_920' <Predicate = true> <Delay = 0.00> <CoreInst = "LogicGate">   --->   Core 74 'LogicGate' <Latency = 0> <II = 1> <Delay = 0.97> <FuncUnit> <Opcode : 'and' 'or' 'xor'> <InPorts = 2> <OutPorts = 1>
ST_6 : Operation 159 [1/1] (1.21ns) (out node of the LUT)   --->   "%select_ln117_977 = select i1 %or_ln117_919, i5 %select_ln117_976, i5 24" [firmware/BDT.h:117]   --->   Operation 159 'select' 'select_ln117_977' <Predicate = true> <Delay = 1.21> <CoreInst = "Sel">   --->   Core 73 'Sel' <Latency = 0> <II = 1> <Delay = 1.21> <FuncUnit> <Opcode : 'select'> <InPorts = 3> <OutPorts = 1>
ST_6 : Operation 160 [1/1] (0.97ns)   --->   "%or_ln117_921 = or i1 %or_ln117_919, i1 %and_ln102_960" [firmware/BDT.h:117]   --->   Operation 160 'or' 'or_ln117_921' <Predicate = true> <Delay = 0.97> <CoreInst = "LogicGate">   --->   Core 74 'LogicGate' <Latency = 0> <II = 1> <Delay = 0.97> <FuncUnit> <Opcode : 'and' 'or' 'xor'> <InPorts = 2> <OutPorts = 1>
ST_6 : Operation 161 [1/1] (0.00ns) (grouped into LUT with out node select_ln117_979)   --->   "%select_ln117_978 = select i1 %or_ln117_920, i5 %select_ln117_977, i5 25" [firmware/BDT.h:117]   --->   Operation 161 'select' 'select_ln117_978' <Predicate = true> <Delay = 0.00> <CoreInst = "Sel">   --->   Core 73 'Sel' <Latency = 0> <II = 1> <Delay = 1.21> <FuncUnit> <Opcode : 'select'> <InPorts = 3> <OutPorts = 1>
ST_6 : Operation 162 [1/1] (1.21ns) (out node of the LUT)   --->   "%select_ln117_979 = select i1 %or_ln117_921, i5 %select_ln117_978, i5 26" [firmware/BDT.h:117]   --->   Operation 162 'select' 'select_ln117_979' <Predicate = true> <Delay = 1.21> <CoreInst = "Sel">   --->   Core 73 'Sel' <Latency = 0> <II = 1> <Delay = 1.21> <FuncUnit> <Opcode : 'select'> <InPorts = 3> <OutPorts = 1>

State 7 <SV = 6> <Delay = 3.40>
ST_7 : Operation 163 [1/1] (0.00ns) (grouped into LUT with out node select_ln117_981)   --->   "%xor_ln104_485 = xor i1 %icmp_ln86_999, i1 1" [firmware/BDT.h:104]   --->   Operation 163 'xor' 'xor_ln104_485' <Predicate = true> <Delay = 0.00> <CoreInst = "LogicGate">   --->   Core 74 'LogicGate' <Latency = 0> <II = 1> <Delay = 0.97> <FuncUnit> <Opcode : 'and' 'or' 'xor'> <InPorts = 2> <OutPorts = 1>
ST_7 : Operation 164 [1/1] (0.97ns)   --->   "%and_ln102_961 = and i1 %icmp_ln86_1000, i1 %and_ln104_196" [firmware/BDT.h:102]   --->   Operation 164 'and' 'and_ln102_961' <Predicate = true> <Delay = 0.97> <CoreInst = "LogicGate">   --->   Core 74 'LogicGate' <Latency = 0> <II = 1> <Delay = 0.97> <FuncUnit> <Opcode : 'and' 'or' 'xor'> <InPorts = 2> <OutPorts = 1>
ST_7 : Operation 165 [1/1] (0.00ns) (grouped into LUT with out node select_ln117_981)   --->   "%and_ln102_984 = and i1 %icmp_ln86_1014, i1 %xor_ln104_485" [firmware/BDT.h:102]   --->   Operation 165 'and' 'and_ln102_984' <Predicate = true> <Delay = 0.00> <CoreInst = "LogicGate">   --->   Core 74 'LogicGate' <Latency = 0> <II = 1> <Delay = 0.97> <FuncUnit> <Opcode : 'and' 'or' 'xor'> <InPorts = 2> <OutPorts = 1>
ST_7 : Operation 166 [1/1] (0.00ns) (grouped into LUT with out node select_ln117_981)   --->   "%and_ln102_975 = and i1 %and_ln102_984, i1 %and_ln102_953" [firmware/BDT.h:102]   --->   Operation 166 'and' 'and_ln102_975' <Predicate = true> <Delay = 0.00> <CoreInst = "LogicGate">   --->   Core 74 'LogicGate' <Latency = 0> <II = 1> <Delay = 0.97> <FuncUnit> <Opcode : 'and' 'or' 'xor'> <InPorts = 2> <OutPorts = 1>
ST_7 : Operation 167 [1/1] (0.00ns) (grouped into LUT with out node select_ln117_983)   --->   "%and_ln102_976 = and i1 %icmp_ln86_1015, i1 %and_ln102_961" [firmware/BDT.h:102]   --->   Operation 167 'and' 'and_ln102_976' <Predicate = true> <Delay = 0.00> <CoreInst = "LogicGate">   --->   Core 74 'LogicGate' <Latency = 0> <II = 1> <Delay = 0.97> <FuncUnit> <Opcode : 'and' 'or' 'xor'> <InPorts = 2> <OutPorts = 1>
ST_7 : Operation 168 [1/1] (0.00ns) (grouped into LUT with out node select_ln117_981)   --->   "%or_ln117_922 = or i1 %or_ln117_921, i1 %and_ln102_975" [firmware/BDT.h:117]   --->   Operation 168 'or' 'or_ln117_922' <Predicate = true> <Delay = 0.00> <CoreInst = "LogicGate">   --->   Core 74 'LogicGate' <Latency = 0> <II = 1> <Delay = 0.97> <FuncUnit> <Opcode : 'and' 'or' 'xor'> <InPorts = 2> <OutPorts = 1>
ST_7 : Operation 169 [1/1] (0.97ns)   --->   "%or_ln117_923 = or i1 %or_ln117_919, i1 %and_ln102_953" [firmware/BDT.h:117]   --->   Operation 169 'or' 'or_ln117_923' <Predicate = true> <Delay = 0.97> <CoreInst = "LogicGate">   --->   Core 74 'LogicGate' <Latency = 0> <II = 1> <Delay = 0.97> <FuncUnit> <Opcode : 'and' 'or' 'xor'> <InPorts = 2> <OutPorts = 1>
ST_7 : Operation 170 [1/1] (0.00ns) (grouped into LUT with out node select_ln117_981)   --->   "%select_ln117_980 = select i1 %or_ln117_922, i5 %select_ln117_979, i5 27" [firmware/BDT.h:117]   --->   Operation 170 'select' 'select_ln117_980' <Predicate = true> <Delay = 0.00> <CoreInst = "Sel">   --->   Core 73 'Sel' <Latency = 0> <II = 1> <Delay = 1.21> <FuncUnit> <Opcode : 'select'> <InPorts = 3> <OutPorts = 1>
ST_7 : Operation 171 [1/1] (0.00ns) (grouped into LUT with out node select_ln117_983)   --->   "%or_ln117_924 = or i1 %or_ln117_923, i1 %and_ln102_976" [firmware/BDT.h:117]   --->   Operation 171 'or' 'or_ln117_924' <Predicate = true> <Delay = 0.00> <CoreInst = "LogicGate">   --->   Core 74 'LogicGate' <Latency = 0> <II = 1> <Delay = 0.97> <FuncUnit> <Opcode : 'and' 'or' 'xor'> <InPorts = 2> <OutPorts = 1>
ST_7 : Operation 172 [1/1] (1.21ns) (out node of the LUT)   --->   "%select_ln117_981 = select i1 %or_ln117_923, i5 %select_ln117_980, i5 28" [firmware/BDT.h:117]   --->   Operation 172 'select' 'select_ln117_981' <Predicate = true> <Delay = 1.21> <CoreInst = "Sel">   --->   Core 73 'Sel' <Latency = 0> <II = 1> <Delay = 1.21> <FuncUnit> <Opcode : 'select'> <InPorts = 3> <OutPorts = 1>
ST_7 : Operation 173 [1/1] (0.97ns)   --->   "%or_ln117_925 = or i1 %or_ln117_923, i1 %and_ln102_961" [firmware/BDT.h:117]   --->   Operation 173 'or' 'or_ln117_925' <Predicate = true> <Delay = 0.97> <CoreInst = "LogicGate">   --->   Core 74 'LogicGate' <Latency = 0> <II = 1> <Delay = 0.97> <FuncUnit> <Opcode : 'and' 'or' 'xor'> <InPorts = 2> <OutPorts = 1>
ST_7 : Operation 174 [1/1] (0.00ns) (grouped into LUT with out node select_ln117_983)   --->   "%select_ln117_982 = select i1 %or_ln117_924, i5 %select_ln117_981, i5 29" [firmware/BDT.h:117]   --->   Operation 174 'select' 'select_ln117_982' <Predicate = true> <Delay = 0.00> <CoreInst = "Sel">   --->   Core 73 'Sel' <Latency = 0> <II = 1> <Delay = 1.21> <FuncUnit> <Opcode : 'select'> <InPorts = 3> <OutPorts = 1>
ST_7 : Operation 175 [1/1] (1.21ns) (out node of the LUT)   --->   "%select_ln117_983 = select i1 %or_ln117_925, i5 %select_ln117_982, i5 30" [firmware/BDT.h:117]   --->   Operation 175 'select' 'select_ln117_983' <Predicate = true> <Delay = 1.21> <CoreInst = "Sel">   --->   Core 73 'Sel' <Latency = 0> <II = 1> <Delay = 1.21> <FuncUnit> <Opcode : 'select'> <InPorts = 3> <OutPorts = 1>

State 8 <SV = 7> <Delay = 3.20>
ST_8 : Operation 176 [1/1] (0.00ns)   --->   "%specpipeline_ln86 = specpipeline void @_ssdm_op_SpecPipeline, i32 1, i32 0, i32 0, i32 0, void @empty_13" [firmware/BDT.h:86]   --->   Operation 176 'specpipeline' 'specpipeline_ln86' <Predicate = true> <Delay = 0.00>
ST_8 : Operation 177 [1/1] (0.00ns) (grouped into LUT with out node agg_result)   --->   "%xor_ln104_486 = xor i1 %icmp_ln86_1000, i1 1" [firmware/BDT.h:104]   --->   Operation 177 'xor' 'xor_ln104_486' <Predicate = true> <Delay = 0.00> <CoreInst = "LogicGate">   --->   Core 74 'LogicGate' <Latency = 0> <II = 1> <Delay = 0.97> <FuncUnit> <Opcode : 'and' 'or' 'xor'> <InPorts = 2> <OutPorts = 1>
ST_8 : Operation 178 [1/1] (0.00ns) (grouped into LUT with out node agg_result)   --->   "%and_ln102_985 = and i1 %icmp_ln86_1016, i1 %xor_ln104_486" [firmware/BDT.h:102]   --->   Operation 178 'and' 'and_ln102_985' <Predicate = true> <Delay = 0.00> <CoreInst = "LogicGate">   --->   Core 74 'LogicGate' <Latency = 0> <II = 1> <Delay = 0.97> <FuncUnit> <Opcode : 'and' 'or' 'xor'> <InPorts = 2> <OutPorts = 1>
ST_8 : Operation 179 [1/1] (0.00ns) (grouped into LUT with out node agg_result)   --->   "%and_ln102_977 = and i1 %and_ln102_985, i1 %and_ln104_196" [firmware/BDT.h:102]   --->   Operation 179 'and' 'and_ln102_977' <Predicate = true> <Delay = 0.00> <CoreInst = "LogicGate">   --->   Core 74 'LogicGate' <Latency = 0> <II = 1> <Delay = 0.97> <FuncUnit> <Opcode : 'and' 'or' 'xor'> <InPorts = 2> <OutPorts = 1>
ST_8 : Operation 180 [1/1] (0.00ns) (grouped into LUT with out node agg_result)   --->   "%or_ln117_926 = or i1 %or_ln117_925, i1 %and_ln102_977" [firmware/BDT.h:117]   --->   Operation 180 'or' 'or_ln117_926' <Predicate = true> <Delay = 0.00> <CoreInst = "LogicGate">   --->   Core 74 'LogicGate' <Latency = 0> <II = 1> <Delay = 0.97> <FuncUnit> <Opcode : 'and' 'or' 'xor'> <InPorts = 2> <OutPorts = 1>
ST_8 : Operation 181 [1/1] (0.00ns) (grouped into LUT with out node agg_result)   --->   "%select_ln117_984 = select i1 %or_ln117_926, i5 %select_ln117_983, i5 31" [firmware/BDT.h:117]   --->   Operation 181 'select' 'select_ln117_984' <Predicate = true> <Delay = 0.00> <CoreInst = "Sel">   --->   Core 73 'Sel' <Latency = 0> <II = 1> <Delay = 1.21> <FuncUnit> <Opcode : 'select'> <InPorts = 3> <OutPorts = 1>
ST_8 : Operation 182 [1/1] (3.20ns) (out node of the LUT)   --->   "%agg_result = sparsemux i12 @_ssdm_op_SparseMux.ap_auto.32i12.i12.i5, i5 0, i12 435, i5 1, i12 4022, i5 2, i12 312, i5 3, i12 3963, i5 4, i12 289, i5 5, i12 3944, i5 6, i12 3889, i5 7, i12 3572, i5 8, i12 3820, i5 9, i12 1666, i5 10, i12 3788, i5 11, i12 788, i5 12, i12 234, i5 13, i12 13, i5 14, i12 4036, i5 15, i12 39, i5 16, i12 272, i5 17, i12 94, i5 18, i12 4040, i5 19, i12 150, i5 20, i12 3551, i5 21, i12 242, i5 22, i12 524, i5 23, i12 11, i5 24, i12 110, i5 25, i12 3690, i5 26, i12 3709, i5 27, i12 1486, i5 28, i12 37, i5 29, i12 4059, i5 30, i12 4018, i5 31, i12 146, i12 0, i5 %select_ln117_984" [firmware/BDT.h:118]   --->   Operation 182 'sparsemux' 'agg_result' <Predicate = true> <Delay = 3.20> <CoreInst = "SparseMux">   --->   Core 132 'SparseMux' <Latency = 0> <II = 1> <Delay = 3.20> <FuncUnit> <Opcode : 'sparsemux'> <InPorts = 2> <OutPorts = 1>
ST_8 : Operation 183 [1/1] (0.00ns)   --->   "%ret_ln122 = ret i12 %agg_result" [firmware/BDT.h:122]   --->   Operation 183 'ret' 'ret_ln122' <Predicate = true> <Delay = 0.00>


============================================================
+ Verbose Summary: Timing violations
============================================================
Target clock period: 5.000ns, clock uncertainty: 1.350ns.

 <State 1>: 3.114ns
The critical path consists of the following:
	wire read operation ('p_read2029', firmware/BDT.h:86) on port 'p_read20' (firmware/BDT.h:86) [26]  (0.000 ns)
	'icmp' operation 1 bit ('icmp_ln86', firmware/BDT.h:86) [46]  (2.136 ns)
	'and' operation 1 bit ('and_ln102', firmware/BDT.h:102) [78]  (0.978 ns)

 <State 2>: 2.934ns
The critical path consists of the following:
	'and' operation 1 bit ('and_ln102_950', firmware/BDT.h:102) [84]  (0.978 ns)
	'and' operation 1 bit ('and_ln102_954', firmware/BDT.h:102) [96]  (0.978 ns)
	'or' operation 1 bit ('or_ln117', firmware/BDT.h:117) [137]  (0.978 ns)

 <State 3>: 2.997ns
The critical path consists of the following:
	'and' operation 1 bit ('and_ln102_962', firmware/BDT.h:102) [111]  (0.000 ns)
	'xor' operation 1 bit ('xor_ln117', firmware/BDT.h:117) [135]  (0.000 ns)
	'select' operation 2 bit ('select_ln117', firmware/BDT.h:117) [138]  (0.000 ns)
	'select' operation 2 bit ('select_ln117_956', firmware/BDT.h:117) [139]  (0.000 ns)
	'select' operation 3 bit ('select_ln117_957', firmware/BDT.h:117) [142]  (0.993 ns)
	'select' operation 3 bit ('select_ln117_958', firmware/BDT.h:117) [144]  (0.000 ns)
	'select' operation 3 bit ('select_ln117_959', firmware/BDT.h:117) [146]  (0.980 ns)
	'select' operation 3 bit ('select_ln117_960', firmware/BDT.h:117) [147]  (0.000 ns)
	'select' operation 4 bit ('select_ln117_961', firmware/BDT.h:117) [150]  (1.024 ns)

 <State 4>: 3.072ns
The critical path consists of the following:
	'and' operation 1 bit ('and_ln102_966', firmware/BDT.h:102) [117]  (0.000 ns)
	'or' operation 1 bit ('or_ln117_905', firmware/BDT.h:117) [149]  (0.000 ns)
	'select' operation 4 bit ('select_ln117_962', firmware/BDT.h:117) [152]  (0.000 ns)
	'select' operation 4 bit ('select_ln117_963', firmware/BDT.h:117) [154]  (1.024 ns)
	'select' operation 4 bit ('select_ln117_964', firmware/BDT.h:117) [156]  (0.000 ns)
	'select' operation 4 bit ('select_ln117_965', firmware/BDT.h:117) [158]  (1.024 ns)
	'select' operation 4 bit ('select_ln117_966', firmware/BDT.h:117) [160]  (0.000 ns)
	'select' operation 4 bit ('select_ln117_967', firmware/BDT.h:117) [162]  (1.024 ns)

 <State 5>: 3.645ns
The critical path consists of the following:
	'xor' operation 1 bit ('xor_ln104_483', firmware/BDT.h:104) [103]  (0.000 ns)
	'and' operation 1 bit ('and_ln102_981', firmware/BDT.h:102) [121]  (0.000 ns)
	'and' operation 1 bit ('and_ln102_969', firmware/BDT.h:102) [122]  (0.000 ns)
	'or' operation 1 bit ('or_ln117_911', firmware/BDT.h:117) [161]  (0.000 ns)
	'select' operation 4 bit ('select_ln117_968', firmware/BDT.h:117) [163]  (0.000 ns)
	'select' operation 5 bit ('select_ln117_969', firmware/BDT.h:117) [166]  (1.215 ns)
	'select' operation 5 bit ('select_ln117_970', firmware/BDT.h:117) [168]  (0.000 ns)
	'select' operation 5 bit ('select_ln117_971', firmware/BDT.h:117) [170]  (1.215 ns)
	'select' operation 5 bit ('select_ln117_972', firmware/BDT.h:117) [172]  (0.000 ns)
	'select' operation 5 bit ('select_ln117_973', firmware/BDT.h:117) [174]  (1.215 ns)

 <State 6>: 3.645ns
The critical path consists of the following:
	'and' operation 1 bit ('and_ln102_972', firmware/BDT.h:102) [126]  (0.000 ns)
	'or' operation 1 bit ('or_ln117_916', firmware/BDT.h:117) [173]  (0.000 ns)
	'select' operation 5 bit ('select_ln117_974', firmware/BDT.h:117) [176]  (0.000 ns)
	'select' operation 5 bit ('select_ln117_975', firmware/BDT.h:117) [178]  (1.215 ns)
	'select' operation 5 bit ('select_ln117_976', firmware/BDT.h:117) [180]  (0.000 ns)
	'select' operation 5 bit ('select_ln117_977', firmware/BDT.h:117) [182]  (1.215 ns)
	'select' operation 5 bit ('select_ln117_978', firmware/BDT.h:117) [184]  (0.000 ns)
	'select' operation 5 bit ('select_ln117_979', firmware/BDT.h:117) [186]  (1.215 ns)

 <State 7>: 3.408ns
The critical path consists of the following:
	'or' operation 1 bit ('or_ln117_923', firmware/BDT.h:117) [187]  (0.978 ns)
	'select' operation 5 bit ('select_ln117_981', firmware/BDT.h:117) [190]  (1.215 ns)
	'select' operation 5 bit ('select_ln117_982', firmware/BDT.h:117) [192]  (0.000 ns)
	'select' operation 5 bit ('select_ln117_983', firmware/BDT.h:117) [194]  (1.215 ns)

 <State 8>: 3.205ns
The critical path consists of the following:
	'xor' operation 1 bit ('xor_ln104_486', firmware/BDT.h:104) [110]  (0.000 ns)
	'and' operation 1 bit ('and_ln102_985', firmware/BDT.h:102) [133]  (0.000 ns)
	'and' operation 1 bit ('and_ln102_977', firmware/BDT.h:102) [134]  (0.000 ns)
	'or' operation 1 bit ('or_ln117_926', firmware/BDT.h:117) [193]  (0.000 ns)
	'select' operation 5 bit ('select_ln117_984', firmware/BDT.h:117) [195]  (0.000 ns)
	'sparsemux' operation 12 bit ('agg_result', firmware/BDT.h:118) [196]  (3.205 ns)


============================================================
+ Verbose Summary: Binding
============================================================
N/A
* FSMD analyzer results:
  - Output states:
 - Input state : 
  - Chain level:
	State 1
	State 2
	State 3
	State 4
	State 5
	State 6
	State 7
	State 8


============================================================
+ Verbose Summary: Datapath Resource usage 
============================================================
N/A
