

================================================================
== Vitis HLS Report for 'decision_function_31'
================================================================
* Date:           Thu Jan 23 13:48:04 2025

* Version:        2024.1 (Build 5069499 on May 21 2024)
* Project:        conifer_jettag
* Solution:       solution1 (Vivado IP Flow Target)
* Product family: zynq
* Target device:  xc7z020-clg400-1


================================================================
== Performance Estimates
================================================================
+ Timing: 
    * Summary: 
    +--------+---------+----------+------------+
    |  Clock |  Target | Estimated| Uncertainty|
    +--------+---------+----------+------------+
    |ap_clk  |  5.00 ns|  3.645 ns|     1.35 ns|
    +--------+---------+----------+------------+

+ Latency: 
    * Summary: 
    +---------+---------+-----------+-----------+-----+-----+---------+
    |  Latency (cycles) |   Latency (absolute)  |  Interval | Pipeline|
    |   min   |   max   |    min    |    max    | min | max |   Type  |
    +---------+---------+-----------+-----------+-----+-----+---------+
    |        7|        7|  35.000 ns|  35.000 ns|    1|    1|      yes|
    +---------+---------+-----------+-----------+-----+-----+---------+

    + Detail: 
        * Instance: 
        N/A

        * Loop: 
        N/A

============================================================
+ Verbose Summary: Synthesis Manager
============================================================
InlineROM: 1
ExposeGlobal: 0
============================================================
+ Verbose Summary: CDFG Model
============================================================
IsTopModel: 0
ResetActiveHigh: 1
IsCombinational: 0
IsDatapathOnly: 0
HasWiredReturn: 1
HasMFsm: 2
HasVarLatency: 0
IsPipeline: 1
IsRtlPipelined: 1
IsInstanceOverlapped: 0
IsDontTouch: 0
HasImplIP: 0
IsGatedGlobalClock: 0

+ Individual pipeline summary: 
  * Pipeline-0: initiation interval (II) = 1, depth = 8


============================================================
+ Verbose Summary: Schedule
============================================================
* Number of FSM states : 8
* Pipeline : 1
  Pipeline-0 : II = 1, D = 8, States = { 1 2 3 4 5 6 7 8 }
* Dataflow Pipeline: 0

* FSM state transitions: 
1 --> 2 
2 --> 3 
3 --> 4 
4 --> 5 
5 --> 6 
6 --> 7 
7 --> 8 
8 --> 

* FSM state operations: 

State 1 <SV = 0> <Delay = 3.11>
ST_1 : Operation 9 [1/1] (0.00ns)   --->   "%p_read2029 = read i18 @_ssdm_op_Read.ap_auto.i18, i18 %p_read20" [firmware/BDT.h:86]   --->   Operation 9 'read' 'p_read2029' <Predicate = true> <Delay = 0.00>
ST_1 : Operation 10 [1/1] (0.00ns)   --->   "%p_read = read i18 @_ssdm_op_Read.ap_auto.i18, i18 %p_read19" [firmware/BDT.h:86]   --->   Operation 10 'read' 'p_read' <Predicate = true> <Delay = 0.00>
ST_1 : Operation 11 [1/1] (0.00ns)   --->   "%p_read_441 = read i18 @_ssdm_op_Read.ap_auto.i18, i18 %p_read18" [firmware/BDT.h:86]   --->   Operation 11 'read' 'p_read_441' <Predicate = true> <Delay = 0.00>
ST_1 : Operation 12 [1/1] (0.00ns)   --->   "%p_read_442 = read i18 @_ssdm_op_Read.ap_auto.i18, i18 %p_read17" [firmware/BDT.h:86]   --->   Operation 12 'read' 'p_read_442' <Predicate = true> <Delay = 0.00>
ST_1 : Operation 13 [1/1] (0.00ns)   --->   "%p_read_443 = read i18 @_ssdm_op_Read.ap_auto.i18, i18 %p_read16" [firmware/BDT.h:86]   --->   Operation 13 'read' 'p_read_443' <Predicate = true> <Delay = 0.00>
ST_1 : Operation 14 [1/1] (0.00ns)   --->   "%p_read_444 = read i18 @_ssdm_op_Read.ap_auto.i18, i18 %p_read15" [firmware/BDT.h:86]   --->   Operation 14 'read' 'p_read_444' <Predicate = true> <Delay = 0.00>
ST_1 : Operation 15 [1/1] (0.00ns)   --->   "%p_read1423 = read i18 @_ssdm_op_Read.ap_auto.i18, i18 %p_read14" [firmware/BDT.h:86]   --->   Operation 15 'read' 'p_read1423' <Predicate = true> <Delay = 0.00>
ST_1 : Operation 16 [1/1] (0.00ns)   --->   "%p_read1322 = read i18 @_ssdm_op_Read.ap_auto.i18, i18 %p_read13" [firmware/BDT.h:86]   --->   Operation 16 'read' 'p_read1322' <Predicate = true> <Delay = 0.00>
ST_1 : Operation 17 [1/1] (0.00ns)   --->   "%p_read1221 = read i18 @_ssdm_op_Read.ap_auto.i18, i18 %p_read12" [firmware/BDT.h:86]   --->   Operation 17 'read' 'p_read1221' <Predicate = true> <Delay = 0.00>
ST_1 : Operation 18 [1/1] (0.00ns)   --->   "%p_read1120 = read i18 @_ssdm_op_Read.ap_auto.i18, i18 %p_read11" [firmware/BDT.h:86]   --->   Operation 18 'read' 'p_read1120' <Predicate = true> <Delay = 0.00>
ST_1 : Operation 19 [1/1] (0.00ns)   --->   "%p_read1019 = read i18 @_ssdm_op_Read.ap_auto.i18, i18 %p_read10" [firmware/BDT.h:86]   --->   Operation 19 'read' 'p_read1019' <Predicate = true> <Delay = 0.00>
ST_1 : Operation 20 [1/1] (0.00ns)   --->   "%p_read918 = read i18 @_ssdm_op_Read.ap_auto.i18, i18 %p_read9" [firmware/BDT.h:86]   --->   Operation 20 'read' 'p_read918' <Predicate = true> <Delay = 0.00>
ST_1 : Operation 21 [1/1] (0.00ns)   --->   "%p_read817 = read i18 @_ssdm_op_Read.ap_auto.i18, i18 %p_read8" [firmware/BDT.h:86]   --->   Operation 21 'read' 'p_read817' <Predicate = true> <Delay = 0.00>
ST_1 : Operation 22 [1/1] (0.00ns)   --->   "%p_read716 = read i18 @_ssdm_op_Read.ap_auto.i18, i18 %p_read7" [firmware/BDT.h:86]   --->   Operation 22 'read' 'p_read716' <Predicate = true> <Delay = 0.00>
ST_1 : Operation 23 [1/1] (0.00ns)   --->   "%p_read615 = read i18 @_ssdm_op_Read.ap_auto.i18, i18 %p_read6" [firmware/BDT.h:86]   --->   Operation 23 'read' 'p_read615' <Predicate = true> <Delay = 0.00>
ST_1 : Operation 24 [1/1] (0.00ns)   --->   "%p_read514 = read i18 @_ssdm_op_Read.ap_auto.i18, i18 %p_read5" [firmware/BDT.h:86]   --->   Operation 24 'read' 'p_read514' <Predicate = true> <Delay = 0.00>
ST_1 : Operation 25 [1/1] (0.00ns)   --->   "%p_read413 = read i18 @_ssdm_op_Read.ap_auto.i18, i18 %p_read4" [firmware/BDT.h:86]   --->   Operation 25 'read' 'p_read413' <Predicate = true> <Delay = 0.00>
ST_1 : Operation 26 [1/1] (0.00ns)   --->   "%p_read312 = read i18 @_ssdm_op_Read.ap_auto.i18, i18 %p_read3" [firmware/BDT.h:86]   --->   Operation 26 'read' 'p_read312' <Predicate = true> <Delay = 0.00>
ST_1 : Operation 27 [1/1] (0.00ns)   --->   "%p_read211 = read i18 @_ssdm_op_Read.ap_auto.i18, i18 %p_read2" [firmware/BDT.h:86]   --->   Operation 27 'read' 'p_read211' <Predicate = true> <Delay = 0.00>
ST_1 : Operation 28 [1/1] (0.00ns)   --->   "%p_read110 = read i18 @_ssdm_op_Read.ap_auto.i18, i18 %p_read1" [firmware/BDT.h:86]   --->   Operation 28 'read' 'p_read110' <Predicate = true> <Delay = 0.00>
ST_1 : Operation 29 [1/1] (2.13ns)   --->   "%icmp_ln86 = icmp_slt  i18 %p_read716, i18 462" [firmware/BDT.h:86]   --->   Operation 29 'icmp' 'icmp_ln86' <Predicate = true> <Delay = 2.13> <CoreInst = "Cmp">   --->   Core 9 'Cmp' <Latency = 0> <II = 1> <Delay = 2.13> <FuncUnit> <Opcode : 'seteq' 'setne' 'setle' 'setge' 'setlt' 'setgt'> <InPorts = 2> <OutPorts = 1>
ST_1 : Operation 30 [1/1] (2.13ns)   --->   "%icmp_ln86_817 = icmp_slt  i18 %p_read312, i18 13227" [firmware/BDT.h:86]   --->   Operation 30 'icmp' 'icmp_ln86_817' <Predicate = true> <Delay = 2.13> <CoreInst = "Cmp">   --->   Core 9 'Cmp' <Latency = 0> <II = 1> <Delay = 2.13> <FuncUnit> <Opcode : 'seteq' 'setne' 'setle' 'setge' 'setlt' 'setgt'> <InPorts = 2> <OutPorts = 1>
ST_1 : Operation 31 [1/1] (2.13ns)   --->   "%icmp_ln86_818 = icmp_slt  i18 %p_read1322, i18 2316" [firmware/BDT.h:86]   --->   Operation 31 'icmp' 'icmp_ln86_818' <Predicate = true> <Delay = 2.13> <CoreInst = "Cmp">   --->   Core 9 'Cmp' <Latency = 0> <II = 1> <Delay = 2.13> <FuncUnit> <Opcode : 'seteq' 'setne' 'setle' 'setge' 'setlt' 'setgt'> <InPorts = 2> <OutPorts = 1>
ST_1 : Operation 32 [1/1] (2.13ns)   --->   "%icmp_ln86_819 = icmp_slt  i18 %p_read1322, i18 1811" [firmware/BDT.h:86]   --->   Operation 32 'icmp' 'icmp_ln86_819' <Predicate = true> <Delay = 2.13> <CoreInst = "Cmp">   --->   Core 9 'Cmp' <Latency = 0> <II = 1> <Delay = 2.13> <FuncUnit> <Opcode : 'seteq' 'setne' 'setle' 'setge' 'setlt' 'setgt'> <InPorts = 2> <OutPorts = 1>
ST_1 : Operation 33 [1/1] (2.13ns)   --->   "%icmp_ln86_820 = icmp_slt  i18 %p_read817, i18 97" [firmware/BDT.h:86]   --->   Operation 33 'icmp' 'icmp_ln86_820' <Predicate = true> <Delay = 2.13> <CoreInst = "Cmp">   --->   Core 9 'Cmp' <Latency = 0> <II = 1> <Delay = 2.13> <FuncUnit> <Opcode : 'seteq' 'setne' 'setle' 'setge' 'setlt' 'setgt'> <InPorts = 2> <OutPorts = 1>
ST_1 : Operation 34 [1/1] (2.13ns)   --->   "%icmp_ln86_821 = icmp_slt  i18 %p_read514, i18 1391" [firmware/BDT.h:86]   --->   Operation 34 'icmp' 'icmp_ln86_821' <Predicate = true> <Delay = 2.13> <CoreInst = "Cmp">   --->   Core 9 'Cmp' <Latency = 0> <II = 1> <Delay = 2.13> <FuncUnit> <Opcode : 'seteq' 'setne' 'setle' 'setge' 'setlt' 'setgt'> <InPorts = 2> <OutPorts = 1>
ST_1 : Operation 35 [1/1] (2.13ns)   --->   "%icmp_ln86_822 = icmp_slt  i18 %p_read918, i18 29" [firmware/BDT.h:86]   --->   Operation 35 'icmp' 'icmp_ln86_822' <Predicate = true> <Delay = 2.13> <CoreInst = "Cmp">   --->   Core 9 'Cmp' <Latency = 0> <II = 1> <Delay = 2.13> <FuncUnit> <Opcode : 'seteq' 'setne' 'setle' 'setge' 'setlt' 'setgt'> <InPorts = 2> <OutPorts = 1>
ST_1 : Operation 36 [1/1] (2.13ns)   --->   "%icmp_ln86_823 = icmp_slt  i18 %p_read1019, i18 14" [firmware/BDT.h:86]   --->   Operation 36 'icmp' 'icmp_ln86_823' <Predicate = true> <Delay = 2.13> <CoreInst = "Cmp">   --->   Core 9 'Cmp' <Latency = 0> <II = 1> <Delay = 2.13> <FuncUnit> <Opcode : 'seteq' 'setne' 'setle' 'setge' 'setlt' 'setgt'> <InPorts = 2> <OutPorts = 1>
ST_1 : Operation 37 [1/1] (0.00ns)   --->   "%tmp = partselect i17 @_ssdm_op_PartSelect.i17.i18.i32.i32, i18 %p_read1120, i32 1, i32 17" [firmware/BDT.h:86]   --->   Operation 37 'partselect' 'tmp' <Predicate = true> <Delay = 0.00>
ST_1 : Operation 38 [1/1] (2.10ns)   --->   "%icmp_ln86_1394 = icmp_slt  i17 %tmp, i17 1" [firmware/BDT.h:86]   --->   Operation 38 'icmp' 'icmp_ln86_1394' <Predicate = true> <Delay = 2.10> <CoreInst = "Cmp">   --->   Core 9 'Cmp' <Latency = 0> <II = 1> <Delay = 2.10> <FuncUnit> <Opcode : 'seteq' 'setne' 'setle' 'setge' 'setlt' 'setgt'> <InPorts = 2> <OutPorts = 1>
ST_1 : Operation 39 [1/1] (2.13ns)   --->   "%icmp_ln86_825 = icmp_slt  i18 %p_read, i18 47119" [firmware/BDT.h:86]   --->   Operation 39 'icmp' 'icmp_ln86_825' <Predicate = true> <Delay = 2.13> <CoreInst = "Cmp">   --->   Core 9 'Cmp' <Latency = 0> <II = 1> <Delay = 2.13> <FuncUnit> <Opcode : 'seteq' 'setne' 'setle' 'setge' 'setlt' 'setgt'> <InPorts = 2> <OutPorts = 1>
ST_1 : Operation 40 [1/1] (2.13ns)   --->   "%icmp_ln86_826 = icmp_slt  i18 %p_read413, i18 3413" [firmware/BDT.h:86]   --->   Operation 40 'icmp' 'icmp_ln86_826' <Predicate = true> <Delay = 2.13> <CoreInst = "Cmp">   --->   Core 9 'Cmp' <Latency = 0> <II = 1> <Delay = 2.13> <FuncUnit> <Opcode : 'seteq' 'setne' 'setle' 'setge' 'setlt' 'setgt'> <InPorts = 2> <OutPorts = 1>
ST_1 : Operation 41 [1/1] (2.13ns)   --->   "%icmp_ln86_827 = icmp_slt  i18 %p_read1221, i18 11" [firmware/BDT.h:86]   --->   Operation 41 'icmp' 'icmp_ln86_827' <Predicate = true> <Delay = 2.13> <CoreInst = "Cmp">   --->   Core 9 'Cmp' <Latency = 0> <II = 1> <Delay = 2.13> <FuncUnit> <Opcode : 'seteq' 'setne' 'setle' 'setge' 'setlt' 'setgt'> <InPorts = 2> <OutPorts = 1>
ST_1 : Operation 42 [1/1] (2.13ns)   --->   "%icmp_ln86_828 = icmp_slt  i18 %p_read2029, i18 58881" [firmware/BDT.h:86]   --->   Operation 42 'icmp' 'icmp_ln86_828' <Predicate = true> <Delay = 2.13> <CoreInst = "Cmp">   --->   Core 9 'Cmp' <Latency = 0> <II = 1> <Delay = 2.13> <FuncUnit> <Opcode : 'seteq' 'setne' 'setle' 'setge' 'setlt' 'setgt'> <InPorts = 2> <OutPorts = 1>
ST_1 : Operation 43 [1/1] (2.13ns)   --->   "%icmp_ln86_829 = icmp_slt  i18 %p_read_442, i18 418" [firmware/BDT.h:86]   --->   Operation 43 'icmp' 'icmp_ln86_829' <Predicate = true> <Delay = 2.13> <CoreInst = "Cmp">   --->   Core 9 'Cmp' <Latency = 0> <II = 1> <Delay = 2.13> <FuncUnit> <Opcode : 'seteq' 'setne' 'setle' 'setge' 'setlt' 'setgt'> <InPorts = 2> <OutPorts = 1>
ST_1 : Operation 44 [1/1] (2.13ns)   --->   "%icmp_ln86_830 = icmp_slt  i18 %p_read_441, i18 184" [firmware/BDT.h:86]   --->   Operation 44 'icmp' 'icmp_ln86_830' <Predicate = true> <Delay = 2.13> <CoreInst = "Cmp">   --->   Core 9 'Cmp' <Latency = 0> <II = 1> <Delay = 2.13> <FuncUnit> <Opcode : 'seteq' 'setne' 'setle' 'setge' 'setlt' 'setgt'> <InPorts = 2> <OutPorts = 1>
ST_1 : Operation 45 [1/1] (2.13ns)   --->   "%icmp_ln86_831 = icmp_slt  i18 %p_read_442, i18 384" [firmware/BDT.h:86]   --->   Operation 45 'icmp' 'icmp_ln86_831' <Predicate = true> <Delay = 2.13> <CoreInst = "Cmp">   --->   Core 9 'Cmp' <Latency = 0> <II = 1> <Delay = 2.13> <FuncUnit> <Opcode : 'seteq' 'setne' 'setle' 'setge' 'setlt' 'setgt'> <InPorts = 2> <OutPorts = 1>
ST_1 : Operation 46 [1/1] (2.13ns)   --->   "%icmp_ln86_832 = icmp_slt  i18 %p_read_443, i18 50" [firmware/BDT.h:86]   --->   Operation 46 'icmp' 'icmp_ln86_832' <Predicate = true> <Delay = 2.13> <CoreInst = "Cmp">   --->   Core 9 'Cmp' <Latency = 0> <II = 1> <Delay = 2.13> <FuncUnit> <Opcode : 'seteq' 'setne' 'setle' 'setge' 'setlt' 'setgt'> <InPorts = 2> <OutPorts = 1>
ST_1 : Operation 47 [1/1] (2.13ns)   --->   "%icmp_ln86_833 = icmp_slt  i18 %p_read211, i18 674" [firmware/BDT.h:86]   --->   Operation 47 'icmp' 'icmp_ln86_833' <Predicate = true> <Delay = 2.13> <CoreInst = "Cmp">   --->   Core 9 'Cmp' <Latency = 0> <II = 1> <Delay = 2.13> <FuncUnit> <Opcode : 'seteq' 'setne' 'setle' 'setge' 'setlt' 'setgt'> <InPorts = 2> <OutPorts = 1>
ST_1 : Operation 48 [1/1] (2.13ns)   --->   "%icmp_ln86_834 = icmp_slt  i18 %p_read1423, i18 1996" [firmware/BDT.h:86]   --->   Operation 48 'icmp' 'icmp_ln86_834' <Predicate = true> <Delay = 2.13> <CoreInst = "Cmp">   --->   Core 9 'Cmp' <Latency = 0> <II = 1> <Delay = 2.13> <FuncUnit> <Opcode : 'seteq' 'setne' 'setle' 'setge' 'setlt' 'setgt'> <InPorts = 2> <OutPorts = 1>
ST_1 : Operation 49 [1/1] (2.13ns)   --->   "%icmp_ln86_835 = icmp_slt  i18 %p_read716, i18 430" [firmware/BDT.h:86]   --->   Operation 49 'icmp' 'icmp_ln86_835' <Predicate = true> <Delay = 2.13> <CoreInst = "Cmp">   --->   Core 9 'Cmp' <Latency = 0> <II = 1> <Delay = 2.13> <FuncUnit> <Opcode : 'seteq' 'setne' 'setle' 'setge' 'setlt' 'setgt'> <InPorts = 2> <OutPorts = 1>
ST_1 : Operation 50 [1/1] (2.13ns)   --->   "%icmp_ln86_836 = icmp_slt  i18 %p_read918, i18 10" [firmware/BDT.h:86]   --->   Operation 50 'icmp' 'icmp_ln86_836' <Predicate = true> <Delay = 2.13> <CoreInst = "Cmp">   --->   Core 9 'Cmp' <Latency = 0> <II = 1> <Delay = 2.13> <FuncUnit> <Opcode : 'seteq' 'setne' 'setle' 'setge' 'setlt' 'setgt'> <InPorts = 2> <OutPorts = 1>
ST_1 : Operation 51 [1/1] (2.13ns)   --->   "%icmp_ln86_837 = icmp_slt  i18 %p_read514, i18 1743" [firmware/BDT.h:86]   --->   Operation 51 'icmp' 'icmp_ln86_837' <Predicate = true> <Delay = 2.13> <CoreInst = "Cmp">   --->   Core 9 'Cmp' <Latency = 0> <II = 1> <Delay = 2.13> <FuncUnit> <Opcode : 'seteq' 'setne' 'setle' 'setge' 'setlt' 'setgt'> <InPorts = 2> <OutPorts = 1>
ST_1 : Operation 52 [1/1] (2.13ns)   --->   "%icmp_ln86_838 = icmp_slt  i18 %p_read2029, i18 47617" [firmware/BDT.h:86]   --->   Operation 52 'icmp' 'icmp_ln86_838' <Predicate = true> <Delay = 2.13> <CoreInst = "Cmp">   --->   Core 9 'Cmp' <Latency = 0> <II = 1> <Delay = 2.13> <FuncUnit> <Opcode : 'seteq' 'setne' 'setle' 'setge' 'setlt' 'setgt'> <InPorts = 2> <OutPorts = 1>
ST_1 : Operation 53 [1/1] (2.13ns)   --->   "%icmp_ln86_839 = icmp_slt  i18 %p_read110, i18 556" [firmware/BDT.h:86]   --->   Operation 53 'icmp' 'icmp_ln86_839' <Predicate = true> <Delay = 2.13> <CoreInst = "Cmp">   --->   Core 9 'Cmp' <Latency = 0> <II = 1> <Delay = 2.13> <FuncUnit> <Opcode : 'seteq' 'setne' 'setle' 'setge' 'setlt' 'setgt'> <InPorts = 2> <OutPorts = 1>
ST_1 : Operation 54 [1/1] (2.13ns)   --->   "%icmp_ln86_840 = icmp_slt  i18 %p_read615, i18 258872" [firmware/BDT.h:86]   --->   Operation 54 'icmp' 'icmp_ln86_840' <Predicate = true> <Delay = 2.13> <CoreInst = "Cmp">   --->   Core 9 'Cmp' <Latency = 0> <II = 1> <Delay = 2.13> <FuncUnit> <Opcode : 'seteq' 'setne' 'setle' 'setge' 'setlt' 'setgt'> <InPorts = 2> <OutPorts = 1>
ST_1 : Operation 55 [1/1] (2.13ns)   --->   "%icmp_ln86_841 = icmp_slt  i18 %p_read, i18 54068" [firmware/BDT.h:86]   --->   Operation 55 'icmp' 'icmp_ln86_841' <Predicate = true> <Delay = 2.13> <CoreInst = "Cmp">   --->   Core 9 'Cmp' <Latency = 0> <II = 1> <Delay = 2.13> <FuncUnit> <Opcode : 'seteq' 'setne' 'setle' 'setge' 'setlt' 'setgt'> <InPorts = 2> <OutPorts = 1>
ST_1 : Operation 56 [1/1] (2.13ns)   --->   "%icmp_ln86_842 = icmp_slt  i18 %p_read_442, i18 238" [firmware/BDT.h:86]   --->   Operation 56 'icmp' 'icmp_ln86_842' <Predicate = true> <Delay = 2.13> <CoreInst = "Cmp">   --->   Core 9 'Cmp' <Latency = 0> <II = 1> <Delay = 2.13> <FuncUnit> <Opcode : 'seteq' 'setne' 'setle' 'setge' 'setlt' 'setgt'> <InPorts = 2> <OutPorts = 1>
ST_1 : Operation 57 [1/1] (2.13ns)   --->   "%icmp_ln86_843 = icmp_slt  i18 %p_read918, i18 27" [firmware/BDT.h:86]   --->   Operation 57 'icmp' 'icmp_ln86_843' <Predicate = true> <Delay = 2.13> <CoreInst = "Cmp">   --->   Core 9 'Cmp' <Latency = 0> <II = 1> <Delay = 2.13> <FuncUnit> <Opcode : 'seteq' 'setne' 'setle' 'setge' 'setlt' 'setgt'> <InPorts = 2> <OutPorts = 1>
ST_1 : Operation 58 [1/1] (2.13ns)   --->   "%icmp_ln86_844 = icmp_slt  i18 %p_read_444, i18 298" [firmware/BDT.h:86]   --->   Operation 58 'icmp' 'icmp_ln86_844' <Predicate = true> <Delay = 2.13> <CoreInst = "Cmp">   --->   Core 9 'Cmp' <Latency = 0> <II = 1> <Delay = 2.13> <FuncUnit> <Opcode : 'seteq' 'setne' 'setle' 'setge' 'setlt' 'setgt'> <InPorts = 2> <OutPorts = 1>
ST_1 : Operation 59 [1/1] (2.13ns)   --->   "%icmp_ln86_845 = icmp_slt  i18 %p_read110, i18 177310" [firmware/BDT.h:86]   --->   Operation 59 'icmp' 'icmp_ln86_845' <Predicate = true> <Delay = 2.13> <CoreInst = "Cmp">   --->   Core 9 'Cmp' <Latency = 0> <II = 1> <Delay = 2.13> <FuncUnit> <Opcode : 'seteq' 'setne' 'setle' 'setge' 'setlt' 'setgt'> <InPorts = 2> <OutPorts = 1>
ST_1 : Operation 60 [1/1] (2.13ns)   --->   "%icmp_ln86_846 = icmp_slt  i18 %p_read716, i18 495" [firmware/BDT.h:86]   --->   Operation 60 'icmp' 'icmp_ln86_846' <Predicate = true> <Delay = 2.13> <CoreInst = "Cmp">   --->   Core 9 'Cmp' <Latency = 0> <II = 1> <Delay = 2.13> <FuncUnit> <Opcode : 'seteq' 'setne' 'setle' 'setge' 'setlt' 'setgt'> <InPorts = 2> <OutPorts = 1>
ST_1 : Operation 61 [1/1] (0.97ns)   --->   "%and_ln102 = and i1 %icmp_ln86_817, i1 %icmp_ln86" [firmware/BDT.h:102]   --->   Operation 61 'and' 'and_ln102' <Predicate = true> <Delay = 0.97> <CoreInst = "LogicGate">   --->   Core 74 'LogicGate' <Latency = 0> <II = 1> <Delay = 0.97> <FuncUnit> <Opcode : 'and' 'or' 'xor'> <InPorts = 2> <OutPorts = 1>

State 2 <SV = 1> <Delay = 2.93>
ST_2 : Operation 62 [1/1] (0.00ns) (grouped into LUT with out node and_ln104)   --->   "%xor_ln104_392 = xor i1 %icmp_ln86_817, i1 1" [firmware/BDT.h:104]   --->   Operation 62 'xor' 'xor_ln104_392' <Predicate = (icmp_ln86)> <Delay = 0.00> <CoreInst = "LogicGate">   --->   Core 74 'LogicGate' <Latency = 0> <II = 1> <Delay = 0.97> <FuncUnit> <Opcode : 'and' 'or' 'xor'> <InPorts = 2> <OutPorts = 1>
ST_2 : Operation 63 [1/1] (0.97ns) (out node of the LUT)   --->   "%and_ln104 = and i1 %icmp_ln86, i1 %xor_ln104_392" [firmware/BDT.h:104]   --->   Operation 63 'and' 'and_ln104' <Predicate = (icmp_ln86)> <Delay = 0.97> <CoreInst = "LogicGate">   --->   Core 74 'LogicGate' <Latency = 0> <II = 1> <Delay = 0.97> <FuncUnit> <Opcode : 'and' 'or' 'xor'> <InPorts = 2> <OutPorts = 1>
ST_2 : Operation 64 [1/1] (0.97ns)   --->   "%and_ln102_786 = and i1 %icmp_ln86_819, i1 %and_ln102" [firmware/BDT.h:102]   --->   Operation 64 'and' 'and_ln102_786' <Predicate = (and_ln102 & icmp_ln86)> <Delay = 0.97> <CoreInst = "LogicGate">   --->   Core 74 'LogicGate' <Latency = 0> <II = 1> <Delay = 0.97> <FuncUnit> <Opcode : 'and' 'or' 'xor'> <InPorts = 2> <OutPorts = 1>
ST_2 : Operation 65 [1/1] (0.00ns) (grouped into LUT with out node and_ln104_162)   --->   "%xor_ln104_394 = xor i1 %icmp_ln86_819, i1 1" [firmware/BDT.h:104]   --->   Operation 65 'xor' 'xor_ln104_394' <Predicate = (and_ln102 & icmp_ln86)> <Delay = 0.00> <CoreInst = "LogicGate">   --->   Core 74 'LogicGate' <Latency = 0> <II = 1> <Delay = 0.97> <FuncUnit> <Opcode : 'and' 'or' 'xor'> <InPorts = 2> <OutPorts = 1>
ST_2 : Operation 66 [1/1] (0.97ns) (out node of the LUT)   --->   "%and_ln104_162 = and i1 %and_ln102, i1 %xor_ln104_394" [firmware/BDT.h:104]   --->   Operation 66 'and' 'and_ln104_162' <Predicate = (and_ln102 & icmp_ln86)> <Delay = 0.97> <CoreInst = "LogicGate">   --->   Core 74 'LogicGate' <Latency = 0> <II = 1> <Delay = 0.97> <FuncUnit> <Opcode : 'and' 'or' 'xor'> <InPorts = 2> <OutPorts = 1>
ST_2 : Operation 67 [1/1] (0.97ns)   --->   "%and_ln102_790 = and i1 %icmp_ln86_823, i1 %and_ln102_786" [firmware/BDT.h:102]   --->   Operation 67 'and' 'and_ln102_790' <Predicate = (and_ln102 & icmp_ln86)> <Delay = 0.97> <CoreInst = "LogicGate">   --->   Core 74 'LogicGate' <Latency = 0> <II = 1> <Delay = 0.97> <FuncUnit> <Opcode : 'and' 'or' 'xor'> <InPorts = 2> <OutPorts = 1>
ST_2 : Operation 68 [1/1] (0.00ns) (grouped into LUT with out node or_ln117)   --->   "%xor_ln104_398 = xor i1 %icmp_ln86_823, i1 1" [firmware/BDT.h:104]   --->   Operation 68 'xor' 'xor_ln104_398' <Predicate = (and_ln102 & icmp_ln86)> <Delay = 0.00> <CoreInst = "LogicGate">   --->   Core 74 'LogicGate' <Latency = 0> <II = 1> <Delay = 0.97> <FuncUnit> <Opcode : 'and' 'or' 'xor'> <InPorts = 2> <OutPorts = 1>
ST_2 : Operation 69 [1/1] (0.97ns)   --->   "%and_ln102_791 = and i1 %icmp_ln86_1394, i1 %and_ln104_162" [firmware/BDT.h:102]   --->   Operation 69 'and' 'and_ln102_791' <Predicate = (and_ln102 & icmp_ln86)> <Delay = 0.97> <CoreInst = "LogicGate">   --->   Core 74 'LogicGate' <Latency = 0> <II = 1> <Delay = 0.97> <FuncUnit> <Opcode : 'and' 'or' 'xor'> <InPorts = 2> <OutPorts = 1>
ST_2 : Operation 70 [1/1] (0.00ns) (grouped into LUT with out node or_ln117)   --->   "%and_ln102_814 = and i1 %icmp_ln86_832, i1 %xor_ln104_398" [firmware/BDT.h:102]   --->   Operation 70 'and' 'and_ln102_814' <Predicate = (and_ln102 & icmp_ln86)> <Delay = 0.00> <CoreInst = "LogicGate">   --->   Core 74 'LogicGate' <Latency = 0> <II = 1> <Delay = 0.97> <FuncUnit> <Opcode : 'and' 'or' 'xor'> <InPorts = 2> <OutPorts = 1>
ST_2 : Operation 71 [1/1] (0.00ns) (grouped into LUT with out node or_ln117)   --->   "%and_ln102_799 = and i1 %and_ln102_814, i1 %and_ln102_786" [firmware/BDT.h:102]   --->   Operation 71 'and' 'and_ln102_799' <Predicate = (and_ln102 & icmp_ln86)> <Delay = 0.00> <CoreInst = "LogicGate">   --->   Core 74 'LogicGate' <Latency = 0> <II = 1> <Delay = 0.97> <FuncUnit> <Opcode : 'and' 'or' 'xor'> <InPorts = 2> <OutPorts = 1>
ST_2 : Operation 72 [1/1] (0.97ns) (out node of the LUT)   --->   "%or_ln117 = or i1 %and_ln102_790, i1 %and_ln102_799" [firmware/BDT.h:117]   --->   Operation 72 'or' 'or_ln117' <Predicate = (and_ln102 & icmp_ln86)> <Delay = 0.97> <CoreInst = "LogicGate">   --->   Core 74 'LogicGate' <Latency = 0> <II = 1> <Delay = 0.97> <FuncUnit> <Opcode : 'and' 'or' 'xor'> <InPorts = 2> <OutPorts = 1>

State 3 <SV = 2> <Delay = 2.99>
ST_3 : Operation 73 [1/1] (0.97ns)   --->   "%xor_ln104 = xor i1 %icmp_ln86, i1 1" [firmware/BDT.h:104]   --->   Operation 73 'xor' 'xor_ln104' <Predicate = true> <Delay = 0.97> <CoreInst = "LogicGate">   --->   Core 74 'LogicGate' <Latency = 0> <II = 1> <Delay = 0.97> <FuncUnit> <Opcode : 'and' 'or' 'xor'> <InPorts = 2> <OutPorts = 1>
ST_3 : Operation 74 [1/1] (0.97ns)   --->   "%and_ln102_787 = and i1 %icmp_ln86_820, i1 %and_ln104" [firmware/BDT.h:102]   --->   Operation 74 'and' 'and_ln102_787' <Predicate = (icmp_ln86)> <Delay = 0.97> <CoreInst = "LogicGate">   --->   Core 74 'LogicGate' <Latency = 0> <II = 1> <Delay = 0.97> <FuncUnit> <Opcode : 'and' 'or' 'xor'> <InPorts = 2> <OutPorts = 1>
ST_3 : Operation 75 [1/1] (0.00ns) (grouped into LUT with out node and_ln104_163)   --->   "%xor_ln104_395 = xor i1 %icmp_ln86_820, i1 1" [firmware/BDT.h:104]   --->   Operation 75 'xor' 'xor_ln104_395' <Predicate = (icmp_ln86)> <Delay = 0.00> <CoreInst = "LogicGate">   --->   Core 74 'LogicGate' <Latency = 0> <II = 1> <Delay = 0.97> <FuncUnit> <Opcode : 'and' 'or' 'xor'> <InPorts = 2> <OutPorts = 1>
ST_3 : Operation 76 [1/1] (0.97ns) (out node of the LUT)   --->   "%and_ln104_163 = and i1 %and_ln104, i1 %xor_ln104_395" [firmware/BDT.h:104]   --->   Operation 76 'and' 'and_ln104_163' <Predicate = (icmp_ln86)> <Delay = 0.97> <CoreInst = "LogicGate">   --->   Core 74 'LogicGate' <Latency = 0> <II = 1> <Delay = 0.97> <FuncUnit> <Opcode : 'and' 'or' 'xor'> <InPorts = 2> <OutPorts = 1>
ST_3 : Operation 77 [1/1] (0.00ns) (grouped into LUT with out node select_ln117_797)   --->   "%xor_ln104_399 = xor i1 %icmp_ln86_1394, i1 1" [firmware/BDT.h:104]   --->   Operation 77 'xor' 'xor_ln104_399' <Predicate = (and_ln102 & icmp_ln86)> <Delay = 0.00> <CoreInst = "LogicGate">   --->   Core 74 'LogicGate' <Latency = 0> <II = 1> <Delay = 0.97> <FuncUnit> <Opcode : 'and' 'or' 'xor'> <InPorts = 2> <OutPorts = 1>
ST_3 : Operation 78 [1/1] (0.97ns)   --->   "%and_ln102_792 = and i1 %icmp_ln86_825, i1 %and_ln102_787" [firmware/BDT.h:102]   --->   Operation 78 'and' 'and_ln102_792' <Predicate = (icmp_ln86)> <Delay = 0.97> <CoreInst = "LogicGate">   --->   Core 74 'LogicGate' <Latency = 0> <II = 1> <Delay = 0.97> <FuncUnit> <Opcode : 'and' 'or' 'xor'> <InPorts = 2> <OutPorts = 1>
ST_3 : Operation 79 [1/1] (0.00ns) (grouped into LUT with out node select_ln117_793)   --->   "%and_ln102_798 = and i1 %icmp_ln86_831, i1 %and_ln102_790" [firmware/BDT.h:102]   --->   Operation 79 'and' 'and_ln102_798' <Predicate = (and_ln102_790 & and_ln102_786 & and_ln102 & icmp_ln86 & or_ln117)> <Delay = 0.00> <CoreInst = "LogicGate">   --->   Core 74 'LogicGate' <Latency = 0> <II = 1> <Delay = 0.97> <FuncUnit> <Opcode : 'and' 'or' 'xor'> <InPorts = 2> <OutPorts = 1>
ST_3 : Operation 80 [1/1] (0.00ns) (grouped into LUT with out node select_ln117_795)   --->   "%and_ln102_800 = and i1 %icmp_ln86_833, i1 %and_ln102_791" [firmware/BDT.h:102]   --->   Operation 80 'and' 'and_ln102_800' <Predicate = (and_ln102 & icmp_ln86)> <Delay = 0.00> <CoreInst = "LogicGate">   --->   Core 74 'LogicGate' <Latency = 0> <II = 1> <Delay = 0.97> <FuncUnit> <Opcode : 'and' 'or' 'xor'> <InPorts = 2> <OutPorts = 1>
ST_3 : Operation 81 [1/1] (0.00ns) (grouped into LUT with out node select_ln117_797)   --->   "%and_ln102_815 = and i1 %icmp_ln86_834, i1 %xor_ln104_399" [firmware/BDT.h:102]   --->   Operation 81 'and' 'and_ln102_815' <Predicate = (and_ln102 & icmp_ln86)> <Delay = 0.00> <CoreInst = "LogicGate">   --->   Core 74 'LogicGate' <Latency = 0> <II = 1> <Delay = 0.97> <FuncUnit> <Opcode : 'and' 'or' 'xor'> <InPorts = 2> <OutPorts = 1>
ST_3 : Operation 82 [1/1] (0.00ns) (grouped into LUT with out node select_ln117_797)   --->   "%and_ln102_801 = and i1 %and_ln102_815, i1 %and_ln104_162" [firmware/BDT.h:102]   --->   Operation 82 'and' 'and_ln102_801' <Predicate = (and_ln102 & icmp_ln86)> <Delay = 0.00> <CoreInst = "LogicGate">   --->   Core 74 'LogicGate' <Latency = 0> <II = 1> <Delay = 0.97> <FuncUnit> <Opcode : 'and' 'or' 'xor'> <InPorts = 2> <OutPorts = 1>
ST_3 : Operation 83 [1/1] (0.00ns) (grouped into LUT with out node select_ln117_793)   --->   "%xor_ln117 = xor i1 %and_ln102_798, i1 1" [firmware/BDT.h:117]   --->   Operation 83 'xor' 'xor_ln117' <Predicate = (and_ln102_790 & and_ln102_786 & and_ln102 & icmp_ln86 & or_ln117)> <Delay = 0.00> <CoreInst = "LogicGate">   --->   Core 74 'LogicGate' <Latency = 0> <II = 1> <Delay = 0.97> <FuncUnit> <Opcode : 'and' 'or' 'xor'> <InPorts = 2> <OutPorts = 1>
ST_3 : Operation 84 [1/1] (0.00ns) (grouped into LUT with out node select_ln117_793)   --->   "%zext_ln117 = zext i1 %xor_ln117" [firmware/BDT.h:117]   --->   Operation 84 'zext' 'zext_ln117' <Predicate = (and_ln102_790 & and_ln102_786 & and_ln102 & icmp_ln86 & or_ln117)> <Delay = 0.00>
ST_3 : Operation 85 [1/1] (0.00ns) (grouped into LUT with out node select_ln117_793)   --->   "%select_ln117 = select i1 %and_ln102_790, i2 %zext_ln117, i2 2" [firmware/BDT.h:117]   --->   Operation 85 'select' 'select_ln117' <Predicate = (and_ln102_786 & and_ln102 & icmp_ln86 & or_ln117)> <Delay = 0.00> <CoreInst = "Sel">   --->   Core 73 'Sel' <Latency = 0> <II = 1> <Delay = 0.99> <FuncUnit> <Opcode : 'select'> <InPorts = 3> <OutPorts = 1>
ST_3 : Operation 86 [1/1] (0.00ns) (grouped into LUT with out node select_ln117_793)   --->   "%select_ln117_792 = select i1 %or_ln117, i2 %select_ln117, i2 3" [firmware/BDT.h:117]   --->   Operation 86 'select' 'select_ln117_792' <Predicate = (and_ln102_786 & and_ln102 & icmp_ln86)> <Delay = 0.00> <CoreInst = "Sel">   --->   Core 73 'Sel' <Latency = 0> <II = 1> <Delay = 0.99> <FuncUnit> <Opcode : 'select'> <InPorts = 3> <OutPorts = 1>
ST_3 : Operation 87 [1/1] (0.00ns) (grouped into LUT with out node select_ln117_793)   --->   "%zext_ln117_90 = zext i2 %select_ln117_792" [firmware/BDT.h:117]   --->   Operation 87 'zext' 'zext_ln117_90' <Predicate = (and_ln102_786 & and_ln102 & icmp_ln86)> <Delay = 0.00>
ST_3 : Operation 88 [1/1] (0.00ns) (grouped into LUT with out node select_ln117_795)   --->   "%or_ln117_752 = or i1 %and_ln102_786, i1 %and_ln102_800" [firmware/BDT.h:117]   --->   Operation 88 'or' 'or_ln117_752' <Predicate = (and_ln102 & icmp_ln86)> <Delay = 0.00> <CoreInst = "LogicGate">   --->   Core 74 'LogicGate' <Latency = 0> <II = 1> <Delay = 0.97> <FuncUnit> <Opcode : 'and' 'or' 'xor'> <InPorts = 2> <OutPorts = 1>
ST_3 : Operation 89 [1/1] (0.99ns) (out node of the LUT)   --->   "%select_ln117_793 = select i1 %and_ln102_786, i3 %zext_ln117_90, i3 4" [firmware/BDT.h:117]   --->   Operation 89 'select' 'select_ln117_793' <Predicate = (and_ln102 & icmp_ln86)> <Delay = 0.99> <CoreInst = "Sel">   --->   Core 73 'Sel' <Latency = 0> <II = 1> <Delay = 0.98> <FuncUnit> <Opcode : 'select'> <InPorts = 3> <OutPorts = 1>
ST_3 : Operation 90 [1/1] (0.97ns)   --->   "%or_ln117_753 = or i1 %and_ln102_786, i1 %and_ln102_791" [firmware/BDT.h:117]   --->   Operation 90 'or' 'or_ln117_753' <Predicate = (and_ln102 & icmp_ln86)> <Delay = 0.97> <CoreInst = "LogicGate">   --->   Core 74 'LogicGate' <Latency = 0> <II = 1> <Delay = 0.97> <FuncUnit> <Opcode : 'and' 'or' 'xor'> <InPorts = 2> <OutPorts = 1>
ST_3 : Operation 91 [1/1] (0.00ns) (grouped into LUT with out node select_ln117_795)   --->   "%select_ln117_794 = select i1 %or_ln117_752, i3 %select_ln117_793, i3 5" [firmware/BDT.h:117]   --->   Operation 91 'select' 'select_ln117_794' <Predicate = (and_ln102 & icmp_ln86)> <Delay = 0.00> <CoreInst = "Sel">   --->   Core 73 'Sel' <Latency = 0> <II = 1> <Delay = 0.98> <FuncUnit> <Opcode : 'select'> <InPorts = 3> <OutPorts = 1>
ST_3 : Operation 92 [1/1] (0.00ns) (grouped into LUT with out node select_ln117_797)   --->   "%or_ln117_754 = or i1 %or_ln117_753, i1 %and_ln102_801" [firmware/BDT.h:117]   --->   Operation 92 'or' 'or_ln117_754' <Predicate = (and_ln102 & icmp_ln86)> <Delay = 0.00> <CoreInst = "LogicGate">   --->   Core 74 'LogicGate' <Latency = 0> <II = 1> <Delay = 0.97> <FuncUnit> <Opcode : 'and' 'or' 'xor'> <InPorts = 2> <OutPorts = 1>
ST_3 : Operation 93 [1/1] (0.98ns) (out node of the LUT)   --->   "%select_ln117_795 = select i1 %or_ln117_753, i3 %select_ln117_794, i3 6" [firmware/BDT.h:117]   --->   Operation 93 'select' 'select_ln117_795' <Predicate = (and_ln102 & icmp_ln86)> <Delay = 0.98> <CoreInst = "Sel">   --->   Core 73 'Sel' <Latency = 0> <II = 1> <Delay = 0.98> <FuncUnit> <Opcode : 'select'> <InPorts = 3> <OutPorts = 1>
ST_3 : Operation 94 [1/1] (0.00ns) (grouped into LUT with out node select_ln117_797)   --->   "%select_ln117_796 = select i1 %or_ln117_754, i3 %select_ln117_795, i3 7" [firmware/BDT.h:117]   --->   Operation 94 'select' 'select_ln117_796' <Predicate = (and_ln102 & icmp_ln86)> <Delay = 0.00> <CoreInst = "Sel">   --->   Core 73 'Sel' <Latency = 0> <II = 1> <Delay = 0.98> <FuncUnit> <Opcode : 'select'> <InPorts = 3> <OutPorts = 1>
ST_3 : Operation 95 [1/1] (0.00ns) (grouped into LUT with out node select_ln117_797)   --->   "%zext_ln117_91 = zext i3 %select_ln117_796" [firmware/BDT.h:117]   --->   Operation 95 'zext' 'zext_ln117_91' <Predicate = (and_ln102 & icmp_ln86)> <Delay = 0.00>
ST_3 : Operation 96 [1/1] (1.02ns) (out node of the LUT)   --->   "%select_ln117_797 = select i1 %and_ln102, i4 %zext_ln117_91, i4 8" [firmware/BDT.h:117]   --->   Operation 96 'select' 'select_ln117_797' <Predicate = (icmp_ln86)> <Delay = 1.02> <CoreInst = "Sel">   --->   Core 73 'Sel' <Latency = 0> <II = 1> <Delay = 1.02> <FuncUnit> <Opcode : 'select'> <InPorts = 3> <OutPorts = 1>
ST_3 : Operation 97 [1/1] (0.97ns)   --->   "%or_ln117_756 = or i1 %and_ln102, i1 %and_ln102_792" [firmware/BDT.h:117]   --->   Operation 97 'or' 'or_ln117_756' <Predicate = (icmp_ln86)> <Delay = 0.97> <CoreInst = "LogicGate">   --->   Core 74 'LogicGate' <Latency = 0> <II = 1> <Delay = 0.97> <FuncUnit> <Opcode : 'and' 'or' 'xor'> <InPorts = 2> <OutPorts = 1>

State 4 <SV = 3> <Delay = 3.07>
ST_4 : Operation 98 [1/1] (0.97ns)   --->   "%and_ln102_785 = and i1 %icmp_ln86_818, i1 %xor_ln104" [firmware/BDT.h:102]   --->   Operation 98 'and' 'and_ln102_785' <Predicate = true> <Delay = 0.97> <CoreInst = "LogicGate">   --->   Core 74 'LogicGate' <Latency = 0> <II = 1> <Delay = 0.97> <FuncUnit> <Opcode : 'and' 'or' 'xor'> <InPorts = 2> <OutPorts = 1>
ST_4 : Operation 99 [1/1] (0.00ns) (grouped into LUT with out node and_ln104_161)   --->   "%xor_ln104_393 = xor i1 %icmp_ln86_818, i1 1" [firmware/BDT.h:104]   --->   Operation 99 'xor' 'xor_ln104_393' <Predicate = true> <Delay = 0.00> <CoreInst = "LogicGate">   --->   Core 74 'LogicGate' <Latency = 0> <II = 1> <Delay = 0.97> <FuncUnit> <Opcode : 'and' 'or' 'xor'> <InPorts = 2> <OutPorts = 1>
ST_4 : Operation 100 [1/1] (0.97ns) (out node of the LUT)   --->   "%and_ln104_161 = and i1 %xor_ln104_393, i1 %xor_ln104" [firmware/BDT.h:104]   --->   Operation 100 'and' 'and_ln104_161' <Predicate = true> <Delay = 0.97> <CoreInst = "LogicGate">   --->   Core 74 'LogicGate' <Latency = 0> <II = 1> <Delay = 0.97> <FuncUnit> <Opcode : 'and' 'or' 'xor'> <InPorts = 2> <OutPorts = 1>
ST_4 : Operation 101 [1/1] (0.97ns)   --->   "%and_ln102_788 = and i1 %icmp_ln86_821, i1 %and_ln102_785" [firmware/BDT.h:102]   --->   Operation 101 'and' 'and_ln102_788' <Predicate = true> <Delay = 0.97> <CoreInst = "LogicGate">   --->   Core 74 'LogicGate' <Latency = 0> <II = 1> <Delay = 0.97> <FuncUnit> <Opcode : 'and' 'or' 'xor'> <InPorts = 2> <OutPorts = 1>
ST_4 : Operation 102 [1/1] (0.00ns) (grouped into LUT with out node select_ln117_801)   --->   "%xor_ln104_400 = xor i1 %icmp_ln86_825, i1 1" [firmware/BDT.h:104]   --->   Operation 102 'xor' 'xor_ln104_400' <Predicate = (icmp_ln86)> <Delay = 0.00> <CoreInst = "LogicGate">   --->   Core 74 'LogicGate' <Latency = 0> <II = 1> <Delay = 0.97> <FuncUnit> <Opcode : 'and' 'or' 'xor'> <InPorts = 2> <OutPorts = 1>
ST_4 : Operation 103 [1/1] (0.97ns)   --->   "%and_ln102_793 = and i1 %icmp_ln86_826, i1 %and_ln104_163" [firmware/BDT.h:102]   --->   Operation 103 'and' 'and_ln102_793' <Predicate = (icmp_ln86)> <Delay = 0.97> <CoreInst = "LogicGate">   --->   Core 74 'LogicGate' <Latency = 0> <II = 1> <Delay = 0.97> <FuncUnit> <Opcode : 'and' 'or' 'xor'> <InPorts = 2> <OutPorts = 1>
ST_4 : Operation 104 [1/1] (0.97ns)   --->   "%and_ln102_794 = and i1 %icmp_ln86_827, i1 %and_ln102_788" [firmware/BDT.h:102]   --->   Operation 104 'and' 'and_ln102_794' <Predicate = true> <Delay = 0.97> <CoreInst = "LogicGate">   --->   Core 74 'LogicGate' <Latency = 0> <II = 1> <Delay = 0.97> <FuncUnit> <Opcode : 'and' 'or' 'xor'> <InPorts = 2> <OutPorts = 1>
ST_4 : Operation 105 [1/1] (0.00ns) (grouped into LUT with out node select_ln117_799)   --->   "%and_ln102_802 = and i1 %icmp_ln86_835, i1 %and_ln102_792" [firmware/BDT.h:102]   --->   Operation 105 'and' 'and_ln102_802' <Predicate = (icmp_ln86 & or_ln117_756)> <Delay = 0.00> <CoreInst = "LogicGate">   --->   Core 74 'LogicGate' <Latency = 0> <II = 1> <Delay = 0.97> <FuncUnit> <Opcode : 'and' 'or' 'xor'> <InPorts = 2> <OutPorts = 1>
ST_4 : Operation 106 [1/1] (0.00ns) (grouped into LUT with out node select_ln117_801)   --->   "%and_ln102_816 = and i1 %icmp_ln86_836, i1 %xor_ln104_400" [firmware/BDT.h:102]   --->   Operation 106 'and' 'and_ln102_816' <Predicate = (icmp_ln86)> <Delay = 0.00> <CoreInst = "LogicGate">   --->   Core 74 'LogicGate' <Latency = 0> <II = 1> <Delay = 0.97> <FuncUnit> <Opcode : 'and' 'or' 'xor'> <InPorts = 2> <OutPorts = 1>
ST_4 : Operation 107 [1/1] (0.00ns) (grouped into LUT with out node select_ln117_801)   --->   "%and_ln102_803 = and i1 %and_ln102_816, i1 %and_ln102_787" [firmware/BDT.h:102]   --->   Operation 107 'and' 'and_ln102_803' <Predicate = (icmp_ln86)> <Delay = 0.00> <CoreInst = "LogicGate">   --->   Core 74 'LogicGate' <Latency = 0> <II = 1> <Delay = 0.97> <FuncUnit> <Opcode : 'and' 'or' 'xor'> <InPorts = 2> <OutPorts = 1>
ST_4 : Operation 108 [1/1] (0.00ns) (grouped into LUT with out node select_ln117_803)   --->   "%and_ln102_804 = and i1 %icmp_ln86_837, i1 %and_ln102_793" [firmware/BDT.h:102]   --->   Operation 108 'and' 'and_ln102_804' <Predicate = (icmp_ln86)> <Delay = 0.00> <CoreInst = "LogicGate">   --->   Core 74 'LogicGate' <Latency = 0> <II = 1> <Delay = 0.97> <FuncUnit> <Opcode : 'and' 'or' 'xor'> <InPorts = 2> <OutPorts = 1>
ST_4 : Operation 109 [1/1] (0.00ns) (grouped into LUT with out node select_ln117_799)   --->   "%or_ln117_755 = or i1 %and_ln102, i1 %and_ln102_802" [firmware/BDT.h:117]   --->   Operation 109 'or' 'or_ln117_755' <Predicate = (icmp_ln86 & or_ln117_756)> <Delay = 0.00> <CoreInst = "LogicGate">   --->   Core 74 'LogicGate' <Latency = 0> <II = 1> <Delay = 0.97> <FuncUnit> <Opcode : 'and' 'or' 'xor'> <InPorts = 2> <OutPorts = 1>
ST_4 : Operation 110 [1/1] (0.00ns) (grouped into LUT with out node select_ln117_799)   --->   "%select_ln117_798 = select i1 %or_ln117_755, i4 %select_ln117_797, i4 9" [firmware/BDT.h:117]   --->   Operation 110 'select' 'select_ln117_798' <Predicate = (icmp_ln86 & or_ln117_756)> <Delay = 0.00> <CoreInst = "Sel">   --->   Core 73 'Sel' <Latency = 0> <II = 1> <Delay = 1.02> <FuncUnit> <Opcode : 'select'> <InPorts = 3> <OutPorts = 1>
ST_4 : Operation 111 [1/1] (0.00ns) (grouped into LUT with out node select_ln117_801)   --->   "%or_ln117_757 = or i1 %or_ln117_756, i1 %and_ln102_803" [firmware/BDT.h:117]   --->   Operation 111 'or' 'or_ln117_757' <Predicate = (icmp_ln86)> <Delay = 0.00> <CoreInst = "LogicGate">   --->   Core 74 'LogicGate' <Latency = 0> <II = 1> <Delay = 0.97> <FuncUnit> <Opcode : 'and' 'or' 'xor'> <InPorts = 2> <OutPorts = 1>
ST_4 : Operation 112 [1/1] (1.02ns) (out node of the LUT)   --->   "%select_ln117_799 = select i1 %or_ln117_756, i4 %select_ln117_798, i4 10" [firmware/BDT.h:117]   --->   Operation 112 'select' 'select_ln117_799' <Predicate = (icmp_ln86)> <Delay = 1.02> <CoreInst = "Sel">   --->   Core 73 'Sel' <Latency = 0> <II = 1> <Delay = 1.02> <FuncUnit> <Opcode : 'select'> <InPorts = 3> <OutPorts = 1>
ST_4 : Operation 113 [1/1] (0.97ns)   --->   "%or_ln117_758 = or i1 %and_ln102, i1 %and_ln102_787" [firmware/BDT.h:117]   --->   Operation 113 'or' 'or_ln117_758' <Predicate = (icmp_ln86)> <Delay = 0.97> <CoreInst = "LogicGate">   --->   Core 74 'LogicGate' <Latency = 0> <II = 1> <Delay = 0.97> <FuncUnit> <Opcode : 'and' 'or' 'xor'> <InPorts = 2> <OutPorts = 1>
ST_4 : Operation 114 [1/1] (0.00ns) (grouped into LUT with out node select_ln117_801)   --->   "%select_ln117_800 = select i1 %or_ln117_757, i4 %select_ln117_799, i4 11" [firmware/BDT.h:117]   --->   Operation 114 'select' 'select_ln117_800' <Predicate = (icmp_ln86)> <Delay = 0.00> <CoreInst = "Sel">   --->   Core 73 'Sel' <Latency = 0> <II = 1> <Delay = 1.02> <FuncUnit> <Opcode : 'select'> <InPorts = 3> <OutPorts = 1>
ST_4 : Operation 115 [1/1] (0.00ns) (grouped into LUT with out node select_ln117_803)   --->   "%or_ln117_759 = or i1 %or_ln117_758, i1 %and_ln102_804" [firmware/BDT.h:117]   --->   Operation 115 'or' 'or_ln117_759' <Predicate = (icmp_ln86)> <Delay = 0.00> <CoreInst = "LogicGate">   --->   Core 74 'LogicGate' <Latency = 0> <II = 1> <Delay = 0.97> <FuncUnit> <Opcode : 'and' 'or' 'xor'> <InPorts = 2> <OutPorts = 1>
ST_4 : Operation 116 [1/1] (1.02ns) (out node of the LUT)   --->   "%select_ln117_801 = select i1 %or_ln117_758, i4 %select_ln117_800, i4 12" [firmware/BDT.h:117]   --->   Operation 116 'select' 'select_ln117_801' <Predicate = (icmp_ln86)> <Delay = 1.02> <CoreInst = "Sel">   --->   Core 73 'Sel' <Latency = 0> <II = 1> <Delay = 1.02> <FuncUnit> <Opcode : 'select'> <InPorts = 3> <OutPorts = 1>
ST_4 : Operation 117 [1/1] (0.97ns)   --->   "%or_ln117_760 = or i1 %or_ln117_758, i1 %and_ln102_793" [firmware/BDT.h:117]   --->   Operation 117 'or' 'or_ln117_760' <Predicate = (icmp_ln86)> <Delay = 0.97> <CoreInst = "LogicGate">   --->   Core 74 'LogicGate' <Latency = 0> <II = 1> <Delay = 0.97> <FuncUnit> <Opcode : 'and' 'or' 'xor'> <InPorts = 2> <OutPorts = 1>
ST_4 : Operation 118 [1/1] (0.00ns) (grouped into LUT with out node select_ln117_803)   --->   "%select_ln117_802 = select i1 %or_ln117_759, i4 %select_ln117_801, i4 13" [firmware/BDT.h:117]   --->   Operation 118 'select' 'select_ln117_802' <Predicate = (icmp_ln86)> <Delay = 0.00> <CoreInst = "Sel">   --->   Core 73 'Sel' <Latency = 0> <II = 1> <Delay = 1.02> <FuncUnit> <Opcode : 'select'> <InPorts = 3> <OutPorts = 1>
ST_4 : Operation 119 [1/1] (1.02ns) (out node of the LUT)   --->   "%select_ln117_803 = select i1 %or_ln117_760, i4 %select_ln117_802, i4 14" [firmware/BDT.h:117]   --->   Operation 119 'select' 'select_ln117_803' <Predicate = (icmp_ln86)> <Delay = 1.02> <CoreInst = "Sel">   --->   Core 73 'Sel' <Latency = 0> <II = 1> <Delay = 1.02> <FuncUnit> <Opcode : 'select'> <InPorts = 3> <OutPorts = 1>

State 5 <SV = 4> <Delay = 3.64>
ST_5 : Operation 120 [1/1] (0.00ns) (grouped into LUT with out node and_ln104_164)   --->   "%xor_ln104_396 = xor i1 %icmp_ln86_821, i1 1" [firmware/BDT.h:104]   --->   Operation 120 'xor' 'xor_ln104_396' <Predicate = true> <Delay = 0.00> <CoreInst = "LogicGate">   --->   Core 74 'LogicGate' <Latency = 0> <II = 1> <Delay = 0.97> <FuncUnit> <Opcode : 'and' 'or' 'xor'> <InPorts = 2> <OutPorts = 1>
ST_5 : Operation 121 [1/1] (0.97ns) (out node of the LUT)   --->   "%and_ln104_164 = and i1 %and_ln102_785, i1 %xor_ln104_396" [firmware/BDT.h:104]   --->   Operation 121 'and' 'and_ln104_164' <Predicate = true> <Delay = 0.97> <CoreInst = "LogicGate">   --->   Core 74 'LogicGate' <Latency = 0> <II = 1> <Delay = 0.97> <FuncUnit> <Opcode : 'and' 'or' 'xor'> <InPorts = 2> <OutPorts = 1>
ST_5 : Operation 122 [1/1] (0.97ns)   --->   "%and_ln102_789 = and i1 %icmp_ln86_822, i1 %and_ln104_161" [firmware/BDT.h:102]   --->   Operation 122 'and' 'and_ln102_789' <Predicate = true> <Delay = 0.97> <CoreInst = "LogicGate">   --->   Core 74 'LogicGate' <Latency = 0> <II = 1> <Delay = 0.97> <FuncUnit> <Opcode : 'and' 'or' 'xor'> <InPorts = 2> <OutPorts = 1>
ST_5 : Operation 123 [1/1] (0.00ns) (grouped into LUT with out node and_ln104_165)   --->   "%xor_ln104_397 = xor i1 %icmp_ln86_822, i1 1" [firmware/BDT.h:104]   --->   Operation 123 'xor' 'xor_ln104_397' <Predicate = true> <Delay = 0.00> <CoreInst = "LogicGate">   --->   Core 74 'LogicGate' <Latency = 0> <II = 1> <Delay = 0.97> <FuncUnit> <Opcode : 'and' 'or' 'xor'> <InPorts = 2> <OutPorts = 1>
ST_5 : Operation 124 [1/1] (0.97ns) (out node of the LUT)   --->   "%and_ln104_165 = and i1 %and_ln104_161, i1 %xor_ln104_397" [firmware/BDT.h:104]   --->   Operation 124 'and' 'and_ln104_165' <Predicate = true> <Delay = 0.97> <CoreInst = "LogicGate">   --->   Core 74 'LogicGate' <Latency = 0> <II = 1> <Delay = 0.97> <FuncUnit> <Opcode : 'and' 'or' 'xor'> <InPorts = 2> <OutPorts = 1>
ST_5 : Operation 125 [1/1] (0.00ns) (grouped into LUT with out node select_ln117_805)   --->   "%xor_ln104_401 = xor i1 %icmp_ln86_826, i1 1" [firmware/BDT.h:104]   --->   Operation 125 'xor' 'xor_ln104_401' <Predicate = (icmp_ln86)> <Delay = 0.00> <CoreInst = "LogicGate">   --->   Core 74 'LogicGate' <Latency = 0> <II = 1> <Delay = 0.97> <FuncUnit> <Opcode : 'and' 'or' 'xor'> <InPorts = 2> <OutPorts = 1>
ST_5 : Operation 126 [1/1] (0.00ns) (grouped into LUT with out node select_ln117_809)   --->   "%xor_ln104_402 = xor i1 %icmp_ln86_827, i1 1" [firmware/BDT.h:104]   --->   Operation 126 'xor' 'xor_ln104_402' <Predicate = true> <Delay = 0.00> <CoreInst = "LogicGate">   --->   Core 74 'LogicGate' <Latency = 0> <II = 1> <Delay = 0.97> <FuncUnit> <Opcode : 'and' 'or' 'xor'> <InPorts = 2> <OutPorts = 1>
ST_5 : Operation 127 [1/1] (0.97ns)   --->   "%and_ln102_795 = and i1 %icmp_ln86_828, i1 %and_ln104_164" [firmware/BDT.h:102]   --->   Operation 127 'and' 'and_ln102_795' <Predicate = true> <Delay = 0.97> <CoreInst = "LogicGate">   --->   Core 74 'LogicGate' <Latency = 0> <II = 1> <Delay = 0.97> <FuncUnit> <Opcode : 'and' 'or' 'xor'> <InPorts = 2> <OutPorts = 1>
ST_5 : Operation 128 [1/1] (0.00ns) (grouped into LUT with out node select_ln117_805)   --->   "%and_ln102_817 = and i1 %icmp_ln86_838, i1 %xor_ln104_401" [firmware/BDT.h:102]   --->   Operation 128 'and' 'and_ln102_817' <Predicate = (icmp_ln86)> <Delay = 0.00> <CoreInst = "LogicGate">   --->   Core 74 'LogicGate' <Latency = 0> <II = 1> <Delay = 0.97> <FuncUnit> <Opcode : 'and' 'or' 'xor'> <InPorts = 2> <OutPorts = 1>
ST_5 : Operation 129 [1/1] (0.00ns) (grouped into LUT with out node select_ln117_805)   --->   "%and_ln102_805 = and i1 %and_ln102_817, i1 %and_ln104_163" [firmware/BDT.h:102]   --->   Operation 129 'and' 'and_ln102_805' <Predicate = (icmp_ln86)> <Delay = 0.00> <CoreInst = "LogicGate">   --->   Core 74 'LogicGate' <Latency = 0> <II = 1> <Delay = 0.97> <FuncUnit> <Opcode : 'and' 'or' 'xor'> <InPorts = 2> <OutPorts = 1>
ST_5 : Operation 130 [1/1] (0.00ns) (grouped into LUT with out node select_ln117_807)   --->   "%and_ln102_806 = and i1 %icmp_ln86_839, i1 %and_ln102_794" [firmware/BDT.h:102]   --->   Operation 130 'and' 'and_ln102_806' <Predicate = true> <Delay = 0.00> <CoreInst = "LogicGate">   --->   Core 74 'LogicGate' <Latency = 0> <II = 1> <Delay = 0.97> <FuncUnit> <Opcode : 'and' 'or' 'xor'> <InPorts = 2> <OutPorts = 1>
ST_5 : Operation 131 [1/1] (0.00ns) (grouped into LUT with out node select_ln117_809)   --->   "%and_ln102_818 = and i1 %icmp_ln86_840, i1 %xor_ln104_402" [firmware/BDT.h:102]   --->   Operation 131 'and' 'and_ln102_818' <Predicate = true> <Delay = 0.00> <CoreInst = "LogicGate">   --->   Core 74 'LogicGate' <Latency = 0> <II = 1> <Delay = 0.97> <FuncUnit> <Opcode : 'and' 'or' 'xor'> <InPorts = 2> <OutPorts = 1>
ST_5 : Operation 132 [1/1] (0.00ns) (grouped into LUT with out node select_ln117_809)   --->   "%and_ln102_807 = and i1 %and_ln102_818, i1 %and_ln102_788" [firmware/BDT.h:102]   --->   Operation 132 'and' 'and_ln102_807' <Predicate = true> <Delay = 0.00> <CoreInst = "LogicGate">   --->   Core 74 'LogicGate' <Latency = 0> <II = 1> <Delay = 0.97> <FuncUnit> <Opcode : 'and' 'or' 'xor'> <InPorts = 2> <OutPorts = 1>
ST_5 : Operation 133 [1/1] (0.00ns) (grouped into LUT with out node select_ln117_805)   --->   "%or_ln117_761 = or i1 %or_ln117_760, i1 %and_ln102_805" [firmware/BDT.h:117]   --->   Operation 133 'or' 'or_ln117_761' <Predicate = (icmp_ln86)> <Delay = 0.00> <CoreInst = "LogicGate">   --->   Core 74 'LogicGate' <Latency = 0> <II = 1> <Delay = 0.97> <FuncUnit> <Opcode : 'and' 'or' 'xor'> <InPorts = 2> <OutPorts = 1>
ST_5 : Operation 134 [1/1] (0.00ns) (grouped into LUT with out node select_ln117_805)   --->   "%select_ln117_804 = select i1 %or_ln117_761, i4 %select_ln117_803, i4 15" [firmware/BDT.h:117]   --->   Operation 134 'select' 'select_ln117_804' <Predicate = (icmp_ln86)> <Delay = 0.00> <CoreInst = "Sel">   --->   Core 73 'Sel' <Latency = 0> <II = 1> <Delay = 1.02> <FuncUnit> <Opcode : 'select'> <InPorts = 3> <OutPorts = 1>
ST_5 : Operation 135 [1/1] (0.00ns) (grouped into LUT with out node select_ln117_805)   --->   "%zext_ln117_92 = zext i4 %select_ln117_804" [firmware/BDT.h:117]   --->   Operation 135 'zext' 'zext_ln117_92' <Predicate = (icmp_ln86)> <Delay = 0.00>
ST_5 : Operation 136 [1/1] (0.00ns) (grouped into LUT with out node select_ln117_807)   --->   "%or_ln117_762 = or i1 %icmp_ln86, i1 %and_ln102_806" [firmware/BDT.h:117]   --->   Operation 136 'or' 'or_ln117_762' <Predicate = true> <Delay = 0.00> <CoreInst = "LogicGate">   --->   Core 74 'LogicGate' <Latency = 0> <II = 1> <Delay = 0.97> <FuncUnit> <Opcode : 'and' 'or' 'xor'> <InPorts = 2> <OutPorts = 1>
ST_5 : Operation 137 [1/1] (1.21ns) (out node of the LUT)   --->   "%select_ln117_805 = select i1 %icmp_ln86, i5 %zext_ln117_92, i5 16" [firmware/BDT.h:117]   --->   Operation 137 'select' 'select_ln117_805' <Predicate = true> <Delay = 1.21> <CoreInst = "Sel">   --->   Core 73 'Sel' <Latency = 0> <II = 1> <Delay = 1.21> <FuncUnit> <Opcode : 'select'> <InPorts = 3> <OutPorts = 1>
ST_5 : Operation 138 [1/1] (0.97ns)   --->   "%or_ln117_763 = or i1 %icmp_ln86, i1 %and_ln102_794" [firmware/BDT.h:117]   --->   Operation 138 'or' 'or_ln117_763' <Predicate = true> <Delay = 0.97> <CoreInst = "LogicGate">   --->   Core 74 'LogicGate' <Latency = 0> <II = 1> <Delay = 0.97> <FuncUnit> <Opcode : 'and' 'or' 'xor'> <InPorts = 2> <OutPorts = 1>
ST_5 : Operation 139 [1/1] (0.00ns) (grouped into LUT with out node select_ln117_807)   --->   "%select_ln117_806 = select i1 %or_ln117_762, i5 %select_ln117_805, i5 17" [firmware/BDT.h:117]   --->   Operation 139 'select' 'select_ln117_806' <Predicate = true> <Delay = 0.00> <CoreInst = "Sel">   --->   Core 73 'Sel' <Latency = 0> <II = 1> <Delay = 1.21> <FuncUnit> <Opcode : 'select'> <InPorts = 3> <OutPorts = 1>
ST_5 : Operation 140 [1/1] (0.00ns) (grouped into LUT with out node select_ln117_809)   --->   "%or_ln117_764 = or i1 %or_ln117_763, i1 %and_ln102_807" [firmware/BDT.h:117]   --->   Operation 140 'or' 'or_ln117_764' <Predicate = true> <Delay = 0.00> <CoreInst = "LogicGate">   --->   Core 74 'LogicGate' <Latency = 0> <II = 1> <Delay = 0.97> <FuncUnit> <Opcode : 'and' 'or' 'xor'> <InPorts = 2> <OutPorts = 1>
ST_5 : Operation 141 [1/1] (1.21ns) (out node of the LUT)   --->   "%select_ln117_807 = select i1 %or_ln117_763, i5 %select_ln117_806, i5 18" [firmware/BDT.h:117]   --->   Operation 141 'select' 'select_ln117_807' <Predicate = true> <Delay = 1.21> <CoreInst = "Sel">   --->   Core 73 'Sel' <Latency = 0> <II = 1> <Delay = 1.21> <FuncUnit> <Opcode : 'select'> <InPorts = 3> <OutPorts = 1>
ST_5 : Operation 142 [1/1] (0.97ns)   --->   "%or_ln117_765 = or i1 %icmp_ln86, i1 %and_ln102_788" [firmware/BDT.h:117]   --->   Operation 142 'or' 'or_ln117_765' <Predicate = true> <Delay = 0.97> <CoreInst = "LogicGate">   --->   Core 74 'LogicGate' <Latency = 0> <II = 1> <Delay = 0.97> <FuncUnit> <Opcode : 'and' 'or' 'xor'> <InPorts = 2> <OutPorts = 1>
ST_5 : Operation 143 [1/1] (0.00ns) (grouped into LUT with out node select_ln117_809)   --->   "%select_ln117_808 = select i1 %or_ln117_764, i5 %select_ln117_807, i5 19" [firmware/BDT.h:117]   --->   Operation 143 'select' 'select_ln117_808' <Predicate = true> <Delay = 0.00> <CoreInst = "Sel">   --->   Core 73 'Sel' <Latency = 0> <II = 1> <Delay = 1.21> <FuncUnit> <Opcode : 'select'> <InPorts = 3> <OutPorts = 1>
ST_5 : Operation 144 [1/1] (1.21ns) (out node of the LUT)   --->   "%select_ln117_809 = select i1 %or_ln117_765, i5 %select_ln117_808, i5 20" [firmware/BDT.h:117]   --->   Operation 144 'select' 'select_ln117_809' <Predicate = true> <Delay = 1.21> <CoreInst = "Sel">   --->   Core 73 'Sel' <Latency = 0> <II = 1> <Delay = 1.21> <FuncUnit> <Opcode : 'select'> <InPorts = 3> <OutPorts = 1>
ST_5 : Operation 145 [1/1] (0.97ns)   --->   "%or_ln117_767 = or i1 %or_ln117_765, i1 %and_ln102_795" [firmware/BDT.h:117]   --->   Operation 145 'or' 'or_ln117_767' <Predicate = true> <Delay = 0.97> <CoreInst = "LogicGate">   --->   Core 74 'LogicGate' <Latency = 0> <II = 1> <Delay = 0.97> <FuncUnit> <Opcode : 'and' 'or' 'xor'> <InPorts = 2> <OutPorts = 1>
ST_5 : Operation 146 [1/1] (0.97ns)   --->   "%or_ln117_769 = or i1 %icmp_ln86, i1 %and_ln102_785" [firmware/BDT.h:117]   --->   Operation 146 'or' 'or_ln117_769' <Predicate = true> <Delay = 0.97> <CoreInst = "LogicGate">   --->   Core 74 'LogicGate' <Latency = 0> <II = 1> <Delay = 0.97> <FuncUnit> <Opcode : 'and' 'or' 'xor'> <InPorts = 2> <OutPorts = 1>

State 6 <SV = 5> <Delay = 3.64>
ST_6 : Operation 147 [1/1] (0.00ns) (grouped into LUT with out node select_ln117_813)   --->   "%xor_ln104_403 = xor i1 %icmp_ln86_828, i1 1" [firmware/BDT.h:104]   --->   Operation 147 'xor' 'xor_ln104_403' <Predicate = (or_ln117_769)> <Delay = 0.00> <CoreInst = "LogicGate">   --->   Core 74 'LogicGate' <Latency = 0> <II = 1> <Delay = 0.97> <FuncUnit> <Opcode : 'and' 'or' 'xor'> <InPorts = 2> <OutPorts = 1>
ST_6 : Operation 148 [1/1] (0.97ns)   --->   "%and_ln102_796 = and i1 %icmp_ln86_829, i1 %and_ln102_789" [firmware/BDT.h:102]   --->   Operation 148 'and' 'and_ln102_796' <Predicate = true> <Delay = 0.97> <CoreInst = "LogicGate">   --->   Core 74 'LogicGate' <Latency = 0> <II = 1> <Delay = 0.97> <FuncUnit> <Opcode : 'and' 'or' 'xor'> <InPorts = 2> <OutPorts = 1>
ST_6 : Operation 149 [1/1] (0.00ns) (grouped into LUT with out node select_ln117_811)   --->   "%and_ln102_808 = and i1 %icmp_ln86_841, i1 %and_ln102_795" [firmware/BDT.h:102]   --->   Operation 149 'and' 'and_ln102_808' <Predicate = (or_ln117_767 & or_ln117_769)> <Delay = 0.00> <CoreInst = "LogicGate">   --->   Core 74 'LogicGate' <Latency = 0> <II = 1> <Delay = 0.97> <FuncUnit> <Opcode : 'and' 'or' 'xor'> <InPorts = 2> <OutPorts = 1>
ST_6 : Operation 150 [1/1] (0.00ns) (grouped into LUT with out node select_ln117_813)   --->   "%and_ln102_819 = and i1 %icmp_ln86_842, i1 %xor_ln104_403" [firmware/BDT.h:102]   --->   Operation 150 'and' 'and_ln102_819' <Predicate = (or_ln117_769)> <Delay = 0.00> <CoreInst = "LogicGate">   --->   Core 74 'LogicGate' <Latency = 0> <II = 1> <Delay = 0.97> <FuncUnit> <Opcode : 'and' 'or' 'xor'> <InPorts = 2> <OutPorts = 1>
ST_6 : Operation 151 [1/1] (0.00ns) (grouped into LUT with out node select_ln117_813)   --->   "%and_ln102_809 = and i1 %and_ln102_819, i1 %and_ln104_164" [firmware/BDT.h:102]   --->   Operation 151 'and' 'and_ln102_809' <Predicate = (or_ln117_769)> <Delay = 0.00> <CoreInst = "LogicGate">   --->   Core 74 'LogicGate' <Latency = 0> <II = 1> <Delay = 0.97> <FuncUnit> <Opcode : 'and' 'or' 'xor'> <InPorts = 2> <OutPorts = 1>
ST_6 : Operation 152 [1/1] (0.00ns) (grouped into LUT with out node select_ln117_815)   --->   "%and_ln102_810 = and i1 %icmp_ln86_843, i1 %and_ln102_796" [firmware/BDT.h:102]   --->   Operation 152 'and' 'and_ln102_810' <Predicate = true> <Delay = 0.00> <CoreInst = "LogicGate">   --->   Core 74 'LogicGate' <Latency = 0> <II = 1> <Delay = 0.97> <FuncUnit> <Opcode : 'and' 'or' 'xor'> <InPorts = 2> <OutPorts = 1>
ST_6 : Operation 153 [1/1] (0.00ns) (grouped into LUT with out node select_ln117_811)   --->   "%or_ln117_766 = or i1 %or_ln117_765, i1 %and_ln102_808" [firmware/BDT.h:117]   --->   Operation 153 'or' 'or_ln117_766' <Predicate = (or_ln117_767 & or_ln117_769)> <Delay = 0.00> <CoreInst = "LogicGate">   --->   Core 74 'LogicGate' <Latency = 0> <II = 1> <Delay = 0.97> <FuncUnit> <Opcode : 'and' 'or' 'xor'> <InPorts = 2> <OutPorts = 1>
ST_6 : Operation 154 [1/1] (0.00ns) (grouped into LUT with out node select_ln117_811)   --->   "%select_ln117_810 = select i1 %or_ln117_766, i5 %select_ln117_809, i5 21" [firmware/BDT.h:117]   --->   Operation 154 'select' 'select_ln117_810' <Predicate = (or_ln117_767 & or_ln117_769)> <Delay = 0.00> <CoreInst = "Sel">   --->   Core 73 'Sel' <Latency = 0> <II = 1> <Delay = 1.21> <FuncUnit> <Opcode : 'select'> <InPorts = 3> <OutPorts = 1>
ST_6 : Operation 155 [1/1] (0.00ns) (grouped into LUT with out node select_ln117_813)   --->   "%or_ln117_768 = or i1 %or_ln117_767, i1 %and_ln102_809" [firmware/BDT.h:117]   --->   Operation 155 'or' 'or_ln117_768' <Predicate = (or_ln117_769)> <Delay = 0.00> <CoreInst = "LogicGate">   --->   Core 74 'LogicGate' <Latency = 0> <II = 1> <Delay = 0.97> <FuncUnit> <Opcode : 'and' 'or' 'xor'> <InPorts = 2> <OutPorts = 1>
ST_6 : Operation 156 [1/1] (1.21ns) (out node of the LUT)   --->   "%select_ln117_811 = select i1 %or_ln117_767, i5 %select_ln117_810, i5 22" [firmware/BDT.h:117]   --->   Operation 156 'select' 'select_ln117_811' <Predicate = (or_ln117_769)> <Delay = 1.21> <CoreInst = "Sel">   --->   Core 73 'Sel' <Latency = 0> <II = 1> <Delay = 1.21> <FuncUnit> <Opcode : 'select'> <InPorts = 3> <OutPorts = 1>
ST_6 : Operation 157 [1/1] (0.00ns) (grouped into LUT with out node select_ln117_813)   --->   "%select_ln117_812 = select i1 %or_ln117_768, i5 %select_ln117_811, i5 23" [firmware/BDT.h:117]   --->   Operation 157 'select' 'select_ln117_812' <Predicate = (or_ln117_769)> <Delay = 0.00> <CoreInst = "Sel">   --->   Core 73 'Sel' <Latency = 0> <II = 1> <Delay = 1.21> <FuncUnit> <Opcode : 'select'> <InPorts = 3> <OutPorts = 1>
ST_6 : Operation 158 [1/1] (0.00ns) (grouped into LUT with out node select_ln117_815)   --->   "%or_ln117_770 = or i1 %or_ln117_769, i1 %and_ln102_810" [firmware/BDT.h:117]   --->   Operation 158 'or' 'or_ln117_770' <Predicate = true> <Delay = 0.00> <CoreInst = "LogicGate">   --->   Core 74 'LogicGate' <Latency = 0> <II = 1> <Delay = 0.97> <FuncUnit> <Opcode : 'and' 'or' 'xor'> <InPorts = 2> <OutPorts = 1>
ST_6 : Operation 159 [1/1] (1.21ns) (out node of the LUT)   --->   "%select_ln117_813 = select i1 %or_ln117_769, i5 %select_ln117_812, i5 24" [firmware/BDT.h:117]   --->   Operation 159 'select' 'select_ln117_813' <Predicate = true> <Delay = 1.21> <CoreInst = "Sel">   --->   Core 73 'Sel' <Latency = 0> <II = 1> <Delay = 1.21> <FuncUnit> <Opcode : 'select'> <InPorts = 3> <OutPorts = 1>
ST_6 : Operation 160 [1/1] (0.97ns)   --->   "%or_ln117_771 = or i1 %or_ln117_769, i1 %and_ln102_796" [firmware/BDT.h:117]   --->   Operation 160 'or' 'or_ln117_771' <Predicate = true> <Delay = 0.97> <CoreInst = "LogicGate">   --->   Core 74 'LogicGate' <Latency = 0> <II = 1> <Delay = 0.97> <FuncUnit> <Opcode : 'and' 'or' 'xor'> <InPorts = 2> <OutPorts = 1>
ST_6 : Operation 161 [1/1] (0.00ns) (grouped into LUT with out node select_ln117_815)   --->   "%select_ln117_814 = select i1 %or_ln117_770, i5 %select_ln117_813, i5 25" [firmware/BDT.h:117]   --->   Operation 161 'select' 'select_ln117_814' <Predicate = true> <Delay = 0.00> <CoreInst = "Sel">   --->   Core 73 'Sel' <Latency = 0> <II = 1> <Delay = 1.21> <FuncUnit> <Opcode : 'select'> <InPorts = 3> <OutPorts = 1>
ST_6 : Operation 162 [1/1] (1.21ns) (out node of the LUT)   --->   "%select_ln117_815 = select i1 %or_ln117_771, i5 %select_ln117_814, i5 26" [firmware/BDT.h:117]   --->   Operation 162 'select' 'select_ln117_815' <Predicate = true> <Delay = 1.21> <CoreInst = "Sel">   --->   Core 73 'Sel' <Latency = 0> <II = 1> <Delay = 1.21> <FuncUnit> <Opcode : 'select'> <InPorts = 3> <OutPorts = 1>

State 7 <SV = 6> <Delay = 3.40>
ST_7 : Operation 163 [1/1] (0.00ns) (grouped into LUT with out node select_ln117_817)   --->   "%xor_ln104_404 = xor i1 %icmp_ln86_829, i1 1" [firmware/BDT.h:104]   --->   Operation 163 'xor' 'xor_ln104_404' <Predicate = true> <Delay = 0.00> <CoreInst = "LogicGate">   --->   Core 74 'LogicGate' <Latency = 0> <II = 1> <Delay = 0.97> <FuncUnit> <Opcode : 'and' 'or' 'xor'> <InPorts = 2> <OutPorts = 1>
ST_7 : Operation 164 [1/1] (0.97ns)   --->   "%and_ln102_797 = and i1 %icmp_ln86_830, i1 %and_ln104_165" [firmware/BDT.h:102]   --->   Operation 164 'and' 'and_ln102_797' <Predicate = true> <Delay = 0.97> <CoreInst = "LogicGate">   --->   Core 74 'LogicGate' <Latency = 0> <II = 1> <Delay = 0.97> <FuncUnit> <Opcode : 'and' 'or' 'xor'> <InPorts = 2> <OutPorts = 1>
ST_7 : Operation 165 [1/1] (0.00ns) (grouped into LUT with out node select_ln117_817)   --->   "%and_ln102_820 = and i1 %icmp_ln86_844, i1 %xor_ln104_404" [firmware/BDT.h:102]   --->   Operation 165 'and' 'and_ln102_820' <Predicate = true> <Delay = 0.00> <CoreInst = "LogicGate">   --->   Core 74 'LogicGate' <Latency = 0> <II = 1> <Delay = 0.97> <FuncUnit> <Opcode : 'and' 'or' 'xor'> <InPorts = 2> <OutPorts = 1>
ST_7 : Operation 166 [1/1] (0.00ns) (grouped into LUT with out node select_ln117_817)   --->   "%and_ln102_811 = and i1 %and_ln102_820, i1 %and_ln102_789" [firmware/BDT.h:102]   --->   Operation 166 'and' 'and_ln102_811' <Predicate = true> <Delay = 0.00> <CoreInst = "LogicGate">   --->   Core 74 'LogicGate' <Latency = 0> <II = 1> <Delay = 0.97> <FuncUnit> <Opcode : 'and' 'or' 'xor'> <InPorts = 2> <OutPorts = 1>
ST_7 : Operation 167 [1/1] (0.00ns) (grouped into LUT with out node select_ln117_819)   --->   "%and_ln102_812 = and i1 %icmp_ln86_845, i1 %and_ln102_797" [firmware/BDT.h:102]   --->   Operation 167 'and' 'and_ln102_812' <Predicate = true> <Delay = 0.00> <CoreInst = "LogicGate">   --->   Core 74 'LogicGate' <Latency = 0> <II = 1> <Delay = 0.97> <FuncUnit> <Opcode : 'and' 'or' 'xor'> <InPorts = 2> <OutPorts = 1>
ST_7 : Operation 168 [1/1] (0.00ns) (grouped into LUT with out node select_ln117_817)   --->   "%or_ln117_772 = or i1 %or_ln117_771, i1 %and_ln102_811" [firmware/BDT.h:117]   --->   Operation 168 'or' 'or_ln117_772' <Predicate = true> <Delay = 0.00> <CoreInst = "LogicGate">   --->   Core 74 'LogicGate' <Latency = 0> <II = 1> <Delay = 0.97> <FuncUnit> <Opcode : 'and' 'or' 'xor'> <InPorts = 2> <OutPorts = 1>
ST_7 : Operation 169 [1/1] (0.97ns)   --->   "%or_ln117_773 = or i1 %or_ln117_769, i1 %and_ln102_789" [firmware/BDT.h:117]   --->   Operation 169 'or' 'or_ln117_773' <Predicate = true> <Delay = 0.97> <CoreInst = "LogicGate">   --->   Core 74 'LogicGate' <Latency = 0> <II = 1> <Delay = 0.97> <FuncUnit> <Opcode : 'and' 'or' 'xor'> <InPorts = 2> <OutPorts = 1>
ST_7 : Operation 170 [1/1] (0.00ns) (grouped into LUT with out node select_ln117_817)   --->   "%select_ln117_816 = select i1 %or_ln117_772, i5 %select_ln117_815, i5 27" [firmware/BDT.h:117]   --->   Operation 170 'select' 'select_ln117_816' <Predicate = true> <Delay = 0.00> <CoreInst = "Sel">   --->   Core 73 'Sel' <Latency = 0> <II = 1> <Delay = 1.21> <FuncUnit> <Opcode : 'select'> <InPorts = 3> <OutPorts = 1>
ST_7 : Operation 171 [1/1] (0.00ns) (grouped into LUT with out node select_ln117_819)   --->   "%or_ln117_774 = or i1 %or_ln117_773, i1 %and_ln102_812" [firmware/BDT.h:117]   --->   Operation 171 'or' 'or_ln117_774' <Predicate = true> <Delay = 0.00> <CoreInst = "LogicGate">   --->   Core 74 'LogicGate' <Latency = 0> <II = 1> <Delay = 0.97> <FuncUnit> <Opcode : 'and' 'or' 'xor'> <InPorts = 2> <OutPorts = 1>
ST_7 : Operation 172 [1/1] (1.21ns) (out node of the LUT)   --->   "%select_ln117_817 = select i1 %or_ln117_773, i5 %select_ln117_816, i5 28" [firmware/BDT.h:117]   --->   Operation 172 'select' 'select_ln117_817' <Predicate = true> <Delay = 1.21> <CoreInst = "Sel">   --->   Core 73 'Sel' <Latency = 0> <II = 1> <Delay = 1.21> <FuncUnit> <Opcode : 'select'> <InPorts = 3> <OutPorts = 1>
ST_7 : Operation 173 [1/1] (0.97ns)   --->   "%or_ln117_775 = or i1 %or_ln117_773, i1 %and_ln102_797" [firmware/BDT.h:117]   --->   Operation 173 'or' 'or_ln117_775' <Predicate = true> <Delay = 0.97> <CoreInst = "LogicGate">   --->   Core 74 'LogicGate' <Latency = 0> <II = 1> <Delay = 0.97> <FuncUnit> <Opcode : 'and' 'or' 'xor'> <InPorts = 2> <OutPorts = 1>
ST_7 : Operation 174 [1/1] (0.00ns) (grouped into LUT with out node select_ln117_819)   --->   "%select_ln117_818 = select i1 %or_ln117_774, i5 %select_ln117_817, i5 29" [firmware/BDT.h:117]   --->   Operation 174 'select' 'select_ln117_818' <Predicate = true> <Delay = 0.00> <CoreInst = "Sel">   --->   Core 73 'Sel' <Latency = 0> <II = 1> <Delay = 1.21> <FuncUnit> <Opcode : 'select'> <InPorts = 3> <OutPorts = 1>
ST_7 : Operation 175 [1/1] (1.21ns) (out node of the LUT)   --->   "%select_ln117_819 = select i1 %or_ln117_775, i5 %select_ln117_818, i5 30" [firmware/BDT.h:117]   --->   Operation 175 'select' 'select_ln117_819' <Predicate = true> <Delay = 1.21> <CoreInst = "Sel">   --->   Core 73 'Sel' <Latency = 0> <II = 1> <Delay = 1.21> <FuncUnit> <Opcode : 'select'> <InPorts = 3> <OutPorts = 1>

State 8 <SV = 7> <Delay = 3.20>
ST_8 : Operation 176 [1/1] (0.00ns)   --->   "%specpipeline_ln86 = specpipeline void @_ssdm_op_SpecPipeline, i32 1, i32 0, i32 0, i32 0, void @empty_13" [firmware/BDT.h:86]   --->   Operation 176 'specpipeline' 'specpipeline_ln86' <Predicate = true> <Delay = 0.00>
ST_8 : Operation 177 [1/1] (0.00ns) (grouped into LUT with out node agg_result)   --->   "%xor_ln104_405 = xor i1 %icmp_ln86_830, i1 1" [firmware/BDT.h:104]   --->   Operation 177 'xor' 'xor_ln104_405' <Predicate = true> <Delay = 0.00> <CoreInst = "LogicGate">   --->   Core 74 'LogicGate' <Latency = 0> <II = 1> <Delay = 0.97> <FuncUnit> <Opcode : 'and' 'or' 'xor'> <InPorts = 2> <OutPorts = 1>
ST_8 : Operation 178 [1/1] (0.00ns) (grouped into LUT with out node agg_result)   --->   "%and_ln102_821 = and i1 %icmp_ln86_846, i1 %xor_ln104_405" [firmware/BDT.h:102]   --->   Operation 178 'and' 'and_ln102_821' <Predicate = true> <Delay = 0.00> <CoreInst = "LogicGate">   --->   Core 74 'LogicGate' <Latency = 0> <II = 1> <Delay = 0.97> <FuncUnit> <Opcode : 'and' 'or' 'xor'> <InPorts = 2> <OutPorts = 1>
ST_8 : Operation 179 [1/1] (0.00ns) (grouped into LUT with out node agg_result)   --->   "%and_ln102_813 = and i1 %and_ln102_821, i1 %and_ln104_165" [firmware/BDT.h:102]   --->   Operation 179 'and' 'and_ln102_813' <Predicate = true> <Delay = 0.00> <CoreInst = "LogicGate">   --->   Core 74 'LogicGate' <Latency = 0> <II = 1> <Delay = 0.97> <FuncUnit> <Opcode : 'and' 'or' 'xor'> <InPorts = 2> <OutPorts = 1>
ST_8 : Operation 180 [1/1] (0.00ns) (grouped into LUT with out node agg_result)   --->   "%or_ln117_776 = or i1 %or_ln117_775, i1 %and_ln102_813" [firmware/BDT.h:117]   --->   Operation 180 'or' 'or_ln117_776' <Predicate = true> <Delay = 0.00> <CoreInst = "LogicGate">   --->   Core 74 'LogicGate' <Latency = 0> <II = 1> <Delay = 0.97> <FuncUnit> <Opcode : 'and' 'or' 'xor'> <InPorts = 2> <OutPorts = 1>
ST_8 : Operation 181 [1/1] (0.00ns) (grouped into LUT with out node agg_result)   --->   "%select_ln117_820 = select i1 %or_ln117_776, i5 %select_ln117_819, i5 31" [firmware/BDT.h:117]   --->   Operation 181 'select' 'select_ln117_820' <Predicate = true> <Delay = 0.00> <CoreInst = "Sel">   --->   Core 73 'Sel' <Latency = 0> <II = 1> <Delay = 1.21> <FuncUnit> <Opcode : 'select'> <InPorts = 3> <OutPorts = 1>
ST_8 : Operation 182 [1/1] (3.20ns) (out node of the LUT)   --->   "%agg_result = sparsemux i12 @_ssdm_op_SparseMux.ap_auto.32i12.i12.i5, i5 0, i12 4088, i5 1, i12 3910, i5 2, i12 238, i5 3, i12 49, i5 4, i12 51, i5 5, i12 806, i5 6, i12 3925, i5 7, i12 4059, i5 8, i12 3297, i5 9, i12 3829, i5 10, i12 3765, i5 11, i12 3999, i5 12, i12 424, i5 13, i12 79, i5 14, i12 3898, i5 15, i12 4087, i5 16, i12 2, i5 17, i12 90, i5 18, i12 1273, i5 19, i12 352, i5 20, i12 3937, i5 21, i12 4059, i5 22, i12 4011, i5 23, i12 13, i5 24, i12 111, i5 25, i12 3724, i5 26, i12 3153, i5 27, i12 3860, i5 28, i12 4093, i5 29, i12 575, i5 30, i12 169, i5 31, i12 3089, i12 0, i5 %select_ln117_820" [firmware/BDT.h:118]   --->   Operation 182 'sparsemux' 'agg_result' <Predicate = true> <Delay = 3.20> <CoreInst = "SparseMux">   --->   Core 132 'SparseMux' <Latency = 0> <II = 1> <Delay = 3.20> <FuncUnit> <Opcode : 'sparsemux'> <InPorts = 2> <OutPorts = 1>
ST_8 : Operation 183 [1/1] (0.00ns)   --->   "%ret_ln122 = ret i12 %agg_result" [firmware/BDT.h:122]   --->   Operation 183 'ret' 'ret_ln122' <Predicate = true> <Delay = 0.00>


============================================================
+ Verbose Summary: Timing violations
============================================================
Target clock period: 5.000ns, clock uncertainty: 1.350ns.

 <State 1>: 3.114ns
The critical path consists of the following:
	wire read operation ('p_read716', firmware/BDT.h:86) on port 'p_read7' (firmware/BDT.h:86) [35]  (0.000 ns)
	'icmp' operation 1 bit ('icmp_ln86', firmware/BDT.h:86) [42]  (2.136 ns)
	'and' operation 1 bit ('and_ln102', firmware/BDT.h:102) [75]  (0.978 ns)

 <State 2>: 2.934ns
The critical path consists of the following:
	'and' operation 1 bit ('and_ln102_786', firmware/BDT.h:102) [81]  (0.978 ns)
	'and' operation 1 bit ('and_ln102_790', firmware/BDT.h:102) [93]  (0.978 ns)
	'or' operation 1 bit ('or_ln117', firmware/BDT.h:117) [135]  (0.978 ns)

 <State 3>: 2.997ns
The critical path consists of the following:
	'and' operation 1 bit ('and_ln102_798', firmware/BDT.h:102) [109]  (0.000 ns)
	'xor' operation 1 bit ('xor_ln117', firmware/BDT.h:117) [133]  (0.000 ns)
	'select' operation 2 bit ('select_ln117', firmware/BDT.h:117) [136]  (0.000 ns)
	'select' operation 2 bit ('select_ln117_792', firmware/BDT.h:117) [137]  (0.000 ns)
	'select' operation 3 bit ('select_ln117_793', firmware/BDT.h:117) [140]  (0.993 ns)
	'select' operation 3 bit ('select_ln117_794', firmware/BDT.h:117) [142]  (0.000 ns)
	'select' operation 3 bit ('select_ln117_795', firmware/BDT.h:117) [144]  (0.980 ns)
	'select' operation 3 bit ('select_ln117_796', firmware/BDT.h:117) [145]  (0.000 ns)
	'select' operation 4 bit ('select_ln117_797', firmware/BDT.h:117) [148]  (1.024 ns)

 <State 4>: 3.072ns
The critical path consists of the following:
	'and' operation 1 bit ('and_ln102_802', firmware/BDT.h:102) [115]  (0.000 ns)
	'or' operation 1 bit ('or_ln117_755', firmware/BDT.h:117) [147]  (0.000 ns)
	'select' operation 4 bit ('select_ln117_798', firmware/BDT.h:117) [150]  (0.000 ns)
	'select' operation 4 bit ('select_ln117_799', firmware/BDT.h:117) [152]  (1.024 ns)
	'select' operation 4 bit ('select_ln117_800', firmware/BDT.h:117) [154]  (0.000 ns)
	'select' operation 4 bit ('select_ln117_801', firmware/BDT.h:117) [156]  (1.024 ns)
	'select' operation 4 bit ('select_ln117_802', firmware/BDT.h:117) [158]  (0.000 ns)
	'select' operation 4 bit ('select_ln117_803', firmware/BDT.h:117) [160]  (1.024 ns)

 <State 5>: 3.645ns
The critical path consists of the following:
	'xor' operation 1 bit ('xor_ln104_401', firmware/BDT.h:104) [100]  (0.000 ns)
	'and' operation 1 bit ('and_ln102_817', firmware/BDT.h:102) [119]  (0.000 ns)
	'and' operation 1 bit ('and_ln102_805', firmware/BDT.h:102) [120]  (0.000 ns)
	'or' operation 1 bit ('or_ln117_761', firmware/BDT.h:117) [159]  (0.000 ns)
	'select' operation 4 bit ('select_ln117_804', firmware/BDT.h:117) [161]  (0.000 ns)
	'select' operation 5 bit ('select_ln117_805', firmware/BDT.h:117) [164]  (1.215 ns)
	'select' operation 5 bit ('select_ln117_806', firmware/BDT.h:117) [166]  (0.000 ns)
	'select' operation 5 bit ('select_ln117_807', firmware/BDT.h:117) [168]  (1.215 ns)
	'select' operation 5 bit ('select_ln117_808', firmware/BDT.h:117) [170]  (0.000 ns)
	'select' operation 5 bit ('select_ln117_809', firmware/BDT.h:117) [172]  (1.215 ns)

 <State 6>: 3.645ns
The critical path consists of the following:
	'and' operation 1 bit ('and_ln102_808', firmware/BDT.h:102) [124]  (0.000 ns)
	'or' operation 1 bit ('or_ln117_766', firmware/BDT.h:117) [171]  (0.000 ns)
	'select' operation 5 bit ('select_ln117_810', firmware/BDT.h:117) [174]  (0.000 ns)
	'select' operation 5 bit ('select_ln117_811', firmware/BDT.h:117) [176]  (1.215 ns)
	'select' operation 5 bit ('select_ln117_812', firmware/BDT.h:117) [178]  (0.000 ns)
	'select' operation 5 bit ('select_ln117_813', firmware/BDT.h:117) [180]  (1.215 ns)
	'select' operation 5 bit ('select_ln117_814', firmware/BDT.h:117) [182]  (0.000 ns)
	'select' operation 5 bit ('select_ln117_815', firmware/BDT.h:117) [184]  (1.215 ns)

 <State 7>: 3.408ns
The critical path consists of the following:
	'or' operation 1 bit ('or_ln117_773', firmware/BDT.h:117) [185]  (0.978 ns)
	'select' operation 5 bit ('select_ln117_817', firmware/BDT.h:117) [188]  (1.215 ns)
	'select' operation 5 bit ('select_ln117_818', firmware/BDT.h:117) [190]  (0.000 ns)
	'select' operation 5 bit ('select_ln117_819', firmware/BDT.h:117) [192]  (1.215 ns)

 <State 8>: 3.205ns
The critical path consists of the following:
	'xor' operation 1 bit ('xor_ln104_405', firmware/BDT.h:104) [108]  (0.000 ns)
	'and' operation 1 bit ('and_ln102_821', firmware/BDT.h:102) [131]  (0.000 ns)
	'and' operation 1 bit ('and_ln102_813', firmware/BDT.h:102) [132]  (0.000 ns)
	'or' operation 1 bit ('or_ln117_776', firmware/BDT.h:117) [191]  (0.000 ns)
	'select' operation 5 bit ('select_ln117_820', firmware/BDT.h:117) [193]  (0.000 ns)
	'sparsemux' operation 12 bit ('agg_result', firmware/BDT.h:118) [194]  (3.205 ns)


============================================================
+ Verbose Summary: Binding
============================================================
N/A
* FSMD analyzer results:
  - Output states:
 - Input state : 
  - Chain level:
	State 1
	State 2
	State 3
	State 4
	State 5
	State 6
	State 7
	State 8


============================================================
+ Verbose Summary: Datapath Resource usage 
============================================================
N/A
