/home/hep/lr1424/hls4ml-tutorial/model_5/my_prj/solution1/.autopilot/db/BDT.pp.0.cpp:1326:7: warning: Added loop label VITIS_LOOP_1223_1:   [xilinx-label-all-loops]
      for (i = 0; i < __N - 1; ++i) {
      ^~~
      VITIS_LOOP_1223_1: 
/home/hep/lr1424/hls4ml-tutorial/model_5/my_prj/solution1/.autopilot/db/BDT.pp.0.cpp:1326:7: note: FIX-IT applied suggested code changes
/home/hep/lr1424/hls4ml-tutorial/model_5/my_prj/solution1/.autopilot/db/BDT.pp.0.cpp:2300:5: warning: Added loop label VITIS_LOOP_676_1:   [xilinx-label-all-loops]
    for (unsigned i = low; i != high; ++i) {
    ^~~
    VITIS_LOOP_676_1: 
/home/hep/lr1424/hls4ml-tutorial/model_5/my_prj/solution1/.autopilot/db/BDT.pp.0.cpp:2300:5: note: FIX-IT applied suggested code changes
/home/hep/lr1424/hls4ml-tutorial/model_5/my_prj/solution1/.autopilot/db/BDT.pp.0.cpp:2314:5: warning: Added loop label VITIS_LOOP_690_1:   [xilinx-label-all-loops]
    for (unsigned i = low; i != high; ++i) {
    ^~~
    VITIS_LOOP_690_1: 
/home/hep/lr1424/hls4ml-tutorial/model_5/my_prj/solution1/.autopilot/db/BDT.pp.0.cpp:2314:5: note: FIX-IT applied suggested code changes
/home/hep/lr1424/hls4ml-tutorial/model_5/my_prj/solution1/.autopilot/db/BDT.pp.0.cpp:2328:5: warning: Added loop label VITIS_LOOP_704_1:   [xilinx-label-all-loops]
    for (unsigned i = low; i != high; ++i) {
    ^~~
    VITIS_LOOP_704_1: 
/home/hep/lr1424/hls4ml-tutorial/model_5/my_prj/solution1/.autopilot/db/BDT.pp.0.cpp:2328:5: note: FIX-IT applied suggested code changes
/home/hep/lr1424/hls4ml-tutorial/model_5/my_prj/solution1/.autopilot/db/BDT.pp.0.cpp:3945:7: warning: Added loop label VITIS_LOOP_1247_1:   [xilinx-label-all-loops]
      for (i = 0; i < __N - 1; ++i) {
      ^~~
      VITIS_LOOP_1247_1: 
/home/hep/lr1424/hls4ml-tutorial/model_5/my_prj/solution1/.autopilot/db/BDT.pp.0.cpp:3945:7: note: FIX-IT applied suggested code changes
/home/hep/lr1424/hls4ml-tutorial/model_5/my_prj/solution1/.autopilot/db/BDT.pp.0.cpp:5814:5: warning: Added loop label VITIS_LOOP_116_1:   [xilinx-label-all-loops]
    for(int i = 0; i < n_leaves; i++){
    ^~~
    VITIS_LOOP_116_1: 
/home/hep/lr1424/hls4ml-tutorial/model_5/my_prj/solution1/.autopilot/db/BDT.pp.0.cpp:5814:5: note: FIX-IT applied suggested code changes
/home/hep/lr1424/hls4ml-tutorial/model_5/my_prj/solution1/.autopilot/db/BDT.pp.0.cpp:5847:5: warning: Added loop label VITIS_LOOP_149_1:   [xilinx-label-all-loops]
    for(int j = 0; j < fn_classes(n_classes); j++){
    ^~~
    VITIS_LOOP_149_1: 
/home/hep/lr1424/hls4ml-tutorial/model_5/my_prj/solution1/.autopilot/db/BDT.pp.0.cpp:5847:5: note: FIX-IT applied suggested code changes
