

================================================================
== Vitis HLS Report for 'decision_function_37'
================================================================
* Date:           Thu Jan 23 13:40:34 2025

* Version:        2024.1 (Build 5069499 on May 21 2024)
* Project:        my_prj
* Solution:       solution1 (Vivado IP Flow Target)
* Product family: virtexuplus
* Target device:  xcu250-figd2104-2L-e


================================================================
== Performance Estimates
================================================================
+ Timing: 
    * Summary: 
    +--------+---------+----------+------------+
    |  Clock |  Target | Estimated| Uncertainty|
    +--------+---------+----------+------------+
    |ap_clk  |  5.00 ns|  3.596 ns|     1.35 ns|
    +--------+---------+----------+------------+

+ Latency: 
    * Summary: 
    +---------+---------+----------+----------+-----+-----+---------+
    |  Latency (cycles) |  Latency (absolute) |  Interval | Pipeline|
    |   min   |   max   |    min   |    max   | min | max |   Type  |
    +---------+---------+----------+----------+-----+-----+---------+
    |        1|        1|  5.000 ns|  5.000 ns|    1|    1|      yes|
    +---------+---------+----------+----------+-----+-----+---------+

    + Detail: 
        * Instance: 
        N/A

        * Loop: 
        N/A

============================================================
+ Verbose Summary: Synthesis Manager
============================================================
InlineROM: 1
ExposeGlobal: 0
============================================================
+ Verbose Summary: CDFG Model
============================================================
IsTopModel: 0
ResetActiveHigh: 1
IsCombinational: 0
IsDatapathOnly: 0
HasWiredReturn: 1
HasMFsm: 2
HasVarLatency: 0
IsPipeline: 1
IsRtlPipelined: 1
IsInstanceOverlapped: 0
IsDontTouch: 0
HasImplIP: 0
IsGatedGlobalClock: 0

+ Individual pipeline summary: 
  * Pipeline-0: initiation interval (II) = 1, depth = 2


============================================================
+ Verbose Summary: Schedule
============================================================
* Number of FSM states : 2
* Pipeline : 1
  Pipeline-0 : II = 1, D = 2, States = { 1 2 }
* Dataflow Pipeline: 0

* FSM state transitions: 
1 --> 2 
2 --> 

* FSM state operations: 

State 1 <SV = 0> <Delay = 3.59>
ST_1 : Operation 3 [1/1] (0.00ns)   --->   "%x_52_val_read = read i18 @_ssdm_op_Read.ap_auto.i18, i18 %x_52_val" [firmware/BDT.h:86]   --->   Operation 3 'read' 'x_52_val_read' <Predicate = true> <Delay = 0.00>
ST_1 : Operation 4 [1/1] (0.00ns)   --->   "%x_50_val_read = read i18 @_ssdm_op_Read.ap_auto.i18, i18 %x_50_val" [firmware/BDT.h:86]   --->   Operation 4 'read' 'x_50_val_read' <Predicate = true> <Delay = 0.00>
ST_1 : Operation 5 [1/1] (0.00ns)   --->   "%x_49_val_read = read i18 @_ssdm_op_Read.ap_auto.i18, i18 %x_49_val" [firmware/BDT.h:86]   --->   Operation 5 'read' 'x_49_val_read' <Predicate = true> <Delay = 0.00>
ST_1 : Operation 6 [1/1] (0.00ns)   --->   "%x_46_val_read = read i18 @_ssdm_op_Read.ap_auto.i18, i18 %x_46_val" [firmware/BDT.h:86]   --->   Operation 6 'read' 'x_46_val_read' <Predicate = true> <Delay = 0.00>
ST_1 : Operation 7 [1/1] (0.00ns)   --->   "%x_32_val_read = read i18 @_ssdm_op_Read.ap_auto.i18, i18 %x_32_val" [firmware/BDT.h:86]   --->   Operation 7 'read' 'x_32_val_read' <Predicate = true> <Delay = 0.00>
ST_1 : Operation 8 [1/1] (0.00ns)   --->   "%x_31_val_read = read i18 @_ssdm_op_Read.ap_auto.i18, i18 %x_31_val" [firmware/BDT.h:86]   --->   Operation 8 'read' 'x_31_val_read' <Predicate = true> <Delay = 0.00>
ST_1 : Operation 9 [1/1] (0.00ns)   --->   "%x_29_val_read = read i18 @_ssdm_op_Read.ap_auto.i18, i18 %x_29_val" [firmware/BDT.h:86]   --->   Operation 9 'read' 'x_29_val_read' <Predicate = true> <Delay = 0.00>
ST_1 : Operation 10 [1/1] (0.00ns)   --->   "%x_24_val_read = read i18 @_ssdm_op_Read.ap_auto.i18, i18 %x_24_val" [firmware/BDT.h:86]   --->   Operation 10 'read' 'x_24_val_read' <Predicate = true> <Delay = 0.00>
ST_1 : Operation 11 [1/1] (0.00ns)   --->   "%x_23_val_read = read i18 @_ssdm_op_Read.ap_auto.i18, i18 %x_23_val" [firmware/BDT.h:86]   --->   Operation 11 'read' 'x_23_val_read' <Predicate = true> <Delay = 0.00>
ST_1 : Operation 12 [1/1] (0.00ns)   --->   "%x_19_val_read = read i18 @_ssdm_op_Read.ap_auto.i18, i18 %x_19_val" [firmware/BDT.h:86]   --->   Operation 12 'read' 'x_19_val_read' <Predicate = true> <Delay = 0.00>
ST_1 : Operation 13 [1/1] (0.00ns)   --->   "%x_18_val_read = read i18 @_ssdm_op_Read.ap_auto.i18, i18 %x_18_val" [firmware/BDT.h:86]   --->   Operation 13 'read' 'x_18_val_read' <Predicate = true> <Delay = 0.00>
ST_1 : Operation 14 [1/1] (0.00ns)   --->   "%x_17_val_read = read i18 @_ssdm_op_Read.ap_auto.i18, i18 %x_17_val" [firmware/BDT.h:86]   --->   Operation 14 'read' 'x_17_val_read' <Predicate = true> <Delay = 0.00>
ST_1 : Operation 15 [1/1] (0.00ns)   --->   "%x_11_val_read = read i18 @_ssdm_op_Read.ap_auto.i18, i18 %x_11_val" [firmware/BDT.h:86]   --->   Operation 15 'read' 'x_11_val_read' <Predicate = true> <Delay = 0.00>
ST_1 : Operation 16 [1/1] (0.00ns)   --->   "%x_10_val_read = read i18 @_ssdm_op_Read.ap_auto.i18, i18 %x_10_val" [firmware/BDT.h:86]   --->   Operation 16 'read' 'x_10_val_read' <Predicate = true> <Delay = 0.00>
ST_1 : Operation 17 [1/1] (0.00ns)   --->   "%x_9_val_read = read i18 @_ssdm_op_Read.ap_auto.i18, i18 %x_9_val" [firmware/BDT.h:86]   --->   Operation 17 'read' 'x_9_val_read' <Predicate = true> <Delay = 0.00>
ST_1 : Operation 18 [1/1] (0.00ns)   --->   "%x_5_val_read = read i18 @_ssdm_op_Read.ap_auto.i18, i18 %x_5_val" [firmware/BDT.h:86]   --->   Operation 18 'read' 'x_5_val_read' <Predicate = true> <Delay = 0.00>
ST_1 : Operation 19 [1/1] (0.00ns)   --->   "%x_3_val_read = read i18 @_ssdm_op_Read.ap_auto.i18, i18 %x_3_val" [firmware/BDT.h:86]   --->   Operation 19 'read' 'x_3_val_read' <Predicate = true> <Delay = 0.00>
ST_1 : Operation 20 [1/1] (0.00ns)   --->   "%x_2_val_read = read i18 @_ssdm_op_Read.ap_auto.i18, i18 %x_2_val" [firmware/BDT.h:86]   --->   Operation 20 'read' 'x_2_val_read' <Predicate = true> <Delay = 0.00>
ST_1 : Operation 21 [1/1] (0.00ns)   --->   "%x_1_val_read = read i18 @_ssdm_op_Read.ap_auto.i18, i18 %x_1_val" [firmware/BDT.h:86]   --->   Operation 21 'read' 'x_1_val_read' <Predicate = true> <Delay = 0.00>
ST_1 : Operation 22 [1/1] (0.79ns)   --->   "%icmp_ln86 = icmp_slt  i18 %x_2_val_read, i18 1268" [firmware/BDT.h:86]   --->   Operation 22 'icmp' 'icmp_ln86' <Predicate = true> <Delay = 0.79> <CoreInst = "Cmp">   --->   Core 9 'Cmp' <Latency = 0> <II = 1> <Delay = 0.79> <FuncUnit> <Opcode : 'seteq' 'setne' 'setle' 'setge' 'setlt' 'setgt'> <InPorts = 2> <OutPorts = 1>
ST_1 : Operation 23 [1/1] (0.79ns)   --->   "%icmp_ln86_958 = icmp_slt  i18 %x_11_val_read, i18 723" [firmware/BDT.h:86]   --->   Operation 23 'icmp' 'icmp_ln86_958' <Predicate = true> <Delay = 0.79> <CoreInst = "Cmp">   --->   Core 9 'Cmp' <Latency = 0> <II = 1> <Delay = 0.79> <FuncUnit> <Opcode : 'seteq' 'setne' 'setle' 'setge' 'setlt' 'setgt'> <InPorts = 2> <OutPorts = 1>
ST_1 : Operation 24 [1/1] (0.79ns)   --->   "%icmp_ln86_959 = icmp_slt  i18 %x_23_val_read, i18 73" [firmware/BDT.h:86]   --->   Operation 24 'icmp' 'icmp_ln86_959' <Predicate = true> <Delay = 0.79> <CoreInst = "Cmp">   --->   Core 9 'Cmp' <Latency = 0> <II = 1> <Delay = 0.79> <FuncUnit> <Opcode : 'seteq' 'setne' 'setle' 'setge' 'setlt' 'setgt'> <InPorts = 2> <OutPorts = 1>
ST_1 : Operation 25 [1/1] (0.00ns)   --->   "%tmp = partselect i15 @_ssdm_op_PartSelect.i15.i18.i32.i32, i18 %x_17_val_read, i32 3, i32 17" [firmware/BDT.h:86]   --->   Operation 25 'partselect' 'tmp' <Predicate = true> <Delay = 0.00>
ST_1 : Operation 26 [1/1] (0.77ns)   --->   "%icmp_ln86_1392 = icmp_slt  i15 %tmp, i15 1" [firmware/BDT.h:86]   --->   Operation 26 'icmp' 'icmp_ln86_1392' <Predicate = true> <Delay = 0.77> <CoreInst = "Cmp">   --->   Core 9 'Cmp' <Latency = 0> <II = 1> <Delay = 0.77> <FuncUnit> <Opcode : 'seteq' 'setne' 'setle' 'setge' 'setlt' 'setgt'> <InPorts = 2> <OutPorts = 1>
ST_1 : Operation 27 [1/1] (0.79ns)   --->   "%icmp_ln86_961 = icmp_slt  i18 %x_1_val_read, i18 254934" [firmware/BDT.h:86]   --->   Operation 27 'icmp' 'icmp_ln86_961' <Predicate = true> <Delay = 0.79> <CoreInst = "Cmp">   --->   Core 9 'Cmp' <Latency = 0> <II = 1> <Delay = 0.79> <FuncUnit> <Opcode : 'seteq' 'setne' 'setle' 'setge' 'setlt' 'setgt'> <InPorts = 2> <OutPorts = 1>
ST_1 : Operation 28 [1/1] (0.79ns)   --->   "%icmp_ln86_962 = icmp_slt  i18 %x_10_val_read, i18 970" [firmware/BDT.h:86]   --->   Operation 28 'icmp' 'icmp_ln86_962' <Predicate = true> <Delay = 0.79> <CoreInst = "Cmp">   --->   Core 9 'Cmp' <Latency = 0> <II = 1> <Delay = 0.79> <FuncUnit> <Opcode : 'seteq' 'setne' 'setle' 'setge' 'setlt' 'setgt'> <InPorts = 2> <OutPorts = 1>
ST_1 : Operation 29 [1/1] (0.79ns)   --->   "%icmp_ln86_963 = icmp_slt  i18 %x_1_val_read, i18 223318" [firmware/BDT.h:86]   --->   Operation 29 'icmp' 'icmp_ln86_963' <Predicate = true> <Delay = 0.79> <CoreInst = "Cmp">   --->   Core 9 'Cmp' <Latency = 0> <II = 1> <Delay = 0.79> <FuncUnit> <Opcode : 'seteq' 'setne' 'setle' 'setge' 'setlt' 'setgt'> <InPorts = 2> <OutPorts = 1>
ST_1 : Operation 30 [1/1] (0.79ns)   --->   "%icmp_ln86_964 = icmp_slt  i18 %x_49_val_read, i18 133786" [firmware/BDT.h:86]   --->   Operation 30 'icmp' 'icmp_ln86_964' <Predicate = true> <Delay = 0.79> <CoreInst = "Cmp">   --->   Core 9 'Cmp' <Latency = 0> <II = 1> <Delay = 0.79> <FuncUnit> <Opcode : 'seteq' 'setne' 'setle' 'setge' 'setlt' 'setgt'> <InPorts = 2> <OutPorts = 1>
ST_1 : Operation 31 [1/1] (0.79ns)   --->   "%icmp_ln86_965 = icmp_slt  i18 %x_24_val_read, i18 177" [firmware/BDT.h:86]   --->   Operation 31 'icmp' 'icmp_ln86_965' <Predicate = true> <Delay = 0.79> <CoreInst = "Cmp">   --->   Core 9 'Cmp' <Latency = 0> <II = 1> <Delay = 0.79> <FuncUnit> <Opcode : 'seteq' 'setne' 'setle' 'setge' 'setlt' 'setgt'> <InPorts = 2> <OutPorts = 1>
ST_1 : Operation 32 [1/1] (0.79ns)   --->   "%icmp_ln86_966 = icmp_slt  i18 %x_1_val_read, i18 231639" [firmware/BDT.h:86]   --->   Operation 32 'icmp' 'icmp_ln86_966' <Predicate = true> <Delay = 0.79> <CoreInst = "Cmp">   --->   Core 9 'Cmp' <Latency = 0> <II = 1> <Delay = 0.79> <FuncUnit> <Opcode : 'seteq' 'setne' 'setle' 'setge' 'setlt' 'setgt'> <InPorts = 2> <OutPorts = 1>
ST_1 : Operation 33 [1/1] (0.79ns)   --->   "%icmp_ln86_967 = icmp_slt  i18 %x_50_val_read, i18 7922" [firmware/BDT.h:86]   --->   Operation 33 'icmp' 'icmp_ln86_967' <Predicate = true> <Delay = 0.79> <CoreInst = "Cmp">   --->   Core 9 'Cmp' <Latency = 0> <II = 1> <Delay = 0.79> <FuncUnit> <Opcode : 'seteq' 'setne' 'setle' 'setge' 'setlt' 'setgt'> <InPorts = 2> <OutPorts = 1>
ST_1 : Operation 34 [1/1] (0.79ns)   --->   "%icmp_ln86_968 = icmp_slt  i18 %x_11_val_read, i18 254" [firmware/BDT.h:86]   --->   Operation 34 'icmp' 'icmp_ln86_968' <Predicate = true> <Delay = 0.79> <CoreInst = "Cmp">   --->   Core 9 'Cmp' <Latency = 0> <II = 1> <Delay = 0.79> <FuncUnit> <Opcode : 'seteq' 'setne' 'setle' 'setge' 'setlt' 'setgt'> <InPorts = 2> <OutPorts = 1>
ST_1 : Operation 35 [1/1] (0.79ns)   --->   "%icmp_ln86_969 = icmp_slt  i18 %x_17_val_read, i18 38" [firmware/BDT.h:86]   --->   Operation 35 'icmp' 'icmp_ln86_969' <Predicate = true> <Delay = 0.79> <CoreInst = "Cmp">   --->   Core 9 'Cmp' <Latency = 0> <II = 1> <Delay = 0.79> <FuncUnit> <Opcode : 'seteq' 'setne' 'setle' 'setge' 'setlt' 'setgt'> <InPorts = 2> <OutPorts = 1>
ST_1 : Operation 36 [1/1] (0.79ns)   --->   "%icmp_ln86_970 = icmp_slt  i18 %x_1_val_read, i18 146171" [firmware/BDT.h:86]   --->   Operation 36 'icmp' 'icmp_ln86_970' <Predicate = true> <Delay = 0.79> <CoreInst = "Cmp">   --->   Core 9 'Cmp' <Latency = 0> <II = 1> <Delay = 0.79> <FuncUnit> <Opcode : 'seteq' 'setne' 'setle' 'setge' 'setlt' 'setgt'> <InPorts = 2> <OutPorts = 1>
ST_1 : Operation 37 [1/1] (0.79ns)   --->   "%icmp_ln86_971 = icmp_slt  i18 %x_5_val_read, i18 93217" [firmware/BDT.h:86]   --->   Operation 37 'icmp' 'icmp_ln86_971' <Predicate = true> <Delay = 0.79> <CoreInst = "Cmp">   --->   Core 9 'Cmp' <Latency = 0> <II = 1> <Delay = 0.79> <FuncUnit> <Opcode : 'seteq' 'setne' 'setle' 'setge' 'setlt' 'setgt'> <InPorts = 2> <OutPorts = 1>
ST_1 : Operation 38 [1/1] (0.79ns)   --->   "%icmp_ln86_972 = icmp_slt  i18 %x_29_val_read, i18 5" [firmware/BDT.h:86]   --->   Operation 38 'icmp' 'icmp_ln86_972' <Predicate = true> <Delay = 0.79> <CoreInst = "Cmp">   --->   Core 9 'Cmp' <Latency = 0> <II = 1> <Delay = 0.79> <FuncUnit> <Opcode : 'seteq' 'setne' 'setle' 'setge' 'setlt' 'setgt'> <InPorts = 2> <OutPorts = 1>
ST_1 : Operation 39 [1/1] (0.79ns)   --->   "%icmp_ln86_973 = icmp_slt  i18 %x_31_val_read, i18 1349" [firmware/BDT.h:86]   --->   Operation 39 'icmp' 'icmp_ln86_973' <Predicate = true> <Delay = 0.79> <CoreInst = "Cmp">   --->   Core 9 'Cmp' <Latency = 0> <II = 1> <Delay = 0.79> <FuncUnit> <Opcode : 'seteq' 'setne' 'setle' 'setge' 'setlt' 'setgt'> <InPorts = 2> <OutPorts = 1>
ST_1 : Operation 40 [1/1] (0.79ns)   --->   "%icmp_ln86_974 = icmp_slt  i18 %x_19_val_read, i18 465" [firmware/BDT.h:86]   --->   Operation 40 'icmp' 'icmp_ln86_974' <Predicate = true> <Delay = 0.79> <CoreInst = "Cmp">   --->   Core 9 'Cmp' <Latency = 0> <II = 1> <Delay = 0.79> <FuncUnit> <Opcode : 'seteq' 'setne' 'setle' 'setge' 'setlt' 'setgt'> <InPorts = 2> <OutPorts = 1>
ST_1 : Operation 41 [1/1] (0.79ns)   --->   "%icmp_ln86_975 = icmp_slt  i18 %x_32_val_read, i18 732" [firmware/BDT.h:86]   --->   Operation 41 'icmp' 'icmp_ln86_975' <Predicate = true> <Delay = 0.79> <CoreInst = "Cmp">   --->   Core 9 'Cmp' <Latency = 0> <II = 1> <Delay = 0.79> <FuncUnit> <Opcode : 'seteq' 'setne' 'setle' 'setge' 'setlt' 'setgt'> <InPorts = 2> <OutPorts = 1>
ST_1 : Operation 42 [1/1] (0.79ns)   --->   "%icmp_ln86_976 = icmp_slt  i18 %x_9_val_read, i18 4950" [firmware/BDT.h:86]   --->   Operation 42 'icmp' 'icmp_ln86_976' <Predicate = true> <Delay = 0.79> <CoreInst = "Cmp">   --->   Core 9 'Cmp' <Latency = 0> <II = 1> <Delay = 0.79> <FuncUnit> <Opcode : 'seteq' 'setne' 'setle' 'setge' 'setlt' 'setgt'> <InPorts = 2> <OutPorts = 1>
ST_1 : Operation 43 [1/1] (0.79ns)   --->   "%icmp_ln86_977 = icmp_slt  i18 %x_17_val_read, i18 93" [firmware/BDT.h:86]   --->   Operation 43 'icmp' 'icmp_ln86_977' <Predicate = true> <Delay = 0.79> <CoreInst = "Cmp">   --->   Core 9 'Cmp' <Latency = 0> <II = 1> <Delay = 0.79> <FuncUnit> <Opcode : 'seteq' 'setne' 'setle' 'setge' 'setlt' 'setgt'> <InPorts = 2> <OutPorts = 1>
ST_1 : Operation 44 [1/1] (0.79ns)   --->   "%icmp_ln86_978 = icmp_slt  i18 %x_3_val_read, i18 26347" [firmware/BDT.h:86]   --->   Operation 44 'icmp' 'icmp_ln86_978' <Predicate = true> <Delay = 0.79> <CoreInst = "Cmp">   --->   Core 9 'Cmp' <Latency = 0> <II = 1> <Delay = 0.79> <FuncUnit> <Opcode : 'seteq' 'setne' 'setle' 'setge' 'setlt' 'setgt'> <InPorts = 2> <OutPorts = 1>
ST_1 : Operation 45 [1/1] (0.79ns)   --->   "%icmp_ln86_979 = icmp_slt  i18 %x_50_val_read, i18 24246" [firmware/BDT.h:86]   --->   Operation 45 'icmp' 'icmp_ln86_979' <Predicate = true> <Delay = 0.79> <CoreInst = "Cmp">   --->   Core 9 'Cmp' <Latency = 0> <II = 1> <Delay = 0.79> <FuncUnit> <Opcode : 'seteq' 'setne' 'setle' 'setge' 'setlt' 'setgt'> <InPorts = 2> <OutPorts = 1>
ST_1 : Operation 46 [1/1] (0.79ns)   --->   "%icmp_ln86_980 = icmp_slt  i18 %x_24_val_read, i18 291" [firmware/BDT.h:86]   --->   Operation 46 'icmp' 'icmp_ln86_980' <Predicate = true> <Delay = 0.79> <CoreInst = "Cmp">   --->   Core 9 'Cmp' <Latency = 0> <II = 1> <Delay = 0.79> <FuncUnit> <Opcode : 'seteq' 'setne' 'setle' 'setge' 'setlt' 'setgt'> <InPorts = 2> <OutPorts = 1>
ST_1 : Operation 47 [1/1] (0.79ns)   --->   "%icmp_ln86_981 = icmp_slt  i18 %x_49_val_read, i18 133959" [firmware/BDT.h:86]   --->   Operation 47 'icmp' 'icmp_ln86_981' <Predicate = true> <Delay = 0.79> <CoreInst = "Cmp">   --->   Core 9 'Cmp' <Latency = 0> <II = 1> <Delay = 0.79> <FuncUnit> <Opcode : 'seteq' 'setne' 'setle' 'setge' 'setlt' 'setgt'> <InPorts = 2> <OutPorts = 1>
ST_1 : Operation 48 [1/1] (0.79ns)   --->   "%icmp_ln86_982 = icmp_slt  i18 %x_5_val_read, i18 11433" [firmware/BDT.h:86]   --->   Operation 48 'icmp' 'icmp_ln86_982' <Predicate = true> <Delay = 0.79> <CoreInst = "Cmp">   --->   Core 9 'Cmp' <Latency = 0> <II = 1> <Delay = 0.79> <FuncUnit> <Opcode : 'seteq' 'setne' 'setle' 'setge' 'setlt' 'setgt'> <InPorts = 2> <OutPorts = 1>
ST_1 : Operation 49 [1/1] (0.79ns)   --->   "%icmp_ln86_983 = icmp_slt  i18 %x_46_val_read, i18 294" [firmware/BDT.h:86]   --->   Operation 49 'icmp' 'icmp_ln86_983' <Predicate = true> <Delay = 0.79> <CoreInst = "Cmp">   --->   Core 9 'Cmp' <Latency = 0> <II = 1> <Delay = 0.79> <FuncUnit> <Opcode : 'seteq' 'setne' 'setle' 'setge' 'setlt' 'setgt'> <InPorts = 2> <OutPorts = 1>
ST_1 : Operation 50 [1/1] (0.79ns)   --->   "%icmp_ln86_984 = icmp_slt  i18 %x_19_val_read, i18 1563" [firmware/BDT.h:86]   --->   Operation 50 'icmp' 'icmp_ln86_984' <Predicate = true> <Delay = 0.79> <CoreInst = "Cmp">   --->   Core 9 'Cmp' <Latency = 0> <II = 1> <Delay = 0.79> <FuncUnit> <Opcode : 'seteq' 'setne' 'setle' 'setge' 'setlt' 'setgt'> <InPorts = 2> <OutPorts = 1>
ST_1 : Operation 51 [1/1] (0.79ns)   --->   "%icmp_ln86_985 = icmp_slt  i18 %x_46_val_read, i18 279" [firmware/BDT.h:86]   --->   Operation 51 'icmp' 'icmp_ln86_985' <Predicate = true> <Delay = 0.79> <CoreInst = "Cmp">   --->   Core 9 'Cmp' <Latency = 0> <II = 1> <Delay = 0.79> <FuncUnit> <Opcode : 'seteq' 'setne' 'setle' 'setge' 'setlt' 'setgt'> <InPorts = 2> <OutPorts = 1>
ST_1 : Operation 52 [1/1] (0.79ns)   --->   "%icmp_ln86_986 = icmp_slt  i18 %x_18_val_read, i18 1543" [firmware/BDT.h:86]   --->   Operation 52 'icmp' 'icmp_ln86_986' <Predicate = true> <Delay = 0.79> <CoreInst = "Cmp">   --->   Core 9 'Cmp' <Latency = 0> <II = 1> <Delay = 0.79> <FuncUnit> <Opcode : 'seteq' 'setne' 'setle' 'setge' 'setlt' 'setgt'> <InPorts = 2> <OutPorts = 1>
ST_1 : Operation 53 [1/1] (0.79ns)   --->   "%icmp_ln86_987 = icmp_slt  i18 %x_52_val_read, i18 97793" [firmware/BDT.h:86]   --->   Operation 53 'icmp' 'icmp_ln86_987' <Predicate = true> <Delay = 0.79> <CoreInst = "Cmp">   --->   Core 9 'Cmp' <Latency = 0> <II = 1> <Delay = 0.79> <FuncUnit> <Opcode : 'seteq' 'setne' 'setle' 'setge' 'setlt' 'setgt'> <InPorts = 2> <OutPorts = 1>
ST_1 : Operation 54 [1/1] (0.12ns)   --->   "%and_ln102 = and i1 %icmp_ln86_958, i1 %icmp_ln86" [firmware/BDT.h:102]   --->   Operation 54 'and' 'and_ln102' <Predicate = true> <Delay = 0.12> <CoreInst = "LogicGate">   --->   Core 74 'LogicGate' <Latency = 0> <II = 1> <Delay = 0.12> <FuncUnit> <Opcode : 'and' 'or' 'xor'> <InPorts = 2> <OutPorts = 1>
ST_1 : Operation 55 [1/1] (0.00ns) (grouped into LUT with out node and_ln104)   --->   "%xor_ln104_460 = xor i1 %icmp_ln86_958, i1 1" [firmware/BDT.h:104]   --->   Operation 55 'xor' 'xor_ln104_460' <Predicate = true> <Delay = 0.00> <CoreInst = "LogicGate">   --->   Core 74 'LogicGate' <Latency = 0> <II = 1> <Delay = 0.12> <FuncUnit> <Opcode : 'and' 'or' 'xor'> <InPorts = 2> <OutPorts = 1>
ST_1 : Operation 56 [1/1] (0.12ns) (out node of the LUT)   --->   "%and_ln104 = and i1 %icmp_ln86, i1 %xor_ln104_460" [firmware/BDT.h:104]   --->   Operation 56 'and' 'and_ln104' <Predicate = true> <Delay = 0.12> <CoreInst = "LogicGate">   --->   Core 74 'LogicGate' <Latency = 0> <II = 1> <Delay = 0.12> <FuncUnit> <Opcode : 'and' 'or' 'xor'> <InPorts = 2> <OutPorts = 1>
ST_1 : Operation 57 [1/1] (0.12ns)   --->   "%and_ln102_921 = and i1 %icmp_ln86_1392, i1 %and_ln102" [firmware/BDT.h:102]   --->   Operation 57 'and' 'and_ln102_921' <Predicate = true> <Delay = 0.12> <CoreInst = "LogicGate">   --->   Core 74 'LogicGate' <Latency = 0> <II = 1> <Delay = 0.12> <FuncUnit> <Opcode : 'and' 'or' 'xor'> <InPorts = 2> <OutPorts = 1>
ST_1 : Operation 58 [1/1] (0.00ns) (grouped into LUT with out node and_ln104_188)   --->   "%xor_ln104_462 = xor i1 %icmp_ln86_1392, i1 1" [firmware/BDT.h:104]   --->   Operation 58 'xor' 'xor_ln104_462' <Predicate = true> <Delay = 0.00> <CoreInst = "LogicGate">   --->   Core 74 'LogicGate' <Latency = 0> <II = 1> <Delay = 0.12> <FuncUnit> <Opcode : 'and' 'or' 'xor'> <InPorts = 2> <OutPorts = 1>
ST_1 : Operation 59 [1/1] (0.12ns) (out node of the LUT)   --->   "%and_ln104_188 = and i1 %and_ln102, i1 %xor_ln104_462" [firmware/BDT.h:104]   --->   Operation 59 'and' 'and_ln104_188' <Predicate = true> <Delay = 0.12> <CoreInst = "LogicGate">   --->   Core 74 'LogicGate' <Latency = 0> <II = 1> <Delay = 0.12> <FuncUnit> <Opcode : 'and' 'or' 'xor'> <InPorts = 2> <OutPorts = 1>
ST_1 : Operation 60 [1/1] (0.12ns)   --->   "%and_ln102_922 = and i1 %icmp_ln86_961, i1 %and_ln104" [firmware/BDT.h:102]   --->   Operation 60 'and' 'and_ln102_922' <Predicate = true> <Delay = 0.12> <CoreInst = "LogicGate">   --->   Core 74 'LogicGate' <Latency = 0> <II = 1> <Delay = 0.12> <FuncUnit> <Opcode : 'and' 'or' 'xor'> <InPorts = 2> <OutPorts = 1>
ST_1 : Operation 61 [1/1] (0.00ns) (grouped into LUT with out node and_ln104_189)   --->   "%xor_ln104_463 = xor i1 %icmp_ln86_961, i1 1" [firmware/BDT.h:104]   --->   Operation 61 'xor' 'xor_ln104_463' <Predicate = true> <Delay = 0.00> <CoreInst = "LogicGate">   --->   Core 74 'LogicGate' <Latency = 0> <II = 1> <Delay = 0.12> <FuncUnit> <Opcode : 'and' 'or' 'xor'> <InPorts = 2> <OutPorts = 1>
ST_1 : Operation 62 [1/1] (0.12ns) (out node of the LUT)   --->   "%and_ln104_189 = and i1 %and_ln104, i1 %xor_ln104_463" [firmware/BDT.h:104]   --->   Operation 62 'and' 'and_ln104_189' <Predicate = true> <Delay = 0.12> <CoreInst = "LogicGate">   --->   Core 74 'LogicGate' <Latency = 0> <II = 1> <Delay = 0.12> <FuncUnit> <Opcode : 'and' 'or' 'xor'> <InPorts = 2> <OutPorts = 1>
ST_1 : Operation 63 [1/1] (0.12ns)   --->   "%and_ln102_925 = and i1 %icmp_ln86_964, i1 %and_ln102_921" [firmware/BDT.h:102]   --->   Operation 63 'and' 'and_ln102_925' <Predicate = true> <Delay = 0.12> <CoreInst = "LogicGate">   --->   Core 74 'LogicGate' <Latency = 0> <II = 1> <Delay = 0.12> <FuncUnit> <Opcode : 'and' 'or' 'xor'> <InPorts = 2> <OutPorts = 1>
ST_1 : Operation 64 [1/1] (0.00ns) (grouped into LUT with out node or_ln117)   --->   "%xor_ln104_466 = xor i1 %icmp_ln86_964, i1 1" [firmware/BDT.h:104]   --->   Operation 64 'xor' 'xor_ln104_466' <Predicate = true> <Delay = 0.00> <CoreInst = "LogicGate">   --->   Core 74 'LogicGate' <Latency = 0> <II = 1> <Delay = 0.12> <FuncUnit> <Opcode : 'and' 'or' 'xor'> <InPorts = 2> <OutPorts = 1>
ST_1 : Operation 65 [1/1] (0.12ns)   --->   "%and_ln102_926 = and i1 %icmp_ln86_965, i1 %and_ln104_188" [firmware/BDT.h:102]   --->   Operation 65 'and' 'and_ln102_926' <Predicate = true> <Delay = 0.12> <CoreInst = "LogicGate">   --->   Core 74 'LogicGate' <Latency = 0> <II = 1> <Delay = 0.12> <FuncUnit> <Opcode : 'and' 'or' 'xor'> <InPorts = 2> <OutPorts = 1>
ST_1 : Operation 66 [1/1] (0.00ns) (grouped into LUT with out node select_ln117_932)   --->   "%xor_ln104_467 = xor i1 %icmp_ln86_965, i1 1" [firmware/BDT.h:104]   --->   Operation 66 'xor' 'xor_ln104_467' <Predicate = true> <Delay = 0.00> <CoreInst = "LogicGate">   --->   Core 74 'LogicGate' <Latency = 0> <II = 1> <Delay = 0.12> <FuncUnit> <Opcode : 'and' 'or' 'xor'> <InPorts = 2> <OutPorts = 1>
ST_1 : Operation 67 [1/1] (0.12ns)   --->   "%and_ln102_927 = and i1 %icmp_ln86_966, i1 %and_ln102_922" [firmware/BDT.h:102]   --->   Operation 67 'and' 'and_ln102_927' <Predicate = true> <Delay = 0.12> <CoreInst = "LogicGate">   --->   Core 74 'LogicGate' <Latency = 0> <II = 1> <Delay = 0.12> <FuncUnit> <Opcode : 'and' 'or' 'xor'> <InPorts = 2> <OutPorts = 1>
ST_1 : Operation 68 [1/1] (0.00ns) (grouped into LUT with out node select_ln117_936)   --->   "%xor_ln104_468 = xor i1 %icmp_ln86_966, i1 1" [firmware/BDT.h:104]   --->   Operation 68 'xor' 'xor_ln104_468' <Predicate = true> <Delay = 0.00> <CoreInst = "LogicGate">   --->   Core 74 'LogicGate' <Latency = 0> <II = 1> <Delay = 0.12> <FuncUnit> <Opcode : 'and' 'or' 'xor'> <InPorts = 2> <OutPorts = 1>
ST_1 : Operation 69 [1/1] (0.12ns)   --->   "%and_ln102_928 = and i1 %icmp_ln86_967, i1 %and_ln104_189" [firmware/BDT.h:102]   --->   Operation 69 'and' 'and_ln102_928' <Predicate = true> <Delay = 0.12> <CoreInst = "LogicGate">   --->   Core 74 'LogicGate' <Latency = 0> <II = 1> <Delay = 0.12> <FuncUnit> <Opcode : 'and' 'or' 'xor'> <InPorts = 2> <OutPorts = 1>
ST_1 : Operation 70 [1/1] (0.00ns) (grouped into LUT with out node select_ln117_940)   --->   "%xor_ln104_469 = xor i1 %icmp_ln86_967, i1 1" [firmware/BDT.h:104]   --->   Operation 70 'xor' 'xor_ln104_469' <Predicate = true> <Delay = 0.00> <CoreInst = "LogicGate">   --->   Core 74 'LogicGate' <Latency = 0> <II = 1> <Delay = 0.12> <FuncUnit> <Opcode : 'and' 'or' 'xor'> <InPorts = 2> <OutPorts = 1>
ST_1 : Operation 71 [1/1] (0.00ns) (grouped into LUT with out node select_ln117_928)   --->   "%and_ln102_933 = and i1 %icmp_ln86_972, i1 %and_ln102_925" [firmware/BDT.h:102]   --->   Operation 71 'and' 'and_ln102_933' <Predicate = true> <Delay = 0.00> <CoreInst = "LogicGate">   --->   Core 74 'LogicGate' <Latency = 0> <II = 1> <Delay = 0.12> <FuncUnit> <Opcode : 'and' 'or' 'xor'> <InPorts = 2> <OutPorts = 1>
ST_1 : Operation 72 [1/1] (0.00ns) (grouped into LUT with out node or_ln117)   --->   "%and_ln102_949 = and i1 %icmp_ln86_973, i1 %xor_ln104_466" [firmware/BDT.h:102]   --->   Operation 72 'and' 'and_ln102_949' <Predicate = true> <Delay = 0.00> <CoreInst = "LogicGate">   --->   Core 74 'LogicGate' <Latency = 0> <II = 1> <Delay = 0.12> <FuncUnit> <Opcode : 'and' 'or' 'xor'> <InPorts = 2> <OutPorts = 1>
ST_1 : Operation 73 [1/1] (0.00ns) (grouped into LUT with out node or_ln117)   --->   "%and_ln102_934 = and i1 %and_ln102_949, i1 %and_ln102_921" [firmware/BDT.h:102]   --->   Operation 73 'and' 'and_ln102_934' <Predicate = true> <Delay = 0.00> <CoreInst = "LogicGate">   --->   Core 74 'LogicGate' <Latency = 0> <II = 1> <Delay = 0.12> <FuncUnit> <Opcode : 'and' 'or' 'xor'> <InPorts = 2> <OutPorts = 1>
ST_1 : Operation 74 [1/1] (0.00ns) (grouped into LUT with out node select_ln117_930)   --->   "%and_ln102_935 = and i1 %icmp_ln86_974, i1 %and_ln102_926" [firmware/BDT.h:102]   --->   Operation 74 'and' 'and_ln102_935' <Predicate = true> <Delay = 0.00> <CoreInst = "LogicGate">   --->   Core 74 'LogicGate' <Latency = 0> <II = 1> <Delay = 0.12> <FuncUnit> <Opcode : 'and' 'or' 'xor'> <InPorts = 2> <OutPorts = 1>
ST_1 : Operation 75 [1/1] (0.00ns) (grouped into LUT with out node select_ln117_932)   --->   "%and_ln102_950 = and i1 %icmp_ln86_975, i1 %xor_ln104_467" [firmware/BDT.h:102]   --->   Operation 75 'and' 'and_ln102_950' <Predicate = true> <Delay = 0.00> <CoreInst = "LogicGate">   --->   Core 74 'LogicGate' <Latency = 0> <II = 1> <Delay = 0.12> <FuncUnit> <Opcode : 'and' 'or' 'xor'> <InPorts = 2> <OutPorts = 1>
ST_1 : Operation 76 [1/1] (0.00ns) (grouped into LUT with out node select_ln117_932)   --->   "%and_ln102_936 = and i1 %and_ln102_950, i1 %and_ln104_188" [firmware/BDT.h:102]   --->   Operation 76 'and' 'and_ln102_936' <Predicate = true> <Delay = 0.00> <CoreInst = "LogicGate">   --->   Core 74 'LogicGate' <Latency = 0> <II = 1> <Delay = 0.12> <FuncUnit> <Opcode : 'and' 'or' 'xor'> <InPorts = 2> <OutPorts = 1>
ST_1 : Operation 77 [1/1] (0.00ns) (grouped into LUT with out node select_ln117_934)   --->   "%and_ln102_937 = and i1 %icmp_ln86_976, i1 %and_ln102_927" [firmware/BDT.h:102]   --->   Operation 77 'and' 'and_ln102_937' <Predicate = true> <Delay = 0.00> <CoreInst = "LogicGate">   --->   Core 74 'LogicGate' <Latency = 0> <II = 1> <Delay = 0.12> <FuncUnit> <Opcode : 'and' 'or' 'xor'> <InPorts = 2> <OutPorts = 1>
ST_1 : Operation 78 [1/1] (0.00ns) (grouped into LUT with out node select_ln117_936)   --->   "%and_ln102_951 = and i1 %icmp_ln86_977, i1 %xor_ln104_468" [firmware/BDT.h:102]   --->   Operation 78 'and' 'and_ln102_951' <Predicate = true> <Delay = 0.00> <CoreInst = "LogicGate">   --->   Core 74 'LogicGate' <Latency = 0> <II = 1> <Delay = 0.12> <FuncUnit> <Opcode : 'and' 'or' 'xor'> <InPorts = 2> <OutPorts = 1>
ST_1 : Operation 79 [1/1] (0.00ns) (grouped into LUT with out node select_ln117_936)   --->   "%and_ln102_938 = and i1 %and_ln102_951, i1 %and_ln102_922" [firmware/BDT.h:102]   --->   Operation 79 'and' 'and_ln102_938' <Predicate = true> <Delay = 0.00> <CoreInst = "LogicGate">   --->   Core 74 'LogicGate' <Latency = 0> <II = 1> <Delay = 0.12> <FuncUnit> <Opcode : 'and' 'or' 'xor'> <InPorts = 2> <OutPorts = 1>
ST_1 : Operation 80 [1/1] (0.00ns) (grouped into LUT with out node select_ln117_938)   --->   "%and_ln102_939 = and i1 %icmp_ln86_978, i1 %and_ln102_928" [firmware/BDT.h:102]   --->   Operation 80 'and' 'and_ln102_939' <Predicate = true> <Delay = 0.00> <CoreInst = "LogicGate">   --->   Core 74 'LogicGate' <Latency = 0> <II = 1> <Delay = 0.12> <FuncUnit> <Opcode : 'and' 'or' 'xor'> <InPorts = 2> <OutPorts = 1>
ST_1 : Operation 81 [1/1] (0.00ns) (grouped into LUT with out node select_ln117_940)   --->   "%and_ln102_952 = and i1 %icmp_ln86_979, i1 %xor_ln104_469" [firmware/BDT.h:102]   --->   Operation 81 'and' 'and_ln102_952' <Predicate = true> <Delay = 0.00> <CoreInst = "LogicGate">   --->   Core 74 'LogicGate' <Latency = 0> <II = 1> <Delay = 0.12> <FuncUnit> <Opcode : 'and' 'or' 'xor'> <InPorts = 2> <OutPorts = 1>
ST_1 : Operation 82 [1/1] (0.00ns) (grouped into LUT with out node select_ln117_940)   --->   "%and_ln102_940 = and i1 %and_ln102_952, i1 %and_ln104_189" [firmware/BDT.h:102]   --->   Operation 82 'and' 'and_ln102_940' <Predicate = true> <Delay = 0.00> <CoreInst = "LogicGate">   --->   Core 74 'LogicGate' <Latency = 0> <II = 1> <Delay = 0.12> <FuncUnit> <Opcode : 'and' 'or' 'xor'> <InPorts = 2> <OutPorts = 1>
ST_1 : Operation 83 [1/1] (0.00ns) (grouped into LUT with out node select_ln117_928)   --->   "%xor_ln117 = xor i1 %and_ln102_933, i1 1" [firmware/BDT.h:117]   --->   Operation 83 'xor' 'xor_ln117' <Predicate = true> <Delay = 0.00> <CoreInst = "LogicGate">   --->   Core 74 'LogicGate' <Latency = 0> <II = 1> <Delay = 0.12> <FuncUnit> <Opcode : 'and' 'or' 'xor'> <InPorts = 2> <OutPorts = 1>
ST_1 : Operation 84 [1/1] (0.00ns) (grouped into LUT with out node select_ln117_928)   --->   "%zext_ln117 = zext i1 %xor_ln117" [firmware/BDT.h:117]   --->   Operation 84 'zext' 'zext_ln117' <Predicate = true> <Delay = 0.00>
ST_1 : Operation 85 [1/1] (0.12ns) (out node of the LUT)   --->   "%or_ln117 = or i1 %and_ln102_925, i1 %and_ln102_934" [firmware/BDT.h:117]   --->   Operation 85 'or' 'or_ln117' <Predicate = true> <Delay = 0.12> <CoreInst = "LogicGate">   --->   Core 74 'LogicGate' <Latency = 0> <II = 1> <Delay = 0.12> <FuncUnit> <Opcode : 'and' 'or' 'xor'> <InPorts = 2> <OutPorts = 1>
ST_1 : Operation 86 [1/1] (0.00ns) (grouped into LUT with out node select_ln117_928)   --->   "%select_ln117 = select i1 %and_ln102_925, i2 %zext_ln117, i2 2" [firmware/BDT.h:117]   --->   Operation 86 'select' 'select_ln117' <Predicate = true> <Delay = 0.00> <CoreInst = "Sel">   --->   Core 73 'Sel' <Latency = 0> <II = 1> <Delay = 0.27> <FuncUnit> <Opcode : 'select'> <InPorts = 3> <OutPorts = 1>
ST_1 : Operation 87 [1/1] (0.00ns) (grouped into LUT with out node select_ln117_928)   --->   "%select_ln117_927 = select i1 %or_ln117, i2 %select_ln117, i2 3" [firmware/BDT.h:117]   --->   Operation 87 'select' 'select_ln117_927' <Predicate = true> <Delay = 0.00> <CoreInst = "Sel">   --->   Core 73 'Sel' <Latency = 0> <II = 1> <Delay = 0.27> <FuncUnit> <Opcode : 'select'> <InPorts = 3> <OutPorts = 1>
ST_1 : Operation 88 [1/1] (0.00ns) (grouped into LUT with out node select_ln117_928)   --->   "%zext_ln117_108 = zext i2 %select_ln117_927" [firmware/BDT.h:117]   --->   Operation 88 'zext' 'zext_ln117_108' <Predicate = true> <Delay = 0.00>
ST_1 : Operation 89 [1/1] (0.00ns) (grouped into LUT with out node select_ln117_930)   --->   "%or_ln117_877 = or i1 %and_ln102_921, i1 %and_ln102_935" [firmware/BDT.h:117]   --->   Operation 89 'or' 'or_ln117_877' <Predicate = true> <Delay = 0.00> <CoreInst = "LogicGate">   --->   Core 74 'LogicGate' <Latency = 0> <II = 1> <Delay = 0.12> <FuncUnit> <Opcode : 'and' 'or' 'xor'> <InPorts = 2> <OutPorts = 1>
ST_1 : Operation 90 [1/1] (0.27ns) (out node of the LUT)   --->   "%select_ln117_928 = select i1 %and_ln102_921, i3 %zext_ln117_108, i3 4" [firmware/BDT.h:117]   --->   Operation 90 'select' 'select_ln117_928' <Predicate = true> <Delay = 0.27> <CoreInst = "Sel">   --->   Core 73 'Sel' <Latency = 0> <II = 1> <Delay = 0.27> <FuncUnit> <Opcode : 'select'> <InPorts = 3> <OutPorts = 1>
ST_1 : Operation 91 [1/1] (0.12ns)   --->   "%or_ln117_878 = or i1 %and_ln102_921, i1 %and_ln102_926" [firmware/BDT.h:117]   --->   Operation 91 'or' 'or_ln117_878' <Predicate = true> <Delay = 0.12> <CoreInst = "LogicGate">   --->   Core 74 'LogicGate' <Latency = 0> <II = 1> <Delay = 0.12> <FuncUnit> <Opcode : 'and' 'or' 'xor'> <InPorts = 2> <OutPorts = 1>
ST_1 : Operation 92 [1/1] (0.00ns) (grouped into LUT with out node select_ln117_930)   --->   "%select_ln117_929 = select i1 %or_ln117_877, i3 %select_ln117_928, i3 5" [firmware/BDT.h:117]   --->   Operation 92 'select' 'select_ln117_929' <Predicate = true> <Delay = 0.00> <CoreInst = "Sel">   --->   Core 73 'Sel' <Latency = 0> <II = 1> <Delay = 0.27> <FuncUnit> <Opcode : 'select'> <InPorts = 3> <OutPorts = 1>
ST_1 : Operation 93 [1/1] (0.00ns) (grouped into LUT with out node select_ln117_932)   --->   "%or_ln117_879 = or i1 %or_ln117_878, i1 %and_ln102_936" [firmware/BDT.h:117]   --->   Operation 93 'or' 'or_ln117_879' <Predicate = true> <Delay = 0.00> <CoreInst = "LogicGate">   --->   Core 74 'LogicGate' <Latency = 0> <II = 1> <Delay = 0.12> <FuncUnit> <Opcode : 'and' 'or' 'xor'> <InPorts = 2> <OutPorts = 1>
ST_1 : Operation 94 [1/1] (0.27ns) (out node of the LUT)   --->   "%select_ln117_930 = select i1 %or_ln117_878, i3 %select_ln117_929, i3 6" [firmware/BDT.h:117]   --->   Operation 94 'select' 'select_ln117_930' <Predicate = true> <Delay = 0.27> <CoreInst = "Sel">   --->   Core 73 'Sel' <Latency = 0> <II = 1> <Delay = 0.27> <FuncUnit> <Opcode : 'select'> <InPorts = 3> <OutPorts = 1>
ST_1 : Operation 95 [1/1] (0.00ns) (grouped into LUT with out node select_ln117_932)   --->   "%select_ln117_931 = select i1 %or_ln117_879, i3 %select_ln117_930, i3 7" [firmware/BDT.h:117]   --->   Operation 95 'select' 'select_ln117_931' <Predicate = true> <Delay = 0.00> <CoreInst = "Sel">   --->   Core 73 'Sel' <Latency = 0> <II = 1> <Delay = 0.27> <FuncUnit> <Opcode : 'select'> <InPorts = 3> <OutPorts = 1>
ST_1 : Operation 96 [1/1] (0.00ns) (grouped into LUT with out node select_ln117_932)   --->   "%zext_ln117_109 = zext i3 %select_ln117_931" [firmware/BDT.h:117]   --->   Operation 96 'zext' 'zext_ln117_109' <Predicate = true> <Delay = 0.00>
ST_1 : Operation 97 [1/1] (0.00ns) (grouped into LUT with out node select_ln117_934)   --->   "%or_ln117_880 = or i1 %and_ln102, i1 %and_ln102_937" [firmware/BDT.h:117]   --->   Operation 97 'or' 'or_ln117_880' <Predicate = true> <Delay = 0.00> <CoreInst = "LogicGate">   --->   Core 74 'LogicGate' <Latency = 0> <II = 1> <Delay = 0.12> <FuncUnit> <Opcode : 'and' 'or' 'xor'> <InPorts = 2> <OutPorts = 1>
ST_1 : Operation 98 [1/1] (0.35ns) (out node of the LUT)   --->   "%select_ln117_932 = select i1 %and_ln102, i4 %zext_ln117_109, i4 8" [firmware/BDT.h:117]   --->   Operation 98 'select' 'select_ln117_932' <Predicate = true> <Delay = 0.35> <CoreInst = "Sel">   --->   Core 73 'Sel' <Latency = 0> <II = 1> <Delay = 0.35> <FuncUnit> <Opcode : 'select'> <InPorts = 3> <OutPorts = 1>
ST_1 : Operation 99 [1/1] (0.12ns)   --->   "%or_ln117_881 = or i1 %and_ln102, i1 %and_ln102_927" [firmware/BDT.h:117]   --->   Operation 99 'or' 'or_ln117_881' <Predicate = true> <Delay = 0.12> <CoreInst = "LogicGate">   --->   Core 74 'LogicGate' <Latency = 0> <II = 1> <Delay = 0.12> <FuncUnit> <Opcode : 'and' 'or' 'xor'> <InPorts = 2> <OutPorts = 1>
ST_1 : Operation 100 [1/1] (0.00ns) (grouped into LUT with out node select_ln117_934)   --->   "%select_ln117_933 = select i1 %or_ln117_880, i4 %select_ln117_932, i4 9" [firmware/BDT.h:117]   --->   Operation 100 'select' 'select_ln117_933' <Predicate = true> <Delay = 0.00> <CoreInst = "Sel">   --->   Core 73 'Sel' <Latency = 0> <II = 1> <Delay = 0.35> <FuncUnit> <Opcode : 'select'> <InPorts = 3> <OutPorts = 1>
ST_1 : Operation 101 [1/1] (0.00ns) (grouped into LUT with out node select_ln117_936)   --->   "%or_ln117_882 = or i1 %or_ln117_881, i1 %and_ln102_938" [firmware/BDT.h:117]   --->   Operation 101 'or' 'or_ln117_882' <Predicate = true> <Delay = 0.00> <CoreInst = "LogicGate">   --->   Core 74 'LogicGate' <Latency = 0> <II = 1> <Delay = 0.12> <FuncUnit> <Opcode : 'and' 'or' 'xor'> <InPorts = 2> <OutPorts = 1>
ST_1 : Operation 102 [1/1] (0.35ns) (out node of the LUT)   --->   "%select_ln117_934 = select i1 %or_ln117_881, i4 %select_ln117_933, i4 10" [firmware/BDT.h:117]   --->   Operation 102 'select' 'select_ln117_934' <Predicate = true> <Delay = 0.35> <CoreInst = "Sel">   --->   Core 73 'Sel' <Latency = 0> <II = 1> <Delay = 0.35> <FuncUnit> <Opcode : 'select'> <InPorts = 3> <OutPorts = 1>
ST_1 : Operation 103 [1/1] (0.12ns)   --->   "%or_ln117_883 = or i1 %and_ln102, i1 %and_ln102_922" [firmware/BDT.h:117]   --->   Operation 103 'or' 'or_ln117_883' <Predicate = true> <Delay = 0.12> <CoreInst = "LogicGate">   --->   Core 74 'LogicGate' <Latency = 0> <II = 1> <Delay = 0.12> <FuncUnit> <Opcode : 'and' 'or' 'xor'> <InPorts = 2> <OutPorts = 1>
ST_1 : Operation 104 [1/1] (0.00ns) (grouped into LUT with out node select_ln117_936)   --->   "%select_ln117_935 = select i1 %or_ln117_882, i4 %select_ln117_934, i4 11" [firmware/BDT.h:117]   --->   Operation 104 'select' 'select_ln117_935' <Predicate = true> <Delay = 0.00> <CoreInst = "Sel">   --->   Core 73 'Sel' <Latency = 0> <II = 1> <Delay = 0.35> <FuncUnit> <Opcode : 'select'> <InPorts = 3> <OutPorts = 1>
ST_1 : Operation 105 [1/1] (0.00ns) (grouped into LUT with out node select_ln117_938)   --->   "%or_ln117_884 = or i1 %or_ln117_883, i1 %and_ln102_939" [firmware/BDT.h:117]   --->   Operation 105 'or' 'or_ln117_884' <Predicate = true> <Delay = 0.00> <CoreInst = "LogicGate">   --->   Core 74 'LogicGate' <Latency = 0> <II = 1> <Delay = 0.12> <FuncUnit> <Opcode : 'and' 'or' 'xor'> <InPorts = 2> <OutPorts = 1>
ST_1 : Operation 106 [1/1] (0.35ns) (out node of the LUT)   --->   "%select_ln117_936 = select i1 %or_ln117_883, i4 %select_ln117_935, i4 12" [firmware/BDT.h:117]   --->   Operation 106 'select' 'select_ln117_936' <Predicate = true> <Delay = 0.35> <CoreInst = "Sel">   --->   Core 73 'Sel' <Latency = 0> <II = 1> <Delay = 0.35> <FuncUnit> <Opcode : 'select'> <InPorts = 3> <OutPorts = 1>
ST_1 : Operation 107 [1/1] (0.12ns)   --->   "%or_ln117_885 = or i1 %or_ln117_883, i1 %and_ln102_928" [firmware/BDT.h:117]   --->   Operation 107 'or' 'or_ln117_885' <Predicate = true> <Delay = 0.12> <CoreInst = "LogicGate">   --->   Core 74 'LogicGate' <Latency = 0> <II = 1> <Delay = 0.12> <FuncUnit> <Opcode : 'and' 'or' 'xor'> <InPorts = 2> <OutPorts = 1>
ST_1 : Operation 108 [1/1] (0.00ns) (grouped into LUT with out node select_ln117_938)   --->   "%select_ln117_937 = select i1 %or_ln117_884, i4 %select_ln117_936, i4 13" [firmware/BDT.h:117]   --->   Operation 108 'select' 'select_ln117_937' <Predicate = true> <Delay = 0.00> <CoreInst = "Sel">   --->   Core 73 'Sel' <Latency = 0> <II = 1> <Delay = 0.35> <FuncUnit> <Opcode : 'select'> <InPorts = 3> <OutPorts = 1>
ST_1 : Operation 109 [1/1] (0.00ns) (grouped into LUT with out node select_ln117_940)   --->   "%or_ln117_886 = or i1 %or_ln117_885, i1 %and_ln102_940" [firmware/BDT.h:117]   --->   Operation 109 'or' 'or_ln117_886' <Predicate = true> <Delay = 0.00> <CoreInst = "LogicGate">   --->   Core 74 'LogicGate' <Latency = 0> <II = 1> <Delay = 0.12> <FuncUnit> <Opcode : 'and' 'or' 'xor'> <InPorts = 2> <OutPorts = 1>
ST_1 : Operation 110 [1/1] (0.35ns) (out node of the LUT)   --->   "%select_ln117_938 = select i1 %or_ln117_885, i4 %select_ln117_937, i4 14" [firmware/BDT.h:117]   --->   Operation 110 'select' 'select_ln117_938' <Predicate = true> <Delay = 0.35> <CoreInst = "Sel">   --->   Core 73 'Sel' <Latency = 0> <II = 1> <Delay = 0.35> <FuncUnit> <Opcode : 'select'> <InPorts = 3> <OutPorts = 1>
ST_1 : Operation 111 [1/1] (0.00ns) (grouped into LUT with out node select_ln117_940)   --->   "%select_ln117_939 = select i1 %or_ln117_886, i4 %select_ln117_938, i4 15" [firmware/BDT.h:117]   --->   Operation 111 'select' 'select_ln117_939' <Predicate = true> <Delay = 0.00> <CoreInst = "Sel">   --->   Core 73 'Sel' <Latency = 0> <II = 1> <Delay = 0.35> <FuncUnit> <Opcode : 'select'> <InPorts = 3> <OutPorts = 1>
ST_1 : Operation 112 [1/1] (0.00ns) (grouped into LUT with out node select_ln117_940)   --->   "%zext_ln117_110 = zext i4 %select_ln117_939" [firmware/BDT.h:117]   --->   Operation 112 'zext' 'zext_ln117_110' <Predicate = true> <Delay = 0.00>
ST_1 : Operation 113 [1/1] (0.35ns) (out node of the LUT)   --->   "%select_ln117_940 = select i1 %icmp_ln86, i5 %zext_ln117_110, i5 16" [firmware/BDT.h:117]   --->   Operation 113 'select' 'select_ln117_940' <Predicate = true> <Delay = 0.35> <CoreInst = "Sel">   --->   Core 73 'Sel' <Latency = 0> <II = 1> <Delay = 0.27> <FuncUnit> <Opcode : 'select'> <InPorts = 3> <OutPorts = 1>

State 2 <SV = 1> <Delay = 3.20>
ST_2 : Operation 114 [1/1] (0.00ns)   --->   "%specpipeline_ln86 = specpipeline void @_ssdm_op_SpecPipeline, i32 1, i32 0, i32 0, i32 0, void @empty_0" [firmware/BDT.h:86]   --->   Operation 114 'specpipeline' 'specpipeline_ln86' <Predicate = true> <Delay = 0.00>
ST_2 : Operation 115 [1/1] (0.12ns)   --->   "%xor_ln104 = xor i1 %icmp_ln86, i1 1" [firmware/BDT.h:104]   --->   Operation 115 'xor' 'xor_ln104' <Predicate = true> <Delay = 0.12> <CoreInst = "LogicGate">   --->   Core 74 'LogicGate' <Latency = 0> <II = 1> <Delay = 0.12> <FuncUnit> <Opcode : 'and' 'or' 'xor'> <InPorts = 2> <OutPorts = 1>
ST_2 : Operation 116 [1/1] (0.12ns)   --->   "%and_ln102_920 = and i1 %icmp_ln86_959, i1 %xor_ln104" [firmware/BDT.h:102]   --->   Operation 116 'and' 'and_ln102_920' <Predicate = true> <Delay = 0.12> <CoreInst = "LogicGate">   --->   Core 74 'LogicGate' <Latency = 0> <II = 1> <Delay = 0.12> <FuncUnit> <Opcode : 'and' 'or' 'xor'> <InPorts = 2> <OutPorts = 1>
ST_2 : Operation 117 [1/1] (0.00ns) (grouped into LUT with out node and_ln104_187)   --->   "%xor_ln104_461 = xor i1 %icmp_ln86_959, i1 1" [firmware/BDT.h:104]   --->   Operation 117 'xor' 'xor_ln104_461' <Predicate = true> <Delay = 0.00> <CoreInst = "LogicGate">   --->   Core 74 'LogicGate' <Latency = 0> <II = 1> <Delay = 0.12> <FuncUnit> <Opcode : 'and' 'or' 'xor'> <InPorts = 2> <OutPorts = 1>
ST_2 : Operation 118 [1/1] (0.12ns) (out node of the LUT)   --->   "%and_ln104_187 = and i1 %xor_ln104_461, i1 %xor_ln104" [firmware/BDT.h:104]   --->   Operation 118 'and' 'and_ln104_187' <Predicate = true> <Delay = 0.12> <CoreInst = "LogicGate">   --->   Core 74 'LogicGate' <Latency = 0> <II = 1> <Delay = 0.12> <FuncUnit> <Opcode : 'and' 'or' 'xor'> <InPorts = 2> <OutPorts = 1>
ST_2 : Operation 119 [1/1] (0.12ns)   --->   "%and_ln102_923 = and i1 %icmp_ln86_962, i1 %and_ln102_920" [firmware/BDT.h:102]   --->   Operation 119 'and' 'and_ln102_923' <Predicate = true> <Delay = 0.12> <CoreInst = "LogicGate">   --->   Core 74 'LogicGate' <Latency = 0> <II = 1> <Delay = 0.12> <FuncUnit> <Opcode : 'and' 'or' 'xor'> <InPorts = 2> <OutPorts = 1>
ST_2 : Operation 120 [1/1] (0.00ns) (grouped into LUT with out node and_ln104_190)   --->   "%xor_ln104_464 = xor i1 %icmp_ln86_962, i1 1" [firmware/BDT.h:104]   --->   Operation 120 'xor' 'xor_ln104_464' <Predicate = true> <Delay = 0.00> <CoreInst = "LogicGate">   --->   Core 74 'LogicGate' <Latency = 0> <II = 1> <Delay = 0.12> <FuncUnit> <Opcode : 'and' 'or' 'xor'> <InPorts = 2> <OutPorts = 1>
ST_2 : Operation 121 [1/1] (0.12ns) (out node of the LUT)   --->   "%and_ln104_190 = and i1 %and_ln102_920, i1 %xor_ln104_464" [firmware/BDT.h:104]   --->   Operation 121 'and' 'and_ln104_190' <Predicate = true> <Delay = 0.12> <CoreInst = "LogicGate">   --->   Core 74 'LogicGate' <Latency = 0> <II = 1> <Delay = 0.12> <FuncUnit> <Opcode : 'and' 'or' 'xor'> <InPorts = 2> <OutPorts = 1>
ST_2 : Operation 122 [1/1] (0.12ns)   --->   "%and_ln102_924 = and i1 %icmp_ln86_963, i1 %and_ln104_187" [firmware/BDT.h:102]   --->   Operation 122 'and' 'and_ln102_924' <Predicate = true> <Delay = 0.12> <CoreInst = "LogicGate">   --->   Core 74 'LogicGate' <Latency = 0> <II = 1> <Delay = 0.12> <FuncUnit> <Opcode : 'and' 'or' 'xor'> <InPorts = 2> <OutPorts = 1>
ST_2 : Operation 123 [1/1] (0.00ns) (grouped into LUT with out node and_ln104_191)   --->   "%xor_ln104_465 = xor i1 %icmp_ln86_963, i1 1" [firmware/BDT.h:104]   --->   Operation 123 'xor' 'xor_ln104_465' <Predicate = true> <Delay = 0.00> <CoreInst = "LogicGate">   --->   Core 74 'LogicGate' <Latency = 0> <II = 1> <Delay = 0.12> <FuncUnit> <Opcode : 'and' 'or' 'xor'> <InPorts = 2> <OutPorts = 1>
ST_2 : Operation 124 [1/1] (0.12ns) (out node of the LUT)   --->   "%and_ln104_191 = and i1 %and_ln104_187, i1 %xor_ln104_465" [firmware/BDT.h:104]   --->   Operation 124 'and' 'and_ln104_191' <Predicate = true> <Delay = 0.12> <CoreInst = "LogicGate">   --->   Core 74 'LogicGate' <Latency = 0> <II = 1> <Delay = 0.12> <FuncUnit> <Opcode : 'and' 'or' 'xor'> <InPorts = 2> <OutPorts = 1>
ST_2 : Operation 125 [1/1] (0.12ns)   --->   "%and_ln102_929 = and i1 %icmp_ln86_968, i1 %and_ln102_923" [firmware/BDT.h:102]   --->   Operation 125 'and' 'and_ln102_929' <Predicate = true> <Delay = 0.12> <CoreInst = "LogicGate">   --->   Core 74 'LogicGate' <Latency = 0> <II = 1> <Delay = 0.12> <FuncUnit> <Opcode : 'and' 'or' 'xor'> <InPorts = 2> <OutPorts = 1>
ST_2 : Operation 126 [1/1] (0.00ns) (grouped into LUT with out node select_ln117_944)   --->   "%xor_ln104_470 = xor i1 %icmp_ln86_968, i1 1" [firmware/BDT.h:104]   --->   Operation 126 'xor' 'xor_ln104_470' <Predicate = true> <Delay = 0.00> <CoreInst = "LogicGate">   --->   Core 74 'LogicGate' <Latency = 0> <II = 1> <Delay = 0.12> <FuncUnit> <Opcode : 'and' 'or' 'xor'> <InPorts = 2> <OutPorts = 1>
ST_2 : Operation 127 [1/1] (0.12ns)   --->   "%and_ln102_930 = and i1 %icmp_ln86_969, i1 %and_ln104_190" [firmware/BDT.h:102]   --->   Operation 127 'and' 'and_ln102_930' <Predicate = true> <Delay = 0.12> <CoreInst = "LogicGate">   --->   Core 74 'LogicGate' <Latency = 0> <II = 1> <Delay = 0.12> <FuncUnit> <Opcode : 'and' 'or' 'xor'> <InPorts = 2> <OutPorts = 1>
ST_2 : Operation 128 [1/1] (0.00ns) (grouped into LUT with out node select_ln117_948)   --->   "%xor_ln104_471 = xor i1 %icmp_ln86_969, i1 1" [firmware/BDT.h:104]   --->   Operation 128 'xor' 'xor_ln104_471' <Predicate = true> <Delay = 0.00> <CoreInst = "LogicGate">   --->   Core 74 'LogicGate' <Latency = 0> <II = 1> <Delay = 0.12> <FuncUnit> <Opcode : 'and' 'or' 'xor'> <InPorts = 2> <OutPorts = 1>
ST_2 : Operation 129 [1/1] (0.12ns)   --->   "%and_ln102_931 = and i1 %icmp_ln86_970, i1 %and_ln102_924" [firmware/BDT.h:102]   --->   Operation 129 'and' 'and_ln102_931' <Predicate = true> <Delay = 0.12> <CoreInst = "LogicGate">   --->   Core 74 'LogicGate' <Latency = 0> <II = 1> <Delay = 0.12> <FuncUnit> <Opcode : 'and' 'or' 'xor'> <InPorts = 2> <OutPorts = 1>
ST_2 : Operation 130 [1/1] (0.00ns) (grouped into LUT with out node select_ln117_952)   --->   "%xor_ln104_472 = xor i1 %icmp_ln86_970, i1 1" [firmware/BDT.h:104]   --->   Operation 130 'xor' 'xor_ln104_472' <Predicate = true> <Delay = 0.00> <CoreInst = "LogicGate">   --->   Core 74 'LogicGate' <Latency = 0> <II = 1> <Delay = 0.12> <FuncUnit> <Opcode : 'and' 'or' 'xor'> <InPorts = 2> <OutPorts = 1>
ST_2 : Operation 131 [1/1] (0.12ns)   --->   "%and_ln102_932 = and i1 %icmp_ln86_971, i1 %and_ln104_191" [firmware/BDT.h:102]   --->   Operation 131 'and' 'and_ln102_932' <Predicate = true> <Delay = 0.12> <CoreInst = "LogicGate">   --->   Core 74 'LogicGate' <Latency = 0> <II = 1> <Delay = 0.12> <FuncUnit> <Opcode : 'and' 'or' 'xor'> <InPorts = 2> <OutPorts = 1>
ST_2 : Operation 132 [1/1] (0.00ns) (grouped into LUT with out node agg_result)   --->   "%xor_ln104_473 = xor i1 %icmp_ln86_971, i1 1" [firmware/BDT.h:104]   --->   Operation 132 'xor' 'xor_ln104_473' <Predicate = true> <Delay = 0.00> <CoreInst = "LogicGate">   --->   Core 74 'LogicGate' <Latency = 0> <II = 1> <Delay = 0.12> <FuncUnit> <Opcode : 'and' 'or' 'xor'> <InPorts = 2> <OutPorts = 1>
ST_2 : Operation 133 [1/1] (0.00ns) (grouped into LUT with out node select_ln117_942)   --->   "%and_ln102_941 = and i1 %icmp_ln86_980, i1 %and_ln102_929" [firmware/BDT.h:102]   --->   Operation 133 'and' 'and_ln102_941' <Predicate = true> <Delay = 0.00> <CoreInst = "LogicGate">   --->   Core 74 'LogicGate' <Latency = 0> <II = 1> <Delay = 0.12> <FuncUnit> <Opcode : 'and' 'or' 'xor'> <InPorts = 2> <OutPorts = 1>
ST_2 : Operation 134 [1/1] (0.00ns) (grouped into LUT with out node select_ln117_944)   --->   "%and_ln102_953 = and i1 %icmp_ln86_981, i1 %xor_ln104_470" [firmware/BDT.h:102]   --->   Operation 134 'and' 'and_ln102_953' <Predicate = true> <Delay = 0.00> <CoreInst = "LogicGate">   --->   Core 74 'LogicGate' <Latency = 0> <II = 1> <Delay = 0.12> <FuncUnit> <Opcode : 'and' 'or' 'xor'> <InPorts = 2> <OutPorts = 1>
ST_2 : Operation 135 [1/1] (0.00ns) (grouped into LUT with out node select_ln117_944)   --->   "%and_ln102_942 = and i1 %and_ln102_953, i1 %and_ln102_923" [firmware/BDT.h:102]   --->   Operation 135 'and' 'and_ln102_942' <Predicate = true> <Delay = 0.00> <CoreInst = "LogicGate">   --->   Core 74 'LogicGate' <Latency = 0> <II = 1> <Delay = 0.12> <FuncUnit> <Opcode : 'and' 'or' 'xor'> <InPorts = 2> <OutPorts = 1>
ST_2 : Operation 136 [1/1] (0.00ns) (grouped into LUT with out node select_ln117_946)   --->   "%and_ln102_943 = and i1 %icmp_ln86_982, i1 %and_ln102_930" [firmware/BDT.h:102]   --->   Operation 136 'and' 'and_ln102_943' <Predicate = true> <Delay = 0.00> <CoreInst = "LogicGate">   --->   Core 74 'LogicGate' <Latency = 0> <II = 1> <Delay = 0.12> <FuncUnit> <Opcode : 'and' 'or' 'xor'> <InPorts = 2> <OutPorts = 1>
ST_2 : Operation 137 [1/1] (0.00ns) (grouped into LUT with out node select_ln117_948)   --->   "%and_ln102_954 = and i1 %icmp_ln86_983, i1 %xor_ln104_471" [firmware/BDT.h:102]   --->   Operation 137 'and' 'and_ln102_954' <Predicate = true> <Delay = 0.00> <CoreInst = "LogicGate">   --->   Core 74 'LogicGate' <Latency = 0> <II = 1> <Delay = 0.12> <FuncUnit> <Opcode : 'and' 'or' 'xor'> <InPorts = 2> <OutPorts = 1>
ST_2 : Operation 138 [1/1] (0.00ns) (grouped into LUT with out node select_ln117_948)   --->   "%and_ln102_944 = and i1 %and_ln102_954, i1 %and_ln104_190" [firmware/BDT.h:102]   --->   Operation 138 'and' 'and_ln102_944' <Predicate = true> <Delay = 0.00> <CoreInst = "LogicGate">   --->   Core 74 'LogicGate' <Latency = 0> <II = 1> <Delay = 0.12> <FuncUnit> <Opcode : 'and' 'or' 'xor'> <InPorts = 2> <OutPorts = 1>
ST_2 : Operation 139 [1/1] (0.00ns) (grouped into LUT with out node select_ln117_950)   --->   "%and_ln102_945 = and i1 %icmp_ln86_984, i1 %and_ln102_931" [firmware/BDT.h:102]   --->   Operation 139 'and' 'and_ln102_945' <Predicate = true> <Delay = 0.00> <CoreInst = "LogicGate">   --->   Core 74 'LogicGate' <Latency = 0> <II = 1> <Delay = 0.12> <FuncUnit> <Opcode : 'and' 'or' 'xor'> <InPorts = 2> <OutPorts = 1>
ST_2 : Operation 140 [1/1] (0.00ns) (grouped into LUT with out node select_ln117_952)   --->   "%and_ln102_955 = and i1 %icmp_ln86_985, i1 %xor_ln104_472" [firmware/BDT.h:102]   --->   Operation 140 'and' 'and_ln102_955' <Predicate = true> <Delay = 0.00> <CoreInst = "LogicGate">   --->   Core 74 'LogicGate' <Latency = 0> <II = 1> <Delay = 0.12> <FuncUnit> <Opcode : 'and' 'or' 'xor'> <InPorts = 2> <OutPorts = 1>
ST_2 : Operation 141 [1/1] (0.00ns) (grouped into LUT with out node select_ln117_952)   --->   "%and_ln102_946 = and i1 %and_ln102_955, i1 %and_ln102_924" [firmware/BDT.h:102]   --->   Operation 141 'and' 'and_ln102_946' <Predicate = true> <Delay = 0.00> <CoreInst = "LogicGate">   --->   Core 74 'LogicGate' <Latency = 0> <II = 1> <Delay = 0.12> <FuncUnit> <Opcode : 'and' 'or' 'xor'> <InPorts = 2> <OutPorts = 1>
ST_2 : Operation 142 [1/1] (0.00ns) (grouped into LUT with out node select_ln117_954)   --->   "%and_ln102_947 = and i1 %icmp_ln86_986, i1 %and_ln102_932" [firmware/BDT.h:102]   --->   Operation 142 'and' 'and_ln102_947' <Predicate = true> <Delay = 0.00> <CoreInst = "LogicGate">   --->   Core 74 'LogicGate' <Latency = 0> <II = 1> <Delay = 0.12> <FuncUnit> <Opcode : 'and' 'or' 'xor'> <InPorts = 2> <OutPorts = 1>
ST_2 : Operation 143 [1/1] (0.00ns) (grouped into LUT with out node agg_result)   --->   "%and_ln102_956 = and i1 %icmp_ln86_987, i1 %xor_ln104_473" [firmware/BDT.h:102]   --->   Operation 143 'and' 'and_ln102_956' <Predicate = true> <Delay = 0.00> <CoreInst = "LogicGate">   --->   Core 74 'LogicGate' <Latency = 0> <II = 1> <Delay = 0.12> <FuncUnit> <Opcode : 'and' 'or' 'xor'> <InPorts = 2> <OutPorts = 1>
ST_2 : Operation 144 [1/1] (0.00ns) (grouped into LUT with out node agg_result)   --->   "%and_ln102_948 = and i1 %and_ln102_956, i1 %and_ln104_191" [firmware/BDT.h:102]   --->   Operation 144 'and' 'and_ln102_948' <Predicate = true> <Delay = 0.00> <CoreInst = "LogicGate">   --->   Core 74 'LogicGate' <Latency = 0> <II = 1> <Delay = 0.12> <FuncUnit> <Opcode : 'and' 'or' 'xor'> <InPorts = 2> <OutPorts = 1>
ST_2 : Operation 145 [1/1] (0.00ns) (grouped into LUT with out node select_ln117_942)   --->   "%or_ln117_887 = or i1 %icmp_ln86, i1 %and_ln102_941" [firmware/BDT.h:117]   --->   Operation 145 'or' 'or_ln117_887' <Predicate = true> <Delay = 0.00> <CoreInst = "LogicGate">   --->   Core 74 'LogicGate' <Latency = 0> <II = 1> <Delay = 0.12> <FuncUnit> <Opcode : 'and' 'or' 'xor'> <InPorts = 2> <OutPorts = 1>
ST_2 : Operation 146 [1/1] (0.12ns)   --->   "%or_ln117_888 = or i1 %icmp_ln86, i1 %and_ln102_929" [firmware/BDT.h:117]   --->   Operation 146 'or' 'or_ln117_888' <Predicate = true> <Delay = 0.12> <CoreInst = "LogicGate">   --->   Core 74 'LogicGate' <Latency = 0> <II = 1> <Delay = 0.12> <FuncUnit> <Opcode : 'and' 'or' 'xor'> <InPorts = 2> <OutPorts = 1>
ST_2 : Operation 147 [1/1] (0.00ns) (grouped into LUT with out node select_ln117_942)   --->   "%select_ln117_941 = select i1 %or_ln117_887, i5 %select_ln117_940, i5 17" [firmware/BDT.h:117]   --->   Operation 147 'select' 'select_ln117_941' <Predicate = true> <Delay = 0.00> <CoreInst = "Sel">   --->   Core 73 'Sel' <Latency = 0> <II = 1> <Delay = 0.27> <FuncUnit> <Opcode : 'select'> <InPorts = 3> <OutPorts = 1>
ST_2 : Operation 148 [1/1] (0.00ns) (grouped into LUT with out node select_ln117_944)   --->   "%or_ln117_889 = or i1 %or_ln117_888, i1 %and_ln102_942" [firmware/BDT.h:117]   --->   Operation 148 'or' 'or_ln117_889' <Predicate = true> <Delay = 0.00> <CoreInst = "LogicGate">   --->   Core 74 'LogicGate' <Latency = 0> <II = 1> <Delay = 0.12> <FuncUnit> <Opcode : 'and' 'or' 'xor'> <InPorts = 2> <OutPorts = 1>
ST_2 : Operation 149 [1/1] (0.27ns) (out node of the LUT)   --->   "%select_ln117_942 = select i1 %or_ln117_888, i5 %select_ln117_941, i5 18" [firmware/BDT.h:117]   --->   Operation 149 'select' 'select_ln117_942' <Predicate = true> <Delay = 0.27> <CoreInst = "Sel">   --->   Core 73 'Sel' <Latency = 0> <II = 1> <Delay = 0.27> <FuncUnit> <Opcode : 'select'> <InPorts = 3> <OutPorts = 1>
ST_2 : Operation 150 [1/1] (0.12ns)   --->   "%or_ln117_890 = or i1 %icmp_ln86, i1 %and_ln102_923" [firmware/BDT.h:117]   --->   Operation 150 'or' 'or_ln117_890' <Predicate = true> <Delay = 0.12> <CoreInst = "LogicGate">   --->   Core 74 'LogicGate' <Latency = 0> <II = 1> <Delay = 0.12> <FuncUnit> <Opcode : 'and' 'or' 'xor'> <InPorts = 2> <OutPorts = 1>
ST_2 : Operation 151 [1/1] (0.00ns) (grouped into LUT with out node select_ln117_944)   --->   "%select_ln117_943 = select i1 %or_ln117_889, i5 %select_ln117_942, i5 19" [firmware/BDT.h:117]   --->   Operation 151 'select' 'select_ln117_943' <Predicate = true> <Delay = 0.00> <CoreInst = "Sel">   --->   Core 73 'Sel' <Latency = 0> <II = 1> <Delay = 0.27> <FuncUnit> <Opcode : 'select'> <InPorts = 3> <OutPorts = 1>
ST_2 : Operation 152 [1/1] (0.00ns) (grouped into LUT with out node select_ln117_946)   --->   "%or_ln117_891 = or i1 %or_ln117_890, i1 %and_ln102_943" [firmware/BDT.h:117]   --->   Operation 152 'or' 'or_ln117_891' <Predicate = true> <Delay = 0.00> <CoreInst = "LogicGate">   --->   Core 74 'LogicGate' <Latency = 0> <II = 1> <Delay = 0.12> <FuncUnit> <Opcode : 'and' 'or' 'xor'> <InPorts = 2> <OutPorts = 1>
ST_2 : Operation 153 [1/1] (0.27ns) (out node of the LUT)   --->   "%select_ln117_944 = select i1 %or_ln117_890, i5 %select_ln117_943, i5 20" [firmware/BDT.h:117]   --->   Operation 153 'select' 'select_ln117_944' <Predicate = true> <Delay = 0.27> <CoreInst = "Sel">   --->   Core 73 'Sel' <Latency = 0> <II = 1> <Delay = 0.27> <FuncUnit> <Opcode : 'select'> <InPorts = 3> <OutPorts = 1>
ST_2 : Operation 154 [1/1] (0.12ns)   --->   "%or_ln117_892 = or i1 %or_ln117_890, i1 %and_ln102_930" [firmware/BDT.h:117]   --->   Operation 154 'or' 'or_ln117_892' <Predicate = true> <Delay = 0.12> <CoreInst = "LogicGate">   --->   Core 74 'LogicGate' <Latency = 0> <II = 1> <Delay = 0.12> <FuncUnit> <Opcode : 'and' 'or' 'xor'> <InPorts = 2> <OutPorts = 1>
ST_2 : Operation 155 [1/1] (0.00ns) (grouped into LUT with out node select_ln117_946)   --->   "%select_ln117_945 = select i1 %or_ln117_891, i5 %select_ln117_944, i5 21" [firmware/BDT.h:117]   --->   Operation 155 'select' 'select_ln117_945' <Predicate = true> <Delay = 0.00> <CoreInst = "Sel">   --->   Core 73 'Sel' <Latency = 0> <II = 1> <Delay = 0.27> <FuncUnit> <Opcode : 'select'> <InPorts = 3> <OutPorts = 1>
ST_2 : Operation 156 [1/1] (0.00ns) (grouped into LUT with out node select_ln117_948)   --->   "%or_ln117_893 = or i1 %or_ln117_892, i1 %and_ln102_944" [firmware/BDT.h:117]   --->   Operation 156 'or' 'or_ln117_893' <Predicate = true> <Delay = 0.00> <CoreInst = "LogicGate">   --->   Core 74 'LogicGate' <Latency = 0> <II = 1> <Delay = 0.12> <FuncUnit> <Opcode : 'and' 'or' 'xor'> <InPorts = 2> <OutPorts = 1>
ST_2 : Operation 157 [1/1] (0.27ns) (out node of the LUT)   --->   "%select_ln117_946 = select i1 %or_ln117_892, i5 %select_ln117_945, i5 22" [firmware/BDT.h:117]   --->   Operation 157 'select' 'select_ln117_946' <Predicate = true> <Delay = 0.27> <CoreInst = "Sel">   --->   Core 73 'Sel' <Latency = 0> <II = 1> <Delay = 0.27> <FuncUnit> <Opcode : 'select'> <InPorts = 3> <OutPorts = 1>
ST_2 : Operation 158 [1/1] (0.12ns)   --->   "%or_ln117_894 = or i1 %icmp_ln86, i1 %and_ln102_920" [firmware/BDT.h:117]   --->   Operation 158 'or' 'or_ln117_894' <Predicate = true> <Delay = 0.12> <CoreInst = "LogicGate">   --->   Core 74 'LogicGate' <Latency = 0> <II = 1> <Delay = 0.12> <FuncUnit> <Opcode : 'and' 'or' 'xor'> <InPorts = 2> <OutPorts = 1>
ST_2 : Operation 159 [1/1] (0.00ns) (grouped into LUT with out node select_ln117_948)   --->   "%select_ln117_947 = select i1 %or_ln117_893, i5 %select_ln117_946, i5 23" [firmware/BDT.h:117]   --->   Operation 159 'select' 'select_ln117_947' <Predicate = true> <Delay = 0.00> <CoreInst = "Sel">   --->   Core 73 'Sel' <Latency = 0> <II = 1> <Delay = 0.27> <FuncUnit> <Opcode : 'select'> <InPorts = 3> <OutPorts = 1>
ST_2 : Operation 160 [1/1] (0.00ns) (grouped into LUT with out node select_ln117_950)   --->   "%or_ln117_895 = or i1 %or_ln117_894, i1 %and_ln102_945" [firmware/BDT.h:117]   --->   Operation 160 'or' 'or_ln117_895' <Predicate = true> <Delay = 0.00> <CoreInst = "LogicGate">   --->   Core 74 'LogicGate' <Latency = 0> <II = 1> <Delay = 0.12> <FuncUnit> <Opcode : 'and' 'or' 'xor'> <InPorts = 2> <OutPorts = 1>
ST_2 : Operation 161 [1/1] (0.27ns) (out node of the LUT)   --->   "%select_ln117_948 = select i1 %or_ln117_894, i5 %select_ln117_947, i5 24" [firmware/BDT.h:117]   --->   Operation 161 'select' 'select_ln117_948' <Predicate = true> <Delay = 0.27> <CoreInst = "Sel">   --->   Core 73 'Sel' <Latency = 0> <II = 1> <Delay = 0.27> <FuncUnit> <Opcode : 'select'> <InPorts = 3> <OutPorts = 1>
ST_2 : Operation 162 [1/1] (0.12ns)   --->   "%or_ln117_896 = or i1 %or_ln117_894, i1 %and_ln102_931" [firmware/BDT.h:117]   --->   Operation 162 'or' 'or_ln117_896' <Predicate = true> <Delay = 0.12> <CoreInst = "LogicGate">   --->   Core 74 'LogicGate' <Latency = 0> <II = 1> <Delay = 0.12> <FuncUnit> <Opcode : 'and' 'or' 'xor'> <InPorts = 2> <OutPorts = 1>
ST_2 : Operation 163 [1/1] (0.00ns) (grouped into LUT with out node select_ln117_950)   --->   "%select_ln117_949 = select i1 %or_ln117_895, i5 %select_ln117_948, i5 25" [firmware/BDT.h:117]   --->   Operation 163 'select' 'select_ln117_949' <Predicate = true> <Delay = 0.00> <CoreInst = "Sel">   --->   Core 73 'Sel' <Latency = 0> <II = 1> <Delay = 0.27> <FuncUnit> <Opcode : 'select'> <InPorts = 3> <OutPorts = 1>
ST_2 : Operation 164 [1/1] (0.00ns) (grouped into LUT with out node select_ln117_952)   --->   "%or_ln117_897 = or i1 %or_ln117_896, i1 %and_ln102_946" [firmware/BDT.h:117]   --->   Operation 164 'or' 'or_ln117_897' <Predicate = true> <Delay = 0.00> <CoreInst = "LogicGate">   --->   Core 74 'LogicGate' <Latency = 0> <II = 1> <Delay = 0.12> <FuncUnit> <Opcode : 'and' 'or' 'xor'> <InPorts = 2> <OutPorts = 1>
ST_2 : Operation 165 [1/1] (0.27ns) (out node of the LUT)   --->   "%select_ln117_950 = select i1 %or_ln117_896, i5 %select_ln117_949, i5 26" [firmware/BDT.h:117]   --->   Operation 165 'select' 'select_ln117_950' <Predicate = true> <Delay = 0.27> <CoreInst = "Sel">   --->   Core 73 'Sel' <Latency = 0> <II = 1> <Delay = 0.27> <FuncUnit> <Opcode : 'select'> <InPorts = 3> <OutPorts = 1>
ST_2 : Operation 166 [1/1] (0.12ns)   --->   "%or_ln117_898 = or i1 %or_ln117_894, i1 %and_ln102_924" [firmware/BDT.h:117]   --->   Operation 166 'or' 'or_ln117_898' <Predicate = true> <Delay = 0.12> <CoreInst = "LogicGate">   --->   Core 74 'LogicGate' <Latency = 0> <II = 1> <Delay = 0.12> <FuncUnit> <Opcode : 'and' 'or' 'xor'> <InPorts = 2> <OutPorts = 1>
ST_2 : Operation 167 [1/1] (0.00ns) (grouped into LUT with out node select_ln117_952)   --->   "%select_ln117_951 = select i1 %or_ln117_897, i5 %select_ln117_950, i5 27" [firmware/BDT.h:117]   --->   Operation 167 'select' 'select_ln117_951' <Predicate = true> <Delay = 0.00> <CoreInst = "Sel">   --->   Core 73 'Sel' <Latency = 0> <II = 1> <Delay = 0.27> <FuncUnit> <Opcode : 'select'> <InPorts = 3> <OutPorts = 1>
ST_2 : Operation 168 [1/1] (0.00ns) (grouped into LUT with out node select_ln117_954)   --->   "%or_ln117_899 = or i1 %or_ln117_898, i1 %and_ln102_947" [firmware/BDT.h:117]   --->   Operation 168 'or' 'or_ln117_899' <Predicate = true> <Delay = 0.00> <CoreInst = "LogicGate">   --->   Core 74 'LogicGate' <Latency = 0> <II = 1> <Delay = 0.12> <FuncUnit> <Opcode : 'and' 'or' 'xor'> <InPorts = 2> <OutPorts = 1>
ST_2 : Operation 169 [1/1] (0.27ns) (out node of the LUT)   --->   "%select_ln117_952 = select i1 %or_ln117_898, i5 %select_ln117_951, i5 28" [firmware/BDT.h:117]   --->   Operation 169 'select' 'select_ln117_952' <Predicate = true> <Delay = 0.27> <CoreInst = "Sel">   --->   Core 73 'Sel' <Latency = 0> <II = 1> <Delay = 0.27> <FuncUnit> <Opcode : 'select'> <InPorts = 3> <OutPorts = 1>
ST_2 : Operation 170 [1/1] (0.12ns)   --->   "%or_ln117_900 = or i1 %or_ln117_898, i1 %and_ln102_932" [firmware/BDT.h:117]   --->   Operation 170 'or' 'or_ln117_900' <Predicate = true> <Delay = 0.12> <CoreInst = "LogicGate">   --->   Core 74 'LogicGate' <Latency = 0> <II = 1> <Delay = 0.12> <FuncUnit> <Opcode : 'and' 'or' 'xor'> <InPorts = 2> <OutPorts = 1>
ST_2 : Operation 171 [1/1] (0.00ns) (grouped into LUT with out node select_ln117_954)   --->   "%select_ln117_953 = select i1 %or_ln117_899, i5 %select_ln117_952, i5 29" [firmware/BDT.h:117]   --->   Operation 171 'select' 'select_ln117_953' <Predicate = true> <Delay = 0.00> <CoreInst = "Sel">   --->   Core 73 'Sel' <Latency = 0> <II = 1> <Delay = 0.27> <FuncUnit> <Opcode : 'select'> <InPorts = 3> <OutPorts = 1>
ST_2 : Operation 172 [1/1] (0.00ns) (grouped into LUT with out node agg_result)   --->   "%or_ln117_901 = or i1 %or_ln117_900, i1 %and_ln102_948" [firmware/BDT.h:117]   --->   Operation 172 'or' 'or_ln117_901' <Predicate = true> <Delay = 0.00> <CoreInst = "LogicGate">   --->   Core 74 'LogicGate' <Latency = 0> <II = 1> <Delay = 0.12> <FuncUnit> <Opcode : 'and' 'or' 'xor'> <InPorts = 2> <OutPorts = 1>
ST_2 : Operation 173 [1/1] (0.27ns) (out node of the LUT)   --->   "%select_ln117_954 = select i1 %or_ln117_900, i5 %select_ln117_953, i5 30" [firmware/BDT.h:117]   --->   Operation 173 'select' 'select_ln117_954' <Predicate = true> <Delay = 0.27> <CoreInst = "Sel">   --->   Core 73 'Sel' <Latency = 0> <II = 1> <Delay = 0.27> <FuncUnit> <Opcode : 'select'> <InPorts = 3> <OutPorts = 1>
ST_2 : Operation 174 [1/1] (0.00ns) (grouped into LUT with out node agg_result)   --->   "%select_ln117_955 = select i1 %or_ln117_901, i5 %select_ln117_954, i5 31" [firmware/BDT.h:117]   --->   Operation 174 'select' 'select_ln117_955' <Predicate = true> <Delay = 0.00> <CoreInst = "Sel">   --->   Core 73 'Sel' <Latency = 0> <II = 1> <Delay = 0.27> <FuncUnit> <Opcode : 'select'> <InPorts = 3> <OutPorts = 1>
ST_2 : Operation 175 [1/1] (0.65ns) (out node of the LUT)   --->   "%agg_result = sparsemux i13 @_ssdm_op_SparseMux.ap_auto.32i13.i13.i5, i5 0, i13 884, i5 1, i13 7887, i5 2, i13 87, i5 3, i13 6982, i5 4, i13 2, i5 5, i13 608, i5 6, i13 12, i5 7, i13 8154, i5 8, i13 46, i5 9, i13 7841, i5 10, i13 8087, i5 11, i13 1417, i5 12, i13 3258, i5 13, i13 7850, i5 14, i13 8114, i5 15, i13 52, i5 16, i13 8116, i5 17, i13 7574, i5 18, i13 8075, i5 19, i13 97, i5 20, i13 7889, i5 21, i13 1539, i5 22, i13 7726, i5 23, i13 498, i5 24, i13 7833, i5 25, i13 417, i5 26, i13 1171, i5 27, i13 7737, i5 28, i13 7745, i5 29, i13 86, i5 30, i13 7873, i5 31, i13 715, i13 0, i5 %select_ln117_955" [firmware/BDT.h:118]   --->   Operation 175 'sparsemux' 'agg_result' <Predicate = true> <Delay = 0.65> <CoreInst = "SparseMux">   --->   Core 144 'SparseMux' <Latency = 0> <II = 1> <Delay = 0.65> <FuncUnit> <Opcode : 'sparsemux'> <InPorts = 2> <OutPorts = 1>
ST_2 : Operation 176 [1/1] (0.00ns)   --->   "%ret_ln122 = ret i13 %agg_result" [firmware/BDT.h:122]   --->   Operation 176 'ret' 'ret_ln122' <Predicate = true> <Delay = 0.00>


============================================================
+ Verbose Summary: Timing violations
============================================================
Target clock period: 5.000ns, clock uncertainty: 1.350ns.

 <State 1>: 3.596ns
The critical path consists of the following:
	wire read operation ('x_11_val_read', firmware/BDT.h:86) on port 'x_11_val' (firmware/BDT.h:86) [33]  (0.000 ns)
	'icmp' operation 1 bit ('icmp_ln86_958', firmware/BDT.h:86) [41]  (0.797 ns)
	'and' operation 1 bit ('and_ln102', firmware/BDT.h:102) [73]  (0.122 ns)
	'and' operation 1 bit ('and_ln102_921', firmware/BDT.h:102) [79]  (0.122 ns)
	'and' operation 1 bit ('and_ln102_925', firmware/BDT.h:102) [91]  (0.122 ns)
	'or' operation 1 bit ('or_ln117', firmware/BDT.h:117) [133]  (0.122 ns)
	'select' operation 2 bit ('select_ln117_927', firmware/BDT.h:117) [135]  (0.000 ns)
	'select' operation 3 bit ('select_ln117_928', firmware/BDT.h:117) [138]  (0.278 ns)
	'select' operation 3 bit ('select_ln117_929', firmware/BDT.h:117) [140]  (0.000 ns)
	'select' operation 3 bit ('select_ln117_930', firmware/BDT.h:117) [142]  (0.278 ns)
	'select' operation 3 bit ('select_ln117_931', firmware/BDT.h:117) [143]  (0.000 ns)
	'select' operation 4 bit ('select_ln117_932', firmware/BDT.h:117) [146]  (0.351 ns)
	'select' operation 4 bit ('select_ln117_933', firmware/BDT.h:117) [148]  (0.000 ns)
	'select' operation 4 bit ('select_ln117_934', firmware/BDT.h:117) [150]  (0.351 ns)
	'select' operation 4 bit ('select_ln117_935', firmware/BDT.h:117) [152]  (0.000 ns)
	'select' operation 4 bit ('select_ln117_936', firmware/BDT.h:117) [154]  (0.351 ns)
	'select' operation 4 bit ('select_ln117_937', firmware/BDT.h:117) [156]  (0.000 ns)
	'select' operation 4 bit ('select_ln117_938', firmware/BDT.h:117) [158]  (0.351 ns)
	'select' operation 4 bit ('select_ln117_939', firmware/BDT.h:117) [159]  (0.000 ns)
	'select' operation 5 bit ('select_ln117_940', firmware/BDT.h:117) [162]  (0.351 ns)

 <State 2>: 3.210ns
The critical path consists of the following:
	'xor' operation 1 bit ('xor_ln104', firmware/BDT.h:104) [72]  (0.122 ns)
	'and' operation 1 bit ('and_ln102_920', firmware/BDT.h:102) [76]  (0.122 ns)
	'and' operation 1 bit ('and_ln102_923', firmware/BDT.h:102) [85]  (0.122 ns)
	'and' operation 1 bit ('and_ln102_929', firmware/BDT.h:102) [99]  (0.122 ns)
	'or' operation 1 bit ('or_ln117_888', firmware/BDT.h:117) [163]  (0.122 ns)
	'select' operation 5 bit ('select_ln117_942', firmware/BDT.h:117) [166]  (0.278 ns)
	'select' operation 5 bit ('select_ln117_943', firmware/BDT.h:117) [168]  (0.000 ns)
	'select' operation 5 bit ('select_ln117_944', firmware/BDT.h:117) [170]  (0.278 ns)
	'select' operation 5 bit ('select_ln117_945', firmware/BDT.h:117) [172]  (0.000 ns)
	'select' operation 5 bit ('select_ln117_946', firmware/BDT.h:117) [174]  (0.278 ns)
	'select' operation 5 bit ('select_ln117_947', firmware/BDT.h:117) [176]  (0.000 ns)
	'select' operation 5 bit ('select_ln117_948', firmware/BDT.h:117) [178]  (0.278 ns)
	'select' operation 5 bit ('select_ln117_949', firmware/BDT.h:117) [180]  (0.000 ns)
	'select' operation 5 bit ('select_ln117_950', firmware/BDT.h:117) [182]  (0.278 ns)
	'select' operation 5 bit ('select_ln117_951', firmware/BDT.h:117) [184]  (0.000 ns)
	'select' operation 5 bit ('select_ln117_952', firmware/BDT.h:117) [186]  (0.278 ns)
	'select' operation 5 bit ('select_ln117_953', firmware/BDT.h:117) [188]  (0.000 ns)
	'select' operation 5 bit ('select_ln117_954', firmware/BDT.h:117) [190]  (0.278 ns)
	'select' operation 5 bit ('select_ln117_955', firmware/BDT.h:117) [191]  (0.000 ns)
	'sparsemux' operation 13 bit ('agg_result', firmware/BDT.h:118) [192]  (0.654 ns)


============================================================
+ Verbose Summary: Binding
============================================================
N/A
* FSMD analyzer results:
  - Output states:
 - Input state : 
  - Chain level:
	State 1
	State 2


============================================================
+ Verbose Summary: Datapath Resource usage 
============================================================
N/A
