

================================================================
== Vitis HLS Report for 'decision_function_26'
================================================================
* Date:           Thu Jan 23 13:40:39 2025

* Version:        2024.1 (Build 5069499 on May 21 2024)
* Project:        my_prj
* Solution:       solution1 (Vivado IP Flow Target)
* Product family: virtexuplus
* Target device:  xcu250-figd2104-2L-e


================================================================
== Performance Estimates
================================================================
+ Timing: 
    * Summary: 
    +--------+---------+----------+------------+
    |  Clock |  Target | Estimated| Uncertainty|
    +--------+---------+----------+------------+
    |ap_clk  |  5.00 ns|  3.401 ns|     1.35 ns|
    +--------+---------+----------+------------+

+ Latency: 
    * Summary: 
    +---------+---------+----------+----------+-----+-----+---------+
    |  Latency (cycles) |  Latency (absolute) |  Interval | Pipeline|
    |   min   |   max   |    min   |    max   | min | max |   Type  |
    +---------+---------+----------+----------+-----+-----+---------+
    |        1|        1|  5.000 ns|  5.000 ns|    1|    1|      yes|
    +---------+---------+----------+----------+-----+-----+---------+

    + Detail: 
        * Instance: 
        N/A

        * Loop: 
        N/A

============================================================
+ Verbose Summary: Synthesis Manager
============================================================
InlineROM: 1
ExposeGlobal: 0
============================================================
+ Verbose Summary: CDFG Model
============================================================
IsTopModel: 0
ResetActiveHigh: 1
IsCombinational: 0
IsDatapathOnly: 0
HasWiredReturn: 1
HasMFsm: 2
HasVarLatency: 0
IsPipeline: 1
IsRtlPipelined: 1
IsInstanceOverlapped: 0
IsDontTouch: 0
HasImplIP: 0
IsGatedGlobalClock: 0

+ Individual pipeline summary: 
  * Pipeline-0: initiation interval (II) = 1, depth = 2


============================================================
+ Verbose Summary: Schedule
============================================================
* Number of FSM states : 2
* Pipeline : 1
  Pipeline-0 : II = 1, D = 2, States = { 1 2 }
* Dataflow Pipeline: 0

* FSM state transitions: 
1 --> 2 
2 --> 

* FSM state operations: 

State 1 <SV = 0> <Delay = 3.40>
ST_1 : Operation 3 [1/1] (0.00ns)   --->   "%x_49_val_read = read i18 @_ssdm_op_Read.ap_auto.i18, i18 %x_49_val" [firmware/BDT.h:86]   --->   Operation 3 'read' 'x_49_val_read' <Predicate = true> <Delay = 0.00>
ST_1 : Operation 4 [1/1] (0.00ns)   --->   "%x_48_val_read = read i18 @_ssdm_op_Read.ap_auto.i18, i18 %x_48_val" [firmware/BDT.h:86]   --->   Operation 4 'read' 'x_48_val_read' <Predicate = true> <Delay = 0.00>
ST_1 : Operation 5 [1/1] (0.00ns)   --->   "%x_46_val_read = read i18 @_ssdm_op_Read.ap_auto.i18, i18 %x_46_val" [firmware/BDT.h:86]   --->   Operation 5 'read' 'x_46_val_read' <Predicate = true> <Delay = 0.00>
ST_1 : Operation 6 [1/1] (0.00ns)   --->   "%x_43_val_read = read i18 @_ssdm_op_Read.ap_auto.i18, i18 %x_43_val" [firmware/BDT.h:86]   --->   Operation 6 'read' 'x_43_val_read' <Predicate = true> <Delay = 0.00>
ST_1 : Operation 7 [1/1] (0.00ns)   --->   "%x_40_val_read = read i18 @_ssdm_op_Read.ap_auto.i18, i18 %x_40_val" [firmware/BDT.h:86]   --->   Operation 7 'read' 'x_40_val_read' <Predicate = true> <Delay = 0.00>
ST_1 : Operation 8 [1/1] (0.00ns)   --->   "%x_35_val_read = read i18 @_ssdm_op_Read.ap_auto.i18, i18 %x_35_val" [firmware/BDT.h:86]   --->   Operation 8 'read' 'x_35_val_read' <Predicate = true> <Delay = 0.00>
ST_1 : Operation 9 [1/1] (0.00ns)   --->   "%x_34_val_read = read i18 @_ssdm_op_Read.ap_auto.i18, i18 %x_34_val" [firmware/BDT.h:86]   --->   Operation 9 'read' 'x_34_val_read' <Predicate = true> <Delay = 0.00>
ST_1 : Operation 10 [1/1] (0.00ns)   --->   "%x_33_val_read = read i18 @_ssdm_op_Read.ap_auto.i18, i18 %x_33_val" [firmware/BDT.h:86]   --->   Operation 10 'read' 'x_33_val_read' <Predicate = true> <Delay = 0.00>
ST_1 : Operation 11 [1/1] (0.00ns)   --->   "%x_32_val_read = read i18 @_ssdm_op_Read.ap_auto.i18, i18 %x_32_val" [firmware/BDT.h:86]   --->   Operation 11 'read' 'x_32_val_read' <Predicate = true> <Delay = 0.00>
ST_1 : Operation 12 [1/1] (0.00ns)   --->   "%x_29_val_read = read i18 @_ssdm_op_Read.ap_auto.i18, i18 %x_29_val" [firmware/BDT.h:86]   --->   Operation 12 'read' 'x_29_val_read' <Predicate = true> <Delay = 0.00>
ST_1 : Operation 13 [1/1] (0.00ns)   --->   "%x_23_val_read = read i18 @_ssdm_op_Read.ap_auto.i18, i18 %x_23_val" [firmware/BDT.h:86]   --->   Operation 13 'read' 'x_23_val_read' <Predicate = true> <Delay = 0.00>
ST_1 : Operation 14 [1/1] (0.00ns)   --->   "%x_21_val_read = read i18 @_ssdm_op_Read.ap_auto.i18, i18 %x_21_val" [firmware/BDT.h:86]   --->   Operation 14 'read' 'x_21_val_read' <Predicate = true> <Delay = 0.00>
ST_1 : Operation 15 [1/1] (0.00ns)   --->   "%x_13_val_read = read i18 @_ssdm_op_Read.ap_auto.i18, i18 %x_13_val" [firmware/BDT.h:86]   --->   Operation 15 'read' 'x_13_val_read' <Predicate = true> <Delay = 0.00>
ST_1 : Operation 16 [1/1] (0.00ns)   --->   "%x_11_val_read = read i18 @_ssdm_op_Read.ap_auto.i18, i18 %x_11_val" [firmware/BDT.h:86]   --->   Operation 16 'read' 'x_11_val_read' <Predicate = true> <Delay = 0.00>
ST_1 : Operation 17 [1/1] (0.00ns)   --->   "%x_10_val_read = read i18 @_ssdm_op_Read.ap_auto.i18, i18 %x_10_val" [firmware/BDT.h:86]   --->   Operation 17 'read' 'x_10_val_read' <Predicate = true> <Delay = 0.00>
ST_1 : Operation 18 [1/1] (0.00ns)   --->   "%x_9_val_read = read i18 @_ssdm_op_Read.ap_auto.i18, i18 %x_9_val" [firmware/BDT.h:86]   --->   Operation 18 'read' 'x_9_val_read' <Predicate = true> <Delay = 0.00>
ST_1 : Operation 19 [1/1] (0.00ns)   --->   "%x_2_val_read = read i18 @_ssdm_op_Read.ap_auto.i18, i18 %x_2_val" [firmware/BDT.h:86]   --->   Operation 19 'read' 'x_2_val_read' <Predicate = true> <Delay = 0.00>
ST_1 : Operation 20 [1/1] (0.00ns)   --->   "%x_1_val_read = read i18 @_ssdm_op_Read.ap_auto.i18, i18 %x_1_val" [firmware/BDT.h:86]   --->   Operation 20 'read' 'x_1_val_read' <Predicate = true> <Delay = 0.00>
ST_1 : Operation 21 [1/1] (0.79ns)   --->   "%icmp_ln86 = icmp_slt  i18 %x_40_val_read, i18 225" [firmware/BDT.h:86]   --->   Operation 21 'icmp' 'icmp_ln86' <Predicate = true> <Delay = 0.79> <CoreInst = "Cmp">   --->   Core 9 'Cmp' <Latency = 0> <II = 1> <Delay = 0.79> <FuncUnit> <Opcode : 'seteq' 'setne' 'setle' 'setge' 'setlt' 'setgt'> <InPorts = 2> <OutPorts = 1>
ST_1 : Operation 22 [1/1] (0.79ns)   --->   "%icmp_ln86_687 = icmp_slt  i18 %x_43_val_read, i18 38" [firmware/BDT.h:86]   --->   Operation 22 'icmp' 'icmp_ln86_687' <Predicate = true> <Delay = 0.79> <CoreInst = "Cmp">   --->   Core 9 'Cmp' <Latency = 0> <II = 1> <Delay = 0.79> <FuncUnit> <Opcode : 'seteq' 'setne' 'setle' 'setge' 'setlt' 'setgt'> <InPorts = 2> <OutPorts = 1>
ST_1 : Operation 23 [1/1] (0.79ns)   --->   "%icmp_ln86_688 = icmp_slt  i18 %x_33_val_read, i18 626" [firmware/BDT.h:86]   --->   Operation 23 'icmp' 'icmp_ln86_688' <Predicate = true> <Delay = 0.79> <CoreInst = "Cmp">   --->   Core 9 'Cmp' <Latency = 0> <II = 1> <Delay = 0.79> <FuncUnit> <Opcode : 'seteq' 'setne' 'setle' 'setge' 'setlt' 'setgt'> <InPorts = 2> <OutPorts = 1>
ST_1 : Operation 24 [1/1] (0.79ns)   --->   "%icmp_ln86_689 = icmp_slt  i18 %x_43_val_read, i18 37" [firmware/BDT.h:86]   --->   Operation 24 'icmp' 'icmp_ln86_689' <Predicate = true> <Delay = 0.79> <CoreInst = "Cmp">   --->   Core 9 'Cmp' <Latency = 0> <II = 1> <Delay = 0.79> <FuncUnit> <Opcode : 'seteq' 'setne' 'setle' 'setge' 'setlt' 'setgt'> <InPorts = 2> <OutPorts = 1>
ST_1 : Operation 25 [1/1] (0.79ns)   --->   "%icmp_ln86_690 = icmp_slt  i18 %x_48_val_read, i18 124395" [firmware/BDT.h:86]   --->   Operation 25 'icmp' 'icmp_ln86_690' <Predicate = true> <Delay = 0.79> <CoreInst = "Cmp">   --->   Core 9 'Cmp' <Latency = 0> <II = 1> <Delay = 0.79> <FuncUnit> <Opcode : 'seteq' 'setne' 'setle' 'setge' 'setlt' 'setgt'> <InPorts = 2> <OutPorts = 1>
ST_1 : Operation 26 [1/1] (0.79ns)   --->   "%icmp_ln86_691 = icmp_slt  i18 %x_32_val_read, i18 596" [firmware/BDT.h:86]   --->   Operation 26 'icmp' 'icmp_ln86_691' <Predicate = true> <Delay = 0.79> <CoreInst = "Cmp">   --->   Core 9 'Cmp' <Latency = 0> <II = 1> <Delay = 0.79> <FuncUnit> <Opcode : 'seteq' 'setne' 'setle' 'setge' 'setlt' 'setgt'> <InPorts = 2> <OutPorts = 1>
ST_1 : Operation 27 [1/1] (0.79ns)   --->   "%icmp_ln86_692 = icmp_slt  i18 %x_43_val_read, i18 149" [firmware/BDT.h:86]   --->   Operation 27 'icmp' 'icmp_ln86_692' <Predicate = true> <Delay = 0.79> <CoreInst = "Cmp">   --->   Core 9 'Cmp' <Latency = 0> <II = 1> <Delay = 0.79> <FuncUnit> <Opcode : 'seteq' 'setne' 'setle' 'setge' 'setlt' 'setgt'> <InPorts = 2> <OutPorts = 1>
ST_1 : Operation 28 [1/1] (0.79ns)   --->   "%icmp_ln86_693 = icmp_slt  i18 %x_13_val_read, i18 358" [firmware/BDT.h:86]   --->   Operation 28 'icmp' 'icmp_ln86_693' <Predicate = true> <Delay = 0.79> <CoreInst = "Cmp">   --->   Core 9 'Cmp' <Latency = 0> <II = 1> <Delay = 0.79> <FuncUnit> <Opcode : 'seteq' 'setne' 'setle' 'setge' 'setlt' 'setgt'> <InPorts = 2> <OutPorts = 1>
ST_1 : Operation 29 [1/1] (0.79ns)   --->   "%icmp_ln86_694 = icmp_slt  i18 %x_40_val_read, i18 205" [firmware/BDT.h:86]   --->   Operation 29 'icmp' 'icmp_ln86_694' <Predicate = true> <Delay = 0.79> <CoreInst = "Cmp">   --->   Core 9 'Cmp' <Latency = 0> <II = 1> <Delay = 0.79> <FuncUnit> <Opcode : 'seteq' 'setne' 'setle' 'setge' 'setlt' 'setgt'> <InPorts = 2> <OutPorts = 1>
ST_1 : Operation 30 [1/1] (0.79ns)   --->   "%icmp_ln86_695 = icmp_slt  i18 %x_21_val_read, i18 269" [firmware/BDT.h:86]   --->   Operation 30 'icmp' 'icmp_ln86_695' <Predicate = true> <Delay = 0.79> <CoreInst = "Cmp">   --->   Core 9 'Cmp' <Latency = 0> <II = 1> <Delay = 0.79> <FuncUnit> <Opcode : 'seteq' 'setne' 'setle' 'setge' 'setlt' 'setgt'> <InPorts = 2> <OutPorts = 1>
ST_1 : Operation 31 [1/1] (0.79ns)   --->   "%icmp_ln86_696 = icmp_slt  i18 %x_35_val_read, i18 68" [firmware/BDT.h:86]   --->   Operation 31 'icmp' 'icmp_ln86_696' <Predicate = true> <Delay = 0.79> <CoreInst = "Cmp">   --->   Core 9 'Cmp' <Latency = 0> <II = 1> <Delay = 0.79> <FuncUnit> <Opcode : 'seteq' 'setne' 'setle' 'setge' 'setlt' 'setgt'> <InPorts = 2> <OutPorts = 1>
ST_1 : Operation 32 [1/1] (0.79ns)   --->   "%icmp_ln86_697 = icmp_slt  i18 %x_32_val_read, i18 336" [firmware/BDT.h:86]   --->   Operation 32 'icmp' 'icmp_ln86_697' <Predicate = true> <Delay = 0.79> <CoreInst = "Cmp">   --->   Core 9 'Cmp' <Latency = 0> <II = 1> <Delay = 0.79> <FuncUnit> <Opcode : 'seteq' 'setne' 'setle' 'setge' 'setlt' 'setgt'> <InPorts = 2> <OutPorts = 1>
ST_1 : Operation 33 [1/1] (0.79ns)   --->   "%icmp_ln86_698 = icmp_slt  i18 %x_11_val_read, i18 325" [firmware/BDT.h:86]   --->   Operation 33 'icmp' 'icmp_ln86_698' <Predicate = true> <Delay = 0.79> <CoreInst = "Cmp">   --->   Core 9 'Cmp' <Latency = 0> <II = 1> <Delay = 0.79> <FuncUnit> <Opcode : 'seteq' 'setne' 'setle' 'setge' 'setlt' 'setgt'> <InPorts = 2> <OutPorts = 1>
ST_1 : Operation 34 [1/1] (0.79ns)   --->   "%icmp_ln86_699 = icmp_slt  i18 %x_46_val_read, i18 184" [firmware/BDT.h:86]   --->   Operation 34 'icmp' 'icmp_ln86_699' <Predicate = true> <Delay = 0.79> <CoreInst = "Cmp">   --->   Core 9 'Cmp' <Latency = 0> <II = 1> <Delay = 0.79> <FuncUnit> <Opcode : 'seteq' 'setne' 'setle' 'setge' 'setlt' 'setgt'> <InPorts = 2> <OutPorts = 1>
ST_1 : Operation 35 [1/1] (0.00ns)   --->   "%tmp = partselect i16 @_ssdm_op_PartSelect.i16.i18.i32.i32, i18 %x_35_val_read, i32 2, i32 17" [firmware/BDT.h:86]   --->   Operation 35 'partselect' 'tmp' <Predicate = true> <Delay = 0.00>
ST_1 : Operation 36 [1/1] (0.78ns)   --->   "%icmp_ln86_1396 = icmp_slt  i16 %tmp, i16 1" [firmware/BDT.h:86]   --->   Operation 36 'icmp' 'icmp_ln86_1396' <Predicate = true> <Delay = 0.78> <CoreInst = "Cmp">   --->   Core 9 'Cmp' <Latency = 0> <II = 1> <Delay = 0.78> <FuncUnit> <Opcode : 'seteq' 'setne' 'setle' 'setge' 'setlt' 'setgt'> <InPorts = 2> <OutPorts = 1>
ST_1 : Operation 37 [1/1] (0.79ns)   --->   "%icmp_ln86_701 = icmp_slt  i18 %x_49_val_read, i18 18291" [firmware/BDT.h:86]   --->   Operation 37 'icmp' 'icmp_ln86_701' <Predicate = true> <Delay = 0.79> <CoreInst = "Cmp">   --->   Core 9 'Cmp' <Latency = 0> <II = 1> <Delay = 0.79> <FuncUnit> <Opcode : 'seteq' 'setne' 'setle' 'setge' 'setlt' 'setgt'> <InPorts = 2> <OutPorts = 1>
ST_1 : Operation 38 [1/1] (0.79ns)   --->   "%icmp_ln86_702 = icmp_slt  i18 %x_32_val_read, i18 784" [firmware/BDT.h:86]   --->   Operation 38 'icmp' 'icmp_ln86_702' <Predicate = true> <Delay = 0.79> <CoreInst = "Cmp">   --->   Core 9 'Cmp' <Latency = 0> <II = 1> <Delay = 0.79> <FuncUnit> <Opcode : 'seteq' 'setne' 'setle' 'setge' 'setlt' 'setgt'> <InPorts = 2> <OutPorts = 1>
ST_1 : Operation 39 [1/1] (0.79ns)   --->   "%icmp_ln86_703 = icmp_slt  i18 %x_2_val_read, i18 88" [firmware/BDT.h:86]   --->   Operation 39 'icmp' 'icmp_ln86_703' <Predicate = true> <Delay = 0.79> <CoreInst = "Cmp">   --->   Core 9 'Cmp' <Latency = 0> <II = 1> <Delay = 0.79> <FuncUnit> <Opcode : 'seteq' 'setne' 'setle' 'setge' 'setlt' 'setgt'> <InPorts = 2> <OutPorts = 1>
ST_1 : Operation 40 [1/1] (0.79ns)   --->   "%icmp_ln86_704 = icmp_slt  i18 %x_49_val_read, i18 6899" [firmware/BDT.h:86]   --->   Operation 40 'icmp' 'icmp_ln86_704' <Predicate = true> <Delay = 0.79> <CoreInst = "Cmp">   --->   Core 9 'Cmp' <Latency = 0> <II = 1> <Delay = 0.79> <FuncUnit> <Opcode : 'seteq' 'setne' 'setle' 'setge' 'setlt' 'setgt'> <InPorts = 2> <OutPorts = 1>
ST_1 : Operation 41 [1/1] (0.79ns)   --->   "%icmp_ln86_705 = icmp_slt  i18 %x_10_val_read, i18 758" [firmware/BDT.h:86]   --->   Operation 41 'icmp' 'icmp_ln86_705' <Predicate = true> <Delay = 0.79> <CoreInst = "Cmp">   --->   Core 9 'Cmp' <Latency = 0> <II = 1> <Delay = 0.79> <FuncUnit> <Opcode : 'seteq' 'setne' 'setle' 'setge' 'setlt' 'setgt'> <InPorts = 2> <OutPorts = 1>
ST_1 : Operation 42 [1/1] (0.79ns)   --->   "%icmp_ln86_706 = icmp_slt  i18 %x_32_val_read, i18 904" [firmware/BDT.h:86]   --->   Operation 42 'icmp' 'icmp_ln86_706' <Predicate = true> <Delay = 0.79> <CoreInst = "Cmp">   --->   Core 9 'Cmp' <Latency = 0> <II = 1> <Delay = 0.79> <FuncUnit> <Opcode : 'seteq' 'setne' 'setle' 'setge' 'setlt' 'setgt'> <InPorts = 2> <OutPorts = 1>
ST_1 : Operation 43 [1/1] (0.79ns)   --->   "%icmp_ln86_707 = icmp_slt  i18 %x_1_val_read, i18 74438" [firmware/BDT.h:86]   --->   Operation 43 'icmp' 'icmp_ln86_707' <Predicate = true> <Delay = 0.79> <CoreInst = "Cmp">   --->   Core 9 'Cmp' <Latency = 0> <II = 1> <Delay = 0.79> <FuncUnit> <Opcode : 'seteq' 'setne' 'setle' 'setge' 'setlt' 'setgt'> <InPorts = 2> <OutPorts = 1>
ST_1 : Operation 44 [1/1] (0.79ns)   --->   "%icmp_ln86_708 = icmp_slt  i18 %x_10_val_read, i18 943" [firmware/BDT.h:86]   --->   Operation 44 'icmp' 'icmp_ln86_708' <Predicate = true> <Delay = 0.79> <CoreInst = "Cmp">   --->   Core 9 'Cmp' <Latency = 0> <II = 1> <Delay = 0.79> <FuncUnit> <Opcode : 'seteq' 'setne' 'setle' 'setge' 'setlt' 'setgt'> <InPorts = 2> <OutPorts = 1>
ST_1 : Operation 45 [1/1] (0.79ns)   --->   "%icmp_ln86_709 = icmp_slt  i18 %x_9_val_read, i18 2783" [firmware/BDT.h:86]   --->   Operation 45 'icmp' 'icmp_ln86_709' <Predicate = true> <Delay = 0.79> <CoreInst = "Cmp">   --->   Core 9 'Cmp' <Latency = 0> <II = 1> <Delay = 0.79> <FuncUnit> <Opcode : 'seteq' 'setne' 'setle' 'setge' 'setlt' 'setgt'> <InPorts = 2> <OutPorts = 1>
ST_1 : Operation 46 [1/1] (0.79ns)   --->   "%icmp_ln86_710 = icmp_slt  i18 %x_29_val_read, i18 30814" [firmware/BDT.h:86]   --->   Operation 46 'icmp' 'icmp_ln86_710' <Predicate = true> <Delay = 0.79> <CoreInst = "Cmp">   --->   Core 9 'Cmp' <Latency = 0> <II = 1> <Delay = 0.79> <FuncUnit> <Opcode : 'seteq' 'setne' 'setle' 'setge' 'setlt' 'setgt'> <InPorts = 2> <OutPorts = 1>
ST_1 : Operation 47 [1/1] (0.79ns)   --->   "%icmp_ln86_711 = icmp_slt  i18 %x_33_val_read, i18 373" [firmware/BDT.h:86]   --->   Operation 47 'icmp' 'icmp_ln86_711' <Predicate = true> <Delay = 0.79> <CoreInst = "Cmp">   --->   Core 9 'Cmp' <Latency = 0> <II = 1> <Delay = 0.79> <FuncUnit> <Opcode : 'seteq' 'setne' 'setle' 'setge' 'setlt' 'setgt'> <InPorts = 2> <OutPorts = 1>
ST_1 : Operation 48 [1/1] (0.79ns)   --->   "%icmp_ln86_712 = icmp_slt  i18 %x_21_val_read, i18 206" [firmware/BDT.h:86]   --->   Operation 48 'icmp' 'icmp_ln86_712' <Predicate = true> <Delay = 0.79> <CoreInst = "Cmp">   --->   Core 9 'Cmp' <Latency = 0> <II = 1> <Delay = 0.79> <FuncUnit> <Opcode : 'seteq' 'setne' 'setle' 'setge' 'setlt' 'setgt'> <InPorts = 2> <OutPorts = 1>
ST_1 : Operation 49 [1/1] (0.79ns)   --->   "%icmp_ln86_713 = icmp_slt  i18 %x_23_val_read, i18 79" [firmware/BDT.h:86]   --->   Operation 49 'icmp' 'icmp_ln86_713' <Predicate = true> <Delay = 0.79> <CoreInst = "Cmp">   --->   Core 9 'Cmp' <Latency = 0> <II = 1> <Delay = 0.79> <FuncUnit> <Opcode : 'seteq' 'setne' 'setle' 'setge' 'setlt' 'setgt'> <InPorts = 2> <OutPorts = 1>
ST_1 : Operation 50 [1/1] (0.79ns)   --->   "%icmp_ln86_714 = icmp_slt  i18 %x_2_val_read, i18 261903" [firmware/BDT.h:86]   --->   Operation 50 'icmp' 'icmp_ln86_714' <Predicate = true> <Delay = 0.79> <CoreInst = "Cmp">   --->   Core 9 'Cmp' <Latency = 0> <II = 1> <Delay = 0.79> <FuncUnit> <Opcode : 'seteq' 'setne' 'setle' 'setge' 'setlt' 'setgt'> <InPorts = 2> <OutPorts = 1>
ST_1 : Operation 51 [1/1] (0.79ns)   --->   "%icmp_ln86_715 = icmp_slt  i18 %x_34_val_read, i18 448" [firmware/BDT.h:86]   --->   Operation 51 'icmp' 'icmp_ln86_715' <Predicate = true> <Delay = 0.79> <CoreInst = "Cmp">   --->   Core 9 'Cmp' <Latency = 0> <II = 1> <Delay = 0.79> <FuncUnit> <Opcode : 'seteq' 'setne' 'setle' 'setge' 'setlt' 'setgt'> <InPorts = 2> <OutPorts = 1>
ST_1 : Operation 52 [1/1] (0.12ns)   --->   "%and_ln102 = and i1 %icmp_ln86_687, i1 %icmp_ln86" [firmware/BDT.h:102]   --->   Operation 52 'and' 'and_ln102' <Predicate = true> <Delay = 0.12> <CoreInst = "LogicGate">   --->   Core 74 'LogicGate' <Latency = 0> <II = 1> <Delay = 0.12> <FuncUnit> <Opcode : 'and' 'or' 'xor'> <InPorts = 2> <OutPorts = 1>
ST_1 : Operation 53 [1/1] (0.00ns) (grouped into LUT with out node and_ln104)   --->   "%xor_ln104_330 = xor i1 %icmp_ln86_687, i1 1" [firmware/BDT.h:104]   --->   Operation 53 'xor' 'xor_ln104_330' <Predicate = true> <Delay = 0.00> <CoreInst = "LogicGate">   --->   Core 74 'LogicGate' <Latency = 0> <II = 1> <Delay = 0.12> <FuncUnit> <Opcode : 'and' 'or' 'xor'> <InPorts = 2> <OutPorts = 1>
ST_1 : Operation 54 [1/1] (0.12ns) (out node of the LUT)   --->   "%and_ln104 = and i1 %icmp_ln86, i1 %xor_ln104_330" [firmware/BDT.h:104]   --->   Operation 54 'and' 'and_ln104' <Predicate = true> <Delay = 0.12> <CoreInst = "LogicGate">   --->   Core 74 'LogicGate' <Latency = 0> <II = 1> <Delay = 0.12> <FuncUnit> <Opcode : 'and' 'or' 'xor'> <InPorts = 2> <OutPorts = 1>
ST_1 : Operation 55 [1/1] (0.12ns)   --->   "%and_ln102_661 = and i1 %icmp_ln86_689, i1 %and_ln102" [firmware/BDT.h:102]   --->   Operation 55 'and' 'and_ln102_661' <Predicate = true> <Delay = 0.12> <CoreInst = "LogicGate">   --->   Core 74 'LogicGate' <Latency = 0> <II = 1> <Delay = 0.12> <FuncUnit> <Opcode : 'and' 'or' 'xor'> <InPorts = 2> <OutPorts = 1>
ST_1 : Operation 56 [1/1] (0.00ns) (grouped into LUT with out node and_ln104_135)   --->   "%xor_ln104_332 = xor i1 %icmp_ln86_689, i1 1" [firmware/BDT.h:104]   --->   Operation 56 'xor' 'xor_ln104_332' <Predicate = true> <Delay = 0.00> <CoreInst = "LogicGate">   --->   Core 74 'LogicGate' <Latency = 0> <II = 1> <Delay = 0.12> <FuncUnit> <Opcode : 'and' 'or' 'xor'> <InPorts = 2> <OutPorts = 1>
ST_1 : Operation 57 [1/1] (0.12ns) (out node of the LUT)   --->   "%and_ln104_135 = and i1 %and_ln102, i1 %xor_ln104_332" [firmware/BDT.h:104]   --->   Operation 57 'and' 'and_ln104_135' <Predicate = true> <Delay = 0.12> <CoreInst = "LogicGate">   --->   Core 74 'LogicGate' <Latency = 0> <II = 1> <Delay = 0.12> <FuncUnit> <Opcode : 'and' 'or' 'xor'> <InPorts = 2> <OutPorts = 1>
ST_1 : Operation 58 [1/1] (0.12ns)   --->   "%and_ln102_662 = and i1 %icmp_ln86_690, i1 %and_ln104" [firmware/BDT.h:102]   --->   Operation 58 'and' 'and_ln102_662' <Predicate = true> <Delay = 0.12> <CoreInst = "LogicGate">   --->   Core 74 'LogicGate' <Latency = 0> <II = 1> <Delay = 0.12> <FuncUnit> <Opcode : 'and' 'or' 'xor'> <InPorts = 2> <OutPorts = 1>
ST_1 : Operation 59 [1/1] (0.00ns) (grouped into LUT with out node and_ln104_136)   --->   "%xor_ln104_333 = xor i1 %icmp_ln86_690, i1 1" [firmware/BDT.h:104]   --->   Operation 59 'xor' 'xor_ln104_333' <Predicate = true> <Delay = 0.00> <CoreInst = "LogicGate">   --->   Core 74 'LogicGate' <Latency = 0> <II = 1> <Delay = 0.12> <FuncUnit> <Opcode : 'and' 'or' 'xor'> <InPorts = 2> <OutPorts = 1>
ST_1 : Operation 60 [1/1] (0.12ns) (out node of the LUT)   --->   "%and_ln104_136 = and i1 %and_ln104, i1 %xor_ln104_333" [firmware/BDT.h:104]   --->   Operation 60 'and' 'and_ln104_136' <Predicate = true> <Delay = 0.12> <CoreInst = "LogicGate">   --->   Core 74 'LogicGate' <Latency = 0> <II = 1> <Delay = 0.12> <FuncUnit> <Opcode : 'and' 'or' 'xor'> <InPorts = 2> <OutPorts = 1>
ST_1 : Operation 61 [1/1] (0.12ns)   --->   "%and_ln102_665 = and i1 %icmp_ln86_693, i1 %and_ln102_661" [firmware/BDT.h:102]   --->   Operation 61 'and' 'and_ln102_665' <Predicate = true> <Delay = 0.12> <CoreInst = "LogicGate">   --->   Core 74 'LogicGate' <Latency = 0> <II = 1> <Delay = 0.12> <FuncUnit> <Opcode : 'and' 'or' 'xor'> <InPorts = 2> <OutPorts = 1>
ST_1 : Operation 62 [1/1] (0.00ns) (grouped into LUT with out node select_ln117_668)   --->   "%xor_ln104_336 = xor i1 %icmp_ln86_693, i1 1" [firmware/BDT.h:104]   --->   Operation 62 'xor' 'xor_ln104_336' <Predicate = true> <Delay = 0.00> <CoreInst = "LogicGate">   --->   Core 74 'LogicGate' <Latency = 0> <II = 1> <Delay = 0.12> <FuncUnit> <Opcode : 'and' 'or' 'xor'> <InPorts = 2> <OutPorts = 1>
ST_1 : Operation 63 [1/1] (0.00ns) (grouped into LUT with out node and_ln104_139)   --->   "%xor_ln104_337 = xor i1 %icmp_ln86_694, i1 1" [firmware/BDT.h:104]   --->   Operation 63 'xor' 'xor_ln104_337' <Predicate = true> <Delay = 0.00> <CoreInst = "LogicGate">   --->   Core 74 'LogicGate' <Latency = 0> <II = 1> <Delay = 0.12> <FuncUnit> <Opcode : 'and' 'or' 'xor'> <InPorts = 2> <OutPorts = 1>
ST_1 : Operation 64 [1/1] (0.12ns) (out node of the LUT)   --->   "%and_ln104_139 = and i1 %and_ln104_135, i1 %xor_ln104_337" [firmware/BDT.h:104]   --->   Operation 64 'and' 'and_ln104_139' <Predicate = true> <Delay = 0.12> <CoreInst = "LogicGate">   --->   Core 74 'LogicGate' <Latency = 0> <II = 1> <Delay = 0.12> <FuncUnit> <Opcode : 'and' 'or' 'xor'> <InPorts = 2> <OutPorts = 1>
ST_1 : Operation 65 [1/1] (0.12ns)   --->   "%and_ln102_667 = and i1 %icmp_ln86_695, i1 %and_ln102_662" [firmware/BDT.h:102]   --->   Operation 65 'and' 'and_ln102_667' <Predicate = true> <Delay = 0.12> <CoreInst = "LogicGate">   --->   Core 74 'LogicGate' <Latency = 0> <II = 1> <Delay = 0.12> <FuncUnit> <Opcode : 'and' 'or' 'xor'> <InPorts = 2> <OutPorts = 1>
ST_1 : Operation 66 [1/1] (0.00ns) (grouped into LUT with out node select_ln117_675)   --->   "%xor_ln104_338 = xor i1 %icmp_ln86_695, i1 1" [firmware/BDT.h:104]   --->   Operation 66 'xor' 'xor_ln104_338' <Predicate = true> <Delay = 0.00> <CoreInst = "LogicGate">   --->   Core 74 'LogicGate' <Latency = 0> <II = 1> <Delay = 0.12> <FuncUnit> <Opcode : 'and' 'or' 'xor'> <InPorts = 2> <OutPorts = 1>
ST_1 : Operation 67 [1/1] (0.12ns)   --->   "%and_ln102_668 = and i1 %icmp_ln86_696, i1 %and_ln104_136" [firmware/BDT.h:102]   --->   Operation 67 'and' 'and_ln102_668' <Predicate = true> <Delay = 0.12> <CoreInst = "LogicGate">   --->   Core 74 'LogicGate' <Latency = 0> <II = 1> <Delay = 0.12> <FuncUnit> <Opcode : 'and' 'or' 'xor'> <InPorts = 2> <OutPorts = 1>
ST_1 : Operation 68 [1/1] (0.00ns) (grouped into LUT with out node select_ln117_679)   --->   "%xor_ln104_339 = xor i1 %icmp_ln86_696, i1 1" [firmware/BDT.h:104]   --->   Operation 68 'xor' 'xor_ln104_339' <Predicate = true> <Delay = 0.00> <CoreInst = "LogicGate">   --->   Core 74 'LogicGate' <Latency = 0> <II = 1> <Delay = 0.12> <FuncUnit> <Opcode : 'and' 'or' 'xor'> <InPorts = 2> <OutPorts = 1>
ST_1 : Operation 69 [1/1] (0.00ns) (grouped into LUT with out node select_ln117)   --->   "%and_ln102_673 = and i1 %icmp_ln86_701, i1 %and_ln102_665" [firmware/BDT.h:102]   --->   Operation 69 'and' 'and_ln102_673' <Predicate = true> <Delay = 0.00> <CoreInst = "LogicGate">   --->   Core 74 'LogicGate' <Latency = 0> <II = 1> <Delay = 0.12> <FuncUnit> <Opcode : 'and' 'or' 'xor'> <InPorts = 2> <OutPorts = 1>
ST_1 : Operation 70 [1/1] (0.00ns) (grouped into LUT with out node select_ln117_668)   --->   "%and_ln102_688 = and i1 %icmp_ln86_702, i1 %xor_ln104_336" [firmware/BDT.h:102]   --->   Operation 70 'and' 'and_ln102_688' <Predicate = true> <Delay = 0.00> <CoreInst = "LogicGate">   --->   Core 74 'LogicGate' <Latency = 0> <II = 1> <Delay = 0.12> <FuncUnit> <Opcode : 'and' 'or' 'xor'> <InPorts = 2> <OutPorts = 1>
ST_1 : Operation 71 [1/1] (0.00ns) (grouped into LUT with out node select_ln117_668)   --->   "%and_ln102_674 = and i1 %and_ln102_688, i1 %and_ln102_661" [firmware/BDT.h:102]   --->   Operation 71 'and' 'and_ln102_674' <Predicate = true> <Delay = 0.00> <CoreInst = "LogicGate">   --->   Core 74 'LogicGate' <Latency = 0> <II = 1> <Delay = 0.12> <FuncUnit> <Opcode : 'and' 'or' 'xor'> <InPorts = 2> <OutPorts = 1>
ST_1 : Operation 72 [1/1] (0.00ns) (grouped into LUT with out node select_ln117_670)   --->   "%and_ln102_689 = and i1 %and_ln104_135, i1 %icmp_ln86_703" [firmware/BDT.h:102]   --->   Operation 72 'and' 'and_ln102_689' <Predicate = true> <Delay = 0.00> <CoreInst = "LogicGate">   --->   Core 74 'LogicGate' <Latency = 0> <II = 1> <Delay = 0.12> <FuncUnit> <Opcode : 'and' 'or' 'xor'> <InPorts = 2> <OutPorts = 1>
ST_1 : Operation 73 [1/1] (0.00ns) (grouped into LUT with out node select_ln117_670)   --->   "%and_ln102_675 = and i1 %and_ln102_689, i1 %icmp_ln86_694" [firmware/BDT.h:102]   --->   Operation 73 'and' 'and_ln102_675' <Predicate = true> <Delay = 0.00> <CoreInst = "LogicGate">   --->   Core 74 'LogicGate' <Latency = 0> <II = 1> <Delay = 0.12> <FuncUnit> <Opcode : 'and' 'or' 'xor'> <InPorts = 2> <OutPorts = 1>
ST_1 : Operation 74 [1/1] (0.00ns) (grouped into LUT with out node select_ln117_673)   --->   "%and_ln102_676 = and i1 %icmp_ln86_704, i1 %and_ln102_667" [firmware/BDT.h:102]   --->   Operation 74 'and' 'and_ln102_676' <Predicate = true> <Delay = 0.00> <CoreInst = "LogicGate">   --->   Core 74 'LogicGate' <Latency = 0> <II = 1> <Delay = 0.12> <FuncUnit> <Opcode : 'and' 'or' 'xor'> <InPorts = 2> <OutPorts = 1>
ST_1 : Operation 75 [1/1] (0.00ns) (grouped into LUT with out node select_ln117_675)   --->   "%and_ln102_690 = and i1 %icmp_ln86_705, i1 %xor_ln104_338" [firmware/BDT.h:102]   --->   Operation 75 'and' 'and_ln102_690' <Predicate = true> <Delay = 0.00> <CoreInst = "LogicGate">   --->   Core 74 'LogicGate' <Latency = 0> <II = 1> <Delay = 0.12> <FuncUnit> <Opcode : 'and' 'or' 'xor'> <InPorts = 2> <OutPorts = 1>
ST_1 : Operation 76 [1/1] (0.00ns) (grouped into LUT with out node select_ln117_675)   --->   "%and_ln102_677 = and i1 %and_ln102_690, i1 %and_ln102_662" [firmware/BDT.h:102]   --->   Operation 76 'and' 'and_ln102_677' <Predicate = true> <Delay = 0.00> <CoreInst = "LogicGate">   --->   Core 74 'LogicGate' <Latency = 0> <II = 1> <Delay = 0.12> <FuncUnit> <Opcode : 'and' 'or' 'xor'> <InPorts = 2> <OutPorts = 1>
ST_1 : Operation 77 [1/1] (0.00ns) (grouped into LUT with out node select_ln117_677)   --->   "%and_ln102_678 = and i1 %icmp_ln86_706, i1 %and_ln102_668" [firmware/BDT.h:102]   --->   Operation 77 'and' 'and_ln102_678' <Predicate = true> <Delay = 0.00> <CoreInst = "LogicGate">   --->   Core 74 'LogicGate' <Latency = 0> <II = 1> <Delay = 0.12> <FuncUnit> <Opcode : 'and' 'or' 'xor'> <InPorts = 2> <OutPorts = 1>
ST_1 : Operation 78 [1/1] (0.00ns) (grouped into LUT with out node select_ln117_679)   --->   "%and_ln102_691 = and i1 %icmp_ln86_707, i1 %xor_ln104_339" [firmware/BDT.h:102]   --->   Operation 78 'and' 'and_ln102_691' <Predicate = true> <Delay = 0.00> <CoreInst = "LogicGate">   --->   Core 74 'LogicGate' <Latency = 0> <II = 1> <Delay = 0.12> <FuncUnit> <Opcode : 'and' 'or' 'xor'> <InPorts = 2> <OutPorts = 1>
ST_1 : Operation 79 [1/1] (0.00ns) (grouped into LUT with out node select_ln117_679)   --->   "%and_ln102_679 = and i1 %and_ln102_691, i1 %and_ln104_136" [firmware/BDT.h:102]   --->   Operation 79 'and' 'and_ln102_679' <Predicate = true> <Delay = 0.00> <CoreInst = "LogicGate">   --->   Core 74 'LogicGate' <Latency = 0> <II = 1> <Delay = 0.12> <FuncUnit> <Opcode : 'and' 'or' 'xor'> <InPorts = 2> <OutPorts = 1>
ST_1 : Operation 80 [1/1] (0.00ns) (grouped into LUT with out node select_ln117)   --->   "%or_ln117 = or i1 %and_ln104_139, i1 %and_ln102_673" [firmware/BDT.h:117]   --->   Operation 80 'or' 'or_ln117' <Predicate = true> <Delay = 0.00> <CoreInst = "LogicGate">   --->   Core 74 'LogicGate' <Latency = 0> <II = 1> <Delay = 0.12> <FuncUnit> <Opcode : 'and' 'or' 'xor'> <InPorts = 2> <OutPorts = 1>
ST_1 : Operation 81 [1/1] (0.00ns) (grouped into LUT with out node select_ln117)   --->   "%xor_ln117 = xor i1 %and_ln102, i1 1" [firmware/BDT.h:117]   --->   Operation 81 'xor' 'xor_ln117' <Predicate = true> <Delay = 0.00> <CoreInst = "LogicGate">   --->   Core 74 'LogicGate' <Latency = 0> <II = 1> <Delay = 0.12> <FuncUnit> <Opcode : 'and' 'or' 'xor'> <InPorts = 2> <OutPorts = 1>
ST_1 : Operation 82 [1/1] (0.00ns) (grouped into LUT with out node select_ln117)   --->   "%or_ln117_655 = or i1 %icmp_ln86_689, i1 %xor_ln117" [firmware/BDT.h:117]   --->   Operation 82 'or' 'or_ln117_655' <Predicate = true> <Delay = 0.00> <CoreInst = "LogicGate">   --->   Core 74 'LogicGate' <Latency = 0> <II = 1> <Delay = 0.12> <FuncUnit> <Opcode : 'and' 'or' 'xor'> <InPorts = 2> <OutPorts = 1>
ST_1 : Operation 83 [1/1] (0.00ns) (grouped into LUT with out node select_ln117)   --->   "%or_ln117_656 = or i1 %icmp_ln86_694, i1 %or_ln117_655" [firmware/BDT.h:117]   --->   Operation 83 'or' 'or_ln117_656' <Predicate = true> <Delay = 0.00> <CoreInst = "LogicGate">   --->   Core 74 'LogicGate' <Latency = 0> <II = 1> <Delay = 0.12> <FuncUnit> <Opcode : 'and' 'or' 'xor'> <InPorts = 2> <OutPorts = 1>
ST_1 : Operation 84 [1/1] (0.00ns) (grouped into LUT with out node select_ln117)   --->   "%zext_ln117 = zext i1 %or_ln117_656" [firmware/BDT.h:117]   --->   Operation 84 'zext' 'zext_ln117' <Predicate = true> <Delay = 0.00>
ST_1 : Operation 85 [1/1] (0.12ns)   --->   "%or_ln117_629 = or i1 %and_ln104_139, i1 %and_ln102_665" [firmware/BDT.h:117]   --->   Operation 85 'or' 'or_ln117_629' <Predicate = true> <Delay = 0.12> <CoreInst = "LogicGate">   --->   Core 74 'LogicGate' <Latency = 0> <II = 1> <Delay = 0.12> <FuncUnit> <Opcode : 'and' 'or' 'xor'> <InPorts = 2> <OutPorts = 1>
ST_1 : Operation 86 [1/1] (0.27ns) (out node of the LUT)   --->   "%select_ln117 = select i1 %or_ln117, i2 %zext_ln117, i2 2" [firmware/BDT.h:117]   --->   Operation 86 'select' 'select_ln117' <Predicate = true> <Delay = 0.27> <CoreInst = "Sel">   --->   Core 73 'Sel' <Latency = 0> <II = 1> <Delay = 0.27> <FuncUnit> <Opcode : 'select'> <InPorts = 3> <OutPorts = 1>
ST_1 : Operation 87 [1/1] (0.00ns) (grouped into LUT with out node select_ln117_668)   --->   "%or_ln117_630 = or i1 %or_ln117_629, i1 %and_ln102_674" [firmware/BDT.h:117]   --->   Operation 87 'or' 'or_ln117_630' <Predicate = true> <Delay = 0.00> <CoreInst = "LogicGate">   --->   Core 74 'LogicGate' <Latency = 0> <II = 1> <Delay = 0.12> <FuncUnit> <Opcode : 'and' 'or' 'xor'> <InPorts = 2> <OutPorts = 1>
ST_1 : Operation 88 [1/1] (0.00ns) (grouped into LUT with out node select_ln117_668)   --->   "%select_ln117_667 = select i1 %or_ln117_629, i2 %select_ln117, i2 3" [firmware/BDT.h:117]   --->   Operation 88 'select' 'select_ln117_667' <Predicate = true> <Delay = 0.00> <CoreInst = "Sel">   --->   Core 73 'Sel' <Latency = 0> <II = 1> <Delay = 0.27> <FuncUnit> <Opcode : 'select'> <InPorts = 3> <OutPorts = 1>
ST_1 : Operation 89 [1/1] (0.00ns) (grouped into LUT with out node select_ln117_668)   --->   "%zext_ln117_75 = zext i2 %select_ln117_667" [firmware/BDT.h:117]   --->   Operation 89 'zext' 'zext_ln117_75' <Predicate = true> <Delay = 0.00>
ST_1 : Operation 90 [1/1] (0.12ns)   --->   "%or_ln117_631 = or i1 %and_ln104_139, i1 %and_ln102_661" [firmware/BDT.h:117]   --->   Operation 90 'or' 'or_ln117_631' <Predicate = true> <Delay = 0.12> <CoreInst = "LogicGate">   --->   Core 74 'LogicGate' <Latency = 0> <II = 1> <Delay = 0.12> <FuncUnit> <Opcode : 'and' 'or' 'xor'> <InPorts = 2> <OutPorts = 1>
ST_1 : Operation 91 [1/1] (0.27ns) (out node of the LUT)   --->   "%select_ln117_668 = select i1 %or_ln117_630, i3 %zext_ln117_75, i3 4" [firmware/BDT.h:117]   --->   Operation 91 'select' 'select_ln117_668' <Predicate = true> <Delay = 0.27> <CoreInst = "Sel">   --->   Core 73 'Sel' <Latency = 0> <II = 1> <Delay = 0.27> <FuncUnit> <Opcode : 'select'> <InPorts = 3> <OutPorts = 1>
ST_1 : Operation 92 [1/1] (0.00ns) (grouped into LUT with out node select_ln117_670)   --->   "%or_ln117_632 = or i1 %or_ln117_631, i1 %and_ln102_675" [firmware/BDT.h:117]   --->   Operation 92 'or' 'or_ln117_632' <Predicate = true> <Delay = 0.00> <CoreInst = "LogicGate">   --->   Core 74 'LogicGate' <Latency = 0> <II = 1> <Delay = 0.12> <FuncUnit> <Opcode : 'and' 'or' 'xor'> <InPorts = 2> <OutPorts = 1>
ST_1 : Operation 93 [1/1] (0.00ns) (grouped into LUT with out node select_ln117_670)   --->   "%select_ln117_669 = select i1 %or_ln117_631, i3 %select_ln117_668, i3 5" [firmware/BDT.h:117]   --->   Operation 93 'select' 'select_ln117_669' <Predicate = true> <Delay = 0.00> <CoreInst = "Sel">   --->   Core 73 'Sel' <Latency = 0> <II = 1> <Delay = 0.27> <FuncUnit> <Opcode : 'select'> <InPorts = 3> <OutPorts = 1>
ST_1 : Operation 94 [1/1] (0.27ns) (out node of the LUT)   --->   "%select_ln117_670 = select i1 %or_ln117_632, i3 %select_ln117_669, i3 6" [firmware/BDT.h:117]   --->   Operation 94 'select' 'select_ln117_670' <Predicate = true> <Delay = 0.27> <CoreInst = "Sel">   --->   Core 73 'Sel' <Latency = 0> <II = 1> <Delay = 0.27> <FuncUnit> <Opcode : 'select'> <InPorts = 3> <OutPorts = 1>
ST_1 : Operation 95 [1/1] (0.00ns) (grouped into LUT with out node select_ln117_673)   --->   "%or_ln117_633 = or i1 %and_ln102, i1 %and_ln102_676" [firmware/BDT.h:117]   --->   Operation 95 'or' 'or_ln117_633' <Predicate = true> <Delay = 0.00> <CoreInst = "LogicGate">   --->   Core 74 'LogicGate' <Latency = 0> <II = 1> <Delay = 0.12> <FuncUnit> <Opcode : 'and' 'or' 'xor'> <InPorts = 2> <OutPorts = 1>
ST_1 : Operation 96 [1/1] (0.00ns) (grouped into LUT with out node select_ln117_673)   --->   "%select_ln117_671 = select i1 %and_ln102, i3 %select_ln117_670, i3 7" [firmware/BDT.h:117]   --->   Operation 96 'select' 'select_ln117_671' <Predicate = true> <Delay = 0.00> <CoreInst = "Sel">   --->   Core 73 'Sel' <Latency = 0> <II = 1> <Delay = 0.27> <FuncUnit> <Opcode : 'select'> <InPorts = 3> <OutPorts = 1>
ST_1 : Operation 97 [1/1] (0.00ns) (grouped into LUT with out node select_ln117_673)   --->   "%zext_ln117_76 = zext i3 %select_ln117_671" [firmware/BDT.h:117]   --->   Operation 97 'zext' 'zext_ln117_76' <Predicate = true> <Delay = 0.00>
ST_1 : Operation 98 [1/1] (0.12ns)   --->   "%or_ln117_634 = or i1 %and_ln102, i1 %and_ln102_667" [firmware/BDT.h:117]   --->   Operation 98 'or' 'or_ln117_634' <Predicate = true> <Delay = 0.12> <CoreInst = "LogicGate">   --->   Core 74 'LogicGate' <Latency = 0> <II = 1> <Delay = 0.12> <FuncUnit> <Opcode : 'and' 'or' 'xor'> <InPorts = 2> <OutPorts = 1>
ST_1 : Operation 99 [1/1] (0.00ns) (grouped into LUT with out node select_ln117_673)   --->   "%select_ln117_672 = select i1 %or_ln117_633, i4 %zext_ln117_76, i4 8" [firmware/BDT.h:117]   --->   Operation 99 'select' 'select_ln117_672' <Predicate = true> <Delay = 0.00> <CoreInst = "Sel">   --->   Core 73 'Sel' <Latency = 0> <II = 1> <Delay = 0.35> <FuncUnit> <Opcode : 'select'> <InPorts = 3> <OutPorts = 1>
ST_1 : Operation 100 [1/1] (0.00ns) (grouped into LUT with out node select_ln117_675)   --->   "%or_ln117_635 = or i1 %or_ln117_634, i1 %and_ln102_677" [firmware/BDT.h:117]   --->   Operation 100 'or' 'or_ln117_635' <Predicate = true> <Delay = 0.00> <CoreInst = "LogicGate">   --->   Core 74 'LogicGate' <Latency = 0> <II = 1> <Delay = 0.12> <FuncUnit> <Opcode : 'and' 'or' 'xor'> <InPorts = 2> <OutPorts = 1>
ST_1 : Operation 101 [1/1] (0.35ns) (out node of the LUT)   --->   "%select_ln117_673 = select i1 %or_ln117_634, i4 %select_ln117_672, i4 9" [firmware/BDT.h:117]   --->   Operation 101 'select' 'select_ln117_673' <Predicate = true> <Delay = 0.35> <CoreInst = "Sel">   --->   Core 73 'Sel' <Latency = 0> <II = 1> <Delay = 0.35> <FuncUnit> <Opcode : 'select'> <InPorts = 3> <OutPorts = 1>
ST_1 : Operation 102 [1/1] (0.12ns)   --->   "%or_ln117_636 = or i1 %and_ln102, i1 %and_ln102_662" [firmware/BDT.h:117]   --->   Operation 102 'or' 'or_ln117_636' <Predicate = true> <Delay = 0.12> <CoreInst = "LogicGate">   --->   Core 74 'LogicGate' <Latency = 0> <II = 1> <Delay = 0.12> <FuncUnit> <Opcode : 'and' 'or' 'xor'> <InPorts = 2> <OutPorts = 1>
ST_1 : Operation 103 [1/1] (0.00ns) (grouped into LUT with out node select_ln117_675)   --->   "%select_ln117_674 = select i1 %or_ln117_635, i4 %select_ln117_673, i4 10" [firmware/BDT.h:117]   --->   Operation 103 'select' 'select_ln117_674' <Predicate = true> <Delay = 0.00> <CoreInst = "Sel">   --->   Core 73 'Sel' <Latency = 0> <II = 1> <Delay = 0.35> <FuncUnit> <Opcode : 'select'> <InPorts = 3> <OutPorts = 1>
ST_1 : Operation 104 [1/1] (0.00ns) (grouped into LUT with out node select_ln117_677)   --->   "%or_ln117_637 = or i1 %or_ln117_636, i1 %and_ln102_678" [firmware/BDT.h:117]   --->   Operation 104 'or' 'or_ln117_637' <Predicate = true> <Delay = 0.00> <CoreInst = "LogicGate">   --->   Core 74 'LogicGate' <Latency = 0> <II = 1> <Delay = 0.12> <FuncUnit> <Opcode : 'and' 'or' 'xor'> <InPorts = 2> <OutPorts = 1>
ST_1 : Operation 105 [1/1] (0.35ns) (out node of the LUT)   --->   "%select_ln117_675 = select i1 %or_ln117_636, i4 %select_ln117_674, i4 11" [firmware/BDT.h:117]   --->   Operation 105 'select' 'select_ln117_675' <Predicate = true> <Delay = 0.35> <CoreInst = "Sel">   --->   Core 73 'Sel' <Latency = 0> <II = 1> <Delay = 0.35> <FuncUnit> <Opcode : 'select'> <InPorts = 3> <OutPorts = 1>
ST_1 : Operation 106 [1/1] (0.12ns)   --->   "%or_ln117_638 = or i1 %or_ln117_636, i1 %and_ln102_668" [firmware/BDT.h:117]   --->   Operation 106 'or' 'or_ln117_638' <Predicate = true> <Delay = 0.12> <CoreInst = "LogicGate">   --->   Core 74 'LogicGate' <Latency = 0> <II = 1> <Delay = 0.12> <FuncUnit> <Opcode : 'and' 'or' 'xor'> <InPorts = 2> <OutPorts = 1>
ST_1 : Operation 107 [1/1] (0.00ns) (grouped into LUT with out node select_ln117_677)   --->   "%select_ln117_676 = select i1 %or_ln117_637, i4 %select_ln117_675, i4 12" [firmware/BDT.h:117]   --->   Operation 107 'select' 'select_ln117_676' <Predicate = true> <Delay = 0.00> <CoreInst = "Sel">   --->   Core 73 'Sel' <Latency = 0> <II = 1> <Delay = 0.35> <FuncUnit> <Opcode : 'select'> <InPorts = 3> <OutPorts = 1>
ST_1 : Operation 108 [1/1] (0.00ns) (grouped into LUT with out node select_ln117_679)   --->   "%or_ln117_639 = or i1 %or_ln117_638, i1 %and_ln102_679" [firmware/BDT.h:117]   --->   Operation 108 'or' 'or_ln117_639' <Predicate = true> <Delay = 0.00> <CoreInst = "LogicGate">   --->   Core 74 'LogicGate' <Latency = 0> <II = 1> <Delay = 0.12> <FuncUnit> <Opcode : 'and' 'or' 'xor'> <InPorts = 2> <OutPorts = 1>
ST_1 : Operation 109 [1/1] (0.35ns) (out node of the LUT)   --->   "%select_ln117_677 = select i1 %or_ln117_638, i4 %select_ln117_676, i4 13" [firmware/BDT.h:117]   --->   Operation 109 'select' 'select_ln117_677' <Predicate = true> <Delay = 0.35> <CoreInst = "Sel">   --->   Core 73 'Sel' <Latency = 0> <II = 1> <Delay = 0.35> <FuncUnit> <Opcode : 'select'> <InPorts = 3> <OutPorts = 1>
ST_1 : Operation 110 [1/1] (0.00ns) (grouped into LUT with out node select_ln117_679)   --->   "%select_ln117_678 = select i1 %or_ln117_639, i4 %select_ln117_677, i4 14" [firmware/BDT.h:117]   --->   Operation 110 'select' 'select_ln117_678' <Predicate = true> <Delay = 0.00> <CoreInst = "Sel">   --->   Core 73 'Sel' <Latency = 0> <II = 1> <Delay = 0.35> <FuncUnit> <Opcode : 'select'> <InPorts = 3> <OutPorts = 1>
ST_1 : Operation 111 [1/1] (0.35ns) (out node of the LUT)   --->   "%select_ln117_679 = select i1 %icmp_ln86, i4 %select_ln117_678, i4 15" [firmware/BDT.h:117]   --->   Operation 111 'select' 'select_ln117_679' <Predicate = true> <Delay = 0.35> <CoreInst = "Sel">   --->   Core 73 'Sel' <Latency = 0> <II = 1> <Delay = 0.35> <FuncUnit> <Opcode : 'select'> <InPorts = 3> <OutPorts = 1>

State 2 <SV = 1> <Delay = 3.19>
ST_2 : Operation 112 [1/1] (0.00ns)   --->   "%specpipeline_ln86 = specpipeline void @_ssdm_op_SpecPipeline, i32 1, i32 0, i32 0, i32 0, void @empty_0" [firmware/BDT.h:86]   --->   Operation 112 'specpipeline' 'specpipeline_ln86' <Predicate = true> <Delay = 0.00>
ST_2 : Operation 113 [1/1] (0.12ns)   --->   "%xor_ln104 = xor i1 %icmp_ln86, i1 1" [firmware/BDT.h:104]   --->   Operation 113 'xor' 'xor_ln104' <Predicate = true> <Delay = 0.12> <CoreInst = "LogicGate">   --->   Core 74 'LogicGate' <Latency = 0> <II = 1> <Delay = 0.12> <FuncUnit> <Opcode : 'and' 'or' 'xor'> <InPorts = 2> <OutPorts = 1>
ST_2 : Operation 114 [1/1] (0.12ns)   --->   "%and_ln102_660 = and i1 %icmp_ln86_688, i1 %xor_ln104" [firmware/BDT.h:102]   --->   Operation 114 'and' 'and_ln102_660' <Predicate = true> <Delay = 0.12> <CoreInst = "LogicGate">   --->   Core 74 'LogicGate' <Latency = 0> <II = 1> <Delay = 0.12> <FuncUnit> <Opcode : 'and' 'or' 'xor'> <InPorts = 2> <OutPorts = 1>
ST_2 : Operation 115 [1/1] (0.00ns) (grouped into LUT with out node and_ln104_134)   --->   "%xor_ln104_331 = xor i1 %icmp_ln86_688, i1 1" [firmware/BDT.h:104]   --->   Operation 115 'xor' 'xor_ln104_331' <Predicate = true> <Delay = 0.00> <CoreInst = "LogicGate">   --->   Core 74 'LogicGate' <Latency = 0> <II = 1> <Delay = 0.12> <FuncUnit> <Opcode : 'and' 'or' 'xor'> <InPorts = 2> <OutPorts = 1>
ST_2 : Operation 116 [1/1] (0.12ns) (out node of the LUT)   --->   "%and_ln104_134 = and i1 %xor_ln104_331, i1 %xor_ln104" [firmware/BDT.h:104]   --->   Operation 116 'and' 'and_ln104_134' <Predicate = true> <Delay = 0.12> <CoreInst = "LogicGate">   --->   Core 74 'LogicGate' <Latency = 0> <II = 1> <Delay = 0.12> <FuncUnit> <Opcode : 'and' 'or' 'xor'> <InPorts = 2> <OutPorts = 1>
ST_2 : Operation 117 [1/1] (0.12ns)   --->   "%and_ln102_663 = and i1 %icmp_ln86_691, i1 %and_ln102_660" [firmware/BDT.h:102]   --->   Operation 117 'and' 'and_ln102_663' <Predicate = true> <Delay = 0.12> <CoreInst = "LogicGate">   --->   Core 74 'LogicGate' <Latency = 0> <II = 1> <Delay = 0.12> <FuncUnit> <Opcode : 'and' 'or' 'xor'> <InPorts = 2> <OutPorts = 1>
ST_2 : Operation 118 [1/1] (0.00ns) (grouped into LUT with out node and_ln104_137)   --->   "%xor_ln104_334 = xor i1 %icmp_ln86_691, i1 1" [firmware/BDT.h:104]   --->   Operation 118 'xor' 'xor_ln104_334' <Predicate = true> <Delay = 0.00> <CoreInst = "LogicGate">   --->   Core 74 'LogicGate' <Latency = 0> <II = 1> <Delay = 0.12> <FuncUnit> <Opcode : 'and' 'or' 'xor'> <InPorts = 2> <OutPorts = 1>
ST_2 : Operation 119 [1/1] (0.12ns) (out node of the LUT)   --->   "%and_ln104_137 = and i1 %and_ln102_660, i1 %xor_ln104_334" [firmware/BDT.h:104]   --->   Operation 119 'and' 'and_ln104_137' <Predicate = true> <Delay = 0.12> <CoreInst = "LogicGate">   --->   Core 74 'LogicGate' <Latency = 0> <II = 1> <Delay = 0.12> <FuncUnit> <Opcode : 'and' 'or' 'xor'> <InPorts = 2> <OutPorts = 1>
ST_2 : Operation 120 [1/1] (0.12ns)   --->   "%and_ln102_664 = and i1 %icmp_ln86_692, i1 %and_ln104_134" [firmware/BDT.h:102]   --->   Operation 120 'and' 'and_ln102_664' <Predicate = true> <Delay = 0.12> <CoreInst = "LogicGate">   --->   Core 74 'LogicGate' <Latency = 0> <II = 1> <Delay = 0.12> <FuncUnit> <Opcode : 'and' 'or' 'xor'> <InPorts = 2> <OutPorts = 1>
ST_2 : Operation 121 [1/1] (0.00ns) (grouped into LUT with out node and_ln104_138)   --->   "%xor_ln104_335 = xor i1 %icmp_ln86_692, i1 1" [firmware/BDT.h:104]   --->   Operation 121 'xor' 'xor_ln104_335' <Predicate = true> <Delay = 0.00> <CoreInst = "LogicGate">   --->   Core 74 'LogicGate' <Latency = 0> <II = 1> <Delay = 0.12> <FuncUnit> <Opcode : 'and' 'or' 'xor'> <InPorts = 2> <OutPorts = 1>
ST_2 : Operation 122 [1/1] (0.12ns) (out node of the LUT)   --->   "%and_ln104_138 = and i1 %and_ln104_134, i1 %xor_ln104_335" [firmware/BDT.h:104]   --->   Operation 122 'and' 'and_ln104_138' <Predicate = true> <Delay = 0.12> <CoreInst = "LogicGate">   --->   Core 74 'LogicGate' <Latency = 0> <II = 1> <Delay = 0.12> <FuncUnit> <Opcode : 'and' 'or' 'xor'> <InPorts = 2> <OutPorts = 1>
ST_2 : Operation 123 [1/1] (0.12ns)   --->   "%and_ln102_669 = and i1 %icmp_ln86_697, i1 %and_ln102_663" [firmware/BDT.h:102]   --->   Operation 123 'and' 'and_ln102_669' <Predicate = true> <Delay = 0.12> <CoreInst = "LogicGate">   --->   Core 74 'LogicGate' <Latency = 0> <II = 1> <Delay = 0.12> <FuncUnit> <Opcode : 'and' 'or' 'xor'> <InPorts = 2> <OutPorts = 1>
ST_2 : Operation 124 [1/1] (0.00ns) (grouped into LUT with out node select_ln117_683)   --->   "%xor_ln104_340 = xor i1 %icmp_ln86_697, i1 1" [firmware/BDT.h:104]   --->   Operation 124 'xor' 'xor_ln104_340' <Predicate = true> <Delay = 0.00> <CoreInst = "LogicGate">   --->   Core 74 'LogicGate' <Latency = 0> <II = 1> <Delay = 0.12> <FuncUnit> <Opcode : 'and' 'or' 'xor'> <InPorts = 2> <OutPorts = 1>
ST_2 : Operation 125 [1/1] (0.12ns)   --->   "%and_ln102_670 = and i1 %icmp_ln86_698, i1 %and_ln104_137" [firmware/BDT.h:102]   --->   Operation 125 'and' 'and_ln102_670' <Predicate = true> <Delay = 0.12> <CoreInst = "LogicGate">   --->   Core 74 'LogicGate' <Latency = 0> <II = 1> <Delay = 0.12> <FuncUnit> <Opcode : 'and' 'or' 'xor'> <InPorts = 2> <OutPorts = 1>
ST_2 : Operation 126 [1/1] (0.00ns) (grouped into LUT with out node select_ln117_687)   --->   "%xor_ln104_341 = xor i1 %icmp_ln86_698, i1 1" [firmware/BDT.h:104]   --->   Operation 126 'xor' 'xor_ln104_341' <Predicate = true> <Delay = 0.00> <CoreInst = "LogicGate">   --->   Core 74 'LogicGate' <Latency = 0> <II = 1> <Delay = 0.12> <FuncUnit> <Opcode : 'and' 'or' 'xor'> <InPorts = 2> <OutPorts = 1>
ST_2 : Operation 127 [1/1] (0.12ns)   --->   "%and_ln102_671 = and i1 %icmp_ln86_699, i1 %and_ln102_664" [firmware/BDT.h:102]   --->   Operation 127 'and' 'and_ln102_671' <Predicate = true> <Delay = 0.12> <CoreInst = "LogicGate">   --->   Core 74 'LogicGate' <Latency = 0> <II = 1> <Delay = 0.12> <FuncUnit> <Opcode : 'and' 'or' 'xor'> <InPorts = 2> <OutPorts = 1>
ST_2 : Operation 128 [1/1] (0.00ns) (grouped into LUT with out node select_ln117_691)   --->   "%xor_ln104_342 = xor i1 %icmp_ln86_699, i1 1" [firmware/BDT.h:104]   --->   Operation 128 'xor' 'xor_ln104_342' <Predicate = true> <Delay = 0.00> <CoreInst = "LogicGate">   --->   Core 74 'LogicGate' <Latency = 0> <II = 1> <Delay = 0.12> <FuncUnit> <Opcode : 'and' 'or' 'xor'> <InPorts = 2> <OutPorts = 1>
ST_2 : Operation 129 [1/1] (0.12ns)   --->   "%and_ln102_672 = and i1 %icmp_ln86_1396, i1 %and_ln104_138" [firmware/BDT.h:102]   --->   Operation 129 'and' 'and_ln102_672' <Predicate = true> <Delay = 0.12> <CoreInst = "LogicGate">   --->   Core 74 'LogicGate' <Latency = 0> <II = 1> <Delay = 0.12> <FuncUnit> <Opcode : 'and' 'or' 'xor'> <InPorts = 2> <OutPorts = 1>
ST_2 : Operation 130 [1/1] (0.00ns) (grouped into LUT with out node agg_result)   --->   "%xor_ln104_343 = xor i1 %icmp_ln86_1396, i1 1" [firmware/BDT.h:104]   --->   Operation 130 'xor' 'xor_ln104_343' <Predicate = true> <Delay = 0.00> <CoreInst = "LogicGate">   --->   Core 74 'LogicGate' <Latency = 0> <II = 1> <Delay = 0.12> <FuncUnit> <Opcode : 'and' 'or' 'xor'> <InPorts = 2> <OutPorts = 1>
ST_2 : Operation 131 [1/1] (0.00ns) (grouped into LUT with out node select_ln117_681)   --->   "%and_ln102_680 = and i1 %icmp_ln86_708, i1 %and_ln102_669" [firmware/BDT.h:102]   --->   Operation 131 'and' 'and_ln102_680' <Predicate = true> <Delay = 0.00> <CoreInst = "LogicGate">   --->   Core 74 'LogicGate' <Latency = 0> <II = 1> <Delay = 0.12> <FuncUnit> <Opcode : 'and' 'or' 'xor'> <InPorts = 2> <OutPorts = 1>
ST_2 : Operation 132 [1/1] (0.00ns) (grouped into LUT with out node select_ln117_683)   --->   "%and_ln102_692 = and i1 %icmp_ln86_709, i1 %xor_ln104_340" [firmware/BDT.h:102]   --->   Operation 132 'and' 'and_ln102_692' <Predicate = true> <Delay = 0.00> <CoreInst = "LogicGate">   --->   Core 74 'LogicGate' <Latency = 0> <II = 1> <Delay = 0.12> <FuncUnit> <Opcode : 'and' 'or' 'xor'> <InPorts = 2> <OutPorts = 1>
ST_2 : Operation 133 [1/1] (0.00ns) (grouped into LUT with out node select_ln117_683)   --->   "%and_ln102_681 = and i1 %and_ln102_692, i1 %and_ln102_663" [firmware/BDT.h:102]   --->   Operation 133 'and' 'and_ln102_681' <Predicate = true> <Delay = 0.00> <CoreInst = "LogicGate">   --->   Core 74 'LogicGate' <Latency = 0> <II = 1> <Delay = 0.12> <FuncUnit> <Opcode : 'and' 'or' 'xor'> <InPorts = 2> <OutPorts = 1>
ST_2 : Operation 134 [1/1] (0.00ns) (grouped into LUT with out node select_ln117_685)   --->   "%and_ln102_682 = and i1 %icmp_ln86_710, i1 %and_ln102_670" [firmware/BDT.h:102]   --->   Operation 134 'and' 'and_ln102_682' <Predicate = true> <Delay = 0.00> <CoreInst = "LogicGate">   --->   Core 74 'LogicGate' <Latency = 0> <II = 1> <Delay = 0.12> <FuncUnit> <Opcode : 'and' 'or' 'xor'> <InPorts = 2> <OutPorts = 1>
ST_2 : Operation 135 [1/1] (0.00ns) (grouped into LUT with out node select_ln117_687)   --->   "%and_ln102_693 = and i1 %icmp_ln86_711, i1 %xor_ln104_341" [firmware/BDT.h:102]   --->   Operation 135 'and' 'and_ln102_693' <Predicate = true> <Delay = 0.00> <CoreInst = "LogicGate">   --->   Core 74 'LogicGate' <Latency = 0> <II = 1> <Delay = 0.12> <FuncUnit> <Opcode : 'and' 'or' 'xor'> <InPorts = 2> <OutPorts = 1>
ST_2 : Operation 136 [1/1] (0.00ns) (grouped into LUT with out node select_ln117_687)   --->   "%and_ln102_683 = and i1 %and_ln102_693, i1 %and_ln104_137" [firmware/BDT.h:102]   --->   Operation 136 'and' 'and_ln102_683' <Predicate = true> <Delay = 0.00> <CoreInst = "LogicGate">   --->   Core 74 'LogicGate' <Latency = 0> <II = 1> <Delay = 0.12> <FuncUnit> <Opcode : 'and' 'or' 'xor'> <InPorts = 2> <OutPorts = 1>
ST_2 : Operation 137 [1/1] (0.00ns) (grouped into LUT with out node select_ln117_689)   --->   "%and_ln102_684 = and i1 %icmp_ln86_712, i1 %and_ln102_671" [firmware/BDT.h:102]   --->   Operation 137 'and' 'and_ln102_684' <Predicate = true> <Delay = 0.00> <CoreInst = "LogicGate">   --->   Core 74 'LogicGate' <Latency = 0> <II = 1> <Delay = 0.12> <FuncUnit> <Opcode : 'and' 'or' 'xor'> <InPorts = 2> <OutPorts = 1>
ST_2 : Operation 138 [1/1] (0.00ns) (grouped into LUT with out node select_ln117_691)   --->   "%and_ln102_694 = and i1 %icmp_ln86_713, i1 %xor_ln104_342" [firmware/BDT.h:102]   --->   Operation 138 'and' 'and_ln102_694' <Predicate = true> <Delay = 0.00> <CoreInst = "LogicGate">   --->   Core 74 'LogicGate' <Latency = 0> <II = 1> <Delay = 0.12> <FuncUnit> <Opcode : 'and' 'or' 'xor'> <InPorts = 2> <OutPorts = 1>
ST_2 : Operation 139 [1/1] (0.00ns) (grouped into LUT with out node select_ln117_691)   --->   "%and_ln102_685 = and i1 %and_ln102_694, i1 %and_ln102_664" [firmware/BDT.h:102]   --->   Operation 139 'and' 'and_ln102_685' <Predicate = true> <Delay = 0.00> <CoreInst = "LogicGate">   --->   Core 74 'LogicGate' <Latency = 0> <II = 1> <Delay = 0.12> <FuncUnit> <Opcode : 'and' 'or' 'xor'> <InPorts = 2> <OutPorts = 1>
ST_2 : Operation 140 [1/1] (0.00ns) (grouped into LUT with out node select_ln117_693)   --->   "%and_ln102_686 = and i1 %icmp_ln86_714, i1 %and_ln102_672" [firmware/BDT.h:102]   --->   Operation 140 'and' 'and_ln102_686' <Predicate = true> <Delay = 0.00> <CoreInst = "LogicGate">   --->   Core 74 'LogicGate' <Latency = 0> <II = 1> <Delay = 0.12> <FuncUnit> <Opcode : 'and' 'or' 'xor'> <InPorts = 2> <OutPorts = 1>
ST_2 : Operation 141 [1/1] (0.00ns) (grouped into LUT with out node agg_result)   --->   "%and_ln102_695 = and i1 %icmp_ln86_715, i1 %xor_ln104_343" [firmware/BDT.h:102]   --->   Operation 141 'and' 'and_ln102_695' <Predicate = true> <Delay = 0.00> <CoreInst = "LogicGate">   --->   Core 74 'LogicGate' <Latency = 0> <II = 1> <Delay = 0.12> <FuncUnit> <Opcode : 'and' 'or' 'xor'> <InPorts = 2> <OutPorts = 1>
ST_2 : Operation 142 [1/1] (0.00ns) (grouped into LUT with out node agg_result)   --->   "%and_ln102_687 = and i1 %and_ln102_695, i1 %and_ln104_138" [firmware/BDT.h:102]   --->   Operation 142 'and' 'and_ln102_687' <Predicate = true> <Delay = 0.00> <CoreInst = "LogicGate">   --->   Core 74 'LogicGate' <Latency = 0> <II = 1> <Delay = 0.12> <FuncUnit> <Opcode : 'and' 'or' 'xor'> <InPorts = 2> <OutPorts = 1>
ST_2 : Operation 143 [1/1] (0.00ns) (grouped into LUT with out node select_ln117_681)   --->   "%or_ln117_640 = or i1 %icmp_ln86, i1 %and_ln102_680" [firmware/BDT.h:117]   --->   Operation 143 'or' 'or_ln117_640' <Predicate = true> <Delay = 0.00> <CoreInst = "LogicGate">   --->   Core 74 'LogicGate' <Latency = 0> <II = 1> <Delay = 0.12> <FuncUnit> <Opcode : 'and' 'or' 'xor'> <InPorts = 2> <OutPorts = 1>
ST_2 : Operation 144 [1/1] (0.00ns) (grouped into LUT with out node select_ln117_681)   --->   "%zext_ln117_77 = zext i4 %select_ln117_679" [firmware/BDT.h:117]   --->   Operation 144 'zext' 'zext_ln117_77' <Predicate = true> <Delay = 0.00>
ST_2 : Operation 145 [1/1] (0.12ns)   --->   "%or_ln117_641 = or i1 %icmp_ln86, i1 %and_ln102_669" [firmware/BDT.h:117]   --->   Operation 145 'or' 'or_ln117_641' <Predicate = true> <Delay = 0.12> <CoreInst = "LogicGate">   --->   Core 74 'LogicGate' <Latency = 0> <II = 1> <Delay = 0.12> <FuncUnit> <Opcode : 'and' 'or' 'xor'> <InPorts = 2> <OutPorts = 1>
ST_2 : Operation 146 [1/1] (0.00ns) (grouped into LUT with out node select_ln117_681)   --->   "%select_ln117_680 = select i1 %or_ln117_640, i5 %zext_ln117_77, i5 16" [firmware/BDT.h:117]   --->   Operation 146 'select' 'select_ln117_680' <Predicate = true> <Delay = 0.00> <CoreInst = "Sel">   --->   Core 73 'Sel' <Latency = 0> <II = 1> <Delay = 0.27> <FuncUnit> <Opcode : 'select'> <InPorts = 3> <OutPorts = 1>
ST_2 : Operation 147 [1/1] (0.00ns) (grouped into LUT with out node select_ln117_683)   --->   "%or_ln117_642 = or i1 %or_ln117_641, i1 %and_ln102_681" [firmware/BDT.h:117]   --->   Operation 147 'or' 'or_ln117_642' <Predicate = true> <Delay = 0.00> <CoreInst = "LogicGate">   --->   Core 74 'LogicGate' <Latency = 0> <II = 1> <Delay = 0.12> <FuncUnit> <Opcode : 'and' 'or' 'xor'> <InPorts = 2> <OutPorts = 1>
ST_2 : Operation 148 [1/1] (0.27ns) (out node of the LUT)   --->   "%select_ln117_681 = select i1 %or_ln117_641, i5 %select_ln117_680, i5 17" [firmware/BDT.h:117]   --->   Operation 148 'select' 'select_ln117_681' <Predicate = true> <Delay = 0.27> <CoreInst = "Sel">   --->   Core 73 'Sel' <Latency = 0> <II = 1> <Delay = 0.27> <FuncUnit> <Opcode : 'select'> <InPorts = 3> <OutPorts = 1>
ST_2 : Operation 149 [1/1] (0.12ns)   --->   "%or_ln117_643 = or i1 %icmp_ln86, i1 %and_ln102_663" [firmware/BDT.h:117]   --->   Operation 149 'or' 'or_ln117_643' <Predicate = true> <Delay = 0.12> <CoreInst = "LogicGate">   --->   Core 74 'LogicGate' <Latency = 0> <II = 1> <Delay = 0.12> <FuncUnit> <Opcode : 'and' 'or' 'xor'> <InPorts = 2> <OutPorts = 1>
ST_2 : Operation 150 [1/1] (0.00ns) (grouped into LUT with out node select_ln117_683)   --->   "%select_ln117_682 = select i1 %or_ln117_642, i5 %select_ln117_681, i5 18" [firmware/BDT.h:117]   --->   Operation 150 'select' 'select_ln117_682' <Predicate = true> <Delay = 0.00> <CoreInst = "Sel">   --->   Core 73 'Sel' <Latency = 0> <II = 1> <Delay = 0.27> <FuncUnit> <Opcode : 'select'> <InPorts = 3> <OutPorts = 1>
ST_2 : Operation 151 [1/1] (0.00ns) (grouped into LUT with out node select_ln117_685)   --->   "%or_ln117_644 = or i1 %or_ln117_643, i1 %and_ln102_682" [firmware/BDT.h:117]   --->   Operation 151 'or' 'or_ln117_644' <Predicate = true> <Delay = 0.00> <CoreInst = "LogicGate">   --->   Core 74 'LogicGate' <Latency = 0> <II = 1> <Delay = 0.12> <FuncUnit> <Opcode : 'and' 'or' 'xor'> <InPorts = 2> <OutPorts = 1>
ST_2 : Operation 152 [1/1] (0.27ns) (out node of the LUT)   --->   "%select_ln117_683 = select i1 %or_ln117_643, i5 %select_ln117_682, i5 19" [firmware/BDT.h:117]   --->   Operation 152 'select' 'select_ln117_683' <Predicate = true> <Delay = 0.27> <CoreInst = "Sel">   --->   Core 73 'Sel' <Latency = 0> <II = 1> <Delay = 0.27> <FuncUnit> <Opcode : 'select'> <InPorts = 3> <OutPorts = 1>
ST_2 : Operation 153 [1/1] (0.12ns)   --->   "%or_ln117_645 = or i1 %or_ln117_643, i1 %and_ln102_670" [firmware/BDT.h:117]   --->   Operation 153 'or' 'or_ln117_645' <Predicate = true> <Delay = 0.12> <CoreInst = "LogicGate">   --->   Core 74 'LogicGate' <Latency = 0> <II = 1> <Delay = 0.12> <FuncUnit> <Opcode : 'and' 'or' 'xor'> <InPorts = 2> <OutPorts = 1>
ST_2 : Operation 154 [1/1] (0.00ns) (grouped into LUT with out node select_ln117_685)   --->   "%select_ln117_684 = select i1 %or_ln117_644, i5 %select_ln117_683, i5 20" [firmware/BDT.h:117]   --->   Operation 154 'select' 'select_ln117_684' <Predicate = true> <Delay = 0.00> <CoreInst = "Sel">   --->   Core 73 'Sel' <Latency = 0> <II = 1> <Delay = 0.27> <FuncUnit> <Opcode : 'select'> <InPorts = 3> <OutPorts = 1>
ST_2 : Operation 155 [1/1] (0.00ns) (grouped into LUT with out node select_ln117_687)   --->   "%or_ln117_646 = or i1 %or_ln117_645, i1 %and_ln102_683" [firmware/BDT.h:117]   --->   Operation 155 'or' 'or_ln117_646' <Predicate = true> <Delay = 0.00> <CoreInst = "LogicGate">   --->   Core 74 'LogicGate' <Latency = 0> <II = 1> <Delay = 0.12> <FuncUnit> <Opcode : 'and' 'or' 'xor'> <InPorts = 2> <OutPorts = 1>
ST_2 : Operation 156 [1/1] (0.27ns) (out node of the LUT)   --->   "%select_ln117_685 = select i1 %or_ln117_645, i5 %select_ln117_684, i5 21" [firmware/BDT.h:117]   --->   Operation 156 'select' 'select_ln117_685' <Predicate = true> <Delay = 0.27> <CoreInst = "Sel">   --->   Core 73 'Sel' <Latency = 0> <II = 1> <Delay = 0.27> <FuncUnit> <Opcode : 'select'> <InPorts = 3> <OutPorts = 1>
ST_2 : Operation 157 [1/1] (0.12ns)   --->   "%or_ln117_647 = or i1 %icmp_ln86, i1 %and_ln102_660" [firmware/BDT.h:117]   --->   Operation 157 'or' 'or_ln117_647' <Predicate = true> <Delay = 0.12> <CoreInst = "LogicGate">   --->   Core 74 'LogicGate' <Latency = 0> <II = 1> <Delay = 0.12> <FuncUnit> <Opcode : 'and' 'or' 'xor'> <InPorts = 2> <OutPorts = 1>
ST_2 : Operation 158 [1/1] (0.00ns) (grouped into LUT with out node select_ln117_687)   --->   "%select_ln117_686 = select i1 %or_ln117_646, i5 %select_ln117_685, i5 22" [firmware/BDT.h:117]   --->   Operation 158 'select' 'select_ln117_686' <Predicate = true> <Delay = 0.00> <CoreInst = "Sel">   --->   Core 73 'Sel' <Latency = 0> <II = 1> <Delay = 0.27> <FuncUnit> <Opcode : 'select'> <InPorts = 3> <OutPorts = 1>
ST_2 : Operation 159 [1/1] (0.00ns) (grouped into LUT with out node select_ln117_689)   --->   "%or_ln117_648 = or i1 %or_ln117_647, i1 %and_ln102_684" [firmware/BDT.h:117]   --->   Operation 159 'or' 'or_ln117_648' <Predicate = true> <Delay = 0.00> <CoreInst = "LogicGate">   --->   Core 74 'LogicGate' <Latency = 0> <II = 1> <Delay = 0.12> <FuncUnit> <Opcode : 'and' 'or' 'xor'> <InPorts = 2> <OutPorts = 1>
ST_2 : Operation 160 [1/1] (0.27ns) (out node of the LUT)   --->   "%select_ln117_687 = select i1 %or_ln117_647, i5 %select_ln117_686, i5 23" [firmware/BDT.h:117]   --->   Operation 160 'select' 'select_ln117_687' <Predicate = true> <Delay = 0.27> <CoreInst = "Sel">   --->   Core 73 'Sel' <Latency = 0> <II = 1> <Delay = 0.27> <FuncUnit> <Opcode : 'select'> <InPorts = 3> <OutPorts = 1>
ST_2 : Operation 161 [1/1] (0.12ns)   --->   "%or_ln117_649 = or i1 %or_ln117_647, i1 %and_ln102_671" [firmware/BDT.h:117]   --->   Operation 161 'or' 'or_ln117_649' <Predicate = true> <Delay = 0.12> <CoreInst = "LogicGate">   --->   Core 74 'LogicGate' <Latency = 0> <II = 1> <Delay = 0.12> <FuncUnit> <Opcode : 'and' 'or' 'xor'> <InPorts = 2> <OutPorts = 1>
ST_2 : Operation 162 [1/1] (0.00ns) (grouped into LUT with out node select_ln117_689)   --->   "%select_ln117_688 = select i1 %or_ln117_648, i5 %select_ln117_687, i5 24" [firmware/BDT.h:117]   --->   Operation 162 'select' 'select_ln117_688' <Predicate = true> <Delay = 0.00> <CoreInst = "Sel">   --->   Core 73 'Sel' <Latency = 0> <II = 1> <Delay = 0.27> <FuncUnit> <Opcode : 'select'> <InPorts = 3> <OutPorts = 1>
ST_2 : Operation 163 [1/1] (0.00ns) (grouped into LUT with out node select_ln117_691)   --->   "%or_ln117_650 = or i1 %or_ln117_649, i1 %and_ln102_685" [firmware/BDT.h:117]   --->   Operation 163 'or' 'or_ln117_650' <Predicate = true> <Delay = 0.00> <CoreInst = "LogicGate">   --->   Core 74 'LogicGate' <Latency = 0> <II = 1> <Delay = 0.12> <FuncUnit> <Opcode : 'and' 'or' 'xor'> <InPorts = 2> <OutPorts = 1>
ST_2 : Operation 164 [1/1] (0.27ns) (out node of the LUT)   --->   "%select_ln117_689 = select i1 %or_ln117_649, i5 %select_ln117_688, i5 25" [firmware/BDT.h:117]   --->   Operation 164 'select' 'select_ln117_689' <Predicate = true> <Delay = 0.27> <CoreInst = "Sel">   --->   Core 73 'Sel' <Latency = 0> <II = 1> <Delay = 0.27> <FuncUnit> <Opcode : 'select'> <InPorts = 3> <OutPorts = 1>
ST_2 : Operation 165 [1/1] (0.12ns)   --->   "%or_ln117_651 = or i1 %or_ln117_647, i1 %and_ln102_664" [firmware/BDT.h:117]   --->   Operation 165 'or' 'or_ln117_651' <Predicate = true> <Delay = 0.12> <CoreInst = "LogicGate">   --->   Core 74 'LogicGate' <Latency = 0> <II = 1> <Delay = 0.12> <FuncUnit> <Opcode : 'and' 'or' 'xor'> <InPorts = 2> <OutPorts = 1>
ST_2 : Operation 166 [1/1] (0.00ns) (grouped into LUT with out node select_ln117_691)   --->   "%select_ln117_690 = select i1 %or_ln117_650, i5 %select_ln117_689, i5 26" [firmware/BDT.h:117]   --->   Operation 166 'select' 'select_ln117_690' <Predicate = true> <Delay = 0.00> <CoreInst = "Sel">   --->   Core 73 'Sel' <Latency = 0> <II = 1> <Delay = 0.27> <FuncUnit> <Opcode : 'select'> <InPorts = 3> <OutPorts = 1>
ST_2 : Operation 167 [1/1] (0.00ns) (grouped into LUT with out node select_ln117_693)   --->   "%or_ln117_652 = or i1 %or_ln117_651, i1 %and_ln102_686" [firmware/BDT.h:117]   --->   Operation 167 'or' 'or_ln117_652' <Predicate = true> <Delay = 0.00> <CoreInst = "LogicGate">   --->   Core 74 'LogicGate' <Latency = 0> <II = 1> <Delay = 0.12> <FuncUnit> <Opcode : 'and' 'or' 'xor'> <InPorts = 2> <OutPorts = 1>
ST_2 : Operation 168 [1/1] (0.27ns) (out node of the LUT)   --->   "%select_ln117_691 = select i1 %or_ln117_651, i5 %select_ln117_690, i5 27" [firmware/BDT.h:117]   --->   Operation 168 'select' 'select_ln117_691' <Predicate = true> <Delay = 0.27> <CoreInst = "Sel">   --->   Core 73 'Sel' <Latency = 0> <II = 1> <Delay = 0.27> <FuncUnit> <Opcode : 'select'> <InPorts = 3> <OutPorts = 1>
ST_2 : Operation 169 [1/1] (0.12ns)   --->   "%or_ln117_653 = or i1 %or_ln117_651, i1 %and_ln102_672" [firmware/BDT.h:117]   --->   Operation 169 'or' 'or_ln117_653' <Predicate = true> <Delay = 0.12> <CoreInst = "LogicGate">   --->   Core 74 'LogicGate' <Latency = 0> <II = 1> <Delay = 0.12> <FuncUnit> <Opcode : 'and' 'or' 'xor'> <InPorts = 2> <OutPorts = 1>
ST_2 : Operation 170 [1/1] (0.00ns) (grouped into LUT with out node select_ln117_693)   --->   "%select_ln117_692 = select i1 %or_ln117_652, i5 %select_ln117_691, i5 28" [firmware/BDT.h:117]   --->   Operation 170 'select' 'select_ln117_692' <Predicate = true> <Delay = 0.00> <CoreInst = "Sel">   --->   Core 73 'Sel' <Latency = 0> <II = 1> <Delay = 0.27> <FuncUnit> <Opcode : 'select'> <InPorts = 3> <OutPorts = 1>
ST_2 : Operation 171 [1/1] (0.00ns) (grouped into LUT with out node agg_result)   --->   "%or_ln117_654 = or i1 %or_ln117_653, i1 %and_ln102_687" [firmware/BDT.h:117]   --->   Operation 171 'or' 'or_ln117_654' <Predicate = true> <Delay = 0.00> <CoreInst = "LogicGate">   --->   Core 74 'LogicGate' <Latency = 0> <II = 1> <Delay = 0.12> <FuncUnit> <Opcode : 'and' 'or' 'xor'> <InPorts = 2> <OutPorts = 1>
ST_2 : Operation 172 [1/1] (0.27ns) (out node of the LUT)   --->   "%select_ln117_693 = select i1 %or_ln117_653, i5 %select_ln117_692, i5 29" [firmware/BDT.h:117]   --->   Operation 172 'select' 'select_ln117_693' <Predicate = true> <Delay = 0.27> <CoreInst = "Sel">   --->   Core 73 'Sel' <Latency = 0> <II = 1> <Delay = 0.27> <FuncUnit> <Opcode : 'select'> <InPorts = 3> <OutPorts = 1>
ST_2 : Operation 173 [1/1] (0.00ns) (grouped into LUT with out node agg_result)   --->   "%select_ln117_694 = select i1 %or_ln117_654, i5 %select_ln117_693, i5 30" [firmware/BDT.h:117]   --->   Operation 173 'select' 'select_ln117_694' <Predicate = true> <Delay = 0.00> <CoreInst = "Sel">   --->   Core 73 'Sel' <Latency = 0> <II = 1> <Delay = 0.27> <FuncUnit> <Opcode : 'select'> <InPorts = 3> <OutPorts = 1>
ST_2 : Operation 174 [1/1] (0.64ns) (out node of the LUT)   --->   "%agg_result = sparsemux i12 @_ssdm_op_SparseMux.ap_auto.31i12.i12.i5, i5 0, i12 3782, i5 1, i12 3976, i5 2, i12 3452, i5 3, i12 243, i5 4, i12 3987, i5 5, i12 1376, i5 6, i12 166, i5 7, i12 647, i5 8, i12 3689, i5 9, i12 4069, i5 10, i12 1010, i5 11, i12 51, i5 12, i12 1342, i5 13, i12 1227, i5 14, i12 3839, i5 15, i12 4002, i5 16, i12 462, i5 17, i12 48, i5 18, i12 4058, i5 19, i12 3821, i5 20, i12 443, i5 21, i12 78, i5 22, i12 4063, i5 23, i12 4089, i5 24, i12 54, i5 25, i12 4056, i5 26, i12 3639, i5 27, i12 3634, i5 28, i12 49, i5 29, i12 320, i5 30, i12 81, i12 0, i5 %select_ln117_694" [firmware/BDT.h:118]   --->   Operation 174 'sparsemux' 'agg_result' <Predicate = true> <Delay = 0.64> <CoreInst = "SparseMux">   --->   Core 144 'SparseMux' <Latency = 0> <II = 1> <Delay = 0.64> <FuncUnit> <Opcode : 'sparsemux'> <InPorts = 2> <OutPorts = 1>
ST_2 : Operation 175 [1/1] (0.00ns)   --->   "%ret_ln122 = ret i12 %agg_result" [firmware/BDT.h:122]   --->   Operation 175 'ret' 'ret_ln122' <Predicate = true> <Delay = 0.00>


============================================================
+ Verbose Summary: Timing violations
============================================================
Target clock period: 5.000ns, clock uncertainty: 1.350ns.

 <State 1>: 3.401ns
The critical path consists of the following:
	wire read operation ('x_43_val_read', firmware/BDT.h:86) on port 'x_43_val' (firmware/BDT.h:86) [23]  (0.000 ns)
	'icmp' operation 1 bit ('icmp_ln86_687', firmware/BDT.h:86) [39]  (0.797 ns)
	'and' operation 1 bit ('and_ln102', firmware/BDT.h:102) [70]  (0.122 ns)
	'and' operation 1 bit ('and_ln104_135', firmware/BDT.h:104) [78]  (0.122 ns)
	'and' operation 1 bit ('and_ln104_139', firmware/BDT.h:104) [91]  (0.122 ns)
	'or' operation 1 bit ('or_ln117', firmware/BDT.h:117) [127]  (0.000 ns)
	'select' operation 2 bit ('select_ln117', firmware/BDT.h:117) [133]  (0.278 ns)
	'select' operation 2 bit ('select_ln117_667', firmware/BDT.h:117) [135]  (0.000 ns)
	'select' operation 3 bit ('select_ln117_668', firmware/BDT.h:117) [138]  (0.278 ns)
	'select' operation 3 bit ('select_ln117_669', firmware/BDT.h:117) [140]  (0.000 ns)
	'select' operation 3 bit ('select_ln117_670', firmware/BDT.h:117) [141]  (0.278 ns)
	'select' operation 3 bit ('select_ln117_671', firmware/BDT.h:117) [143]  (0.000 ns)
	'select' operation 4 bit ('select_ln117_672', firmware/BDT.h:117) [146]  (0.000 ns)
	'select' operation 4 bit ('select_ln117_673', firmware/BDT.h:117) [148]  (0.351 ns)
	'select' operation 4 bit ('select_ln117_674', firmware/BDT.h:117) [150]  (0.000 ns)
	'select' operation 4 bit ('select_ln117_675', firmware/BDT.h:117) [152]  (0.351 ns)
	'select' operation 4 bit ('select_ln117_676', firmware/BDT.h:117) [154]  (0.000 ns)
	'select' operation 4 bit ('select_ln117_677', firmware/BDT.h:117) [156]  (0.351 ns)
	'select' operation 4 bit ('select_ln117_678', firmware/BDT.h:117) [157]  (0.000 ns)
	'select' operation 4 bit ('select_ln117_679', firmware/BDT.h:117) [159]  (0.351 ns)

 <State 2>: 3.198ns
The critical path consists of the following:
	'xor' operation 1 bit ('xor_ln104', firmware/BDT.h:104) [69]  (0.122 ns)
	'and' operation 1 bit ('and_ln102_660', firmware/BDT.h:102) [73]  (0.122 ns)
	'and' operation 1 bit ('and_ln102_663', firmware/BDT.h:102) [82]  (0.122 ns)
	'and' operation 1 bit ('and_ln102_669', firmware/BDT.h:102) [96]  (0.122 ns)
	'or' operation 1 bit ('or_ln117_641', firmware/BDT.h:117) [161]  (0.122 ns)
	'select' operation 5 bit ('select_ln117_681', firmware/BDT.h:117) [164]  (0.278 ns)
	'select' operation 5 bit ('select_ln117_682', firmware/BDT.h:117) [166]  (0.000 ns)
	'select' operation 5 bit ('select_ln117_683', firmware/BDT.h:117) [168]  (0.278 ns)
	'select' operation 5 bit ('select_ln117_684', firmware/BDT.h:117) [170]  (0.000 ns)
	'select' operation 5 bit ('select_ln117_685', firmware/BDT.h:117) [172]  (0.278 ns)
	'select' operation 5 bit ('select_ln117_686', firmware/BDT.h:117) [174]  (0.000 ns)
	'select' operation 5 bit ('select_ln117_687', firmware/BDT.h:117) [176]  (0.278 ns)
	'select' operation 5 bit ('select_ln117_688', firmware/BDT.h:117) [178]  (0.000 ns)
	'select' operation 5 bit ('select_ln117_689', firmware/BDT.h:117) [180]  (0.278 ns)
	'select' operation 5 bit ('select_ln117_690', firmware/BDT.h:117) [182]  (0.000 ns)
	'select' operation 5 bit ('select_ln117_691', firmware/BDT.h:117) [184]  (0.278 ns)
	'select' operation 5 bit ('select_ln117_692', firmware/BDT.h:117) [186]  (0.000 ns)
	'select' operation 5 bit ('select_ln117_693', firmware/BDT.h:117) [188]  (0.278 ns)
	'select' operation 5 bit ('select_ln117_694', firmware/BDT.h:117) [189]  (0.000 ns)
	'sparsemux' operation 12 bit ('agg_result', firmware/BDT.h:118) [190]  (0.642 ns)


============================================================
+ Verbose Summary: Binding
============================================================
N/A
* FSMD analyzer results:
  - Output states:
 - Input state : 
  - Chain level:
	State 1
	State 2


============================================================
+ Verbose Summary: Datapath Resource usage 
============================================================
N/A
