

================================================================
== Vitis HLS Report for 'decision_function_72'
================================================================
* Date:           Thu Jan 23 13:40:18 2025

* Version:        2024.1 (Build 5069499 on May 21 2024)
* Project:        my_prj
* Solution:       solution1 (Vivado IP Flow Target)
* Product family: virtexuplus
* Target device:  xcu250-figd2104-2L-e


================================================================
== Performance Estimates
================================================================
+ Timing: 
    * Summary: 
    +--------+---------+----------+------------+
    |  Clock |  Target | Estimated| Uncertainty|
    +--------+---------+----------+------------+
    |ap_clk  |  5.00 ns|  3.367 ns|     1.35 ns|
    +--------+---------+----------+------------+

+ Latency: 
    * Summary: 
    +---------+---------+----------+----------+-----+-----+---------+
    |  Latency (cycles) |  Latency (absolute) |  Interval | Pipeline|
    |   min   |   max   |    min   |    max   | min | max |   Type  |
    +---------+---------+----------+----------+-----+-----+---------+
    |        1|        1|  5.000 ns|  5.000 ns|    1|    1|      yes|
    +---------+---------+----------+----------+-----+-----+---------+

    + Detail: 
        * Instance: 
        N/A

        * Loop: 
        N/A

============================================================
+ Verbose Summary: Synthesis Manager
============================================================
InlineROM: 1
ExposeGlobal: 0
============================================================
+ Verbose Summary: CDFG Model
============================================================
IsTopModel: 0
ResetActiveHigh: 1
IsCombinational: 0
IsDatapathOnly: 0
HasWiredReturn: 1
HasMFsm: 2
HasVarLatency: 0
IsPipeline: 1
IsRtlPipelined: 1
IsInstanceOverlapped: 0
IsDontTouch: 0
HasImplIP: 0
IsGatedGlobalClock: 0

+ Individual pipeline summary: 
  * Pipeline-0: initiation interval (II) = 1, depth = 2


============================================================
+ Verbose Summary: Schedule
============================================================
* Number of FSM states : 2
* Pipeline : 1
  Pipeline-0 : II = 1, D = 2, States = { 1 2 }
* Dataflow Pipeline: 0

* FSM state transitions: 
1 --> 2 
2 --> 

* FSM state operations: 

State 1 <SV = 0> <Delay = 3.36>
ST_1 : Operation 3 [1/1] (0.00ns)   --->   "%x_52_val_read = read i18 @_ssdm_op_Read.ap_auto.i18, i18 %x_52_val" [firmware/BDT.h:86]   --->   Operation 3 'read' 'x_52_val_read' <Predicate = true> <Delay = 0.00>
ST_1 : Operation 4 [1/1] (0.00ns)   --->   "%x_50_val_read = read i18 @_ssdm_op_Read.ap_auto.i18, i18 %x_50_val" [firmware/BDT.h:86]   --->   Operation 4 'read' 'x_50_val_read' <Predicate = true> <Delay = 0.00>
ST_1 : Operation 5 [1/1] (0.00ns)   --->   "%x_49_val_read = read i18 @_ssdm_op_Read.ap_auto.i18, i18 %x_49_val" [firmware/BDT.h:86]   --->   Operation 5 'read' 'x_49_val_read' <Predicate = true> <Delay = 0.00>
ST_1 : Operation 6 [1/1] (0.00ns)   --->   "%x_48_val_read = read i18 @_ssdm_op_Read.ap_auto.i18, i18 %x_48_val" [firmware/BDT.h:86]   --->   Operation 6 'read' 'x_48_val_read' <Predicate = true> <Delay = 0.00>
ST_1 : Operation 7 [1/1] (0.00ns)   --->   "%x_47_val_read = read i18 @_ssdm_op_Read.ap_auto.i18, i18 %x_47_val" [firmware/BDT.h:86]   --->   Operation 7 'read' 'x_47_val_read' <Predicate = true> <Delay = 0.00>
ST_1 : Operation 8 [1/1] (0.00ns)   --->   "%x_39_val_read = read i18 @_ssdm_op_Read.ap_auto.i18, i18 %x_39_val" [firmware/BDT.h:86]   --->   Operation 8 'read' 'x_39_val_read' <Predicate = true> <Delay = 0.00>
ST_1 : Operation 9 [1/1] (0.00ns)   --->   "%x_37_val_read = read i18 @_ssdm_op_Read.ap_auto.i18, i18 %x_37_val" [firmware/BDT.h:86]   --->   Operation 9 'read' 'x_37_val_read' <Predicate = true> <Delay = 0.00>
ST_1 : Operation 10 [1/1] (0.00ns)   --->   "%x_36_val_read = read i18 @_ssdm_op_Read.ap_auto.i18, i18 %x_36_val" [firmware/BDT.h:86]   --->   Operation 10 'read' 'x_36_val_read' <Predicate = true> <Delay = 0.00>
ST_1 : Operation 11 [1/1] (0.00ns)   --->   "%x_35_val_read = read i18 @_ssdm_op_Read.ap_auto.i18, i18 %x_35_val" [firmware/BDT.h:86]   --->   Operation 11 'read' 'x_35_val_read' <Predicate = true> <Delay = 0.00>
ST_1 : Operation 12 [1/1] (0.00ns)   --->   "%x_29_val_read = read i18 @_ssdm_op_Read.ap_auto.i18, i18 %x_29_val" [firmware/BDT.h:86]   --->   Operation 12 'read' 'x_29_val_read' <Predicate = true> <Delay = 0.00>
ST_1 : Operation 13 [1/1] (0.00ns)   --->   "%x_26_val_read = read i18 @_ssdm_op_Read.ap_auto.i18, i18 %x_26_val" [firmware/BDT.h:86]   --->   Operation 13 'read' 'x_26_val_read' <Predicate = true> <Delay = 0.00>
ST_1 : Operation 14 [1/1] (0.00ns)   --->   "%x_23_val_read = read i18 @_ssdm_op_Read.ap_auto.i18, i18 %x_23_val" [firmware/BDT.h:86]   --->   Operation 14 'read' 'x_23_val_read' <Predicate = true> <Delay = 0.00>
ST_1 : Operation 15 [1/1] (0.00ns)   --->   "%x_17_val_read = read i18 @_ssdm_op_Read.ap_auto.i18, i18 %x_17_val" [firmware/BDT.h:86]   --->   Operation 15 'read' 'x_17_val_read' <Predicate = true> <Delay = 0.00>
ST_1 : Operation 16 [1/1] (0.00ns)   --->   "%x_16_val_read = read i18 @_ssdm_op_Read.ap_auto.i18, i18 %x_16_val" [firmware/BDT.h:86]   --->   Operation 16 'read' 'x_16_val_read' <Predicate = true> <Delay = 0.00>
ST_1 : Operation 17 [1/1] (0.00ns)   --->   "%x_15_val_read = read i18 @_ssdm_op_Read.ap_auto.i18, i18 %x_15_val" [firmware/BDT.h:86]   --->   Operation 17 'read' 'x_15_val_read' <Predicate = true> <Delay = 0.00>
ST_1 : Operation 18 [1/1] (0.00ns)   --->   "%x_11_val_read = read i18 @_ssdm_op_Read.ap_auto.i18, i18 %x_11_val" [firmware/BDT.h:86]   --->   Operation 18 'read' 'x_11_val_read' <Predicate = true> <Delay = 0.00>
ST_1 : Operation 19 [1/1] (0.00ns)   --->   "%x_9_val_read = read i18 @_ssdm_op_Read.ap_auto.i18, i18 %x_9_val" [firmware/BDT.h:86]   --->   Operation 19 'read' 'x_9_val_read' <Predicate = true> <Delay = 0.00>
ST_1 : Operation 20 [1/1] (0.00ns)   --->   "%x_8_val_read = read i18 @_ssdm_op_Read.ap_auto.i18, i18 %x_8_val" [firmware/BDT.h:86]   --->   Operation 20 'read' 'x_8_val_read' <Predicate = true> <Delay = 0.00>
ST_1 : Operation 21 [1/1] (0.00ns)   --->   "%x_7_val_read = read i18 @_ssdm_op_Read.ap_auto.i18, i18 %x_7_val" [firmware/BDT.h:86]   --->   Operation 21 'read' 'x_7_val_read' <Predicate = true> <Delay = 0.00>
ST_1 : Operation 22 [1/1] (0.00ns)   --->   "%x_1_val_read = read i18 @_ssdm_op_Read.ap_auto.i18, i18 %x_1_val" [firmware/BDT.h:86]   --->   Operation 22 'read' 'x_1_val_read' <Predicate = true> <Delay = 0.00>
ST_1 : Operation 23 [1/1] (0.79ns)   --->   "%icmp_ln86 = icmp_slt  i18 %x_50_val_read, i18 95078" [firmware/BDT.h:86]   --->   Operation 23 'icmp' 'icmp_ln86' <Predicate = true> <Delay = 0.79> <CoreInst = "Cmp">   --->   Core 9 'Cmp' <Latency = 0> <II = 1> <Delay = 0.79> <FuncUnit> <Opcode : 'seteq' 'setne' 'setle' 'setge' 'setlt' 'setgt'> <InPorts = 2> <OutPorts = 1>
ST_1 : Operation 24 [1/1] (0.79ns)   --->   "%icmp_ln86_774 = icmp_slt  i18 %x_49_val_read, i18 90678" [firmware/BDT.h:86]   --->   Operation 24 'icmp' 'icmp_ln86_774' <Predicate = true> <Delay = 0.79> <CoreInst = "Cmp">   --->   Core 9 'Cmp' <Latency = 0> <II = 1> <Delay = 0.79> <FuncUnit> <Opcode : 'seteq' 'setne' 'setle' 'setge' 'setlt' 'setgt'> <InPorts = 2> <OutPorts = 1>
ST_1 : Operation 25 [1/1] (0.79ns)   --->   "%icmp_ln86_775 = icmp_slt  i18 %x_1_val_read, i18 239318" [firmware/BDT.h:86]   --->   Operation 25 'icmp' 'icmp_ln86_775' <Predicate = true> <Delay = 0.79> <CoreInst = "Cmp">   --->   Core 9 'Cmp' <Latency = 0> <II = 1> <Delay = 0.79> <FuncUnit> <Opcode : 'seteq' 'setne' 'setle' 'setge' 'setlt' 'setgt'> <InPorts = 2> <OutPorts = 1>
ST_1 : Operation 26 [1/1] (0.79ns)   --->   "%icmp_ln86_776 = icmp_slt  i18 %x_11_val_read, i18 534" [firmware/BDT.h:86]   --->   Operation 26 'icmp' 'icmp_ln86_776' <Predicate = true> <Delay = 0.79> <CoreInst = "Cmp">   --->   Core 9 'Cmp' <Latency = 0> <II = 1> <Delay = 0.79> <FuncUnit> <Opcode : 'seteq' 'setne' 'setle' 'setge' 'setlt' 'setgt'> <InPorts = 2> <OutPorts = 1>
ST_1 : Operation 27 [1/1] (0.79ns)   --->   "%icmp_ln86_777 = icmp_slt  i18 %x_15_val_read, i18 11" [firmware/BDT.h:86]   --->   Operation 27 'icmp' 'icmp_ln86_777' <Predicate = true> <Delay = 0.79> <CoreInst = "Cmp">   --->   Core 9 'Cmp' <Latency = 0> <II = 1> <Delay = 0.79> <FuncUnit> <Opcode : 'seteq' 'setne' 'setle' 'setge' 'setlt' 'setgt'> <InPorts = 2> <OutPorts = 1>
ST_1 : Operation 28 [1/1] (0.79ns)   --->   "%icmp_ln86_778 = icmp_slt  i18 %x_35_val_read, i18 58" [firmware/BDT.h:86]   --->   Operation 28 'icmp' 'icmp_ln86_778' <Predicate = true> <Delay = 0.79> <CoreInst = "Cmp">   --->   Core 9 'Cmp' <Latency = 0> <II = 1> <Delay = 0.79> <FuncUnit> <Opcode : 'seteq' 'setne' 'setle' 'setge' 'setlt' 'setgt'> <InPorts = 2> <OutPorts = 1>
ST_1 : Operation 29 [1/1] (0.79ns)   --->   "%icmp_ln86_779 = icmp_slt  i18 %x_52_val_read, i18 71169" [firmware/BDT.h:86]   --->   Operation 29 'icmp' 'icmp_ln86_779' <Predicate = true> <Delay = 0.79> <CoreInst = "Cmp">   --->   Core 9 'Cmp' <Latency = 0> <II = 1> <Delay = 0.79> <FuncUnit> <Opcode : 'seteq' 'setne' 'setle' 'setge' 'setlt' 'setgt'> <InPorts = 2> <OutPorts = 1>
ST_1 : Operation 30 [1/1] (0.79ns)   --->   "%icmp_ln86_780 = icmp_slt  i18 %x_7_val_read, i18 7115" [firmware/BDT.h:86]   --->   Operation 30 'icmp' 'icmp_ln86_780' <Predicate = true> <Delay = 0.79> <CoreInst = "Cmp">   --->   Core 9 'Cmp' <Latency = 0> <II = 1> <Delay = 0.79> <FuncUnit> <Opcode : 'seteq' 'setne' 'setle' 'setge' 'setlt' 'setgt'> <InPorts = 2> <OutPorts = 1>
ST_1 : Operation 31 [1/1] (0.79ns)   --->   "%icmp_ln86_781 = icmp_slt  i18 %x_52_val_read, i18 36353" [firmware/BDT.h:86]   --->   Operation 31 'icmp' 'icmp_ln86_781' <Predicate = true> <Delay = 0.79> <CoreInst = "Cmp">   --->   Core 9 'Cmp' <Latency = 0> <II = 1> <Delay = 0.79> <FuncUnit> <Opcode : 'seteq' 'setne' 'setle' 'setge' 'setlt' 'setgt'> <InPorts = 2> <OutPorts = 1>
ST_1 : Operation 32 [1/1] (0.79ns)   --->   "%icmp_ln86_782 = icmp_slt  i18 %x_26_val_read, i18 52029" [firmware/BDT.h:86]   --->   Operation 32 'icmp' 'icmp_ln86_782' <Predicate = true> <Delay = 0.79> <CoreInst = "Cmp">   --->   Core 9 'Cmp' <Latency = 0> <II = 1> <Delay = 0.79> <FuncUnit> <Opcode : 'seteq' 'setne' 'setle' 'setge' 'setlt' 'setgt'> <InPorts = 2> <OutPorts = 1>
ST_1 : Operation 33 [1/1] (0.79ns)   --->   "%icmp_ln86_783 = icmp_slt  i18 %x_39_val_read, i18 802" [firmware/BDT.h:86]   --->   Operation 33 'icmp' 'icmp_ln86_783' <Predicate = true> <Delay = 0.79> <CoreInst = "Cmp">   --->   Core 9 'Cmp' <Latency = 0> <II = 1> <Delay = 0.79> <FuncUnit> <Opcode : 'seteq' 'setne' 'setle' 'setge' 'setlt' 'setgt'> <InPorts = 2> <OutPorts = 1>
ST_1 : Operation 34 [1/1] (0.79ns)   --->   "%icmp_ln86_784 = icmp_slt  i18 %x_29_val_read, i18 8020" [firmware/BDT.h:86]   --->   Operation 34 'icmp' 'icmp_ln86_784' <Predicate = true> <Delay = 0.79> <CoreInst = "Cmp">   --->   Core 9 'Cmp' <Latency = 0> <II = 1> <Delay = 0.79> <FuncUnit> <Opcode : 'seteq' 'setne' 'setle' 'setge' 'setlt' 'setgt'> <InPorts = 2> <OutPorts = 1>
ST_1 : Operation 35 [1/1] (0.79ns)   --->   "%icmp_ln86_785 = icmp_slt  i18 %x_15_val_read, i18 12" [firmware/BDT.h:86]   --->   Operation 35 'icmp' 'icmp_ln86_785' <Predicate = true> <Delay = 0.79> <CoreInst = "Cmp">   --->   Core 9 'Cmp' <Latency = 0> <II = 1> <Delay = 0.79> <FuncUnit> <Opcode : 'seteq' 'setne' 'setle' 'setge' 'setlt' 'setgt'> <InPorts = 2> <OutPorts = 1>
ST_1 : Operation 36 [1/1] (0.79ns)   --->   "%icmp_ln86_786 = icmp_slt  i18 %x_23_val_read, i18 34" [firmware/BDT.h:86]   --->   Operation 36 'icmp' 'icmp_ln86_786' <Predicate = true> <Delay = 0.79> <CoreInst = "Cmp">   --->   Core 9 'Cmp' <Latency = 0> <II = 1> <Delay = 0.79> <FuncUnit> <Opcode : 'seteq' 'setne' 'setle' 'setge' 'setlt' 'setgt'> <InPorts = 2> <OutPorts = 1>
ST_1 : Operation 37 [1/1] (0.79ns)   --->   "%icmp_ln86_787 = icmp_slt  i18 %x_8_val_read, i18 2189" [firmware/BDT.h:86]   --->   Operation 37 'icmp' 'icmp_ln86_787' <Predicate = true> <Delay = 0.79> <CoreInst = "Cmp">   --->   Core 9 'Cmp' <Latency = 0> <II = 1> <Delay = 0.79> <FuncUnit> <Opcode : 'seteq' 'setne' 'setle' 'setge' 'setlt' 'setgt'> <InPorts = 2> <OutPorts = 1>
ST_1 : Operation 38 [1/1] (0.00ns)   --->   "%tmp_9 = partselect i13 @_ssdm_op_PartSelect.i13.i18.i32.i32, i18 %x_23_val_read, i32 5, i32 17" [firmware/BDT.h:86]   --->   Operation 38 'partselect' 'tmp_9' <Predicate = true> <Delay = 0.00>
ST_1 : Operation 39 [1/1] (0.75ns)   --->   "%icmp_ln86_788 = icmp_slt  i13 %tmp_9, i13 1" [firmware/BDT.h:86]   --->   Operation 39 'icmp' 'icmp_ln86_788' <Predicate = true> <Delay = 0.75> <CoreInst = "Cmp">   --->   Core 9 'Cmp' <Latency = 0> <II = 1> <Delay = 0.75> <FuncUnit> <Opcode : 'seteq' 'setne' 'setle' 'setge' 'setlt' 'setgt'> <InPorts = 2> <OutPorts = 1>
ST_1 : Operation 40 [1/1] (0.79ns)   --->   "%icmp_ln86_789 = icmp_slt  i18 %x_17_val_read, i18 34" [firmware/BDT.h:86]   --->   Operation 40 'icmp' 'icmp_ln86_789' <Predicate = true> <Delay = 0.79> <CoreInst = "Cmp">   --->   Core 9 'Cmp' <Latency = 0> <II = 1> <Delay = 0.79> <FuncUnit> <Opcode : 'seteq' 'setne' 'setle' 'setge' 'setlt' 'setgt'> <InPorts = 2> <OutPorts = 1>
ST_1 : Operation 41 [1/1] (0.79ns)   --->   "%icmp_ln86_790 = icmp_slt  i18 %x_16_val_read, i18 38" [firmware/BDT.h:86]   --->   Operation 41 'icmp' 'icmp_ln86_790' <Predicate = true> <Delay = 0.79> <CoreInst = "Cmp">   --->   Core 9 'Cmp' <Latency = 0> <II = 1> <Delay = 0.79> <FuncUnit> <Opcode : 'seteq' 'setne' 'setle' 'setge' 'setlt' 'setgt'> <InPorts = 2> <OutPorts = 1>
ST_1 : Operation 42 [1/1] (0.79ns)   --->   "%icmp_ln86_791 = icmp_slt  i18 %x_9_val_read, i18 1503" [firmware/BDT.h:86]   --->   Operation 42 'icmp' 'icmp_ln86_791' <Predicate = true> <Delay = 0.79> <CoreInst = "Cmp">   --->   Core 9 'Cmp' <Latency = 0> <II = 1> <Delay = 0.79> <FuncUnit> <Opcode : 'seteq' 'setne' 'setle' 'setge' 'setlt' 'setgt'> <InPorts = 2> <OutPorts = 1>
ST_1 : Operation 43 [1/1] (0.79ns)   --->   "%icmp_ln86_792 = icmp_slt  i18 %x_8_val_read, i18 1254" [firmware/BDT.h:86]   --->   Operation 43 'icmp' 'icmp_ln86_792' <Predicate = true> <Delay = 0.79> <CoreInst = "Cmp">   --->   Core 9 'Cmp' <Latency = 0> <II = 1> <Delay = 0.79> <FuncUnit> <Opcode : 'seteq' 'setne' 'setle' 'setge' 'setlt' 'setgt'> <InPorts = 2> <OutPorts = 1>
ST_1 : Operation 44 [1/1] (0.79ns)   --->   "%icmp_ln86_793 = icmp_slt  i18 %x_47_val_read, i18 94529" [firmware/BDT.h:86]   --->   Operation 44 'icmp' 'icmp_ln86_793' <Predicate = true> <Delay = 0.79> <CoreInst = "Cmp">   --->   Core 9 'Cmp' <Latency = 0> <II = 1> <Delay = 0.79> <FuncUnit> <Opcode : 'seteq' 'setne' 'setle' 'setge' 'setlt' 'setgt'> <InPorts = 2> <OutPorts = 1>
ST_1 : Operation 45 [1/1] (0.79ns)   --->   "%icmp_ln86_794 = icmp_slt  i18 %x_37_val_read, i18 67" [firmware/BDT.h:86]   --->   Operation 45 'icmp' 'icmp_ln86_794' <Predicate = true> <Delay = 0.79> <CoreInst = "Cmp">   --->   Core 9 'Cmp' <Latency = 0> <II = 1> <Delay = 0.79> <FuncUnit> <Opcode : 'seteq' 'setne' 'setle' 'setge' 'setlt' 'setgt'> <InPorts = 2> <OutPorts = 1>
ST_1 : Operation 46 [1/1] (0.79ns)   --->   "%icmp_ln86_795 = icmp_slt  i18 %x_16_val_read, i18 58" [firmware/BDT.h:86]   --->   Operation 46 'icmp' 'icmp_ln86_795' <Predicate = true> <Delay = 0.79> <CoreInst = "Cmp">   --->   Core 9 'Cmp' <Latency = 0> <II = 1> <Delay = 0.79> <FuncUnit> <Opcode : 'seteq' 'setne' 'setle' 'setge' 'setlt' 'setgt'> <InPorts = 2> <OutPorts = 1>
ST_1 : Operation 47 [1/1] (0.79ns)   --->   "%icmp_ln86_796 = icmp_slt  i18 %x_48_val_read, i18 94822" [firmware/BDT.h:86]   --->   Operation 47 'icmp' 'icmp_ln86_796' <Predicate = true> <Delay = 0.79> <CoreInst = "Cmp">   --->   Core 9 'Cmp' <Latency = 0> <II = 1> <Delay = 0.79> <FuncUnit> <Opcode : 'seteq' 'setne' 'setle' 'setge' 'setlt' 'setgt'> <InPorts = 2> <OutPorts = 1>
ST_1 : Operation 48 [1/1] (0.79ns)   --->   "%icmp_ln86_797 = icmp_slt  i18 %x_36_val_read, i18 12" [firmware/BDT.h:86]   --->   Operation 48 'icmp' 'icmp_ln86_797' <Predicate = true> <Delay = 0.79> <CoreInst = "Cmp">   --->   Core 9 'Cmp' <Latency = 0> <II = 1> <Delay = 0.79> <FuncUnit> <Opcode : 'seteq' 'setne' 'setle' 'setge' 'setlt' 'setgt'> <InPorts = 2> <OutPorts = 1>
ST_1 : Operation 49 [1/1] (0.79ns)   --->   "%icmp_ln86_798 = icmp_slt  i18 %x_52_val_read, i18 33281" [firmware/BDT.h:86]   --->   Operation 49 'icmp' 'icmp_ln86_798' <Predicate = true> <Delay = 0.79> <CoreInst = "Cmp">   --->   Core 9 'Cmp' <Latency = 0> <II = 1> <Delay = 0.79> <FuncUnit> <Opcode : 'seteq' 'setne' 'setle' 'setge' 'setlt' 'setgt'> <InPorts = 2> <OutPorts = 1>
ST_1 : Operation 50 [1/1] (0.79ns)   --->   "%icmp_ln86_799 = icmp_slt  i18 %x_1_val_read, i18 151277" [firmware/BDT.h:86]   --->   Operation 50 'icmp' 'icmp_ln86_799' <Predicate = true> <Delay = 0.79> <CoreInst = "Cmp">   --->   Core 9 'Cmp' <Latency = 0> <II = 1> <Delay = 0.79> <FuncUnit> <Opcode : 'seteq' 'setne' 'setle' 'setge' 'setlt' 'setgt'> <InPorts = 2> <OutPorts = 1>
ST_1 : Operation 51 [1/1] (0.79ns)   --->   "%icmp_ln86_800 = icmp_slt  i18 %x_49_val_read, i18 25008" [firmware/BDT.h:86]   --->   Operation 51 'icmp' 'icmp_ln86_800' <Predicate = true> <Delay = 0.79> <CoreInst = "Cmp">   --->   Core 9 'Cmp' <Latency = 0> <II = 1> <Delay = 0.79> <FuncUnit> <Opcode : 'seteq' 'setne' 'setle' 'setge' 'setlt' 'setgt'> <InPorts = 2> <OutPorts = 1>
ST_1 : Operation 52 [1/1] (0.79ns)   --->   "%icmp_ln86_801 = icmp_slt  i18 %x_48_val_read, i18 18755" [firmware/BDT.h:86]   --->   Operation 52 'icmp' 'icmp_ln86_801' <Predicate = true> <Delay = 0.79> <CoreInst = "Cmp">   --->   Core 9 'Cmp' <Latency = 0> <II = 1> <Delay = 0.79> <FuncUnit> <Opcode : 'seteq' 'setne' 'setle' 'setge' 'setlt' 'setgt'> <InPorts = 2> <OutPorts = 1>
ST_1 : Operation 53 [1/1] (0.12ns)   --->   "%xor_ln104 = xor i1 %icmp_ln86, i1 1" [firmware/BDT.h:104]   --->   Operation 53 'xor' 'xor_ln104' <Predicate = true> <Delay = 0.12> <CoreInst = "LogicGate">   --->   Core 74 'LogicGate' <Latency = 0> <II = 1> <Delay = 0.12> <FuncUnit> <Opcode : 'and' 'or' 'xor'> <InPorts = 2> <OutPorts = 1>
ST_1 : Operation 54 [1/1] (0.12ns)   --->   "%and_ln102 = and i1 %icmp_ln86_774, i1 %icmp_ln86" [firmware/BDT.h:102]   --->   Operation 54 'and' 'and_ln102' <Predicate = true> <Delay = 0.12> <CoreInst = "LogicGate">   --->   Core 74 'LogicGate' <Latency = 0> <II = 1> <Delay = 0.12> <FuncUnit> <Opcode : 'and' 'or' 'xor'> <InPorts = 2> <OutPorts = 1>
ST_1 : Operation 55 [1/1] (0.00ns) (grouped into LUT with out node and_ln104)   --->   "%xor_ln104_365 = xor i1 %icmp_ln86_774, i1 1" [firmware/BDT.h:104]   --->   Operation 55 'xor' 'xor_ln104_365' <Predicate = true> <Delay = 0.00> <CoreInst = "LogicGate">   --->   Core 74 'LogicGate' <Latency = 0> <II = 1> <Delay = 0.12> <FuncUnit> <Opcode : 'and' 'or' 'xor'> <InPorts = 2> <OutPorts = 1>
ST_1 : Operation 56 [1/1] (0.12ns) (out node of the LUT)   --->   "%and_ln104 = and i1 %icmp_ln86, i1 %xor_ln104_365" [firmware/BDT.h:104]   --->   Operation 56 'and' 'and_ln104' <Predicate = true> <Delay = 0.12> <CoreInst = "LogicGate">   --->   Core 74 'LogicGate' <Latency = 0> <II = 1> <Delay = 0.12> <FuncUnit> <Opcode : 'and' 'or' 'xor'> <InPorts = 2> <OutPorts = 1>
ST_1 : Operation 57 [1/1] (0.12ns)   --->   "%and_ln102_952 = and i1 %icmp_ln86_775, i1 %xor_ln104" [firmware/BDT.h:102]   --->   Operation 57 'and' 'and_ln102_952' <Predicate = true> <Delay = 0.12> <CoreInst = "LogicGate">   --->   Core 74 'LogicGate' <Latency = 0> <II = 1> <Delay = 0.12> <FuncUnit> <Opcode : 'and' 'or' 'xor'> <InPorts = 2> <OutPorts = 1>
ST_1 : Operation 58 [1/1] (0.00ns) (grouped into LUT with out node and_ln104_136)   --->   "%xor_ln104_366 = xor i1 %icmp_ln86_775, i1 1" [firmware/BDT.h:104]   --->   Operation 58 'xor' 'xor_ln104_366' <Predicate = true> <Delay = 0.00> <CoreInst = "LogicGate">   --->   Core 74 'LogicGate' <Latency = 0> <II = 1> <Delay = 0.12> <FuncUnit> <Opcode : 'and' 'or' 'xor'> <InPorts = 2> <OutPorts = 1>
ST_1 : Operation 59 [1/1] (0.12ns) (out node of the LUT)   --->   "%and_ln104_136 = and i1 %xor_ln104_366, i1 %xor_ln104" [firmware/BDT.h:104]   --->   Operation 59 'and' 'and_ln104_136' <Predicate = true> <Delay = 0.12> <CoreInst = "LogicGate">   --->   Core 74 'LogicGate' <Latency = 0> <II = 1> <Delay = 0.12> <FuncUnit> <Opcode : 'and' 'or' 'xor'> <InPorts = 2> <OutPorts = 1>
ST_1 : Operation 60 [1/1] (0.12ns)   --->   "%and_ln102_953 = and i1 %icmp_ln86_776, i1 %and_ln102" [firmware/BDT.h:102]   --->   Operation 60 'and' 'and_ln102_953' <Predicate = true> <Delay = 0.12> <CoreInst = "LogicGate">   --->   Core 74 'LogicGate' <Latency = 0> <II = 1> <Delay = 0.12> <FuncUnit> <Opcode : 'and' 'or' 'xor'> <InPorts = 2> <OutPorts = 1>
ST_1 : Operation 61 [1/1] (0.00ns) (grouped into LUT with out node and_ln104_137)   --->   "%xor_ln104_367 = xor i1 %icmp_ln86_776, i1 1" [firmware/BDT.h:104]   --->   Operation 61 'xor' 'xor_ln104_367' <Predicate = true> <Delay = 0.00> <CoreInst = "LogicGate">   --->   Core 74 'LogicGate' <Latency = 0> <II = 1> <Delay = 0.12> <FuncUnit> <Opcode : 'and' 'or' 'xor'> <InPorts = 2> <OutPorts = 1>
ST_1 : Operation 62 [1/1] (0.12ns) (out node of the LUT)   --->   "%and_ln104_137 = and i1 %and_ln102, i1 %xor_ln104_367" [firmware/BDT.h:104]   --->   Operation 62 'and' 'and_ln104_137' <Predicate = true> <Delay = 0.12> <CoreInst = "LogicGate">   --->   Core 74 'LogicGate' <Latency = 0> <II = 1> <Delay = 0.12> <FuncUnit> <Opcode : 'and' 'or' 'xor'> <InPorts = 2> <OutPorts = 1>
ST_1 : Operation 63 [1/1] (0.12ns)   --->   "%and_ln102_954 = and i1 %icmp_ln86_777, i1 %and_ln104" [firmware/BDT.h:102]   --->   Operation 63 'and' 'and_ln102_954' <Predicate = true> <Delay = 0.12> <CoreInst = "LogicGate">   --->   Core 74 'LogicGate' <Latency = 0> <II = 1> <Delay = 0.12> <FuncUnit> <Opcode : 'and' 'or' 'xor'> <InPorts = 2> <OutPorts = 1>
ST_1 : Operation 64 [1/1] (0.00ns) (grouped into LUT with out node and_ln104_138)   --->   "%xor_ln104_368 = xor i1 %icmp_ln86_777, i1 1" [firmware/BDT.h:104]   --->   Operation 64 'xor' 'xor_ln104_368' <Predicate = true> <Delay = 0.00> <CoreInst = "LogicGate">   --->   Core 74 'LogicGate' <Latency = 0> <II = 1> <Delay = 0.12> <FuncUnit> <Opcode : 'and' 'or' 'xor'> <InPorts = 2> <OutPorts = 1>
ST_1 : Operation 65 [1/1] (0.12ns) (out node of the LUT)   --->   "%and_ln104_138 = and i1 %and_ln104, i1 %xor_ln104_368" [firmware/BDT.h:104]   --->   Operation 65 'and' 'and_ln104_138' <Predicate = true> <Delay = 0.12> <CoreInst = "LogicGate">   --->   Core 74 'LogicGate' <Latency = 0> <II = 1> <Delay = 0.12> <FuncUnit> <Opcode : 'and' 'or' 'xor'> <InPorts = 2> <OutPorts = 1>
ST_1 : Operation 66 [1/1] (0.12ns)   --->   "%and_ln102_955 = and i1 %icmp_ln86_778, i1 %and_ln102_952" [firmware/BDT.h:102]   --->   Operation 66 'and' 'and_ln102_955' <Predicate = true> <Delay = 0.12> <CoreInst = "LogicGate">   --->   Core 74 'LogicGate' <Latency = 0> <II = 1> <Delay = 0.12> <FuncUnit> <Opcode : 'and' 'or' 'xor'> <InPorts = 2> <OutPorts = 1>
ST_1 : Operation 67 [1/1] (0.00ns) (grouped into LUT with out node and_ln104_139)   --->   "%xor_ln104_369 = xor i1 %icmp_ln86_778, i1 1" [firmware/BDT.h:104]   --->   Operation 67 'xor' 'xor_ln104_369' <Predicate = true> <Delay = 0.00> <CoreInst = "LogicGate">   --->   Core 74 'LogicGate' <Latency = 0> <II = 1> <Delay = 0.12> <FuncUnit> <Opcode : 'and' 'or' 'xor'> <InPorts = 2> <OutPorts = 1>
ST_1 : Operation 68 [1/1] (0.12ns) (out node of the LUT)   --->   "%and_ln104_139 = and i1 %and_ln102_952, i1 %xor_ln104_369" [firmware/BDT.h:104]   --->   Operation 68 'and' 'and_ln104_139' <Predicate = true> <Delay = 0.12> <CoreInst = "LogicGate">   --->   Core 74 'LogicGate' <Latency = 0> <II = 1> <Delay = 0.12> <FuncUnit> <Opcode : 'and' 'or' 'xor'> <InPorts = 2> <OutPorts = 1>
ST_1 : Operation 69 [1/1] (0.12ns)   --->   "%and_ln102_957 = and i1 %icmp_ln86_780, i1 %and_ln102_953" [firmware/BDT.h:102]   --->   Operation 69 'and' 'and_ln102_957' <Predicate = true> <Delay = 0.12> <CoreInst = "LogicGate">   --->   Core 74 'LogicGate' <Latency = 0> <II = 1> <Delay = 0.12> <FuncUnit> <Opcode : 'and' 'or' 'xor'> <InPorts = 2> <OutPorts = 1>
ST_1 : Operation 70 [1/1] (0.00ns) (grouped into LUT with out node select_ln117_754)   --->   "%xor_ln104_371 = xor i1 %icmp_ln86_780, i1 1" [firmware/BDT.h:104]   --->   Operation 70 'xor' 'xor_ln104_371' <Predicate = true> <Delay = 0.00> <CoreInst = "LogicGate">   --->   Core 74 'LogicGate' <Latency = 0> <II = 1> <Delay = 0.12> <FuncUnit> <Opcode : 'and' 'or' 'xor'> <InPorts = 2> <OutPorts = 1>
ST_1 : Operation 71 [1/1] (0.12ns)   --->   "%and_ln102_958 = and i1 %icmp_ln86_781, i1 %and_ln104_137" [firmware/BDT.h:102]   --->   Operation 71 'and' 'and_ln102_958' <Predicate = true> <Delay = 0.12> <CoreInst = "LogicGate">   --->   Core 74 'LogicGate' <Latency = 0> <II = 1> <Delay = 0.12> <FuncUnit> <Opcode : 'and' 'or' 'xor'> <InPorts = 2> <OutPorts = 1>
ST_1 : Operation 72 [1/1] (0.00ns) (grouped into LUT with out node select_ln117_758)   --->   "%xor_ln104_372 = xor i1 %icmp_ln86_781, i1 1" [firmware/BDT.h:104]   --->   Operation 72 'xor' 'xor_ln104_372' <Predicate = true> <Delay = 0.00> <CoreInst = "LogicGate">   --->   Core 74 'LogicGate' <Latency = 0> <II = 1> <Delay = 0.12> <FuncUnit> <Opcode : 'and' 'or' 'xor'> <InPorts = 2> <OutPorts = 1>
ST_1 : Operation 73 [1/1] (0.12ns)   --->   "%and_ln102_959 = and i1 %icmp_ln86_782, i1 %and_ln102_954" [firmware/BDT.h:102]   --->   Operation 73 'and' 'and_ln102_959' <Predicate = true> <Delay = 0.12> <CoreInst = "LogicGate">   --->   Core 74 'LogicGate' <Latency = 0> <II = 1> <Delay = 0.12> <FuncUnit> <Opcode : 'and' 'or' 'xor'> <InPorts = 2> <OutPorts = 1>
ST_1 : Operation 74 [1/1] (0.00ns) (grouped into LUT with out node select_ln117_762)   --->   "%xor_ln104_373 = xor i1 %icmp_ln86_782, i1 1" [firmware/BDT.h:104]   --->   Operation 74 'xor' 'xor_ln104_373' <Predicate = true> <Delay = 0.00> <CoreInst = "LogicGate">   --->   Core 74 'LogicGate' <Latency = 0> <II = 1> <Delay = 0.12> <FuncUnit> <Opcode : 'and' 'or' 'xor'> <InPorts = 2> <OutPorts = 1>
ST_1 : Operation 75 [1/1] (0.12ns)   --->   "%and_ln102_960 = and i1 %icmp_ln86_783, i1 %and_ln104_138" [firmware/BDT.h:102]   --->   Operation 75 'and' 'and_ln102_960' <Predicate = true> <Delay = 0.12> <CoreInst = "LogicGate">   --->   Core 74 'LogicGate' <Latency = 0> <II = 1> <Delay = 0.12> <FuncUnit> <Opcode : 'and' 'or' 'xor'> <InPorts = 2> <OutPorts = 1>
ST_1 : Operation 76 [1/1] (0.00ns) (grouped into LUT with out node and_ln104_141)   --->   "%xor_ln104_374 = xor i1 %icmp_ln86_783, i1 1" [firmware/BDT.h:104]   --->   Operation 76 'xor' 'xor_ln104_374' <Predicate = true> <Delay = 0.00> <CoreInst = "LogicGate">   --->   Core 74 'LogicGate' <Latency = 0> <II = 1> <Delay = 0.12> <FuncUnit> <Opcode : 'and' 'or' 'xor'> <InPorts = 2> <OutPorts = 1>
ST_1 : Operation 77 [1/1] (0.12ns) (out node of the LUT)   --->   "%and_ln104_141 = and i1 %and_ln104_138, i1 %xor_ln104_374" [firmware/BDT.h:104]   --->   Operation 77 'and' 'and_ln104_141' <Predicate = true> <Delay = 0.12> <CoreInst = "LogicGate">   --->   Core 74 'LogicGate' <Latency = 0> <II = 1> <Delay = 0.12> <FuncUnit> <Opcode : 'and' 'or' 'xor'> <InPorts = 2> <OutPorts = 1>
ST_1 : Operation 78 [1/1] (0.12ns)   --->   "%and_ln102_962 = and i1 %icmp_ln86_785, i1 %and_ln104_139" [firmware/BDT.h:102]   --->   Operation 78 'and' 'and_ln102_962' <Predicate = true> <Delay = 0.12> <CoreInst = "LogicGate">   --->   Core 74 'LogicGate' <Latency = 0> <II = 1> <Delay = 0.12> <FuncUnit> <Opcode : 'and' 'or' 'xor'> <InPorts = 2> <OutPorts = 1>
ST_1 : Operation 79 [1/1] (0.00ns) (grouped into LUT with out node or_ln117)   --->   "%xor_ln104_376 = xor i1 %icmp_ln86_785, i1 1" [firmware/BDT.h:104]   --->   Operation 79 'xor' 'xor_ln104_376' <Predicate = true> <Delay = 0.00> <CoreInst = "LogicGate">   --->   Core 74 'LogicGate' <Latency = 0> <II = 1> <Delay = 0.12> <FuncUnit> <Opcode : 'and' 'or' 'xor'> <InPorts = 2> <OutPorts = 1>
ST_1 : Operation 80 [1/1] (0.00ns) (grouped into LUT with out node or_ln117)   --->   "%and_ln104_142 = and i1 %and_ln104_139, i1 %xor_ln104_376" [firmware/BDT.h:104]   --->   Operation 80 'and' 'and_ln104_142' <Predicate = true> <Delay = 0.00> <CoreInst = "LogicGate">   --->   Core 74 'LogicGate' <Latency = 0> <II = 1> <Delay = 0.12> <FuncUnit> <Opcode : 'and' 'or' 'xor'> <InPorts = 2> <OutPorts = 1>
ST_1 : Operation 81 [1/1] (0.00ns) (grouped into LUT with out node select_ln117_752)   --->   "%and_ln102_965 = and i1 %icmp_ln86_788, i1 %and_ln102_957" [firmware/BDT.h:102]   --->   Operation 81 'and' 'and_ln102_965' <Predicate = true> <Delay = 0.00> <CoreInst = "LogicGate">   --->   Core 74 'LogicGate' <Latency = 0> <II = 1> <Delay = 0.12> <FuncUnit> <Opcode : 'and' 'or' 'xor'> <InPorts = 2> <OutPorts = 1>
ST_1 : Operation 82 [1/1] (0.00ns) (grouped into LUT with out node select_ln117_754)   --->   "%and_ln102_966 = and i1 %icmp_ln86_789, i1 %xor_ln104_371" [firmware/BDT.h:102]   --->   Operation 82 'and' 'and_ln102_966' <Predicate = true> <Delay = 0.00> <CoreInst = "LogicGate">   --->   Core 74 'LogicGate' <Latency = 0> <II = 1> <Delay = 0.12> <FuncUnit> <Opcode : 'and' 'or' 'xor'> <InPorts = 2> <OutPorts = 1>
ST_1 : Operation 83 [1/1] (0.00ns) (grouped into LUT with out node select_ln117_754)   --->   "%and_ln102_967 = and i1 %and_ln102_966, i1 %and_ln102_953" [firmware/BDT.h:102]   --->   Operation 83 'and' 'and_ln102_967' <Predicate = true> <Delay = 0.00> <CoreInst = "LogicGate">   --->   Core 74 'LogicGate' <Latency = 0> <II = 1> <Delay = 0.12> <FuncUnit> <Opcode : 'and' 'or' 'xor'> <InPorts = 2> <OutPorts = 1>
ST_1 : Operation 84 [1/1] (0.00ns) (grouped into LUT with out node select_ln117_756)   --->   "%and_ln102_968 = and i1 %icmp_ln86_790, i1 %and_ln102_958" [firmware/BDT.h:102]   --->   Operation 84 'and' 'and_ln102_968' <Predicate = true> <Delay = 0.00> <CoreInst = "LogicGate">   --->   Core 74 'LogicGate' <Latency = 0> <II = 1> <Delay = 0.12> <FuncUnit> <Opcode : 'and' 'or' 'xor'> <InPorts = 2> <OutPorts = 1>
ST_1 : Operation 85 [1/1] (0.00ns) (grouped into LUT with out node select_ln117_758)   --->   "%and_ln102_969 = and i1 %icmp_ln86_791, i1 %xor_ln104_372" [firmware/BDT.h:102]   --->   Operation 85 'and' 'and_ln102_969' <Predicate = true> <Delay = 0.00> <CoreInst = "LogicGate">   --->   Core 74 'LogicGate' <Latency = 0> <II = 1> <Delay = 0.12> <FuncUnit> <Opcode : 'and' 'or' 'xor'> <InPorts = 2> <OutPorts = 1>
ST_1 : Operation 86 [1/1] (0.00ns) (grouped into LUT with out node select_ln117_758)   --->   "%and_ln102_970 = and i1 %and_ln102_969, i1 %and_ln104_137" [firmware/BDT.h:102]   --->   Operation 86 'and' 'and_ln102_970' <Predicate = true> <Delay = 0.00> <CoreInst = "LogicGate">   --->   Core 74 'LogicGate' <Latency = 0> <II = 1> <Delay = 0.12> <FuncUnit> <Opcode : 'and' 'or' 'xor'> <InPorts = 2> <OutPorts = 1>
ST_1 : Operation 87 [1/1] (0.00ns) (grouped into LUT with out node select_ln117_760)   --->   "%and_ln102_971 = and i1 %icmp_ln86_792, i1 %and_ln102_959" [firmware/BDT.h:102]   --->   Operation 87 'and' 'and_ln102_971' <Predicate = true> <Delay = 0.00> <CoreInst = "LogicGate">   --->   Core 74 'LogicGate' <Latency = 0> <II = 1> <Delay = 0.12> <FuncUnit> <Opcode : 'and' 'or' 'xor'> <InPorts = 2> <OutPorts = 1>
ST_1 : Operation 88 [1/1] (0.00ns) (grouped into LUT with out node select_ln117_762)   --->   "%and_ln102_972 = and i1 %icmp_ln86_793, i1 %xor_ln104_373" [firmware/BDT.h:102]   --->   Operation 88 'and' 'and_ln102_972' <Predicate = true> <Delay = 0.00> <CoreInst = "LogicGate">   --->   Core 74 'LogicGate' <Latency = 0> <II = 1> <Delay = 0.12> <FuncUnit> <Opcode : 'and' 'or' 'xor'> <InPorts = 2> <OutPorts = 1>
ST_1 : Operation 89 [1/1] (0.00ns) (grouped into LUT with out node select_ln117_762)   --->   "%and_ln102_973 = and i1 %and_ln102_972, i1 %and_ln102_954" [firmware/BDT.h:102]   --->   Operation 89 'and' 'and_ln102_973' <Predicate = true> <Delay = 0.00> <CoreInst = "LogicGate">   --->   Core 74 'LogicGate' <Latency = 0> <II = 1> <Delay = 0.12> <FuncUnit> <Opcode : 'and' 'or' 'xor'> <InPorts = 2> <OutPorts = 1>
ST_1 : Operation 90 [1/1] (0.12ns) (out node of the LUT)   --->   "%or_ln117 = or i1 %and_ln102_960, i1 %and_ln104_142" [firmware/BDT.h:117]   --->   Operation 90 'or' 'or_ln117' <Predicate = true> <Delay = 0.12> <CoreInst = "LogicGate">   --->   Core 74 'LogicGate' <Latency = 0> <II = 1> <Delay = 0.12> <FuncUnit> <Opcode : 'and' 'or' 'xor'> <InPorts = 2> <OutPorts = 1>
ST_1 : Operation 91 [1/1] (0.00ns) (grouped into LUT with out node select_ln117_752)   --->   "%xor_ln117 = xor i1 %and_ln102_960, i1 1" [firmware/BDT.h:117]   --->   Operation 91 'xor' 'xor_ln117' <Predicate = true> <Delay = 0.00> <CoreInst = "LogicGate">   --->   Core 74 'LogicGate' <Latency = 0> <II = 1> <Delay = 0.12> <FuncUnit> <Opcode : 'and' 'or' 'xor'> <InPorts = 2> <OutPorts = 1>
ST_1 : Operation 92 [1/1] (0.00ns) (grouped into LUT with out node select_ln117_752)   --->   "%zext_ln117 = zext i1 %xor_ln117" [firmware/BDT.h:117]   --->   Operation 92 'zext' 'zext_ln117' <Predicate = true> <Delay = 0.00>
ST_1 : Operation 93 [1/1] (0.00ns) (grouped into LUT with out node select_ln117_752)   --->   "%or_ln117_676 = or i1 %or_ln117, i1 %and_ln102_965" [firmware/BDT.h:117]   --->   Operation 93 'or' 'or_ln117_676' <Predicate = true> <Delay = 0.00> <CoreInst = "LogicGate">   --->   Core 74 'LogicGate' <Latency = 0> <II = 1> <Delay = 0.12> <FuncUnit> <Opcode : 'and' 'or' 'xor'> <InPorts = 2> <OutPorts = 1>
ST_1 : Operation 94 [1/1] (0.00ns) (grouped into LUT with out node select_ln117_752)   --->   "%select_ln117 = select i1 %or_ln117, i2 %zext_ln117, i2 2" [firmware/BDT.h:117]   --->   Operation 94 'select' 'select_ln117' <Predicate = true> <Delay = 0.00> <CoreInst = "Sel">   --->   Core 73 'Sel' <Latency = 0> <II = 1> <Delay = 0.27> <FuncUnit> <Opcode : 'select'> <InPorts = 3> <OutPorts = 1>
ST_1 : Operation 95 [1/1] (0.12ns)   --->   "%or_ln117_677 = or i1 %or_ln117, i1 %and_ln102_957" [firmware/BDT.h:117]   --->   Operation 95 'or' 'or_ln117_677' <Predicate = true> <Delay = 0.12> <CoreInst = "LogicGate">   --->   Core 74 'LogicGate' <Latency = 0> <II = 1> <Delay = 0.12> <FuncUnit> <Opcode : 'and' 'or' 'xor'> <InPorts = 2> <OutPorts = 1>
ST_1 : Operation 96 [1/1] (0.00ns) (grouped into LUT with out node select_ln117_752)   --->   "%select_ln117_751 = select i1 %or_ln117_676, i2 %select_ln117, i2 3" [firmware/BDT.h:117]   --->   Operation 96 'select' 'select_ln117_751' <Predicate = true> <Delay = 0.00> <CoreInst = "Sel">   --->   Core 73 'Sel' <Latency = 0> <II = 1> <Delay = 0.27> <FuncUnit> <Opcode : 'select'> <InPorts = 3> <OutPorts = 1>
ST_1 : Operation 97 [1/1] (0.00ns) (grouped into LUT with out node select_ln117_752)   --->   "%zext_ln117_82 = zext i2 %select_ln117_751" [firmware/BDT.h:117]   --->   Operation 97 'zext' 'zext_ln117_82' <Predicate = true> <Delay = 0.00>
ST_1 : Operation 98 [1/1] (0.00ns) (grouped into LUT with out node select_ln117_754)   --->   "%or_ln117_678 = or i1 %or_ln117_677, i1 %and_ln102_967" [firmware/BDT.h:117]   --->   Operation 98 'or' 'or_ln117_678' <Predicate = true> <Delay = 0.00> <CoreInst = "LogicGate">   --->   Core 74 'LogicGate' <Latency = 0> <II = 1> <Delay = 0.12> <FuncUnit> <Opcode : 'and' 'or' 'xor'> <InPorts = 2> <OutPorts = 1>
ST_1 : Operation 99 [1/1] (0.27ns) (out node of the LUT)   --->   "%select_ln117_752 = select i1 %or_ln117_677, i3 %zext_ln117_82, i3 4" [firmware/BDT.h:117]   --->   Operation 99 'select' 'select_ln117_752' <Predicate = true> <Delay = 0.27> <CoreInst = "Sel">   --->   Core 73 'Sel' <Latency = 0> <II = 1> <Delay = 0.27> <FuncUnit> <Opcode : 'select'> <InPorts = 3> <OutPorts = 1>
ST_1 : Operation 100 [1/1] (0.12ns)   --->   "%or_ln117_679 = or i1 %or_ln117, i1 %and_ln102_953" [firmware/BDT.h:117]   --->   Operation 100 'or' 'or_ln117_679' <Predicate = true> <Delay = 0.12> <CoreInst = "LogicGate">   --->   Core 74 'LogicGate' <Latency = 0> <II = 1> <Delay = 0.12> <FuncUnit> <Opcode : 'and' 'or' 'xor'> <InPorts = 2> <OutPorts = 1>
ST_1 : Operation 101 [1/1] (0.00ns) (grouped into LUT with out node select_ln117_754)   --->   "%select_ln117_753 = select i1 %or_ln117_678, i3 %select_ln117_752, i3 5" [firmware/BDT.h:117]   --->   Operation 101 'select' 'select_ln117_753' <Predicate = true> <Delay = 0.00> <CoreInst = "Sel">   --->   Core 73 'Sel' <Latency = 0> <II = 1> <Delay = 0.27> <FuncUnit> <Opcode : 'select'> <InPorts = 3> <OutPorts = 1>
ST_1 : Operation 102 [1/1] (0.00ns) (grouped into LUT with out node select_ln117_756)   --->   "%or_ln117_680 = or i1 %or_ln117_679, i1 %and_ln102_968" [firmware/BDT.h:117]   --->   Operation 102 'or' 'or_ln117_680' <Predicate = true> <Delay = 0.00> <CoreInst = "LogicGate">   --->   Core 74 'LogicGate' <Latency = 0> <II = 1> <Delay = 0.12> <FuncUnit> <Opcode : 'and' 'or' 'xor'> <InPorts = 2> <OutPorts = 1>
ST_1 : Operation 103 [1/1] (0.27ns) (out node of the LUT)   --->   "%select_ln117_754 = select i1 %or_ln117_679, i3 %select_ln117_753, i3 6" [firmware/BDT.h:117]   --->   Operation 103 'select' 'select_ln117_754' <Predicate = true> <Delay = 0.27> <CoreInst = "Sel">   --->   Core 73 'Sel' <Latency = 0> <II = 1> <Delay = 0.27> <FuncUnit> <Opcode : 'select'> <InPorts = 3> <OutPorts = 1>
ST_1 : Operation 104 [1/1] (0.12ns)   --->   "%or_ln117_681 = or i1 %or_ln117_679, i1 %and_ln102_958" [firmware/BDT.h:117]   --->   Operation 104 'or' 'or_ln117_681' <Predicate = true> <Delay = 0.12> <CoreInst = "LogicGate">   --->   Core 74 'LogicGate' <Latency = 0> <II = 1> <Delay = 0.12> <FuncUnit> <Opcode : 'and' 'or' 'xor'> <InPorts = 2> <OutPorts = 1>
ST_1 : Operation 105 [1/1] (0.00ns) (grouped into LUT with out node select_ln117_756)   --->   "%select_ln117_755 = select i1 %or_ln117_680, i3 %select_ln117_754, i3 7" [firmware/BDT.h:117]   --->   Operation 105 'select' 'select_ln117_755' <Predicate = true> <Delay = 0.00> <CoreInst = "Sel">   --->   Core 73 'Sel' <Latency = 0> <II = 1> <Delay = 0.27> <FuncUnit> <Opcode : 'select'> <InPorts = 3> <OutPorts = 1>
ST_1 : Operation 106 [1/1] (0.00ns) (grouped into LUT with out node select_ln117_756)   --->   "%zext_ln117_83 = zext i3 %select_ln117_755" [firmware/BDT.h:117]   --->   Operation 106 'zext' 'zext_ln117_83' <Predicate = true> <Delay = 0.00>
ST_1 : Operation 107 [1/1] (0.00ns) (grouped into LUT with out node select_ln117_758)   --->   "%or_ln117_682 = or i1 %or_ln117_681, i1 %and_ln102_970" [firmware/BDT.h:117]   --->   Operation 107 'or' 'or_ln117_682' <Predicate = true> <Delay = 0.00> <CoreInst = "LogicGate">   --->   Core 74 'LogicGate' <Latency = 0> <II = 1> <Delay = 0.12> <FuncUnit> <Opcode : 'and' 'or' 'xor'> <InPorts = 2> <OutPorts = 1>
ST_1 : Operation 108 [1/1] (0.35ns) (out node of the LUT)   --->   "%select_ln117_756 = select i1 %or_ln117_681, i4 %zext_ln117_83, i4 8" [firmware/BDT.h:117]   --->   Operation 108 'select' 'select_ln117_756' <Predicate = true> <Delay = 0.35> <CoreInst = "Sel">   --->   Core 73 'Sel' <Latency = 0> <II = 1> <Delay = 0.35> <FuncUnit> <Opcode : 'select'> <InPorts = 3> <OutPorts = 1>
ST_1 : Operation 109 [1/1] (0.12ns)   --->   "%or_ln117_683 = or i1 %or_ln117, i1 %and_ln102" [firmware/BDT.h:117]   --->   Operation 109 'or' 'or_ln117_683' <Predicate = true> <Delay = 0.12> <CoreInst = "LogicGate">   --->   Core 74 'LogicGate' <Latency = 0> <II = 1> <Delay = 0.12> <FuncUnit> <Opcode : 'and' 'or' 'xor'> <InPorts = 2> <OutPorts = 1>
ST_1 : Operation 110 [1/1] (0.00ns) (grouped into LUT with out node select_ln117_758)   --->   "%select_ln117_757 = select i1 %or_ln117_682, i4 %select_ln117_756, i4 9" [firmware/BDT.h:117]   --->   Operation 110 'select' 'select_ln117_757' <Predicate = true> <Delay = 0.00> <CoreInst = "Sel">   --->   Core 73 'Sel' <Latency = 0> <II = 1> <Delay = 0.35> <FuncUnit> <Opcode : 'select'> <InPorts = 3> <OutPorts = 1>
ST_1 : Operation 111 [1/1] (0.00ns) (grouped into LUT with out node select_ln117_760)   --->   "%or_ln117_684 = or i1 %or_ln117_683, i1 %and_ln102_971" [firmware/BDT.h:117]   --->   Operation 111 'or' 'or_ln117_684' <Predicate = true> <Delay = 0.00> <CoreInst = "LogicGate">   --->   Core 74 'LogicGate' <Latency = 0> <II = 1> <Delay = 0.12> <FuncUnit> <Opcode : 'and' 'or' 'xor'> <InPorts = 2> <OutPorts = 1>
ST_1 : Operation 112 [1/1] (0.35ns) (out node of the LUT)   --->   "%select_ln117_758 = select i1 %or_ln117_683, i4 %select_ln117_757, i4 10" [firmware/BDT.h:117]   --->   Operation 112 'select' 'select_ln117_758' <Predicate = true> <Delay = 0.35> <CoreInst = "Sel">   --->   Core 73 'Sel' <Latency = 0> <II = 1> <Delay = 0.35> <FuncUnit> <Opcode : 'select'> <InPorts = 3> <OutPorts = 1>
ST_1 : Operation 113 [1/1] (0.12ns)   --->   "%or_ln117_685 = or i1 %or_ln117_683, i1 %and_ln102_959" [firmware/BDT.h:117]   --->   Operation 113 'or' 'or_ln117_685' <Predicate = true> <Delay = 0.12> <CoreInst = "LogicGate">   --->   Core 74 'LogicGate' <Latency = 0> <II = 1> <Delay = 0.12> <FuncUnit> <Opcode : 'and' 'or' 'xor'> <InPorts = 2> <OutPorts = 1>
ST_1 : Operation 114 [1/1] (0.00ns) (grouped into LUT with out node select_ln117_760)   --->   "%select_ln117_759 = select i1 %or_ln117_684, i4 %select_ln117_758, i4 11" [firmware/BDT.h:117]   --->   Operation 114 'select' 'select_ln117_759' <Predicate = true> <Delay = 0.00> <CoreInst = "Sel">   --->   Core 73 'Sel' <Latency = 0> <II = 1> <Delay = 0.35> <FuncUnit> <Opcode : 'select'> <InPorts = 3> <OutPorts = 1>
ST_1 : Operation 115 [1/1] (0.00ns) (grouped into LUT with out node select_ln117_762)   --->   "%or_ln117_686 = or i1 %or_ln117_685, i1 %and_ln102_973" [firmware/BDT.h:117]   --->   Operation 115 'or' 'or_ln117_686' <Predicate = true> <Delay = 0.00> <CoreInst = "LogicGate">   --->   Core 74 'LogicGate' <Latency = 0> <II = 1> <Delay = 0.12> <FuncUnit> <Opcode : 'and' 'or' 'xor'> <InPorts = 2> <OutPorts = 1>
ST_1 : Operation 116 [1/1] (0.35ns) (out node of the LUT)   --->   "%select_ln117_760 = select i1 %or_ln117_685, i4 %select_ln117_759, i4 12" [firmware/BDT.h:117]   --->   Operation 116 'select' 'select_ln117_760' <Predicate = true> <Delay = 0.35> <CoreInst = "Sel">   --->   Core 73 'Sel' <Latency = 0> <II = 1> <Delay = 0.35> <FuncUnit> <Opcode : 'select'> <InPorts = 3> <OutPorts = 1>
ST_1 : Operation 117 [1/1] (0.12ns)   --->   "%or_ln117_687 = or i1 %or_ln117_683, i1 %and_ln102_954" [firmware/BDT.h:117]   --->   Operation 117 'or' 'or_ln117_687' <Predicate = true> <Delay = 0.12> <CoreInst = "LogicGate">   --->   Core 74 'LogicGate' <Latency = 0> <II = 1> <Delay = 0.12> <FuncUnit> <Opcode : 'and' 'or' 'xor'> <InPorts = 2> <OutPorts = 1>
ST_1 : Operation 118 [1/1] (0.00ns) (grouped into LUT with out node select_ln117_762)   --->   "%select_ln117_761 = select i1 %or_ln117_686, i4 %select_ln117_760, i4 13" [firmware/BDT.h:117]   --->   Operation 118 'select' 'select_ln117_761' <Predicate = true> <Delay = 0.00> <CoreInst = "Sel">   --->   Core 73 'Sel' <Latency = 0> <II = 1> <Delay = 0.35> <FuncUnit> <Opcode : 'select'> <InPorts = 3> <OutPorts = 1>
ST_1 : Operation 119 [1/1] (0.35ns) (out node of the LUT)   --->   "%select_ln117_762 = select i1 %or_ln117_687, i4 %select_ln117_761, i4 14" [firmware/BDT.h:117]   --->   Operation 119 'select' 'select_ln117_762' <Predicate = true> <Delay = 0.35> <CoreInst = "Sel">   --->   Core 73 'Sel' <Latency = 0> <II = 1> <Delay = 0.35> <FuncUnit> <Opcode : 'select'> <InPorts = 3> <OutPorts = 1>

State 2 <SV = 1> <Delay = 3.19>
ST_2 : Operation 120 [1/1] (0.00ns)   --->   "%specpipeline_ln86 = specpipeline void @_ssdm_op_SpecPipeline, i32 1, i32 0, i32 0, i32 0, void @empty_0" [firmware/BDT.h:86]   --->   Operation 120 'specpipeline' 'specpipeline_ln86' <Predicate = true> <Delay = 0.00>
ST_2 : Operation 121 [1/1] (0.12ns)   --->   "%and_ln102_956 = and i1 %icmp_ln86_779, i1 %and_ln104_136" [firmware/BDT.h:102]   --->   Operation 121 'and' 'and_ln102_956' <Predicate = true> <Delay = 0.12> <CoreInst = "LogicGate">   --->   Core 74 'LogicGate' <Latency = 0> <II = 1> <Delay = 0.12> <FuncUnit> <Opcode : 'and' 'or' 'xor'> <InPorts = 2> <OutPorts = 1>
ST_2 : Operation 122 [1/1] (0.00ns) (grouped into LUT with out node and_ln104_140)   --->   "%xor_ln104_370 = xor i1 %icmp_ln86_779, i1 1" [firmware/BDT.h:104]   --->   Operation 122 'xor' 'xor_ln104_370' <Predicate = true> <Delay = 0.00> <CoreInst = "LogicGate">   --->   Core 74 'LogicGate' <Latency = 0> <II = 1> <Delay = 0.12> <FuncUnit> <Opcode : 'and' 'or' 'xor'> <InPorts = 2> <OutPorts = 1>
ST_2 : Operation 123 [1/1] (0.12ns) (out node of the LUT)   --->   "%and_ln104_140 = and i1 %and_ln104_136, i1 %xor_ln104_370" [firmware/BDT.h:104]   --->   Operation 123 'and' 'and_ln104_140' <Predicate = true> <Delay = 0.12> <CoreInst = "LogicGate">   --->   Core 74 'LogicGate' <Latency = 0> <II = 1> <Delay = 0.12> <FuncUnit> <Opcode : 'and' 'or' 'xor'> <InPorts = 2> <OutPorts = 1>
ST_2 : Operation 124 [1/1] (0.12ns)   --->   "%and_ln102_961 = and i1 %icmp_ln86_784, i1 %and_ln102_955" [firmware/BDT.h:102]   --->   Operation 124 'and' 'and_ln102_961' <Predicate = true> <Delay = 0.12> <CoreInst = "LogicGate">   --->   Core 74 'LogicGate' <Latency = 0> <II = 1> <Delay = 0.12> <FuncUnit> <Opcode : 'and' 'or' 'xor'> <InPorts = 2> <OutPorts = 1>
ST_2 : Operation 125 [1/1] (0.00ns) (grouped into LUT with out node select_ln117_768)   --->   "%xor_ln104_375 = xor i1 %icmp_ln86_784, i1 1" [firmware/BDT.h:104]   --->   Operation 125 'xor' 'xor_ln104_375' <Predicate = true> <Delay = 0.00> <CoreInst = "LogicGate">   --->   Core 74 'LogicGate' <Latency = 0> <II = 1> <Delay = 0.12> <FuncUnit> <Opcode : 'and' 'or' 'xor'> <InPorts = 2> <OutPorts = 1>
ST_2 : Operation 126 [1/1] (0.12ns)   --->   "%and_ln102_963 = and i1 %icmp_ln86_786, i1 %and_ln102_956" [firmware/BDT.h:102]   --->   Operation 126 'and' 'and_ln102_963' <Predicate = true> <Delay = 0.12> <CoreInst = "LogicGate">   --->   Core 74 'LogicGate' <Latency = 0> <II = 1> <Delay = 0.12> <FuncUnit> <Opcode : 'and' 'or' 'xor'> <InPorts = 2> <OutPorts = 1>
ST_2 : Operation 127 [1/1] (0.00ns) (grouped into LUT with out node select_ln117_774)   --->   "%xor_ln104_377 = xor i1 %icmp_ln86_786, i1 1" [firmware/BDT.h:104]   --->   Operation 127 'xor' 'xor_ln104_377' <Predicate = true> <Delay = 0.00> <CoreInst = "LogicGate">   --->   Core 74 'LogicGate' <Latency = 0> <II = 1> <Delay = 0.12> <FuncUnit> <Opcode : 'and' 'or' 'xor'> <InPorts = 2> <OutPorts = 1>
ST_2 : Operation 128 [1/1] (0.12ns)   --->   "%and_ln102_964 = and i1 %icmp_ln86_787, i1 %and_ln104_140" [firmware/BDT.h:102]   --->   Operation 128 'and' 'and_ln102_964' <Predicate = true> <Delay = 0.12> <CoreInst = "LogicGate">   --->   Core 74 'LogicGate' <Latency = 0> <II = 1> <Delay = 0.12> <FuncUnit> <Opcode : 'and' 'or' 'xor'> <InPorts = 2> <OutPorts = 1>
ST_2 : Operation 129 [1/1] (0.00ns) (grouped into LUT with out node tmp)   --->   "%xor_ln104_378 = xor i1 %icmp_ln86_787, i1 1" [firmware/BDT.h:104]   --->   Operation 129 'xor' 'xor_ln104_378' <Predicate = true> <Delay = 0.00> <CoreInst = "LogicGate">   --->   Core 74 'LogicGate' <Latency = 0> <II = 1> <Delay = 0.12> <FuncUnit> <Opcode : 'and' 'or' 'xor'> <InPorts = 2> <OutPorts = 1>
ST_2 : Operation 130 [1/1] (0.00ns) (grouped into LUT with out node select_ln117_764)   --->   "%and_ln102_974 = and i1 %icmp_ln86_794, i1 %and_ln104_141" [firmware/BDT.h:102]   --->   Operation 130 'and' 'and_ln102_974' <Predicate = true> <Delay = 0.00> <CoreInst = "LogicGate">   --->   Core 74 'LogicGate' <Latency = 0> <II = 1> <Delay = 0.12> <FuncUnit> <Opcode : 'and' 'or' 'xor'> <InPorts = 2> <OutPorts = 1>
ST_2 : Operation 131 [1/1] (0.00ns) (grouped into LUT with out node select_ln117_766)   --->   "%and_ln102_975 = and i1 %icmp_ln86_795, i1 %and_ln102_961" [firmware/BDT.h:102]   --->   Operation 131 'and' 'and_ln102_975' <Predicate = true> <Delay = 0.00> <CoreInst = "LogicGate">   --->   Core 74 'LogicGate' <Latency = 0> <II = 1> <Delay = 0.12> <FuncUnit> <Opcode : 'and' 'or' 'xor'> <InPorts = 2> <OutPorts = 1>
ST_2 : Operation 132 [1/1] (0.00ns) (grouped into LUT with out node select_ln117_768)   --->   "%and_ln102_976 = and i1 %icmp_ln86_796, i1 %xor_ln104_375" [firmware/BDT.h:102]   --->   Operation 132 'and' 'and_ln102_976' <Predicate = true> <Delay = 0.00> <CoreInst = "LogicGate">   --->   Core 74 'LogicGate' <Latency = 0> <II = 1> <Delay = 0.12> <FuncUnit> <Opcode : 'and' 'or' 'xor'> <InPorts = 2> <OutPorts = 1>
ST_2 : Operation 133 [1/1] (0.00ns) (grouped into LUT with out node select_ln117_768)   --->   "%and_ln102_977 = and i1 %and_ln102_976, i1 %and_ln102_955" [firmware/BDT.h:102]   --->   Operation 133 'and' 'and_ln102_977' <Predicate = true> <Delay = 0.00> <CoreInst = "LogicGate">   --->   Core 74 'LogicGate' <Latency = 0> <II = 1> <Delay = 0.12> <FuncUnit> <Opcode : 'and' 'or' 'xor'> <InPorts = 2> <OutPorts = 1>
ST_2 : Operation 134 [1/1] (0.00ns) (grouped into LUT with out node select_ln117_770)   --->   "%and_ln102_978 = and i1 %icmp_ln86_797, i1 %and_ln102_962" [firmware/BDT.h:102]   --->   Operation 134 'and' 'and_ln102_978' <Predicate = true> <Delay = 0.00> <CoreInst = "LogicGate">   --->   Core 74 'LogicGate' <Latency = 0> <II = 1> <Delay = 0.12> <FuncUnit> <Opcode : 'and' 'or' 'xor'> <InPorts = 2> <OutPorts = 1>
ST_2 : Operation 135 [1/1] (0.00ns) (grouped into LUT with out node select_ln117_772)   --->   "%and_ln102_979 = and i1 %icmp_ln86_798, i1 %and_ln102_963" [firmware/BDT.h:102]   --->   Operation 135 'and' 'and_ln102_979' <Predicate = true> <Delay = 0.00> <CoreInst = "LogicGate">   --->   Core 74 'LogicGate' <Latency = 0> <II = 1> <Delay = 0.12> <FuncUnit> <Opcode : 'and' 'or' 'xor'> <InPorts = 2> <OutPorts = 1>
ST_2 : Operation 136 [1/1] (0.00ns) (grouped into LUT with out node select_ln117_774)   --->   "%and_ln102_980 = and i1 %icmp_ln86_799, i1 %xor_ln104_377" [firmware/BDT.h:102]   --->   Operation 136 'and' 'and_ln102_980' <Predicate = true> <Delay = 0.00> <CoreInst = "LogicGate">   --->   Core 74 'LogicGate' <Latency = 0> <II = 1> <Delay = 0.12> <FuncUnit> <Opcode : 'and' 'or' 'xor'> <InPorts = 2> <OutPorts = 1>
ST_2 : Operation 137 [1/1] (0.00ns) (grouped into LUT with out node select_ln117_774)   --->   "%and_ln102_981 = and i1 %and_ln102_980, i1 %and_ln102_956" [firmware/BDT.h:102]   --->   Operation 137 'and' 'and_ln102_981' <Predicate = true> <Delay = 0.00> <CoreInst = "LogicGate">   --->   Core 74 'LogicGate' <Latency = 0> <II = 1> <Delay = 0.12> <FuncUnit> <Opcode : 'and' 'or' 'xor'> <InPorts = 2> <OutPorts = 1>
ST_2 : Operation 138 [1/1] (0.00ns) (grouped into LUT with out node select_ln117_776)   --->   "%and_ln102_982 = and i1 %icmp_ln86_800, i1 %and_ln102_964" [firmware/BDT.h:102]   --->   Operation 138 'and' 'and_ln102_982' <Predicate = true> <Delay = 0.00> <CoreInst = "LogicGate">   --->   Core 74 'LogicGate' <Latency = 0> <II = 1> <Delay = 0.12> <FuncUnit> <Opcode : 'and' 'or' 'xor'> <InPorts = 2> <OutPorts = 1>
ST_2 : Operation 139 [1/1] (0.00ns) (grouped into LUT with out node tmp)   --->   "%and_ln102_983 = and i1 %icmp_ln86_801, i1 %xor_ln104_378" [firmware/BDT.h:102]   --->   Operation 139 'and' 'and_ln102_983' <Predicate = true> <Delay = 0.00> <CoreInst = "LogicGate">   --->   Core 74 'LogicGate' <Latency = 0> <II = 1> <Delay = 0.12> <FuncUnit> <Opcode : 'and' 'or' 'xor'> <InPorts = 2> <OutPorts = 1>
ST_2 : Operation 140 [1/1] (0.00ns) (grouped into LUT with out node tmp)   --->   "%and_ln102_984 = and i1 %and_ln102_983, i1 %and_ln104_140" [firmware/BDT.h:102]   --->   Operation 140 'and' 'and_ln102_984' <Predicate = true> <Delay = 0.00> <CoreInst = "LogicGate">   --->   Core 74 'LogicGate' <Latency = 0> <II = 1> <Delay = 0.12> <FuncUnit> <Opcode : 'and' 'or' 'xor'> <InPorts = 2> <OutPorts = 1>
ST_2 : Operation 141 [1/1] (0.00ns) (grouped into LUT with out node select_ln117_764)   --->   "%or_ln117_688 = or i1 %or_ln117_687, i1 %and_ln102_974" [firmware/BDT.h:117]   --->   Operation 141 'or' 'or_ln117_688' <Predicate = true> <Delay = 0.00> <CoreInst = "LogicGate">   --->   Core 74 'LogicGate' <Latency = 0> <II = 1> <Delay = 0.12> <FuncUnit> <Opcode : 'and' 'or' 'xor'> <InPorts = 2> <OutPorts = 1>
ST_2 : Operation 142 [1/1] (0.12ns)   --->   "%or_ln117_689 = or i1 %or_ln117_687, i1 %and_ln104_141" [firmware/BDT.h:117]   --->   Operation 142 'or' 'or_ln117_689' <Predicate = true> <Delay = 0.12> <CoreInst = "LogicGate">   --->   Core 74 'LogicGate' <Latency = 0> <II = 1> <Delay = 0.12> <FuncUnit> <Opcode : 'and' 'or' 'xor'> <InPorts = 2> <OutPorts = 1>
ST_2 : Operation 143 [1/1] (0.00ns) (grouped into LUT with out node select_ln117_764)   --->   "%select_ln117_763 = select i1 %or_ln117_688, i4 %select_ln117_762, i4 15" [firmware/BDT.h:117]   --->   Operation 143 'select' 'select_ln117_763' <Predicate = true> <Delay = 0.00> <CoreInst = "Sel">   --->   Core 73 'Sel' <Latency = 0> <II = 1> <Delay = 0.35> <FuncUnit> <Opcode : 'select'> <InPorts = 3> <OutPorts = 1>
ST_2 : Operation 144 [1/1] (0.00ns) (grouped into LUT with out node select_ln117_764)   --->   "%zext_ln117_84 = zext i4 %select_ln117_763" [firmware/BDT.h:117]   --->   Operation 144 'zext' 'zext_ln117_84' <Predicate = true> <Delay = 0.00>
ST_2 : Operation 145 [1/1] (0.00ns) (grouped into LUT with out node select_ln117_766)   --->   "%or_ln117_690 = or i1 %or_ln117_689, i1 %and_ln102_975" [firmware/BDT.h:117]   --->   Operation 145 'or' 'or_ln117_690' <Predicate = true> <Delay = 0.00> <CoreInst = "LogicGate">   --->   Core 74 'LogicGate' <Latency = 0> <II = 1> <Delay = 0.12> <FuncUnit> <Opcode : 'and' 'or' 'xor'> <InPorts = 2> <OutPorts = 1>
ST_2 : Operation 146 [1/1] (0.35ns) (out node of the LUT)   --->   "%select_ln117_764 = select i1 %or_ln117_689, i5 %zext_ln117_84, i5 16" [firmware/BDT.h:117]   --->   Operation 146 'select' 'select_ln117_764' <Predicate = true> <Delay = 0.35> <CoreInst = "Sel">   --->   Core 73 'Sel' <Latency = 0> <II = 1> <Delay = 0.27> <FuncUnit> <Opcode : 'select'> <InPorts = 3> <OutPorts = 1>
ST_2 : Operation 147 [1/1] (0.12ns)   --->   "%or_ln117_691 = or i1 %or_ln117_689, i1 %and_ln102_961" [firmware/BDT.h:117]   --->   Operation 147 'or' 'or_ln117_691' <Predicate = true> <Delay = 0.12> <CoreInst = "LogicGate">   --->   Core 74 'LogicGate' <Latency = 0> <II = 1> <Delay = 0.12> <FuncUnit> <Opcode : 'and' 'or' 'xor'> <InPorts = 2> <OutPorts = 1>
ST_2 : Operation 148 [1/1] (0.00ns) (grouped into LUT with out node select_ln117_766)   --->   "%select_ln117_765 = select i1 %or_ln117_690, i5 %select_ln117_764, i5 17" [firmware/BDT.h:117]   --->   Operation 148 'select' 'select_ln117_765' <Predicate = true> <Delay = 0.00> <CoreInst = "Sel">   --->   Core 73 'Sel' <Latency = 0> <II = 1> <Delay = 0.27> <FuncUnit> <Opcode : 'select'> <InPorts = 3> <OutPorts = 1>
ST_2 : Operation 149 [1/1] (0.00ns) (grouped into LUT with out node select_ln117_768)   --->   "%or_ln117_692 = or i1 %or_ln117_691, i1 %and_ln102_977" [firmware/BDT.h:117]   --->   Operation 149 'or' 'or_ln117_692' <Predicate = true> <Delay = 0.00> <CoreInst = "LogicGate">   --->   Core 74 'LogicGate' <Latency = 0> <II = 1> <Delay = 0.12> <FuncUnit> <Opcode : 'and' 'or' 'xor'> <InPorts = 2> <OutPorts = 1>
ST_2 : Operation 150 [1/1] (0.27ns) (out node of the LUT)   --->   "%select_ln117_766 = select i1 %or_ln117_691, i5 %select_ln117_765, i5 18" [firmware/BDT.h:117]   --->   Operation 150 'select' 'select_ln117_766' <Predicate = true> <Delay = 0.27> <CoreInst = "Sel">   --->   Core 73 'Sel' <Latency = 0> <II = 1> <Delay = 0.27> <FuncUnit> <Opcode : 'select'> <InPorts = 3> <OutPorts = 1>
ST_2 : Operation 151 [1/1] (0.12ns)   --->   "%or_ln117_693 = or i1 %or_ln117_689, i1 %and_ln102_955" [firmware/BDT.h:117]   --->   Operation 151 'or' 'or_ln117_693' <Predicate = true> <Delay = 0.12> <CoreInst = "LogicGate">   --->   Core 74 'LogicGate' <Latency = 0> <II = 1> <Delay = 0.12> <FuncUnit> <Opcode : 'and' 'or' 'xor'> <InPorts = 2> <OutPorts = 1>
ST_2 : Operation 152 [1/1] (0.00ns) (grouped into LUT with out node select_ln117_768)   --->   "%select_ln117_767 = select i1 %or_ln117_692, i5 %select_ln117_766, i5 19" [firmware/BDT.h:117]   --->   Operation 152 'select' 'select_ln117_767' <Predicate = true> <Delay = 0.00> <CoreInst = "Sel">   --->   Core 73 'Sel' <Latency = 0> <II = 1> <Delay = 0.27> <FuncUnit> <Opcode : 'select'> <InPorts = 3> <OutPorts = 1>
ST_2 : Operation 153 [1/1] (0.00ns) (grouped into LUT with out node select_ln117_770)   --->   "%or_ln117_694 = or i1 %or_ln117_693, i1 %and_ln102_978" [firmware/BDT.h:117]   --->   Operation 153 'or' 'or_ln117_694' <Predicate = true> <Delay = 0.00> <CoreInst = "LogicGate">   --->   Core 74 'LogicGate' <Latency = 0> <II = 1> <Delay = 0.12> <FuncUnit> <Opcode : 'and' 'or' 'xor'> <InPorts = 2> <OutPorts = 1>
ST_2 : Operation 154 [1/1] (0.27ns) (out node of the LUT)   --->   "%select_ln117_768 = select i1 %or_ln117_693, i5 %select_ln117_767, i5 20" [firmware/BDT.h:117]   --->   Operation 154 'select' 'select_ln117_768' <Predicate = true> <Delay = 0.27> <CoreInst = "Sel">   --->   Core 73 'Sel' <Latency = 0> <II = 1> <Delay = 0.27> <FuncUnit> <Opcode : 'select'> <InPorts = 3> <OutPorts = 1>
ST_2 : Operation 155 [1/1] (0.12ns)   --->   "%or_ln117_695 = or i1 %or_ln117_693, i1 %and_ln102_962" [firmware/BDT.h:117]   --->   Operation 155 'or' 'or_ln117_695' <Predicate = true> <Delay = 0.12> <CoreInst = "LogicGate">   --->   Core 74 'LogicGate' <Latency = 0> <II = 1> <Delay = 0.12> <FuncUnit> <Opcode : 'and' 'or' 'xor'> <InPorts = 2> <OutPorts = 1>
ST_2 : Operation 156 [1/1] (0.00ns) (grouped into LUT with out node select_ln117_770)   --->   "%select_ln117_769 = select i1 %or_ln117_694, i5 %select_ln117_768, i5 21" [firmware/BDT.h:117]   --->   Operation 156 'select' 'select_ln117_769' <Predicate = true> <Delay = 0.00> <CoreInst = "Sel">   --->   Core 73 'Sel' <Latency = 0> <II = 1> <Delay = 0.27> <FuncUnit> <Opcode : 'select'> <InPorts = 3> <OutPorts = 1>
ST_2 : Operation 157 [1/1] (0.00ns) (grouped into LUT with out node select_ln117_772)   --->   "%or_ln117_696 = or i1 %or_ln117_695, i1 %and_ln102_979" [firmware/BDT.h:117]   --->   Operation 157 'or' 'or_ln117_696' <Predicate = true> <Delay = 0.00> <CoreInst = "LogicGate">   --->   Core 74 'LogicGate' <Latency = 0> <II = 1> <Delay = 0.12> <FuncUnit> <Opcode : 'and' 'or' 'xor'> <InPorts = 2> <OutPorts = 1>
ST_2 : Operation 158 [1/1] (0.27ns) (out node of the LUT)   --->   "%select_ln117_770 = select i1 %or_ln117_695, i5 %select_ln117_769, i5 22" [firmware/BDT.h:117]   --->   Operation 158 'select' 'select_ln117_770' <Predicate = true> <Delay = 0.27> <CoreInst = "Sel">   --->   Core 73 'Sel' <Latency = 0> <II = 1> <Delay = 0.27> <FuncUnit> <Opcode : 'select'> <InPorts = 3> <OutPorts = 1>
ST_2 : Operation 159 [1/1] (0.12ns)   --->   "%or_ln117_697 = or i1 %or_ln117_695, i1 %and_ln102_963" [firmware/BDT.h:117]   --->   Operation 159 'or' 'or_ln117_697' <Predicate = true> <Delay = 0.12> <CoreInst = "LogicGate">   --->   Core 74 'LogicGate' <Latency = 0> <II = 1> <Delay = 0.12> <FuncUnit> <Opcode : 'and' 'or' 'xor'> <InPorts = 2> <OutPorts = 1>
ST_2 : Operation 160 [1/1] (0.00ns) (grouped into LUT with out node select_ln117_772)   --->   "%select_ln117_771 = select i1 %or_ln117_696, i5 %select_ln117_770, i5 23" [firmware/BDT.h:117]   --->   Operation 160 'select' 'select_ln117_771' <Predicate = true> <Delay = 0.00> <CoreInst = "Sel">   --->   Core 73 'Sel' <Latency = 0> <II = 1> <Delay = 0.27> <FuncUnit> <Opcode : 'select'> <InPorts = 3> <OutPorts = 1>
ST_2 : Operation 161 [1/1] (0.00ns) (grouped into LUT with out node select_ln117_774)   --->   "%or_ln117_698 = or i1 %or_ln117_697, i1 %and_ln102_981" [firmware/BDT.h:117]   --->   Operation 161 'or' 'or_ln117_698' <Predicate = true> <Delay = 0.00> <CoreInst = "LogicGate">   --->   Core 74 'LogicGate' <Latency = 0> <II = 1> <Delay = 0.12> <FuncUnit> <Opcode : 'and' 'or' 'xor'> <InPorts = 2> <OutPorts = 1>
ST_2 : Operation 162 [1/1] (0.27ns) (out node of the LUT)   --->   "%select_ln117_772 = select i1 %or_ln117_697, i5 %select_ln117_771, i5 24" [firmware/BDT.h:117]   --->   Operation 162 'select' 'select_ln117_772' <Predicate = true> <Delay = 0.27> <CoreInst = "Sel">   --->   Core 73 'Sel' <Latency = 0> <II = 1> <Delay = 0.27> <FuncUnit> <Opcode : 'select'> <InPorts = 3> <OutPorts = 1>
ST_2 : Operation 163 [1/1] (0.12ns)   --->   "%or_ln117_699 = or i1 %or_ln117_695, i1 %and_ln102_956" [firmware/BDT.h:117]   --->   Operation 163 'or' 'or_ln117_699' <Predicate = true> <Delay = 0.12> <CoreInst = "LogicGate">   --->   Core 74 'LogicGate' <Latency = 0> <II = 1> <Delay = 0.12> <FuncUnit> <Opcode : 'and' 'or' 'xor'> <InPorts = 2> <OutPorts = 1>
ST_2 : Operation 164 [1/1] (0.00ns) (grouped into LUT with out node select_ln117_774)   --->   "%select_ln117_773 = select i1 %or_ln117_698, i5 %select_ln117_772, i5 25" [firmware/BDT.h:117]   --->   Operation 164 'select' 'select_ln117_773' <Predicate = true> <Delay = 0.00> <CoreInst = "Sel">   --->   Core 73 'Sel' <Latency = 0> <II = 1> <Delay = 0.27> <FuncUnit> <Opcode : 'select'> <InPorts = 3> <OutPorts = 1>
ST_2 : Operation 165 [1/1] (0.00ns) (grouped into LUT with out node select_ln117_776)   --->   "%or_ln117_700 = or i1 %or_ln117_699, i1 %and_ln102_982" [firmware/BDT.h:117]   --->   Operation 165 'or' 'or_ln117_700' <Predicate = true> <Delay = 0.00> <CoreInst = "LogicGate">   --->   Core 74 'LogicGate' <Latency = 0> <II = 1> <Delay = 0.12> <FuncUnit> <Opcode : 'and' 'or' 'xor'> <InPorts = 2> <OutPorts = 1>
ST_2 : Operation 166 [1/1] (0.27ns) (out node of the LUT)   --->   "%select_ln117_774 = select i1 %or_ln117_699, i5 %select_ln117_773, i5 26" [firmware/BDT.h:117]   --->   Operation 166 'select' 'select_ln117_774' <Predicate = true> <Delay = 0.27> <CoreInst = "Sel">   --->   Core 73 'Sel' <Latency = 0> <II = 1> <Delay = 0.27> <FuncUnit> <Opcode : 'select'> <InPorts = 3> <OutPorts = 1>
ST_2 : Operation 167 [1/1] (0.12ns)   --->   "%or_ln117_701 = or i1 %or_ln117_699, i1 %and_ln102_964" [firmware/BDT.h:117]   --->   Operation 167 'or' 'or_ln117_701' <Predicate = true> <Delay = 0.12> <CoreInst = "LogicGate">   --->   Core 74 'LogicGate' <Latency = 0> <II = 1> <Delay = 0.12> <FuncUnit> <Opcode : 'and' 'or' 'xor'> <InPorts = 2> <OutPorts = 1>
ST_2 : Operation 168 [1/1] (0.00ns) (grouped into LUT with out node select_ln117_776)   --->   "%select_ln117_775 = select i1 %or_ln117_700, i5 %select_ln117_774, i5 27" [firmware/BDT.h:117]   --->   Operation 168 'select' 'select_ln117_775' <Predicate = true> <Delay = 0.00> <CoreInst = "Sel">   --->   Core 73 'Sel' <Latency = 0> <II = 1> <Delay = 0.27> <FuncUnit> <Opcode : 'select'> <InPorts = 3> <OutPorts = 1>
ST_2 : Operation 169 [1/1] (0.00ns) (grouped into LUT with out node tmp)   --->   "%or_ln117_702 = or i1 %or_ln117_701, i1 %and_ln102_984" [firmware/BDT.h:117]   --->   Operation 169 'or' 'or_ln117_702' <Predicate = true> <Delay = 0.00> <CoreInst = "LogicGate">   --->   Core 74 'LogicGate' <Latency = 0> <II = 1> <Delay = 0.12> <FuncUnit> <Opcode : 'and' 'or' 'xor'> <InPorts = 2> <OutPorts = 1>
ST_2 : Operation 170 [1/1] (0.27ns) (out node of the LUT)   --->   "%select_ln117_776 = select i1 %or_ln117_701, i5 %select_ln117_775, i5 28" [firmware/BDT.h:117]   --->   Operation 170 'select' 'select_ln117_776' <Predicate = true> <Delay = 0.27> <CoreInst = "Sel">   --->   Core 73 'Sel' <Latency = 0> <II = 1> <Delay = 0.27> <FuncUnit> <Opcode : 'select'> <InPorts = 3> <OutPorts = 1>
ST_2 : Operation 171 [1/1] (0.00ns) (grouped into LUT with out node agg_result_0)   --->   "%or_ln117_703 = or i1 %or_ln117_695, i1 %and_ln104_136" [firmware/BDT.h:117]   --->   Operation 171 'or' 'or_ln117_703' <Predicate = true> <Delay = 0.00> <CoreInst = "LogicGate">   --->   Core 74 'LogicGate' <Latency = 0> <II = 1> <Delay = 0.12> <FuncUnit> <Opcode : 'and' 'or' 'xor'> <InPorts = 2> <OutPorts = 1>
ST_2 : Operation 172 [1/1] (0.00ns) (grouped into LUT with out node tmp)   --->   "%select_ln117_777 = select i1 %or_ln117_702, i5 %select_ln117_776, i5 29" [firmware/BDT.h:117]   --->   Operation 172 'select' 'select_ln117_777' <Predicate = true> <Delay = 0.00> <CoreInst = "Sel">   --->   Core 73 'Sel' <Latency = 0> <II = 1> <Delay = 0.27> <FuncUnit> <Opcode : 'select'> <InPorts = 3> <OutPorts = 1>
ST_2 : Operation 173 [1/1] (0.72ns) (out node of the LUT)   --->   "%tmp = sparsemux i13 @_ssdm_op_SparseMux.ap_auto.30i13.i13.i5, i5 0, i13 182, i5 1, i13 7686, i5 2, i13 114, i5 3, i13 8118, i5 4, i13 291, i5 5, i13 8125, i5 6, i13 8072, i5 7, i13 78, i5 8, i13 8104, i5 9, i13 69, i5 10, i13 223, i5 11, i13 7612, i5 12, i13 438, i5 13, i13 205, i5 14, i13 2606, i5 15, i13 193, i5 16, i13 6886, i5 17, i13 7753, i5 18, i13 325, i5 19, i13 7952, i5 20, i13 7744, i5 21, i13 250, i5 22, i13 184, i5 23, i13 8044, i5 24, i13 198, i5 25, i13 7988, i5 26, i13 86, i5 27, i13 7555, i5 28, i13 7943, i5 29, i13 588, i13 0, i5 %select_ln117_777" [firmware/BDT.h:118]   --->   Operation 173 'sparsemux' 'tmp' <Predicate = true> <Delay = 0.72> <CoreInst = "SparseMux">   --->   Core 144 'SparseMux' <Latency = 0> <II = 1> <Delay = 0.72> <FuncUnit> <Opcode : 'sparsemux'> <InPorts = 2> <OutPorts = 1>
ST_2 : Operation 174 [1/1] (0.32ns) (out node of the LUT)   --->   "%agg_result_0 = select i1 %or_ln117_703, i13 %tmp, i13 0" [firmware/BDT.h:117]   --->   Operation 174 'select' 'agg_result_0' <Predicate = true> <Delay = 0.32> <CoreInst = "Sel">   --->   Core 73 'Sel' <Latency = 0> <II = 1> <Delay = 0.32> <FuncUnit> <Opcode : 'select'> <InPorts = 3> <OutPorts = 1>
ST_2 : Operation 175 [1/1] (0.00ns)   --->   "%ret_ln122 = ret i13 %agg_result_0" [firmware/BDT.h:122]   --->   Operation 175 'ret' 'ret_ln122' <Predicate = true> <Delay = 0.00>


============================================================
+ Verbose Summary: Timing violations
============================================================
Target clock period: 5.000ns, clock uncertainty: 1.350ns.

 <State 1>: 3.367ns
The critical path consists of the following:
	wire read operation ('x_50_val_read', firmware/BDT.h:86) on port 'x_50_val' (firmware/BDT.h:86) [23]  (0.000 ns)
	'icmp' operation 1 bit ('icmp_ln86', firmware/BDT.h:86) [42]  (0.797 ns)
	'and' operation 1 bit ('and_ln104', firmware/BDT.h:104) [75]  (0.122 ns)
	'and' operation 1 bit ('and_ln104_138', firmware/BDT.h:104) [84]  (0.122 ns)
	'and' operation 1 bit ('and_ln102_960', firmware/BDT.h:102) [97]  (0.122 ns)
	'or' operation 1 bit ('or_ln117', firmware/BDT.h:117) [129]  (0.122 ns)
	'or' operation 1 bit ('or_ln117_677', firmware/BDT.h:117) [134]  (0.122 ns)
	'select' operation 3 bit ('select_ln117_752', firmware/BDT.h:117) [138]  (0.278 ns)
	'select' operation 3 bit ('select_ln117_753', firmware/BDT.h:117) [140]  (0.000 ns)
	'select' operation 3 bit ('select_ln117_754', firmware/BDT.h:117) [142]  (0.278 ns)
	'select' operation 3 bit ('select_ln117_755', firmware/BDT.h:117) [144]  (0.000 ns)
	'select' operation 4 bit ('select_ln117_756', firmware/BDT.h:117) [147]  (0.351 ns)
	'select' operation 4 bit ('select_ln117_757', firmware/BDT.h:117) [149]  (0.000 ns)
	'select' operation 4 bit ('select_ln117_758', firmware/BDT.h:117) [151]  (0.351 ns)
	'select' operation 4 bit ('select_ln117_759', firmware/BDT.h:117) [153]  (0.000 ns)
	'select' operation 4 bit ('select_ln117_760', firmware/BDT.h:117) [155]  (0.351 ns)
	'select' operation 4 bit ('select_ln117_761', firmware/BDT.h:117) [157]  (0.000 ns)
	'select' operation 4 bit ('select_ln117_762', firmware/BDT.h:117) [159]  (0.351 ns)

 <State 2>: 3.191ns
The critical path consists of the following:
	'or' operation 1 bit ('or_ln117_689', firmware/BDT.h:117) [160]  (0.122 ns)
	'select' operation 5 bit ('select_ln117_764', firmware/BDT.h:117) [164]  (0.351 ns)
	'select' operation 5 bit ('select_ln117_765', firmware/BDT.h:117) [166]  (0.000 ns)
	'select' operation 5 bit ('select_ln117_766', firmware/BDT.h:117) [168]  (0.278 ns)
	'select' operation 5 bit ('select_ln117_767', firmware/BDT.h:117) [170]  (0.000 ns)
	'select' operation 5 bit ('select_ln117_768', firmware/BDT.h:117) [172]  (0.278 ns)
	'select' operation 5 bit ('select_ln117_769', firmware/BDT.h:117) [174]  (0.000 ns)
	'select' operation 5 bit ('select_ln117_770', firmware/BDT.h:117) [176]  (0.278 ns)
	'select' operation 5 bit ('select_ln117_771', firmware/BDT.h:117) [178]  (0.000 ns)
	'select' operation 5 bit ('select_ln117_772', firmware/BDT.h:117) [180]  (0.278 ns)
	'select' operation 5 bit ('select_ln117_773', firmware/BDT.h:117) [182]  (0.000 ns)
	'select' operation 5 bit ('select_ln117_774', firmware/BDT.h:117) [184]  (0.278 ns)
	'select' operation 5 bit ('select_ln117_775', firmware/BDT.h:117) [186]  (0.000 ns)
	'select' operation 5 bit ('select_ln117_776', firmware/BDT.h:117) [188]  (0.278 ns)
	'select' operation 5 bit ('select_ln117_777', firmware/BDT.h:117) [190]  (0.000 ns)
	'sparsemux' operation 13 bit ('tmp', firmware/BDT.h:118) [191]  (0.729 ns)
	'select' operation 13 bit ('agg_result_0', firmware/BDT.h:117) [192]  (0.321 ns)


============================================================
+ Verbose Summary: Binding
============================================================
N/A
* FSMD analyzer results:
  - Output states:
 - Input state : 
  - Chain level:
	State 1
	State 2


============================================================
+ Verbose Summary: Datapath Resource usage 
============================================================
N/A
