

================================================================
== Vitis HLS Report for 'decision_function_32'
================================================================
* Date:           Thu Jan 23 13:40:07 2025

* Version:        2024.1 (Build 5069499 on May 21 2024)
* Project:        my_prj
* Solution:       solution1 (Vivado IP Flow Target)
* Product family: virtexuplus
* Target device:  xcu250-figd2104-2L-e


================================================================
== Performance Estimates
================================================================
+ Timing: 
    * Summary: 
    +--------+---------+----------+------------+
    |  Clock |  Target | Estimated| Uncertainty|
    +--------+---------+----------+------------+
    |ap_clk  |  5.00 ns|  3.596 ns|     1.35 ns|
    +--------+---------+----------+------------+

+ Latency: 
    * Summary: 
    +---------+---------+----------+----------+-----+-----+---------+
    |  Latency (cycles) |  Latency (absolute) |  Interval | Pipeline|
    |   min   |   max   |    min   |    max   | min | max |   Type  |
    +---------+---------+----------+----------+-----+-----+---------+
    |        1|        1|  5.000 ns|  5.000 ns|    1|    1|      yes|
    +---------+---------+----------+----------+-----+-----+---------+

    + Detail: 
        * Instance: 
        N/A

        * Loop: 
        N/A

============================================================
+ Verbose Summary: Synthesis Manager
============================================================
InlineROM: 1
ExposeGlobal: 0
============================================================
+ Verbose Summary: CDFG Model
============================================================
IsTopModel: 0
ResetActiveHigh: 1
IsCombinational: 0
IsDatapathOnly: 0
HasWiredReturn: 1
HasMFsm: 2
HasVarLatency: 0
IsPipeline: 1
IsRtlPipelined: 1
IsInstanceOverlapped: 0
IsDontTouch: 0
HasImplIP: 0
IsGatedGlobalClock: 0

+ Individual pipeline summary: 
  * Pipeline-0: initiation interval (II) = 1, depth = 2


============================================================
+ Verbose Summary: Schedule
============================================================
* Number of FSM states : 2
* Pipeline : 1
  Pipeline-0 : II = 1, D = 2, States = { 1 2 }
* Dataflow Pipeline: 0

* FSM state transitions: 
1 --> 2 
2 --> 

* FSM state operations: 

State 1 <SV = 0> <Delay = 3.59>
ST_1 : Operation 3 [1/1] (0.00ns)   --->   "%x_52_val_read = read i18 @_ssdm_op_Read.ap_auto.i18, i18 %x_52_val" [firmware/BDT.h:86]   --->   Operation 3 'read' 'x_52_val_read' <Predicate = true> <Delay = 0.00>
ST_1 : Operation 4 [1/1] (0.00ns)   --->   "%x_50_val_read = read i18 @_ssdm_op_Read.ap_auto.i18, i18 %x_50_val" [firmware/BDT.h:86]   --->   Operation 4 'read' 'x_50_val_read' <Predicate = true> <Delay = 0.00>
ST_1 : Operation 5 [1/1] (0.00ns)   --->   "%x_49_val_read = read i18 @_ssdm_op_Read.ap_auto.i18, i18 %x_49_val" [firmware/BDT.h:86]   --->   Operation 5 'read' 'x_49_val_read' <Predicate = true> <Delay = 0.00>
ST_1 : Operation 6 [1/1] (0.00ns)   --->   "%x_48_val_read = read i18 @_ssdm_op_Read.ap_auto.i18, i18 %x_48_val" [firmware/BDT.h:86]   --->   Operation 6 'read' 'x_48_val_read' <Predicate = true> <Delay = 0.00>
ST_1 : Operation 7 [1/1] (0.00ns)   --->   "%x_47_val_read = read i18 @_ssdm_op_Read.ap_auto.i18, i18 %x_47_val" [firmware/BDT.h:86]   --->   Operation 7 'read' 'x_47_val_read' <Predicate = true> <Delay = 0.00>
ST_1 : Operation 8 [1/1] (0.00ns)   --->   "%x_46_val_read = read i18 @_ssdm_op_Read.ap_auto.i18, i18 %x_46_val" [firmware/BDT.h:86]   --->   Operation 8 'read' 'x_46_val_read' <Predicate = true> <Delay = 0.00>
ST_1 : Operation 9 [1/1] (0.00ns)   --->   "%x_40_val_read = read i18 @_ssdm_op_Read.ap_auto.i18, i18 %x_40_val" [firmware/BDT.h:86]   --->   Operation 9 'read' 'x_40_val_read' <Predicate = true> <Delay = 0.00>
ST_1 : Operation 10 [1/1] (0.00ns)   --->   "%x_34_val_read = read i18 @_ssdm_op_Read.ap_auto.i18, i18 %x_34_val" [firmware/BDT.h:86]   --->   Operation 10 'read' 'x_34_val_read' <Predicate = true> <Delay = 0.00>
ST_1 : Operation 11 [1/1] (0.00ns)   --->   "%x_33_val_read = read i18 @_ssdm_op_Read.ap_auto.i18, i18 %x_33_val" [firmware/BDT.h:86]   --->   Operation 11 'read' 'x_33_val_read' <Predicate = true> <Delay = 0.00>
ST_1 : Operation 12 [1/1] (0.00ns)   --->   "%x_29_val_read = read i18 @_ssdm_op_Read.ap_auto.i18, i18 %x_29_val" [firmware/BDT.h:86]   --->   Operation 12 'read' 'x_29_val_read' <Predicate = true> <Delay = 0.00>
ST_1 : Operation 13 [1/1] (0.00ns)   --->   "%x_25_val_read = read i18 @_ssdm_op_Read.ap_auto.i18, i18 %x_25_val" [firmware/BDT.h:86]   --->   Operation 13 'read' 'x_25_val_read' <Predicate = true> <Delay = 0.00>
ST_1 : Operation 14 [1/1] (0.00ns)   --->   "%x_19_val_read = read i18 @_ssdm_op_Read.ap_auto.i18, i18 %x_19_val" [firmware/BDT.h:86]   --->   Operation 14 'read' 'x_19_val_read' <Predicate = true> <Delay = 0.00>
ST_1 : Operation 15 [1/1] (0.00ns)   --->   "%x_18_val_read = read i18 @_ssdm_op_Read.ap_auto.i18, i18 %x_18_val" [firmware/BDT.h:86]   --->   Operation 15 'read' 'x_18_val_read' <Predicate = true> <Delay = 0.00>
ST_1 : Operation 16 [1/1] (0.00ns)   --->   "%x_15_val_read = read i18 @_ssdm_op_Read.ap_auto.i18, i18 %x_15_val" [firmware/BDT.h:86]   --->   Operation 16 'read' 'x_15_val_read' <Predicate = true> <Delay = 0.00>
ST_1 : Operation 17 [1/1] (0.00ns)   --->   "%x_7_val_read = read i18 @_ssdm_op_Read.ap_auto.i18, i18 %x_7_val" [firmware/BDT.h:86]   --->   Operation 17 'read' 'x_7_val_read' <Predicate = true> <Delay = 0.00>
ST_1 : Operation 18 [1/1] (0.00ns)   --->   "%x_3_val_read = read i18 @_ssdm_op_Read.ap_auto.i18, i18 %x_3_val" [firmware/BDT.h:86]   --->   Operation 18 'read' 'x_3_val_read' <Predicate = true> <Delay = 0.00>
ST_1 : Operation 19 [1/1] (0.00ns)   --->   "%x_2_val_read = read i18 @_ssdm_op_Read.ap_auto.i18, i18 %x_2_val" [firmware/BDT.h:86]   --->   Operation 19 'read' 'x_2_val_read' <Predicate = true> <Delay = 0.00>
ST_1 : Operation 20 [1/1] (0.00ns)   --->   "%x_1_val_read = read i18 @_ssdm_op_Read.ap_auto.i18, i18 %x_1_val" [firmware/BDT.h:86]   --->   Operation 20 'read' 'x_1_val_read' <Predicate = true> <Delay = 0.00>
ST_1 : Operation 21 [1/1] (0.79ns)   --->   "%icmp_ln86 = icmp_slt  i18 %x_7_val_read, i18 7436" [firmware/BDT.h:86]   --->   Operation 21 'icmp' 'icmp_ln86' <Predicate = true> <Delay = 0.79> <CoreInst = "Cmp">   --->   Core 9 'Cmp' <Latency = 0> <II = 1> <Delay = 0.79> <FuncUnit> <Opcode : 'seteq' 'setne' 'setle' 'setge' 'setlt' 'setgt'> <InPorts = 2> <OutPorts = 1>
ST_1 : Operation 22 [1/1] (0.79ns)   --->   "%icmp_ln86_847 = icmp_slt  i18 %x_19_val_read, i18 1892" [firmware/BDT.h:86]   --->   Operation 22 'icmp' 'icmp_ln86_847' <Predicate = true> <Delay = 0.79> <CoreInst = "Cmp">   --->   Core 9 'Cmp' <Latency = 0> <II = 1> <Delay = 0.79> <FuncUnit> <Opcode : 'seteq' 'setne' 'setle' 'setge' 'setlt' 'setgt'> <InPorts = 2> <OutPorts = 1>
ST_1 : Operation 23 [1/1] (0.79ns)   --->   "%icmp_ln86_848 = icmp_slt  i18 %x_29_val_read, i18 7585" [firmware/BDT.h:86]   --->   Operation 23 'icmp' 'icmp_ln86_848' <Predicate = true> <Delay = 0.79> <CoreInst = "Cmp">   --->   Core 9 'Cmp' <Latency = 0> <II = 1> <Delay = 0.79> <FuncUnit> <Opcode : 'seteq' 'setne' 'setle' 'setge' 'setlt' 'setgt'> <InPorts = 2> <OutPorts = 1>
ST_1 : Operation 24 [1/1] (0.79ns)   --->   "%icmp_ln86_849 = icmp_slt  i18 %x_7_val_read, i18 6759" [firmware/BDT.h:86]   --->   Operation 24 'icmp' 'icmp_ln86_849' <Predicate = true> <Delay = 0.79> <CoreInst = "Cmp">   --->   Core 9 'Cmp' <Latency = 0> <II = 1> <Delay = 0.79> <FuncUnit> <Opcode : 'seteq' 'setne' 'setle' 'setge' 'setlt' 'setgt'> <InPorts = 2> <OutPorts = 1>
ST_1 : Operation 25 [1/1] (0.79ns)   --->   "%icmp_ln86_850 = icmp_slt  i18 %x_1_val_read, i18 222325" [firmware/BDT.h:86]   --->   Operation 25 'icmp' 'icmp_ln86_850' <Predicate = true> <Delay = 0.79> <CoreInst = "Cmp">   --->   Core 9 'Cmp' <Latency = 0> <II = 1> <Delay = 0.79> <FuncUnit> <Opcode : 'seteq' 'setne' 'setle' 'setge' 'setlt' 'setgt'> <InPorts = 2> <OutPorts = 1>
ST_1 : Operation 26 [1/1] (0.79ns)   --->   "%icmp_ln86_851 = icmp_slt  i18 %x_46_val_read, i18 81" [firmware/BDT.h:86]   --->   Operation 26 'icmp' 'icmp_ln86_851' <Predicate = true> <Delay = 0.79> <CoreInst = "Cmp">   --->   Core 9 'Cmp' <Latency = 0> <II = 1> <Delay = 0.79> <FuncUnit> <Opcode : 'seteq' 'setne' 'setle' 'setge' 'setlt' 'setgt'> <InPorts = 2> <OutPorts = 1>
ST_1 : Operation 27 [1/1] (0.79ns)   --->   "%icmp_ln86_852 = icmp_slt  i18 %x_1_val_read, i18 16589" [firmware/BDT.h:86]   --->   Operation 27 'icmp' 'icmp_ln86_852' <Predicate = true> <Delay = 0.79> <CoreInst = "Cmp">   --->   Core 9 'Cmp' <Latency = 0> <II = 1> <Delay = 0.79> <FuncUnit> <Opcode : 'seteq' 'setne' 'setle' 'setge' 'setlt' 'setgt'> <InPorts = 2> <OutPorts = 1>
ST_1 : Operation 28 [1/1] (0.79ns)   --->   "%icmp_ln86_853 = icmp_slt  i18 %x_48_val_read, i18 78494" [firmware/BDT.h:86]   --->   Operation 28 'icmp' 'icmp_ln86_853' <Predicate = true> <Delay = 0.79> <CoreInst = "Cmp">   --->   Core 9 'Cmp' <Latency = 0> <II = 1> <Delay = 0.79> <FuncUnit> <Opcode : 'seteq' 'setne' 'setle' 'setge' 'setlt' 'setgt'> <InPorts = 2> <OutPorts = 1>
ST_1 : Operation 29 [1/1] (0.79ns)   --->   "%icmp_ln86_854 = icmp_slt  i18 %x_40_val_read, i18 495" [firmware/BDT.h:86]   --->   Operation 29 'icmp' 'icmp_ln86_854' <Predicate = true> <Delay = 0.79> <CoreInst = "Cmp">   --->   Core 9 'Cmp' <Latency = 0> <II = 1> <Delay = 0.79> <FuncUnit> <Opcode : 'seteq' 'setne' 'setle' 'setge' 'setlt' 'setgt'> <InPorts = 2> <OutPorts = 1>
ST_1 : Operation 30 [1/1] (0.79ns)   --->   "%icmp_ln86_855 = icmp_slt  i18 %x_1_val_read, i18 189279" [firmware/BDT.h:86]   --->   Operation 30 'icmp' 'icmp_ln86_855' <Predicate = true> <Delay = 0.79> <CoreInst = "Cmp">   --->   Core 9 'Cmp' <Latency = 0> <II = 1> <Delay = 0.79> <FuncUnit> <Opcode : 'seteq' 'setne' 'setle' 'setge' 'setlt' 'setgt'> <InPorts = 2> <OutPorts = 1>
ST_1 : Operation 31 [1/1] (0.79ns)   --->   "%icmp_ln86_856 = icmp_slt  i18 %x_25_val_read, i18 310" [firmware/BDT.h:86]   --->   Operation 31 'icmp' 'icmp_ln86_856' <Predicate = true> <Delay = 0.79> <CoreInst = "Cmp">   --->   Core 9 'Cmp' <Latency = 0> <II = 1> <Delay = 0.79> <FuncUnit> <Opcode : 'seteq' 'setne' 'setle' 'setge' 'setlt' 'setgt'> <InPorts = 2> <OutPorts = 1>
ST_1 : Operation 32 [1/1] (0.79ns)   --->   "%icmp_ln86_857 = icmp_slt  i18 %x_1_val_read, i18 243545" [firmware/BDT.h:86]   --->   Operation 32 'icmp' 'icmp_ln86_857' <Predicate = true> <Delay = 0.79> <CoreInst = "Cmp">   --->   Core 9 'Cmp' <Latency = 0> <II = 1> <Delay = 0.79> <FuncUnit> <Opcode : 'seteq' 'setne' 'setle' 'setge' 'setlt' 'setgt'> <InPorts = 2> <OutPorts = 1>
ST_1 : Operation 33 [1/1] (0.79ns)   --->   "%icmp_ln86_858 = icmp_slt  i18 %x_48_val_read, i18 76680" [firmware/BDT.h:86]   --->   Operation 33 'icmp' 'icmp_ln86_858' <Predicate = true> <Delay = 0.79> <CoreInst = "Cmp">   --->   Core 9 'Cmp' <Latency = 0> <II = 1> <Delay = 0.79> <FuncUnit> <Opcode : 'seteq' 'setne' 'setle' 'setge' 'setlt' 'setgt'> <InPorts = 2> <OutPorts = 1>
ST_1 : Operation 34 [1/1] (0.00ns)   --->   "%tmp = partselect i15 @_ssdm_op_PartSelect.i15.i18.i32.i32, i18 %x_15_val_read, i32 3, i32 17" [firmware/BDT.h:86]   --->   Operation 34 'partselect' 'tmp' <Predicate = true> <Delay = 0.00>
ST_1 : Operation 35 [1/1] (0.77ns)   --->   "%icmp_ln86_1393 = icmp_slt  i15 %tmp, i15 1" [firmware/BDT.h:86]   --->   Operation 35 'icmp' 'icmp_ln86_1393' <Predicate = true> <Delay = 0.77> <CoreInst = "Cmp">   --->   Core 9 'Cmp' <Latency = 0> <II = 1> <Delay = 0.77> <FuncUnit> <Opcode : 'seteq' 'setne' 'setle' 'setge' 'setlt' 'setgt'> <InPorts = 2> <OutPorts = 1>
ST_1 : Operation 36 [1/1] (0.79ns)   --->   "%icmp_ln86_860 = icmp_slt  i18 %x_33_val_read, i18 197" [firmware/BDT.h:86]   --->   Operation 36 'icmp' 'icmp_ln86_860' <Predicate = true> <Delay = 0.79> <CoreInst = "Cmp">   --->   Core 9 'Cmp' <Latency = 0> <II = 1> <Delay = 0.79> <FuncUnit> <Opcode : 'seteq' 'setne' 'setle' 'setge' 'setlt' 'setgt'> <InPorts = 2> <OutPorts = 1>
ST_1 : Operation 37 [1/1] (0.79ns)   --->   "%icmp_ln86_861 = icmp_slt  i18 %x_18_val_read, i18 3679" [firmware/BDT.h:86]   --->   Operation 37 'icmp' 'icmp_ln86_861' <Predicate = true> <Delay = 0.79> <CoreInst = "Cmp">   --->   Core 9 'Cmp' <Latency = 0> <II = 1> <Delay = 0.79> <FuncUnit> <Opcode : 'seteq' 'setne' 'setle' 'setge' 'setlt' 'setgt'> <InPorts = 2> <OutPorts = 1>
ST_1 : Operation 38 [1/1] (0.79ns)   --->   "%icmp_ln86_862 = icmp_slt  i18 %x_1_val_read, i18 219109" [firmware/BDT.h:86]   --->   Operation 38 'icmp' 'icmp_ln86_862' <Predicate = true> <Delay = 0.79> <CoreInst = "Cmp">   --->   Core 9 'Cmp' <Latency = 0> <II = 1> <Delay = 0.79> <FuncUnit> <Opcode : 'seteq' 'setne' 'setle' 'setge' 'setlt' 'setgt'> <InPorts = 2> <OutPorts = 1>
ST_1 : Operation 39 [1/1] (0.79ns)   --->   "%icmp_ln86_863 = icmp_slt  i18 %x_1_val_read, i18 92864" [firmware/BDT.h:86]   --->   Operation 39 'icmp' 'icmp_ln86_863' <Predicate = true> <Delay = 0.79> <CoreInst = "Cmp">   --->   Core 9 'Cmp' <Latency = 0> <II = 1> <Delay = 0.79> <FuncUnit> <Opcode : 'seteq' 'setne' 'setle' 'setge' 'setlt' 'setgt'> <InPorts = 2> <OutPorts = 1>
ST_1 : Operation 40 [1/1] (0.79ns)   --->   "%icmp_ln86_864 = icmp_slt  i18 %x_18_val_read, i18 3093" [firmware/BDT.h:86]   --->   Operation 40 'icmp' 'icmp_ln86_864' <Predicate = true> <Delay = 0.79> <CoreInst = "Cmp">   --->   Core 9 'Cmp' <Latency = 0> <II = 1> <Delay = 0.79> <FuncUnit> <Opcode : 'seteq' 'setne' 'setle' 'setge' 'setlt' 'setgt'> <InPorts = 2> <OutPorts = 1>
ST_1 : Operation 41 [1/1] (0.79ns)   --->   "%icmp_ln86_865 = icmp_slt  i18 %x_52_val_read, i18 40449" [firmware/BDT.h:86]   --->   Operation 41 'icmp' 'icmp_ln86_865' <Predicate = true> <Delay = 0.79> <CoreInst = "Cmp">   --->   Core 9 'Cmp' <Latency = 0> <II = 1> <Delay = 0.79> <FuncUnit> <Opcode : 'seteq' 'setne' 'setle' 'setge' 'setlt' 'setgt'> <InPorts = 2> <OutPorts = 1>
ST_1 : Operation 42 [1/1] (0.79ns)   --->   "%icmp_ln86_866 = icmp_slt  i18 %x_52_val_read, i18 42497" [firmware/BDT.h:86]   --->   Operation 42 'icmp' 'icmp_ln86_866' <Predicate = true> <Delay = 0.79> <CoreInst = "Cmp">   --->   Core 9 'Cmp' <Latency = 0> <II = 1> <Delay = 0.79> <FuncUnit> <Opcode : 'seteq' 'setne' 'setle' 'setge' 'setlt' 'setgt'> <InPorts = 2> <OutPorts = 1>
ST_1 : Operation 43 [1/1] (0.79ns)   --->   "%icmp_ln86_867 = icmp_slt  i18 %x_50_val_read, i18 84520" [firmware/BDT.h:86]   --->   Operation 43 'icmp' 'icmp_ln86_867' <Predicate = true> <Delay = 0.79> <CoreInst = "Cmp">   --->   Core 9 'Cmp' <Latency = 0> <II = 1> <Delay = 0.79> <FuncUnit> <Opcode : 'seteq' 'setne' 'setle' 'setge' 'setlt' 'setgt'> <InPorts = 2> <OutPorts = 1>
ST_1 : Operation 44 [1/1] (0.79ns)   --->   "%icmp_ln86_868 = icmp_slt  i18 %x_1_val_read, i18 21009" [firmware/BDT.h:86]   --->   Operation 44 'icmp' 'icmp_ln86_868' <Predicate = true> <Delay = 0.79> <CoreInst = "Cmp">   --->   Core 9 'Cmp' <Latency = 0> <II = 1> <Delay = 0.79> <FuncUnit> <Opcode : 'seteq' 'setne' 'setle' 'setge' 'setlt' 'setgt'> <InPorts = 2> <OutPorts = 1>
ST_1 : Operation 45 [1/1] (0.79ns)   --->   "%icmp_ln86_869 = icmp_slt  i18 %x_2_val_read, i18 260414" [firmware/BDT.h:86]   --->   Operation 45 'icmp' 'icmp_ln86_869' <Predicate = true> <Delay = 0.79> <CoreInst = "Cmp">   --->   Core 9 'Cmp' <Latency = 0> <II = 1> <Delay = 0.79> <FuncUnit> <Opcode : 'seteq' 'setne' 'setle' 'setge' 'setlt' 'setgt'> <InPorts = 2> <OutPorts = 1>
ST_1 : Operation 46 [1/1] (0.79ns)   --->   "%icmp_ln86_870 = icmp_slt  i18 %x_29_val_read, i18 5643" [firmware/BDT.h:86]   --->   Operation 46 'icmp' 'icmp_ln86_870' <Predicate = true> <Delay = 0.79> <CoreInst = "Cmp">   --->   Core 9 'Cmp' <Latency = 0> <II = 1> <Delay = 0.79> <FuncUnit> <Opcode : 'seteq' 'setne' 'setle' 'setge' 'setlt' 'setgt'> <InPorts = 2> <OutPorts = 1>
ST_1 : Operation 47 [1/1] (0.79ns)   --->   "%icmp_ln86_871 = icmp_slt  i18 %x_49_val_read, i18 6128" [firmware/BDT.h:86]   --->   Operation 47 'icmp' 'icmp_ln86_871' <Predicate = true> <Delay = 0.79> <CoreInst = "Cmp">   --->   Core 9 'Cmp' <Latency = 0> <II = 1> <Delay = 0.79> <FuncUnit> <Opcode : 'seteq' 'setne' 'setle' 'setge' 'setlt' 'setgt'> <InPorts = 2> <OutPorts = 1>
ST_1 : Operation 48 [1/1] (0.79ns)   --->   "%icmp_ln86_872 = icmp_slt  i18 %x_47_val_read, i18 85036" [firmware/BDT.h:86]   --->   Operation 48 'icmp' 'icmp_ln86_872' <Predicate = true> <Delay = 0.79> <CoreInst = "Cmp">   --->   Core 9 'Cmp' <Latency = 0> <II = 1> <Delay = 0.79> <FuncUnit> <Opcode : 'seteq' 'setne' 'setle' 'setge' 'setlt' 'setgt'> <InPorts = 2> <OutPorts = 1>
ST_1 : Operation 49 [1/1] (0.79ns)   --->   "%icmp_ln86_873 = icmp_slt  i18 %x_47_val_read, i18 90758" [firmware/BDT.h:86]   --->   Operation 49 'icmp' 'icmp_ln86_873' <Predicate = true> <Delay = 0.79> <CoreInst = "Cmp">   --->   Core 9 'Cmp' <Latency = 0> <II = 1> <Delay = 0.79> <FuncUnit> <Opcode : 'seteq' 'setne' 'setle' 'setge' 'setlt' 'setgt'> <InPorts = 2> <OutPorts = 1>
ST_1 : Operation 50 [1/1] (0.79ns)   --->   "%icmp_ln86_874 = icmp_slt  i18 %x_3_val_read, i18 83817" [firmware/BDT.h:86]   --->   Operation 50 'icmp' 'icmp_ln86_874' <Predicate = true> <Delay = 0.79> <CoreInst = "Cmp">   --->   Core 9 'Cmp' <Latency = 0> <II = 1> <Delay = 0.79> <FuncUnit> <Opcode : 'seteq' 'setne' 'setle' 'setge' 'setlt' 'setgt'> <InPorts = 2> <OutPorts = 1>
ST_1 : Operation 51 [1/1] (0.79ns)   --->   "%icmp_ln86_875 = icmp_slt  i18 %x_50_val_read, i18 160331" [firmware/BDT.h:86]   --->   Operation 51 'icmp' 'icmp_ln86_875' <Predicate = true> <Delay = 0.79> <CoreInst = "Cmp">   --->   Core 9 'Cmp' <Latency = 0> <II = 1> <Delay = 0.79> <FuncUnit> <Opcode : 'seteq' 'setne' 'setle' 'setge' 'setlt' 'setgt'> <InPorts = 2> <OutPorts = 1>
ST_1 : Operation 52 [1/1] (0.79ns)   --->   "%icmp_ln86_876 = icmp_slt  i18 %x_34_val_read, i18 451" [firmware/BDT.h:86]   --->   Operation 52 'icmp' 'icmp_ln86_876' <Predicate = true> <Delay = 0.79> <CoreInst = "Cmp">   --->   Core 9 'Cmp' <Latency = 0> <II = 1> <Delay = 0.79> <FuncUnit> <Opcode : 'seteq' 'setne' 'setle' 'setge' 'setlt' 'setgt'> <InPorts = 2> <OutPorts = 1>
ST_1 : Operation 53 [1/1] (0.12ns)   --->   "%and_ln102 = and i1 %icmp_ln86_847, i1 %icmp_ln86" [firmware/BDT.h:102]   --->   Operation 53 'and' 'and_ln102' <Predicate = true> <Delay = 0.12> <CoreInst = "LogicGate">   --->   Core 74 'LogicGate' <Latency = 0> <II = 1> <Delay = 0.12> <FuncUnit> <Opcode : 'and' 'or' 'xor'> <InPorts = 2> <OutPorts = 1>
ST_1 : Operation 54 [1/1] (0.00ns) (grouped into LUT with out node and_ln104)   --->   "%xor_ln104_406 = xor i1 %icmp_ln86_847, i1 1" [firmware/BDT.h:104]   --->   Operation 54 'xor' 'xor_ln104_406' <Predicate = true> <Delay = 0.00> <CoreInst = "LogicGate">   --->   Core 74 'LogicGate' <Latency = 0> <II = 1> <Delay = 0.12> <FuncUnit> <Opcode : 'and' 'or' 'xor'> <InPorts = 2> <OutPorts = 1>
ST_1 : Operation 55 [1/1] (0.12ns) (out node of the LUT)   --->   "%and_ln104 = and i1 %icmp_ln86, i1 %xor_ln104_406" [firmware/BDT.h:104]   --->   Operation 55 'and' 'and_ln104' <Predicate = true> <Delay = 0.12> <CoreInst = "LogicGate">   --->   Core 74 'LogicGate' <Latency = 0> <II = 1> <Delay = 0.12> <FuncUnit> <Opcode : 'and' 'or' 'xor'> <InPorts = 2> <OutPorts = 1>
ST_1 : Operation 56 [1/1] (0.12ns)   --->   "%and_ln102_815 = and i1 %icmp_ln86_849, i1 %and_ln102" [firmware/BDT.h:102]   --->   Operation 56 'and' 'and_ln102_815' <Predicate = true> <Delay = 0.12> <CoreInst = "LogicGate">   --->   Core 74 'LogicGate' <Latency = 0> <II = 1> <Delay = 0.12> <FuncUnit> <Opcode : 'and' 'or' 'xor'> <InPorts = 2> <OutPorts = 1>
ST_1 : Operation 57 [1/1] (0.00ns) (grouped into LUT with out node and_ln104_167)   --->   "%xor_ln104_408 = xor i1 %icmp_ln86_849, i1 1" [firmware/BDT.h:104]   --->   Operation 57 'xor' 'xor_ln104_408' <Predicate = true> <Delay = 0.00> <CoreInst = "LogicGate">   --->   Core 74 'LogicGate' <Latency = 0> <II = 1> <Delay = 0.12> <FuncUnit> <Opcode : 'and' 'or' 'xor'> <InPorts = 2> <OutPorts = 1>
ST_1 : Operation 58 [1/1] (0.12ns) (out node of the LUT)   --->   "%and_ln104_167 = and i1 %and_ln102, i1 %xor_ln104_408" [firmware/BDT.h:104]   --->   Operation 58 'and' 'and_ln104_167' <Predicate = true> <Delay = 0.12> <CoreInst = "LogicGate">   --->   Core 74 'LogicGate' <Latency = 0> <II = 1> <Delay = 0.12> <FuncUnit> <Opcode : 'and' 'or' 'xor'> <InPorts = 2> <OutPorts = 1>
ST_1 : Operation 59 [1/1] (0.12ns)   --->   "%and_ln102_816 = and i1 %icmp_ln86_850, i1 %and_ln104" [firmware/BDT.h:102]   --->   Operation 59 'and' 'and_ln102_816' <Predicate = true> <Delay = 0.12> <CoreInst = "LogicGate">   --->   Core 74 'LogicGate' <Latency = 0> <II = 1> <Delay = 0.12> <FuncUnit> <Opcode : 'and' 'or' 'xor'> <InPorts = 2> <OutPorts = 1>
ST_1 : Operation 60 [1/1] (0.00ns) (grouped into LUT with out node and_ln104_168)   --->   "%xor_ln104_409 = xor i1 %icmp_ln86_850, i1 1" [firmware/BDT.h:104]   --->   Operation 60 'xor' 'xor_ln104_409' <Predicate = true> <Delay = 0.00> <CoreInst = "LogicGate">   --->   Core 74 'LogicGate' <Latency = 0> <II = 1> <Delay = 0.12> <FuncUnit> <Opcode : 'and' 'or' 'xor'> <InPorts = 2> <OutPorts = 1>
ST_1 : Operation 61 [1/1] (0.12ns) (out node of the LUT)   --->   "%and_ln104_168 = and i1 %and_ln104, i1 %xor_ln104_409" [firmware/BDT.h:104]   --->   Operation 61 'and' 'and_ln104_168' <Predicate = true> <Delay = 0.12> <CoreInst = "LogicGate">   --->   Core 74 'LogicGate' <Latency = 0> <II = 1> <Delay = 0.12> <FuncUnit> <Opcode : 'and' 'or' 'xor'> <InPorts = 2> <OutPorts = 1>
ST_1 : Operation 62 [1/1] (0.12ns)   --->   "%and_ln102_819 = and i1 %icmp_ln86_853, i1 %and_ln102_815" [firmware/BDT.h:102]   --->   Operation 62 'and' 'and_ln102_819' <Predicate = true> <Delay = 0.12> <CoreInst = "LogicGate">   --->   Core 74 'LogicGate' <Latency = 0> <II = 1> <Delay = 0.12> <FuncUnit> <Opcode : 'and' 'or' 'xor'> <InPorts = 2> <OutPorts = 1>
ST_1 : Operation 63 [1/1] (0.00ns) (grouped into LUT with out node or_ln117)   --->   "%xor_ln104_412 = xor i1 %icmp_ln86_853, i1 1" [firmware/BDT.h:104]   --->   Operation 63 'xor' 'xor_ln104_412' <Predicate = true> <Delay = 0.00> <CoreInst = "LogicGate">   --->   Core 74 'LogicGate' <Latency = 0> <II = 1> <Delay = 0.12> <FuncUnit> <Opcode : 'and' 'or' 'xor'> <InPorts = 2> <OutPorts = 1>
ST_1 : Operation 64 [1/1] (0.12ns)   --->   "%and_ln102_820 = and i1 %icmp_ln86_854, i1 %and_ln104_167" [firmware/BDT.h:102]   --->   Operation 64 'and' 'and_ln102_820' <Predicate = true> <Delay = 0.12> <CoreInst = "LogicGate">   --->   Core 74 'LogicGate' <Latency = 0> <II = 1> <Delay = 0.12> <FuncUnit> <Opcode : 'and' 'or' 'xor'> <InPorts = 2> <OutPorts = 1>
ST_1 : Operation 65 [1/1] (0.00ns) (grouped into LUT with out node select_ln117_826)   --->   "%xor_ln104_413 = xor i1 %icmp_ln86_854, i1 1" [firmware/BDT.h:104]   --->   Operation 65 'xor' 'xor_ln104_413' <Predicate = true> <Delay = 0.00> <CoreInst = "LogicGate">   --->   Core 74 'LogicGate' <Latency = 0> <II = 1> <Delay = 0.12> <FuncUnit> <Opcode : 'and' 'or' 'xor'> <InPorts = 2> <OutPorts = 1>
ST_1 : Operation 66 [1/1] (0.12ns)   --->   "%and_ln102_821 = and i1 %icmp_ln86_855, i1 %and_ln102_816" [firmware/BDT.h:102]   --->   Operation 66 'and' 'and_ln102_821' <Predicate = true> <Delay = 0.12> <CoreInst = "LogicGate">   --->   Core 74 'LogicGate' <Latency = 0> <II = 1> <Delay = 0.12> <FuncUnit> <Opcode : 'and' 'or' 'xor'> <InPorts = 2> <OutPorts = 1>
ST_1 : Operation 67 [1/1] (0.00ns) (grouped into LUT with out node select_ln117_830)   --->   "%xor_ln104_414 = xor i1 %icmp_ln86_855, i1 1" [firmware/BDT.h:104]   --->   Operation 67 'xor' 'xor_ln104_414' <Predicate = true> <Delay = 0.00> <CoreInst = "LogicGate">   --->   Core 74 'LogicGate' <Latency = 0> <II = 1> <Delay = 0.12> <FuncUnit> <Opcode : 'and' 'or' 'xor'> <InPorts = 2> <OutPorts = 1>
ST_1 : Operation 68 [1/1] (0.12ns)   --->   "%and_ln102_822 = and i1 %icmp_ln86_856, i1 %and_ln104_168" [firmware/BDT.h:102]   --->   Operation 68 'and' 'and_ln102_822' <Predicate = true> <Delay = 0.12> <CoreInst = "LogicGate">   --->   Core 74 'LogicGate' <Latency = 0> <II = 1> <Delay = 0.12> <FuncUnit> <Opcode : 'and' 'or' 'xor'> <InPorts = 2> <OutPorts = 1>
ST_1 : Operation 69 [1/1] (0.00ns) (grouped into LUT with out node select_ln117_834)   --->   "%xor_ln104_415 = xor i1 %icmp_ln86_856, i1 1" [firmware/BDT.h:104]   --->   Operation 69 'xor' 'xor_ln104_415' <Predicate = true> <Delay = 0.00> <CoreInst = "LogicGate">   --->   Core 74 'LogicGate' <Latency = 0> <II = 1> <Delay = 0.12> <FuncUnit> <Opcode : 'and' 'or' 'xor'> <InPorts = 2> <OutPorts = 1>
ST_1 : Operation 70 [1/1] (0.00ns) (grouped into LUT with out node select_ln117_822)   --->   "%and_ln102_827 = and i1 %icmp_ln86_861, i1 %and_ln102_819" [firmware/BDT.h:102]   --->   Operation 70 'and' 'and_ln102_827' <Predicate = true> <Delay = 0.00> <CoreInst = "LogicGate">   --->   Core 74 'LogicGate' <Latency = 0> <II = 1> <Delay = 0.12> <FuncUnit> <Opcode : 'and' 'or' 'xor'> <InPorts = 2> <OutPorts = 1>
ST_1 : Operation 71 [1/1] (0.00ns) (grouped into LUT with out node or_ln117)   --->   "%and_ln102_843 = and i1 %icmp_ln86_862, i1 %xor_ln104_412" [firmware/BDT.h:102]   --->   Operation 71 'and' 'and_ln102_843' <Predicate = true> <Delay = 0.00> <CoreInst = "LogicGate">   --->   Core 74 'LogicGate' <Latency = 0> <II = 1> <Delay = 0.12> <FuncUnit> <Opcode : 'and' 'or' 'xor'> <InPorts = 2> <OutPorts = 1>
ST_1 : Operation 72 [1/1] (0.00ns) (grouped into LUT with out node or_ln117)   --->   "%and_ln102_828 = and i1 %and_ln102_843, i1 %and_ln102_815" [firmware/BDT.h:102]   --->   Operation 72 'and' 'and_ln102_828' <Predicate = true> <Delay = 0.00> <CoreInst = "LogicGate">   --->   Core 74 'LogicGate' <Latency = 0> <II = 1> <Delay = 0.12> <FuncUnit> <Opcode : 'and' 'or' 'xor'> <InPorts = 2> <OutPorts = 1>
ST_1 : Operation 73 [1/1] (0.00ns) (grouped into LUT with out node select_ln117_824)   --->   "%and_ln102_829 = and i1 %icmp_ln86_863, i1 %and_ln102_820" [firmware/BDT.h:102]   --->   Operation 73 'and' 'and_ln102_829' <Predicate = true> <Delay = 0.00> <CoreInst = "LogicGate">   --->   Core 74 'LogicGate' <Latency = 0> <II = 1> <Delay = 0.12> <FuncUnit> <Opcode : 'and' 'or' 'xor'> <InPorts = 2> <OutPorts = 1>
ST_1 : Operation 74 [1/1] (0.00ns) (grouped into LUT with out node select_ln117_826)   --->   "%and_ln102_844 = and i1 %icmp_ln86_864, i1 %xor_ln104_413" [firmware/BDT.h:102]   --->   Operation 74 'and' 'and_ln102_844' <Predicate = true> <Delay = 0.00> <CoreInst = "LogicGate">   --->   Core 74 'LogicGate' <Latency = 0> <II = 1> <Delay = 0.12> <FuncUnit> <Opcode : 'and' 'or' 'xor'> <InPorts = 2> <OutPorts = 1>
ST_1 : Operation 75 [1/1] (0.00ns) (grouped into LUT with out node select_ln117_826)   --->   "%and_ln102_830 = and i1 %and_ln102_844, i1 %and_ln104_167" [firmware/BDT.h:102]   --->   Operation 75 'and' 'and_ln102_830' <Predicate = true> <Delay = 0.00> <CoreInst = "LogicGate">   --->   Core 74 'LogicGate' <Latency = 0> <II = 1> <Delay = 0.12> <FuncUnit> <Opcode : 'and' 'or' 'xor'> <InPorts = 2> <OutPorts = 1>
ST_1 : Operation 76 [1/1] (0.00ns) (grouped into LUT with out node select_ln117_828)   --->   "%and_ln102_831 = and i1 %icmp_ln86_865, i1 %and_ln102_821" [firmware/BDT.h:102]   --->   Operation 76 'and' 'and_ln102_831' <Predicate = true> <Delay = 0.00> <CoreInst = "LogicGate">   --->   Core 74 'LogicGate' <Latency = 0> <II = 1> <Delay = 0.12> <FuncUnit> <Opcode : 'and' 'or' 'xor'> <InPorts = 2> <OutPorts = 1>
ST_1 : Operation 77 [1/1] (0.00ns) (grouped into LUT with out node select_ln117_830)   --->   "%and_ln102_845 = and i1 %icmp_ln86_866, i1 %xor_ln104_414" [firmware/BDT.h:102]   --->   Operation 77 'and' 'and_ln102_845' <Predicate = true> <Delay = 0.00> <CoreInst = "LogicGate">   --->   Core 74 'LogicGate' <Latency = 0> <II = 1> <Delay = 0.12> <FuncUnit> <Opcode : 'and' 'or' 'xor'> <InPorts = 2> <OutPorts = 1>
ST_1 : Operation 78 [1/1] (0.00ns) (grouped into LUT with out node select_ln117_830)   --->   "%and_ln102_832 = and i1 %and_ln102_845, i1 %and_ln102_816" [firmware/BDT.h:102]   --->   Operation 78 'and' 'and_ln102_832' <Predicate = true> <Delay = 0.00> <CoreInst = "LogicGate">   --->   Core 74 'LogicGate' <Latency = 0> <II = 1> <Delay = 0.12> <FuncUnit> <Opcode : 'and' 'or' 'xor'> <InPorts = 2> <OutPorts = 1>
ST_1 : Operation 79 [1/1] (0.00ns) (grouped into LUT with out node select_ln117_832)   --->   "%and_ln102_833 = and i1 %icmp_ln86_867, i1 %and_ln102_822" [firmware/BDT.h:102]   --->   Operation 79 'and' 'and_ln102_833' <Predicate = true> <Delay = 0.00> <CoreInst = "LogicGate">   --->   Core 74 'LogicGate' <Latency = 0> <II = 1> <Delay = 0.12> <FuncUnit> <Opcode : 'and' 'or' 'xor'> <InPorts = 2> <OutPorts = 1>
ST_1 : Operation 80 [1/1] (0.00ns) (grouped into LUT with out node select_ln117_834)   --->   "%and_ln102_846 = and i1 %icmp_ln86_868, i1 %xor_ln104_415" [firmware/BDT.h:102]   --->   Operation 80 'and' 'and_ln102_846' <Predicate = true> <Delay = 0.00> <CoreInst = "LogicGate">   --->   Core 74 'LogicGate' <Latency = 0> <II = 1> <Delay = 0.12> <FuncUnit> <Opcode : 'and' 'or' 'xor'> <InPorts = 2> <OutPorts = 1>
ST_1 : Operation 81 [1/1] (0.00ns) (grouped into LUT with out node select_ln117_834)   --->   "%and_ln102_834 = and i1 %and_ln102_846, i1 %and_ln104_168" [firmware/BDT.h:102]   --->   Operation 81 'and' 'and_ln102_834' <Predicate = true> <Delay = 0.00> <CoreInst = "LogicGate">   --->   Core 74 'LogicGate' <Latency = 0> <II = 1> <Delay = 0.12> <FuncUnit> <Opcode : 'and' 'or' 'xor'> <InPorts = 2> <OutPorts = 1>
ST_1 : Operation 82 [1/1] (0.00ns) (grouped into LUT with out node select_ln117_822)   --->   "%xor_ln117 = xor i1 %and_ln102_827, i1 1" [firmware/BDT.h:117]   --->   Operation 82 'xor' 'xor_ln117' <Predicate = true> <Delay = 0.00> <CoreInst = "LogicGate">   --->   Core 74 'LogicGate' <Latency = 0> <II = 1> <Delay = 0.12> <FuncUnit> <Opcode : 'and' 'or' 'xor'> <InPorts = 2> <OutPorts = 1>
ST_1 : Operation 83 [1/1] (0.00ns) (grouped into LUT with out node select_ln117_822)   --->   "%zext_ln117 = zext i1 %xor_ln117" [firmware/BDT.h:117]   --->   Operation 83 'zext' 'zext_ln117' <Predicate = true> <Delay = 0.00>
ST_1 : Operation 84 [1/1] (0.12ns) (out node of the LUT)   --->   "%or_ln117 = or i1 %and_ln102_819, i1 %and_ln102_828" [firmware/BDT.h:117]   --->   Operation 84 'or' 'or_ln117' <Predicate = true> <Delay = 0.12> <CoreInst = "LogicGate">   --->   Core 74 'LogicGate' <Latency = 0> <II = 1> <Delay = 0.12> <FuncUnit> <Opcode : 'and' 'or' 'xor'> <InPorts = 2> <OutPorts = 1>
ST_1 : Operation 85 [1/1] (0.00ns) (grouped into LUT with out node select_ln117_822)   --->   "%select_ln117 = select i1 %and_ln102_819, i2 %zext_ln117, i2 2" [firmware/BDT.h:117]   --->   Operation 85 'select' 'select_ln117' <Predicate = true> <Delay = 0.00> <CoreInst = "Sel">   --->   Core 73 'Sel' <Latency = 0> <II = 1> <Delay = 0.27> <FuncUnit> <Opcode : 'select'> <InPorts = 3> <OutPorts = 1>
ST_1 : Operation 86 [1/1] (0.00ns) (grouped into LUT with out node select_ln117_822)   --->   "%select_ln117_821 = select i1 %or_ln117, i2 %select_ln117, i2 3" [firmware/BDT.h:117]   --->   Operation 86 'select' 'select_ln117_821' <Predicate = true> <Delay = 0.00> <CoreInst = "Sel">   --->   Core 73 'Sel' <Latency = 0> <II = 1> <Delay = 0.27> <FuncUnit> <Opcode : 'select'> <InPorts = 3> <OutPorts = 1>
ST_1 : Operation 87 [1/1] (0.00ns) (grouped into LUT with out node select_ln117_822)   --->   "%zext_ln117_93 = zext i2 %select_ln117_821" [firmware/BDT.h:117]   --->   Operation 87 'zext' 'zext_ln117_93' <Predicate = true> <Delay = 0.00>
ST_1 : Operation 88 [1/1] (0.00ns) (grouped into LUT with out node select_ln117_824)   --->   "%or_ln117_777 = or i1 %and_ln102_815, i1 %and_ln102_829" [firmware/BDT.h:117]   --->   Operation 88 'or' 'or_ln117_777' <Predicate = true> <Delay = 0.00> <CoreInst = "LogicGate">   --->   Core 74 'LogicGate' <Latency = 0> <II = 1> <Delay = 0.12> <FuncUnit> <Opcode : 'and' 'or' 'xor'> <InPorts = 2> <OutPorts = 1>
ST_1 : Operation 89 [1/1] (0.27ns) (out node of the LUT)   --->   "%select_ln117_822 = select i1 %and_ln102_815, i3 %zext_ln117_93, i3 4" [firmware/BDT.h:117]   --->   Operation 89 'select' 'select_ln117_822' <Predicate = true> <Delay = 0.27> <CoreInst = "Sel">   --->   Core 73 'Sel' <Latency = 0> <II = 1> <Delay = 0.27> <FuncUnit> <Opcode : 'select'> <InPorts = 3> <OutPorts = 1>
ST_1 : Operation 90 [1/1] (0.12ns)   --->   "%or_ln117_778 = or i1 %and_ln102_815, i1 %and_ln102_820" [firmware/BDT.h:117]   --->   Operation 90 'or' 'or_ln117_778' <Predicate = true> <Delay = 0.12> <CoreInst = "LogicGate">   --->   Core 74 'LogicGate' <Latency = 0> <II = 1> <Delay = 0.12> <FuncUnit> <Opcode : 'and' 'or' 'xor'> <InPorts = 2> <OutPorts = 1>
ST_1 : Operation 91 [1/1] (0.00ns) (grouped into LUT with out node select_ln117_824)   --->   "%select_ln117_823 = select i1 %or_ln117_777, i3 %select_ln117_822, i3 5" [firmware/BDT.h:117]   --->   Operation 91 'select' 'select_ln117_823' <Predicate = true> <Delay = 0.00> <CoreInst = "Sel">   --->   Core 73 'Sel' <Latency = 0> <II = 1> <Delay = 0.27> <FuncUnit> <Opcode : 'select'> <InPorts = 3> <OutPorts = 1>
ST_1 : Operation 92 [1/1] (0.00ns) (grouped into LUT with out node select_ln117_826)   --->   "%or_ln117_779 = or i1 %or_ln117_778, i1 %and_ln102_830" [firmware/BDT.h:117]   --->   Operation 92 'or' 'or_ln117_779' <Predicate = true> <Delay = 0.00> <CoreInst = "LogicGate">   --->   Core 74 'LogicGate' <Latency = 0> <II = 1> <Delay = 0.12> <FuncUnit> <Opcode : 'and' 'or' 'xor'> <InPorts = 2> <OutPorts = 1>
ST_1 : Operation 93 [1/1] (0.27ns) (out node of the LUT)   --->   "%select_ln117_824 = select i1 %or_ln117_778, i3 %select_ln117_823, i3 6" [firmware/BDT.h:117]   --->   Operation 93 'select' 'select_ln117_824' <Predicate = true> <Delay = 0.27> <CoreInst = "Sel">   --->   Core 73 'Sel' <Latency = 0> <II = 1> <Delay = 0.27> <FuncUnit> <Opcode : 'select'> <InPorts = 3> <OutPorts = 1>
ST_1 : Operation 94 [1/1] (0.00ns) (grouped into LUT with out node select_ln117_826)   --->   "%select_ln117_825 = select i1 %or_ln117_779, i3 %select_ln117_824, i3 7" [firmware/BDT.h:117]   --->   Operation 94 'select' 'select_ln117_825' <Predicate = true> <Delay = 0.00> <CoreInst = "Sel">   --->   Core 73 'Sel' <Latency = 0> <II = 1> <Delay = 0.27> <FuncUnit> <Opcode : 'select'> <InPorts = 3> <OutPorts = 1>
ST_1 : Operation 95 [1/1] (0.00ns) (grouped into LUT with out node select_ln117_826)   --->   "%zext_ln117_94 = zext i3 %select_ln117_825" [firmware/BDT.h:117]   --->   Operation 95 'zext' 'zext_ln117_94' <Predicate = true> <Delay = 0.00>
ST_1 : Operation 96 [1/1] (0.00ns) (grouped into LUT with out node select_ln117_828)   --->   "%or_ln117_780 = or i1 %and_ln102, i1 %and_ln102_831" [firmware/BDT.h:117]   --->   Operation 96 'or' 'or_ln117_780' <Predicate = true> <Delay = 0.00> <CoreInst = "LogicGate">   --->   Core 74 'LogicGate' <Latency = 0> <II = 1> <Delay = 0.12> <FuncUnit> <Opcode : 'and' 'or' 'xor'> <InPorts = 2> <OutPorts = 1>
ST_1 : Operation 97 [1/1] (0.35ns) (out node of the LUT)   --->   "%select_ln117_826 = select i1 %and_ln102, i4 %zext_ln117_94, i4 8" [firmware/BDT.h:117]   --->   Operation 97 'select' 'select_ln117_826' <Predicate = true> <Delay = 0.35> <CoreInst = "Sel">   --->   Core 73 'Sel' <Latency = 0> <II = 1> <Delay = 0.35> <FuncUnit> <Opcode : 'select'> <InPorts = 3> <OutPorts = 1>
ST_1 : Operation 98 [1/1] (0.12ns)   --->   "%or_ln117_781 = or i1 %and_ln102, i1 %and_ln102_821" [firmware/BDT.h:117]   --->   Operation 98 'or' 'or_ln117_781' <Predicate = true> <Delay = 0.12> <CoreInst = "LogicGate">   --->   Core 74 'LogicGate' <Latency = 0> <II = 1> <Delay = 0.12> <FuncUnit> <Opcode : 'and' 'or' 'xor'> <InPorts = 2> <OutPorts = 1>
ST_1 : Operation 99 [1/1] (0.00ns) (grouped into LUT with out node select_ln117_828)   --->   "%select_ln117_827 = select i1 %or_ln117_780, i4 %select_ln117_826, i4 9" [firmware/BDT.h:117]   --->   Operation 99 'select' 'select_ln117_827' <Predicate = true> <Delay = 0.00> <CoreInst = "Sel">   --->   Core 73 'Sel' <Latency = 0> <II = 1> <Delay = 0.35> <FuncUnit> <Opcode : 'select'> <InPorts = 3> <OutPorts = 1>
ST_1 : Operation 100 [1/1] (0.00ns) (grouped into LUT with out node select_ln117_830)   --->   "%or_ln117_782 = or i1 %or_ln117_781, i1 %and_ln102_832" [firmware/BDT.h:117]   --->   Operation 100 'or' 'or_ln117_782' <Predicate = true> <Delay = 0.00> <CoreInst = "LogicGate">   --->   Core 74 'LogicGate' <Latency = 0> <II = 1> <Delay = 0.12> <FuncUnit> <Opcode : 'and' 'or' 'xor'> <InPorts = 2> <OutPorts = 1>
ST_1 : Operation 101 [1/1] (0.35ns) (out node of the LUT)   --->   "%select_ln117_828 = select i1 %or_ln117_781, i4 %select_ln117_827, i4 10" [firmware/BDT.h:117]   --->   Operation 101 'select' 'select_ln117_828' <Predicate = true> <Delay = 0.35> <CoreInst = "Sel">   --->   Core 73 'Sel' <Latency = 0> <II = 1> <Delay = 0.35> <FuncUnit> <Opcode : 'select'> <InPorts = 3> <OutPorts = 1>
ST_1 : Operation 102 [1/1] (0.12ns)   --->   "%or_ln117_783 = or i1 %and_ln102, i1 %and_ln102_816" [firmware/BDT.h:117]   --->   Operation 102 'or' 'or_ln117_783' <Predicate = true> <Delay = 0.12> <CoreInst = "LogicGate">   --->   Core 74 'LogicGate' <Latency = 0> <II = 1> <Delay = 0.12> <FuncUnit> <Opcode : 'and' 'or' 'xor'> <InPorts = 2> <OutPorts = 1>
ST_1 : Operation 103 [1/1] (0.00ns) (grouped into LUT with out node select_ln117_830)   --->   "%select_ln117_829 = select i1 %or_ln117_782, i4 %select_ln117_828, i4 11" [firmware/BDT.h:117]   --->   Operation 103 'select' 'select_ln117_829' <Predicate = true> <Delay = 0.00> <CoreInst = "Sel">   --->   Core 73 'Sel' <Latency = 0> <II = 1> <Delay = 0.35> <FuncUnit> <Opcode : 'select'> <InPorts = 3> <OutPorts = 1>
ST_1 : Operation 104 [1/1] (0.00ns) (grouped into LUT with out node select_ln117_832)   --->   "%or_ln117_784 = or i1 %or_ln117_783, i1 %and_ln102_833" [firmware/BDT.h:117]   --->   Operation 104 'or' 'or_ln117_784' <Predicate = true> <Delay = 0.00> <CoreInst = "LogicGate">   --->   Core 74 'LogicGate' <Latency = 0> <II = 1> <Delay = 0.12> <FuncUnit> <Opcode : 'and' 'or' 'xor'> <InPorts = 2> <OutPorts = 1>
ST_1 : Operation 105 [1/1] (0.35ns) (out node of the LUT)   --->   "%select_ln117_830 = select i1 %or_ln117_783, i4 %select_ln117_829, i4 12" [firmware/BDT.h:117]   --->   Operation 105 'select' 'select_ln117_830' <Predicate = true> <Delay = 0.35> <CoreInst = "Sel">   --->   Core 73 'Sel' <Latency = 0> <II = 1> <Delay = 0.35> <FuncUnit> <Opcode : 'select'> <InPorts = 3> <OutPorts = 1>
ST_1 : Operation 106 [1/1] (0.12ns)   --->   "%or_ln117_785 = or i1 %or_ln117_783, i1 %and_ln102_822" [firmware/BDT.h:117]   --->   Operation 106 'or' 'or_ln117_785' <Predicate = true> <Delay = 0.12> <CoreInst = "LogicGate">   --->   Core 74 'LogicGate' <Latency = 0> <II = 1> <Delay = 0.12> <FuncUnit> <Opcode : 'and' 'or' 'xor'> <InPorts = 2> <OutPorts = 1>
ST_1 : Operation 107 [1/1] (0.00ns) (grouped into LUT with out node select_ln117_832)   --->   "%select_ln117_831 = select i1 %or_ln117_784, i4 %select_ln117_830, i4 13" [firmware/BDT.h:117]   --->   Operation 107 'select' 'select_ln117_831' <Predicate = true> <Delay = 0.00> <CoreInst = "Sel">   --->   Core 73 'Sel' <Latency = 0> <II = 1> <Delay = 0.35> <FuncUnit> <Opcode : 'select'> <InPorts = 3> <OutPorts = 1>
ST_1 : Operation 108 [1/1] (0.00ns) (grouped into LUT with out node select_ln117_834)   --->   "%or_ln117_786 = or i1 %or_ln117_785, i1 %and_ln102_834" [firmware/BDT.h:117]   --->   Operation 108 'or' 'or_ln117_786' <Predicate = true> <Delay = 0.00> <CoreInst = "LogicGate">   --->   Core 74 'LogicGate' <Latency = 0> <II = 1> <Delay = 0.12> <FuncUnit> <Opcode : 'and' 'or' 'xor'> <InPorts = 2> <OutPorts = 1>
ST_1 : Operation 109 [1/1] (0.35ns) (out node of the LUT)   --->   "%select_ln117_832 = select i1 %or_ln117_785, i4 %select_ln117_831, i4 14" [firmware/BDT.h:117]   --->   Operation 109 'select' 'select_ln117_832' <Predicate = true> <Delay = 0.35> <CoreInst = "Sel">   --->   Core 73 'Sel' <Latency = 0> <II = 1> <Delay = 0.35> <FuncUnit> <Opcode : 'select'> <InPorts = 3> <OutPorts = 1>
ST_1 : Operation 110 [1/1] (0.00ns) (grouped into LUT with out node select_ln117_834)   --->   "%select_ln117_833 = select i1 %or_ln117_786, i4 %select_ln117_832, i4 15" [firmware/BDT.h:117]   --->   Operation 110 'select' 'select_ln117_833' <Predicate = true> <Delay = 0.00> <CoreInst = "Sel">   --->   Core 73 'Sel' <Latency = 0> <II = 1> <Delay = 0.35> <FuncUnit> <Opcode : 'select'> <InPorts = 3> <OutPorts = 1>
ST_1 : Operation 111 [1/1] (0.00ns) (grouped into LUT with out node select_ln117_834)   --->   "%zext_ln117_95 = zext i4 %select_ln117_833" [firmware/BDT.h:117]   --->   Operation 111 'zext' 'zext_ln117_95' <Predicate = true> <Delay = 0.00>
ST_1 : Operation 112 [1/1] (0.35ns) (out node of the LUT)   --->   "%select_ln117_834 = select i1 %icmp_ln86, i5 %zext_ln117_95, i5 16" [firmware/BDT.h:117]   --->   Operation 112 'select' 'select_ln117_834' <Predicate = true> <Delay = 0.35> <CoreInst = "Sel">   --->   Core 73 'Sel' <Latency = 0> <II = 1> <Delay = 0.27> <FuncUnit> <Opcode : 'select'> <InPorts = 3> <OutPorts = 1>

State 2 <SV = 1> <Delay = 3.20>
ST_2 : Operation 113 [1/1] (0.00ns)   --->   "%specpipeline_ln86 = specpipeline void @_ssdm_op_SpecPipeline, i32 1, i32 0, i32 0, i32 0, void @empty_0" [firmware/BDT.h:86]   --->   Operation 113 'specpipeline' 'specpipeline_ln86' <Predicate = true> <Delay = 0.00>
ST_2 : Operation 114 [1/1] (0.12ns)   --->   "%xor_ln104 = xor i1 %icmp_ln86, i1 1" [firmware/BDT.h:104]   --->   Operation 114 'xor' 'xor_ln104' <Predicate = true> <Delay = 0.12> <CoreInst = "LogicGate">   --->   Core 74 'LogicGate' <Latency = 0> <II = 1> <Delay = 0.12> <FuncUnit> <Opcode : 'and' 'or' 'xor'> <InPorts = 2> <OutPorts = 1>
ST_2 : Operation 115 [1/1] (0.12ns)   --->   "%and_ln102_814 = and i1 %icmp_ln86_848, i1 %xor_ln104" [firmware/BDT.h:102]   --->   Operation 115 'and' 'and_ln102_814' <Predicate = true> <Delay = 0.12> <CoreInst = "LogicGate">   --->   Core 74 'LogicGate' <Latency = 0> <II = 1> <Delay = 0.12> <FuncUnit> <Opcode : 'and' 'or' 'xor'> <InPorts = 2> <OutPorts = 1>
ST_2 : Operation 116 [1/1] (0.00ns) (grouped into LUT with out node and_ln104_166)   --->   "%xor_ln104_407 = xor i1 %icmp_ln86_848, i1 1" [firmware/BDT.h:104]   --->   Operation 116 'xor' 'xor_ln104_407' <Predicate = true> <Delay = 0.00> <CoreInst = "LogicGate">   --->   Core 74 'LogicGate' <Latency = 0> <II = 1> <Delay = 0.12> <FuncUnit> <Opcode : 'and' 'or' 'xor'> <InPorts = 2> <OutPorts = 1>
ST_2 : Operation 117 [1/1] (0.12ns) (out node of the LUT)   --->   "%and_ln104_166 = and i1 %xor_ln104_407, i1 %xor_ln104" [firmware/BDT.h:104]   --->   Operation 117 'and' 'and_ln104_166' <Predicate = true> <Delay = 0.12> <CoreInst = "LogicGate">   --->   Core 74 'LogicGate' <Latency = 0> <II = 1> <Delay = 0.12> <FuncUnit> <Opcode : 'and' 'or' 'xor'> <InPorts = 2> <OutPorts = 1>
ST_2 : Operation 118 [1/1] (0.12ns)   --->   "%and_ln102_817 = and i1 %icmp_ln86_851, i1 %and_ln102_814" [firmware/BDT.h:102]   --->   Operation 118 'and' 'and_ln102_817' <Predicate = true> <Delay = 0.12> <CoreInst = "LogicGate">   --->   Core 74 'LogicGate' <Latency = 0> <II = 1> <Delay = 0.12> <FuncUnit> <Opcode : 'and' 'or' 'xor'> <InPorts = 2> <OutPorts = 1>
ST_2 : Operation 119 [1/1] (0.00ns) (grouped into LUT with out node and_ln104_169)   --->   "%xor_ln104_410 = xor i1 %icmp_ln86_851, i1 1" [firmware/BDT.h:104]   --->   Operation 119 'xor' 'xor_ln104_410' <Predicate = true> <Delay = 0.00> <CoreInst = "LogicGate">   --->   Core 74 'LogicGate' <Latency = 0> <II = 1> <Delay = 0.12> <FuncUnit> <Opcode : 'and' 'or' 'xor'> <InPorts = 2> <OutPorts = 1>
ST_2 : Operation 120 [1/1] (0.12ns) (out node of the LUT)   --->   "%and_ln104_169 = and i1 %and_ln102_814, i1 %xor_ln104_410" [firmware/BDT.h:104]   --->   Operation 120 'and' 'and_ln104_169' <Predicate = true> <Delay = 0.12> <CoreInst = "LogicGate">   --->   Core 74 'LogicGate' <Latency = 0> <II = 1> <Delay = 0.12> <FuncUnit> <Opcode : 'and' 'or' 'xor'> <InPorts = 2> <OutPorts = 1>
ST_2 : Operation 121 [1/1] (0.12ns)   --->   "%and_ln102_818 = and i1 %icmp_ln86_852, i1 %and_ln104_166" [firmware/BDT.h:102]   --->   Operation 121 'and' 'and_ln102_818' <Predicate = true> <Delay = 0.12> <CoreInst = "LogicGate">   --->   Core 74 'LogicGate' <Latency = 0> <II = 1> <Delay = 0.12> <FuncUnit> <Opcode : 'and' 'or' 'xor'> <InPorts = 2> <OutPorts = 1>
ST_2 : Operation 122 [1/1] (0.00ns) (grouped into LUT with out node and_ln104_170)   --->   "%xor_ln104_411 = xor i1 %icmp_ln86_852, i1 1" [firmware/BDT.h:104]   --->   Operation 122 'xor' 'xor_ln104_411' <Predicate = true> <Delay = 0.00> <CoreInst = "LogicGate">   --->   Core 74 'LogicGate' <Latency = 0> <II = 1> <Delay = 0.12> <FuncUnit> <Opcode : 'and' 'or' 'xor'> <InPorts = 2> <OutPorts = 1>
ST_2 : Operation 123 [1/1] (0.12ns) (out node of the LUT)   --->   "%and_ln104_170 = and i1 %and_ln104_166, i1 %xor_ln104_411" [firmware/BDT.h:104]   --->   Operation 123 'and' 'and_ln104_170' <Predicate = true> <Delay = 0.12> <CoreInst = "LogicGate">   --->   Core 74 'LogicGate' <Latency = 0> <II = 1> <Delay = 0.12> <FuncUnit> <Opcode : 'and' 'or' 'xor'> <InPorts = 2> <OutPorts = 1>
ST_2 : Operation 124 [1/1] (0.12ns)   --->   "%and_ln102_823 = and i1 %icmp_ln86_857, i1 %and_ln102_817" [firmware/BDT.h:102]   --->   Operation 124 'and' 'and_ln102_823' <Predicate = true> <Delay = 0.12> <CoreInst = "LogicGate">   --->   Core 74 'LogicGate' <Latency = 0> <II = 1> <Delay = 0.12> <FuncUnit> <Opcode : 'and' 'or' 'xor'> <InPorts = 2> <OutPorts = 1>
ST_2 : Operation 125 [1/1] (0.00ns) (grouped into LUT with out node select_ln117_838)   --->   "%xor_ln104_416 = xor i1 %icmp_ln86_857, i1 1" [firmware/BDT.h:104]   --->   Operation 125 'xor' 'xor_ln104_416' <Predicate = true> <Delay = 0.00> <CoreInst = "LogicGate">   --->   Core 74 'LogicGate' <Latency = 0> <II = 1> <Delay = 0.12> <FuncUnit> <Opcode : 'and' 'or' 'xor'> <InPorts = 2> <OutPorts = 1>
ST_2 : Operation 126 [1/1] (0.12ns)   --->   "%and_ln102_824 = and i1 %icmp_ln86_858, i1 %and_ln104_169" [firmware/BDT.h:102]   --->   Operation 126 'and' 'and_ln102_824' <Predicate = true> <Delay = 0.12> <CoreInst = "LogicGate">   --->   Core 74 'LogicGate' <Latency = 0> <II = 1> <Delay = 0.12> <FuncUnit> <Opcode : 'and' 'or' 'xor'> <InPorts = 2> <OutPorts = 1>
ST_2 : Operation 127 [1/1] (0.00ns) (grouped into LUT with out node select_ln117_842)   --->   "%xor_ln104_417 = xor i1 %icmp_ln86_858, i1 1" [firmware/BDT.h:104]   --->   Operation 127 'xor' 'xor_ln104_417' <Predicate = true> <Delay = 0.00> <CoreInst = "LogicGate">   --->   Core 74 'LogicGate' <Latency = 0> <II = 1> <Delay = 0.12> <FuncUnit> <Opcode : 'and' 'or' 'xor'> <InPorts = 2> <OutPorts = 1>
ST_2 : Operation 128 [1/1] (0.12ns)   --->   "%and_ln102_825 = and i1 %icmp_ln86_1393, i1 %and_ln102_818" [firmware/BDT.h:102]   --->   Operation 128 'and' 'and_ln102_825' <Predicate = true> <Delay = 0.12> <CoreInst = "LogicGate">   --->   Core 74 'LogicGate' <Latency = 0> <II = 1> <Delay = 0.12> <FuncUnit> <Opcode : 'and' 'or' 'xor'> <InPorts = 2> <OutPorts = 1>
ST_2 : Operation 129 [1/1] (0.00ns) (grouped into LUT with out node select_ln117_846)   --->   "%xor_ln104_418 = xor i1 %icmp_ln86_1393, i1 1" [firmware/BDT.h:104]   --->   Operation 129 'xor' 'xor_ln104_418' <Predicate = true> <Delay = 0.00> <CoreInst = "LogicGate">   --->   Core 74 'LogicGate' <Latency = 0> <II = 1> <Delay = 0.12> <FuncUnit> <Opcode : 'and' 'or' 'xor'> <InPorts = 2> <OutPorts = 1>
ST_2 : Operation 130 [1/1] (0.12ns)   --->   "%and_ln102_826 = and i1 %icmp_ln86_860, i1 %and_ln104_170" [firmware/BDT.h:102]   --->   Operation 130 'and' 'and_ln102_826' <Predicate = true> <Delay = 0.12> <CoreInst = "LogicGate">   --->   Core 74 'LogicGate' <Latency = 0> <II = 1> <Delay = 0.12> <FuncUnit> <Opcode : 'and' 'or' 'xor'> <InPorts = 2> <OutPorts = 1>
ST_2 : Operation 131 [1/1] (0.00ns) (grouped into LUT with out node agg_result)   --->   "%xor_ln104_419 = xor i1 %icmp_ln86_860, i1 1" [firmware/BDT.h:104]   --->   Operation 131 'xor' 'xor_ln104_419' <Predicate = true> <Delay = 0.00> <CoreInst = "LogicGate">   --->   Core 74 'LogicGate' <Latency = 0> <II = 1> <Delay = 0.12> <FuncUnit> <Opcode : 'and' 'or' 'xor'> <InPorts = 2> <OutPorts = 1>
ST_2 : Operation 132 [1/1] (0.00ns) (grouped into LUT with out node select_ln117_836)   --->   "%and_ln102_835 = and i1 %icmp_ln86_869, i1 %and_ln102_823" [firmware/BDT.h:102]   --->   Operation 132 'and' 'and_ln102_835' <Predicate = true> <Delay = 0.00> <CoreInst = "LogicGate">   --->   Core 74 'LogicGate' <Latency = 0> <II = 1> <Delay = 0.12> <FuncUnit> <Opcode : 'and' 'or' 'xor'> <InPorts = 2> <OutPorts = 1>
ST_2 : Operation 133 [1/1] (0.00ns) (grouped into LUT with out node select_ln117_838)   --->   "%and_ln102_847 = and i1 %icmp_ln86_870, i1 %xor_ln104_416" [firmware/BDT.h:102]   --->   Operation 133 'and' 'and_ln102_847' <Predicate = true> <Delay = 0.00> <CoreInst = "LogicGate">   --->   Core 74 'LogicGate' <Latency = 0> <II = 1> <Delay = 0.12> <FuncUnit> <Opcode : 'and' 'or' 'xor'> <InPorts = 2> <OutPorts = 1>
ST_2 : Operation 134 [1/1] (0.00ns) (grouped into LUT with out node select_ln117_838)   --->   "%and_ln102_836 = and i1 %and_ln102_847, i1 %and_ln102_817" [firmware/BDT.h:102]   --->   Operation 134 'and' 'and_ln102_836' <Predicate = true> <Delay = 0.00> <CoreInst = "LogicGate">   --->   Core 74 'LogicGate' <Latency = 0> <II = 1> <Delay = 0.12> <FuncUnit> <Opcode : 'and' 'or' 'xor'> <InPorts = 2> <OutPorts = 1>
ST_2 : Operation 135 [1/1] (0.00ns) (grouped into LUT with out node select_ln117_840)   --->   "%and_ln102_837 = and i1 %icmp_ln86_871, i1 %and_ln102_824" [firmware/BDT.h:102]   --->   Operation 135 'and' 'and_ln102_837' <Predicate = true> <Delay = 0.00> <CoreInst = "LogicGate">   --->   Core 74 'LogicGate' <Latency = 0> <II = 1> <Delay = 0.12> <FuncUnit> <Opcode : 'and' 'or' 'xor'> <InPorts = 2> <OutPorts = 1>
ST_2 : Operation 136 [1/1] (0.00ns) (grouped into LUT with out node select_ln117_842)   --->   "%and_ln102_848 = and i1 %icmp_ln86_872, i1 %xor_ln104_417" [firmware/BDT.h:102]   --->   Operation 136 'and' 'and_ln102_848' <Predicate = true> <Delay = 0.00> <CoreInst = "LogicGate">   --->   Core 74 'LogicGate' <Latency = 0> <II = 1> <Delay = 0.12> <FuncUnit> <Opcode : 'and' 'or' 'xor'> <InPorts = 2> <OutPorts = 1>
ST_2 : Operation 137 [1/1] (0.00ns) (grouped into LUT with out node select_ln117_842)   --->   "%and_ln102_838 = and i1 %and_ln102_848, i1 %and_ln104_169" [firmware/BDT.h:102]   --->   Operation 137 'and' 'and_ln102_838' <Predicate = true> <Delay = 0.00> <CoreInst = "LogicGate">   --->   Core 74 'LogicGate' <Latency = 0> <II = 1> <Delay = 0.12> <FuncUnit> <Opcode : 'and' 'or' 'xor'> <InPorts = 2> <OutPorts = 1>
ST_2 : Operation 138 [1/1] (0.00ns) (grouped into LUT with out node select_ln117_844)   --->   "%and_ln102_839 = and i1 %icmp_ln86_873, i1 %and_ln102_825" [firmware/BDT.h:102]   --->   Operation 138 'and' 'and_ln102_839' <Predicate = true> <Delay = 0.00> <CoreInst = "LogicGate">   --->   Core 74 'LogicGate' <Latency = 0> <II = 1> <Delay = 0.12> <FuncUnit> <Opcode : 'and' 'or' 'xor'> <InPorts = 2> <OutPorts = 1>
ST_2 : Operation 139 [1/1] (0.00ns) (grouped into LUT with out node select_ln117_846)   --->   "%and_ln102_849 = and i1 %icmp_ln86_874, i1 %xor_ln104_418" [firmware/BDT.h:102]   --->   Operation 139 'and' 'and_ln102_849' <Predicate = true> <Delay = 0.00> <CoreInst = "LogicGate">   --->   Core 74 'LogicGate' <Latency = 0> <II = 1> <Delay = 0.12> <FuncUnit> <Opcode : 'and' 'or' 'xor'> <InPorts = 2> <OutPorts = 1>
ST_2 : Operation 140 [1/1] (0.00ns) (grouped into LUT with out node select_ln117_846)   --->   "%and_ln102_840 = and i1 %and_ln102_849, i1 %and_ln102_818" [firmware/BDT.h:102]   --->   Operation 140 'and' 'and_ln102_840' <Predicate = true> <Delay = 0.00> <CoreInst = "LogicGate">   --->   Core 74 'LogicGate' <Latency = 0> <II = 1> <Delay = 0.12> <FuncUnit> <Opcode : 'and' 'or' 'xor'> <InPorts = 2> <OutPorts = 1>
ST_2 : Operation 141 [1/1] (0.00ns) (grouped into LUT with out node select_ln117_848)   --->   "%and_ln102_841 = and i1 %icmp_ln86_875, i1 %and_ln102_826" [firmware/BDT.h:102]   --->   Operation 141 'and' 'and_ln102_841' <Predicate = true> <Delay = 0.00> <CoreInst = "LogicGate">   --->   Core 74 'LogicGate' <Latency = 0> <II = 1> <Delay = 0.12> <FuncUnit> <Opcode : 'and' 'or' 'xor'> <InPorts = 2> <OutPorts = 1>
ST_2 : Operation 142 [1/1] (0.00ns) (grouped into LUT with out node agg_result)   --->   "%and_ln102_850 = and i1 %icmp_ln86_876, i1 %xor_ln104_419" [firmware/BDT.h:102]   --->   Operation 142 'and' 'and_ln102_850' <Predicate = true> <Delay = 0.00> <CoreInst = "LogicGate">   --->   Core 74 'LogicGate' <Latency = 0> <II = 1> <Delay = 0.12> <FuncUnit> <Opcode : 'and' 'or' 'xor'> <InPorts = 2> <OutPorts = 1>
ST_2 : Operation 143 [1/1] (0.00ns) (grouped into LUT with out node agg_result)   --->   "%and_ln102_842 = and i1 %and_ln102_850, i1 %and_ln104_170" [firmware/BDT.h:102]   --->   Operation 143 'and' 'and_ln102_842' <Predicate = true> <Delay = 0.00> <CoreInst = "LogicGate">   --->   Core 74 'LogicGate' <Latency = 0> <II = 1> <Delay = 0.12> <FuncUnit> <Opcode : 'and' 'or' 'xor'> <InPorts = 2> <OutPorts = 1>
ST_2 : Operation 144 [1/1] (0.00ns) (grouped into LUT with out node select_ln117_836)   --->   "%or_ln117_787 = or i1 %icmp_ln86, i1 %and_ln102_835" [firmware/BDT.h:117]   --->   Operation 144 'or' 'or_ln117_787' <Predicate = true> <Delay = 0.00> <CoreInst = "LogicGate">   --->   Core 74 'LogicGate' <Latency = 0> <II = 1> <Delay = 0.12> <FuncUnit> <Opcode : 'and' 'or' 'xor'> <InPorts = 2> <OutPorts = 1>
ST_2 : Operation 145 [1/1] (0.12ns)   --->   "%or_ln117_788 = or i1 %icmp_ln86, i1 %and_ln102_823" [firmware/BDT.h:117]   --->   Operation 145 'or' 'or_ln117_788' <Predicate = true> <Delay = 0.12> <CoreInst = "LogicGate">   --->   Core 74 'LogicGate' <Latency = 0> <II = 1> <Delay = 0.12> <FuncUnit> <Opcode : 'and' 'or' 'xor'> <InPorts = 2> <OutPorts = 1>
ST_2 : Operation 146 [1/1] (0.00ns) (grouped into LUT with out node select_ln117_836)   --->   "%select_ln117_835 = select i1 %or_ln117_787, i5 %select_ln117_834, i5 17" [firmware/BDT.h:117]   --->   Operation 146 'select' 'select_ln117_835' <Predicate = true> <Delay = 0.00> <CoreInst = "Sel">   --->   Core 73 'Sel' <Latency = 0> <II = 1> <Delay = 0.27> <FuncUnit> <Opcode : 'select'> <InPorts = 3> <OutPorts = 1>
ST_2 : Operation 147 [1/1] (0.00ns) (grouped into LUT with out node select_ln117_838)   --->   "%or_ln117_789 = or i1 %or_ln117_788, i1 %and_ln102_836" [firmware/BDT.h:117]   --->   Operation 147 'or' 'or_ln117_789' <Predicate = true> <Delay = 0.00> <CoreInst = "LogicGate">   --->   Core 74 'LogicGate' <Latency = 0> <II = 1> <Delay = 0.12> <FuncUnit> <Opcode : 'and' 'or' 'xor'> <InPorts = 2> <OutPorts = 1>
ST_2 : Operation 148 [1/1] (0.27ns) (out node of the LUT)   --->   "%select_ln117_836 = select i1 %or_ln117_788, i5 %select_ln117_835, i5 18" [firmware/BDT.h:117]   --->   Operation 148 'select' 'select_ln117_836' <Predicate = true> <Delay = 0.27> <CoreInst = "Sel">   --->   Core 73 'Sel' <Latency = 0> <II = 1> <Delay = 0.27> <FuncUnit> <Opcode : 'select'> <InPorts = 3> <OutPorts = 1>
ST_2 : Operation 149 [1/1] (0.12ns)   --->   "%or_ln117_790 = or i1 %icmp_ln86, i1 %and_ln102_817" [firmware/BDT.h:117]   --->   Operation 149 'or' 'or_ln117_790' <Predicate = true> <Delay = 0.12> <CoreInst = "LogicGate">   --->   Core 74 'LogicGate' <Latency = 0> <II = 1> <Delay = 0.12> <FuncUnit> <Opcode : 'and' 'or' 'xor'> <InPorts = 2> <OutPorts = 1>
ST_2 : Operation 150 [1/1] (0.00ns) (grouped into LUT with out node select_ln117_838)   --->   "%select_ln117_837 = select i1 %or_ln117_789, i5 %select_ln117_836, i5 19" [firmware/BDT.h:117]   --->   Operation 150 'select' 'select_ln117_837' <Predicate = true> <Delay = 0.00> <CoreInst = "Sel">   --->   Core 73 'Sel' <Latency = 0> <II = 1> <Delay = 0.27> <FuncUnit> <Opcode : 'select'> <InPorts = 3> <OutPorts = 1>
ST_2 : Operation 151 [1/1] (0.00ns) (grouped into LUT with out node select_ln117_840)   --->   "%or_ln117_791 = or i1 %or_ln117_790, i1 %and_ln102_837" [firmware/BDT.h:117]   --->   Operation 151 'or' 'or_ln117_791' <Predicate = true> <Delay = 0.00> <CoreInst = "LogicGate">   --->   Core 74 'LogicGate' <Latency = 0> <II = 1> <Delay = 0.12> <FuncUnit> <Opcode : 'and' 'or' 'xor'> <InPorts = 2> <OutPorts = 1>
ST_2 : Operation 152 [1/1] (0.27ns) (out node of the LUT)   --->   "%select_ln117_838 = select i1 %or_ln117_790, i5 %select_ln117_837, i5 20" [firmware/BDT.h:117]   --->   Operation 152 'select' 'select_ln117_838' <Predicate = true> <Delay = 0.27> <CoreInst = "Sel">   --->   Core 73 'Sel' <Latency = 0> <II = 1> <Delay = 0.27> <FuncUnit> <Opcode : 'select'> <InPorts = 3> <OutPorts = 1>
ST_2 : Operation 153 [1/1] (0.12ns)   --->   "%or_ln117_792 = or i1 %or_ln117_790, i1 %and_ln102_824" [firmware/BDT.h:117]   --->   Operation 153 'or' 'or_ln117_792' <Predicate = true> <Delay = 0.12> <CoreInst = "LogicGate">   --->   Core 74 'LogicGate' <Latency = 0> <II = 1> <Delay = 0.12> <FuncUnit> <Opcode : 'and' 'or' 'xor'> <InPorts = 2> <OutPorts = 1>
ST_2 : Operation 154 [1/1] (0.00ns) (grouped into LUT with out node select_ln117_840)   --->   "%select_ln117_839 = select i1 %or_ln117_791, i5 %select_ln117_838, i5 21" [firmware/BDT.h:117]   --->   Operation 154 'select' 'select_ln117_839' <Predicate = true> <Delay = 0.00> <CoreInst = "Sel">   --->   Core 73 'Sel' <Latency = 0> <II = 1> <Delay = 0.27> <FuncUnit> <Opcode : 'select'> <InPorts = 3> <OutPorts = 1>
ST_2 : Operation 155 [1/1] (0.00ns) (grouped into LUT with out node select_ln117_842)   --->   "%or_ln117_793 = or i1 %or_ln117_792, i1 %and_ln102_838" [firmware/BDT.h:117]   --->   Operation 155 'or' 'or_ln117_793' <Predicate = true> <Delay = 0.00> <CoreInst = "LogicGate">   --->   Core 74 'LogicGate' <Latency = 0> <II = 1> <Delay = 0.12> <FuncUnit> <Opcode : 'and' 'or' 'xor'> <InPorts = 2> <OutPorts = 1>
ST_2 : Operation 156 [1/1] (0.27ns) (out node of the LUT)   --->   "%select_ln117_840 = select i1 %or_ln117_792, i5 %select_ln117_839, i5 22" [firmware/BDT.h:117]   --->   Operation 156 'select' 'select_ln117_840' <Predicate = true> <Delay = 0.27> <CoreInst = "Sel">   --->   Core 73 'Sel' <Latency = 0> <II = 1> <Delay = 0.27> <FuncUnit> <Opcode : 'select'> <InPorts = 3> <OutPorts = 1>
ST_2 : Operation 157 [1/1] (0.12ns)   --->   "%or_ln117_794 = or i1 %icmp_ln86, i1 %and_ln102_814" [firmware/BDT.h:117]   --->   Operation 157 'or' 'or_ln117_794' <Predicate = true> <Delay = 0.12> <CoreInst = "LogicGate">   --->   Core 74 'LogicGate' <Latency = 0> <II = 1> <Delay = 0.12> <FuncUnit> <Opcode : 'and' 'or' 'xor'> <InPorts = 2> <OutPorts = 1>
ST_2 : Operation 158 [1/1] (0.00ns) (grouped into LUT with out node select_ln117_842)   --->   "%select_ln117_841 = select i1 %or_ln117_793, i5 %select_ln117_840, i5 23" [firmware/BDT.h:117]   --->   Operation 158 'select' 'select_ln117_841' <Predicate = true> <Delay = 0.00> <CoreInst = "Sel">   --->   Core 73 'Sel' <Latency = 0> <II = 1> <Delay = 0.27> <FuncUnit> <Opcode : 'select'> <InPorts = 3> <OutPorts = 1>
ST_2 : Operation 159 [1/1] (0.00ns) (grouped into LUT with out node select_ln117_844)   --->   "%or_ln117_795 = or i1 %or_ln117_794, i1 %and_ln102_839" [firmware/BDT.h:117]   --->   Operation 159 'or' 'or_ln117_795' <Predicate = true> <Delay = 0.00> <CoreInst = "LogicGate">   --->   Core 74 'LogicGate' <Latency = 0> <II = 1> <Delay = 0.12> <FuncUnit> <Opcode : 'and' 'or' 'xor'> <InPorts = 2> <OutPorts = 1>
ST_2 : Operation 160 [1/1] (0.27ns) (out node of the LUT)   --->   "%select_ln117_842 = select i1 %or_ln117_794, i5 %select_ln117_841, i5 24" [firmware/BDT.h:117]   --->   Operation 160 'select' 'select_ln117_842' <Predicate = true> <Delay = 0.27> <CoreInst = "Sel">   --->   Core 73 'Sel' <Latency = 0> <II = 1> <Delay = 0.27> <FuncUnit> <Opcode : 'select'> <InPorts = 3> <OutPorts = 1>
ST_2 : Operation 161 [1/1] (0.12ns)   --->   "%or_ln117_796 = or i1 %or_ln117_794, i1 %and_ln102_825" [firmware/BDT.h:117]   --->   Operation 161 'or' 'or_ln117_796' <Predicate = true> <Delay = 0.12> <CoreInst = "LogicGate">   --->   Core 74 'LogicGate' <Latency = 0> <II = 1> <Delay = 0.12> <FuncUnit> <Opcode : 'and' 'or' 'xor'> <InPorts = 2> <OutPorts = 1>
ST_2 : Operation 162 [1/1] (0.00ns) (grouped into LUT with out node select_ln117_844)   --->   "%select_ln117_843 = select i1 %or_ln117_795, i5 %select_ln117_842, i5 25" [firmware/BDT.h:117]   --->   Operation 162 'select' 'select_ln117_843' <Predicate = true> <Delay = 0.00> <CoreInst = "Sel">   --->   Core 73 'Sel' <Latency = 0> <II = 1> <Delay = 0.27> <FuncUnit> <Opcode : 'select'> <InPorts = 3> <OutPorts = 1>
ST_2 : Operation 163 [1/1] (0.00ns) (grouped into LUT with out node select_ln117_846)   --->   "%or_ln117_797 = or i1 %or_ln117_796, i1 %and_ln102_840" [firmware/BDT.h:117]   --->   Operation 163 'or' 'or_ln117_797' <Predicate = true> <Delay = 0.00> <CoreInst = "LogicGate">   --->   Core 74 'LogicGate' <Latency = 0> <II = 1> <Delay = 0.12> <FuncUnit> <Opcode : 'and' 'or' 'xor'> <InPorts = 2> <OutPorts = 1>
ST_2 : Operation 164 [1/1] (0.27ns) (out node of the LUT)   --->   "%select_ln117_844 = select i1 %or_ln117_796, i5 %select_ln117_843, i5 26" [firmware/BDT.h:117]   --->   Operation 164 'select' 'select_ln117_844' <Predicate = true> <Delay = 0.27> <CoreInst = "Sel">   --->   Core 73 'Sel' <Latency = 0> <II = 1> <Delay = 0.27> <FuncUnit> <Opcode : 'select'> <InPorts = 3> <OutPorts = 1>
ST_2 : Operation 165 [1/1] (0.12ns)   --->   "%or_ln117_798 = or i1 %or_ln117_794, i1 %and_ln102_818" [firmware/BDT.h:117]   --->   Operation 165 'or' 'or_ln117_798' <Predicate = true> <Delay = 0.12> <CoreInst = "LogicGate">   --->   Core 74 'LogicGate' <Latency = 0> <II = 1> <Delay = 0.12> <FuncUnit> <Opcode : 'and' 'or' 'xor'> <InPorts = 2> <OutPorts = 1>
ST_2 : Operation 166 [1/1] (0.00ns) (grouped into LUT with out node select_ln117_846)   --->   "%select_ln117_845 = select i1 %or_ln117_797, i5 %select_ln117_844, i5 27" [firmware/BDT.h:117]   --->   Operation 166 'select' 'select_ln117_845' <Predicate = true> <Delay = 0.00> <CoreInst = "Sel">   --->   Core 73 'Sel' <Latency = 0> <II = 1> <Delay = 0.27> <FuncUnit> <Opcode : 'select'> <InPorts = 3> <OutPorts = 1>
ST_2 : Operation 167 [1/1] (0.00ns) (grouped into LUT with out node select_ln117_848)   --->   "%or_ln117_799 = or i1 %or_ln117_798, i1 %and_ln102_841" [firmware/BDT.h:117]   --->   Operation 167 'or' 'or_ln117_799' <Predicate = true> <Delay = 0.00> <CoreInst = "LogicGate">   --->   Core 74 'LogicGate' <Latency = 0> <II = 1> <Delay = 0.12> <FuncUnit> <Opcode : 'and' 'or' 'xor'> <InPorts = 2> <OutPorts = 1>
ST_2 : Operation 168 [1/1] (0.27ns) (out node of the LUT)   --->   "%select_ln117_846 = select i1 %or_ln117_798, i5 %select_ln117_845, i5 28" [firmware/BDT.h:117]   --->   Operation 168 'select' 'select_ln117_846' <Predicate = true> <Delay = 0.27> <CoreInst = "Sel">   --->   Core 73 'Sel' <Latency = 0> <II = 1> <Delay = 0.27> <FuncUnit> <Opcode : 'select'> <InPorts = 3> <OutPorts = 1>
ST_2 : Operation 169 [1/1] (0.12ns)   --->   "%or_ln117_800 = or i1 %or_ln117_798, i1 %and_ln102_826" [firmware/BDT.h:117]   --->   Operation 169 'or' 'or_ln117_800' <Predicate = true> <Delay = 0.12> <CoreInst = "LogicGate">   --->   Core 74 'LogicGate' <Latency = 0> <II = 1> <Delay = 0.12> <FuncUnit> <Opcode : 'and' 'or' 'xor'> <InPorts = 2> <OutPorts = 1>
ST_2 : Operation 170 [1/1] (0.00ns) (grouped into LUT with out node select_ln117_848)   --->   "%select_ln117_847 = select i1 %or_ln117_799, i5 %select_ln117_846, i5 29" [firmware/BDT.h:117]   --->   Operation 170 'select' 'select_ln117_847' <Predicate = true> <Delay = 0.00> <CoreInst = "Sel">   --->   Core 73 'Sel' <Latency = 0> <II = 1> <Delay = 0.27> <FuncUnit> <Opcode : 'select'> <InPorts = 3> <OutPorts = 1>
ST_2 : Operation 171 [1/1] (0.00ns) (grouped into LUT with out node agg_result)   --->   "%or_ln117_801 = or i1 %or_ln117_800, i1 %and_ln102_842" [firmware/BDT.h:117]   --->   Operation 171 'or' 'or_ln117_801' <Predicate = true> <Delay = 0.00> <CoreInst = "LogicGate">   --->   Core 74 'LogicGate' <Latency = 0> <II = 1> <Delay = 0.12> <FuncUnit> <Opcode : 'and' 'or' 'xor'> <InPorts = 2> <OutPorts = 1>
ST_2 : Operation 172 [1/1] (0.27ns) (out node of the LUT)   --->   "%select_ln117_848 = select i1 %or_ln117_800, i5 %select_ln117_847, i5 30" [firmware/BDT.h:117]   --->   Operation 172 'select' 'select_ln117_848' <Predicate = true> <Delay = 0.27> <CoreInst = "Sel">   --->   Core 73 'Sel' <Latency = 0> <II = 1> <Delay = 0.27> <FuncUnit> <Opcode : 'select'> <InPorts = 3> <OutPorts = 1>
ST_2 : Operation 173 [1/1] (0.00ns) (grouped into LUT with out node agg_result)   --->   "%select_ln117_849 = select i1 %or_ln117_801, i5 %select_ln117_848, i5 31" [firmware/BDT.h:117]   --->   Operation 173 'select' 'select_ln117_849' <Predicate = true> <Delay = 0.00> <CoreInst = "Sel">   --->   Core 73 'Sel' <Latency = 0> <II = 1> <Delay = 0.27> <FuncUnit> <Opcode : 'select'> <InPorts = 3> <OutPorts = 1>
ST_2 : Operation 174 [1/1] (0.65ns) (out node of the LUT)   --->   "%agg_result = sparsemux i12 @_ssdm_op_SparseMux.ap_auto.32i12.i12.i5, i5 0, i12 323, i5 1, i12 3811, i5 2, i12 92, i5 3, i12 541, i5 4, i12 424, i5 5, i12 3676, i5 6, i12 4082, i5 7, i12 3343, i5 8, i12 3630, i5 9, i12 3507, i5 10, i12 3947, i5 11, i12 3682, i5 12, i12 173, i5 13, i12 3828, i5 14, i12 3964, i5 15, i12 3698, i5 16, i12 1091, i5 17, i12 3724, i5 18, i12 3657, i5 19, i12 122, i5 20, i12 240, i5 21, i12 3592, i5 22, i12 4002, i5 23, i12 3687, i5 24, i12 816, i5 25, i12 3640, i5 26, i12 3819, i5 27, i12 3555, i5 28, i12 6, i5 29, i12 3671, i5 30, i12 3635, i5 31, i12 3573, i12 0, i5 %select_ln117_849" [firmware/BDT.h:118]   --->   Operation 174 'sparsemux' 'agg_result' <Predicate = true> <Delay = 0.65> <CoreInst = "SparseMux">   --->   Core 144 'SparseMux' <Latency = 0> <II = 1> <Delay = 0.65> <FuncUnit> <Opcode : 'sparsemux'> <InPorts = 2> <OutPorts = 1>
ST_2 : Operation 175 [1/1] (0.00ns)   --->   "%ret_ln122 = ret i12 %agg_result" [firmware/BDT.h:122]   --->   Operation 175 'ret' 'ret_ln122' <Predicate = true> <Delay = 0.00>


============================================================
+ Verbose Summary: Timing violations
============================================================
Target clock period: 5.000ns, clock uncertainty: 1.350ns.

 <State 1>: 3.596ns
The critical path consists of the following:
	wire read operation ('x_19_val_read', firmware/BDT.h:86) on port 'x_19_val' (firmware/BDT.h:86) [31]  (0.000 ns)
	'icmp' operation 1 bit ('icmp_ln86_847', firmware/BDT.h:86) [39]  (0.797 ns)
	'and' operation 1 bit ('and_ln102', firmware/BDT.h:102) [71]  (0.122 ns)
	'and' operation 1 bit ('and_ln102_815', firmware/BDT.h:102) [77]  (0.122 ns)
	'and' operation 1 bit ('and_ln102_819', firmware/BDT.h:102) [89]  (0.122 ns)
	'or' operation 1 bit ('or_ln117', firmware/BDT.h:117) [131]  (0.122 ns)
	'select' operation 2 bit ('select_ln117_821', firmware/BDT.h:117) [133]  (0.000 ns)
	'select' operation 3 bit ('select_ln117_822', firmware/BDT.h:117) [136]  (0.278 ns)
	'select' operation 3 bit ('select_ln117_823', firmware/BDT.h:117) [138]  (0.000 ns)
	'select' operation 3 bit ('select_ln117_824', firmware/BDT.h:117) [140]  (0.278 ns)
	'select' operation 3 bit ('select_ln117_825', firmware/BDT.h:117) [141]  (0.000 ns)
	'select' operation 4 bit ('select_ln117_826', firmware/BDT.h:117) [144]  (0.351 ns)
	'select' operation 4 bit ('select_ln117_827', firmware/BDT.h:117) [146]  (0.000 ns)
	'select' operation 4 bit ('select_ln117_828', firmware/BDT.h:117) [148]  (0.351 ns)
	'select' operation 4 bit ('select_ln117_829', firmware/BDT.h:117) [150]  (0.000 ns)
	'select' operation 4 bit ('select_ln117_830', firmware/BDT.h:117) [152]  (0.351 ns)
	'select' operation 4 bit ('select_ln117_831', firmware/BDT.h:117) [154]  (0.000 ns)
	'select' operation 4 bit ('select_ln117_832', firmware/BDT.h:117) [156]  (0.351 ns)
	'select' operation 4 bit ('select_ln117_833', firmware/BDT.h:117) [157]  (0.000 ns)
	'select' operation 5 bit ('select_ln117_834', firmware/BDT.h:117) [160]  (0.351 ns)

 <State 2>: 3.210ns
The critical path consists of the following:
	'xor' operation 1 bit ('xor_ln104', firmware/BDT.h:104) [70]  (0.122 ns)
	'and' operation 1 bit ('and_ln102_814', firmware/BDT.h:102) [74]  (0.122 ns)
	'and' operation 1 bit ('and_ln102_817', firmware/BDT.h:102) [83]  (0.122 ns)
	'and' operation 1 bit ('and_ln102_823', firmware/BDT.h:102) [97]  (0.122 ns)
	'or' operation 1 bit ('or_ln117_788', firmware/BDT.h:117) [161]  (0.122 ns)
	'select' operation 5 bit ('select_ln117_836', firmware/BDT.h:117) [164]  (0.278 ns)
	'select' operation 5 bit ('select_ln117_837', firmware/BDT.h:117) [166]  (0.000 ns)
	'select' operation 5 bit ('select_ln117_838', firmware/BDT.h:117) [168]  (0.278 ns)
	'select' operation 5 bit ('select_ln117_839', firmware/BDT.h:117) [170]  (0.000 ns)
	'select' operation 5 bit ('select_ln117_840', firmware/BDT.h:117) [172]  (0.278 ns)
	'select' operation 5 bit ('select_ln117_841', firmware/BDT.h:117) [174]  (0.000 ns)
	'select' operation 5 bit ('select_ln117_842', firmware/BDT.h:117) [176]  (0.278 ns)
	'select' operation 5 bit ('select_ln117_843', firmware/BDT.h:117) [178]  (0.000 ns)
	'select' operation 5 bit ('select_ln117_844', firmware/BDT.h:117) [180]  (0.278 ns)
	'select' operation 5 bit ('select_ln117_845', firmware/BDT.h:117) [182]  (0.000 ns)
	'select' operation 5 bit ('select_ln117_846', firmware/BDT.h:117) [184]  (0.278 ns)
	'select' operation 5 bit ('select_ln117_847', firmware/BDT.h:117) [186]  (0.000 ns)
	'select' operation 5 bit ('select_ln117_848', firmware/BDT.h:117) [188]  (0.278 ns)
	'select' operation 5 bit ('select_ln117_849', firmware/BDT.h:117) [189]  (0.000 ns)
	'sparsemux' operation 12 bit ('agg_result', firmware/BDT.h:118) [190]  (0.654 ns)


============================================================
+ Verbose Summary: Binding
============================================================
N/A
* FSMD analyzer results:
  - Output states:
 - Input state : 
  - Chain level:
	State 1
	State 2


============================================================
+ Verbose Summary: Datapath Resource usage 
============================================================
N/A
