

================================================================
== Vitis HLS Report for 'decision_function_44'
================================================================
* Date:           Thu Jan 23 13:40:31 2025

* Version:        2024.1 (Build 5069499 on May 21 2024)
* Project:        my_prj
* Solution:       solution1 (Vivado IP Flow Target)
* Product family: virtexuplus
* Target device:  xcu250-figd2104-2L-e


================================================================
== Performance Estimates
================================================================
+ Timing: 
    * Summary: 
    +--------+---------+----------+------------+
    |  Clock |  Target | Estimated| Uncertainty|
    +--------+---------+----------+------------+
    |ap_clk  |  5.00 ns|  3.474 ns|     1.35 ns|
    +--------+---------+----------+------------+

+ Latency: 
    * Summary: 
    +---------+---------+----------+----------+-----+-----+---------+
    |  Latency (cycles) |  Latency (absolute) |  Interval | Pipeline|
    |   min   |   max   |    min   |    max   | min | max |   Type  |
    +---------+---------+----------+----------+-----+-----+---------+
    |        1|        1|  5.000 ns|  5.000 ns|    1|    1|      yes|
    +---------+---------+----------+----------+-----+-----+---------+

    + Detail: 
        * Instance: 
        N/A

        * Loop: 
        N/A

============================================================
+ Verbose Summary: Synthesis Manager
============================================================
InlineROM: 1
ExposeGlobal: 0
============================================================
+ Verbose Summary: CDFG Model
============================================================
IsTopModel: 0
ResetActiveHigh: 1
IsCombinational: 0
IsDatapathOnly: 0
HasWiredReturn: 1
HasMFsm: 2
HasVarLatency: 0
IsPipeline: 1
IsRtlPipelined: 1
IsInstanceOverlapped: 0
IsDontTouch: 0
HasImplIP: 0
IsGatedGlobalClock: 0

+ Individual pipeline summary: 
  * Pipeline-0: initiation interval (II) = 1, depth = 2


============================================================
+ Verbose Summary: Schedule
============================================================
* Number of FSM states : 2
* Pipeline : 1
  Pipeline-0 : II = 1, D = 2, States = { 1 2 }
* Dataflow Pipeline: 0

* FSM state transitions: 
1 --> 2 
2 --> 

* FSM state operations: 

State 1 <SV = 0> <Delay = 3.47>
ST_1 : Operation 3 [1/1] (0.00ns)   --->   "%x_51_val_read = read i18 @_ssdm_op_Read.ap_auto.i18, i18 %x_51_val" [firmware/BDT.h:86]   --->   Operation 3 'read' 'x_51_val_read' <Predicate = true> <Delay = 0.00>
ST_1 : Operation 4 [1/1] (0.00ns)   --->   "%x_50_val_read = read i18 @_ssdm_op_Read.ap_auto.i18, i18 %x_50_val" [firmware/BDT.h:86]   --->   Operation 4 'read' 'x_50_val_read' <Predicate = true> <Delay = 0.00>
ST_1 : Operation 5 [1/1] (0.00ns)   --->   "%x_49_val_read = read i18 @_ssdm_op_Read.ap_auto.i18, i18 %x_49_val" [firmware/BDT.h:86]   --->   Operation 5 'read' 'x_49_val_read' <Predicate = true> <Delay = 0.00>
ST_1 : Operation 6 [1/1] (0.00ns)   --->   "%x_47_val_read = read i18 @_ssdm_op_Read.ap_auto.i18, i18 %x_47_val" [firmware/BDT.h:86]   --->   Operation 6 'read' 'x_47_val_read' <Predicate = true> <Delay = 0.00>
ST_1 : Operation 7 [1/1] (0.00ns)   --->   "%x_45_val_read = read i18 @_ssdm_op_Read.ap_auto.i18, i18 %x_45_val" [firmware/BDT.h:86]   --->   Operation 7 'read' 'x_45_val_read' <Predicate = true> <Delay = 0.00>
ST_1 : Operation 8 [1/1] (0.00ns)   --->   "%x_43_val_read = read i18 @_ssdm_op_Read.ap_auto.i18, i18 %x_43_val" [firmware/BDT.h:86]   --->   Operation 8 'read' 'x_43_val_read' <Predicate = true> <Delay = 0.00>
ST_1 : Operation 9 [1/1] (0.00ns)   --->   "%x_39_val_read = read i18 @_ssdm_op_Read.ap_auto.i18, i18 %x_39_val" [firmware/BDT.h:86]   --->   Operation 9 'read' 'x_39_val_read' <Predicate = true> <Delay = 0.00>
ST_1 : Operation 10 [1/1] (0.00ns)   --->   "%x_38_val_read = read i18 @_ssdm_op_Read.ap_auto.i18, i18 %x_38_val" [firmware/BDT.h:86]   --->   Operation 10 'read' 'x_38_val_read' <Predicate = true> <Delay = 0.00>
ST_1 : Operation 11 [1/1] (0.00ns)   --->   "%x_36_val_read = read i18 @_ssdm_op_Read.ap_auto.i18, i18 %x_36_val" [firmware/BDT.h:86]   --->   Operation 11 'read' 'x_36_val_read' <Predicate = true> <Delay = 0.00>
ST_1 : Operation 12 [1/1] (0.00ns)   --->   "%x_34_val_read = read i18 @_ssdm_op_Read.ap_auto.i18, i18 %x_34_val" [firmware/BDT.h:86]   --->   Operation 12 'read' 'x_34_val_read' <Predicate = true> <Delay = 0.00>
ST_1 : Operation 13 [1/1] (0.00ns)   --->   "%x_33_val_read = read i18 @_ssdm_op_Read.ap_auto.i18, i18 %x_33_val" [firmware/BDT.h:86]   --->   Operation 13 'read' 'x_33_val_read' <Predicate = true> <Delay = 0.00>
ST_1 : Operation 14 [1/1] (0.00ns)   --->   "%x_28_val_read = read i18 @_ssdm_op_Read.ap_auto.i18, i18 %x_28_val" [firmware/BDT.h:86]   --->   Operation 14 'read' 'x_28_val_read' <Predicate = true> <Delay = 0.00>
ST_1 : Operation 15 [1/1] (0.00ns)   --->   "%x_27_val_read = read i18 @_ssdm_op_Read.ap_auto.i18, i18 %x_27_val" [firmware/BDT.h:86]   --->   Operation 15 'read' 'x_27_val_read' <Predicate = true> <Delay = 0.00>
ST_1 : Operation 16 [1/1] (0.00ns)   --->   "%x_25_val_read = read i18 @_ssdm_op_Read.ap_auto.i18, i18 %x_25_val" [firmware/BDT.h:86]   --->   Operation 16 'read' 'x_25_val_read' <Predicate = true> <Delay = 0.00>
ST_1 : Operation 17 [1/1] (0.00ns)   --->   "%x_22_val_read = read i18 @_ssdm_op_Read.ap_auto.i18, i18 %x_22_val" [firmware/BDT.h:86]   --->   Operation 17 'read' 'x_22_val_read' <Predicate = true> <Delay = 0.00>
ST_1 : Operation 18 [1/1] (0.00ns)   --->   "%x_17_val_read = read i18 @_ssdm_op_Read.ap_auto.i18, i18 %x_17_val" [firmware/BDT.h:86]   --->   Operation 18 'read' 'x_17_val_read' <Predicate = true> <Delay = 0.00>
ST_1 : Operation 19 [1/1] (0.00ns)   --->   "%x_14_val_read = read i18 @_ssdm_op_Read.ap_auto.i18, i18 %x_14_val" [firmware/BDT.h:86]   --->   Operation 19 'read' 'x_14_val_read' <Predicate = true> <Delay = 0.00>
ST_1 : Operation 20 [1/1] (0.00ns)   --->   "%x_11_val_read = read i18 @_ssdm_op_Read.ap_auto.i18, i18 %x_11_val" [firmware/BDT.h:86]   --->   Operation 20 'read' 'x_11_val_read' <Predicate = true> <Delay = 0.00>
ST_1 : Operation 21 [1/1] (0.00ns)   --->   "%x_6_val_read = read i18 @_ssdm_op_Read.ap_auto.i18, i18 %x_6_val" [firmware/BDT.h:86]   --->   Operation 21 'read' 'x_6_val_read' <Predicate = true> <Delay = 0.00>
ST_1 : Operation 22 [1/1] (0.00ns)   --->   "%x_1_val_read = read i18 @_ssdm_op_Read.ap_auto.i18, i18 %x_1_val" [firmware/BDT.h:86]   --->   Operation 22 'read' 'x_1_val_read' <Predicate = true> <Delay = 0.00>
ST_1 : Operation 23 [1/1] (0.79ns)   --->   "%icmp_ln86 = icmp_slt  i18 %x_34_val_read, i18 473" [firmware/BDT.h:86]   --->   Operation 23 'icmp' 'icmp_ln86' <Predicate = true> <Delay = 0.79> <CoreInst = "Cmp">   --->   Core 9 'Cmp' <Latency = 0> <II = 1> <Delay = 0.79> <FuncUnit> <Opcode : 'seteq' 'setne' 'setle' 'setge' 'setlt' 'setgt'> <InPorts = 2> <OutPorts = 1>
ST_1 : Operation 24 [1/1] (0.79ns)   --->   "%icmp_ln86_1162 = icmp_slt  i18 %x_11_val_read, i18 891" [firmware/BDT.h:86]   --->   Operation 24 'icmp' 'icmp_ln86_1162' <Predicate = true> <Delay = 0.79> <CoreInst = "Cmp">   --->   Core 9 'Cmp' <Latency = 0> <II = 1> <Delay = 0.79> <FuncUnit> <Opcode : 'seteq' 'setne' 'setle' 'setge' 'setlt' 'setgt'> <InPorts = 2> <OutPorts = 1>
ST_1 : Operation 25 [1/1] (0.79ns)   --->   "%icmp_ln86_1163 = icmp_slt  i18 %x_6_val_read, i18 14468" [firmware/BDT.h:86]   --->   Operation 25 'icmp' 'icmp_ln86_1163' <Predicate = true> <Delay = 0.79> <CoreInst = "Cmp">   --->   Core 9 'Cmp' <Latency = 0> <II = 1> <Delay = 0.79> <FuncUnit> <Opcode : 'seteq' 'setne' 'setle' 'setge' 'setlt' 'setgt'> <InPorts = 2> <OutPorts = 1>
ST_1 : Operation 26 [1/1] (0.79ns)   --->   "%icmp_ln86_1164 = icmp_slt  i18 %x_17_val_read, i18 79" [firmware/BDT.h:86]   --->   Operation 26 'icmp' 'icmp_ln86_1164' <Predicate = true> <Delay = 0.79> <CoreInst = "Cmp">   --->   Core 9 'Cmp' <Latency = 0> <II = 1> <Delay = 0.79> <FuncUnit> <Opcode : 'seteq' 'setne' 'setle' 'setge' 'setlt' 'setgt'> <InPorts = 2> <OutPorts = 1>
ST_1 : Operation 27 [1/1] (0.79ns)   --->   "%icmp_ln86_1165 = icmp_slt  i18 %x_14_val_read, i18 42" [firmware/BDT.h:86]   --->   Operation 27 'icmp' 'icmp_ln86_1165' <Predicate = true> <Delay = 0.79> <CoreInst = "Cmp">   --->   Core 9 'Cmp' <Latency = 0> <II = 1> <Delay = 0.79> <FuncUnit> <Opcode : 'seteq' 'setne' 'setle' 'setge' 'setlt' 'setgt'> <InPorts = 2> <OutPorts = 1>
ST_1 : Operation 28 [1/1] (0.79ns)   --->   "%icmp_ln86_1166 = icmp_slt  i18 %x_43_val_read, i18 118" [firmware/BDT.h:86]   --->   Operation 28 'icmp' 'icmp_ln86_1166' <Predicate = true> <Delay = 0.79> <CoreInst = "Cmp">   --->   Core 9 'Cmp' <Latency = 0> <II = 1> <Delay = 0.79> <FuncUnit> <Opcode : 'seteq' 'setne' 'setle' 'setge' 'setlt' 'setgt'> <InPorts = 2> <OutPorts = 1>
ST_1 : Operation 29 [1/1] (0.79ns)   --->   "%icmp_ln86_1167 = icmp_slt  i18 %x_1_val_read, i18 212416" [firmware/BDT.h:86]   --->   Operation 29 'icmp' 'icmp_ln86_1167' <Predicate = true> <Delay = 0.79> <CoreInst = "Cmp">   --->   Core 9 'Cmp' <Latency = 0> <II = 1> <Delay = 0.79> <FuncUnit> <Opcode : 'seteq' 'setne' 'setle' 'setge' 'setlt' 'setgt'> <InPorts = 2> <OutPorts = 1>
ST_1 : Operation 30 [1/1] (0.79ns)   --->   "%icmp_ln86_1168 = icmp_slt  i18 %x_14_val_read, i18 66" [firmware/BDT.h:86]   --->   Operation 30 'icmp' 'icmp_ln86_1168' <Predicate = true> <Delay = 0.79> <CoreInst = "Cmp">   --->   Core 9 'Cmp' <Latency = 0> <II = 1> <Delay = 0.79> <FuncUnit> <Opcode : 'seteq' 'setne' 'setle' 'setge' 'setlt' 'setgt'> <InPorts = 2> <OutPorts = 1>
ST_1 : Operation 31 [1/1] (0.79ns)   --->   "%icmp_ln86_1169 = icmp_slt  i18 %x_1_val_read, i18 45764" [firmware/BDT.h:86]   --->   Operation 31 'icmp' 'icmp_ln86_1169' <Predicate = true> <Delay = 0.79> <CoreInst = "Cmp">   --->   Core 9 'Cmp' <Latency = 0> <II = 1> <Delay = 0.79> <FuncUnit> <Opcode : 'seteq' 'setne' 'setle' 'setge' 'setlt' 'setgt'> <InPorts = 2> <OutPorts = 1>
ST_1 : Operation 32 [1/1] (0.79ns)   --->   "%icmp_ln86_1170 = icmp_slt  i18 %x_11_val_read, i18 892" [firmware/BDT.h:86]   --->   Operation 32 'icmp' 'icmp_ln86_1170' <Predicate = true> <Delay = 0.79> <CoreInst = "Cmp">   --->   Core 9 'Cmp' <Latency = 0> <II = 1> <Delay = 0.79> <FuncUnit> <Opcode : 'seteq' 'setne' 'setle' 'setge' 'setlt' 'setgt'> <InPorts = 2> <OutPorts = 1>
ST_1 : Operation 33 [1/1] (0.79ns)   --->   "%icmp_ln86_1171 = icmp_slt  i18 %x_33_val_read, i18 621" [firmware/BDT.h:86]   --->   Operation 33 'icmp' 'icmp_ln86_1171' <Predicate = true> <Delay = 0.79> <CoreInst = "Cmp">   --->   Core 9 'Cmp' <Latency = 0> <II = 1> <Delay = 0.79> <FuncUnit> <Opcode : 'seteq' 'setne' 'setle' 'setge' 'setlt' 'setgt'> <InPorts = 2> <OutPorts = 1>
ST_1 : Operation 34 [1/1] (0.79ns)   --->   "%icmp_ln86_1172 = icmp_slt  i18 %x_25_val_read, i18 154" [firmware/BDT.h:86]   --->   Operation 34 'icmp' 'icmp_ln86_1172' <Predicate = true> <Delay = 0.79> <CoreInst = "Cmp">   --->   Core 9 'Cmp' <Latency = 0> <II = 1> <Delay = 0.79> <FuncUnit> <Opcode : 'seteq' 'setne' 'setle' 'setge' 'setlt' 'setgt'> <InPorts = 2> <OutPorts = 1>
ST_1 : Operation 35 [1/1] (0.79ns)   --->   "%icmp_ln86_1173 = icmp_slt  i18 %x_25_val_read, i18 384" [firmware/BDT.h:86]   --->   Operation 35 'icmp' 'icmp_ln86_1173' <Predicate = true> <Delay = 0.79> <CoreInst = "Cmp">   --->   Core 9 'Cmp' <Latency = 0> <II = 1> <Delay = 0.79> <FuncUnit> <Opcode : 'seteq' 'setne' 'setle' 'setge' 'setlt' 'setgt'> <InPorts = 2> <OutPorts = 1>
ST_1 : Operation 36 [1/1] (0.79ns)   --->   "%icmp_ln86_1174 = icmp_slt  i18 %x_34_val_read, i18 474" [firmware/BDT.h:86]   --->   Operation 36 'icmp' 'icmp_ln86_1174' <Predicate = true> <Delay = 0.79> <CoreInst = "Cmp">   --->   Core 9 'Cmp' <Latency = 0> <II = 1> <Delay = 0.79> <FuncUnit> <Opcode : 'seteq' 'setne' 'setle' 'setge' 'setlt' 'setgt'> <InPorts = 2> <OutPorts = 1>
ST_1 : Operation 37 [1/1] (0.00ns)   --->   "%tmp = partselect i16 @_ssdm_op_PartSelect.i16.i18.i32.i32, i18 %x_38_val_read, i32 2, i32 17" [firmware/BDT.h:86]   --->   Operation 37 'partselect' 'tmp' <Predicate = true> <Delay = 0.00>
ST_1 : Operation 38 [1/1] (0.78ns)   --->   "%icmp_ln86_1387 = icmp_slt  i16 %tmp, i16 1" [firmware/BDT.h:86]   --->   Operation 38 'icmp' 'icmp_ln86_1387' <Predicate = true> <Delay = 0.78> <CoreInst = "Cmp">   --->   Core 9 'Cmp' <Latency = 0> <II = 1> <Delay = 0.78> <FuncUnit> <Opcode : 'seteq' 'setne' 'setle' 'setge' 'setlt' 'setgt'> <InPorts = 2> <OutPorts = 1>
ST_1 : Operation 39 [1/1] (0.79ns)   --->   "%icmp_ln86_1176 = icmp_slt  i18 %x_49_val_read, i18 91425" [firmware/BDT.h:86]   --->   Operation 39 'icmp' 'icmp_ln86_1176' <Predicate = true> <Delay = 0.79> <CoreInst = "Cmp">   --->   Core 9 'Cmp' <Latency = 0> <II = 1> <Delay = 0.79> <FuncUnit> <Opcode : 'seteq' 'setne' 'setle' 'setge' 'setlt' 'setgt'> <InPorts = 2> <OutPorts = 1>
ST_1 : Operation 40 [1/1] (0.79ns)   --->   "%icmp_ln86_1177 = icmp_slt  i18 %x_50_val_read, i18 103573" [firmware/BDT.h:86]   --->   Operation 40 'icmp' 'icmp_ln86_1177' <Predicate = true> <Delay = 0.79> <CoreInst = "Cmp">   --->   Core 9 'Cmp' <Latency = 0> <II = 1> <Delay = 0.79> <FuncUnit> <Opcode : 'seteq' 'setne' 'setle' 'setge' 'setlt' 'setgt'> <InPorts = 2> <OutPorts = 1>
ST_1 : Operation 41 [1/1] (0.79ns)   --->   "%icmp_ln86_1178 = icmp_slt  i18 %x_33_val_read, i18 761" [firmware/BDT.h:86]   --->   Operation 41 'icmp' 'icmp_ln86_1178' <Predicate = true> <Delay = 0.79> <CoreInst = "Cmp">   --->   Core 9 'Cmp' <Latency = 0> <II = 1> <Delay = 0.79> <FuncUnit> <Opcode : 'seteq' 'setne' 'setle' 'setge' 'setlt' 'setgt'> <InPorts = 2> <OutPorts = 1>
ST_1 : Operation 42 [1/1] (0.79ns)   --->   "%icmp_ln86_1179 = icmp_slt  i18 %x_14_val_read, i18 38" [firmware/BDT.h:86]   --->   Operation 42 'icmp' 'icmp_ln86_1179' <Predicate = true> <Delay = 0.79> <CoreInst = "Cmp">   --->   Core 9 'Cmp' <Latency = 0> <II = 1> <Delay = 0.79> <FuncUnit> <Opcode : 'seteq' 'setne' 'setle' 'setge' 'setlt' 'setgt'> <InPorts = 2> <OutPorts = 1>
ST_1 : Operation 43 [1/1] (0.79ns)   --->   "%icmp_ln86_1180 = icmp_slt  i18 %x_27_val_read, i18 11981" [firmware/BDT.h:86]   --->   Operation 43 'icmp' 'icmp_ln86_1180' <Predicate = true> <Delay = 0.79> <CoreInst = "Cmp">   --->   Core 9 'Cmp' <Latency = 0> <II = 1> <Delay = 0.79> <FuncUnit> <Opcode : 'seteq' 'setne' 'setle' 'setge' 'setlt' 'setgt'> <InPorts = 2> <OutPorts = 1>
ST_1 : Operation 44 [1/1] (0.79ns)   --->   "%icmp_ln86_1181 = icmp_slt  i18 %x_50_val_read, i18 78808" [firmware/BDT.h:86]   --->   Operation 44 'icmp' 'icmp_ln86_1181' <Predicate = true> <Delay = 0.79> <CoreInst = "Cmp">   --->   Core 9 'Cmp' <Latency = 0> <II = 1> <Delay = 0.79> <FuncUnit> <Opcode : 'seteq' 'setne' 'setle' 'setge' 'setlt' 'setgt'> <InPorts = 2> <OutPorts = 1>
ST_1 : Operation 45 [1/1] (0.79ns)   --->   "%icmp_ln86_1182 = icmp_slt  i18 %x_45_val_read, i18 330" [firmware/BDT.h:86]   --->   Operation 45 'icmp' 'icmp_ln86_1182' <Predicate = true> <Delay = 0.79> <CoreInst = "Cmp">   --->   Core 9 'Cmp' <Latency = 0> <II = 1> <Delay = 0.79> <FuncUnit> <Opcode : 'seteq' 'setne' 'setle' 'setge' 'setlt' 'setgt'> <InPorts = 2> <OutPorts = 1>
ST_1 : Operation 46 [1/1] (0.79ns)   --->   "%icmp_ln86_1183 = icmp_slt  i18 %x_47_val_read, i18 95475" [firmware/BDT.h:86]   --->   Operation 46 'icmp' 'icmp_ln86_1183' <Predicate = true> <Delay = 0.79> <CoreInst = "Cmp">   --->   Core 9 'Cmp' <Latency = 0> <II = 1> <Delay = 0.79> <FuncUnit> <Opcode : 'seteq' 'setne' 'setle' 'setge' 'setlt' 'setgt'> <InPorts = 2> <OutPorts = 1>
ST_1 : Operation 47 [1/1] (0.79ns)   --->   "%icmp_ln86_1184 = icmp_slt  i18 %x_39_val_read, i18 1236" [firmware/BDT.h:86]   --->   Operation 47 'icmp' 'icmp_ln86_1184' <Predicate = true> <Delay = 0.79> <CoreInst = "Cmp">   --->   Core 9 'Cmp' <Latency = 0> <II = 1> <Delay = 0.79> <FuncUnit> <Opcode : 'seteq' 'setne' 'setle' 'setge' 'setlt' 'setgt'> <InPorts = 2> <OutPorts = 1>
ST_1 : Operation 48 [1/1] (0.79ns)   --->   "%icmp_ln86_1185 = icmp_slt  i18 %x_51_val_read, i18 518" [firmware/BDT.h:86]   --->   Operation 48 'icmp' 'icmp_ln86_1185' <Predicate = true> <Delay = 0.79> <CoreInst = "Cmp">   --->   Core 9 'Cmp' <Latency = 0> <II = 1> <Delay = 0.79> <FuncUnit> <Opcode : 'seteq' 'setne' 'setle' 'setge' 'setlt' 'setgt'> <InPorts = 2> <OutPorts = 1>
ST_1 : Operation 49 [1/1] (0.79ns)   --->   "%icmp_ln86_1186 = icmp_slt  i18 %x_22_val_read, i18 129" [firmware/BDT.h:86]   --->   Operation 49 'icmp' 'icmp_ln86_1186' <Predicate = true> <Delay = 0.79> <CoreInst = "Cmp">   --->   Core 9 'Cmp' <Latency = 0> <II = 1> <Delay = 0.79> <FuncUnit> <Opcode : 'seteq' 'setne' 'setle' 'setge' 'setlt' 'setgt'> <InPorts = 2> <OutPorts = 1>
ST_1 : Operation 50 [1/1] (0.79ns)   --->   "%icmp_ln86_1187 = icmp_slt  i18 %x_11_val_read, i18 655" [firmware/BDT.h:86]   --->   Operation 50 'icmp' 'icmp_ln86_1187' <Predicate = true> <Delay = 0.79> <CoreInst = "Cmp">   --->   Core 9 'Cmp' <Latency = 0> <II = 1> <Delay = 0.79> <FuncUnit> <Opcode : 'seteq' 'setne' 'setle' 'setge' 'setlt' 'setgt'> <InPorts = 2> <OutPorts = 1>
ST_1 : Operation 51 [1/1] (0.79ns)   --->   "%icmp_ln86_1188 = icmp_slt  i18 %x_6_val_read, i18 26650" [firmware/BDT.h:86]   --->   Operation 51 'icmp' 'icmp_ln86_1188' <Predicate = true> <Delay = 0.79> <CoreInst = "Cmp">   --->   Core 9 'Cmp' <Latency = 0> <II = 1> <Delay = 0.79> <FuncUnit> <Opcode : 'seteq' 'setne' 'setle' 'setge' 'setlt' 'setgt'> <InPorts = 2> <OutPorts = 1>
ST_1 : Operation 52 [1/1] (0.79ns)   --->   "%icmp_ln86_1189 = icmp_slt  i18 %x_36_val_read, i18 9" [firmware/BDT.h:86]   --->   Operation 52 'icmp' 'icmp_ln86_1189' <Predicate = true> <Delay = 0.79> <CoreInst = "Cmp">   --->   Core 9 'Cmp' <Latency = 0> <II = 1> <Delay = 0.79> <FuncUnit> <Opcode : 'seteq' 'setne' 'setle' 'setge' 'setlt' 'setgt'> <InPorts = 2> <OutPorts = 1>
ST_1 : Operation 53 [1/1] (0.79ns)   --->   "%icmp_ln86_1190 = icmp_slt  i18 %x_28_val_read, i18 14429" [firmware/BDT.h:86]   --->   Operation 53 'icmp' 'icmp_ln86_1190' <Predicate = true> <Delay = 0.79> <CoreInst = "Cmp">   --->   Core 9 'Cmp' <Latency = 0> <II = 1> <Delay = 0.79> <FuncUnit> <Opcode : 'seteq' 'setne' 'setle' 'setge' 'setlt' 'setgt'> <InPorts = 2> <OutPorts = 1>
ST_1 : Operation 54 [1/1] (0.12ns)   --->   "%and_ln102 = and i1 %icmp_ln86_1162, i1 %icmp_ln86" [firmware/BDT.h:102]   --->   Operation 54 'and' 'and_ln102' <Predicate = true> <Delay = 0.12> <CoreInst = "LogicGate">   --->   Core 74 'LogicGate' <Latency = 0> <II = 1> <Delay = 0.12> <FuncUnit> <Opcode : 'and' 'or' 'xor'> <InPorts = 2> <OutPorts = 1>
ST_1 : Operation 55 [1/1] (0.00ns) (grouped into LUT with out node and_ln104)   --->   "%xor_ln104_556 = xor i1 %icmp_ln86_1162, i1 1" [firmware/BDT.h:104]   --->   Operation 55 'xor' 'xor_ln104_556' <Predicate = true> <Delay = 0.00> <CoreInst = "LogicGate">   --->   Core 74 'LogicGate' <Latency = 0> <II = 1> <Delay = 0.12> <FuncUnit> <Opcode : 'and' 'or' 'xor'> <InPorts = 2> <OutPorts = 1>
ST_1 : Operation 56 [1/1] (0.12ns) (out node of the LUT)   --->   "%and_ln104 = and i1 %icmp_ln86, i1 %xor_ln104_556" [firmware/BDT.h:104]   --->   Operation 56 'and' 'and_ln104' <Predicate = true> <Delay = 0.12> <CoreInst = "LogicGate">   --->   Core 74 'LogicGate' <Latency = 0> <II = 1> <Delay = 0.12> <FuncUnit> <Opcode : 'and' 'or' 'xor'> <InPorts = 2> <OutPorts = 1>
ST_1 : Operation 57 [1/1] (0.12ns)   --->   "%and_ln102_1119 = and i1 %icmp_ln86_1164, i1 %and_ln102" [firmware/BDT.h:102]   --->   Operation 57 'and' 'and_ln102_1119' <Predicate = true> <Delay = 0.12> <CoreInst = "LogicGate">   --->   Core 74 'LogicGate' <Latency = 0> <II = 1> <Delay = 0.12> <FuncUnit> <Opcode : 'and' 'or' 'xor'> <InPorts = 2> <OutPorts = 1>
ST_1 : Operation 58 [1/1] (0.00ns) (grouped into LUT with out node and_ln104_225)   --->   "%xor_ln104_558 = xor i1 %icmp_ln86_1164, i1 1" [firmware/BDT.h:104]   --->   Operation 58 'xor' 'xor_ln104_558' <Predicate = true> <Delay = 0.00> <CoreInst = "LogicGate">   --->   Core 74 'LogicGate' <Latency = 0> <II = 1> <Delay = 0.12> <FuncUnit> <Opcode : 'and' 'or' 'xor'> <InPorts = 2> <OutPorts = 1>
ST_1 : Operation 59 [1/1] (0.12ns) (out node of the LUT)   --->   "%and_ln104_225 = and i1 %and_ln102, i1 %xor_ln104_558" [firmware/BDT.h:104]   --->   Operation 59 'and' 'and_ln104_225' <Predicate = true> <Delay = 0.12> <CoreInst = "LogicGate">   --->   Core 74 'LogicGate' <Latency = 0> <II = 1> <Delay = 0.12> <FuncUnit> <Opcode : 'and' 'or' 'xor'> <InPorts = 2> <OutPorts = 1>
ST_1 : Operation 60 [1/1] (0.12ns)   --->   "%and_ln102_1120 = and i1 %icmp_ln86_1165, i1 %and_ln104" [firmware/BDT.h:102]   --->   Operation 60 'and' 'and_ln102_1120' <Predicate = true> <Delay = 0.12> <CoreInst = "LogicGate">   --->   Core 74 'LogicGate' <Latency = 0> <II = 1> <Delay = 0.12> <FuncUnit> <Opcode : 'and' 'or' 'xor'> <InPorts = 2> <OutPorts = 1>
ST_1 : Operation 61 [1/1] (0.00ns) (grouped into LUT with out node and_ln104_226)   --->   "%xor_ln104_559 = xor i1 %icmp_ln86_1165, i1 1" [firmware/BDT.h:104]   --->   Operation 61 'xor' 'xor_ln104_559' <Predicate = true> <Delay = 0.00> <CoreInst = "LogicGate">   --->   Core 74 'LogicGate' <Latency = 0> <II = 1> <Delay = 0.12> <FuncUnit> <Opcode : 'and' 'or' 'xor'> <InPorts = 2> <OutPorts = 1>
ST_1 : Operation 62 [1/1] (0.12ns) (out node of the LUT)   --->   "%and_ln104_226 = and i1 %and_ln104, i1 %xor_ln104_559" [firmware/BDT.h:104]   --->   Operation 62 'and' 'and_ln104_226' <Predicate = true> <Delay = 0.12> <CoreInst = "LogicGate">   --->   Core 74 'LogicGate' <Latency = 0> <II = 1> <Delay = 0.12> <FuncUnit> <Opcode : 'and' 'or' 'xor'> <InPorts = 2> <OutPorts = 1>
ST_1 : Operation 63 [1/1] (0.12ns)   --->   "%and_ln102_1123 = and i1 %icmp_ln86_1168, i1 %and_ln102_1119" [firmware/BDT.h:102]   --->   Operation 63 'and' 'and_ln102_1123' <Predicate = true> <Delay = 0.12> <CoreInst = "LogicGate">   --->   Core 74 'LogicGate' <Latency = 0> <II = 1> <Delay = 0.12> <FuncUnit> <Opcode : 'and' 'or' 'xor'> <InPorts = 2> <OutPorts = 1>
ST_1 : Operation 64 [1/1] (0.12ns)   --->   "%and_ln102_1124 = and i1 %icmp_ln86_1169, i1 %and_ln104_225" [firmware/BDT.h:102]   --->   Operation 64 'and' 'and_ln102_1124' <Predicate = true> <Delay = 0.12> <CoreInst = "LogicGate">   --->   Core 74 'LogicGate' <Latency = 0> <II = 1> <Delay = 0.12> <FuncUnit> <Opcode : 'and' 'or' 'xor'> <InPorts = 2> <OutPorts = 1>
ST_1 : Operation 65 [1/1] (0.00ns) (grouped into LUT with out node select_ln117_1129)   --->   "%xor_ln104_562 = xor i1 %icmp_ln86_1169, i1 1" [firmware/BDT.h:104]   --->   Operation 65 'xor' 'xor_ln104_562' <Predicate = true> <Delay = 0.00> <CoreInst = "LogicGate">   --->   Core 74 'LogicGate' <Latency = 0> <II = 1> <Delay = 0.12> <FuncUnit> <Opcode : 'and' 'or' 'xor'> <InPorts = 2> <OutPorts = 1>
ST_1 : Operation 66 [1/1] (0.12ns)   --->   "%and_ln102_1125 = and i1 %icmp_ln86_1170, i1 %and_ln102_1120" [firmware/BDT.h:102]   --->   Operation 66 'and' 'and_ln102_1125' <Predicate = true> <Delay = 0.12> <CoreInst = "LogicGate">   --->   Core 74 'LogicGate' <Latency = 0> <II = 1> <Delay = 0.12> <FuncUnit> <Opcode : 'and' 'or' 'xor'> <InPorts = 2> <OutPorts = 1>
ST_1 : Operation 67 [1/1] (0.00ns) (grouped into LUT with out node select_ln117_1133)   --->   "%xor_ln104_563 = xor i1 %icmp_ln86_1170, i1 1" [firmware/BDT.h:104]   --->   Operation 67 'xor' 'xor_ln104_563' <Predicate = true> <Delay = 0.00> <CoreInst = "LogicGate">   --->   Core 74 'LogicGate' <Latency = 0> <II = 1> <Delay = 0.12> <FuncUnit> <Opcode : 'and' 'or' 'xor'> <InPorts = 2> <OutPorts = 1>
ST_1 : Operation 68 [1/1] (0.12ns)   --->   "%and_ln102_1126 = and i1 %icmp_ln86_1171, i1 %and_ln104_226" [firmware/BDT.h:102]   --->   Operation 68 'and' 'and_ln102_1126' <Predicate = true> <Delay = 0.12> <CoreInst = "LogicGate">   --->   Core 74 'LogicGate' <Latency = 0> <II = 1> <Delay = 0.12> <FuncUnit> <Opcode : 'and' 'or' 'xor'> <InPorts = 2> <OutPorts = 1>
ST_1 : Operation 69 [1/1] (0.00ns) (grouped into LUT with out node select_ln117_1137)   --->   "%xor_ln104_564 = xor i1 %icmp_ln86_1171, i1 1" [firmware/BDT.h:104]   --->   Operation 69 'xor' 'xor_ln104_564' <Predicate = true> <Delay = 0.00> <CoreInst = "LogicGate">   --->   Core 74 'LogicGate' <Latency = 0> <II = 1> <Delay = 0.12> <FuncUnit> <Opcode : 'and' 'or' 'xor'> <InPorts = 2> <OutPorts = 1>
ST_1 : Operation 70 [1/1] (0.00ns) (grouped into LUT with out node select_ln117_1125)   --->   "%and_ln102_1131 = and i1 %icmp_ln86_1176, i1 %and_ln102_1123" [firmware/BDT.h:102]   --->   Operation 70 'and' 'and_ln102_1131' <Predicate = true> <Delay = 0.00> <CoreInst = "LogicGate">   --->   Core 74 'LogicGate' <Latency = 0> <II = 1> <Delay = 0.12> <FuncUnit> <Opcode : 'and' 'or' 'xor'> <InPorts = 2> <OutPorts = 1>
ST_1 : Operation 71 [1/1] (0.00ns) (grouped into LUT with out node select_ln117_1127)   --->   "%and_ln102_1132 = and i1 %icmp_ln86_1177, i1 %and_ln102_1124" [firmware/BDT.h:102]   --->   Operation 71 'and' 'and_ln102_1132' <Predicate = true> <Delay = 0.00> <CoreInst = "LogicGate">   --->   Core 74 'LogicGate' <Latency = 0> <II = 1> <Delay = 0.12> <FuncUnit> <Opcode : 'and' 'or' 'xor'> <InPorts = 2> <OutPorts = 1>
ST_1 : Operation 72 [1/1] (0.00ns) (grouped into LUT with out node select_ln117_1129)   --->   "%and_ln102_1146 = and i1 %icmp_ln86_1178, i1 %xor_ln104_562" [firmware/BDT.h:102]   --->   Operation 72 'and' 'and_ln102_1146' <Predicate = true> <Delay = 0.00> <CoreInst = "LogicGate">   --->   Core 74 'LogicGate' <Latency = 0> <II = 1> <Delay = 0.12> <FuncUnit> <Opcode : 'and' 'or' 'xor'> <InPorts = 2> <OutPorts = 1>
ST_1 : Operation 73 [1/1] (0.00ns) (grouped into LUT with out node select_ln117_1129)   --->   "%and_ln102_1133 = and i1 %and_ln102_1146, i1 %and_ln104_225" [firmware/BDT.h:102]   --->   Operation 73 'and' 'and_ln102_1133' <Predicate = true> <Delay = 0.00> <CoreInst = "LogicGate">   --->   Core 74 'LogicGate' <Latency = 0> <II = 1> <Delay = 0.12> <FuncUnit> <Opcode : 'and' 'or' 'xor'> <InPorts = 2> <OutPorts = 1>
ST_1 : Operation 74 [1/1] (0.00ns) (grouped into LUT with out node select_ln117_1131)   --->   "%and_ln102_1134 = and i1 %icmp_ln86_1179, i1 %and_ln102_1125" [firmware/BDT.h:102]   --->   Operation 74 'and' 'and_ln102_1134' <Predicate = true> <Delay = 0.00> <CoreInst = "LogicGate">   --->   Core 74 'LogicGate' <Latency = 0> <II = 1> <Delay = 0.12> <FuncUnit> <Opcode : 'and' 'or' 'xor'> <InPorts = 2> <OutPorts = 1>
ST_1 : Operation 75 [1/1] (0.00ns) (grouped into LUT with out node select_ln117_1133)   --->   "%and_ln102_1147 = and i1 %icmp_ln86_1180, i1 %xor_ln104_563" [firmware/BDT.h:102]   --->   Operation 75 'and' 'and_ln102_1147' <Predicate = true> <Delay = 0.00> <CoreInst = "LogicGate">   --->   Core 74 'LogicGate' <Latency = 0> <II = 1> <Delay = 0.12> <FuncUnit> <Opcode : 'and' 'or' 'xor'> <InPorts = 2> <OutPorts = 1>
ST_1 : Operation 76 [1/1] (0.00ns) (grouped into LUT with out node select_ln117_1133)   --->   "%and_ln102_1135 = and i1 %and_ln102_1147, i1 %and_ln102_1120" [firmware/BDT.h:102]   --->   Operation 76 'and' 'and_ln102_1135' <Predicate = true> <Delay = 0.00> <CoreInst = "LogicGate">   --->   Core 74 'LogicGate' <Latency = 0> <II = 1> <Delay = 0.12> <FuncUnit> <Opcode : 'and' 'or' 'xor'> <InPorts = 2> <OutPorts = 1>
ST_1 : Operation 77 [1/1] (0.00ns) (grouped into LUT with out node select_ln117_1135)   --->   "%and_ln102_1136 = and i1 %icmp_ln86_1181, i1 %and_ln102_1126" [firmware/BDT.h:102]   --->   Operation 77 'and' 'and_ln102_1136' <Predicate = true> <Delay = 0.00> <CoreInst = "LogicGate">   --->   Core 74 'LogicGate' <Latency = 0> <II = 1> <Delay = 0.12> <FuncUnit> <Opcode : 'and' 'or' 'xor'> <InPorts = 2> <OutPorts = 1>
ST_1 : Operation 78 [1/1] (0.00ns) (grouped into LUT with out node select_ln117_1137)   --->   "%and_ln102_1148 = and i1 %icmp_ln86_1182, i1 %xor_ln104_564" [firmware/BDT.h:102]   --->   Operation 78 'and' 'and_ln102_1148' <Predicate = true> <Delay = 0.00> <CoreInst = "LogicGate">   --->   Core 74 'LogicGate' <Latency = 0> <II = 1> <Delay = 0.12> <FuncUnit> <Opcode : 'and' 'or' 'xor'> <InPorts = 2> <OutPorts = 1>
ST_1 : Operation 79 [1/1] (0.00ns) (grouped into LUT with out node select_ln117_1137)   --->   "%and_ln102_1137 = and i1 %and_ln102_1148, i1 %and_ln104_226" [firmware/BDT.h:102]   --->   Operation 79 'and' 'and_ln102_1137' <Predicate = true> <Delay = 0.00> <CoreInst = "LogicGate">   --->   Core 74 'LogicGate' <Latency = 0> <II = 1> <Delay = 0.12> <FuncUnit> <Opcode : 'and' 'or' 'xor'> <InPorts = 2> <OutPorts = 1>
ST_1 : Operation 80 [1/1] (0.00ns) (grouped into LUT with out node select_ln117_1125)   --->   "%xor_ln117 = xor i1 %and_ln102_1131, i1 1" [firmware/BDT.h:117]   --->   Operation 80 'xor' 'xor_ln117' <Predicate = true> <Delay = 0.00> <CoreInst = "LogicGate">   --->   Core 74 'LogicGate' <Latency = 0> <II = 1> <Delay = 0.12> <FuncUnit> <Opcode : 'and' 'or' 'xor'> <InPorts = 2> <OutPorts = 1>
ST_1 : Operation 81 [1/1] (0.00ns) (grouped into LUT with out node select_ln117_1125)   --->   "%zext_ln117 = zext i1 %xor_ln117" [firmware/BDT.h:117]   --->   Operation 81 'zext' 'zext_ln117' <Predicate = true> <Delay = 0.00>
ST_1 : Operation 82 [1/1] (0.00ns) (grouped into LUT with out node select_ln117_1125)   --->   "%select_ln117 = select i1 %and_ln102_1123, i2 %zext_ln117, i2 3" [firmware/BDT.h:117]   --->   Operation 82 'select' 'select_ln117' <Predicate = true> <Delay = 0.00> <CoreInst = "Sel">   --->   Core 73 'Sel' <Latency = 0> <II = 1> <Delay = 0.27> <FuncUnit> <Opcode : 'select'> <InPorts = 3> <OutPorts = 1>
ST_1 : Operation 83 [1/1] (0.00ns) (grouped into LUT with out node select_ln117_1125)   --->   "%zext_ln117_129 = zext i2 %select_ln117" [firmware/BDT.h:117]   --->   Operation 83 'zext' 'zext_ln117_129' <Predicate = true> <Delay = 0.00>
ST_1 : Operation 84 [1/1] (0.00ns) (grouped into LUT with out node select_ln117_1127)   --->   "%or_ln117 = or i1 %and_ln102_1119, i1 %and_ln102_1132" [firmware/BDT.h:117]   --->   Operation 84 'or' 'or_ln117' <Predicate = true> <Delay = 0.00> <CoreInst = "LogicGate">   --->   Core 74 'LogicGate' <Latency = 0> <II = 1> <Delay = 0.12> <FuncUnit> <Opcode : 'and' 'or' 'xor'> <InPorts = 2> <OutPorts = 1>
ST_1 : Operation 85 [1/1] (0.27ns) (out node of the LUT)   --->   "%select_ln117_1125 = select i1 %and_ln102_1119, i3 %zext_ln117_129, i3 4" [firmware/BDT.h:117]   --->   Operation 85 'select' 'select_ln117_1125' <Predicate = true> <Delay = 0.27> <CoreInst = "Sel">   --->   Core 73 'Sel' <Latency = 0> <II = 1> <Delay = 0.27> <FuncUnit> <Opcode : 'select'> <InPorts = 3> <OutPorts = 1>
ST_1 : Operation 86 [1/1] (0.12ns)   --->   "%or_ln117_1054 = or i1 %and_ln102_1119, i1 %and_ln102_1124" [firmware/BDT.h:117]   --->   Operation 86 'or' 'or_ln117_1054' <Predicate = true> <Delay = 0.12> <CoreInst = "LogicGate">   --->   Core 74 'LogicGate' <Latency = 0> <II = 1> <Delay = 0.12> <FuncUnit> <Opcode : 'and' 'or' 'xor'> <InPorts = 2> <OutPorts = 1>
ST_1 : Operation 87 [1/1] (0.00ns) (grouped into LUT with out node select_ln117_1127)   --->   "%select_ln117_1126 = select i1 %or_ln117, i3 %select_ln117_1125, i3 5" [firmware/BDT.h:117]   --->   Operation 87 'select' 'select_ln117_1126' <Predicate = true> <Delay = 0.00> <CoreInst = "Sel">   --->   Core 73 'Sel' <Latency = 0> <II = 1> <Delay = 0.27> <FuncUnit> <Opcode : 'select'> <InPorts = 3> <OutPorts = 1>
ST_1 : Operation 88 [1/1] (0.00ns) (grouped into LUT with out node select_ln117_1129)   --->   "%or_ln117_1055 = or i1 %or_ln117_1054, i1 %and_ln102_1133" [firmware/BDT.h:117]   --->   Operation 88 'or' 'or_ln117_1055' <Predicate = true> <Delay = 0.00> <CoreInst = "LogicGate">   --->   Core 74 'LogicGate' <Latency = 0> <II = 1> <Delay = 0.12> <FuncUnit> <Opcode : 'and' 'or' 'xor'> <InPorts = 2> <OutPorts = 1>
ST_1 : Operation 89 [1/1] (0.27ns) (out node of the LUT)   --->   "%select_ln117_1127 = select i1 %or_ln117_1054, i3 %select_ln117_1126, i3 6" [firmware/BDT.h:117]   --->   Operation 89 'select' 'select_ln117_1127' <Predicate = true> <Delay = 0.27> <CoreInst = "Sel">   --->   Core 73 'Sel' <Latency = 0> <II = 1> <Delay = 0.27> <FuncUnit> <Opcode : 'select'> <InPorts = 3> <OutPorts = 1>
ST_1 : Operation 90 [1/1] (0.00ns) (grouped into LUT with out node select_ln117_1129)   --->   "%select_ln117_1128 = select i1 %or_ln117_1055, i3 %select_ln117_1127, i3 7" [firmware/BDT.h:117]   --->   Operation 90 'select' 'select_ln117_1128' <Predicate = true> <Delay = 0.00> <CoreInst = "Sel">   --->   Core 73 'Sel' <Latency = 0> <II = 1> <Delay = 0.27> <FuncUnit> <Opcode : 'select'> <InPorts = 3> <OutPorts = 1>
ST_1 : Operation 91 [1/1] (0.00ns) (grouped into LUT with out node select_ln117_1129)   --->   "%zext_ln117_130 = zext i3 %select_ln117_1128" [firmware/BDT.h:117]   --->   Operation 91 'zext' 'zext_ln117_130' <Predicate = true> <Delay = 0.00>
ST_1 : Operation 92 [1/1] (0.00ns) (grouped into LUT with out node select_ln117_1131)   --->   "%or_ln117_1056 = or i1 %and_ln102, i1 %and_ln102_1134" [firmware/BDT.h:117]   --->   Operation 92 'or' 'or_ln117_1056' <Predicate = true> <Delay = 0.00> <CoreInst = "LogicGate">   --->   Core 74 'LogicGate' <Latency = 0> <II = 1> <Delay = 0.12> <FuncUnit> <Opcode : 'and' 'or' 'xor'> <InPorts = 2> <OutPorts = 1>
ST_1 : Operation 93 [1/1] (0.35ns) (out node of the LUT)   --->   "%select_ln117_1129 = select i1 %and_ln102, i4 %zext_ln117_130, i4 8" [firmware/BDT.h:117]   --->   Operation 93 'select' 'select_ln117_1129' <Predicate = true> <Delay = 0.35> <CoreInst = "Sel">   --->   Core 73 'Sel' <Latency = 0> <II = 1> <Delay = 0.35> <FuncUnit> <Opcode : 'select'> <InPorts = 3> <OutPorts = 1>
ST_1 : Operation 94 [1/1] (0.12ns)   --->   "%or_ln117_1057 = or i1 %and_ln102, i1 %and_ln102_1125" [firmware/BDT.h:117]   --->   Operation 94 'or' 'or_ln117_1057' <Predicate = true> <Delay = 0.12> <CoreInst = "LogicGate">   --->   Core 74 'LogicGate' <Latency = 0> <II = 1> <Delay = 0.12> <FuncUnit> <Opcode : 'and' 'or' 'xor'> <InPorts = 2> <OutPorts = 1>
ST_1 : Operation 95 [1/1] (0.00ns) (grouped into LUT with out node select_ln117_1131)   --->   "%select_ln117_1130 = select i1 %or_ln117_1056, i4 %select_ln117_1129, i4 9" [firmware/BDT.h:117]   --->   Operation 95 'select' 'select_ln117_1130' <Predicate = true> <Delay = 0.00> <CoreInst = "Sel">   --->   Core 73 'Sel' <Latency = 0> <II = 1> <Delay = 0.35> <FuncUnit> <Opcode : 'select'> <InPorts = 3> <OutPorts = 1>
ST_1 : Operation 96 [1/1] (0.00ns) (grouped into LUT with out node select_ln117_1133)   --->   "%or_ln117_1058 = or i1 %or_ln117_1057, i1 %and_ln102_1135" [firmware/BDT.h:117]   --->   Operation 96 'or' 'or_ln117_1058' <Predicate = true> <Delay = 0.00> <CoreInst = "LogicGate">   --->   Core 74 'LogicGate' <Latency = 0> <II = 1> <Delay = 0.12> <FuncUnit> <Opcode : 'and' 'or' 'xor'> <InPorts = 2> <OutPorts = 1>
ST_1 : Operation 97 [1/1] (0.35ns) (out node of the LUT)   --->   "%select_ln117_1131 = select i1 %or_ln117_1057, i4 %select_ln117_1130, i4 10" [firmware/BDT.h:117]   --->   Operation 97 'select' 'select_ln117_1131' <Predicate = true> <Delay = 0.35> <CoreInst = "Sel">   --->   Core 73 'Sel' <Latency = 0> <II = 1> <Delay = 0.35> <FuncUnit> <Opcode : 'select'> <InPorts = 3> <OutPorts = 1>
ST_1 : Operation 98 [1/1] (0.12ns)   --->   "%or_ln117_1059 = or i1 %and_ln102, i1 %and_ln102_1120" [firmware/BDT.h:117]   --->   Operation 98 'or' 'or_ln117_1059' <Predicate = true> <Delay = 0.12> <CoreInst = "LogicGate">   --->   Core 74 'LogicGate' <Latency = 0> <II = 1> <Delay = 0.12> <FuncUnit> <Opcode : 'and' 'or' 'xor'> <InPorts = 2> <OutPorts = 1>
ST_1 : Operation 99 [1/1] (0.00ns) (grouped into LUT with out node select_ln117_1133)   --->   "%select_ln117_1132 = select i1 %or_ln117_1058, i4 %select_ln117_1131, i4 11" [firmware/BDT.h:117]   --->   Operation 99 'select' 'select_ln117_1132' <Predicate = true> <Delay = 0.00> <CoreInst = "Sel">   --->   Core 73 'Sel' <Latency = 0> <II = 1> <Delay = 0.35> <FuncUnit> <Opcode : 'select'> <InPorts = 3> <OutPorts = 1>
ST_1 : Operation 100 [1/1] (0.00ns) (grouped into LUT with out node select_ln117_1135)   --->   "%or_ln117_1060 = or i1 %or_ln117_1059, i1 %and_ln102_1136" [firmware/BDT.h:117]   --->   Operation 100 'or' 'or_ln117_1060' <Predicate = true> <Delay = 0.00> <CoreInst = "LogicGate">   --->   Core 74 'LogicGate' <Latency = 0> <II = 1> <Delay = 0.12> <FuncUnit> <Opcode : 'and' 'or' 'xor'> <InPorts = 2> <OutPorts = 1>
ST_1 : Operation 101 [1/1] (0.35ns) (out node of the LUT)   --->   "%select_ln117_1133 = select i1 %or_ln117_1059, i4 %select_ln117_1132, i4 12" [firmware/BDT.h:117]   --->   Operation 101 'select' 'select_ln117_1133' <Predicate = true> <Delay = 0.35> <CoreInst = "Sel">   --->   Core 73 'Sel' <Latency = 0> <II = 1> <Delay = 0.35> <FuncUnit> <Opcode : 'select'> <InPorts = 3> <OutPorts = 1>
ST_1 : Operation 102 [1/1] (0.12ns)   --->   "%or_ln117_1061 = or i1 %or_ln117_1059, i1 %and_ln102_1126" [firmware/BDT.h:117]   --->   Operation 102 'or' 'or_ln117_1061' <Predicate = true> <Delay = 0.12> <CoreInst = "LogicGate">   --->   Core 74 'LogicGate' <Latency = 0> <II = 1> <Delay = 0.12> <FuncUnit> <Opcode : 'and' 'or' 'xor'> <InPorts = 2> <OutPorts = 1>
ST_1 : Operation 103 [1/1] (0.00ns) (grouped into LUT with out node select_ln117_1135)   --->   "%select_ln117_1134 = select i1 %or_ln117_1060, i4 %select_ln117_1133, i4 13" [firmware/BDT.h:117]   --->   Operation 103 'select' 'select_ln117_1134' <Predicate = true> <Delay = 0.00> <CoreInst = "Sel">   --->   Core 73 'Sel' <Latency = 0> <II = 1> <Delay = 0.35> <FuncUnit> <Opcode : 'select'> <InPorts = 3> <OutPorts = 1>
ST_1 : Operation 104 [1/1] (0.00ns) (grouped into LUT with out node select_ln117_1137)   --->   "%or_ln117_1062 = or i1 %or_ln117_1061, i1 %and_ln102_1137" [firmware/BDT.h:117]   --->   Operation 104 'or' 'or_ln117_1062' <Predicate = true> <Delay = 0.00> <CoreInst = "LogicGate">   --->   Core 74 'LogicGate' <Latency = 0> <II = 1> <Delay = 0.12> <FuncUnit> <Opcode : 'and' 'or' 'xor'> <InPorts = 2> <OutPorts = 1>
ST_1 : Operation 105 [1/1] (0.35ns) (out node of the LUT)   --->   "%select_ln117_1135 = select i1 %or_ln117_1061, i4 %select_ln117_1134, i4 14" [firmware/BDT.h:117]   --->   Operation 105 'select' 'select_ln117_1135' <Predicate = true> <Delay = 0.35> <CoreInst = "Sel">   --->   Core 73 'Sel' <Latency = 0> <II = 1> <Delay = 0.35> <FuncUnit> <Opcode : 'select'> <InPorts = 3> <OutPorts = 1>
ST_1 : Operation 106 [1/1] (0.00ns) (grouped into LUT with out node select_ln117_1137)   --->   "%select_ln117_1136 = select i1 %or_ln117_1062, i4 %select_ln117_1135, i4 15" [firmware/BDT.h:117]   --->   Operation 106 'select' 'select_ln117_1136' <Predicate = true> <Delay = 0.00> <CoreInst = "Sel">   --->   Core 73 'Sel' <Latency = 0> <II = 1> <Delay = 0.35> <FuncUnit> <Opcode : 'select'> <InPorts = 3> <OutPorts = 1>
ST_1 : Operation 107 [1/1] (0.00ns) (grouped into LUT with out node select_ln117_1137)   --->   "%zext_ln117_131 = zext i4 %select_ln117_1136" [firmware/BDT.h:117]   --->   Operation 107 'zext' 'zext_ln117_131' <Predicate = true> <Delay = 0.00>
ST_1 : Operation 108 [1/1] (0.35ns) (out node of the LUT)   --->   "%select_ln117_1137 = select i1 %icmp_ln86, i5 %zext_ln117_131, i5 16" [firmware/BDT.h:117]   --->   Operation 108 'select' 'select_ln117_1137' <Predicate = true> <Delay = 0.35> <CoreInst = "Sel">   --->   Core 73 'Sel' <Latency = 0> <II = 1> <Delay = 0.27> <FuncUnit> <Opcode : 'select'> <InPorts = 3> <OutPorts = 1>

State 2 <SV = 1> <Delay = 3.20>
ST_2 : Operation 109 [1/1] (0.00ns)   --->   "%specpipeline_ln86 = specpipeline void @_ssdm_op_SpecPipeline, i32 1, i32 0, i32 0, i32 0, void @empty_0" [firmware/BDT.h:86]   --->   Operation 109 'specpipeline' 'specpipeline_ln86' <Predicate = true> <Delay = 0.00>
ST_2 : Operation 110 [1/1] (0.12ns)   --->   "%xor_ln104 = xor i1 %icmp_ln86, i1 1" [firmware/BDT.h:104]   --->   Operation 110 'xor' 'xor_ln104' <Predicate = true> <Delay = 0.12> <CoreInst = "LogicGate">   --->   Core 74 'LogicGate' <Latency = 0> <II = 1> <Delay = 0.12> <FuncUnit> <Opcode : 'and' 'or' 'xor'> <InPorts = 2> <OutPorts = 1>
ST_2 : Operation 111 [1/1] (0.12ns)   --->   "%and_ln102_1118 = and i1 %icmp_ln86_1163, i1 %xor_ln104" [firmware/BDT.h:102]   --->   Operation 111 'and' 'and_ln102_1118' <Predicate = true> <Delay = 0.12> <CoreInst = "LogicGate">   --->   Core 74 'LogicGate' <Latency = 0> <II = 1> <Delay = 0.12> <FuncUnit> <Opcode : 'and' 'or' 'xor'> <InPorts = 2> <OutPorts = 1>
ST_2 : Operation 112 [1/1] (0.00ns) (grouped into LUT with out node and_ln104_224)   --->   "%xor_ln104_557 = xor i1 %icmp_ln86_1163, i1 1" [firmware/BDT.h:104]   --->   Operation 112 'xor' 'xor_ln104_557' <Predicate = true> <Delay = 0.00> <CoreInst = "LogicGate">   --->   Core 74 'LogicGate' <Latency = 0> <II = 1> <Delay = 0.12> <FuncUnit> <Opcode : 'and' 'or' 'xor'> <InPorts = 2> <OutPorts = 1>
ST_2 : Operation 113 [1/1] (0.12ns) (out node of the LUT)   --->   "%and_ln104_224 = and i1 %xor_ln104_557, i1 %xor_ln104" [firmware/BDT.h:104]   --->   Operation 113 'and' 'and_ln104_224' <Predicate = true> <Delay = 0.12> <CoreInst = "LogicGate">   --->   Core 74 'LogicGate' <Latency = 0> <II = 1> <Delay = 0.12> <FuncUnit> <Opcode : 'and' 'or' 'xor'> <InPorts = 2> <OutPorts = 1>
ST_2 : Operation 114 [1/1] (0.12ns)   --->   "%and_ln102_1121 = and i1 %icmp_ln86_1166, i1 %and_ln102_1118" [firmware/BDT.h:102]   --->   Operation 114 'and' 'and_ln102_1121' <Predicate = true> <Delay = 0.12> <CoreInst = "LogicGate">   --->   Core 74 'LogicGate' <Latency = 0> <II = 1> <Delay = 0.12> <FuncUnit> <Opcode : 'and' 'or' 'xor'> <InPorts = 2> <OutPorts = 1>
ST_2 : Operation 115 [1/1] (0.00ns) (grouped into LUT with out node and_ln104_227)   --->   "%xor_ln104_560 = xor i1 %icmp_ln86_1166, i1 1" [firmware/BDT.h:104]   --->   Operation 115 'xor' 'xor_ln104_560' <Predicate = true> <Delay = 0.00> <CoreInst = "LogicGate">   --->   Core 74 'LogicGate' <Latency = 0> <II = 1> <Delay = 0.12> <FuncUnit> <Opcode : 'and' 'or' 'xor'> <InPorts = 2> <OutPorts = 1>
ST_2 : Operation 116 [1/1] (0.12ns) (out node of the LUT)   --->   "%and_ln104_227 = and i1 %and_ln102_1118, i1 %xor_ln104_560" [firmware/BDT.h:104]   --->   Operation 116 'and' 'and_ln104_227' <Predicate = true> <Delay = 0.12> <CoreInst = "LogicGate">   --->   Core 74 'LogicGate' <Latency = 0> <II = 1> <Delay = 0.12> <FuncUnit> <Opcode : 'and' 'or' 'xor'> <InPorts = 2> <OutPorts = 1>
ST_2 : Operation 117 [1/1] (0.12ns)   --->   "%and_ln102_1122 = and i1 %icmp_ln86_1167, i1 %and_ln104_224" [firmware/BDT.h:102]   --->   Operation 117 'and' 'and_ln102_1122' <Predicate = true> <Delay = 0.12> <CoreInst = "LogicGate">   --->   Core 74 'LogicGate' <Latency = 0> <II = 1> <Delay = 0.12> <FuncUnit> <Opcode : 'and' 'or' 'xor'> <InPorts = 2> <OutPorts = 1>
ST_2 : Operation 118 [1/1] (0.00ns) (grouped into LUT with out node and_ln104_228)   --->   "%xor_ln104_561 = xor i1 %icmp_ln86_1167, i1 1" [firmware/BDT.h:104]   --->   Operation 118 'xor' 'xor_ln104_561' <Predicate = true> <Delay = 0.00> <CoreInst = "LogicGate">   --->   Core 74 'LogicGate' <Latency = 0> <II = 1> <Delay = 0.12> <FuncUnit> <Opcode : 'and' 'or' 'xor'> <InPorts = 2> <OutPorts = 1>
ST_2 : Operation 119 [1/1] (0.12ns) (out node of the LUT)   --->   "%and_ln104_228 = and i1 %and_ln104_224, i1 %xor_ln104_561" [firmware/BDT.h:104]   --->   Operation 119 'and' 'and_ln104_228' <Predicate = true> <Delay = 0.12> <CoreInst = "LogicGate">   --->   Core 74 'LogicGate' <Latency = 0> <II = 1> <Delay = 0.12> <FuncUnit> <Opcode : 'and' 'or' 'xor'> <InPorts = 2> <OutPorts = 1>
ST_2 : Operation 120 [1/1] (0.12ns)   --->   "%and_ln102_1127 = and i1 %icmp_ln86_1172, i1 %and_ln102_1121" [firmware/BDT.h:102]   --->   Operation 120 'and' 'and_ln102_1127' <Predicate = true> <Delay = 0.12> <CoreInst = "LogicGate">   --->   Core 74 'LogicGate' <Latency = 0> <II = 1> <Delay = 0.12> <FuncUnit> <Opcode : 'and' 'or' 'xor'> <InPorts = 2> <OutPorts = 1>
ST_2 : Operation 121 [1/1] (0.00ns) (grouped into LUT with out node select_ln117_1141)   --->   "%xor_ln104_565 = xor i1 %icmp_ln86_1172, i1 1" [firmware/BDT.h:104]   --->   Operation 121 'xor' 'xor_ln104_565' <Predicate = true> <Delay = 0.00> <CoreInst = "LogicGate">   --->   Core 74 'LogicGate' <Latency = 0> <II = 1> <Delay = 0.12> <FuncUnit> <Opcode : 'and' 'or' 'xor'> <InPorts = 2> <OutPorts = 1>
ST_2 : Operation 122 [1/1] (0.12ns)   --->   "%and_ln102_1128 = and i1 %icmp_ln86_1173, i1 %and_ln104_227" [firmware/BDT.h:102]   --->   Operation 122 'and' 'and_ln102_1128' <Predicate = true> <Delay = 0.12> <CoreInst = "LogicGate">   --->   Core 74 'LogicGate' <Latency = 0> <II = 1> <Delay = 0.12> <FuncUnit> <Opcode : 'and' 'or' 'xor'> <InPorts = 2> <OutPorts = 1>
ST_2 : Operation 123 [1/1] (0.00ns) (grouped into LUT with out node select_ln117_1145)   --->   "%xor_ln104_566 = xor i1 %icmp_ln86_1173, i1 1" [firmware/BDT.h:104]   --->   Operation 123 'xor' 'xor_ln104_566' <Predicate = true> <Delay = 0.00> <CoreInst = "LogicGate">   --->   Core 74 'LogicGate' <Latency = 0> <II = 1> <Delay = 0.12> <FuncUnit> <Opcode : 'and' 'or' 'xor'> <InPorts = 2> <OutPorts = 1>
ST_2 : Operation 124 [1/1] (0.12ns)   --->   "%and_ln102_1129 = and i1 %icmp_ln86_1174, i1 %and_ln102_1122" [firmware/BDT.h:102]   --->   Operation 124 'and' 'and_ln102_1129' <Predicate = true> <Delay = 0.12> <CoreInst = "LogicGate">   --->   Core 74 'LogicGate' <Latency = 0> <II = 1> <Delay = 0.12> <FuncUnit> <Opcode : 'and' 'or' 'xor'> <InPorts = 2> <OutPorts = 1>
ST_2 : Operation 125 [1/1] (0.00ns) (grouped into LUT with out node select_ln117_1149)   --->   "%xor_ln104_567 = xor i1 %icmp_ln86_1174, i1 1" [firmware/BDT.h:104]   --->   Operation 125 'xor' 'xor_ln104_567' <Predicate = true> <Delay = 0.00> <CoreInst = "LogicGate">   --->   Core 74 'LogicGate' <Latency = 0> <II = 1> <Delay = 0.12> <FuncUnit> <Opcode : 'and' 'or' 'xor'> <InPorts = 2> <OutPorts = 1>
ST_2 : Operation 126 [1/1] (0.12ns)   --->   "%and_ln102_1130 = and i1 %icmp_ln86_1387, i1 %and_ln104_228" [firmware/BDT.h:102]   --->   Operation 126 'and' 'and_ln102_1130' <Predicate = true> <Delay = 0.12> <CoreInst = "LogicGate">   --->   Core 74 'LogicGate' <Latency = 0> <II = 1> <Delay = 0.12> <FuncUnit> <Opcode : 'and' 'or' 'xor'> <InPorts = 2> <OutPorts = 1>
ST_2 : Operation 127 [1/1] (0.00ns) (grouped into LUT with out node agg_result)   --->   "%xor_ln104_568 = xor i1 %icmp_ln86_1387, i1 1" [firmware/BDT.h:104]   --->   Operation 127 'xor' 'xor_ln104_568' <Predicate = true> <Delay = 0.00> <CoreInst = "LogicGate">   --->   Core 74 'LogicGate' <Latency = 0> <II = 1> <Delay = 0.12> <FuncUnit> <Opcode : 'and' 'or' 'xor'> <InPorts = 2> <OutPorts = 1>
ST_2 : Operation 128 [1/1] (0.00ns) (grouped into LUT with out node select_ln117_1139)   --->   "%and_ln102_1138 = and i1 %icmp_ln86_1183, i1 %and_ln102_1127" [firmware/BDT.h:102]   --->   Operation 128 'and' 'and_ln102_1138' <Predicate = true> <Delay = 0.00> <CoreInst = "LogicGate">   --->   Core 74 'LogicGate' <Latency = 0> <II = 1> <Delay = 0.12> <FuncUnit> <Opcode : 'and' 'or' 'xor'> <InPorts = 2> <OutPorts = 1>
ST_2 : Operation 129 [1/1] (0.00ns) (grouped into LUT with out node select_ln117_1141)   --->   "%and_ln102_1149 = and i1 %icmp_ln86_1184, i1 %xor_ln104_565" [firmware/BDT.h:102]   --->   Operation 129 'and' 'and_ln102_1149' <Predicate = true> <Delay = 0.00> <CoreInst = "LogicGate">   --->   Core 74 'LogicGate' <Latency = 0> <II = 1> <Delay = 0.12> <FuncUnit> <Opcode : 'and' 'or' 'xor'> <InPorts = 2> <OutPorts = 1>
ST_2 : Operation 130 [1/1] (0.00ns) (grouped into LUT with out node select_ln117_1141)   --->   "%and_ln102_1139 = and i1 %and_ln102_1149, i1 %and_ln102_1121" [firmware/BDT.h:102]   --->   Operation 130 'and' 'and_ln102_1139' <Predicate = true> <Delay = 0.00> <CoreInst = "LogicGate">   --->   Core 74 'LogicGate' <Latency = 0> <II = 1> <Delay = 0.12> <FuncUnit> <Opcode : 'and' 'or' 'xor'> <InPorts = 2> <OutPorts = 1>
ST_2 : Operation 131 [1/1] (0.00ns) (grouped into LUT with out node select_ln117_1143)   --->   "%and_ln102_1140 = and i1 %icmp_ln86_1185, i1 %and_ln102_1128" [firmware/BDT.h:102]   --->   Operation 131 'and' 'and_ln102_1140' <Predicate = true> <Delay = 0.00> <CoreInst = "LogicGate">   --->   Core 74 'LogicGate' <Latency = 0> <II = 1> <Delay = 0.12> <FuncUnit> <Opcode : 'and' 'or' 'xor'> <InPorts = 2> <OutPorts = 1>
ST_2 : Operation 132 [1/1] (0.00ns) (grouped into LUT with out node select_ln117_1145)   --->   "%and_ln102_1150 = and i1 %icmp_ln86_1186, i1 %xor_ln104_566" [firmware/BDT.h:102]   --->   Operation 132 'and' 'and_ln102_1150' <Predicate = true> <Delay = 0.00> <CoreInst = "LogicGate">   --->   Core 74 'LogicGate' <Latency = 0> <II = 1> <Delay = 0.12> <FuncUnit> <Opcode : 'and' 'or' 'xor'> <InPorts = 2> <OutPorts = 1>
ST_2 : Operation 133 [1/1] (0.00ns) (grouped into LUT with out node select_ln117_1145)   --->   "%and_ln102_1141 = and i1 %and_ln102_1150, i1 %and_ln104_227" [firmware/BDT.h:102]   --->   Operation 133 'and' 'and_ln102_1141' <Predicate = true> <Delay = 0.00> <CoreInst = "LogicGate">   --->   Core 74 'LogicGate' <Latency = 0> <II = 1> <Delay = 0.12> <FuncUnit> <Opcode : 'and' 'or' 'xor'> <InPorts = 2> <OutPorts = 1>
ST_2 : Operation 134 [1/1] (0.00ns) (grouped into LUT with out node select_ln117_1147)   --->   "%and_ln102_1142 = and i1 %icmp_ln86_1187, i1 %and_ln102_1129" [firmware/BDT.h:102]   --->   Operation 134 'and' 'and_ln102_1142' <Predicate = true> <Delay = 0.00> <CoreInst = "LogicGate">   --->   Core 74 'LogicGate' <Latency = 0> <II = 1> <Delay = 0.12> <FuncUnit> <Opcode : 'and' 'or' 'xor'> <InPorts = 2> <OutPorts = 1>
ST_2 : Operation 135 [1/1] (0.00ns) (grouped into LUT with out node select_ln117_1149)   --->   "%and_ln102_1151 = and i1 %icmp_ln86_1188, i1 %xor_ln104_567" [firmware/BDT.h:102]   --->   Operation 135 'and' 'and_ln102_1151' <Predicate = true> <Delay = 0.00> <CoreInst = "LogicGate">   --->   Core 74 'LogicGate' <Latency = 0> <II = 1> <Delay = 0.12> <FuncUnit> <Opcode : 'and' 'or' 'xor'> <InPorts = 2> <OutPorts = 1>
ST_2 : Operation 136 [1/1] (0.00ns) (grouped into LUT with out node select_ln117_1149)   --->   "%and_ln102_1143 = and i1 %and_ln102_1151, i1 %and_ln102_1122" [firmware/BDT.h:102]   --->   Operation 136 'and' 'and_ln102_1143' <Predicate = true> <Delay = 0.00> <CoreInst = "LogicGate">   --->   Core 74 'LogicGate' <Latency = 0> <II = 1> <Delay = 0.12> <FuncUnit> <Opcode : 'and' 'or' 'xor'> <InPorts = 2> <OutPorts = 1>
ST_2 : Operation 137 [1/1] (0.00ns) (grouped into LUT with out node select_ln117_1151)   --->   "%and_ln102_1144 = and i1 %icmp_ln86_1189, i1 %and_ln102_1130" [firmware/BDT.h:102]   --->   Operation 137 'and' 'and_ln102_1144' <Predicate = true> <Delay = 0.00> <CoreInst = "LogicGate">   --->   Core 74 'LogicGate' <Latency = 0> <II = 1> <Delay = 0.12> <FuncUnit> <Opcode : 'and' 'or' 'xor'> <InPorts = 2> <OutPorts = 1>
ST_2 : Operation 138 [1/1] (0.00ns) (grouped into LUT with out node agg_result)   --->   "%and_ln102_1152 = and i1 %icmp_ln86_1190, i1 %xor_ln104_568" [firmware/BDT.h:102]   --->   Operation 138 'and' 'and_ln102_1152' <Predicate = true> <Delay = 0.00> <CoreInst = "LogicGate">   --->   Core 74 'LogicGate' <Latency = 0> <II = 1> <Delay = 0.12> <FuncUnit> <Opcode : 'and' 'or' 'xor'> <InPorts = 2> <OutPorts = 1>
ST_2 : Operation 139 [1/1] (0.00ns) (grouped into LUT with out node agg_result)   --->   "%and_ln102_1145 = and i1 %and_ln102_1152, i1 %and_ln104_228" [firmware/BDT.h:102]   --->   Operation 139 'and' 'and_ln102_1145' <Predicate = true> <Delay = 0.00> <CoreInst = "LogicGate">   --->   Core 74 'LogicGate' <Latency = 0> <II = 1> <Delay = 0.12> <FuncUnit> <Opcode : 'and' 'or' 'xor'> <InPorts = 2> <OutPorts = 1>
ST_2 : Operation 140 [1/1] (0.00ns) (grouped into LUT with out node select_ln117_1139)   --->   "%or_ln117_1063 = or i1 %icmp_ln86, i1 %and_ln102_1138" [firmware/BDT.h:117]   --->   Operation 140 'or' 'or_ln117_1063' <Predicate = true> <Delay = 0.00> <CoreInst = "LogicGate">   --->   Core 74 'LogicGate' <Latency = 0> <II = 1> <Delay = 0.12> <FuncUnit> <Opcode : 'and' 'or' 'xor'> <InPorts = 2> <OutPorts = 1>
ST_2 : Operation 141 [1/1] (0.12ns)   --->   "%or_ln117_1064 = or i1 %icmp_ln86, i1 %and_ln102_1127" [firmware/BDT.h:117]   --->   Operation 141 'or' 'or_ln117_1064' <Predicate = true> <Delay = 0.12> <CoreInst = "LogicGate">   --->   Core 74 'LogicGate' <Latency = 0> <II = 1> <Delay = 0.12> <FuncUnit> <Opcode : 'and' 'or' 'xor'> <InPorts = 2> <OutPorts = 1>
ST_2 : Operation 142 [1/1] (0.00ns) (grouped into LUT with out node select_ln117_1139)   --->   "%select_ln117_1138 = select i1 %or_ln117_1063, i5 %select_ln117_1137, i5 17" [firmware/BDT.h:117]   --->   Operation 142 'select' 'select_ln117_1138' <Predicate = true> <Delay = 0.00> <CoreInst = "Sel">   --->   Core 73 'Sel' <Latency = 0> <II = 1> <Delay = 0.27> <FuncUnit> <Opcode : 'select'> <InPorts = 3> <OutPorts = 1>
ST_2 : Operation 143 [1/1] (0.00ns) (grouped into LUT with out node select_ln117_1141)   --->   "%or_ln117_1065 = or i1 %or_ln117_1064, i1 %and_ln102_1139" [firmware/BDT.h:117]   --->   Operation 143 'or' 'or_ln117_1065' <Predicate = true> <Delay = 0.00> <CoreInst = "LogicGate">   --->   Core 74 'LogicGate' <Latency = 0> <II = 1> <Delay = 0.12> <FuncUnit> <Opcode : 'and' 'or' 'xor'> <InPorts = 2> <OutPorts = 1>
ST_2 : Operation 144 [1/1] (0.27ns) (out node of the LUT)   --->   "%select_ln117_1139 = select i1 %or_ln117_1064, i5 %select_ln117_1138, i5 18" [firmware/BDT.h:117]   --->   Operation 144 'select' 'select_ln117_1139' <Predicate = true> <Delay = 0.27> <CoreInst = "Sel">   --->   Core 73 'Sel' <Latency = 0> <II = 1> <Delay = 0.27> <FuncUnit> <Opcode : 'select'> <InPorts = 3> <OutPorts = 1>
ST_2 : Operation 145 [1/1] (0.12ns)   --->   "%or_ln117_1066 = or i1 %icmp_ln86, i1 %and_ln102_1121" [firmware/BDT.h:117]   --->   Operation 145 'or' 'or_ln117_1066' <Predicate = true> <Delay = 0.12> <CoreInst = "LogicGate">   --->   Core 74 'LogicGate' <Latency = 0> <II = 1> <Delay = 0.12> <FuncUnit> <Opcode : 'and' 'or' 'xor'> <InPorts = 2> <OutPorts = 1>
ST_2 : Operation 146 [1/1] (0.00ns) (grouped into LUT with out node select_ln117_1141)   --->   "%select_ln117_1140 = select i1 %or_ln117_1065, i5 %select_ln117_1139, i5 19" [firmware/BDT.h:117]   --->   Operation 146 'select' 'select_ln117_1140' <Predicate = true> <Delay = 0.00> <CoreInst = "Sel">   --->   Core 73 'Sel' <Latency = 0> <II = 1> <Delay = 0.27> <FuncUnit> <Opcode : 'select'> <InPorts = 3> <OutPorts = 1>
ST_2 : Operation 147 [1/1] (0.00ns) (grouped into LUT with out node select_ln117_1143)   --->   "%or_ln117_1067 = or i1 %or_ln117_1066, i1 %and_ln102_1140" [firmware/BDT.h:117]   --->   Operation 147 'or' 'or_ln117_1067' <Predicate = true> <Delay = 0.00> <CoreInst = "LogicGate">   --->   Core 74 'LogicGate' <Latency = 0> <II = 1> <Delay = 0.12> <FuncUnit> <Opcode : 'and' 'or' 'xor'> <InPorts = 2> <OutPorts = 1>
ST_2 : Operation 148 [1/1] (0.27ns) (out node of the LUT)   --->   "%select_ln117_1141 = select i1 %or_ln117_1066, i5 %select_ln117_1140, i5 20" [firmware/BDT.h:117]   --->   Operation 148 'select' 'select_ln117_1141' <Predicate = true> <Delay = 0.27> <CoreInst = "Sel">   --->   Core 73 'Sel' <Latency = 0> <II = 1> <Delay = 0.27> <FuncUnit> <Opcode : 'select'> <InPorts = 3> <OutPorts = 1>
ST_2 : Operation 149 [1/1] (0.12ns)   --->   "%or_ln117_1068 = or i1 %or_ln117_1066, i1 %and_ln102_1128" [firmware/BDT.h:117]   --->   Operation 149 'or' 'or_ln117_1068' <Predicate = true> <Delay = 0.12> <CoreInst = "LogicGate">   --->   Core 74 'LogicGate' <Latency = 0> <II = 1> <Delay = 0.12> <FuncUnit> <Opcode : 'and' 'or' 'xor'> <InPorts = 2> <OutPorts = 1>
ST_2 : Operation 150 [1/1] (0.00ns) (grouped into LUT with out node select_ln117_1143)   --->   "%select_ln117_1142 = select i1 %or_ln117_1067, i5 %select_ln117_1141, i5 21" [firmware/BDT.h:117]   --->   Operation 150 'select' 'select_ln117_1142' <Predicate = true> <Delay = 0.00> <CoreInst = "Sel">   --->   Core 73 'Sel' <Latency = 0> <II = 1> <Delay = 0.27> <FuncUnit> <Opcode : 'select'> <InPorts = 3> <OutPorts = 1>
ST_2 : Operation 151 [1/1] (0.00ns) (grouped into LUT with out node select_ln117_1145)   --->   "%or_ln117_1069 = or i1 %or_ln117_1068, i1 %and_ln102_1141" [firmware/BDT.h:117]   --->   Operation 151 'or' 'or_ln117_1069' <Predicate = true> <Delay = 0.00> <CoreInst = "LogicGate">   --->   Core 74 'LogicGate' <Latency = 0> <II = 1> <Delay = 0.12> <FuncUnit> <Opcode : 'and' 'or' 'xor'> <InPorts = 2> <OutPorts = 1>
ST_2 : Operation 152 [1/1] (0.27ns) (out node of the LUT)   --->   "%select_ln117_1143 = select i1 %or_ln117_1068, i5 %select_ln117_1142, i5 22" [firmware/BDT.h:117]   --->   Operation 152 'select' 'select_ln117_1143' <Predicate = true> <Delay = 0.27> <CoreInst = "Sel">   --->   Core 73 'Sel' <Latency = 0> <II = 1> <Delay = 0.27> <FuncUnit> <Opcode : 'select'> <InPorts = 3> <OutPorts = 1>
ST_2 : Operation 153 [1/1] (0.12ns)   --->   "%or_ln117_1070 = or i1 %icmp_ln86, i1 %and_ln102_1118" [firmware/BDT.h:117]   --->   Operation 153 'or' 'or_ln117_1070' <Predicate = true> <Delay = 0.12> <CoreInst = "LogicGate">   --->   Core 74 'LogicGate' <Latency = 0> <II = 1> <Delay = 0.12> <FuncUnit> <Opcode : 'and' 'or' 'xor'> <InPorts = 2> <OutPorts = 1>
ST_2 : Operation 154 [1/1] (0.00ns) (grouped into LUT with out node select_ln117_1145)   --->   "%select_ln117_1144 = select i1 %or_ln117_1069, i5 %select_ln117_1143, i5 23" [firmware/BDT.h:117]   --->   Operation 154 'select' 'select_ln117_1144' <Predicate = true> <Delay = 0.00> <CoreInst = "Sel">   --->   Core 73 'Sel' <Latency = 0> <II = 1> <Delay = 0.27> <FuncUnit> <Opcode : 'select'> <InPorts = 3> <OutPorts = 1>
ST_2 : Operation 155 [1/1] (0.00ns) (grouped into LUT with out node select_ln117_1147)   --->   "%or_ln117_1071 = or i1 %or_ln117_1070, i1 %and_ln102_1142" [firmware/BDT.h:117]   --->   Operation 155 'or' 'or_ln117_1071' <Predicate = true> <Delay = 0.00> <CoreInst = "LogicGate">   --->   Core 74 'LogicGate' <Latency = 0> <II = 1> <Delay = 0.12> <FuncUnit> <Opcode : 'and' 'or' 'xor'> <InPorts = 2> <OutPorts = 1>
ST_2 : Operation 156 [1/1] (0.27ns) (out node of the LUT)   --->   "%select_ln117_1145 = select i1 %or_ln117_1070, i5 %select_ln117_1144, i5 24" [firmware/BDT.h:117]   --->   Operation 156 'select' 'select_ln117_1145' <Predicate = true> <Delay = 0.27> <CoreInst = "Sel">   --->   Core 73 'Sel' <Latency = 0> <II = 1> <Delay = 0.27> <FuncUnit> <Opcode : 'select'> <InPorts = 3> <OutPorts = 1>
ST_2 : Operation 157 [1/1] (0.12ns)   --->   "%or_ln117_1072 = or i1 %or_ln117_1070, i1 %and_ln102_1129" [firmware/BDT.h:117]   --->   Operation 157 'or' 'or_ln117_1072' <Predicate = true> <Delay = 0.12> <CoreInst = "LogicGate">   --->   Core 74 'LogicGate' <Latency = 0> <II = 1> <Delay = 0.12> <FuncUnit> <Opcode : 'and' 'or' 'xor'> <InPorts = 2> <OutPorts = 1>
ST_2 : Operation 158 [1/1] (0.00ns) (grouped into LUT with out node select_ln117_1147)   --->   "%select_ln117_1146 = select i1 %or_ln117_1071, i5 %select_ln117_1145, i5 25" [firmware/BDT.h:117]   --->   Operation 158 'select' 'select_ln117_1146' <Predicate = true> <Delay = 0.00> <CoreInst = "Sel">   --->   Core 73 'Sel' <Latency = 0> <II = 1> <Delay = 0.27> <FuncUnit> <Opcode : 'select'> <InPorts = 3> <OutPorts = 1>
ST_2 : Operation 159 [1/1] (0.00ns) (grouped into LUT with out node select_ln117_1149)   --->   "%or_ln117_1073 = or i1 %or_ln117_1072, i1 %and_ln102_1143" [firmware/BDT.h:117]   --->   Operation 159 'or' 'or_ln117_1073' <Predicate = true> <Delay = 0.00> <CoreInst = "LogicGate">   --->   Core 74 'LogicGate' <Latency = 0> <II = 1> <Delay = 0.12> <FuncUnit> <Opcode : 'and' 'or' 'xor'> <InPorts = 2> <OutPorts = 1>
ST_2 : Operation 160 [1/1] (0.27ns) (out node of the LUT)   --->   "%select_ln117_1147 = select i1 %or_ln117_1072, i5 %select_ln117_1146, i5 26" [firmware/BDT.h:117]   --->   Operation 160 'select' 'select_ln117_1147' <Predicate = true> <Delay = 0.27> <CoreInst = "Sel">   --->   Core 73 'Sel' <Latency = 0> <II = 1> <Delay = 0.27> <FuncUnit> <Opcode : 'select'> <InPorts = 3> <OutPorts = 1>
ST_2 : Operation 161 [1/1] (0.12ns)   --->   "%or_ln117_1074 = or i1 %or_ln117_1070, i1 %and_ln102_1122" [firmware/BDT.h:117]   --->   Operation 161 'or' 'or_ln117_1074' <Predicate = true> <Delay = 0.12> <CoreInst = "LogicGate">   --->   Core 74 'LogicGate' <Latency = 0> <II = 1> <Delay = 0.12> <FuncUnit> <Opcode : 'and' 'or' 'xor'> <InPorts = 2> <OutPorts = 1>
ST_2 : Operation 162 [1/1] (0.00ns) (grouped into LUT with out node select_ln117_1149)   --->   "%select_ln117_1148 = select i1 %or_ln117_1073, i5 %select_ln117_1147, i5 27" [firmware/BDT.h:117]   --->   Operation 162 'select' 'select_ln117_1148' <Predicate = true> <Delay = 0.00> <CoreInst = "Sel">   --->   Core 73 'Sel' <Latency = 0> <II = 1> <Delay = 0.27> <FuncUnit> <Opcode : 'select'> <InPorts = 3> <OutPorts = 1>
ST_2 : Operation 163 [1/1] (0.00ns) (grouped into LUT with out node select_ln117_1151)   --->   "%or_ln117_1075 = or i1 %or_ln117_1074, i1 %and_ln102_1144" [firmware/BDT.h:117]   --->   Operation 163 'or' 'or_ln117_1075' <Predicate = true> <Delay = 0.00> <CoreInst = "LogicGate">   --->   Core 74 'LogicGate' <Latency = 0> <II = 1> <Delay = 0.12> <FuncUnit> <Opcode : 'and' 'or' 'xor'> <InPorts = 2> <OutPorts = 1>
ST_2 : Operation 164 [1/1] (0.27ns) (out node of the LUT)   --->   "%select_ln117_1149 = select i1 %or_ln117_1074, i5 %select_ln117_1148, i5 28" [firmware/BDT.h:117]   --->   Operation 164 'select' 'select_ln117_1149' <Predicate = true> <Delay = 0.27> <CoreInst = "Sel">   --->   Core 73 'Sel' <Latency = 0> <II = 1> <Delay = 0.27> <FuncUnit> <Opcode : 'select'> <InPorts = 3> <OutPorts = 1>
ST_2 : Operation 165 [1/1] (0.12ns)   --->   "%or_ln117_1076 = or i1 %or_ln117_1074, i1 %and_ln102_1130" [firmware/BDT.h:117]   --->   Operation 165 'or' 'or_ln117_1076' <Predicate = true> <Delay = 0.12> <CoreInst = "LogicGate">   --->   Core 74 'LogicGate' <Latency = 0> <II = 1> <Delay = 0.12> <FuncUnit> <Opcode : 'and' 'or' 'xor'> <InPorts = 2> <OutPorts = 1>
ST_2 : Operation 166 [1/1] (0.00ns) (grouped into LUT with out node select_ln117_1151)   --->   "%select_ln117_1150 = select i1 %or_ln117_1075, i5 %select_ln117_1149, i5 29" [firmware/BDT.h:117]   --->   Operation 166 'select' 'select_ln117_1150' <Predicate = true> <Delay = 0.00> <CoreInst = "Sel">   --->   Core 73 'Sel' <Latency = 0> <II = 1> <Delay = 0.27> <FuncUnit> <Opcode : 'select'> <InPorts = 3> <OutPorts = 1>
ST_2 : Operation 167 [1/1] (0.00ns) (grouped into LUT with out node agg_result)   --->   "%or_ln117_1077 = or i1 %or_ln117_1076, i1 %and_ln102_1145" [firmware/BDT.h:117]   --->   Operation 167 'or' 'or_ln117_1077' <Predicate = true> <Delay = 0.00> <CoreInst = "LogicGate">   --->   Core 74 'LogicGate' <Latency = 0> <II = 1> <Delay = 0.12> <FuncUnit> <Opcode : 'and' 'or' 'xor'> <InPorts = 2> <OutPorts = 1>
ST_2 : Operation 168 [1/1] (0.27ns) (out node of the LUT)   --->   "%select_ln117_1151 = select i1 %or_ln117_1076, i5 %select_ln117_1150, i5 30" [firmware/BDT.h:117]   --->   Operation 168 'select' 'select_ln117_1151' <Predicate = true> <Delay = 0.27> <CoreInst = "Sel">   --->   Core 73 'Sel' <Latency = 0> <II = 1> <Delay = 0.27> <FuncUnit> <Opcode : 'select'> <InPorts = 3> <OutPorts = 1>
ST_2 : Operation 169 [1/1] (0.00ns) (grouped into LUT with out node agg_result)   --->   "%select_ln117_1152 = select i1 %or_ln117_1077, i5 %select_ln117_1151, i5 31" [firmware/BDT.h:117]   --->   Operation 169 'select' 'select_ln117_1152' <Predicate = true> <Delay = 0.00> <CoreInst = "Sel">   --->   Core 73 'Sel' <Latency = 0> <II = 1> <Delay = 0.27> <FuncUnit> <Opcode : 'select'> <InPorts = 3> <OutPorts = 1>
ST_2 : Operation 170 [1/1] (0.65ns) (out node of the LUT)   --->   "%agg_result = sparsemux i12 @_ssdm_op_SparseMux.ap_auto.32i12.i12.i5, i5 0, i12 4069, i5 1, i12 3917, i5 2, i12 393, i5 3, i12 1, i5 4, i12 83, i5 5, i12 621, i5 6, i12 3503, i5 7, i12 1268, i5 8, i12 1469, i5 9, i12 3799, i5 10, i12 4092, i5 11, i12 3891, i5 12, i12 3123, i5 13, i12 723, i5 14, i12 118, i5 15, i12 3534, i5 16, i12 33, i5 17, i12 267, i5 18, i12 127, i5 19, i12 650, i5 20, i12 3750, i5 21, i12 275, i5 22, i12 1354, i5 23, i12 3739, i5 24, i12 3946, i5 25, i12 811, i5 26, i12 3674, i5 27, i12 4041, i5 28, i12 4058, i5 29, i12 3748, i5 30, i12 221, i5 31, i12 14, i12 0, i5 %select_ln117_1152" [firmware/BDT.h:118]   --->   Operation 170 'sparsemux' 'agg_result' <Predicate = true> <Delay = 0.65> <CoreInst = "SparseMux">   --->   Core 144 'SparseMux' <Latency = 0> <II = 1> <Delay = 0.65> <FuncUnit> <Opcode : 'sparsemux'> <InPorts = 2> <OutPorts = 1>
ST_2 : Operation 171 [1/1] (0.00ns)   --->   "%ret_ln122 = ret i12 %agg_result" [firmware/BDT.h:122]   --->   Operation 171 'ret' 'ret_ln122' <Predicate = true> <Delay = 0.00>


============================================================
+ Verbose Summary: Timing violations
============================================================
Target clock period: 5.000ns, clock uncertainty: 1.350ns.

 <State 1>: 3.474ns
The critical path consists of the following:
	wire read operation ('x_34_val_read', firmware/BDT.h:86) on port 'x_34_val' (firmware/BDT.h:86) [31]  (0.000 ns)
	'icmp' operation 1 bit ('icmp_ln86', firmware/BDT.h:86) [42]  (0.797 ns)
	'and' operation 1 bit ('and_ln102', firmware/BDT.h:102) [74]  (0.122 ns)
	'and' operation 1 bit ('and_ln102_1119', firmware/BDT.h:102) [80]  (0.122 ns)
	'and' operation 1 bit ('and_ln102_1123', firmware/BDT.h:102) [92]  (0.122 ns)
	'select' operation 2 bit ('select_ln117', firmware/BDT.h:117) [131]  (0.000 ns)
	'select' operation 3 bit ('select_ln117_1125', firmware/BDT.h:117) [134]  (0.278 ns)
	'select' operation 3 bit ('select_ln117_1126', firmware/BDT.h:117) [136]  (0.000 ns)
	'select' operation 3 bit ('select_ln117_1127', firmware/BDT.h:117) [138]  (0.278 ns)
	'select' operation 3 bit ('select_ln117_1128', firmware/BDT.h:117) [139]  (0.000 ns)
	'select' operation 4 bit ('select_ln117_1129', firmware/BDT.h:117) [142]  (0.351 ns)
	'select' operation 4 bit ('select_ln117_1130', firmware/BDT.h:117) [144]  (0.000 ns)
	'select' operation 4 bit ('select_ln117_1131', firmware/BDT.h:117) [146]  (0.351 ns)
	'select' operation 4 bit ('select_ln117_1132', firmware/BDT.h:117) [148]  (0.000 ns)
	'select' operation 4 bit ('select_ln117_1133', firmware/BDT.h:117) [150]  (0.351 ns)
	'select' operation 4 bit ('select_ln117_1134', firmware/BDT.h:117) [152]  (0.000 ns)
	'select' operation 4 bit ('select_ln117_1135', firmware/BDT.h:117) [154]  (0.351 ns)
	'select' operation 4 bit ('select_ln117_1136', firmware/BDT.h:117) [155]  (0.000 ns)
	'select' operation 5 bit ('select_ln117_1137', firmware/BDT.h:117) [158]  (0.351 ns)

 <State 2>: 3.210ns
The critical path consists of the following:
	'xor' operation 1 bit ('xor_ln104', firmware/BDT.h:104) [73]  (0.122 ns)
	'and' operation 1 bit ('and_ln102_1118', firmware/BDT.h:102) [77]  (0.122 ns)
	'and' operation 1 bit ('and_ln102_1121', firmware/BDT.h:102) [86]  (0.122 ns)
	'and' operation 1 bit ('and_ln102_1127', firmware/BDT.h:102) [99]  (0.122 ns)
	'or' operation 1 bit ('or_ln117_1064', firmware/BDT.h:117) [159]  (0.122 ns)
	'select' operation 5 bit ('select_ln117_1139', firmware/BDT.h:117) [162]  (0.278 ns)
	'select' operation 5 bit ('select_ln117_1140', firmware/BDT.h:117) [164]  (0.000 ns)
	'select' operation 5 bit ('select_ln117_1141', firmware/BDT.h:117) [166]  (0.278 ns)
	'select' operation 5 bit ('select_ln117_1142', firmware/BDT.h:117) [168]  (0.000 ns)
	'select' operation 5 bit ('select_ln117_1143', firmware/BDT.h:117) [170]  (0.278 ns)
	'select' operation 5 bit ('select_ln117_1144', firmware/BDT.h:117) [172]  (0.000 ns)
	'select' operation 5 bit ('select_ln117_1145', firmware/BDT.h:117) [174]  (0.278 ns)
	'select' operation 5 bit ('select_ln117_1146', firmware/BDT.h:117) [176]  (0.000 ns)
	'select' operation 5 bit ('select_ln117_1147', firmware/BDT.h:117) [178]  (0.278 ns)
	'select' operation 5 bit ('select_ln117_1148', firmware/BDT.h:117) [180]  (0.000 ns)
	'select' operation 5 bit ('select_ln117_1149', firmware/BDT.h:117) [182]  (0.278 ns)
	'select' operation 5 bit ('select_ln117_1150', firmware/BDT.h:117) [184]  (0.000 ns)
	'select' operation 5 bit ('select_ln117_1151', firmware/BDT.h:117) [186]  (0.278 ns)
	'select' operation 5 bit ('select_ln117_1152', firmware/BDT.h:117) [187]  (0.000 ns)
	'sparsemux' operation 12 bit ('agg_result', firmware/BDT.h:118) [188]  (0.654 ns)


============================================================
+ Verbose Summary: Binding
============================================================
N/A
* FSMD analyzer results:
  - Output states:
 - Input state : 
  - Chain level:
	State 1
	State 2


============================================================
+ Verbose Summary: Datapath Resource usage 
============================================================
N/A
