

================================================================
== Vitis HLS Report for 'decision_function_21'
================================================================
* Date:           Thu Jan 23 13:40:08 2025

* Version:        2024.1 (Build 5069499 on May 21 2024)
* Project:        my_prj
* Solution:       solution1 (Vivado IP Flow Target)
* Product family: virtexuplus
* Target device:  xcu250-figd2104-2L-e


================================================================
== Performance Estimates
================================================================
+ Timing: 
    * Summary: 
    +--------+---------+----------+------------+
    |  Clock |  Target | Estimated| Uncertainty|
    +--------+---------+----------+------------+
    |ap_clk  |  5.00 ns|  3.596 ns|     1.35 ns|
    +--------+---------+----------+------------+

+ Latency: 
    * Summary: 
    +---------+---------+----------+----------+-----+-----+---------+
    |  Latency (cycles) |  Latency (absolute) |  Interval | Pipeline|
    |   min   |   max   |    min   |    max   | min | max |   Type  |
    +---------+---------+----------+----------+-----+-----+---------+
    |        1|        1|  5.000 ns|  5.000 ns|    1|    1|      yes|
    +---------+---------+----------+----------+-----+-----+---------+

    + Detail: 
        * Instance: 
        N/A

        * Loop: 
        N/A

============================================================
+ Verbose Summary: Synthesis Manager
============================================================
InlineROM: 1
ExposeGlobal: 0
============================================================
+ Verbose Summary: CDFG Model
============================================================
IsTopModel: 0
ResetActiveHigh: 1
IsCombinational: 0
IsDatapathOnly: 0
HasWiredReturn: 1
HasMFsm: 2
HasVarLatency: 0
IsPipeline: 1
IsRtlPipelined: 1
IsInstanceOverlapped: 0
IsDontTouch: 0
HasImplIP: 0
IsGatedGlobalClock: 0

+ Individual pipeline summary: 
  * Pipeline-0: initiation interval (II) = 1, depth = 2


============================================================
+ Verbose Summary: Schedule
============================================================
* Number of FSM states : 2
* Pipeline : 1
  Pipeline-0 : II = 1, D = 2, States = { 1 2 }
* Dataflow Pipeline: 0

* FSM state transitions: 
1 --> 2 
2 --> 

* FSM state operations: 

State 1 <SV = 0> <Delay = 3.59>
ST_1 : Operation 3 [1/1] (0.00ns)   --->   "%x_52_val_read = read i18 @_ssdm_op_Read.ap_auto.i18, i18 %x_52_val" [firmware/BDT.h:86]   --->   Operation 3 'read' 'x_52_val_read' <Predicate = true> <Delay = 0.00>
ST_1 : Operation 4 [1/1] (0.00ns)   --->   "%x_50_val_read = read i18 @_ssdm_op_Read.ap_auto.i18, i18 %x_50_val" [firmware/BDT.h:86]   --->   Operation 4 'read' 'x_50_val_read' <Predicate = true> <Delay = 0.00>
ST_1 : Operation 5 [1/1] (0.00ns)   --->   "%x_49_val_read = read i18 @_ssdm_op_Read.ap_auto.i18, i18 %x_49_val" [firmware/BDT.h:86]   --->   Operation 5 'read' 'x_49_val_read' <Predicate = true> <Delay = 0.00>
ST_1 : Operation 6 [1/1] (0.00ns)   --->   "%x_48_val_read = read i18 @_ssdm_op_Read.ap_auto.i18, i18 %x_48_val" [firmware/BDT.h:86]   --->   Operation 6 'read' 'x_48_val_read' <Predicate = true> <Delay = 0.00>
ST_1 : Operation 7 [1/1] (0.00ns)   --->   "%x_47_val_read = read i18 @_ssdm_op_Read.ap_auto.i18, i18 %x_47_val" [firmware/BDT.h:86]   --->   Operation 7 'read' 'x_47_val_read' <Predicate = true> <Delay = 0.00>
ST_1 : Operation 8 [1/1] (0.00ns)   --->   "%x_36_val_read = read i18 @_ssdm_op_Read.ap_auto.i18, i18 %x_36_val" [firmware/BDT.h:86]   --->   Operation 8 'read' 'x_36_val_read' <Predicate = true> <Delay = 0.00>
ST_1 : Operation 9 [1/1] (0.00ns)   --->   "%x_35_val_read = read i18 @_ssdm_op_Read.ap_auto.i18, i18 %x_35_val" [firmware/BDT.h:86]   --->   Operation 9 'read' 'x_35_val_read' <Predicate = true> <Delay = 0.00>
ST_1 : Operation 10 [1/1] (0.00ns)   --->   "%x_33_val_read = read i18 @_ssdm_op_Read.ap_auto.i18, i18 %x_33_val" [firmware/BDT.h:86]   --->   Operation 10 'read' 'x_33_val_read' <Predicate = true> <Delay = 0.00>
ST_1 : Operation 11 [1/1] (0.00ns)   --->   "%x_29_val_read = read i18 @_ssdm_op_Read.ap_auto.i18, i18 %x_29_val" [firmware/BDT.h:86]   --->   Operation 11 'read' 'x_29_val_read' <Predicate = true> <Delay = 0.00>
ST_1 : Operation 12 [1/1] (0.00ns)   --->   "%x_27_val_read = read i18 @_ssdm_op_Read.ap_auto.i18, i18 %x_27_val" [firmware/BDT.h:86]   --->   Operation 12 'read' 'x_27_val_read' <Predicate = true> <Delay = 0.00>
ST_1 : Operation 13 [1/1] (0.00ns)   --->   "%x_25_val_read = read i18 @_ssdm_op_Read.ap_auto.i18, i18 %x_25_val" [firmware/BDT.h:86]   --->   Operation 13 'read' 'x_25_val_read' <Predicate = true> <Delay = 0.00>
ST_1 : Operation 14 [1/1] (0.00ns)   --->   "%x_21_val_read = read i18 @_ssdm_op_Read.ap_auto.i18, i18 %x_21_val" [firmware/BDT.h:86]   --->   Operation 14 'read' 'x_21_val_read' <Predicate = true> <Delay = 0.00>
ST_1 : Operation 15 [1/1] (0.00ns)   --->   "%x_19_val_read = read i18 @_ssdm_op_Read.ap_auto.i18, i18 %x_19_val" [firmware/BDT.h:86]   --->   Operation 15 'read' 'x_19_val_read' <Predicate = true> <Delay = 0.00>
ST_1 : Operation 16 [1/1] (0.00ns)   --->   "%x_17_val_read = read i18 @_ssdm_op_Read.ap_auto.i18, i18 %x_17_val" [firmware/BDT.h:86]   --->   Operation 16 'read' 'x_17_val_read' <Predicate = true> <Delay = 0.00>
ST_1 : Operation 17 [1/1] (0.00ns)   --->   "%x_15_val_read = read i18 @_ssdm_op_Read.ap_auto.i18, i18 %x_15_val" [firmware/BDT.h:86]   --->   Operation 17 'read' 'x_15_val_read' <Predicate = true> <Delay = 0.00>
ST_1 : Operation 18 [1/1] (0.00ns)   --->   "%x_12_val_read = read i18 @_ssdm_op_Read.ap_auto.i18, i18 %x_12_val" [firmware/BDT.h:86]   --->   Operation 18 'read' 'x_12_val_read' <Predicate = true> <Delay = 0.00>
ST_1 : Operation 19 [1/1] (0.00ns)   --->   "%x_9_val_read = read i18 @_ssdm_op_Read.ap_auto.i18, i18 %x_9_val" [firmware/BDT.h:86]   --->   Operation 19 'read' 'x_9_val_read' <Predicate = true> <Delay = 0.00>
ST_1 : Operation 20 [1/1] (0.00ns)   --->   "%x_7_val_read = read i18 @_ssdm_op_Read.ap_auto.i18, i18 %x_7_val" [firmware/BDT.h:86]   --->   Operation 20 'read' 'x_7_val_read' <Predicate = true> <Delay = 0.00>
ST_1 : Operation 21 [1/1] (0.00ns)   --->   "%x_1_val_read = read i18 @_ssdm_op_Read.ap_auto.i18, i18 %x_1_val" [firmware/BDT.h:86]   --->   Operation 21 'read' 'x_1_val_read' <Predicate = true> <Delay = 0.00>
ST_1 : Operation 22 [1/1] (0.79ns)   --->   "%icmp_ln86 = icmp_slt  i18 %x_15_val_read, i18 10" [firmware/BDT.h:86]   --->   Operation 22 'icmp' 'icmp_ln86' <Predicate = true> <Delay = 0.79> <CoreInst = "Cmp">   --->   Core 9 'Cmp' <Latency = 0> <II = 1> <Delay = 0.79> <FuncUnit> <Opcode : 'seteq' 'setne' 'setle' 'setge' 'setlt' 'setgt'> <InPorts = 2> <OutPorts = 1>
ST_1 : Operation 23 [1/1] (0.79ns)   --->   "%icmp_ln86_542 = icmp_slt  i18 %x_50_val_read, i18 85218" [firmware/BDT.h:86]   --->   Operation 23 'icmp' 'icmp_ln86_542' <Predicate = true> <Delay = 0.79> <CoreInst = "Cmp">   --->   Core 9 'Cmp' <Latency = 0> <II = 1> <Delay = 0.79> <FuncUnit> <Opcode : 'seteq' 'setne' 'setle' 'setge' 'setlt' 'setgt'> <InPorts = 2> <OutPorts = 1>
ST_1 : Operation 24 [1/1] (0.79ns)   --->   "%icmp_ln86_543 = icmp_slt  i18 %x_36_val_read, i18 11" [firmware/BDT.h:86]   --->   Operation 24 'icmp' 'icmp_ln86_543' <Predicate = true> <Delay = 0.79> <CoreInst = "Cmp">   --->   Core 9 'Cmp' <Latency = 0> <II = 1> <Delay = 0.79> <FuncUnit> <Opcode : 'seteq' 'setne' 'setle' 'setge' 'setlt' 'setgt'> <InPorts = 2> <OutPorts = 1>
ST_1 : Operation 25 [1/1] (0.79ns)   --->   "%icmp_ln86_544 = icmp_slt  i18 %x_27_val_read, i18 2737" [firmware/BDT.h:86]   --->   Operation 25 'icmp' 'icmp_ln86_544' <Predicate = true> <Delay = 0.79> <CoreInst = "Cmp">   --->   Core 9 'Cmp' <Latency = 0> <II = 1> <Delay = 0.79> <FuncUnit> <Opcode : 'seteq' 'setne' 'setle' 'setge' 'setlt' 'setgt'> <InPorts = 2> <OutPorts = 1>
ST_1 : Operation 26 [1/1] (0.79ns)   --->   "%icmp_ln86_545 = icmp_slt  i18 %x_50_val_read, i18 98216" [firmware/BDT.h:86]   --->   Operation 26 'icmp' 'icmp_ln86_545' <Predicate = true> <Delay = 0.79> <CoreInst = "Cmp">   --->   Core 9 'Cmp' <Latency = 0> <II = 1> <Delay = 0.79> <FuncUnit> <Opcode : 'seteq' 'setne' 'setle' 'setge' 'setlt' 'setgt'> <InPorts = 2> <OutPorts = 1>
ST_1 : Operation 27 [1/1] (0.79ns)   --->   "%icmp_ln86_546 = icmp_slt  i18 %x_49_val_read, i18 87924" [firmware/BDT.h:86]   --->   Operation 27 'icmp' 'icmp_ln86_546' <Predicate = true> <Delay = 0.79> <CoreInst = "Cmp">   --->   Core 9 'Cmp' <Latency = 0> <II = 1> <Delay = 0.79> <FuncUnit> <Opcode : 'seteq' 'setne' 'setle' 'setge' 'setlt' 'setgt'> <InPorts = 2> <OutPorts = 1>
ST_1 : Operation 28 [1/1] (0.79ns)   --->   "%icmp_ln86_547 = icmp_slt  i18 %x_33_val_read, i18 384" [firmware/BDT.h:86]   --->   Operation 28 'icmp' 'icmp_ln86_547' <Predicate = true> <Delay = 0.79> <CoreInst = "Cmp">   --->   Core 9 'Cmp' <Latency = 0> <II = 1> <Delay = 0.79> <FuncUnit> <Opcode : 'seteq' 'setne' 'setle' 'setge' 'setlt' 'setgt'> <InPorts = 2> <OutPorts = 1>
ST_1 : Operation 29 [1/1] (0.79ns)   --->   "%icmp_ln86_548 = icmp_slt  i18 %x_21_val_read, i18 179" [firmware/BDT.h:86]   --->   Operation 29 'icmp' 'icmp_ln86_548' <Predicate = true> <Delay = 0.79> <CoreInst = "Cmp">   --->   Core 9 'Cmp' <Latency = 0> <II = 1> <Delay = 0.79> <FuncUnit> <Opcode : 'seteq' 'setne' 'setle' 'setge' 'setlt' 'setgt'> <InPorts = 2> <OutPorts = 1>
ST_1 : Operation 30 [1/1] (0.79ns)   --->   "%icmp_ln86_549 = icmp_slt  i18 %x_47_val_read, i18 34961" [firmware/BDT.h:86]   --->   Operation 30 'icmp' 'icmp_ln86_549' <Predicate = true> <Delay = 0.79> <CoreInst = "Cmp">   --->   Core 9 'Cmp' <Latency = 0> <II = 1> <Delay = 0.79> <FuncUnit> <Opcode : 'seteq' 'setne' 'setle' 'setge' 'setlt' 'setgt'> <InPorts = 2> <OutPorts = 1>
ST_1 : Operation 31 [1/1] (0.79ns)   --->   "%icmp_ln86_550 = icmp_slt  i18 %x_7_val_read, i18 7416" [firmware/BDT.h:86]   --->   Operation 31 'icmp' 'icmp_ln86_550' <Predicate = true> <Delay = 0.79> <CoreInst = "Cmp">   --->   Core 9 'Cmp' <Latency = 0> <II = 1> <Delay = 0.79> <FuncUnit> <Opcode : 'seteq' 'setne' 'setle' 'setge' 'setlt' 'setgt'> <InPorts = 2> <OutPorts = 1>
ST_1 : Operation 32 [1/1] (0.79ns)   --->   "%icmp_ln86_551 = icmp_slt  i18 %x_9_val_read, i18 670" [firmware/BDT.h:86]   --->   Operation 32 'icmp' 'icmp_ln86_551' <Predicate = true> <Delay = 0.79> <CoreInst = "Cmp">   --->   Core 9 'Cmp' <Latency = 0> <II = 1> <Delay = 0.79> <FuncUnit> <Opcode : 'seteq' 'setne' 'setle' 'setge' 'setlt' 'setgt'> <InPorts = 2> <OutPorts = 1>
ST_1 : Operation 33 [1/1] (0.79ns)   --->   "%icmp_ln86_552 = icmp_slt  i18 %x_1_val_read, i18 239865" [firmware/BDT.h:86]   --->   Operation 33 'icmp' 'icmp_ln86_552' <Predicate = true> <Delay = 0.79> <CoreInst = "Cmp">   --->   Core 9 'Cmp' <Latency = 0> <II = 1> <Delay = 0.79> <FuncUnit> <Opcode : 'seteq' 'setne' 'setle' 'setge' 'setlt' 'setgt'> <InPorts = 2> <OutPorts = 1>
ST_1 : Operation 34 [1/1] (0.79ns)   --->   "%icmp_ln86_553 = icmp_slt  i18 %x_52_val_read, i18 59905" [firmware/BDT.h:86]   --->   Operation 34 'icmp' 'icmp_ln86_553' <Predicate = true> <Delay = 0.79> <CoreInst = "Cmp">   --->   Core 9 'Cmp' <Latency = 0> <II = 1> <Delay = 0.79> <FuncUnit> <Opcode : 'seteq' 'setne' 'setle' 'setge' 'setlt' 'setgt'> <InPorts = 2> <OutPorts = 1>
ST_1 : Operation 35 [1/1] (0.79ns)   --->   "%icmp_ln86_554 = icmp_slt  i18 %x_35_val_read, i18 52" [firmware/BDT.h:86]   --->   Operation 35 'icmp' 'icmp_ln86_554' <Predicate = true> <Delay = 0.79> <CoreInst = "Cmp">   --->   Core 9 'Cmp' <Latency = 0> <II = 1> <Delay = 0.79> <FuncUnit> <Opcode : 'seteq' 'setne' 'setle' 'setge' 'setlt' 'setgt'> <InPorts = 2> <OutPorts = 1>
ST_1 : Operation 36 [1/1] (0.79ns)   --->   "%icmp_ln86_555 = icmp_slt  i18 %x_52_val_read, i18 22017" [firmware/BDT.h:86]   --->   Operation 36 'icmp' 'icmp_ln86_555' <Predicate = true> <Delay = 0.79> <CoreInst = "Cmp">   --->   Core 9 'Cmp' <Latency = 0> <II = 1> <Delay = 0.79> <FuncUnit> <Opcode : 'seteq' 'setne' 'setle' 'setge' 'setlt' 'setgt'> <InPorts = 2> <OutPorts = 1>
ST_1 : Operation 37 [1/1] (0.79ns)   --->   "%icmp_ln86_556 = icmp_slt  i18 %x_1_val_read, i18 183133" [firmware/BDT.h:86]   --->   Operation 37 'icmp' 'icmp_ln86_556' <Predicate = true> <Delay = 0.79> <CoreInst = "Cmp">   --->   Core 9 'Cmp' <Latency = 0> <II = 1> <Delay = 0.79> <FuncUnit> <Opcode : 'seteq' 'setne' 'setle' 'setge' 'setlt' 'setgt'> <InPorts = 2> <OutPorts = 1>
ST_1 : Operation 38 [1/1] (0.79ns)   --->   "%icmp_ln86_557 = icmp_slt  i18 %x_1_val_read, i18 204370" [firmware/BDT.h:86]   --->   Operation 38 'icmp' 'icmp_ln86_557' <Predicate = true> <Delay = 0.79> <CoreInst = "Cmp">   --->   Core 9 'Cmp' <Latency = 0> <II = 1> <Delay = 0.79> <FuncUnit> <Opcode : 'seteq' 'setne' 'setle' 'setge' 'setlt' 'setgt'> <InPorts = 2> <OutPorts = 1>
ST_1 : Operation 39 [1/1] (0.79ns)   --->   "%icmp_ln86_558 = icmp_slt  i18 %x_25_val_read, i18 303" [firmware/BDT.h:86]   --->   Operation 39 'icmp' 'icmp_ln86_558' <Predicate = true> <Delay = 0.79> <CoreInst = "Cmp">   --->   Core 9 'Cmp' <Latency = 0> <II = 1> <Delay = 0.79> <FuncUnit> <Opcode : 'seteq' 'setne' 'setle' 'setge' 'setlt' 'setgt'> <InPorts = 2> <OutPorts = 1>
ST_1 : Operation 40 [1/1] (0.79ns)   --->   "%icmp_ln86_559 = icmp_slt  i18 %x_19_val_read, i18 1407" [firmware/BDT.h:86]   --->   Operation 40 'icmp' 'icmp_ln86_559' <Predicate = true> <Delay = 0.79> <CoreInst = "Cmp">   --->   Core 9 'Cmp' <Latency = 0> <II = 1> <Delay = 0.79> <FuncUnit> <Opcode : 'seteq' 'setne' 'setle' 'setge' 'setlt' 'setgt'> <InPorts = 2> <OutPorts = 1>
ST_1 : Operation 41 [1/1] (0.79ns)   --->   "%icmp_ln86_560 = icmp_slt  i18 %x_52_val_read, i18 65025" [firmware/BDT.h:86]   --->   Operation 41 'icmp' 'icmp_ln86_560' <Predicate = true> <Delay = 0.79> <CoreInst = "Cmp">   --->   Core 9 'Cmp' <Latency = 0> <II = 1> <Delay = 0.79> <FuncUnit> <Opcode : 'seteq' 'setne' 'setle' 'setge' 'setlt' 'setgt'> <InPorts = 2> <OutPorts = 1>
ST_1 : Operation 42 [1/1] (0.79ns)   --->   "%icmp_ln86_561 = icmp_slt  i18 %x_1_val_read, i18 194758" [firmware/BDT.h:86]   --->   Operation 42 'icmp' 'icmp_ln86_561' <Predicate = true> <Delay = 0.79> <CoreInst = "Cmp">   --->   Core 9 'Cmp' <Latency = 0> <II = 1> <Delay = 0.79> <FuncUnit> <Opcode : 'seteq' 'setne' 'setle' 'setge' 'setlt' 'setgt'> <InPorts = 2> <OutPorts = 1>
ST_1 : Operation 43 [1/1] (0.79ns)   --->   "%icmp_ln86_562 = icmp_slt  i18 %x_1_val_read, i18 104927" [firmware/BDT.h:86]   --->   Operation 43 'icmp' 'icmp_ln86_562' <Predicate = true> <Delay = 0.79> <CoreInst = "Cmp">   --->   Core 9 'Cmp' <Latency = 0> <II = 1> <Delay = 0.79> <FuncUnit> <Opcode : 'seteq' 'setne' 'setle' 'setge' 'setlt' 'setgt'> <InPorts = 2> <OutPorts = 1>
ST_1 : Operation 44 [1/1] (0.79ns)   --->   "%icmp_ln86_563 = icmp_slt  i18 %x_1_val_read, i18 41067" [firmware/BDT.h:86]   --->   Operation 44 'icmp' 'icmp_ln86_563' <Predicate = true> <Delay = 0.79> <CoreInst = "Cmp">   --->   Core 9 'Cmp' <Latency = 0> <II = 1> <Delay = 0.79> <FuncUnit> <Opcode : 'seteq' 'setne' 'setle' 'setge' 'setlt' 'setgt'> <InPorts = 2> <OutPorts = 1>
ST_1 : Operation 45 [1/1] (0.79ns)   --->   "%icmp_ln86_564 = icmp_slt  i18 %x_17_val_read, i18 14" [firmware/BDT.h:86]   --->   Operation 45 'icmp' 'icmp_ln86_564' <Predicate = true> <Delay = 0.79> <CoreInst = "Cmp">   --->   Core 9 'Cmp' <Latency = 0> <II = 1> <Delay = 0.79> <FuncUnit> <Opcode : 'seteq' 'setne' 'setle' 'setge' 'setlt' 'setgt'> <InPorts = 2> <OutPorts = 1>
ST_1 : Operation 46 [1/1] (0.79ns)   --->   "%icmp_ln86_565 = icmp_slt  i18 %x_50_val_read, i18 97232" [firmware/BDT.h:86]   --->   Operation 46 'icmp' 'icmp_ln86_565' <Predicate = true> <Delay = 0.79> <CoreInst = "Cmp">   --->   Core 9 'Cmp' <Latency = 0> <II = 1> <Delay = 0.79> <FuncUnit> <Opcode : 'seteq' 'setne' 'setle' 'setge' 'setlt' 'setgt'> <InPorts = 2> <OutPorts = 1>
ST_1 : Operation 47 [1/1] (0.79ns)   --->   "%icmp_ln86_566 = icmp_slt  i18 %x_36_val_read, i18 10" [firmware/BDT.h:86]   --->   Operation 47 'icmp' 'icmp_ln86_566' <Predicate = true> <Delay = 0.79> <CoreInst = "Cmp">   --->   Core 9 'Cmp' <Latency = 0> <II = 1> <Delay = 0.79> <FuncUnit> <Opcode : 'seteq' 'setne' 'setle' 'setge' 'setlt' 'setgt'> <InPorts = 2> <OutPorts = 1>
ST_1 : Operation 48 [1/1] (0.79ns)   --->   "%icmp_ln86_567 = icmp_slt  i18 %x_29_val_read, i18 8905" [firmware/BDT.h:86]   --->   Operation 48 'icmp' 'icmp_ln86_567' <Predicate = true> <Delay = 0.79> <CoreInst = "Cmp">   --->   Core 9 'Cmp' <Latency = 0> <II = 1> <Delay = 0.79> <FuncUnit> <Opcode : 'seteq' 'setne' 'setle' 'setge' 'setlt' 'setgt'> <InPorts = 2> <OutPorts = 1>
ST_1 : Operation 49 [1/1] (0.79ns)   --->   "%icmp_ln86_568 = icmp_slt  i18 %x_35_val_read, i18 48" [firmware/BDT.h:86]   --->   Operation 49 'icmp' 'icmp_ln86_568' <Predicate = true> <Delay = 0.79> <CoreInst = "Cmp">   --->   Core 9 'Cmp' <Latency = 0> <II = 1> <Delay = 0.79> <FuncUnit> <Opcode : 'seteq' 'setne' 'setle' 'setge' 'setlt' 'setgt'> <InPorts = 2> <OutPorts = 1>
ST_1 : Operation 50 [1/1] (0.79ns)   --->   "%icmp_ln86_569 = icmp_slt  i18 %x_48_val_read, i18 19627" [firmware/BDT.h:86]   --->   Operation 50 'icmp' 'icmp_ln86_569' <Predicate = true> <Delay = 0.79> <CoreInst = "Cmp">   --->   Core 9 'Cmp' <Latency = 0> <II = 1> <Delay = 0.79> <FuncUnit> <Opcode : 'seteq' 'setne' 'setle' 'setge' 'setlt' 'setgt'> <InPorts = 2> <OutPorts = 1>
ST_1 : Operation 51 [1/1] (0.79ns)   --->   "%icmp_ln86_570 = icmp_slt  i18 %x_12_val_read, i18 260113" [firmware/BDT.h:86]   --->   Operation 51 'icmp' 'icmp_ln86_570' <Predicate = true> <Delay = 0.79> <CoreInst = "Cmp">   --->   Core 9 'Cmp' <Latency = 0> <II = 1> <Delay = 0.79> <FuncUnit> <Opcode : 'seteq' 'setne' 'setle' 'setge' 'setlt' 'setgt'> <InPorts = 2> <OutPorts = 1>
ST_1 : Operation 52 [1/1] (0.79ns)   --->   "%icmp_ln86_571 = icmp_slt  i18 %x_49_val_read, i18 91169" [firmware/BDT.h:86]   --->   Operation 52 'icmp' 'icmp_ln86_571' <Predicate = true> <Delay = 0.79> <CoreInst = "Cmp">   --->   Core 9 'Cmp' <Latency = 0> <II = 1> <Delay = 0.79> <FuncUnit> <Opcode : 'seteq' 'setne' 'setle' 'setge' 'setlt' 'setgt'> <InPorts = 2> <OutPorts = 1>
ST_1 : Operation 53 [1/1] (0.12ns)   --->   "%and_ln102 = and i1 %icmp_ln86_542, i1 %icmp_ln86" [firmware/BDT.h:102]   --->   Operation 53 'and' 'and_ln102' <Predicate = true> <Delay = 0.12> <CoreInst = "LogicGate">   --->   Core 74 'LogicGate' <Latency = 0> <II = 1> <Delay = 0.12> <FuncUnit> <Opcode : 'and' 'or' 'xor'> <InPorts = 2> <OutPorts = 1>
ST_1 : Operation 54 [1/1] (0.00ns) (grouped into LUT with out node and_ln104)   --->   "%xor_ln104_262 = xor i1 %icmp_ln86_542, i1 1" [firmware/BDT.h:104]   --->   Operation 54 'xor' 'xor_ln104_262' <Predicate = true> <Delay = 0.00> <CoreInst = "LogicGate">   --->   Core 74 'LogicGate' <Latency = 0> <II = 1> <Delay = 0.12> <FuncUnit> <Opcode : 'and' 'or' 'xor'> <InPorts = 2> <OutPorts = 1>
ST_1 : Operation 55 [1/1] (0.12ns) (out node of the LUT)   --->   "%and_ln104 = and i1 %icmp_ln86, i1 %xor_ln104_262" [firmware/BDT.h:104]   --->   Operation 55 'and' 'and_ln104' <Predicate = true> <Delay = 0.12> <CoreInst = "LogicGate">   --->   Core 74 'LogicGate' <Latency = 0> <II = 1> <Delay = 0.12> <FuncUnit> <Opcode : 'and' 'or' 'xor'> <InPorts = 2> <OutPorts = 1>
ST_1 : Operation 56 [1/1] (0.12ns)   --->   "%and_ln102_522 = and i1 %icmp_ln86_544, i1 %and_ln102" [firmware/BDT.h:102]   --->   Operation 56 'and' 'and_ln102_522' <Predicate = true> <Delay = 0.12> <CoreInst = "LogicGate">   --->   Core 74 'LogicGate' <Latency = 0> <II = 1> <Delay = 0.12> <FuncUnit> <Opcode : 'and' 'or' 'xor'> <InPorts = 2> <OutPorts = 1>
ST_1 : Operation 57 [1/1] (0.00ns) (grouped into LUT with out node and_ln104_109)   --->   "%xor_ln104_264 = xor i1 %icmp_ln86_544, i1 1" [firmware/BDT.h:104]   --->   Operation 57 'xor' 'xor_ln104_264' <Predicate = true> <Delay = 0.00> <CoreInst = "LogicGate">   --->   Core 74 'LogicGate' <Latency = 0> <II = 1> <Delay = 0.12> <FuncUnit> <Opcode : 'and' 'or' 'xor'> <InPorts = 2> <OutPorts = 1>
ST_1 : Operation 58 [1/1] (0.12ns) (out node of the LUT)   --->   "%and_ln104_109 = and i1 %and_ln102, i1 %xor_ln104_264" [firmware/BDT.h:104]   --->   Operation 58 'and' 'and_ln104_109' <Predicate = true> <Delay = 0.12> <CoreInst = "LogicGate">   --->   Core 74 'LogicGate' <Latency = 0> <II = 1> <Delay = 0.12> <FuncUnit> <Opcode : 'and' 'or' 'xor'> <InPorts = 2> <OutPorts = 1>
ST_1 : Operation 59 [1/1] (0.12ns)   --->   "%and_ln102_523 = and i1 %icmp_ln86_545, i1 %and_ln104" [firmware/BDT.h:102]   --->   Operation 59 'and' 'and_ln102_523' <Predicate = true> <Delay = 0.12> <CoreInst = "LogicGate">   --->   Core 74 'LogicGate' <Latency = 0> <II = 1> <Delay = 0.12> <FuncUnit> <Opcode : 'and' 'or' 'xor'> <InPorts = 2> <OutPorts = 1>
ST_1 : Operation 60 [1/1] (0.00ns) (grouped into LUT with out node and_ln104_110)   --->   "%xor_ln104_265 = xor i1 %icmp_ln86_545, i1 1" [firmware/BDT.h:104]   --->   Operation 60 'xor' 'xor_ln104_265' <Predicate = true> <Delay = 0.00> <CoreInst = "LogicGate">   --->   Core 74 'LogicGate' <Latency = 0> <II = 1> <Delay = 0.12> <FuncUnit> <Opcode : 'and' 'or' 'xor'> <InPorts = 2> <OutPorts = 1>
ST_1 : Operation 61 [1/1] (0.12ns) (out node of the LUT)   --->   "%and_ln104_110 = and i1 %and_ln104, i1 %xor_ln104_265" [firmware/BDT.h:104]   --->   Operation 61 'and' 'and_ln104_110' <Predicate = true> <Delay = 0.12> <CoreInst = "LogicGate">   --->   Core 74 'LogicGate' <Latency = 0> <II = 1> <Delay = 0.12> <FuncUnit> <Opcode : 'and' 'or' 'xor'> <InPorts = 2> <OutPorts = 1>
ST_1 : Operation 62 [1/1] (0.12ns)   --->   "%and_ln102_526 = and i1 %icmp_ln86_548, i1 %and_ln102_522" [firmware/BDT.h:102]   --->   Operation 62 'and' 'and_ln102_526' <Predicate = true> <Delay = 0.12> <CoreInst = "LogicGate">   --->   Core 74 'LogicGate' <Latency = 0> <II = 1> <Delay = 0.12> <FuncUnit> <Opcode : 'and' 'or' 'xor'> <InPorts = 2> <OutPorts = 1>
ST_1 : Operation 63 [1/1] (0.00ns) (grouped into LUT with out node or_ln117)   --->   "%xor_ln104_268 = xor i1 %icmp_ln86_548, i1 1" [firmware/BDT.h:104]   --->   Operation 63 'xor' 'xor_ln104_268' <Predicate = true> <Delay = 0.00> <CoreInst = "LogicGate">   --->   Core 74 'LogicGate' <Latency = 0> <II = 1> <Delay = 0.12> <FuncUnit> <Opcode : 'and' 'or' 'xor'> <InPorts = 2> <OutPorts = 1>
ST_1 : Operation 64 [1/1] (0.12ns)   --->   "%and_ln102_527 = and i1 %icmp_ln86_549, i1 %and_ln104_109" [firmware/BDT.h:102]   --->   Operation 64 'and' 'and_ln102_527' <Predicate = true> <Delay = 0.12> <CoreInst = "LogicGate">   --->   Core 74 'LogicGate' <Latency = 0> <II = 1> <Delay = 0.12> <FuncUnit> <Opcode : 'and' 'or' 'xor'> <InPorts = 2> <OutPorts = 1>
ST_1 : Operation 65 [1/1] (0.00ns) (grouped into LUT with out node select_ln117_532)   --->   "%xor_ln104_269 = xor i1 %icmp_ln86_549, i1 1" [firmware/BDT.h:104]   --->   Operation 65 'xor' 'xor_ln104_269' <Predicate = true> <Delay = 0.00> <CoreInst = "LogicGate">   --->   Core 74 'LogicGate' <Latency = 0> <II = 1> <Delay = 0.12> <FuncUnit> <Opcode : 'and' 'or' 'xor'> <InPorts = 2> <OutPorts = 1>
ST_1 : Operation 66 [1/1] (0.12ns)   --->   "%and_ln102_528 = and i1 %icmp_ln86_550, i1 %and_ln102_523" [firmware/BDT.h:102]   --->   Operation 66 'and' 'and_ln102_528' <Predicate = true> <Delay = 0.12> <CoreInst = "LogicGate">   --->   Core 74 'LogicGate' <Latency = 0> <II = 1> <Delay = 0.12> <FuncUnit> <Opcode : 'and' 'or' 'xor'> <InPorts = 2> <OutPorts = 1>
ST_1 : Operation 67 [1/1] (0.00ns) (grouped into LUT with out node select_ln117_536)   --->   "%xor_ln104_270 = xor i1 %icmp_ln86_550, i1 1" [firmware/BDT.h:104]   --->   Operation 67 'xor' 'xor_ln104_270' <Predicate = true> <Delay = 0.00> <CoreInst = "LogicGate">   --->   Core 74 'LogicGate' <Latency = 0> <II = 1> <Delay = 0.12> <FuncUnit> <Opcode : 'and' 'or' 'xor'> <InPorts = 2> <OutPorts = 1>
ST_1 : Operation 68 [1/1] (0.12ns)   --->   "%and_ln102_529 = and i1 %icmp_ln86_551, i1 %and_ln104_110" [firmware/BDT.h:102]   --->   Operation 68 'and' 'and_ln102_529' <Predicate = true> <Delay = 0.12> <CoreInst = "LogicGate">   --->   Core 74 'LogicGate' <Latency = 0> <II = 1> <Delay = 0.12> <FuncUnit> <Opcode : 'and' 'or' 'xor'> <InPorts = 2> <OutPorts = 1>
ST_1 : Operation 69 [1/1] (0.00ns) (grouped into LUT with out node select_ln117_540)   --->   "%xor_ln104_271 = xor i1 %icmp_ln86_551, i1 1" [firmware/BDT.h:104]   --->   Operation 69 'xor' 'xor_ln104_271' <Predicate = true> <Delay = 0.00> <CoreInst = "LogicGate">   --->   Core 74 'LogicGate' <Latency = 0> <II = 1> <Delay = 0.12> <FuncUnit> <Opcode : 'and' 'or' 'xor'> <InPorts = 2> <OutPorts = 1>
ST_1 : Operation 70 [1/1] (0.00ns) (grouped into LUT with out node select_ln117_528)   --->   "%and_ln102_534 = and i1 %icmp_ln86_556, i1 %and_ln102_526" [firmware/BDT.h:102]   --->   Operation 70 'and' 'and_ln102_534' <Predicate = true> <Delay = 0.00> <CoreInst = "LogicGate">   --->   Core 74 'LogicGate' <Latency = 0> <II = 1> <Delay = 0.12> <FuncUnit> <Opcode : 'and' 'or' 'xor'> <InPorts = 2> <OutPorts = 1>
ST_1 : Operation 71 [1/1] (0.00ns) (grouped into LUT with out node or_ln117)   --->   "%and_ln102_550 = and i1 %icmp_ln86_557, i1 %xor_ln104_268" [firmware/BDT.h:102]   --->   Operation 71 'and' 'and_ln102_550' <Predicate = true> <Delay = 0.00> <CoreInst = "LogicGate">   --->   Core 74 'LogicGate' <Latency = 0> <II = 1> <Delay = 0.12> <FuncUnit> <Opcode : 'and' 'or' 'xor'> <InPorts = 2> <OutPorts = 1>
ST_1 : Operation 72 [1/1] (0.00ns) (grouped into LUT with out node or_ln117)   --->   "%and_ln102_535 = and i1 %and_ln102_550, i1 %and_ln102_522" [firmware/BDT.h:102]   --->   Operation 72 'and' 'and_ln102_535' <Predicate = true> <Delay = 0.00> <CoreInst = "LogicGate">   --->   Core 74 'LogicGate' <Latency = 0> <II = 1> <Delay = 0.12> <FuncUnit> <Opcode : 'and' 'or' 'xor'> <InPorts = 2> <OutPorts = 1>
ST_1 : Operation 73 [1/1] (0.00ns) (grouped into LUT with out node select_ln117_530)   --->   "%and_ln102_536 = and i1 %icmp_ln86_558, i1 %and_ln102_527" [firmware/BDT.h:102]   --->   Operation 73 'and' 'and_ln102_536' <Predicate = true> <Delay = 0.00> <CoreInst = "LogicGate">   --->   Core 74 'LogicGate' <Latency = 0> <II = 1> <Delay = 0.12> <FuncUnit> <Opcode : 'and' 'or' 'xor'> <InPorts = 2> <OutPorts = 1>
ST_1 : Operation 74 [1/1] (0.00ns) (grouped into LUT with out node select_ln117_532)   --->   "%and_ln102_551 = and i1 %icmp_ln86_559, i1 %xor_ln104_269" [firmware/BDT.h:102]   --->   Operation 74 'and' 'and_ln102_551' <Predicate = true> <Delay = 0.00> <CoreInst = "LogicGate">   --->   Core 74 'LogicGate' <Latency = 0> <II = 1> <Delay = 0.12> <FuncUnit> <Opcode : 'and' 'or' 'xor'> <InPorts = 2> <OutPorts = 1>
ST_1 : Operation 75 [1/1] (0.00ns) (grouped into LUT with out node select_ln117_532)   --->   "%and_ln102_537 = and i1 %and_ln102_551, i1 %and_ln104_109" [firmware/BDT.h:102]   --->   Operation 75 'and' 'and_ln102_537' <Predicate = true> <Delay = 0.00> <CoreInst = "LogicGate">   --->   Core 74 'LogicGate' <Latency = 0> <II = 1> <Delay = 0.12> <FuncUnit> <Opcode : 'and' 'or' 'xor'> <InPorts = 2> <OutPorts = 1>
ST_1 : Operation 76 [1/1] (0.00ns) (grouped into LUT with out node select_ln117_534)   --->   "%and_ln102_538 = and i1 %icmp_ln86_560, i1 %and_ln102_528" [firmware/BDT.h:102]   --->   Operation 76 'and' 'and_ln102_538' <Predicate = true> <Delay = 0.00> <CoreInst = "LogicGate">   --->   Core 74 'LogicGate' <Latency = 0> <II = 1> <Delay = 0.12> <FuncUnit> <Opcode : 'and' 'or' 'xor'> <InPorts = 2> <OutPorts = 1>
ST_1 : Operation 77 [1/1] (0.00ns) (grouped into LUT with out node select_ln117_536)   --->   "%and_ln102_552 = and i1 %icmp_ln86_561, i1 %xor_ln104_270" [firmware/BDT.h:102]   --->   Operation 77 'and' 'and_ln102_552' <Predicate = true> <Delay = 0.00> <CoreInst = "LogicGate">   --->   Core 74 'LogicGate' <Latency = 0> <II = 1> <Delay = 0.12> <FuncUnit> <Opcode : 'and' 'or' 'xor'> <InPorts = 2> <OutPorts = 1>
ST_1 : Operation 78 [1/1] (0.00ns) (grouped into LUT with out node select_ln117_536)   --->   "%and_ln102_539 = and i1 %and_ln102_552, i1 %and_ln102_523" [firmware/BDT.h:102]   --->   Operation 78 'and' 'and_ln102_539' <Predicate = true> <Delay = 0.00> <CoreInst = "LogicGate">   --->   Core 74 'LogicGate' <Latency = 0> <II = 1> <Delay = 0.12> <FuncUnit> <Opcode : 'and' 'or' 'xor'> <InPorts = 2> <OutPorts = 1>
ST_1 : Operation 79 [1/1] (0.00ns) (grouped into LUT with out node select_ln117_538)   --->   "%and_ln102_540 = and i1 %icmp_ln86_562, i1 %and_ln102_529" [firmware/BDT.h:102]   --->   Operation 79 'and' 'and_ln102_540' <Predicate = true> <Delay = 0.00> <CoreInst = "LogicGate">   --->   Core 74 'LogicGate' <Latency = 0> <II = 1> <Delay = 0.12> <FuncUnit> <Opcode : 'and' 'or' 'xor'> <InPorts = 2> <OutPorts = 1>
ST_1 : Operation 80 [1/1] (0.00ns) (grouped into LUT with out node select_ln117_540)   --->   "%and_ln102_553 = and i1 %icmp_ln86_563, i1 %xor_ln104_271" [firmware/BDT.h:102]   --->   Operation 80 'and' 'and_ln102_553' <Predicate = true> <Delay = 0.00> <CoreInst = "LogicGate">   --->   Core 74 'LogicGate' <Latency = 0> <II = 1> <Delay = 0.12> <FuncUnit> <Opcode : 'and' 'or' 'xor'> <InPorts = 2> <OutPorts = 1>
ST_1 : Operation 81 [1/1] (0.00ns) (grouped into LUT with out node select_ln117_540)   --->   "%and_ln102_541 = and i1 %and_ln102_553, i1 %and_ln104_110" [firmware/BDT.h:102]   --->   Operation 81 'and' 'and_ln102_541' <Predicate = true> <Delay = 0.00> <CoreInst = "LogicGate">   --->   Core 74 'LogicGate' <Latency = 0> <II = 1> <Delay = 0.12> <FuncUnit> <Opcode : 'and' 'or' 'xor'> <InPorts = 2> <OutPorts = 1>
ST_1 : Operation 82 [1/1] (0.00ns) (grouped into LUT with out node select_ln117_528)   --->   "%xor_ln117 = xor i1 %and_ln102_534, i1 1" [firmware/BDT.h:117]   --->   Operation 82 'xor' 'xor_ln117' <Predicate = true> <Delay = 0.00> <CoreInst = "LogicGate">   --->   Core 74 'LogicGate' <Latency = 0> <II = 1> <Delay = 0.12> <FuncUnit> <Opcode : 'and' 'or' 'xor'> <InPorts = 2> <OutPorts = 1>
ST_1 : Operation 83 [1/1] (0.00ns) (grouped into LUT with out node select_ln117_528)   --->   "%zext_ln117 = zext i1 %xor_ln117" [firmware/BDT.h:117]   --->   Operation 83 'zext' 'zext_ln117' <Predicate = true> <Delay = 0.00>
ST_1 : Operation 84 [1/1] (0.12ns) (out node of the LUT)   --->   "%or_ln117 = or i1 %and_ln102_526, i1 %and_ln102_535" [firmware/BDT.h:117]   --->   Operation 84 'or' 'or_ln117' <Predicate = true> <Delay = 0.12> <CoreInst = "LogicGate">   --->   Core 74 'LogicGate' <Latency = 0> <II = 1> <Delay = 0.12> <FuncUnit> <Opcode : 'and' 'or' 'xor'> <InPorts = 2> <OutPorts = 1>
ST_1 : Operation 85 [1/1] (0.00ns) (grouped into LUT with out node select_ln117_528)   --->   "%select_ln117 = select i1 %and_ln102_526, i2 %zext_ln117, i2 2" [firmware/BDT.h:117]   --->   Operation 85 'select' 'select_ln117' <Predicate = true> <Delay = 0.00> <CoreInst = "Sel">   --->   Core 73 'Sel' <Latency = 0> <II = 1> <Delay = 0.27> <FuncUnit> <Opcode : 'select'> <InPorts = 3> <OutPorts = 1>
ST_1 : Operation 86 [1/1] (0.00ns) (grouped into LUT with out node select_ln117_528)   --->   "%select_ln117_527 = select i1 %or_ln117, i2 %select_ln117, i2 3" [firmware/BDT.h:117]   --->   Operation 86 'select' 'select_ln117_527' <Predicate = true> <Delay = 0.00> <CoreInst = "Sel">   --->   Core 73 'Sel' <Latency = 0> <II = 1> <Delay = 0.27> <FuncUnit> <Opcode : 'select'> <InPorts = 3> <OutPorts = 1>
ST_1 : Operation 87 [1/1] (0.00ns) (grouped into LUT with out node select_ln117_528)   --->   "%zext_ln117_60 = zext i2 %select_ln117_527" [firmware/BDT.h:117]   --->   Operation 87 'zext' 'zext_ln117_60' <Predicate = true> <Delay = 0.00>
ST_1 : Operation 88 [1/1] (0.00ns) (grouped into LUT with out node select_ln117_530)   --->   "%or_ln117_506 = or i1 %and_ln102_522, i1 %and_ln102_536" [firmware/BDT.h:117]   --->   Operation 88 'or' 'or_ln117_506' <Predicate = true> <Delay = 0.00> <CoreInst = "LogicGate">   --->   Core 74 'LogicGate' <Latency = 0> <II = 1> <Delay = 0.12> <FuncUnit> <Opcode : 'and' 'or' 'xor'> <InPorts = 2> <OutPorts = 1>
ST_1 : Operation 89 [1/1] (0.27ns) (out node of the LUT)   --->   "%select_ln117_528 = select i1 %and_ln102_522, i3 %zext_ln117_60, i3 4" [firmware/BDT.h:117]   --->   Operation 89 'select' 'select_ln117_528' <Predicate = true> <Delay = 0.27> <CoreInst = "Sel">   --->   Core 73 'Sel' <Latency = 0> <II = 1> <Delay = 0.27> <FuncUnit> <Opcode : 'select'> <InPorts = 3> <OutPorts = 1>
ST_1 : Operation 90 [1/1] (0.12ns)   --->   "%or_ln117_507 = or i1 %and_ln102_522, i1 %and_ln102_527" [firmware/BDT.h:117]   --->   Operation 90 'or' 'or_ln117_507' <Predicate = true> <Delay = 0.12> <CoreInst = "LogicGate">   --->   Core 74 'LogicGate' <Latency = 0> <II = 1> <Delay = 0.12> <FuncUnit> <Opcode : 'and' 'or' 'xor'> <InPorts = 2> <OutPorts = 1>
ST_1 : Operation 91 [1/1] (0.00ns) (grouped into LUT with out node select_ln117_530)   --->   "%select_ln117_529 = select i1 %or_ln117_506, i3 %select_ln117_528, i3 5" [firmware/BDT.h:117]   --->   Operation 91 'select' 'select_ln117_529' <Predicate = true> <Delay = 0.00> <CoreInst = "Sel">   --->   Core 73 'Sel' <Latency = 0> <II = 1> <Delay = 0.27> <FuncUnit> <Opcode : 'select'> <InPorts = 3> <OutPorts = 1>
ST_1 : Operation 92 [1/1] (0.00ns) (grouped into LUT with out node select_ln117_532)   --->   "%or_ln117_508 = or i1 %or_ln117_507, i1 %and_ln102_537" [firmware/BDT.h:117]   --->   Operation 92 'or' 'or_ln117_508' <Predicate = true> <Delay = 0.00> <CoreInst = "LogicGate">   --->   Core 74 'LogicGate' <Latency = 0> <II = 1> <Delay = 0.12> <FuncUnit> <Opcode : 'and' 'or' 'xor'> <InPorts = 2> <OutPorts = 1>
ST_1 : Operation 93 [1/1] (0.27ns) (out node of the LUT)   --->   "%select_ln117_530 = select i1 %or_ln117_507, i3 %select_ln117_529, i3 6" [firmware/BDT.h:117]   --->   Operation 93 'select' 'select_ln117_530' <Predicate = true> <Delay = 0.27> <CoreInst = "Sel">   --->   Core 73 'Sel' <Latency = 0> <II = 1> <Delay = 0.27> <FuncUnit> <Opcode : 'select'> <InPorts = 3> <OutPorts = 1>
ST_1 : Operation 94 [1/1] (0.00ns) (grouped into LUT with out node select_ln117_532)   --->   "%select_ln117_531 = select i1 %or_ln117_508, i3 %select_ln117_530, i3 7" [firmware/BDT.h:117]   --->   Operation 94 'select' 'select_ln117_531' <Predicate = true> <Delay = 0.00> <CoreInst = "Sel">   --->   Core 73 'Sel' <Latency = 0> <II = 1> <Delay = 0.27> <FuncUnit> <Opcode : 'select'> <InPorts = 3> <OutPorts = 1>
ST_1 : Operation 95 [1/1] (0.00ns) (grouped into LUT with out node select_ln117_532)   --->   "%zext_ln117_61 = zext i3 %select_ln117_531" [firmware/BDT.h:117]   --->   Operation 95 'zext' 'zext_ln117_61' <Predicate = true> <Delay = 0.00>
ST_1 : Operation 96 [1/1] (0.00ns) (grouped into LUT with out node select_ln117_534)   --->   "%or_ln117_509 = or i1 %and_ln102, i1 %and_ln102_538" [firmware/BDT.h:117]   --->   Operation 96 'or' 'or_ln117_509' <Predicate = true> <Delay = 0.00> <CoreInst = "LogicGate">   --->   Core 74 'LogicGate' <Latency = 0> <II = 1> <Delay = 0.12> <FuncUnit> <Opcode : 'and' 'or' 'xor'> <InPorts = 2> <OutPorts = 1>
ST_1 : Operation 97 [1/1] (0.35ns) (out node of the LUT)   --->   "%select_ln117_532 = select i1 %and_ln102, i4 %zext_ln117_61, i4 8" [firmware/BDT.h:117]   --->   Operation 97 'select' 'select_ln117_532' <Predicate = true> <Delay = 0.35> <CoreInst = "Sel">   --->   Core 73 'Sel' <Latency = 0> <II = 1> <Delay = 0.35> <FuncUnit> <Opcode : 'select'> <InPorts = 3> <OutPorts = 1>
ST_1 : Operation 98 [1/1] (0.12ns)   --->   "%or_ln117_510 = or i1 %and_ln102, i1 %and_ln102_528" [firmware/BDT.h:117]   --->   Operation 98 'or' 'or_ln117_510' <Predicate = true> <Delay = 0.12> <CoreInst = "LogicGate">   --->   Core 74 'LogicGate' <Latency = 0> <II = 1> <Delay = 0.12> <FuncUnit> <Opcode : 'and' 'or' 'xor'> <InPorts = 2> <OutPorts = 1>
ST_1 : Operation 99 [1/1] (0.00ns) (grouped into LUT with out node select_ln117_534)   --->   "%select_ln117_533 = select i1 %or_ln117_509, i4 %select_ln117_532, i4 9" [firmware/BDT.h:117]   --->   Operation 99 'select' 'select_ln117_533' <Predicate = true> <Delay = 0.00> <CoreInst = "Sel">   --->   Core 73 'Sel' <Latency = 0> <II = 1> <Delay = 0.35> <FuncUnit> <Opcode : 'select'> <InPorts = 3> <OutPorts = 1>
ST_1 : Operation 100 [1/1] (0.00ns) (grouped into LUT with out node select_ln117_536)   --->   "%or_ln117_511 = or i1 %or_ln117_510, i1 %and_ln102_539" [firmware/BDT.h:117]   --->   Operation 100 'or' 'or_ln117_511' <Predicate = true> <Delay = 0.00> <CoreInst = "LogicGate">   --->   Core 74 'LogicGate' <Latency = 0> <II = 1> <Delay = 0.12> <FuncUnit> <Opcode : 'and' 'or' 'xor'> <InPorts = 2> <OutPorts = 1>
ST_1 : Operation 101 [1/1] (0.35ns) (out node of the LUT)   --->   "%select_ln117_534 = select i1 %or_ln117_510, i4 %select_ln117_533, i4 10" [firmware/BDT.h:117]   --->   Operation 101 'select' 'select_ln117_534' <Predicate = true> <Delay = 0.35> <CoreInst = "Sel">   --->   Core 73 'Sel' <Latency = 0> <II = 1> <Delay = 0.35> <FuncUnit> <Opcode : 'select'> <InPorts = 3> <OutPorts = 1>
ST_1 : Operation 102 [1/1] (0.12ns)   --->   "%or_ln117_512 = or i1 %and_ln102, i1 %and_ln102_523" [firmware/BDT.h:117]   --->   Operation 102 'or' 'or_ln117_512' <Predicate = true> <Delay = 0.12> <CoreInst = "LogicGate">   --->   Core 74 'LogicGate' <Latency = 0> <II = 1> <Delay = 0.12> <FuncUnit> <Opcode : 'and' 'or' 'xor'> <InPorts = 2> <OutPorts = 1>
ST_1 : Operation 103 [1/1] (0.00ns) (grouped into LUT with out node select_ln117_536)   --->   "%select_ln117_535 = select i1 %or_ln117_511, i4 %select_ln117_534, i4 11" [firmware/BDT.h:117]   --->   Operation 103 'select' 'select_ln117_535' <Predicate = true> <Delay = 0.00> <CoreInst = "Sel">   --->   Core 73 'Sel' <Latency = 0> <II = 1> <Delay = 0.35> <FuncUnit> <Opcode : 'select'> <InPorts = 3> <OutPorts = 1>
ST_1 : Operation 104 [1/1] (0.00ns) (grouped into LUT with out node select_ln117_538)   --->   "%or_ln117_513 = or i1 %or_ln117_512, i1 %and_ln102_540" [firmware/BDT.h:117]   --->   Operation 104 'or' 'or_ln117_513' <Predicate = true> <Delay = 0.00> <CoreInst = "LogicGate">   --->   Core 74 'LogicGate' <Latency = 0> <II = 1> <Delay = 0.12> <FuncUnit> <Opcode : 'and' 'or' 'xor'> <InPorts = 2> <OutPorts = 1>
ST_1 : Operation 105 [1/1] (0.35ns) (out node of the LUT)   --->   "%select_ln117_536 = select i1 %or_ln117_512, i4 %select_ln117_535, i4 12" [firmware/BDT.h:117]   --->   Operation 105 'select' 'select_ln117_536' <Predicate = true> <Delay = 0.35> <CoreInst = "Sel">   --->   Core 73 'Sel' <Latency = 0> <II = 1> <Delay = 0.35> <FuncUnit> <Opcode : 'select'> <InPorts = 3> <OutPorts = 1>
ST_1 : Operation 106 [1/1] (0.12ns)   --->   "%or_ln117_514 = or i1 %or_ln117_512, i1 %and_ln102_529" [firmware/BDT.h:117]   --->   Operation 106 'or' 'or_ln117_514' <Predicate = true> <Delay = 0.12> <CoreInst = "LogicGate">   --->   Core 74 'LogicGate' <Latency = 0> <II = 1> <Delay = 0.12> <FuncUnit> <Opcode : 'and' 'or' 'xor'> <InPorts = 2> <OutPorts = 1>
ST_1 : Operation 107 [1/1] (0.00ns) (grouped into LUT with out node select_ln117_538)   --->   "%select_ln117_537 = select i1 %or_ln117_513, i4 %select_ln117_536, i4 13" [firmware/BDT.h:117]   --->   Operation 107 'select' 'select_ln117_537' <Predicate = true> <Delay = 0.00> <CoreInst = "Sel">   --->   Core 73 'Sel' <Latency = 0> <II = 1> <Delay = 0.35> <FuncUnit> <Opcode : 'select'> <InPorts = 3> <OutPorts = 1>
ST_1 : Operation 108 [1/1] (0.00ns) (grouped into LUT with out node select_ln117_540)   --->   "%or_ln117_515 = or i1 %or_ln117_514, i1 %and_ln102_541" [firmware/BDT.h:117]   --->   Operation 108 'or' 'or_ln117_515' <Predicate = true> <Delay = 0.00> <CoreInst = "LogicGate">   --->   Core 74 'LogicGate' <Latency = 0> <II = 1> <Delay = 0.12> <FuncUnit> <Opcode : 'and' 'or' 'xor'> <InPorts = 2> <OutPorts = 1>
ST_1 : Operation 109 [1/1] (0.35ns) (out node of the LUT)   --->   "%select_ln117_538 = select i1 %or_ln117_514, i4 %select_ln117_537, i4 14" [firmware/BDT.h:117]   --->   Operation 109 'select' 'select_ln117_538' <Predicate = true> <Delay = 0.35> <CoreInst = "Sel">   --->   Core 73 'Sel' <Latency = 0> <II = 1> <Delay = 0.35> <FuncUnit> <Opcode : 'select'> <InPorts = 3> <OutPorts = 1>
ST_1 : Operation 110 [1/1] (0.00ns) (grouped into LUT with out node select_ln117_540)   --->   "%select_ln117_539 = select i1 %or_ln117_515, i4 %select_ln117_538, i4 15" [firmware/BDT.h:117]   --->   Operation 110 'select' 'select_ln117_539' <Predicate = true> <Delay = 0.00> <CoreInst = "Sel">   --->   Core 73 'Sel' <Latency = 0> <II = 1> <Delay = 0.35> <FuncUnit> <Opcode : 'select'> <InPorts = 3> <OutPorts = 1>
ST_1 : Operation 111 [1/1] (0.00ns) (grouped into LUT with out node select_ln117_540)   --->   "%zext_ln117_62 = zext i4 %select_ln117_539" [firmware/BDT.h:117]   --->   Operation 111 'zext' 'zext_ln117_62' <Predicate = true> <Delay = 0.00>
ST_1 : Operation 112 [1/1] (0.35ns) (out node of the LUT)   --->   "%select_ln117_540 = select i1 %icmp_ln86, i5 %zext_ln117_62, i5 16" [firmware/BDT.h:117]   --->   Operation 112 'select' 'select_ln117_540' <Predicate = true> <Delay = 0.35> <CoreInst = "Sel">   --->   Core 73 'Sel' <Latency = 0> <II = 1> <Delay = 0.27> <FuncUnit> <Opcode : 'select'> <InPorts = 3> <OutPorts = 1>

State 2 <SV = 1> <Delay = 3.20>
ST_2 : Operation 113 [1/1] (0.00ns)   --->   "%specpipeline_ln86 = specpipeline void @_ssdm_op_SpecPipeline, i32 1, i32 0, i32 0, i32 0, void @empty_0" [firmware/BDT.h:86]   --->   Operation 113 'specpipeline' 'specpipeline_ln86' <Predicate = true> <Delay = 0.00>
ST_2 : Operation 114 [1/1] (0.12ns)   --->   "%xor_ln104 = xor i1 %icmp_ln86, i1 1" [firmware/BDT.h:104]   --->   Operation 114 'xor' 'xor_ln104' <Predicate = true> <Delay = 0.12> <CoreInst = "LogicGate">   --->   Core 74 'LogicGate' <Latency = 0> <II = 1> <Delay = 0.12> <FuncUnit> <Opcode : 'and' 'or' 'xor'> <InPorts = 2> <OutPorts = 1>
ST_2 : Operation 115 [1/1] (0.12ns)   --->   "%and_ln102_521 = and i1 %icmp_ln86_543, i1 %xor_ln104" [firmware/BDT.h:102]   --->   Operation 115 'and' 'and_ln102_521' <Predicate = true> <Delay = 0.12> <CoreInst = "LogicGate">   --->   Core 74 'LogicGate' <Latency = 0> <II = 1> <Delay = 0.12> <FuncUnit> <Opcode : 'and' 'or' 'xor'> <InPorts = 2> <OutPorts = 1>
ST_2 : Operation 116 [1/1] (0.00ns) (grouped into LUT with out node and_ln104_108)   --->   "%xor_ln104_263 = xor i1 %icmp_ln86_543, i1 1" [firmware/BDT.h:104]   --->   Operation 116 'xor' 'xor_ln104_263' <Predicate = true> <Delay = 0.00> <CoreInst = "LogicGate">   --->   Core 74 'LogicGate' <Latency = 0> <II = 1> <Delay = 0.12> <FuncUnit> <Opcode : 'and' 'or' 'xor'> <InPorts = 2> <OutPorts = 1>
ST_2 : Operation 117 [1/1] (0.12ns) (out node of the LUT)   --->   "%and_ln104_108 = and i1 %xor_ln104_263, i1 %xor_ln104" [firmware/BDT.h:104]   --->   Operation 117 'and' 'and_ln104_108' <Predicate = true> <Delay = 0.12> <CoreInst = "LogicGate">   --->   Core 74 'LogicGate' <Latency = 0> <II = 1> <Delay = 0.12> <FuncUnit> <Opcode : 'and' 'or' 'xor'> <InPorts = 2> <OutPorts = 1>
ST_2 : Operation 118 [1/1] (0.12ns)   --->   "%and_ln102_524 = and i1 %icmp_ln86_546, i1 %and_ln102_521" [firmware/BDT.h:102]   --->   Operation 118 'and' 'and_ln102_524' <Predicate = true> <Delay = 0.12> <CoreInst = "LogicGate">   --->   Core 74 'LogicGate' <Latency = 0> <II = 1> <Delay = 0.12> <FuncUnit> <Opcode : 'and' 'or' 'xor'> <InPorts = 2> <OutPorts = 1>
ST_2 : Operation 119 [1/1] (0.00ns) (grouped into LUT with out node and_ln104_111)   --->   "%xor_ln104_266 = xor i1 %icmp_ln86_546, i1 1" [firmware/BDT.h:104]   --->   Operation 119 'xor' 'xor_ln104_266' <Predicate = true> <Delay = 0.00> <CoreInst = "LogicGate">   --->   Core 74 'LogicGate' <Latency = 0> <II = 1> <Delay = 0.12> <FuncUnit> <Opcode : 'and' 'or' 'xor'> <InPorts = 2> <OutPorts = 1>
ST_2 : Operation 120 [1/1] (0.12ns) (out node of the LUT)   --->   "%and_ln104_111 = and i1 %and_ln102_521, i1 %xor_ln104_266" [firmware/BDT.h:104]   --->   Operation 120 'and' 'and_ln104_111' <Predicate = true> <Delay = 0.12> <CoreInst = "LogicGate">   --->   Core 74 'LogicGate' <Latency = 0> <II = 1> <Delay = 0.12> <FuncUnit> <Opcode : 'and' 'or' 'xor'> <InPorts = 2> <OutPorts = 1>
ST_2 : Operation 121 [1/1] (0.12ns)   --->   "%and_ln102_525 = and i1 %icmp_ln86_547, i1 %and_ln104_108" [firmware/BDT.h:102]   --->   Operation 121 'and' 'and_ln102_525' <Predicate = true> <Delay = 0.12> <CoreInst = "LogicGate">   --->   Core 74 'LogicGate' <Latency = 0> <II = 1> <Delay = 0.12> <FuncUnit> <Opcode : 'and' 'or' 'xor'> <InPorts = 2> <OutPorts = 1>
ST_2 : Operation 122 [1/1] (0.00ns) (grouped into LUT with out node and_ln104_112)   --->   "%xor_ln104_267 = xor i1 %icmp_ln86_547, i1 1" [firmware/BDT.h:104]   --->   Operation 122 'xor' 'xor_ln104_267' <Predicate = true> <Delay = 0.00> <CoreInst = "LogicGate">   --->   Core 74 'LogicGate' <Latency = 0> <II = 1> <Delay = 0.12> <FuncUnit> <Opcode : 'and' 'or' 'xor'> <InPorts = 2> <OutPorts = 1>
ST_2 : Operation 123 [1/1] (0.12ns) (out node of the LUT)   --->   "%and_ln104_112 = and i1 %and_ln104_108, i1 %xor_ln104_267" [firmware/BDT.h:104]   --->   Operation 123 'and' 'and_ln104_112' <Predicate = true> <Delay = 0.12> <CoreInst = "LogicGate">   --->   Core 74 'LogicGate' <Latency = 0> <II = 1> <Delay = 0.12> <FuncUnit> <Opcode : 'and' 'or' 'xor'> <InPorts = 2> <OutPorts = 1>
ST_2 : Operation 124 [1/1] (0.12ns)   --->   "%and_ln102_530 = and i1 %icmp_ln86_552, i1 %and_ln102_524" [firmware/BDT.h:102]   --->   Operation 124 'and' 'and_ln102_530' <Predicate = true> <Delay = 0.12> <CoreInst = "LogicGate">   --->   Core 74 'LogicGate' <Latency = 0> <II = 1> <Delay = 0.12> <FuncUnit> <Opcode : 'and' 'or' 'xor'> <InPorts = 2> <OutPorts = 1>
ST_2 : Operation 125 [1/1] (0.00ns) (grouped into LUT with out node select_ln117_544)   --->   "%xor_ln104_272 = xor i1 %icmp_ln86_552, i1 1" [firmware/BDT.h:104]   --->   Operation 125 'xor' 'xor_ln104_272' <Predicate = true> <Delay = 0.00> <CoreInst = "LogicGate">   --->   Core 74 'LogicGate' <Latency = 0> <II = 1> <Delay = 0.12> <FuncUnit> <Opcode : 'and' 'or' 'xor'> <InPorts = 2> <OutPorts = 1>
ST_2 : Operation 126 [1/1] (0.12ns)   --->   "%and_ln102_531 = and i1 %icmp_ln86_553, i1 %and_ln104_111" [firmware/BDT.h:102]   --->   Operation 126 'and' 'and_ln102_531' <Predicate = true> <Delay = 0.12> <CoreInst = "LogicGate">   --->   Core 74 'LogicGate' <Latency = 0> <II = 1> <Delay = 0.12> <FuncUnit> <Opcode : 'and' 'or' 'xor'> <InPorts = 2> <OutPorts = 1>
ST_2 : Operation 127 [1/1] (0.00ns) (grouped into LUT with out node select_ln117_548)   --->   "%xor_ln104_273 = xor i1 %icmp_ln86_553, i1 1" [firmware/BDT.h:104]   --->   Operation 127 'xor' 'xor_ln104_273' <Predicate = true> <Delay = 0.00> <CoreInst = "LogicGate">   --->   Core 74 'LogicGate' <Latency = 0> <II = 1> <Delay = 0.12> <FuncUnit> <Opcode : 'and' 'or' 'xor'> <InPorts = 2> <OutPorts = 1>
ST_2 : Operation 128 [1/1] (0.12ns)   --->   "%and_ln102_532 = and i1 %icmp_ln86_554, i1 %and_ln102_525" [firmware/BDT.h:102]   --->   Operation 128 'and' 'and_ln102_532' <Predicate = true> <Delay = 0.12> <CoreInst = "LogicGate">   --->   Core 74 'LogicGate' <Latency = 0> <II = 1> <Delay = 0.12> <FuncUnit> <Opcode : 'and' 'or' 'xor'> <InPorts = 2> <OutPorts = 1>
ST_2 : Operation 129 [1/1] (0.00ns) (grouped into LUT with out node select_ln117_552)   --->   "%xor_ln104_274 = xor i1 %icmp_ln86_554, i1 1" [firmware/BDT.h:104]   --->   Operation 129 'xor' 'xor_ln104_274' <Predicate = true> <Delay = 0.00> <CoreInst = "LogicGate">   --->   Core 74 'LogicGate' <Latency = 0> <II = 1> <Delay = 0.12> <FuncUnit> <Opcode : 'and' 'or' 'xor'> <InPorts = 2> <OutPorts = 1>
ST_2 : Operation 130 [1/1] (0.12ns)   --->   "%and_ln102_533 = and i1 %icmp_ln86_555, i1 %and_ln104_112" [firmware/BDT.h:102]   --->   Operation 130 'and' 'and_ln102_533' <Predicate = true> <Delay = 0.12> <CoreInst = "LogicGate">   --->   Core 74 'LogicGate' <Latency = 0> <II = 1> <Delay = 0.12> <FuncUnit> <Opcode : 'and' 'or' 'xor'> <InPorts = 2> <OutPorts = 1>
ST_2 : Operation 131 [1/1] (0.00ns) (grouped into LUT with out node agg_result)   --->   "%xor_ln104_275 = xor i1 %icmp_ln86_555, i1 1" [firmware/BDT.h:104]   --->   Operation 131 'xor' 'xor_ln104_275' <Predicate = true> <Delay = 0.00> <CoreInst = "LogicGate">   --->   Core 74 'LogicGate' <Latency = 0> <II = 1> <Delay = 0.12> <FuncUnit> <Opcode : 'and' 'or' 'xor'> <InPorts = 2> <OutPorts = 1>
ST_2 : Operation 132 [1/1] (0.00ns) (grouped into LUT with out node select_ln117_542)   --->   "%and_ln102_542 = and i1 %icmp_ln86_564, i1 %and_ln102_530" [firmware/BDT.h:102]   --->   Operation 132 'and' 'and_ln102_542' <Predicate = true> <Delay = 0.00> <CoreInst = "LogicGate">   --->   Core 74 'LogicGate' <Latency = 0> <II = 1> <Delay = 0.12> <FuncUnit> <Opcode : 'and' 'or' 'xor'> <InPorts = 2> <OutPorts = 1>
ST_2 : Operation 133 [1/1] (0.00ns) (grouped into LUT with out node select_ln117_544)   --->   "%and_ln102_554 = and i1 %icmp_ln86_565, i1 %xor_ln104_272" [firmware/BDT.h:102]   --->   Operation 133 'and' 'and_ln102_554' <Predicate = true> <Delay = 0.00> <CoreInst = "LogicGate">   --->   Core 74 'LogicGate' <Latency = 0> <II = 1> <Delay = 0.12> <FuncUnit> <Opcode : 'and' 'or' 'xor'> <InPorts = 2> <OutPorts = 1>
ST_2 : Operation 134 [1/1] (0.00ns) (grouped into LUT with out node select_ln117_544)   --->   "%and_ln102_543 = and i1 %and_ln102_554, i1 %and_ln102_524" [firmware/BDT.h:102]   --->   Operation 134 'and' 'and_ln102_543' <Predicate = true> <Delay = 0.00> <CoreInst = "LogicGate">   --->   Core 74 'LogicGate' <Latency = 0> <II = 1> <Delay = 0.12> <FuncUnit> <Opcode : 'and' 'or' 'xor'> <InPorts = 2> <OutPorts = 1>
ST_2 : Operation 135 [1/1] (0.00ns) (grouped into LUT with out node select_ln117_546)   --->   "%and_ln102_544 = and i1 %icmp_ln86_566, i1 %and_ln102_531" [firmware/BDT.h:102]   --->   Operation 135 'and' 'and_ln102_544' <Predicate = true> <Delay = 0.00> <CoreInst = "LogicGate">   --->   Core 74 'LogicGate' <Latency = 0> <II = 1> <Delay = 0.12> <FuncUnit> <Opcode : 'and' 'or' 'xor'> <InPorts = 2> <OutPorts = 1>
ST_2 : Operation 136 [1/1] (0.00ns) (grouped into LUT with out node select_ln117_548)   --->   "%and_ln102_555 = and i1 %icmp_ln86_567, i1 %xor_ln104_273" [firmware/BDT.h:102]   --->   Operation 136 'and' 'and_ln102_555' <Predicate = true> <Delay = 0.00> <CoreInst = "LogicGate">   --->   Core 74 'LogicGate' <Latency = 0> <II = 1> <Delay = 0.12> <FuncUnit> <Opcode : 'and' 'or' 'xor'> <InPorts = 2> <OutPorts = 1>
ST_2 : Operation 137 [1/1] (0.00ns) (grouped into LUT with out node select_ln117_548)   --->   "%and_ln102_545 = and i1 %and_ln102_555, i1 %and_ln104_111" [firmware/BDT.h:102]   --->   Operation 137 'and' 'and_ln102_545' <Predicate = true> <Delay = 0.00> <CoreInst = "LogicGate">   --->   Core 74 'LogicGate' <Latency = 0> <II = 1> <Delay = 0.12> <FuncUnit> <Opcode : 'and' 'or' 'xor'> <InPorts = 2> <OutPorts = 1>
ST_2 : Operation 138 [1/1] (0.00ns) (grouped into LUT with out node select_ln117_550)   --->   "%and_ln102_546 = and i1 %icmp_ln86_568, i1 %and_ln102_532" [firmware/BDT.h:102]   --->   Operation 138 'and' 'and_ln102_546' <Predicate = true> <Delay = 0.00> <CoreInst = "LogicGate">   --->   Core 74 'LogicGate' <Latency = 0> <II = 1> <Delay = 0.12> <FuncUnit> <Opcode : 'and' 'or' 'xor'> <InPorts = 2> <OutPorts = 1>
ST_2 : Operation 139 [1/1] (0.00ns) (grouped into LUT with out node select_ln117_552)   --->   "%and_ln102_556 = and i1 %icmp_ln86_569, i1 %xor_ln104_274" [firmware/BDT.h:102]   --->   Operation 139 'and' 'and_ln102_556' <Predicate = true> <Delay = 0.00> <CoreInst = "LogicGate">   --->   Core 74 'LogicGate' <Latency = 0> <II = 1> <Delay = 0.12> <FuncUnit> <Opcode : 'and' 'or' 'xor'> <InPorts = 2> <OutPorts = 1>
ST_2 : Operation 140 [1/1] (0.00ns) (grouped into LUT with out node select_ln117_552)   --->   "%and_ln102_547 = and i1 %and_ln102_556, i1 %and_ln102_525" [firmware/BDT.h:102]   --->   Operation 140 'and' 'and_ln102_547' <Predicate = true> <Delay = 0.00> <CoreInst = "LogicGate">   --->   Core 74 'LogicGate' <Latency = 0> <II = 1> <Delay = 0.12> <FuncUnit> <Opcode : 'and' 'or' 'xor'> <InPorts = 2> <OutPorts = 1>
ST_2 : Operation 141 [1/1] (0.00ns) (grouped into LUT with out node select_ln117_554)   --->   "%and_ln102_548 = and i1 %icmp_ln86_570, i1 %and_ln102_533" [firmware/BDT.h:102]   --->   Operation 141 'and' 'and_ln102_548' <Predicate = true> <Delay = 0.00> <CoreInst = "LogicGate">   --->   Core 74 'LogicGate' <Latency = 0> <II = 1> <Delay = 0.12> <FuncUnit> <Opcode : 'and' 'or' 'xor'> <InPorts = 2> <OutPorts = 1>
ST_2 : Operation 142 [1/1] (0.00ns) (grouped into LUT with out node agg_result)   --->   "%and_ln102_557 = and i1 %icmp_ln86_571, i1 %xor_ln104_275" [firmware/BDT.h:102]   --->   Operation 142 'and' 'and_ln102_557' <Predicate = true> <Delay = 0.00> <CoreInst = "LogicGate">   --->   Core 74 'LogicGate' <Latency = 0> <II = 1> <Delay = 0.12> <FuncUnit> <Opcode : 'and' 'or' 'xor'> <InPorts = 2> <OutPorts = 1>
ST_2 : Operation 143 [1/1] (0.00ns) (grouped into LUT with out node agg_result)   --->   "%and_ln102_549 = and i1 %and_ln102_557, i1 %and_ln104_112" [firmware/BDT.h:102]   --->   Operation 143 'and' 'and_ln102_549' <Predicate = true> <Delay = 0.00> <CoreInst = "LogicGate">   --->   Core 74 'LogicGate' <Latency = 0> <II = 1> <Delay = 0.12> <FuncUnit> <Opcode : 'and' 'or' 'xor'> <InPorts = 2> <OutPorts = 1>
ST_2 : Operation 144 [1/1] (0.00ns) (grouped into LUT with out node select_ln117_542)   --->   "%or_ln117_516 = or i1 %icmp_ln86, i1 %and_ln102_542" [firmware/BDT.h:117]   --->   Operation 144 'or' 'or_ln117_516' <Predicate = true> <Delay = 0.00> <CoreInst = "LogicGate">   --->   Core 74 'LogicGate' <Latency = 0> <II = 1> <Delay = 0.12> <FuncUnit> <Opcode : 'and' 'or' 'xor'> <InPorts = 2> <OutPorts = 1>
ST_2 : Operation 145 [1/1] (0.12ns)   --->   "%or_ln117_517 = or i1 %icmp_ln86, i1 %and_ln102_530" [firmware/BDT.h:117]   --->   Operation 145 'or' 'or_ln117_517' <Predicate = true> <Delay = 0.12> <CoreInst = "LogicGate">   --->   Core 74 'LogicGate' <Latency = 0> <II = 1> <Delay = 0.12> <FuncUnit> <Opcode : 'and' 'or' 'xor'> <InPorts = 2> <OutPorts = 1>
ST_2 : Operation 146 [1/1] (0.00ns) (grouped into LUT with out node select_ln117_542)   --->   "%select_ln117_541 = select i1 %or_ln117_516, i5 %select_ln117_540, i5 17" [firmware/BDT.h:117]   --->   Operation 146 'select' 'select_ln117_541' <Predicate = true> <Delay = 0.00> <CoreInst = "Sel">   --->   Core 73 'Sel' <Latency = 0> <II = 1> <Delay = 0.27> <FuncUnit> <Opcode : 'select'> <InPorts = 3> <OutPorts = 1>
ST_2 : Operation 147 [1/1] (0.00ns) (grouped into LUT with out node select_ln117_544)   --->   "%or_ln117_518 = or i1 %or_ln117_517, i1 %and_ln102_543" [firmware/BDT.h:117]   --->   Operation 147 'or' 'or_ln117_518' <Predicate = true> <Delay = 0.00> <CoreInst = "LogicGate">   --->   Core 74 'LogicGate' <Latency = 0> <II = 1> <Delay = 0.12> <FuncUnit> <Opcode : 'and' 'or' 'xor'> <InPorts = 2> <OutPorts = 1>
ST_2 : Operation 148 [1/1] (0.27ns) (out node of the LUT)   --->   "%select_ln117_542 = select i1 %or_ln117_517, i5 %select_ln117_541, i5 18" [firmware/BDT.h:117]   --->   Operation 148 'select' 'select_ln117_542' <Predicate = true> <Delay = 0.27> <CoreInst = "Sel">   --->   Core 73 'Sel' <Latency = 0> <II = 1> <Delay = 0.27> <FuncUnit> <Opcode : 'select'> <InPorts = 3> <OutPorts = 1>
ST_2 : Operation 149 [1/1] (0.12ns)   --->   "%or_ln117_519 = or i1 %icmp_ln86, i1 %and_ln102_524" [firmware/BDT.h:117]   --->   Operation 149 'or' 'or_ln117_519' <Predicate = true> <Delay = 0.12> <CoreInst = "LogicGate">   --->   Core 74 'LogicGate' <Latency = 0> <II = 1> <Delay = 0.12> <FuncUnit> <Opcode : 'and' 'or' 'xor'> <InPorts = 2> <OutPorts = 1>
ST_2 : Operation 150 [1/1] (0.00ns) (grouped into LUT with out node select_ln117_544)   --->   "%select_ln117_543 = select i1 %or_ln117_518, i5 %select_ln117_542, i5 19" [firmware/BDT.h:117]   --->   Operation 150 'select' 'select_ln117_543' <Predicate = true> <Delay = 0.00> <CoreInst = "Sel">   --->   Core 73 'Sel' <Latency = 0> <II = 1> <Delay = 0.27> <FuncUnit> <Opcode : 'select'> <InPorts = 3> <OutPorts = 1>
ST_2 : Operation 151 [1/1] (0.00ns) (grouped into LUT with out node select_ln117_546)   --->   "%or_ln117_520 = or i1 %or_ln117_519, i1 %and_ln102_544" [firmware/BDT.h:117]   --->   Operation 151 'or' 'or_ln117_520' <Predicate = true> <Delay = 0.00> <CoreInst = "LogicGate">   --->   Core 74 'LogicGate' <Latency = 0> <II = 1> <Delay = 0.12> <FuncUnit> <Opcode : 'and' 'or' 'xor'> <InPorts = 2> <OutPorts = 1>
ST_2 : Operation 152 [1/1] (0.27ns) (out node of the LUT)   --->   "%select_ln117_544 = select i1 %or_ln117_519, i5 %select_ln117_543, i5 20" [firmware/BDT.h:117]   --->   Operation 152 'select' 'select_ln117_544' <Predicate = true> <Delay = 0.27> <CoreInst = "Sel">   --->   Core 73 'Sel' <Latency = 0> <II = 1> <Delay = 0.27> <FuncUnit> <Opcode : 'select'> <InPorts = 3> <OutPorts = 1>
ST_2 : Operation 153 [1/1] (0.12ns)   --->   "%or_ln117_521 = or i1 %or_ln117_519, i1 %and_ln102_531" [firmware/BDT.h:117]   --->   Operation 153 'or' 'or_ln117_521' <Predicate = true> <Delay = 0.12> <CoreInst = "LogicGate">   --->   Core 74 'LogicGate' <Latency = 0> <II = 1> <Delay = 0.12> <FuncUnit> <Opcode : 'and' 'or' 'xor'> <InPorts = 2> <OutPorts = 1>
ST_2 : Operation 154 [1/1] (0.00ns) (grouped into LUT with out node select_ln117_546)   --->   "%select_ln117_545 = select i1 %or_ln117_520, i5 %select_ln117_544, i5 21" [firmware/BDT.h:117]   --->   Operation 154 'select' 'select_ln117_545' <Predicate = true> <Delay = 0.00> <CoreInst = "Sel">   --->   Core 73 'Sel' <Latency = 0> <II = 1> <Delay = 0.27> <FuncUnit> <Opcode : 'select'> <InPorts = 3> <OutPorts = 1>
ST_2 : Operation 155 [1/1] (0.00ns) (grouped into LUT with out node select_ln117_548)   --->   "%or_ln117_522 = or i1 %or_ln117_521, i1 %and_ln102_545" [firmware/BDT.h:117]   --->   Operation 155 'or' 'or_ln117_522' <Predicate = true> <Delay = 0.00> <CoreInst = "LogicGate">   --->   Core 74 'LogicGate' <Latency = 0> <II = 1> <Delay = 0.12> <FuncUnit> <Opcode : 'and' 'or' 'xor'> <InPorts = 2> <OutPorts = 1>
ST_2 : Operation 156 [1/1] (0.27ns) (out node of the LUT)   --->   "%select_ln117_546 = select i1 %or_ln117_521, i5 %select_ln117_545, i5 22" [firmware/BDT.h:117]   --->   Operation 156 'select' 'select_ln117_546' <Predicate = true> <Delay = 0.27> <CoreInst = "Sel">   --->   Core 73 'Sel' <Latency = 0> <II = 1> <Delay = 0.27> <FuncUnit> <Opcode : 'select'> <InPorts = 3> <OutPorts = 1>
ST_2 : Operation 157 [1/1] (0.12ns)   --->   "%or_ln117_523 = or i1 %icmp_ln86, i1 %and_ln102_521" [firmware/BDT.h:117]   --->   Operation 157 'or' 'or_ln117_523' <Predicate = true> <Delay = 0.12> <CoreInst = "LogicGate">   --->   Core 74 'LogicGate' <Latency = 0> <II = 1> <Delay = 0.12> <FuncUnit> <Opcode : 'and' 'or' 'xor'> <InPorts = 2> <OutPorts = 1>
ST_2 : Operation 158 [1/1] (0.00ns) (grouped into LUT with out node select_ln117_548)   --->   "%select_ln117_547 = select i1 %or_ln117_522, i5 %select_ln117_546, i5 23" [firmware/BDT.h:117]   --->   Operation 158 'select' 'select_ln117_547' <Predicate = true> <Delay = 0.00> <CoreInst = "Sel">   --->   Core 73 'Sel' <Latency = 0> <II = 1> <Delay = 0.27> <FuncUnit> <Opcode : 'select'> <InPorts = 3> <OutPorts = 1>
ST_2 : Operation 159 [1/1] (0.00ns) (grouped into LUT with out node select_ln117_550)   --->   "%or_ln117_524 = or i1 %or_ln117_523, i1 %and_ln102_546" [firmware/BDT.h:117]   --->   Operation 159 'or' 'or_ln117_524' <Predicate = true> <Delay = 0.00> <CoreInst = "LogicGate">   --->   Core 74 'LogicGate' <Latency = 0> <II = 1> <Delay = 0.12> <FuncUnit> <Opcode : 'and' 'or' 'xor'> <InPorts = 2> <OutPorts = 1>
ST_2 : Operation 160 [1/1] (0.27ns) (out node of the LUT)   --->   "%select_ln117_548 = select i1 %or_ln117_523, i5 %select_ln117_547, i5 24" [firmware/BDT.h:117]   --->   Operation 160 'select' 'select_ln117_548' <Predicate = true> <Delay = 0.27> <CoreInst = "Sel">   --->   Core 73 'Sel' <Latency = 0> <II = 1> <Delay = 0.27> <FuncUnit> <Opcode : 'select'> <InPorts = 3> <OutPorts = 1>
ST_2 : Operation 161 [1/1] (0.12ns)   --->   "%or_ln117_525 = or i1 %or_ln117_523, i1 %and_ln102_532" [firmware/BDT.h:117]   --->   Operation 161 'or' 'or_ln117_525' <Predicate = true> <Delay = 0.12> <CoreInst = "LogicGate">   --->   Core 74 'LogicGate' <Latency = 0> <II = 1> <Delay = 0.12> <FuncUnit> <Opcode : 'and' 'or' 'xor'> <InPorts = 2> <OutPorts = 1>
ST_2 : Operation 162 [1/1] (0.00ns) (grouped into LUT with out node select_ln117_550)   --->   "%select_ln117_549 = select i1 %or_ln117_524, i5 %select_ln117_548, i5 25" [firmware/BDT.h:117]   --->   Operation 162 'select' 'select_ln117_549' <Predicate = true> <Delay = 0.00> <CoreInst = "Sel">   --->   Core 73 'Sel' <Latency = 0> <II = 1> <Delay = 0.27> <FuncUnit> <Opcode : 'select'> <InPorts = 3> <OutPorts = 1>
ST_2 : Operation 163 [1/1] (0.00ns) (grouped into LUT with out node select_ln117_552)   --->   "%or_ln117_526 = or i1 %or_ln117_525, i1 %and_ln102_547" [firmware/BDT.h:117]   --->   Operation 163 'or' 'or_ln117_526' <Predicate = true> <Delay = 0.00> <CoreInst = "LogicGate">   --->   Core 74 'LogicGate' <Latency = 0> <II = 1> <Delay = 0.12> <FuncUnit> <Opcode : 'and' 'or' 'xor'> <InPorts = 2> <OutPorts = 1>
ST_2 : Operation 164 [1/1] (0.27ns) (out node of the LUT)   --->   "%select_ln117_550 = select i1 %or_ln117_525, i5 %select_ln117_549, i5 26" [firmware/BDT.h:117]   --->   Operation 164 'select' 'select_ln117_550' <Predicate = true> <Delay = 0.27> <CoreInst = "Sel">   --->   Core 73 'Sel' <Latency = 0> <II = 1> <Delay = 0.27> <FuncUnit> <Opcode : 'select'> <InPorts = 3> <OutPorts = 1>
ST_2 : Operation 165 [1/1] (0.12ns)   --->   "%or_ln117_527 = or i1 %or_ln117_523, i1 %and_ln102_525" [firmware/BDT.h:117]   --->   Operation 165 'or' 'or_ln117_527' <Predicate = true> <Delay = 0.12> <CoreInst = "LogicGate">   --->   Core 74 'LogicGate' <Latency = 0> <II = 1> <Delay = 0.12> <FuncUnit> <Opcode : 'and' 'or' 'xor'> <InPorts = 2> <OutPorts = 1>
ST_2 : Operation 166 [1/1] (0.00ns) (grouped into LUT with out node select_ln117_552)   --->   "%select_ln117_551 = select i1 %or_ln117_526, i5 %select_ln117_550, i5 27" [firmware/BDT.h:117]   --->   Operation 166 'select' 'select_ln117_551' <Predicate = true> <Delay = 0.00> <CoreInst = "Sel">   --->   Core 73 'Sel' <Latency = 0> <II = 1> <Delay = 0.27> <FuncUnit> <Opcode : 'select'> <InPorts = 3> <OutPorts = 1>
ST_2 : Operation 167 [1/1] (0.00ns) (grouped into LUT with out node select_ln117_554)   --->   "%or_ln117_528 = or i1 %or_ln117_527, i1 %and_ln102_548" [firmware/BDT.h:117]   --->   Operation 167 'or' 'or_ln117_528' <Predicate = true> <Delay = 0.00> <CoreInst = "LogicGate">   --->   Core 74 'LogicGate' <Latency = 0> <II = 1> <Delay = 0.12> <FuncUnit> <Opcode : 'and' 'or' 'xor'> <InPorts = 2> <OutPorts = 1>
ST_2 : Operation 168 [1/1] (0.27ns) (out node of the LUT)   --->   "%select_ln117_552 = select i1 %or_ln117_527, i5 %select_ln117_551, i5 28" [firmware/BDT.h:117]   --->   Operation 168 'select' 'select_ln117_552' <Predicate = true> <Delay = 0.27> <CoreInst = "Sel">   --->   Core 73 'Sel' <Latency = 0> <II = 1> <Delay = 0.27> <FuncUnit> <Opcode : 'select'> <InPorts = 3> <OutPorts = 1>
ST_2 : Operation 169 [1/1] (0.12ns)   --->   "%or_ln117_529 = or i1 %or_ln117_527, i1 %and_ln102_533" [firmware/BDT.h:117]   --->   Operation 169 'or' 'or_ln117_529' <Predicate = true> <Delay = 0.12> <CoreInst = "LogicGate">   --->   Core 74 'LogicGate' <Latency = 0> <II = 1> <Delay = 0.12> <FuncUnit> <Opcode : 'and' 'or' 'xor'> <InPorts = 2> <OutPorts = 1>
ST_2 : Operation 170 [1/1] (0.00ns) (grouped into LUT with out node select_ln117_554)   --->   "%select_ln117_553 = select i1 %or_ln117_528, i5 %select_ln117_552, i5 29" [firmware/BDT.h:117]   --->   Operation 170 'select' 'select_ln117_553' <Predicate = true> <Delay = 0.00> <CoreInst = "Sel">   --->   Core 73 'Sel' <Latency = 0> <II = 1> <Delay = 0.27> <FuncUnit> <Opcode : 'select'> <InPorts = 3> <OutPorts = 1>
ST_2 : Operation 171 [1/1] (0.00ns) (grouped into LUT with out node agg_result)   --->   "%or_ln117_530 = or i1 %or_ln117_529, i1 %and_ln102_549" [firmware/BDT.h:117]   --->   Operation 171 'or' 'or_ln117_530' <Predicate = true> <Delay = 0.00> <CoreInst = "LogicGate">   --->   Core 74 'LogicGate' <Latency = 0> <II = 1> <Delay = 0.12> <FuncUnit> <Opcode : 'and' 'or' 'xor'> <InPorts = 2> <OutPorts = 1>
ST_2 : Operation 172 [1/1] (0.27ns) (out node of the LUT)   --->   "%select_ln117_554 = select i1 %or_ln117_529, i5 %select_ln117_553, i5 30" [firmware/BDT.h:117]   --->   Operation 172 'select' 'select_ln117_554' <Predicate = true> <Delay = 0.27> <CoreInst = "Sel">   --->   Core 73 'Sel' <Latency = 0> <II = 1> <Delay = 0.27> <FuncUnit> <Opcode : 'select'> <InPorts = 3> <OutPorts = 1>
ST_2 : Operation 173 [1/1] (0.00ns) (grouped into LUT with out node agg_result)   --->   "%select_ln117_555 = select i1 %or_ln117_530, i5 %select_ln117_554, i5 31" [firmware/BDT.h:117]   --->   Operation 173 'select' 'select_ln117_555' <Predicate = true> <Delay = 0.00> <CoreInst = "Sel">   --->   Core 73 'Sel' <Latency = 0> <II = 1> <Delay = 0.27> <FuncUnit> <Opcode : 'select'> <InPorts = 3> <OutPorts = 1>
ST_2 : Operation 174 [1/1] (0.65ns) (out node of the LUT)   --->   "%agg_result = sparsemux i11 @_ssdm_op_SparseMux.ap_auto.32i11.i11.i5, i5 0, i11 1619, i5 1, i11 164, i5 2, i11 1569, i5 3, i11 1898, i5 4, i11 139, i5 5, i11 1822, i5 6, i11 1599, i5 7, i11 1735, i5 8, i11 283, i5 9, i11 1873, i5 10, i11 1806, i5 11, i11 541, i5 12, i11 523, i5 13, i11 1883, i5 14, i11 2024, i5 15, i11 1520, i5 16, i11 1202, i5 17, i11 1476, i5 18, i11 268, i5 19, i11 1604, i5 20, i11 561, i5 21, i11 1860, i5 22, i11 1813, i5 23, i11 1538, i5 24, i11 1496, i5 25, i11 287, i5 26, i11 1539, i5 27, i11 39, i5 28, i11 663, i5 29, i11 1660, i5 30, i11 1503, i5 31, i11 195, i11 0, i5 %select_ln117_555" [firmware/BDT.h:118]   --->   Operation 174 'sparsemux' 'agg_result' <Predicate = true> <Delay = 0.65> <CoreInst = "SparseMux">   --->   Core 144 'SparseMux' <Latency = 0> <II = 1> <Delay = 0.65> <FuncUnit> <Opcode : 'sparsemux'> <InPorts = 2> <OutPorts = 1>
ST_2 : Operation 175 [1/1] (0.00ns)   --->   "%ret_ln122 = ret i11 %agg_result" [firmware/BDT.h:122]   --->   Operation 175 'ret' 'ret_ln122' <Predicate = true> <Delay = 0.00>


============================================================
+ Verbose Summary: Timing violations
============================================================
Target clock period: 5.000ns, clock uncertainty: 1.350ns.

 <State 1>: 3.596ns
The critical path consists of the following:
	wire read operation ('x_50_val_read', firmware/BDT.h:86) on port 'x_50_val' (firmware/BDT.h:86) [22]  (0.000 ns)
	'icmp' operation 1 bit ('icmp_ln86_542', firmware/BDT.h:86) [41]  (0.797 ns)
	'and' operation 1 bit ('and_ln102', firmware/BDT.h:102) [72]  (0.122 ns)
	'and' operation 1 bit ('and_ln102_522', firmware/BDT.h:102) [78]  (0.122 ns)
	'and' operation 1 bit ('and_ln102_526', firmware/BDT.h:102) [90]  (0.122 ns)
	'or' operation 1 bit ('or_ln117', firmware/BDT.h:117) [132]  (0.122 ns)
	'select' operation 2 bit ('select_ln117_527', firmware/BDT.h:117) [134]  (0.000 ns)
	'select' operation 3 bit ('select_ln117_528', firmware/BDT.h:117) [137]  (0.278 ns)
	'select' operation 3 bit ('select_ln117_529', firmware/BDT.h:117) [139]  (0.000 ns)
	'select' operation 3 bit ('select_ln117_530', firmware/BDT.h:117) [141]  (0.278 ns)
	'select' operation 3 bit ('select_ln117_531', firmware/BDT.h:117) [142]  (0.000 ns)
	'select' operation 4 bit ('select_ln117_532', firmware/BDT.h:117) [145]  (0.351 ns)
	'select' operation 4 bit ('select_ln117_533', firmware/BDT.h:117) [147]  (0.000 ns)
	'select' operation 4 bit ('select_ln117_534', firmware/BDT.h:117) [149]  (0.351 ns)
	'select' operation 4 bit ('select_ln117_535', firmware/BDT.h:117) [151]  (0.000 ns)
	'select' operation 4 bit ('select_ln117_536', firmware/BDT.h:117) [153]  (0.351 ns)
	'select' operation 4 bit ('select_ln117_537', firmware/BDT.h:117) [155]  (0.000 ns)
	'select' operation 4 bit ('select_ln117_538', firmware/BDT.h:117) [157]  (0.351 ns)
	'select' operation 4 bit ('select_ln117_539', firmware/BDT.h:117) [158]  (0.000 ns)
	'select' operation 5 bit ('select_ln117_540', firmware/BDT.h:117) [161]  (0.351 ns)

 <State 2>: 3.210ns
The critical path consists of the following:
	'xor' operation 1 bit ('xor_ln104', firmware/BDT.h:104) [71]  (0.122 ns)
	'and' operation 1 bit ('and_ln102_521', firmware/BDT.h:102) [75]  (0.122 ns)
	'and' operation 1 bit ('and_ln102_524', firmware/BDT.h:102) [84]  (0.122 ns)
	'and' operation 1 bit ('and_ln102_530', firmware/BDT.h:102) [98]  (0.122 ns)
	'or' operation 1 bit ('or_ln117_517', firmware/BDT.h:117) [162]  (0.122 ns)
	'select' operation 5 bit ('select_ln117_542', firmware/BDT.h:117) [165]  (0.278 ns)
	'select' operation 5 bit ('select_ln117_543', firmware/BDT.h:117) [167]  (0.000 ns)
	'select' operation 5 bit ('select_ln117_544', firmware/BDT.h:117) [169]  (0.278 ns)
	'select' operation 5 bit ('select_ln117_545', firmware/BDT.h:117) [171]  (0.000 ns)
	'select' operation 5 bit ('select_ln117_546', firmware/BDT.h:117) [173]  (0.278 ns)
	'select' operation 5 bit ('select_ln117_547', firmware/BDT.h:117) [175]  (0.000 ns)
	'select' operation 5 bit ('select_ln117_548', firmware/BDT.h:117) [177]  (0.278 ns)
	'select' operation 5 bit ('select_ln117_549', firmware/BDT.h:117) [179]  (0.000 ns)
	'select' operation 5 bit ('select_ln117_550', firmware/BDT.h:117) [181]  (0.278 ns)
	'select' operation 5 bit ('select_ln117_551', firmware/BDT.h:117) [183]  (0.000 ns)
	'select' operation 5 bit ('select_ln117_552', firmware/BDT.h:117) [185]  (0.278 ns)
	'select' operation 5 bit ('select_ln117_553', firmware/BDT.h:117) [187]  (0.000 ns)
	'select' operation 5 bit ('select_ln117_554', firmware/BDT.h:117) [189]  (0.278 ns)
	'select' operation 5 bit ('select_ln117_555', firmware/BDT.h:117) [190]  (0.000 ns)
	'sparsemux' operation 11 bit ('agg_result', firmware/BDT.h:118) [191]  (0.654 ns)


============================================================
+ Verbose Summary: Binding
============================================================
N/A
* FSMD analyzer results:
  - Output states:
 - Input state : 
  - Chain level:
	State 1
	State 2


============================================================
+ Verbose Summary: Datapath Resource usage 
============================================================
N/A
