

================================================================
== Vitis HLS Report for 'decision_function_10'
================================================================
* Date:           Thu Jan 23 13:48:44 2025

* Version:        2024.1 (Build 5069499 on May 21 2024)
* Project:        conifer_jettag
* Solution:       solution1 (Vivado IP Flow Target)
* Product family: zynq
* Target device:  xc7z020-clg400-1


================================================================
== Performance Estimates
================================================================
+ Timing: 
    * Summary: 
    +--------+---------+----------+------------+
    |  Clock |  Target | Estimated| Uncertainty|
    +--------+---------+----------+------------+
    |ap_clk  |  5.00 ns|  3.645 ns|     1.35 ns|
    +--------+---------+----------+------------+

+ Latency: 
    * Summary: 
    +---------+---------+-----------+-----------+-----+-----+---------+
    |  Latency (cycles) |   Latency (absolute)  |  Interval | Pipeline|
    |   min   |   max   |    min    |    max    | min | max |   Type  |
    +---------+---------+-----------+-----------+-----+-----+---------+
    |        7|        7|  35.000 ns|  35.000 ns|    1|    1|      yes|
    +---------+---------+-----------+-----------+-----+-----+---------+

    + Detail: 
        * Instance: 
        N/A

        * Loop: 
        N/A



================================================================
== Utilization Estimates
================================================================
* Summary: 
+-----------------+---------+-----+--------+-------+-----+
|       Name      | BRAM_18K| DSP |   FF   |  LUT  | URAM|
+-----------------+---------+-----+--------+-------+-----+
|DSP              |        -|    -|       -|      -|    -|
|Expression       |        -|    -|       0|   1078|    -|
|FIFO             |        -|    -|       -|      -|    -|
|Instance         |        -|    -|       0|    142|    -|
|Memory           |        -|    -|       -|      -|    -|
|Multiplexer      |        -|    -|       -|      -|    -|
|Register         |        -|    -|    1948|    768|    -|
+-----------------+---------+-----+--------+-------+-----+
|Total            |        0|    0|    1948|   1988|    0|
+-----------------+---------+-----+--------+-------+-----+
|Available        |      280|  220|  106400|  53200|    0|
+-----------------+---------+-----+--------+-------+-----+
|Utilization (%)  |        0|    0|       1|      3|    0|
+-----------------+---------+-----+--------+-------+-----+

+ Detail: 
    * Instance: 
    +-------------------------------+--------------------------+---------+----+---+-----+-----+
    |            Instance           |          Module          | BRAM_18K| DSP| FF| LUT | URAM|
    +-------------------------------+--------------------------+---------+----+---+-----+-----+
    |sparsemux_65_5_12_1_1_x1_U318  |sparsemux_65_5_12_1_1_x1  |        0|   0|  0|  142|    0|
    +-------------------------------+--------------------------+---------+----+---+-----+-----+
    |Total                          |                          |        0|   0|  0|  142|    0|
    +-------------------------------+--------------------------+---------+----+---+-----+-----+

    * DSP: 
    N/A

    * Memory: 
    N/A

    * FIFO: 
    N/A

    * Expression: 
    +-----------------------------+----------+----+---+----+------------+------------+
    |        Variable Name        | Operation| DSP| FF| LUT| Bitwidth P0| Bitwidth P1|
    +-----------------------------+----------+----+---+----+------------+------------+
    |and_ln102_245_fu_775_p2      |       and|   0|  0|   2|           1|           1|
    |and_ln102_246_fu_592_p2      |       and|   0|  0|   2|           1|           1|
    |and_ln102_247_fu_643_p2      |       and|   0|  0|   2|           1|           1|
    |and_ln102_248_fu_789_p2      |       and|   0|  0|   2|           1|           1|
    |and_ln102_249_fu_909_p2      |       and|   0|  0|   2|           1|           1|
    |and_ln102_250_fu_606_p2      |       and|   0|  0|   2|           1|           1|
    |and_ln102_251_fu_616_p2      |       and|   0|  0|   2|           1|           1|
    |and_ln102_252_fu_662_p2      |       and|   0|  0|   2|           1|           1|
    |and_ln102_253_fu_799_p2      |       and|   0|  0|   2|           1|           1|
    |and_ln102_254_fu_803_p2      |       and|   0|  0|   2|           1|           1|
    |and_ln102_255_fu_933_p2      |       and|   0|  0|   2|           1|           1|
    |and_ln102_256_fu_1051_p2     |       and|   0|  0|   2|           1|           1|
    |and_ln102_257_fu_1144_p2     |       and|   0|  0|   2|           1|           1|
    |and_ln102_258_fu_667_p2      |       and|   0|  0|   2|           1|           1|
    |and_ln102_259_fu_626_p2      |       and|   0|  0|   2|           1|           1|
    |and_ln102_260_fu_671_p2      |       and|   0|  0|   2|           1|           1|
    |and_ln102_261_fu_680_p2      |       and|   0|  0|   2|           1|           1|
    |and_ln102_262_fu_808_p2      |       and|   0|  0|   2|           1|           1|
    |and_ln102_263_fu_817_p2      |       and|   0|  0|   2|           1|           1|
    |and_ln102_264_fu_822_p2      |       and|   0|  0|   2|           1|           1|
    |and_ln102_265_fu_943_p2      |       and|   0|  0|   2|           1|           1|
    |and_ln102_266_fu_948_p2      |       and|   0|  0|   2|           1|           1|
    |and_ln102_267_fu_957_p2      |       and|   0|  0|   2|           1|           1|
    |and_ln102_268_fu_1055_p2     |       and|   0|  0|   2|           1|           1|
    |and_ln102_269_fu_1064_p2     |       and|   0|  0|   2|           1|           1|
    |and_ln102_270_fu_1069_p2     |       and|   0|  0|   2|           1|           1|
    |and_ln102_271_fu_1153_p2     |       and|   0|  0|   2|           1|           1|
    |and_ln102_272_fu_1158_p2     |       and|   0|  0|   2|           1|           1|
    |and_ln102_273_fu_1225_p2     |       and|   0|  0|   2|           1|           1|
    |and_ln102_274_fu_621_p2      |       and|   0|  0|   2|           1|           1|
    |and_ln102_275_fu_675_p2      |       and|   0|  0|   2|           1|           1|
    |and_ln102_276_fu_812_p2      |       and|   0|  0|   2|           1|           1|
    |and_ln102_277_fu_938_p2      |       and|   0|  0|   2|           1|           1|
    |and_ln102_278_fu_952_p2      |       and|   0|  0|   2|           1|           1|
    |and_ln102_279_fu_1059_p2     |       and|   0|  0|   2|           1|           1|
    |and_ln102_280_fu_1148_p2     |       and|   0|  0|   2|           1|           1|
    |and_ln102_281_fu_1220_p2     |       and|   0|  0|   2|           1|           1|
    |and_ln102_fu_576_p2          |       and|   0|  0|   2|           1|           1|
    |and_ln104_49_fu_784_p2       |       and|   0|  0|   2|           1|           1|
    |and_ln104_50_fu_601_p2       |       and|   0|  0|   2|           1|           1|
    |and_ln104_51_fu_652_p2       |       and|   0|  0|   2|           1|           1|
    |and_ln104_52_fu_904_p2       |       and|   0|  0|   2|           1|           1|
    |and_ln104_53_fu_918_p2       |       and|   0|  0|   2|           1|           1|
    |and_ln104_fu_587_p2          |       and|   0|  0|   2|           1|           1|
    |icmp_ln86_2033_fu_408_p2     |      icmp|   0|  0|  24|          17|           1|
    |icmp_ln86_256_fu_386_p2      |      icmp|   0|  0|  25|          18|          17|
    |icmp_ln86_257_fu_392_p2      |      icmp|   0|  0|  25|          18|          13|
    |icmp_ln86_259_fu_414_p2      |      icmp|   0|  0|  25|          18|           2|
    |icmp_ln86_260_fu_420_p2      |      icmp|   0|  0|  25|          18|          16|
    |icmp_ln86_261_fu_426_p2      |      icmp|   0|  0|  25|          18|          17|
    |icmp_ln86_262_fu_432_p2      |      icmp|   0|  0|  25|          18|           3|
    |icmp_ln86_263_fu_438_p2      |      icmp|   0|  0|  25|          18|          11|
    |icmp_ln86_264_fu_444_p2      |      icmp|   0|  0|  25|          18|           5|
    |icmp_ln86_265_fu_450_p2      |      icmp|   0|  0|  25|          18|          11|
    |icmp_ln86_266_fu_456_p2      |      icmp|   0|  0|  25|          18|           7|
    |icmp_ln86_267_fu_462_p2      |      icmp|   0|  0|  25|          18|          18|
    |icmp_ln86_268_fu_468_p2      |      icmp|   0|  0|  25|          18|          18|
    |icmp_ln86_269_fu_474_p2      |      icmp|   0|  0|  25|          18|          18|
    |icmp_ln86_270_fu_480_p2      |      icmp|   0|  0|  25|          18|           5|
    |icmp_ln86_271_fu_486_p2      |      icmp|   0|  0|  25|          18|          13|
    |icmp_ln86_272_fu_492_p2      |      icmp|   0|  0|  25|          18|          13|
    |icmp_ln86_273_fu_498_p2      |      icmp|   0|  0|  25|          18|          13|
    |icmp_ln86_274_fu_504_p2      |      icmp|   0|  0|  25|          18|          18|
    |icmp_ln86_275_fu_510_p2      |      icmp|   0|  0|  25|          18|          16|
    |icmp_ln86_276_fu_516_p2      |      icmp|   0|  0|  25|          18|          17|
    |icmp_ln86_277_fu_522_p2      |      icmp|   0|  0|  25|          18|           7|
    |icmp_ln86_278_fu_528_p2      |      icmp|   0|  0|  25|          18|          17|
    |icmp_ln86_279_fu_534_p2      |      icmp|   0|  0|  25|          18|          17|
    |icmp_ln86_280_fu_540_p2      |      icmp|   0|  0|  25|          18|          18|
    |icmp_ln86_281_fu_546_p2      |      icmp|   0|  0|  25|          18|          16|
    |icmp_ln86_282_fu_552_p2      |      icmp|   0|  0|  25|          18|          16|
    |icmp_ln86_283_fu_558_p2      |      icmp|   0|  0|  25|          18|          18|
    |icmp_ln86_284_fu_564_p2      |      icmp|   0|  0|  25|          18|          17|
    |icmp_ln86_285_fu_570_p2      |      icmp|   0|  0|  25|          18|           6|
    |icmp_ln86_fu_380_p2          |      icmp|   0|  0|  25|          18|           4|
    |or_ln117_241_fu_713_p2       |        or|   0|  0|   2|           1|           1|
    |or_ln117_242_fu_725_p2       |        or|   0|  0|   2|           1|           1|
    |or_ln117_243_fu_737_p2       |        or|   0|  0|   2|           1|           1|
    |or_ln117_244_fu_827_p2       |        or|   0|  0|   2|           1|           1|
    |or_ln117_245_fu_770_p2       |        or|   0|  0|   2|           1|           1|
    |or_ln117_246_fu_839_p2       |        or|   0|  0|   2|           1|           1|
    |or_ln117_247_fu_851_p2       |        or|   0|  0|   2|           1|           1|
    |or_ln117_248_fu_863_p2       |        or|   0|  0|   2|           1|           1|
    |or_ln117_249_fu_877_p2       |        or|   0|  0|   2|           1|           1|
    |or_ln117_250_fu_962_p2       |        or|   0|  0|   2|           1|           1|
    |or_ln117_251_fu_978_p2       |        or|   0|  0|   2|           1|           1|
    |or_ln117_252_fu_990_p2       |        or|   0|  0|   2|           1|           1|
    |or_ln117_253_fu_1002_p2      |        or|   0|  0|   2|           1|           1|
    |or_ln117_254_fu_1016_p2      |        or|   0|  0|   2|           1|           1|
    |or_ln117_255_fu_1074_p2      |        or|   0|  0|   2|           1|           1|
    |or_ln117_256_fu_1036_p2      |        or|   0|  0|   2|           1|           1|
    |or_ln117_257_fu_1086_p2      |        or|   0|  0|   2|           1|           1|
    |or_ln117_258_fu_1042_p2      |        or|   0|  0|   2|           1|           1|
    |or_ln117_259_fu_1106_p2      |        or|   0|  0|   2|           1|           1|
    |or_ln117_260_fu_1118_p2      |        or|   0|  0|   2|           1|           1|
    |or_ln117_261_fu_1163_p2      |        or|   0|  0|   2|           1|           1|
    |or_ln117_262_fu_1168_p2      |        or|   0|  0|   2|           1|           1|
    |or_ln117_263_fu_1179_p2      |        or|   0|  0|   2|           1|           1|
    |or_ln117_264_fu_1193_p2      |        or|   0|  0|   2|           1|           1|
    |or_ln117_265_fu_1230_p2      |        or|   0|  0|   2|           1|           1|
    |or_ln117_fu_632_p2           |        or|   0|  0|   2|           1|           1|
    |agg_result_fu_1242_p66       |    select|   0|  0|   5|           1|           5|
    |select_ln117_250_fu_702_p3   |    select|   0|  0|   2|           1|           2|
    |select_ln117_251_fu_718_p3   |    select|   0|  0|   4|           1|           3|
    |select_ln117_252_fu_729_p3   |    select|   0|  0|   3|           1|           3|
    |select_ln117_253_fu_743_p3   |    select|   0|  0|   3|           1|           3|
    |select_ln117_254_fu_751_p3   |    select|   0|  0|   3|           1|           3|
    |select_ln117_255_fu_763_p3   |    select|   0|  0|   5|           1|           4|
    |select_ln117_256_fu_832_p3   |    select|   0|  0|   4|           1|           4|
    |select_ln117_257_fu_844_p3   |    select|   0|  0|   4|           1|           4|
    |select_ln117_258_fu_855_p3   |    select|   0|  0|   4|           1|           4|
    |select_ln117_259_fu_869_p3   |    select|   0|  0|   4|           1|           4|
    |select_ln117_260_fu_883_p3   |    select|   0|  0|   4|           1|           4|
    |select_ln117_261_fu_891_p3   |    select|   0|  0|   4|           1|           4|
    |select_ln117_262_fu_967_p3   |    select|   0|  0|   4|           1|           4|
    |select_ln117_263_fu_983_p3   |    select|   0|  0|   6|           1|           5|
    |select_ln117_264_fu_994_p3   |    select|   0|  0|   5|           1|           5|
    |select_ln117_265_fu_1008_p3  |    select|   0|  0|   5|           1|           5|
    |select_ln117_266_fu_1020_p3  |    select|   0|  0|   5|           1|           5|
    |select_ln117_267_fu_1028_p3  |    select|   0|  0|   5|           1|           5|
    |select_ln117_268_fu_1079_p3  |    select|   0|  0|   5|           1|           5|
    |select_ln117_269_fu_1091_p3  |    select|   0|  0|   5|           1|           5|
    |select_ln117_270_fu_1098_p3  |    select|   0|  0|   5|           1|           5|
    |select_ln117_271_fu_1111_p3  |    select|   0|  0|   5|           1|           5|
    |select_ln117_272_fu_1123_p3  |    select|   0|  0|   5|           1|           5|
    |select_ln117_273_fu_1131_p3  |    select|   0|  0|   5|           1|           5|
    |select_ln117_274_fu_1172_p3  |    select|   0|  0|   5|           1|           5|
    |select_ln117_275_fu_1185_p3  |    select|   0|  0|   5|           1|           5|
    |select_ln117_276_fu_1199_p3  |    select|   0|  0|   5|           1|           5|
    |select_ln117_277_fu_1207_p3  |    select|   0|  0|   5|           1|           5|
    |select_ln117_fu_695_p3       |    select|   0|  0|   3|           1|           2|
    |xor_ln104_123_fu_582_p2      |       xor|   0|  0|   2|           1|           2|
    |xor_ln104_124_fu_779_p2      |       xor|   0|  0|   2|           1|           2|
    |xor_ln104_125_fu_596_p2      |       xor|   0|  0|   2|           1|           2|
    |xor_ln104_126_fu_647_p2      |       xor|   0|  0|   2|           1|           2|
    |xor_ln104_127_fu_899_p2      |       xor|   0|  0|   2|           1|           2|
    |xor_ln104_128_fu_913_p2      |       xor|   0|  0|   2|           1|           2|
    |xor_ln104_129_fu_611_p2      |       xor|   0|  0|   2|           1|           2|
    |xor_ln104_130_fu_657_p2      |       xor|   0|  0|   2|           1|           2|
    |xor_ln104_131_fu_794_p2      |       xor|   0|  0|   2|           1|           2|
    |xor_ln104_132_fu_923_p2      |       xor|   0|  0|   2|           1|           2|
    |xor_ln104_133_fu_928_p2      |       xor|   0|  0|   2|           1|           2|
    |xor_ln104_134_fu_1046_p2     |       xor|   0|  0|   2|           1|           2|
    |xor_ln104_135_fu_1139_p2     |       xor|   0|  0|   2|           1|           2|
    |xor_ln104_136_fu_1215_p2     |       xor|   0|  0|   2|           1|           2|
    |xor_ln104_fu_638_p2          |       xor|   0|  0|   2|           1|           2|
    |xor_ln117_fu_685_p2          |       xor|   0|  0|   2|           2|           1|
    +-----------------------------+----------+----+---+----+------------+------------+
    |Total                        |          |   0|  0|1078|         674|         617|
    +-----------------------------+----------+----+---+----+------------+------------+

    * Multiplexer: 
    N/A

    * Register: 
    +--------------------------------------+----+----+-----+-----------+
    |                 Name                 | FF | LUT| Bits| Const Bits|
    +--------------------------------------+----+----+-----+-----------+
    |and_ln102_245_reg_1631                |   1|   0|    1|          0|
    |and_ln102_246_reg_1568                |   1|   0|    1|          0|
    |and_ln102_247_reg_1603                |   1|   0|    1|          0|
    |and_ln102_248_reg_1643                |   1|   0|    1|          0|
    |and_ln102_249_reg_1670                |   1|   0|    1|          0|
    |and_ln102_249_reg_1670_pp0_iter5_reg  |   1|   0|    1|          0|
    |and_ln102_250_reg_1580                |   1|   0|    1|          0|
    |and_ln102_251_reg_1586                |   1|   0|    1|          0|
    |and_ln102_252_reg_1615                |   1|   0|    1|          0|
    |and_ln102_254_reg_1649                |   1|   0|    1|          0|
    |and_ln102_255_reg_1683                |   1|   0|    1|          0|
    |and_ln102_reg_1552                    |   1|   0|    1|          0|
    |and_ln104_49_reg_1637                 |   1|   0|    1|          0|
    |and_ln104_50_reg_1575                 |   1|   0|    1|          0|
    |and_ln104_51_reg_1609                 |   1|   0|    1|          0|
    |and_ln104_51_reg_1609_pp0_iter3_reg   |   1|   0|    1|          0|
    |and_ln104_52_reg_1665                 |   1|   0|    1|          0|
    |and_ln104_53_reg_1677                 |   1|   0|    1|          0|
    |and_ln104_reg_1562                    |   1|   0|    1|          0|
    |icmp_ln86_2033_reg_1400               |   1|   0|    1|          0|
    |icmp_ln86_256_reg_1389                |   1|   0|    1|          0|
    |icmp_ln86_257_reg_1394                |   1|   0|    1|          0|
    |icmp_ln86_259_reg_1406                |   1|   0|    1|          0|
    |icmp_ln86_259_reg_1406_pp0_iter1_reg  |   1|   0|    1|          0|
    |icmp_ln86_260_reg_1412                |   1|   0|    1|          0|
    |icmp_ln86_261_reg_1418                |   1|   0|    1|          0|
    |icmp_ln86_262_reg_1424                |   1|   0|    1|          0|
    |icmp_ln86_263_reg_1430                |   1|   0|    1|          0|
    |icmp_ln86_263_reg_1430_pp0_iter1_reg  |   1|   0|    1|          0|
    |icmp_ln86_264_reg_1436                |   1|   0|    1|          0|
    |icmp_ln86_265_reg_1442                |   1|   0|    1|          0|
    |icmp_ln86_266_reg_1448                |   1|   0|    1|          0|
    |icmp_ln86_267_reg_1454                |   1|   0|    1|          0|
    |icmp_ln86_268_reg_1460                |   1|   0|    1|          0|
    |icmp_ln86_269_reg_1466                |   1|   0|    1|          0|
    |icmp_ln86_270_reg_1472                |   1|   0|    1|          0|
    |icmp_ln86_270_reg_1472_pp0_iter1_reg  |   1|   0|    1|          0|
    |icmp_ln86_271_reg_1477                |   1|   0|    1|          0|
    |icmp_ln86_272_reg_1482                |   1|   0|    1|          0|
    |icmp_ln86_272_reg_1482_pp0_iter1_reg  |   1|   0|    1|          0|
    |icmp_ln86_273_reg_1487                |   1|   0|    1|          0|
    |icmp_ln86_273_reg_1487_pp0_iter1_reg  |   1|   0|    1|          0|
    |icmp_ln86_274_reg_1492                |   1|   0|    1|          0|
    |icmp_ln86_275_reg_1497                |   1|   0|    1|          0|
    |icmp_ln86_276_reg_1502                |   1|   0|    1|          0|
    |icmp_ln86_277_reg_1507                |   1|   0|    1|          0|
    |icmp_ln86_278_reg_1512                |   1|   0|    1|          0|
    |icmp_ln86_279_reg_1517                |   1|   0|    1|          0|
    |icmp_ln86_280_reg_1522                |   1|   0|    1|          0|
    |icmp_ln86_281_reg_1527                |   1|   0|    1|          0|
    |icmp_ln86_282_reg_1532                |   1|   0|    1|          0|
    |icmp_ln86_283_reg_1537                |   1|   0|    1|          0|
    |icmp_ln86_284_reg_1542                |   1|   0|    1|          0|
    |icmp_ln86_285_reg_1547                |   1|   0|    1|          0|
    |icmp_ln86_reg_1378                    |   1|   0|    1|          0|
    |or_ln117_245_reg_1625                 |   1|   0|    1|          0|
    |or_ln117_249_reg_1655                 |   1|   0|    1|          0|
    |or_ln117_254_reg_1688                 |   1|   0|    1|          0|
    |or_ln117_256_reg_1698                 |   1|   0|    1|          0|
    |or_ln117_258_reg_1704                 |   1|   0|    1|          0|
    |or_ln117_258_reg_1704_pp0_iter5_reg   |   1|   0|    1|          0|
    |or_ln117_260_reg_1712                 |   1|   0|    1|          0|
    |or_ln117_264_reg_1722                 |   1|   0|    1|          0|
    |or_ln117_reg_1592                     |   1|   0|    1|          0|
    |p_read10_int_reg                      |  18|   0|   18|          0|
    |p_read11_int_reg                      |  18|   0|   18|          0|
    |p_read12_int_reg                      |  18|   0|   18|          0|
    |p_read13_int_reg                      |  18|   0|   18|          0|
    |p_read14_int_reg                      |  18|   0|   18|          0|
    |p_read15_int_reg                      |  18|   0|   18|          0|
    |p_read16_int_reg                      |  18|   0|   18|          0|
    |p_read17_int_reg                      |  18|   0|   18|          0|
    |p_read18_int_reg                      |  18|   0|   18|          0|
    |p_read1_int_reg                       |  18|   0|   18|          0|
    |p_read2_int_reg                       |  18|   0|   18|          0|
    |p_read3_int_reg                       |  18|   0|   18|          0|
    |p_read4_int_reg                       |  18|   0|   18|          0|
    |p_read5_int_reg                       |  18|   0|   18|          0|
    |p_read6_int_reg                       |  18|   0|   18|          0|
    |p_read7_int_reg                       |  18|   0|   18|          0|
    |p_read8_int_reg                       |  18|   0|   18|          0|
    |p_read9_int_reg                       |  18|   0|   18|          0|
    |select_ln117_255_reg_1620             |   4|   0|    4|          0|
    |select_ln117_261_reg_1660             |   4|   0|    4|          0|
    |select_ln117_267_reg_1693             |   5|   0|    5|          0|
    |select_ln117_273_reg_1717             |   5|   0|    5|          0|
    |select_ln117_277_reg_1727             |   5|   0|    5|          0|
    |xor_ln104_reg_1597                    |   1|   0|    1|          0|
    |and_ln102_reg_1552                    |  64|  32|    1|          0|
    |and_ln104_53_reg_1677                 |  64|  32|    1|          0|
    |icmp_ln86_257_reg_1394                |  64|  32|    1|          0|
    |icmp_ln86_260_reg_1412                |  64|  32|    1|          0|
    |icmp_ln86_261_reg_1418                |  64|  32|    1|          0|
    |icmp_ln86_264_reg_1436                |  64|  32|    1|          0|
    |icmp_ln86_265_reg_1442                |  64|  32|    1|          0|
    |icmp_ln86_266_reg_1448                |  64|  32|    1|          0|
    |icmp_ln86_267_reg_1454                |  64|  32|    1|          0|
    |icmp_ln86_268_reg_1460                |  64|  32|    1|          0|
    |icmp_ln86_269_reg_1466                |  64|  32|    1|          0|
    |icmp_ln86_274_reg_1492                |  64|  32|    1|          0|
    |icmp_ln86_275_reg_1497                |  64|  32|    1|          0|
    |icmp_ln86_276_reg_1502                |  64|  32|    1|          0|
    |icmp_ln86_277_reg_1507                |  64|  32|    1|          0|
    |icmp_ln86_278_reg_1512                |  64|  32|    1|          0|
    |icmp_ln86_279_reg_1517                |  64|  32|    1|          0|
    |icmp_ln86_280_reg_1522                |  64|  32|    1|          0|
    |icmp_ln86_281_reg_1527                |  64|  32|    1|          0|
    |icmp_ln86_282_reg_1532                |  64|  32|    1|          0|
    |icmp_ln86_283_reg_1537                |  64|  32|    1|          0|
    |icmp_ln86_284_reg_1542                |  64|  32|    1|          0|
    |icmp_ln86_285_reg_1547                |  64|  32|    1|          0|
    |icmp_ln86_reg_1378                    |  64|  32|    1|          0|
    +--------------------------------------+----+----+-----+-----------+
    |Total                                 |1948| 768|  436|          0|
    +--------------------------------------+----+----+-----+-----------+



================================================================
== Interface
================================================================
* Summary: 
+-----------+-----+-----+------------+----------------------+--------------+
| RTL Ports | Dir | Bits|  Protocol  |     Source Object    |    C Type    |
+-----------+-----+-----+------------+----------------------+--------------+
|ap_clk     |   in|    1|  ap_ctrl_hs|  decision_function.10|  return value|
|ap_rst     |   in|    1|  ap_ctrl_hs|  decision_function.10|  return value|
|ap_return  |  out|   12|  ap_ctrl_hs|  decision_function.10|  return value|
|ap_ce      |   in|    1|  ap_ctrl_hs|  decision_function.10|  return value|
|p_read1    |   in|   18|     ap_none|               p_read1|        scalar|
|p_read2    |   in|   18|     ap_none|               p_read2|        scalar|
|p_read3    |   in|   18|     ap_none|               p_read3|        scalar|
|p_read4    |   in|   18|     ap_none|               p_read4|        scalar|
|p_read5    |   in|   18|     ap_none|               p_read5|        scalar|
|p_read6    |   in|   18|     ap_none|               p_read6|        scalar|
|p_read7    |   in|   18|     ap_none|               p_read7|        scalar|
|p_read8    |   in|   18|     ap_none|               p_read8|        scalar|
|p_read9    |   in|   18|     ap_none|               p_read9|        scalar|
|p_read10   |   in|   18|     ap_none|              p_read10|        scalar|
|p_read11   |   in|   18|     ap_none|              p_read11|        scalar|
|p_read12   |   in|   18|     ap_none|              p_read12|        scalar|
|p_read13   |   in|   18|     ap_none|              p_read13|        scalar|
|p_read14   |   in|   18|     ap_none|              p_read14|        scalar|
|p_read15   |   in|   18|     ap_none|              p_read15|        scalar|
|p_read16   |   in|   18|     ap_none|              p_read16|        scalar|
|p_read17   |   in|   18|     ap_none|              p_read17|        scalar|
|p_read18   |   in|   18|     ap_none|              p_read18|        scalar|
+-----------+-----+-----+------------+----------------------+--------------+

