

================================================================
== Vitis HLS Report for 'decision_function_124'
================================================================
* Date:           Thu Jan 23 13:48:40 2025

* Version:        2024.1 (Build 5069499 on May 21 2024)
* Project:        conifer_jettag
* Solution:       solution1 (Vivado IP Flow Target)
* Product family: zynq
* Target device:  xc7z020-clg400-1


================================================================
== Performance Estimates
================================================================
+ Timing: 
    * Summary: 
    +--------+---------+----------+------------+
    |  Clock |  Target | Estimated| Uncertainty|
    +--------+---------+----------+------------+
    |ap_clk  |  5.00 ns|  3.645 ns|     1.35 ns|
    +--------+---------+----------+------------+

+ Latency: 
    * Summary: 
    +---------+---------+-----------+-----------+-----+-----+---------+
    |  Latency (cycles) |   Latency (absolute)  |  Interval | Pipeline|
    |   min   |   max   |    min    |    max    | min | max |   Type  |
    +---------+---------+-----------+-----------+-----+-----+---------+
    |        7|        7|  35.000 ns|  35.000 ns|    1|    1|      yes|
    +---------+---------+-----------+-----------+-----+-----+---------+

    + Detail: 
        * Instance: 
        N/A

        * Loop: 
        N/A



================================================================
== Utilization Estimates
================================================================
* Summary: 
+-----------------+---------+-----+--------+-------+-----+
|       Name      | BRAM_18K| DSP |   FF   |  LUT  | URAM|
+-----------------+---------+-----+--------+-------+-----+
|DSP              |        -|    -|       -|      -|    -|
|Expression       |        -|    -|       0|   1079|    -|
|FIFO             |        -|    -|       -|      -|    -|
|Instance         |        -|    -|       0|    142|    -|
|Memory           |        -|    -|       -|      -|    -|
|Multiplexer      |        -|    -|       -|      -|    -|
|Register         |        -|    -|    1876|    768|    -|
+-----------------+---------+-----+--------+-------+-----+
|Total            |        0|    0|    1876|   1989|    0|
+-----------------+---------+-----+--------+-------+-----+
|Available        |      280|  220|  106400|  53200|    0|
+-----------------+---------+-----+--------+-------+-----+
|Utilization (%)  |        0|    0|       1|      3|    0|
+-----------------+---------+-----+--------+-------+-----+

+ Detail: 
    * Instance: 
    +----------------------------+-----------------------+---------+----+---+-----+-----+
    |          Instance          |         Module        | BRAM_18K| DSP| FF| LUT | URAM|
    +----------------------------+-----------------------+---------+----+---+-----+-----+
    |sparsemux_65_5_13_1_1_U159  |sparsemux_65_5_13_1_1  |        0|   0|  0|  142|    0|
    +----------------------------+-----------------------+---------+----+---+-----+-----+
    |Total                       |                       |        0|   0|  0|  142|    0|
    +----------------------------+-----------------------+---------+----+---+-----+-----+

    * DSP: 
    N/A

    * Memory: 
    N/A

    * FIFO: 
    N/A

    * Expression: 
    +------------------------------+----------+----+---+----+------------+------------+
    |         Variable Name        | Operation| DSP| FF| LUT| Bitwidth P0| Bitwidth P1|
    +------------------------------+----------+----+---+----+------------+------------+
    |and_ln102_1509_fu_731_p2      |       and|   0|  0|   2|           1|           1|
    |and_ln102_1510_fu_548_p2      |       and|   0|  0|   2|           1|           1|
    |and_ln102_1511_fu_599_p2      |       and|   0|  0|   2|           1|           1|
    |and_ln102_1512_fu_745_p2      |       and|   0|  0|   2|           1|           1|
    |and_ln102_1513_fu_865_p2      |       and|   0|  0|   2|           1|           1|
    |and_ln102_1514_fu_562_p2      |       and|   0|  0|   2|           1|           1|
    |and_ln102_1515_fu_572_p2      |       and|   0|  0|   2|           1|           1|
    |and_ln102_1516_fu_618_p2      |       and|   0|  0|   2|           1|           1|
    |and_ln102_1517_fu_755_p2      |       and|   0|  0|   2|           1|           1|
    |and_ln102_1518_fu_759_p2      |       and|   0|  0|   2|           1|           1|
    |and_ln102_1519_fu_889_p2      |       and|   0|  0|   2|           1|           1|
    |and_ln102_1520_fu_1007_p2     |       and|   0|  0|   2|           1|           1|
    |and_ln102_1521_fu_1100_p2     |       and|   0|  0|   2|           1|           1|
    |and_ln102_1522_fu_623_p2      |       and|   0|  0|   2|           1|           1|
    |and_ln102_1523_fu_577_p2      |       and|   0|  0|   2|           1|           1|
    |and_ln102_1524_fu_582_p2      |       and|   0|  0|   2|           1|           1|
    |and_ln102_1525_fu_627_p2      |       and|   0|  0|   2|           1|           1|
    |and_ln102_1526_fu_631_p2      |       and|   0|  0|   2|           1|           1|
    |and_ln102_1527_fu_636_p2      |       and|   0|  0|   2|           1|           1|
    |and_ln102_1528_fu_764_p2      |       and|   0|  0|   2|           1|           1|
    |and_ln102_1529_fu_768_p2      |       and|   0|  0|   2|           1|           1|
    |and_ln102_1530_fu_773_p2      |       and|   0|  0|   2|           1|           1|
    |and_ln102_1531_fu_778_p2      |       and|   0|  0|   2|           1|           1|
    |and_ln102_1532_fu_894_p2      |       and|   0|  0|   2|           1|           1|
    |and_ln102_1533_fu_899_p2      |       and|   0|  0|   2|           1|           1|
    |and_ln102_1534_fu_904_p2      |       and|   0|  0|   2|           1|           1|
    |and_ln102_1535_fu_908_p2      |       and|   0|  0|   2|           1|           1|
    |and_ln102_1536_fu_913_p2      |       and|   0|  0|   2|           1|           1|
    |and_ln102_1537_fu_1011_p2     |       and|   0|  0|   2|           1|           1|
    |and_ln102_1538_fu_1015_p2     |       and|   0|  0|   2|           1|           1|
    |and_ln102_1539_fu_1020_p2     |       and|   0|  0|   2|           1|           1|
    |and_ln102_1540_fu_1025_p2     |       and|   0|  0|   2|           1|           1|
    |and_ln102_1541_fu_1104_p2     |       and|   0|  0|   2|           1|           1|
    |and_ln102_1542_fu_1109_p2     |       and|   0|  0|   2|           1|           1|
    |and_ln102_1543_fu_1114_p2     |       and|   0|  0|   2|           1|           1|
    |and_ln102_1544_fu_1176_p2     |       and|   0|  0|   2|           1|           1|
    |and_ln102_1545_fu_1181_p2     |       and|   0|  0|   2|           1|           1|
    |and_ln102_fu_532_p2           |       and|   0|  0|   2|           1|           1|
    |and_ln104_260_fu_740_p2       |       and|   0|  0|   2|           1|           1|
    |and_ln104_261_fu_557_p2       |       and|   0|  0|   2|           1|           1|
    |and_ln104_262_fu_608_p2       |       and|   0|  0|   2|           1|           1|
    |and_ln104_263_fu_860_p2       |       and|   0|  0|   2|           1|           1|
    |and_ln104_264_fu_874_p2       |       and|   0|  0|   2|           1|           1|
    |and_ln104_fu_543_p2           |       and|   0|  0|   2|           1|           1|
    |icmp_ln86_1384_fu_352_p2      |      icmp|   0|  0|  25|          18|           9|
    |icmp_ln86_1385_fu_358_p2      |      icmp|   0|  0|  25|          18|          10|
    |icmp_ln86_1386_fu_364_p2      |      icmp|   0|  0|  25|          18|          10|
    |icmp_ln86_1387_fu_370_p2      |      icmp|   0|  0|  25|          18|           9|
    |icmp_ln86_1388_fu_376_p2      |      icmp|   0|  0|  25|          18|          17|
    |icmp_ln86_1389_fu_382_p2      |      icmp|   0|  0|  25|          18|          10|
    |icmp_ln86_1390_fu_388_p2      |      icmp|   0|  0|  25|          18|          13|
    |icmp_ln86_1391_fu_394_p2      |      icmp|   0|  0|  25|          18|           9|
    |icmp_ln86_1392_fu_400_p2      |      icmp|   0|  0|  25|          18|          10|
    |icmp_ln86_1393_fu_406_p2      |      icmp|   0|  0|  25|          18|          16|
    |icmp_ln86_1394_fu_412_p2      |      icmp|   0|  0|  25|          18|          16|
    |icmp_ln86_1395_fu_418_p2      |      icmp|   0|  0|  25|          18|          17|
    |icmp_ln86_1396_fu_424_p2      |      icmp|   0|  0|  25|          18|          17|
    |icmp_ln86_1397_fu_430_p2      |      icmp|   0|  0|  25|          18|          16|
    |icmp_ln86_1398_fu_436_p2      |      icmp|   0|  0|  25|          18|          16|
    |icmp_ln86_1399_fu_442_p2      |      icmp|   0|  0|  25|          18|           4|
    |icmp_ln86_1400_fu_448_p2      |      icmp|   0|  0|  25|          18|           9|
    |icmp_ln86_1401_fu_454_p2      |      icmp|   0|  0|  25|          18|          16|
    |icmp_ln86_1402_fu_460_p2      |      icmp|   0|  0|  25|          18|          15|
    |icmp_ln86_1403_fu_466_p2      |      icmp|   0|  0|  25|          18|          16|
    |icmp_ln86_1404_fu_472_p2      |      icmp|   0|  0|  25|          18|          16|
    |icmp_ln86_1405_fu_478_p2      |      icmp|   0|  0|  25|          18|           9|
    |icmp_ln86_1406_fu_484_p2      |      icmp|   0|  0|  25|          18|          15|
    |icmp_ln86_1407_fu_490_p2      |      icmp|   0|  0|  25|          18|           9|
    |icmp_ln86_1408_fu_496_p2      |      icmp|   0|  0|  25|          18|          13|
    |icmp_ln86_1409_fu_502_p2      |      icmp|   0|  0|  25|          18|          11|
    |icmp_ln86_1410_fu_508_p2      |      icmp|   0|  0|  25|          18|          15|
    |icmp_ln86_1411_fu_514_p2      |      icmp|   0|  0|  25|          18|          15|
    |icmp_ln86_1412_fu_520_p2      |      icmp|   0|  0|  25|          18|          14|
    |icmp_ln86_1413_fu_526_p2      |      icmp|   0|  0|  25|          18|           9|
    |icmp_ln86_fu_346_p2           |      icmp|   0|  0|  25|          18|          17|
    |or_ln117_1248_fu_669_p2       |        or|   0|  0|   2|           1|           1|
    |or_ln117_1249_fu_681_p2       |        or|   0|  0|   2|           1|           1|
    |or_ln117_1250_fu_693_p2       |        or|   0|  0|   2|           1|           1|
    |or_ln117_1251_fu_783_p2       |        or|   0|  0|   2|           1|           1|
    |or_ln117_1252_fu_726_p2       |        or|   0|  0|   2|           1|           1|
    |or_ln117_1253_fu_795_p2       |        or|   0|  0|   2|           1|           1|
    |or_ln117_1254_fu_807_p2       |        or|   0|  0|   2|           1|           1|
    |or_ln117_1255_fu_819_p2       |        or|   0|  0|   2|           1|           1|
    |or_ln117_1256_fu_833_p2       |        or|   0|  0|   2|           1|           1|
    |or_ln117_1257_fu_918_p2       |        or|   0|  0|   2|           1|           1|
    |or_ln117_1258_fu_934_p2       |        or|   0|  0|   2|           1|           1|
    |or_ln117_1259_fu_946_p2       |        or|   0|  0|   2|           1|           1|
    |or_ln117_1260_fu_958_p2       |        or|   0|  0|   2|           1|           1|
    |or_ln117_1261_fu_972_p2       |        or|   0|  0|   2|           1|           1|
    |or_ln117_1262_fu_1030_p2      |        or|   0|  0|   2|           1|           1|
    |or_ln117_1263_fu_992_p2       |        or|   0|  0|   2|           1|           1|
    |or_ln117_1264_fu_1042_p2      |        or|   0|  0|   2|           1|           1|
    |or_ln117_1265_fu_998_p2       |        or|   0|  0|   2|           1|           1|
    |or_ln117_1266_fu_1062_p2      |        or|   0|  0|   2|           1|           1|
    |or_ln117_1267_fu_1074_p2      |        or|   0|  0|   2|           1|           1|
    |or_ln117_1268_fu_1119_p2      |        or|   0|  0|   2|           1|           1|
    |or_ln117_1269_fu_1124_p2      |        or|   0|  0|   2|           1|           1|
    |or_ln117_1270_fu_1135_p2      |        or|   0|  0|   2|           1|           1|
    |or_ln117_1271_fu_1149_p2      |        or|   0|  0|   2|           1|           1|
    |or_ln117_1272_fu_1186_p2      |        or|   0|  0|   2|           1|           1|
    |or_ln117_fu_588_p2            |        or|   0|  0|   2|           1|           1|
    |agg_result_fu_1198_p66        |    select|   0|  0|   5|           1|           5|
    |select_ln117_1339_fu_658_p3   |    select|   0|  0|   2|           1|           2|
    |select_ln117_1340_fu_674_p3   |    select|   0|  0|   4|           1|           3|
    |select_ln117_1341_fu_685_p3   |    select|   0|  0|   3|           1|           3|
    |select_ln117_1342_fu_699_p3   |    select|   0|  0|   3|           1|           3|
    |select_ln117_1343_fu_707_p3   |    select|   0|  0|   3|           1|           3|
    |select_ln117_1344_fu_719_p3   |    select|   0|  0|   5|           1|           4|
    |select_ln117_1345_fu_788_p3   |    select|   0|  0|   4|           1|           4|
    |select_ln117_1346_fu_800_p3   |    select|   0|  0|   4|           1|           4|
    |select_ln117_1347_fu_811_p3   |    select|   0|  0|   4|           1|           4|
    |select_ln117_1348_fu_825_p3   |    select|   0|  0|   4|           1|           4|
    |select_ln117_1349_fu_839_p3   |    select|   0|  0|   4|           1|           4|
    |select_ln117_1350_fu_847_p3   |    select|   0|  0|   4|           1|           4|
    |select_ln117_1351_fu_923_p3   |    select|   0|  0|   4|           1|           4|
    |select_ln117_1352_fu_939_p3   |    select|   0|  0|   6|           1|           5|
    |select_ln117_1353_fu_950_p3   |    select|   0|  0|   5|           1|           5|
    |select_ln117_1354_fu_964_p3   |    select|   0|  0|   5|           1|           5|
    |select_ln117_1355_fu_976_p3   |    select|   0|  0|   5|           1|           5|
    |select_ln117_1356_fu_984_p3   |    select|   0|  0|   5|           1|           5|
    |select_ln117_1357_fu_1035_p3  |    select|   0|  0|   5|           1|           5|
    |select_ln117_1358_fu_1047_p3  |    select|   0|  0|   5|           1|           5|
    |select_ln117_1359_fu_1054_p3  |    select|   0|  0|   5|           1|           5|
    |select_ln117_1360_fu_1067_p3  |    select|   0|  0|   5|           1|           5|
    |select_ln117_1361_fu_1079_p3  |    select|   0|  0|   5|           1|           5|
    |select_ln117_1362_fu_1087_p3  |    select|   0|  0|   5|           1|           5|
    |select_ln117_1363_fu_1128_p3  |    select|   0|  0|   5|           1|           5|
    |select_ln117_1364_fu_1141_p3  |    select|   0|  0|   5|           1|           5|
    |select_ln117_1365_fu_1155_p3  |    select|   0|  0|   5|           1|           5|
    |select_ln117_1366_fu_1163_p3  |    select|   0|  0|   5|           1|           5|
    |select_ln117_fu_651_p3        |    select|   0|  0|   3|           1|           2|
    |xor_ln104_661_fu_538_p2       |       xor|   0|  0|   2|           1|           2|
    |xor_ln104_662_fu_735_p2       |       xor|   0|  0|   2|           1|           2|
    |xor_ln104_663_fu_552_p2       |       xor|   0|  0|   2|           1|           2|
    |xor_ln104_664_fu_603_p2       |       xor|   0|  0|   2|           1|           2|
    |xor_ln104_665_fu_855_p2       |       xor|   0|  0|   2|           1|           2|
    |xor_ln104_666_fu_869_p2       |       xor|   0|  0|   2|           1|           2|
    |xor_ln104_667_fu_567_p2       |       xor|   0|  0|   2|           1|           2|
    |xor_ln104_668_fu_613_p2       |       xor|   0|  0|   2|           1|           2|
    |xor_ln104_669_fu_750_p2       |       xor|   0|  0|   2|           1|           2|
    |xor_ln104_670_fu_879_p2       |       xor|   0|  0|   2|           1|           2|
    |xor_ln104_671_fu_884_p2       |       xor|   0|  0|   2|           1|           2|
    |xor_ln104_672_fu_1002_p2      |       xor|   0|  0|   2|           1|           2|
    |xor_ln104_673_fu_1095_p2      |       xor|   0|  0|   2|           1|           2|
    |xor_ln104_674_fu_1171_p2      |       xor|   0|  0|   2|           1|           2|
    |xor_ln104_fu_594_p2           |       xor|   0|  0|   2|           1|           2|
    |xor_ln117_fu_641_p2           |       xor|   0|  0|   2|           2|           1|
    +------------------------------+----------+----+---+----+------------+------------+
    |Total                         |          |   0|  0|1079|         675|         627|
    +------------------------------+----------+----+---+----+------------+------------+

    * Multiplexer: 
    N/A

    * Register: 
    +---------------------------------------+----+----+-----+-----------+
    |                  Name                 | FF | LUT| Bits| Const Bits|
    +---------------------------------------+----+----+-----+-----------+
    |and_ln102_1509_reg_1587                |   1|   0|    1|          0|
    |and_ln102_1510_reg_1524                |   1|   0|    1|          0|
    |and_ln102_1511_reg_1559                |   1|   0|    1|          0|
    |and_ln102_1512_reg_1599                |   1|   0|    1|          0|
    |and_ln102_1513_reg_1626                |   1|   0|    1|          0|
    |and_ln102_1513_reg_1626_pp0_iter5_reg  |   1|   0|    1|          0|
    |and_ln102_1514_reg_1536                |   1|   0|    1|          0|
    |and_ln102_1515_reg_1542                |   1|   0|    1|          0|
    |and_ln102_1516_reg_1571                |   1|   0|    1|          0|
    |and_ln102_1518_reg_1605                |   1|   0|    1|          0|
    |and_ln102_1519_reg_1639                |   1|   0|    1|          0|
    |and_ln102_reg_1508                     |   1|   0|    1|          0|
    |and_ln104_260_reg_1593                 |   1|   0|    1|          0|
    |and_ln104_261_reg_1531                 |   1|   0|    1|          0|
    |and_ln104_262_reg_1565                 |   1|   0|    1|          0|
    |and_ln104_262_reg_1565_pp0_iter3_reg   |   1|   0|    1|          0|
    |and_ln104_263_reg_1621                 |   1|   0|    1|          0|
    |and_ln104_264_reg_1633                 |   1|   0|    1|          0|
    |and_ln104_reg_1518                     |   1|   0|    1|          0|
    |icmp_ln86_1384_reg_1345                |   1|   0|    1|          0|
    |icmp_ln86_1385_reg_1350                |   1|   0|    1|          0|
    |icmp_ln86_1386_reg_1356                |   1|   0|    1|          0|
    |icmp_ln86_1387_reg_1362                |   1|   0|    1|          0|
    |icmp_ln86_1387_reg_1362_pp0_iter1_reg  |   1|   0|    1|          0|
    |icmp_ln86_1388_reg_1368                |   1|   0|    1|          0|
    |icmp_ln86_1389_reg_1374                |   1|   0|    1|          0|
    |icmp_ln86_1390_reg_1380                |   1|   0|    1|          0|
    |icmp_ln86_1391_reg_1386                |   1|   0|    1|          0|
    |icmp_ln86_1391_reg_1386_pp0_iter1_reg  |   1|   0|    1|          0|
    |icmp_ln86_1392_reg_1392                |   1|   0|    1|          0|
    |icmp_ln86_1393_reg_1398                |   1|   0|    1|          0|
    |icmp_ln86_1394_reg_1404                |   1|   0|    1|          0|
    |icmp_ln86_1395_reg_1410                |   1|   0|    1|          0|
    |icmp_ln86_1396_reg_1416                |   1|   0|    1|          0|
    |icmp_ln86_1397_reg_1422                |   1|   0|    1|          0|
    |icmp_ln86_1398_reg_1428                |   1|   0|    1|          0|
    |icmp_ln86_1398_reg_1428_pp0_iter1_reg  |   1|   0|    1|          0|
    |icmp_ln86_1399_reg_1433                |   1|   0|    1|          0|
    |icmp_ln86_1400_reg_1438                |   1|   0|    1|          0|
    |icmp_ln86_1400_reg_1438_pp0_iter1_reg  |   1|   0|    1|          0|
    |icmp_ln86_1401_reg_1443                |   1|   0|    1|          0|
    |icmp_ln86_1401_reg_1443_pp0_iter1_reg  |   1|   0|    1|          0|
    |icmp_ln86_1402_reg_1448                |   1|   0|    1|          0|
    |icmp_ln86_1403_reg_1453                |   1|   0|    1|          0|
    |icmp_ln86_1404_reg_1458                |   1|   0|    1|          0|
    |icmp_ln86_1405_reg_1463                |   1|   0|    1|          0|
    |icmp_ln86_1406_reg_1468                |   1|   0|    1|          0|
    |icmp_ln86_1407_reg_1473                |   1|   0|    1|          0|
    |icmp_ln86_1408_reg_1478                |   1|   0|    1|          0|
    |icmp_ln86_1409_reg_1483                |   1|   0|    1|          0|
    |icmp_ln86_1410_reg_1488                |   1|   0|    1|          0|
    |icmp_ln86_1411_reg_1493                |   1|   0|    1|          0|
    |icmp_ln86_1412_reg_1498                |   1|   0|    1|          0|
    |icmp_ln86_1413_reg_1503                |   1|   0|    1|          0|
    |icmp_ln86_reg_1334                     |   1|   0|    1|          0|
    |or_ln117_1252_reg_1581                 |   1|   0|    1|          0|
    |or_ln117_1256_reg_1611                 |   1|   0|    1|          0|
    |or_ln117_1261_reg_1644                 |   1|   0|    1|          0|
    |or_ln117_1263_reg_1654                 |   1|   0|    1|          0|
    |or_ln117_1265_reg_1660                 |   1|   0|    1|          0|
    |or_ln117_1265_reg_1660_pp0_iter5_reg   |   1|   0|    1|          0|
    |or_ln117_1267_reg_1668                 |   1|   0|    1|          0|
    |or_ln117_1271_reg_1678                 |   1|   0|    1|          0|
    |or_ln117_reg_1548                      |   1|   0|    1|          0|
    |p_read10_int_reg                       |  18|   0|   18|          0|
    |p_read11_int_reg                       |  18|   0|   18|          0|
    |p_read12_int_reg                       |  18|   0|   18|          0|
    |p_read13_int_reg                       |  18|   0|   18|          0|
    |p_read14_int_reg                       |  18|   0|   18|          0|
    |p_read1_int_reg                        |  18|   0|   18|          0|
    |p_read2_int_reg                        |  18|   0|   18|          0|
    |p_read3_int_reg                        |  18|   0|   18|          0|
    |p_read4_int_reg                        |  18|   0|   18|          0|
    |p_read5_int_reg                        |  18|   0|   18|          0|
    |p_read6_int_reg                        |  18|   0|   18|          0|
    |p_read7_int_reg                        |  18|   0|   18|          0|
    |p_read8_int_reg                        |  18|   0|   18|          0|
    |p_read9_int_reg                        |  18|   0|   18|          0|
    |select_ln117_1344_reg_1576             |   4|   0|    4|          0|
    |select_ln117_1350_reg_1616             |   4|   0|    4|          0|
    |select_ln117_1356_reg_1649             |   5|   0|    5|          0|
    |select_ln117_1362_reg_1673             |   5|   0|    5|          0|
    |select_ln117_1366_reg_1683             |   5|   0|    5|          0|
    |xor_ln104_reg_1553                     |   1|   0|    1|          0|
    |and_ln102_reg_1508                     |  64|  32|    1|          0|
    |and_ln104_264_reg_1633                 |  64|  32|    1|          0|
    |icmp_ln86_1385_reg_1350                |  64|  32|    1|          0|
    |icmp_ln86_1388_reg_1368                |  64|  32|    1|          0|
    |icmp_ln86_1389_reg_1374                |  64|  32|    1|          0|
    |icmp_ln86_1392_reg_1392                |  64|  32|    1|          0|
    |icmp_ln86_1393_reg_1398                |  64|  32|    1|          0|
    |icmp_ln86_1394_reg_1404                |  64|  32|    1|          0|
    |icmp_ln86_1395_reg_1410                |  64|  32|    1|          0|
    |icmp_ln86_1396_reg_1416                |  64|  32|    1|          0|
    |icmp_ln86_1397_reg_1422                |  64|  32|    1|          0|
    |icmp_ln86_1402_reg_1448                |  64|  32|    1|          0|
    |icmp_ln86_1403_reg_1453                |  64|  32|    1|          0|
    |icmp_ln86_1404_reg_1458                |  64|  32|    1|          0|
    |icmp_ln86_1405_reg_1463                |  64|  32|    1|          0|
    |icmp_ln86_1406_reg_1468                |  64|  32|    1|          0|
    |icmp_ln86_1407_reg_1473                |  64|  32|    1|          0|
    |icmp_ln86_1408_reg_1478                |  64|  32|    1|          0|
    |icmp_ln86_1409_reg_1483                |  64|  32|    1|          0|
    |icmp_ln86_1410_reg_1488                |  64|  32|    1|          0|
    |icmp_ln86_1411_reg_1493                |  64|  32|    1|          0|
    |icmp_ln86_1412_reg_1498                |  64|  32|    1|          0|
    |icmp_ln86_1413_reg_1503                |  64|  32|    1|          0|
    |icmp_ln86_reg_1334                     |  64|  32|    1|          0|
    +---------------------------------------+----+----+-----+-----------+
    |Total                                  |1876| 768|  364|          0|
    +---------------------------------------+----+----+-----+-----------+



================================================================
== Interface
================================================================
* Summary: 
+-----------+-----+-----+------------+-----------------------+--------------+
| RTL Ports | Dir | Bits|  Protocol  |     Source Object     |    C Type    |
+-----------+-----+-----+------------+-----------------------+--------------+
|ap_clk     |   in|    1|  ap_ctrl_hs|  decision_function.124|  return value|
|ap_rst     |   in|    1|  ap_ctrl_hs|  decision_function.124|  return value|
|ap_return  |  out|   13|  ap_ctrl_hs|  decision_function.124|  return value|
|ap_ce      |   in|    1|  ap_ctrl_hs|  decision_function.124|  return value|
|p_read1    |   in|   18|     ap_none|                p_read1|        scalar|
|p_read2    |   in|   18|     ap_none|                p_read2|        scalar|
|p_read3    |   in|   18|     ap_none|                p_read3|        scalar|
|p_read4    |   in|   18|     ap_none|                p_read4|        scalar|
|p_read5    |   in|   18|     ap_none|                p_read5|        scalar|
|p_read6    |   in|   18|     ap_none|                p_read6|        scalar|
|p_read7    |   in|   18|     ap_none|                p_read7|        scalar|
|p_read8    |   in|   18|     ap_none|                p_read8|        scalar|
|p_read9    |   in|   18|     ap_none|                p_read9|        scalar|
|p_read10   |   in|   18|     ap_none|               p_read10|        scalar|
|p_read11   |   in|   18|     ap_none|               p_read11|        scalar|
|p_read12   |   in|   18|     ap_none|               p_read12|        scalar|
|p_read13   |   in|   18|     ap_none|               p_read13|        scalar|
|p_read14   |   in|   18|     ap_none|               p_read14|        scalar|
+-----------+-----+-----+------------+-----------------------+--------------+

