

================================================================
== Vitis HLS Report for 'decision_function_48'
================================================================
* Date:           Thu Jan 23 13:49:09 2025

* Version:        2024.1 (Build 5069499 on May 21 2024)
* Project:        conifer_jettag
* Solution:       solution1 (Vivado IP Flow Target)
* Product family: zynq
* Target device:  xc7z020-clg400-1


================================================================
== Performance Estimates
================================================================
+ Timing: 
    * Summary: 
    +--------+---------+----------+------------+
    |  Clock |  Target | Estimated| Uncertainty|
    +--------+---------+----------+------------+
    |ap_clk  |  5.00 ns|  3.408 ns|     1.35 ns|
    +--------+---------+----------+------------+

+ Latency: 
    * Summary: 
    +---------+---------+-----------+-----------+-----+-----+---------+
    |  Latency (cycles) |   Latency (absolute)  |  Interval | Pipeline|
    |   min   |   max   |    min    |    max    | min | max |   Type  |
    +---------+---------+-----------+-----------+-----+-----+---------+
    |        6|        6|  30.000 ns|  30.000 ns|    1|    1|      yes|
    +---------+---------+-----------+-----------+-----+-----+---------+

    + Detail: 
        * Instance: 
        N/A

        * Loop: 
        N/A



================================================================
== Utilization Estimates
================================================================
* Summary: 
+-----------------+---------+-----+--------+-------+-----+
|       Name      | BRAM_18K| DSP |   FF   |  LUT  | URAM|
+-----------------+---------+-----+--------+-------+-----+
|DSP              |        -|    -|       -|      -|    -|
|Expression       |        -|    -|       0|    892|    -|
|FIFO             |        -|    -|       -|      -|    -|
|Instance         |        -|    -|       0|    121|    -|
|Memory           |        -|    -|       -|      -|    -|
|Multiplexer      |        -|    -|       -|      -|    -|
|Register         |        -|    -|    1385|    512|    -|
+-----------------+---------+-----+--------+-------+-----+
|Total            |        0|    0|    1385|   1525|    0|
+-----------------+---------+-----+--------+-------+-----+
|Available        |      280|  220|  106400|  53200|    0|
+-----------------+---------+-----+--------+-------+-----+
|Utilization (%)  |        0|    0|       1|      2|    0|
+-----------------+---------+-----+--------+-------+-----+

+ Detail: 
    * Instance: 
    +-----------------------------+-----------------------+---------+----+---+-----+-----+
    |           Instance          |         Module        | BRAM_18K| DSP| FF| LUT | URAM|
    +-----------------------------+-----------------------+---------+----+---+-----+-----+
    |sparsemux_55_5_12_1_1_U1315  |sparsemux_55_5_12_1_1  |        0|   0|  0|  121|    0|
    +-----------------------------+-----------------------+---------+----+---+-----+-----+
    |Total                        |                       |        0|   0|  0|  121|    0|
    +-----------------------------+-----------------------+---------+----+---+-----+-----+

    * DSP: 
    N/A

    * Memory: 
    N/A

    * FIFO: 
    N/A

    * Expression: 
    +------------------------------+----------+----+---+----+------------+------------+
    |         Variable Name        | Operation| DSP| FF| LUT| Bitwidth P0| Bitwidth P1|
    +------------------------------+----------+----+---+----+------------+------------+
    |and_ln102_1226_fu_530_p2      |       and|   0|  0|   2|           1|           1|
    |and_ln102_1227_fu_539_p2      |       and|   0|  0|   2|           1|           1|
    |and_ln102_1228_fu_665_p2      |       and|   0|  0|   2|           1|           1|
    |and_ln102_1229_fu_553_p2      |       and|   0|  0|   2|           1|           1|
    |and_ln102_1230_fu_567_p2      |       and|   0|  0|   2|           1|           1|
    |and_ln102_1231_fu_577_p2      |       and|   0|  0|   2|           1|           1|
    |and_ln102_1232_fu_582_p2      |       and|   0|  0|   2|           1|           1|
    |and_ln102_1233_fu_674_p2      |       and|   0|  0|   2|           1|           1|
    |and_ln102_1234_fu_678_p2      |       and|   0|  0|   2|           1|           1|
    |and_ln102_1235_fu_802_p2      |       and|   0|  0|   2|           1|           1|
    |and_ln102_1236_fu_914_p2      |       and|   0|  0|   2|           1|           1|
    |and_ln102_1237_fu_587_p2      |       and|   0|  0|   2|           1|           1|
    |and_ln102_1238_fu_683_p2      |       and|   0|  0|   2|           1|           1|
    |and_ln102_1239_fu_692_p2      |       and|   0|  0|   2|           1|           1|
    |and_ln102_1240_fu_697_p2      |       and|   0|  0|   2|           1|           1|
    |and_ln102_1241_fu_812_p2      |       and|   0|  0|   2|           1|           1|
    |and_ln102_1242_fu_817_p2      |       and|   0|  0|   2|           1|           1|
    |and_ln102_1243_fu_826_p2      |       and|   0|  0|   2|           1|           1|
    |and_ln102_1244_fu_918_p2      |       and|   0|  0|   2|           1|           1|
    |and_ln102_1245_fu_927_p2      |       and|   0|  0|   2|           1|           1|
    |and_ln102_1246_fu_982_p2      |       and|   0|  0|   2|           1|           1|
    |and_ln102_1247_fu_991_p2      |       and|   0|  0|   2|           1|           1|
    |and_ln102_1248_fu_1046_p2     |       and|   0|  0|   2|           1|           1|
    |and_ln102_1249_fu_572_p2      |       and|   0|  0|   2|           1|           1|
    |and_ln102_1250_fu_687_p2      |       and|   0|  0|   2|           1|           1|
    |and_ln102_1251_fu_807_p2      |       and|   0|  0|   2|           1|           1|
    |and_ln102_1252_fu_821_p2      |       and|   0|  0|   2|           1|           1|
    |and_ln102_1253_fu_922_p2      |       and|   0|  0|   2|           1|           1|
    |and_ln102_1254_fu_986_p2      |       and|   0|  0|   2|           1|           1|
    |and_ln102_fu_512_p2           |       and|   0|  0|   2|           1|           1|
    |and_ln104_246_fu_524_p2       |       and|   0|  0|   2|           1|           1|
    |and_ln104_247_fu_548_p2       |       and|   0|  0|   2|           1|           1|
    |and_ln104_248_fu_787_p2       |       and|   0|  0|   2|           1|           1|
    |and_ln104_249_fu_562_p2       |       and|   0|  0|   2|           1|           1|
    |and_ln104_250_fu_597_p2       |       and|   0|  0|   2|           1|           1|
    |and_ln104_fu_506_p2           |       and|   0|  0|   2|           1|           1|
    |icmp_ln86_1273_fu_344_p2      |      icmp|   0|  0|  25|          18|           9|
    |icmp_ln86_1274_fu_350_p2      |      icmp|   0|  0|  25|          18|           9|
    |icmp_ln86_1275_fu_356_p2      |      icmp|   0|  0|  25|          18|           7|
    |icmp_ln86_1276_fu_362_p2      |      icmp|   0|  0|  25|          18|          12|
    |icmp_ln86_1277_fu_368_p2      |      icmp|   0|  0|  25|          18|          17|
    |icmp_ln86_1278_fu_374_p2      |      icmp|   0|  0|  25|          18|          12|
    |icmp_ln86_1279_fu_380_p2      |      icmp|   0|  0|  25|          18|          17|
    |icmp_ln86_1280_fu_386_p2      |      icmp|   0|  0|  25|          18|           7|
    |icmp_ln86_1281_fu_392_p2      |      icmp|   0|  0|  25|          18|          10|
    |icmp_ln86_1282_fu_398_p2      |      icmp|   0|  0|  25|          18|          16|
    |icmp_ln86_1283_fu_404_p2      |      icmp|   0|  0|  25|          18|          16|
    |icmp_ln86_1284_fu_410_p2      |      icmp|   0|  0|  25|          18|           8|
    |icmp_ln86_1285_fu_416_p2      |      icmp|   0|  0|  25|          18|          15|
    |icmp_ln86_1286_fu_422_p2      |      icmp|   0|  0|  25|          18|           7|
    |icmp_ln86_1287_fu_428_p2      |      icmp|   0|  0|  25|          18|          10|
    |icmp_ln86_1288_fu_434_p2      |      icmp|   0|  0|  25|          18|           7|
    |icmp_ln86_1289_fu_440_p2      |      icmp|   0|  0|  25|          18|          17|
    |icmp_ln86_1290_fu_446_p2      |      icmp|   0|  0|  25|          18|           5|
    |icmp_ln86_1291_fu_452_p2      |      icmp|   0|  0|  25|          18|          17|
    |icmp_ln86_1292_fu_458_p2      |      icmp|   0|  0|  25|          18|          17|
    |icmp_ln86_1293_fu_464_p2      |      icmp|   0|  0|  25|          18|          10|
    |icmp_ln86_1294_fu_470_p2      |      icmp|   0|  0|  25|          18|           9|
    |icmp_ln86_1295_fu_476_p2      |      icmp|   0|  0|  25|          18|          16|
    |icmp_ln86_1296_fu_482_p2      |      icmp|   0|  0|  25|          18|          16|
    |icmp_ln86_1297_fu_488_p2      |      icmp|   0|  0|  25|          18|          13|
    |or_ln117_1155_fu_639_p2       |        or|   0|  0|   2|           1|           1|
    |or_ln117_1156_fu_702_p2       |        or|   0|  0|   2|           1|           1|
    |or_ln117_1157_fu_659_p2       |        or|   0|  0|   2|           1|           1|
    |or_ln117_1158_fu_714_p2       |        or|   0|  0|   2|           1|           1|
    |or_ln117_1159_fu_730_p2       |        or|   0|  0|   2|           1|           1|
    |or_ln117_1160_fu_742_p2       |        or|   0|  0|   2|           1|           1|
    |or_ln117_1161_fu_756_p2       |        or|   0|  0|   2|           1|           1|
    |or_ln117_1162_fu_831_p2       |        or|   0|  0|   2|           1|           1|
    |or_ln117_1163_fu_778_p2       |        or|   0|  0|   2|           1|           1|
    |or_ln117_1164_fu_843_p2       |        or|   0|  0|   2|           1|           1|
    |or_ln117_1165_fu_855_p2       |        or|   0|  0|   2|           1|           1|
    |or_ln117_1166_fu_867_p2       |        or|   0|  0|   2|           1|           1|
    |or_ln117_1167_fu_885_p2       |        or|   0|  0|   2|           1|           1|
    |or_ln117_1168_fu_932_p2       |        or|   0|  0|   2|           1|           1|
    |or_ln117_1169_fu_937_p2       |        or|   0|  0|   2|           1|           1|
    |or_ln117_1170_fu_948_p2       |        or|   0|  0|   2|           1|           1|
    |or_ln117_1171_fu_905_p2       |        or|   0|  0|   2|           1|           1|
    |or_ln117_1172_fu_996_p2       |        or|   0|  0|   2|           1|           1|
    |or_ln117_1173_fu_1001_p2      |        or|   0|  0|   2|           1|           1|
    |or_ln117_1174_fu_1012_p2      |        or|   0|  0|   2|           1|           1|
    |or_ln117_1175_fu_1026_p2      |        or|   0|  0|   2|           1|           1|
    |or_ln117_1176_fu_1050_p2      |        or|   0|  0|   2|           1|           1|
    |or_ln117_1177_fu_1055_p2      |        or|   0|  0|   2|           1|           1|
    |or_ln117_fu_613_p2            |        or|   0|  0|   2|           1|           1|
    |ap_return                     |    select|   0|  0|  12|           1|          12|
    |select_ln117_1233_fu_627_p3   |    select|   0|  0|   2|           1|           2|
    |select_ln117_1234_fu_644_p3   |    select|   0|  0|   4|           1|           3|
    |select_ln117_1235_fu_651_p3   |    select|   0|  0|   3|           1|           3|
    |select_ln117_1236_fu_707_p3   |    select|   0|  0|   3|           1|           3|
    |select_ln117_1237_fu_719_p3   |    select|   0|  0|   3|           1|           3|
    |select_ln117_1238_fu_734_p3   |    select|   0|  0|   5|           1|           4|
    |select_ln117_1239_fu_748_p3   |    select|   0|  0|   4|           1|           4|
    |select_ln117_1240_fu_762_p3   |    select|   0|  0|   4|           1|           4|
    |select_ln117_1241_fu_770_p3   |    select|   0|  0|   4|           1|           4|
    |select_ln117_1242_fu_836_p3   |    select|   0|  0|   4|           1|           4|
    |select_ln117_1243_fu_848_p3   |    select|   0|  0|   4|           1|           4|
    |select_ln117_1244_fu_859_p3   |    select|   0|  0|   4|           1|           4|
    |select_ln117_1245_fu_873_p3   |    select|   0|  0|   4|           1|           4|
    |select_ln117_1246_fu_889_p3   |    select|   0|  0|   6|           1|           5|
    |select_ln117_1247_fu_897_p3   |    select|   0|  0|   5|           1|           5|
    |select_ln117_1248_fu_941_p3   |    select|   0|  0|   5|           1|           5|
    |select_ln117_1249_fu_954_p3   |    select|   0|  0|   5|           1|           5|
    |select_ln117_1250_fu_962_p3   |    select|   0|  0|   5|           1|           5|
    |select_ln117_1251_fu_970_p3   |    select|   0|  0|   5|           1|           5|
    |select_ln117_1252_fu_1005_p3  |    select|   0|  0|   5|           1|           5|
    |select_ln117_1253_fu_1018_p3  |    select|   0|  0|   5|           1|           5|
    |select_ln117_1254_fu_1030_p3  |    select|   0|  0|   5|           1|           5|
    |select_ln117_1255_fu_1038_p3  |    select|   0|  0|   5|           1|           5|
    |select_ln117_fu_619_p3        |    select|   0|  0|   3|           1|           2|
    |tmp_fu_1066_p56               |    select|   0|  0|   5|           1|           5|
    |xor_ln104_609_fu_500_p2       |       xor|   0|  0|   2|           1|           2|
    |xor_ln104_610_fu_518_p2       |       xor|   0|  0|   2|           1|           2|
    |xor_ln104_611_fu_534_p2       |       xor|   0|  0|   2|           1|           2|
    |xor_ln104_612_fu_543_p2       |       xor|   0|  0|   2|           1|           2|
    |xor_ln104_613_fu_782_p2       |       xor|   0|  0|   2|           1|           2|
    |xor_ln104_614_fu_557_p2       |       xor|   0|  0|   2|           1|           2|
    |xor_ln104_615_fu_669_p2       |       xor|   0|  0|   2|           1|           2|
    |xor_ln104_616_fu_792_p2       |       xor|   0|  0|   2|           1|           2|
    |xor_ln104_617_fu_797_p2       |       xor|   0|  0|   2|           1|           2|
    |xor_ln104_618_fu_909_p2       |       xor|   0|  0|   2|           1|           2|
    |xor_ln104_619_fu_977_p2       |       xor|   0|  0|   2|           1|           2|
    |xor_ln104_620_fu_592_p2       |       xor|   0|  0|   2|           1|           2|
    |xor_ln104_fu_494_p2           |       xor|   0|  0|   2|           1|           2|
    |xor_ln117_fu_603_p2           |       xor|   0|  0|   2|           2|           1|
    +------------------------------+----------+----+---+----+------------+------------+
    |Total                         |          |   0|  0| 892|         551|         501|
    +------------------------------+----------+----+---+----+------------+------------+

    * Multiplexer: 
    N/A

    * Register: 
    +---------------------------------------+----+----+-----+-----------+
    |                  Name                 | FF | LUT| Bits| Const Bits|
    +---------------------------------------+----+----+-----+-----------+
    |and_ln102_1227_reg_1343                |   1|   0|    1|          0|
    |and_ln102_1228_reg_1391                |   1|   0|    1|          0|
    |and_ln102_1229_reg_1355                |   1|   0|    1|          0|
    |and_ln102_1232_reg_1362                |   1|   0|    1|          0|
    |and_ln102_1234_reg_1397                |   1|   0|    1|          0|
    |and_ln102_1235_reg_1427                |   1|   0|    1|          0|
    |and_ln102_1236_reg_1452                |   1|   0|    1|          0|
    |and_ln102_1237_reg_1367                |   1|   0|    1|          0|
    |and_ln102_reg_1330                     |   1|   0|    1|          0|
    |and_ln104_246_reg_1337                 |   1|   0|    1|          0|
    |and_ln104_247_reg_1349                 |   1|   0|    1|          0|
    |and_ln104_247_reg_1349_pp0_iter2_reg   |   1|   0|    1|          0|
    |and_ln104_248_reg_1422                 |   1|   0|    1|          0|
    |and_ln104_reg_1323                     |   1|   0|    1|          0|
    |and_ln104_reg_1323_pp0_iter1_reg       |   1|   0|    1|          0|
    |icmp_ln86_1273_reg_1190                |   1|   0|    1|          0|
    |icmp_ln86_1275_reg_1198                |   1|   0|    1|          0|
    |icmp_ln86_1276_reg_1204                |   1|   0|    1|          0|
    |icmp_ln86_1277_reg_1210                |   1|   0|    1|          0|
    |icmp_ln86_1278_reg_1216                |   1|   0|    1|          0|
    |icmp_ln86_1279_reg_1222                |   1|   0|    1|          0|
    |icmp_ln86_1280_reg_1227                |   1|   0|    1|          0|
    |icmp_ln86_1281_reg_1232                |   1|   0|    1|          0|
    |icmp_ln86_1281_reg_1232_pp0_iter1_reg  |   1|   0|    1|          0|
    |icmp_ln86_1282_reg_1238                |   1|   0|    1|          0|
    |icmp_ln86_1283_reg_1244                |   1|   0|    1|          0|
    |icmp_ln86_1284_reg_1250                |   1|   0|    1|          0|
    |icmp_ln86_1285_reg_1256                |   1|   0|    1|          0|
    |icmp_ln86_1286_reg_1262                |   1|   0|    1|          0|
    |icmp_ln86_1287_reg_1268                |   1|   0|    1|          0|
    |icmp_ln86_1287_reg_1268_pp0_iter1_reg  |   1|   0|    1|          0|
    |icmp_ln86_1288_reg_1273                |   1|   0|    1|          0|
    |icmp_ln86_1288_reg_1273_pp0_iter1_reg  |   1|   0|    1|          0|
    |icmp_ln86_1289_reg_1278                |   1|   0|    1|          0|
    |icmp_ln86_1289_reg_1278_pp0_iter1_reg  |   1|   0|    1|          0|
    |icmp_ln86_1290_reg_1283                |   1|   0|    1|          0|
    |icmp_ln86_1291_reg_1288                |   1|   0|    1|          0|
    |icmp_ln86_1292_reg_1293                |   1|   0|    1|          0|
    |icmp_ln86_1293_reg_1298                |   1|   0|    1|          0|
    |icmp_ln86_1294_reg_1303                |   1|   0|    1|          0|
    |icmp_ln86_1295_reg_1308                |   1|   0|    1|          0|
    |icmp_ln86_1296_reg_1313                |   1|   0|    1|          0|
    |icmp_ln86_1297_reg_1318                |   1|   0|    1|          0|
    |or_ln117_1155_reg_1373                 |   1|   0|    1|          0|
    |or_ln117_1157_reg_1385                 |   1|   0|    1|          0|
    |or_ln117_1161_reg_1403                 |   1|   0|    1|          0|
    |or_ln117_1163_reg_1413                 |   1|   0|    1|          0|
    |or_ln117_1167_reg_1433                 |   1|   0|    1|          0|
    |or_ln117_1171_reg_1444                 |   1|   0|    1|          0|
    |or_ln117_1171_reg_1444_pp0_iter4_reg   |   1|   0|    1|          0|
    |or_ln117_1175_reg_1463                 |   1|   0|    1|          0|
    |p_read10_int_reg                       |  18|   0|   18|          0|
    |p_read11_int_reg                       |  18|   0|   18|          0|
    |p_read12_int_reg                       |  18|   0|   18|          0|
    |p_read13_int_reg                       |  18|   0|   18|          0|
    |p_read14_int_reg                       |  18|   0|   18|          0|
    |p_read15_int_reg                       |  18|   0|   18|          0|
    |p_read16_int_reg                       |  18|   0|   18|          0|
    |p_read1_int_reg                        |  18|   0|   18|          0|
    |p_read2_int_reg                        |  18|   0|   18|          0|
    |p_read3_int_reg                        |  18|   0|   18|          0|
    |p_read4_int_reg                        |  18|   0|   18|          0|
    |p_read5_int_reg                        |  18|   0|   18|          0|
    |p_read6_int_reg                        |  18|   0|   18|          0|
    |p_read7_int_reg                        |  18|   0|   18|          0|
    |p_read8_int_reg                        |  18|   0|   18|          0|
    |p_read9_int_reg                        |  18|   0|   18|          0|
    |select_ln117_1235_reg_1380             |   3|   0|    3|          0|
    |select_ln117_1241_reg_1408             |   4|   0|    4|          0|
    |select_ln117_1247_reg_1439             |   5|   0|    5|          0|
    |select_ln117_1251_reg_1458             |   5|   0|    5|          0|
    |select_ln117_1255_reg_1469             |   5|   0|    5|          0|
    |and_ln102_1229_reg_1355                |  64|  32|    1|          0|
    |and_ln102_1237_reg_1367                |  64|  32|    1|          0|
    |and_ln102_reg_1330                     |  64|  32|    1|          0|
    |icmp_ln86_1277_reg_1210                |  64|  32|    1|          0|
    |icmp_ln86_1282_reg_1238                |  64|  32|    1|          0|
    |icmp_ln86_1283_reg_1244                |  64|  32|    1|          0|
    |icmp_ln86_1284_reg_1250                |  64|  32|    1|          0|
    |icmp_ln86_1285_reg_1256                |  64|  32|    1|          0|
    |icmp_ln86_1290_reg_1283                |  64|  32|    1|          0|
    |icmp_ln86_1291_reg_1288                |  64|  32|    1|          0|
    |icmp_ln86_1292_reg_1293                |  64|  32|    1|          0|
    |icmp_ln86_1293_reg_1298                |  64|  32|    1|          0|
    |icmp_ln86_1294_reg_1303                |  64|  32|    1|          0|
    |icmp_ln86_1295_reg_1308                |  64|  32|    1|          0|
    |icmp_ln86_1296_reg_1313                |  64|  32|    1|          0|
    |icmp_ln86_1297_reg_1318                |  64|  32|    1|          0|
    +---------------------------------------+----+----+-----+-----------+
    |Total                                  |1385| 512|  377|          0|
    +---------------------------------------+----+----+-----+-----------+



================================================================
== Interface
================================================================
* Summary: 
+-----------+-----+-----+------------+----------------------+--------------+
| RTL Ports | Dir | Bits|  Protocol  |     Source Object    |    C Type    |
+-----------+-----+-----+------------+----------------------+--------------+
|ap_clk     |   in|    1|  ap_ctrl_hs|  decision_function.48|  return value|
|ap_rst     |   in|    1|  ap_ctrl_hs|  decision_function.48|  return value|
|ap_return  |  out|   12|  ap_ctrl_hs|  decision_function.48|  return value|
|ap_ce      |   in|    1|  ap_ctrl_hs|  decision_function.48|  return value|
|p_read1    |   in|   18|     ap_none|               p_read1|        scalar|
|p_read2    |   in|   18|     ap_none|               p_read2|        scalar|
|p_read3    |   in|   18|     ap_none|               p_read3|        scalar|
|p_read4    |   in|   18|     ap_none|               p_read4|        scalar|
|p_read5    |   in|   18|     ap_none|               p_read5|        scalar|
|p_read6    |   in|   18|     ap_none|               p_read6|        scalar|
|p_read7    |   in|   18|     ap_none|               p_read7|        scalar|
|p_read8    |   in|   18|     ap_none|               p_read8|        scalar|
|p_read9    |   in|   18|     ap_none|               p_read9|        scalar|
|p_read10   |   in|   18|     ap_none|              p_read10|        scalar|
|p_read11   |   in|   18|     ap_none|              p_read11|        scalar|
|p_read12   |   in|   18|     ap_none|              p_read12|        scalar|
|p_read13   |   in|   18|     ap_none|              p_read13|        scalar|
|p_read14   |   in|   18|     ap_none|              p_read14|        scalar|
|p_read15   |   in|   18|     ap_none|              p_read15|        scalar|
|p_read16   |   in|   18|     ap_none|              p_read16|        scalar|
+-----------+-----+-----+------------+----------------------+--------------+

