

================================================================
== Vitis HLS Report for 'decision_function_8'
================================================================
* Date:           Thu Jan 23 13:49:34 2025

* Version:        2024.1 (Build 5069499 on May 21 2024)
* Project:        conifer_jettag
* Solution:       solution1 (Vivado IP Flow Target)
* Product family: zynq
* Target device:  xc7z020-clg400-1


================================================================
== Performance Estimates
================================================================
+ Timing: 
    * Summary: 
    +--------+---------+----------+------------+
    |  Clock |  Target | Estimated| Uncertainty|
    +--------+---------+----------+------------+
    |ap_clk  |  5.00 ns|  3.645 ns|     1.35 ns|
    +--------+---------+----------+------------+

+ Latency: 
    * Summary: 
    +---------+---------+-----------+-----------+-----+-----+---------+
    |  Latency (cycles) |   Latency (absolute)  |  Interval | Pipeline|
    |   min   |   max   |    min    |    max    | min | max |   Type  |
    +---------+---------+-----------+-----------+-----+-----+---------+
    |        7|        7|  35.000 ns|  35.000 ns|    1|    1|      yes|
    +---------+---------+-----------+-----------+-----+-----+---------+

    + Detail: 
        * Instance: 
        N/A

        * Loop: 
        N/A



================================================================
== Utilization Estimates
================================================================
* Summary: 
+-----------------+---------+-----+--------+-------+-----+
|       Name      | BRAM_18K| DSP |   FF   |  LUT  | URAM|
+-----------------+---------+-----+--------+-------+-----+
|DSP              |        -|    -|       -|      -|    -|
|Expression       |        -|    -|       0|    915|    -|
|FIFO             |        -|    -|       -|      -|    -|
|Instance         |        -|    -|       0|    121|    -|
|Memory           |        -|    -|       -|      -|    -|
|Multiplexer      |        -|    -|       -|      -|    -|
|Register         |        -|    -|    1847|    704|    -|
+-----------------+---------+-----+--------+-------+-----+
|Total            |        0|    0|    1847|   1740|    0|
+-----------------+---------+-----+--------+-------+-----+
|Available        |      280|  220|  106400|  53200|    0|
+-----------------+---------+-----+--------+-------+-----+
|Utilization (%)  |        0|    0|       1|      3|    0|
+-----------------+---------+-----+--------+-------+-----+

+ Detail: 
    * Instance: 
    +--------------------------------+--------------------------+---------+----+---+-----+-----+
    |            Instance            |          Module          | BRAM_18K| DSP| FF| LUT | URAM|
    +--------------------------------+--------------------------+---------+----+---+-----+-----+
    |sparsemux_55_5_12_1_1_x1_U2091  |sparsemux_55_5_12_1_1_x1  |        0|   0|  0|  121|    0|
    +--------------------------------+--------------------------+---------+----+---+-----+-----+
    |Total                           |                          |        0|   0|  0|  121|    0|
    +--------------------------------+--------------------------+---------+----+---+-----+-----+

    * DSP: 
    N/A

    * Memory: 
    N/A

    * FIFO: 
    N/A

    * Expression: 
    +-----------------------------+----------+----+---+----+------------+------------+
    |        Variable Name        | Operation| DSP| FF| LUT| Bitwidth P0| Bitwidth P1|
    +-----------------------------+----------+----+---+----+------------+------------+
    |and_ln102_192_fu_548_p2      |       and|   0|  0|   2|           1|           1|
    |and_ln102_193_fu_614_p2      |       and|   0|  0|   2|           1|           1|
    |and_ln102_194_fu_726_p2      |       and|   0|  0|   2|           1|           1|
    |and_ln102_195_fu_562_p2      |       and|   0|  0|   2|           1|           1|
    |and_ln102_196_fu_578_p2      |       and|   0|  0|   2|           1|           1|
    |and_ln102_197_fu_633_p2      |       and|   0|  0|   2|           1|           1|
    |and_ln102_198_fu_747_p2      |       and|   0|  0|   2|           1|           1|
    |and_ln102_199_fu_751_p2      |       and|   0|  0|   2|           1|           1|
    |and_ln102_200_fu_869_p2      |       and|   0|  0|   2|           1|           1|
    |and_ln102_201_fu_982_p2      |       and|   0|  0|   2|           1|           1|
    |and_ln102_202_fu_583_p2      |       and|   0|  0|   2|           1|           1|
    |and_ln102_203_fu_638_p2      |       and|   0|  0|   2|           1|           1|
    |and_ln102_204_fu_647_p2      |       and|   0|  0|   2|           1|           1|
    |and_ln102_205_fu_756_p2      |       and|   0|  0|   2|           1|           1|
    |and_ln102_206_fu_765_p2      |       and|   0|  0|   2|           1|           1|
    |and_ln102_207_fu_770_p2      |       and|   0|  0|   2|           1|           1|
    |and_ln102_208_fu_878_p2      |       and|   0|  0|   2|           1|           1|
    |and_ln102_209_fu_883_p2      |       and|   0|  0|   2|           1|           1|
    |and_ln102_210_fu_892_p2      |       and|   0|  0|   2|           1|           1|
    |and_ln102_211_fu_986_p2      |       and|   0|  0|   2|           1|           1|
    |and_ln102_212_fu_995_p2      |       and|   0|  0|   2|           1|           1|
    |and_ln102_213_fu_1000_p2     |       and|   0|  0|   2|           1|           1|
    |and_ln102_214_fu_1080_p2     |       and|   0|  0|   2|           1|           1|
    |and_ln102_215_fu_1109_p2     |       and|   0|  0|   2|           1|           1|
    |and_ln102_216_fu_642_p2      |       and|   0|  0|   2|           1|           1|
    |and_ln102_217_fu_760_p2      |       and|   0|  0|   2|           1|           1|
    |and_ln102_218_fu_873_p2      |       and|   0|  0|   2|           1|           1|
    |and_ln102_219_fu_887_p2      |       and|   0|  0|   2|           1|           1|
    |and_ln102_220_fu_990_p2      |       and|   0|  0|   2|           1|           1|
    |and_ln102_221_fu_1075_p2     |       and|   0|  0|   2|           1|           1|
    |and_ln102_fu_544_p2          |       and|   0|  0|   2|           1|           1|
    |and_ln104_39_fu_557_p2       |       and|   0|  0|   2|           1|           1|
    |and_ln104_40_fu_623_p2       |       and|   0|  0|   2|           1|           1|
    |and_ln104_41_fu_736_p2       |       and|   0|  0|   2|           1|           1|
    |and_ln104_42_fu_572_p2       |       and|   0|  0|   2|           1|           1|
    |and_ln104_43_fu_593_p2       |       and|   0|  0|   2|           1|           1|
    |and_ln104_fu_721_p2          |       and|   0|  0|   2|           1|           1|
    |icmp_ln86_203_fu_378_p2      |      icmp|   0|  0|  25|          18|           3|
    |icmp_ln86_204_fu_384_p2      |      icmp|   0|  0|  25|          18|           9|
    |icmp_ln86_205_fu_390_p2      |      icmp|   0|  0|  25|          18|          11|
    |icmp_ln86_206_fu_396_p2      |      icmp|   0|  0|  25|          18|          13|
    |icmp_ln86_207_fu_402_p2      |      icmp|   0|  0|  25|          18|           6|
    |icmp_ln86_208_fu_408_p2      |      icmp|   0|  0|  25|          18|           8|
    |icmp_ln86_209_fu_414_p2      |      icmp|   0|  0|  25|          18|          10|
    |icmp_ln86_210_fu_420_p2      |      icmp|   0|  0|  25|          18|           7|
    |icmp_ln86_211_fu_426_p2      |      icmp|   0|  0|  25|          18|          13|
    |icmp_ln86_212_fu_432_p2      |      icmp|   0|  0|  25|          18|           9|
    |icmp_ln86_213_fu_438_p2      |      icmp|   0|  0|  25|          18|          14|
    |icmp_ln86_214_fu_444_p2      |      icmp|   0|  0|  25|          18|          10|
    |icmp_ln86_215_fu_450_p2      |      icmp|   0|  0|  25|          18|          10|
    |icmp_ln86_216_fu_456_p2      |      icmp|   0|  0|  25|          18|          11|
    |icmp_ln86_218_fu_478_p2      |      icmp|   0|  0|  25|          18|          11|
    |icmp_ln86_219_fu_484_p2      |      icmp|   0|  0|  25|          18|          13|
    |icmp_ln86_220_fu_490_p2      |      icmp|   0|  0|  25|          18|          14|
    |icmp_ln86_221_fu_496_p2      |      icmp|   0|  0|  25|          18|          16|
    |icmp_ln86_222_fu_502_p2      |      icmp|   0|  0|  25|          18|          15|
    |icmp_ln86_223_fu_508_p2      |      icmp|   0|  0|  25|          18|           9|
    |icmp_ln86_224_fu_514_p2      |      icmp|   0|  0|  25|          18|           9|
    |icmp_ln86_225_fu_520_p2      |      icmp|   0|  0|  25|          18|           8|
    |icmp_ln86_226_fu_526_p2      |      icmp|   0|  0|  25|          18|          12|
    |icmp_ln86_227_fu_532_p2      |      icmp|   0|  0|  25|          18|          10|
    |icmp_ln86_566_fu_472_p2      |      icmp|   0|  0|  13|           4|           1|
    |icmp_ln86_fu_372_p2          |      icmp|   0|  0|  25|          18|          12|
    |or_ln117_191_fu_660_p2       |        or|   0|  0|   2|           1|           1|
    |or_ln117_192_fu_672_p2       |        or|   0|  0|   2|           1|           1|
    |or_ln117_193_fu_690_p2       |        or|   0|  0|   2|           1|           1|
    |or_ln117_194_fu_775_p2       |        or|   0|  0|   2|           1|           1|
    |or_ln117_195_fu_710_p2       |        or|   0|  0|   2|           1|           1|
    |or_ln117_196_fu_787_p2       |        or|   0|  0|   2|           1|           1|
    |or_ln117_197_fu_803_p2       |        or|   0|  0|   2|           1|           1|
    |or_ln117_198_fu_815_p2       |        or|   0|  0|   2|           1|           1|
    |or_ln117_199_fu_829_p2       |        or|   0|  0|   2|           1|           1|
    |or_ln117_200_fu_897_p2       |        or|   0|  0|   2|           1|           1|
    |or_ln117_201_fu_851_p2       |        or|   0|  0|   2|           1|           1|
    |or_ln117_202_fu_909_p2       |        or|   0|  0|   2|           1|           1|
    |or_ln117_203_fu_921_p2       |        or|   0|  0|   2|           1|           1|
    |or_ln117_204_fu_933_p2       |        or|   0|  0|   2|           1|           1|
    |or_ln117_205_fu_951_p2       |        or|   0|  0|   2|           1|           1|
    |or_ln117_206_fu_1005_p2      |        or|   0|  0|   2|           1|           1|
    |or_ln117_207_fu_971_p2       |        or|   0|  0|   2|           1|           1|
    |or_ln117_208_fu_1017_p2      |        or|   0|  0|   2|           1|           1|
    |or_ln117_209_fu_855_p2       |        or|   0|  0|   2|           1|           1|
    |or_ln117_210_fu_1037_p2      |        or|   0|  0|   2|           1|           1|
    |or_ln117_211_fu_1049_p2      |        or|   0|  0|   2|           1|           1|
    |or_ln117_212_fu_1085_p2      |        or|   0|  0|   2|           1|           1|
    |or_ln117_213_fu_1090_p2      |        or|   0|  0|   2|           1|           1|
    |or_ln117_214_fu_1113_p2      |        or|   0|  0|   2|           1|           1|
    |or_ln117_215_fu_1118_p2      |        or|   0|  0|   2|           1|           1|
    |or_ln117_216_fu_599_p2       |        or|   0|  0|   2|           1|           1|
    |or_ln117_217_fu_604_p2       |        or|   0|  0|   2|           1|           1|
    |or_ln117_218_fu_609_p2       |        or|   0|  0|   2|           1|           1|
    |or_ln117_fu_652_p2           |        or|   0|  0|   2|           1|           1|
    |ap_return                    |    select|   0|  0|  12|           1|          12|
    |select_ln117_197_fu_678_p3   |    select|   0|  0|   2|           1|           2|
    |select_ln117_198_fu_694_p3   |    select|   0|  0|   4|           1|           3|
    |select_ln117_199_fu_702_p3   |    select|   0|  0|   3|           1|           3|
    |select_ln117_200_fu_780_p3   |    select|   0|  0|   3|           1|           3|
    |select_ln117_201_fu_792_p3   |    select|   0|  0|   3|           1|           3|
    |select_ln117_202_fu_807_p3   |    select|   0|  0|   5|           1|           4|
    |select_ln117_203_fu_821_p3   |    select|   0|  0|   4|           1|           4|
    |select_ln117_204_fu_835_p3   |    select|   0|  0|   4|           1|           4|
    |select_ln117_205_fu_843_p3   |    select|   0|  0|   4|           1|           4|
    |select_ln117_206_fu_902_p3   |    select|   0|  0|   4|           1|           4|
    |select_ln117_207_fu_914_p3   |    select|   0|  0|   4|           1|           4|
    |select_ln117_208_fu_925_p3   |    select|   0|  0|   4|           1|           4|
    |select_ln117_209_fu_939_p3   |    select|   0|  0|   4|           1|           4|
    |select_ln117_210_fu_955_p3   |    select|   0|  0|   6|           1|           5|
    |select_ln117_211_fu_963_p3   |    select|   0|  0|   5|           1|           5|
    |select_ln117_212_fu_1010_p3  |    select|   0|  0|   5|           1|           5|
    |select_ln117_213_fu_1022_p3  |    select|   0|  0|   5|           1|           5|
    |select_ln117_214_fu_1029_p3  |    select|   0|  0|   5|           1|           5|
    |select_ln117_215_fu_1042_p3  |    select|   0|  0|   5|           1|           5|
    |select_ln117_216_fu_1054_p3  |    select|   0|  0|   5|           1|           5|
    |select_ln117_217_fu_1062_p3  |    select|   0|  0|   5|           1|           5|
    |select_ln117_218_fu_1094_p3  |    select|   0|  0|   5|           1|           5|
    |select_ln117_219_fu_1101_p3  |    select|   0|  0|   5|           1|           5|
    |select_ln117_fu_664_p3       |    select|   0|  0|   3|           1|           2|
    |tmp_fu_1129_p56              |    select|   0|  0|   5|           1|           5|
    |xor_ln104_100_fu_731_p2      |       xor|   0|  0|   2|           1|           2|
    |xor_ln104_101_fu_567_p2      |       xor|   0|  0|   2|           1|           2|
    |xor_ln104_102_fu_628_p2      |       xor|   0|  0|   2|           1|           2|
    |xor_ln104_103_fu_742_p2      |       xor|   0|  0|   2|           1|           2|
    |xor_ln104_104_fu_859_p2      |       xor|   0|  0|   2|           1|           2|
    |xor_ln104_105_fu_864_p2      |       xor|   0|  0|   2|           1|           2|
    |xor_ln104_106_fu_977_p2      |       xor|   0|  0|   2|           1|           2|
    |xor_ln104_107_fu_1070_p2     |       xor|   0|  0|   2|           1|           2|
    |xor_ln104_108_fu_588_p2      |       xor|   0|  0|   2|           1|           2|
    |xor_ln104_97_fu_716_p2       |       xor|   0|  0|   2|           1|           2|
    |xor_ln104_98_fu_552_p2       |       xor|   0|  0|   2|           1|           2|
    |xor_ln104_99_fu_618_p2       |       xor|   0|  0|   2|           1|           2|
    |xor_ln104_fu_538_p2          |       xor|   0|  0|   2|           1|           2|
    +-----------------------------+----------+----+---+----+------------+------------+
    |Total                        |          |   0|  0| 915|         559|         471|
    +-----------------------------+----------+----+---+----+------------+------------+

    * Multiplexer: 
    N/A

    * Register: 
    +--------------------------------------+----+----+-----+-----------+
    |                 Name                 | FF | LUT| Bits| Const Bits|
    +--------------------------------------+----+----+-----+-----------+
    |and_ln102_193_reg_1450                |   1|   0|    1|          0|
    |and_ln102_194_reg_1486                |   1|   0|    1|          0|
    |and_ln102_195_reg_1419                |   1|   0|    1|          0|
    |and_ln102_196_reg_1426                |   1|   0|    1|          0|
    |and_ln102_197_reg_1462                |   1|   0|    1|          0|
    |and_ln102_199_reg_1498                |   1|   0|    1|          0|
    |and_ln102_200_reg_1530                |   1|   0|    1|          0|
    |and_ln102_202_reg_1432                |   1|   0|    1|          0|
    |and_ln102_reg_1406                    |   1|   0|    1|          0|
    |and_ln102_reg_1406_pp0_iter2_reg      |   1|   0|    1|          0|
    |and_ln104_39_reg_1413                 |   1|   0|    1|          0|
    |and_ln104_40_reg_1456                 |   1|   0|    1|          0|
    |and_ln104_40_reg_1456_pp0_iter3_reg   |   1|   0|    1|          0|
    |and_ln104_41_reg_1492                 |   1|   0|    1|          0|
    |and_ln104_41_reg_1492_pp0_iter4_reg   |   1|   0|    1|          0|
    |and_ln104_43_reg_1438                 |   1|   0|    1|          0|
    |icmp_ln86_203_reg_1261                |   1|   0|    1|          0|
    |icmp_ln86_204_reg_1267                |   1|   0|    1|          0|
    |icmp_ln86_205_reg_1273                |   1|   0|    1|          0|
    |icmp_ln86_205_reg_1273_pp0_iter1_reg  |   1|   0|    1|          0|
    |icmp_ln86_206_reg_1279                |   1|   0|    1|          0|
    |icmp_ln86_207_reg_1285                |   1|   0|    1|          0|
    |icmp_ln86_208_reg_1292                |   1|   0|    1|          0|
    |icmp_ln86_208_reg_1292_pp0_iter1_reg  |   1|   0|    1|          0|
    |icmp_ln86_209_reg_1298                |   1|   0|    1|          0|
    |icmp_ln86_210_reg_1304                |   1|   0|    1|          0|
    |icmp_ln86_211_reg_1310                |   1|   0|    1|          0|
    |icmp_ln86_212_reg_1316                |   1|   0|    1|          0|
    |icmp_ln86_213_reg_1322                |   1|   0|    1|          0|
    |icmp_ln86_214_reg_1328                |   1|   0|    1|          0|
    |icmp_ln86_215_reg_1335                |   1|   0|    1|          0|
    |icmp_ln86_215_reg_1335_pp0_iter1_reg  |   1|   0|    1|          0|
    |icmp_ln86_216_reg_1340                |   1|   0|    1|          0|
    |icmp_ln86_216_reg_1340_pp0_iter1_reg  |   1|   0|    1|          0|
    |icmp_ln86_218_reg_1350                |   1|   0|    1|          0|
    |icmp_ln86_219_reg_1355                |   1|   0|    1|          0|
    |icmp_ln86_220_reg_1360                |   1|   0|    1|          0|
    |icmp_ln86_221_reg_1365                |   1|   0|    1|          0|
    |icmp_ln86_222_reg_1370                |   1|   0|    1|          0|
    |icmp_ln86_223_reg_1375                |   1|   0|    1|          0|
    |icmp_ln86_224_reg_1380                |   1|   0|    1|          0|
    |icmp_ln86_225_reg_1385                |   1|   0|    1|          0|
    |icmp_ln86_226_reg_1390                |   1|   0|    1|          0|
    |icmp_ln86_227_reg_1395                |   1|   0|    1|          0|
    |icmp_ln86_566_reg_1345                |   1|   0|    1|          0|
    |icmp_ln86_reg_1253                    |   1|   0|    1|          0|
    |or_ln117_193_reg_1467                 |   1|   0|    1|          0|
    |or_ln117_195_reg_1480                 |   1|   0|    1|          0|
    |or_ln117_199_reg_1504                 |   1|   0|    1|          0|
    |or_ln117_201_reg_1514                 |   1|   0|    1|          0|
    |or_ln117_205_reg_1535                 |   1|   0|    1|          0|
    |or_ln117_207_reg_1545                 |   1|   0|    1|          0|
    |or_ln117_209_reg_1522                 |   1|   0|    1|          0|
    |or_ln117_211_reg_1551                 |   1|   0|    1|          0|
    |or_ln117_213_reg_1561                 |   1|   0|    1|          0|
    |or_ln117_218_reg_1445                 |   1|   0|    1|          0|
    |p_read10_int_reg                      |  18|   0|   18|          0|
    |p_read11_int_reg                      |  18|   0|   18|          0|
    |p_read12_int_reg                      |  18|   0|   18|          0|
    |p_read13_int_reg                      |  18|   0|   18|          0|
    |p_read14_int_reg                      |  18|   0|   18|          0|
    |p_read15_int_reg                      |  18|   0|   18|          0|
    |p_read16_int_reg                      |  18|   0|   18|          0|
    |p_read17_int_reg                      |  18|   0|   18|          0|
    |p_read18_int_reg                      |  18|   0|   18|          0|
    |p_read19_int_reg                      |  18|   0|   18|          0|
    |p_read1_int_reg                       |  18|   0|   18|          0|
    |p_read20_int_reg                      |  18|   0|   18|          0|
    |p_read2_int_reg                       |  18|   0|   18|          0|
    |p_read3_int_reg                       |  18|   0|   18|          0|
    |p_read4_int_reg                       |  18|   0|   18|          0|
    |p_read5_int_reg                       |  18|   0|   18|          0|
    |p_read6_int_reg                       |  18|   0|   18|          0|
    |p_read7_int_reg                       |  18|   0|   18|          0|
    |p_read8_int_reg                       |  18|   0|   18|          0|
    |p_read9_int_reg                       |  18|   0|   18|          0|
    |select_ln117_199_reg_1475             |   3|   0|    3|          0|
    |select_ln117_205_reg_1509             |   4|   0|    4|          0|
    |select_ln117_211_reg_1540             |   5|   0|    5|          0|
    |select_ln117_217_reg_1556             |   5|   0|    5|          0|
    |select_ln117_219_reg_1567             |   5|   0|    5|          0|
    |xor_ln104_reg_1400                    |   1|   0|    1|          0|
    |and_ln102_195_reg_1419                |  64|  32|    1|          0|
    |and_ln102_202_reg_1432                |  64|  32|    1|          0|
    |icmp_ln86_203_reg_1261                |  64|  32|    1|          0|
    |icmp_ln86_206_reg_1279                |  64|  32|    1|          0|
    |icmp_ln86_209_reg_1298                |  64|  32|    1|          0|
    |icmp_ln86_210_reg_1304                |  64|  32|    1|          0|
    |icmp_ln86_211_reg_1310                |  64|  32|    1|          0|
    |icmp_ln86_212_reg_1316                |  64|  32|    1|          0|
    |icmp_ln86_213_reg_1322                |  64|  32|    1|          0|
    |icmp_ln86_218_reg_1350                |  64|  32|    1|          0|
    |icmp_ln86_219_reg_1355                |  64|  32|    1|          0|
    |icmp_ln86_220_reg_1360                |  64|  32|    1|          0|
    |icmp_ln86_221_reg_1365                |  64|  32|    1|          0|
    |icmp_ln86_222_reg_1370                |  64|  32|    1|          0|
    |icmp_ln86_223_reg_1375                |  64|  32|    1|          0|
    |icmp_ln86_224_reg_1380                |  64|  32|    1|          0|
    |icmp_ln86_225_reg_1385                |  64|  32|    1|          0|
    |icmp_ln86_226_reg_1390                |  64|  32|    1|          0|
    |icmp_ln86_227_reg_1395                |  64|  32|    1|          0|
    |icmp_ln86_566_reg_1345                |  64|  32|    1|          0|
    |icmp_ln86_reg_1253                    |  64|  32|    1|          0|
    |or_ln117_209_reg_1522                 |  64|  32|    1|          0|
    +--------------------------------------+----+----+-----+-----------+
    |Total                                 |1847| 704|  461|          0|
    +--------------------------------------+----+----+-----+-----------+



================================================================
== Interface
================================================================
* Summary: 
+-----------+-----+-----+------------+---------------------+--------------+
| RTL Ports | Dir | Bits|  Protocol  |    Source Object    |    C Type    |
+-----------+-----+-----+------------+---------------------+--------------+
|ap_clk     |   in|    1|  ap_ctrl_hs|  decision_function.8|  return value|
|ap_rst     |   in|    1|  ap_ctrl_hs|  decision_function.8|  return value|
|ap_return  |  out|   12|  ap_ctrl_hs|  decision_function.8|  return value|
|ap_ce      |   in|    1|  ap_ctrl_hs|  decision_function.8|  return value|
|p_read1    |   in|   18|     ap_none|              p_read1|        scalar|
|p_read2    |   in|   18|     ap_none|              p_read2|        scalar|
|p_read3    |   in|   18|     ap_none|              p_read3|        scalar|
|p_read4    |   in|   18|     ap_none|              p_read4|        scalar|
|p_read5    |   in|   18|     ap_none|              p_read5|        scalar|
|p_read6    |   in|   18|     ap_none|              p_read6|        scalar|
|p_read7    |   in|   18|     ap_none|              p_read7|        scalar|
|p_read8    |   in|   18|     ap_none|              p_read8|        scalar|
|p_read9    |   in|   18|     ap_none|              p_read9|        scalar|
|p_read10   |   in|   18|     ap_none|             p_read10|        scalar|
|p_read11   |   in|   18|     ap_none|             p_read11|        scalar|
|p_read12   |   in|   18|     ap_none|             p_read12|        scalar|
|p_read13   |   in|   18|     ap_none|             p_read13|        scalar|
|p_read14   |   in|   18|     ap_none|             p_read14|        scalar|
|p_read15   |   in|   18|     ap_none|             p_read15|        scalar|
|p_read16   |   in|   18|     ap_none|             p_read16|        scalar|
|p_read17   |   in|   18|     ap_none|             p_read17|        scalar|
|p_read18   |   in|   18|     ap_none|             p_read18|        scalar|
|p_read19   |   in|   18|     ap_none|             p_read19|        scalar|
|p_read20   |   in|   18|     ap_none|             p_read20|        scalar|
+-----------+-----+-----+------------+---------------------+--------------+

