

================================================================
== Vitis HLS Report for 'decision_function_61'
================================================================
* Date:           Thu Jan 23 13:49:02 2025

* Version:        2024.1 (Build 5069499 on May 21 2024)
* Project:        conifer_jettag
* Solution:       solution1 (Vivado IP Flow Target)
* Product family: zynq
* Target device:  xc7z020-clg400-1


================================================================
== Performance Estimates
================================================================
+ Timing: 
    * Summary: 
    +--------+---------+----------+------------+
    |  Clock |  Target | Estimated| Uncertainty|
    +--------+---------+----------+------------+
    |ap_clk  |  5.00 ns|  3.645 ns|     1.35 ns|
    +--------+---------+----------+------------+

+ Latency: 
    * Summary: 
    +---------+---------+-----------+-----------+-----+-----+---------+
    |  Latency (cycles) |   Latency (absolute)  |  Interval | Pipeline|
    |   min   |   max   |    min    |    max    | min | max |   Type  |
    +---------+---------+-----------+-----------+-----+-----+---------+
    |        8|        8|  40.000 ns|  40.000 ns|    1|    1|      yes|
    +---------+---------+-----------+-----------+-----+-----+---------+

    + Detail: 
        * Instance: 
        N/A

        * Loop: 
        N/A



================================================================
== Utilization Estimates
================================================================
* Summary: 
+-----------------+---------+-----+--------+-------+-----+
|       Name      | BRAM_18K| DSP |   FF   |  LUT  | URAM|
+-----------------+---------+-----+--------+-------+-----+
|DSP              |        -|    -|       -|      -|    -|
|Expression       |        -|    -|       0|    954|    -|
|FIFO             |        -|    -|       -|      -|    -|
|Instance         |        -|    -|       0|    125|    -|
|Memory           |        -|    -|       -|      -|    -|
|Multiplexer      |        -|    -|       -|      -|    -|
|Register         |        -|    -|    1859|    704|    -|
+-----------------+---------+-----+--------+-------+-----+
|Total            |        0|    0|    1859|   1783|    0|
+-----------------+---------+-----+--------+-------+-----+
|Available        |      280|  220|  106400|  53200|    0|
+-----------------+---------+-----+--------+-------+-----+
|Utilization (%)  |        0|    0|       1|      3|    0|
+-----------------+---------+-----+--------+-------+-----+

+ Detail: 
    * Instance: 
    +-----------------------------+-----------------------+---------+----+---+-----+-----+
    |           Instance          |         Module        | BRAM_18K| DSP| FF| LUT | URAM|
    +-----------------------------+-----------------------+---------+----+---+-----+-----+
    |sparsemux_57_5_13_1_1_U1042  |sparsemux_57_5_13_1_1  |        0|   0|  0|  125|    0|
    +-----------------------------+-----------------------+---------+----+---+-----+-----+
    |Total                        |                       |        0|   0|  0|  125|    0|
    +-----------------------------+-----------------------+---------+----+---+-----+-----+

    * DSP: 
    N/A

    * Memory: 
    N/A

    * FIFO: 
    N/A

    * Expression: 
    +------------------------------+----------+----+---+----+------------+------------+
    |         Variable Name        | Operation| DSP| FF| LUT| Bitwidth P0| Bitwidth P1|
    +------------------------------+----------+----+---+----+------------+------------+
    |and_ln102_1338_fu_570_p2      |       and|   0|  0|   2|           1|           1|
    |and_ln102_1339_fu_584_p2      |       and|   0|  0|   2|           1|           1|
    |and_ln102_1340_fu_589_p2      |       and|   0|  0|   2|           1|           1|
    |and_ln102_1341_fu_605_p2      |       and|   0|  0|   2|           1|           1|
    |and_ln102_1342_fu_864_p2      |       and|   0|  0|   2|           1|           1|
    |and_ln102_1343_fu_621_p2      |       and|   0|  0|   2|           1|           1|
    |and_ln102_1344_fu_663_p2      |       and|   0|  0|   2|           1|           1|
    |and_ln102_1345_fu_768_p2      |       and|   0|  0|   2|           1|           1|
    |and_ln102_1346_fu_626_p2      |       and|   0|  0|   2|           1|           1|
    |and_ln102_1347_fu_873_p2      |       and|   0|  0|   2|           1|           1|
    |and_ln102_1348_fu_877_p2      |       and|   0|  0|   2|           1|           1|
    |and_ln102_1349_fu_1096_p2     |       and|   0|  0|   2|           1|           1|
    |and_ln102_1350_fu_668_p2      |       and|   0|  0|   2|           1|           1|
    |and_ln102_1351_fu_672_p2      |       and|   0|  0|   2|           1|           1|
    |and_ln102_1352_fu_677_p2      |       and|   0|  0|   2|           1|           1|
    |and_ln102_1353_fu_772_p2      |       and|   0|  0|   2|           1|           1|
    |and_ln102_1354_fu_776_p2      |       and|   0|  0|   2|           1|           1|
    |and_ln102_1355_fu_781_p2      |       and|   0|  0|   2|           1|           1|
    |and_ln102_1356_fu_786_p2      |       and|   0|  0|   2|           1|           1|
    |and_ln102_1357_fu_882_p2      |       and|   0|  0|   2|           1|           1|
    |and_ln102_1358_fu_887_p2      |       and|   0|  0|   2|           1|           1|
    |and_ln102_1359_fu_892_p2      |       and|   0|  0|   2|           1|           1|
    |and_ln102_1360_fu_896_p2      |       and|   0|  0|   2|           1|           1|
    |and_ln102_1361_fu_1002_p2     |       and|   0|  0|   2|           1|           1|
    |and_ln102_1362_fu_1007_p2     |       and|   0|  0|   2|           1|           1|
    |and_ln102_1363_fu_1012_p2     |       and|   0|  0|   2|           1|           1|
    |and_ln102_1364_fu_1016_p2     |       and|   0|  0|   2|           1|           1|
    |and_ln102_1365_fu_1021_p2     |       and|   0|  0|   2|           1|           1|
    |and_ln102_1366_fu_1100_p2     |       and|   0|  0|   2|           1|           1|
    |and_ln102_1367_fu_1135_p2     |       and|   0|  0|   2|           1|           1|
    |and_ln102_1368_fu_1140_p2     |       and|   0|  0|   2|           1|           1|
    |and_ln102_fu_556_p2           |       and|   0|  0|   2|           1|           1|
    |and_ln104_197_fu_579_p2       |       and|   0|  0|   2|           1|           1|
    |and_ln104_198_fu_653_p2       |       and|   0|  0|   2|           1|           1|
    |and_ln104_199_fu_599_p2       |       and|   0|  0|   2|           1|           1|
    |and_ln104_200_fu_615_p2       |       and|   0|  0|   2|           1|           1|
    |and_ln104_201_fu_987_p2       |       and|   0|  0|   2|           1|           1|
    |and_ln104_202_fu_636_p2       |       and|   0|  0|   2|           1|           1|
    |and_ln104_fu_565_p2           |       and|   0|  0|   2|           1|           1|
    |icmp_ln86_1092_fu_384_p2      |      icmp|   0|  0|  25|          18|          15|
    |icmp_ln86_1093_fu_390_p2      |      icmp|   0|  0|  25|          18|          16|
    |icmp_ln86_1094_fu_396_p2      |      icmp|   0|  0|  25|          18|          18|
    |icmp_ln86_1095_fu_402_p2      |      icmp|   0|  0|  25|          18|          17|
    |icmp_ln86_1096_fu_408_p2      |      icmp|   0|  0|  25|          18|           8|
    |icmp_ln86_1097_fu_414_p2      |      icmp|   0|  0|  25|          18|          13|
    |icmp_ln86_1098_fu_420_p2      |      icmp|   0|  0|  25|          18|           6|
    |icmp_ln86_1099_fu_426_p2      |      icmp|   0|  0|  25|          18|          17|
    |icmp_ln86_1100_fu_432_p2      |      icmp|   0|  0|  25|          18|           7|
    |icmp_ln86_1101_fu_438_p2      |      icmp|   0|  0|  25|          18|           6|
    |icmp_ln86_1102_fu_444_p2      |      icmp|   0|  0|  25|          18|          16|
    |icmp_ln86_1103_fu_450_p2      |      icmp|   0|  0|  25|          18|           9|
    |icmp_ln86_1104_fu_456_p2      |      icmp|   0|  0|  25|          18|           9|
    |icmp_ln86_1105_fu_472_p2      |      icmp|   0|  0|  17|          14|           1|
    |icmp_ln86_1106_fu_478_p2      |      icmp|   0|  0|  25|          18|           4|
    |icmp_ln86_1107_fu_484_p2      |      icmp|   0|  0|  25|          18|          12|
    |icmp_ln86_1108_fu_490_p2      |      icmp|   0|  0|  25|          18|          18|
    |icmp_ln86_1109_fu_496_p2      |      icmp|   0|  0|  25|          18|          17|
    |icmp_ln86_1110_fu_502_p2      |      icmp|   0|  0|  25|          18|          13|
    |icmp_ln86_1111_fu_508_p2      |      icmp|   0|  0|  25|          18|           6|
    |icmp_ln86_1112_fu_514_p2      |      icmp|   0|  0|  25|          18|          17|
    |icmp_ln86_1113_fu_520_p2      |      icmp|   0|  0|  25|          18|          11|
    |icmp_ln86_1114_fu_526_p2      |      icmp|   0|  0|  25|          18|          17|
    |icmp_ln86_1115_fu_532_p2      |      icmp|   0|  0|  25|          18|          10|
    |icmp_ln86_1116_fu_538_p2      |      icmp|   0|  0|  25|          18|          11|
    |icmp_ln86_1117_fu_544_p2      |      icmp|   0|  0|  25|          18|          17|
    |icmp_ln86_fu_378_p2           |      icmp|   0|  0|  25|          18|          17|
    |or_ln117_963_fu_691_p2        |        or|   0|  0|   2|           1|           1|
    |or_ln117_964_fu_703_p2        |        or|   0|  0|   2|           1|           1|
    |or_ln117_965_fu_719_p2        |        or|   0|  0|   2|           1|           1|
    |or_ln117_966_fu_733_p2        |        or|   0|  0|   2|           1|           1|
    |or_ln117_967_fu_791_p2        |        or|   0|  0|   2|           1|           1|
    |or_ln117_968_fu_753_p2        |        or|   0|  0|   2|           1|           1|
    |or_ln117_969_fu_807_p2        |        or|   0|  0|   2|           1|           1|
    |or_ln117_970_fu_759_p2        |        or|   0|  0|   2|           1|           1|
    |or_ln117_971_fu_827_p2        |        or|   0|  0|   2|           1|           1|
    |or_ln117_972_fu_839_p2        |        or|   0|  0|   2|           1|           1|
    |or_ln117_973_fu_901_p2        |        or|   0|  0|   2|           1|           1|
    |or_ln117_974_fu_860_p2        |        or|   0|  0|   2|           1|           1|
    |or_ln117_975_fu_913_p2        |        or|   0|  0|   2|           1|           1|
    |or_ln117_976_fu_925_p2        |        or|   0|  0|   2|           1|           1|
    |or_ln117_977_fu_941_p2        |        or|   0|  0|   2|           1|           1|
    |or_ln117_978_fu_955_p2        |        or|   0|  0|   2|           1|           1|
    |or_ln117_979_fu_1026_p2       |        or|   0|  0|   2|           1|           1|
    |or_ln117_980_fu_977_p2        |        or|   0|  0|   2|           1|           1|
    |or_ln117_981_fu_1038_p2       |        or|   0|  0|   2|           1|           1|
    |or_ln117_982_fu_1050_p2       |        or|   0|  0|   2|           1|           1|
    |or_ln117_983_fu_1062_p2       |        or|   0|  0|   2|           1|           1|
    |or_ln117_984_fu_1076_p2       |        or|   0|  0|   2|           1|           1|
    |or_ln117_985_fu_1105_p2       |        or|   0|  0|   2|           1|           1|
    |or_ln117_986_fu_1110_p2       |        or|   0|  0|   2|           1|           1|
    |or_ln117_987_fu_1145_p2       |        or|   0|  0|   2|           1|           1|
    |or_ln117_988_fu_1277_p2       |        or|   0|  0|   2|           1|           1|
    |or_ln117_fu_642_p2            |        or|   0|  0|   2|           1|           1|
    |ap_return                     |    select|   0|  0|  13|           1|          13|
    |select_ln117_1058_fu_707_p3   |    select|   0|  0|   2|           1|           2|
    |select_ln117_1059_fu_725_p3   |    select|   0|  0|   4|           1|           3|
    |select_ln117_1060_fu_737_p3   |    select|   0|  0|   3|           1|           3|
    |select_ln117_1061_fu_745_p3   |    select|   0|  0|   3|           1|           3|
    |select_ln117_1062_fu_796_p3   |    select|   0|  0|   3|           1|           3|
    |select_ln117_1063_fu_812_p3   |    select|   0|  0|   5|           1|           4|
    |select_ln117_1064_fu_819_p3   |    select|   0|  0|   4|           1|           4|
    |select_ln117_1065_fu_832_p3   |    select|   0|  0|   4|           1|           4|
    |select_ln117_1066_fu_844_p3   |    select|   0|  0|   4|           1|           4|
    |select_ln117_1067_fu_852_p3   |    select|   0|  0|   4|           1|           4|
    |select_ln117_1068_fu_906_p3   |    select|   0|  0|   4|           1|           4|
    |select_ln117_1069_fu_918_p3   |    select|   0|  0|   4|           1|           4|
    |select_ln117_1070_fu_929_p3   |    select|   0|  0|   4|           1|           4|
    |select_ln117_1071_fu_947_p3   |    select|   0|  0|   6|           1|           5|
    |select_ln117_1072_fu_961_p3   |    select|   0|  0|   5|           1|           5|
    |select_ln117_1073_fu_969_p3   |    select|   0|  0|   5|           1|           5|
    |select_ln117_1074_fu_1031_p3  |    select|   0|  0|   5|           1|           5|
    |select_ln117_1075_fu_1043_p3  |    select|   0|  0|   5|           1|           5|
    |select_ln117_1076_fu_1054_p3  |    select|   0|  0|   5|           1|           5|
    |select_ln117_1077_fu_1068_p3  |    select|   0|  0|   5|           1|           5|
    |select_ln117_1078_fu_1080_p3  |    select|   0|  0|   5|           1|           5|
    |select_ln117_1079_fu_1088_p3  |    select|   0|  0|   5|           1|           5|
    |select_ln117_1080_fu_1115_p3  |    select|   0|  0|   5|           1|           5|
    |select_ln117_1081_fu_1122_p3  |    select|   0|  0|   5|           1|           5|
    |select_ln117_fu_696_p3        |    select|   0|  0|   3|           1|           2|
    |tmp_fu_1157_p58               |    select|   0|  0|   5|           1|           5|
    |xor_ln104_517_fu_560_p2       |       xor|   0|  0|   2|           1|           2|
    |xor_ln104_518_fu_574_p2       |       xor|   0|  0|   2|           1|           2|
    |xor_ln104_519_fu_648_p2       |       xor|   0|  0|   2|           1|           2|
    |xor_ln104_520_fu_594_p2       |       xor|   0|  0|   2|           1|           2|
    |xor_ln104_521_fu_610_p2       |       xor|   0|  0|   2|           1|           2|
    |xor_ln104_522_fu_982_p2       |       xor|   0|  0|   2|           1|           2|
    |xor_ln104_523_fu_658_p2       |       xor|   0|  0|   2|           1|           2|
    |xor_ln104_524_fu_763_p2       |       xor|   0|  0|   2|           1|           2|
    |xor_ln104_525_fu_868_p2       |       xor|   0|  0|   2|           1|           2|
    |xor_ln104_526_fu_631_p2       |       xor|   0|  0|   2|           1|           2|
    |xor_ln104_527_fu_992_p2       |       xor|   0|  0|   2|           1|           2|
    |xor_ln104_528_fu_997_p2       |       xor|   0|  0|   2|           1|           2|
    |xor_ln104_529_fu_1130_p2      |       xor|   0|  0|   2|           1|           2|
    |xor_ln104_fu_550_p2           |       xor|   0|  0|   2|           1|           2|
    |xor_ln117_fu_682_p2           |       xor|   0|  0|   2|           2|           1|
    +------------------------------+----------+----+---+----+------------+------------+
    |Total                         |          |   0|  0| 954|         591|         544|
    +------------------------------+----------+----+---+----+------------+------------+

    * Multiplexer: 
    N/A

    * Register: 
    +---------------------------------------+----+----+-----+-----------+
    |                  Name                 | FF | LUT| Bits| Const Bits|
    +---------------------------------------+----+----+-----+-----------+
    |and_ln102_1339_reg_1456                |   1|   0|    1|          0|
    |and_ln102_1340_reg_1462                |   1|   0|    1|          0|
    |and_ln102_1341_reg_1469                |   1|   0|    1|          0|
    |and_ln102_1342_reg_1553                |   1|   0|    1|          0|
    |and_ln102_1343_reg_1481                |   1|   0|    1|          0|
    |and_ln102_1344_reg_1507                |   1|   0|    1|          0|
    |and_ln102_1346_reg_1487                |   1|   0|    1|          0|
    |and_ln102_1348_reg_1559                |   1|   0|    1|          0|
    |and_ln102_reg_1443                     |   1|   0|    1|          0|
    |and_ln104_197_reg_1449                 |   1|   0|    1|          0|
    |and_ln104_198_reg_1502                 |   1|   0|    1|          0|
    |and_ln104_200_reg_1474                 |   1|   0|    1|          0|
    |and_ln104_201_reg_1584                 |   1|   0|    1|          0|
    |and_ln104_201_reg_1584_pp0_iter6_reg   |   1|   0|    1|          0|
    |icmp_ln86_1092_reg_1294                |   1|   0|    1|          0|
    |icmp_ln86_1093_reg_1300                |   1|   0|    1|          0|
    |icmp_ln86_1094_reg_1306                |   1|   0|    1|          0|
    |icmp_ln86_1094_reg_1306_pp0_iter1_reg  |   1|   0|    1|          0|
    |icmp_ln86_1095_reg_1312                |   1|   0|    1|          0|
    |icmp_ln86_1096_reg_1318                |   1|   0|    1|          0|
    |icmp_ln86_1097_reg_1324                |   1|   0|    1|          0|
    |icmp_ln86_1098_reg_1330                |   1|   0|    1|          0|
    |icmp_ln86_1098_reg_1330_pp0_iter1_reg  |   1|   0|    1|          0|
    |icmp_ln86_1099_reg_1336                |   1|   0|    1|          0|
    |icmp_ln86_1100_reg_1342                |   1|   0|    1|          0|
    |icmp_ln86_1101_reg_1348                |   1|   0|    1|          0|
    |icmp_ln86_1102_reg_1354                |   1|   0|    1|          0|
    |icmp_ln86_1103_reg_1360                |   1|   0|    1|          0|
    |icmp_ln86_1104_reg_1366                |   1|   0|    1|          0|
    |icmp_ln86_1105_reg_1372                |   1|   0|    1|          0|
    |icmp_ln86_1105_reg_1372_pp0_iter1_reg  |   1|   0|    1|          0|
    |icmp_ln86_1106_reg_1377                |   1|   0|    1|          0|
    |icmp_ln86_1106_reg_1377_pp0_iter1_reg  |   1|   0|    1|          0|
    |icmp_ln86_1107_reg_1382                |   1|   0|    1|          0|
    |icmp_ln86_1108_reg_1387                |   1|   0|    1|          0|
    |icmp_ln86_1109_reg_1392                |   1|   0|    1|          0|
    |icmp_ln86_1110_reg_1397                |   1|   0|    1|          0|
    |icmp_ln86_1111_reg_1402                |   1|   0|    1|          0|
    |icmp_ln86_1112_reg_1407                |   1|   0|    1|          0|
    |icmp_ln86_1113_reg_1412                |   1|   0|    1|          0|
    |icmp_ln86_1114_reg_1417                |   1|   0|    1|          0|
    |icmp_ln86_1115_reg_1422                |   1|   0|    1|          0|
    |icmp_ln86_1116_reg_1427                |   1|   0|    1|          0|
    |icmp_ln86_1117_reg_1432                |   1|   0|    1|          0|
    |icmp_ln86_reg_1288                     |   1|   0|    1|          0|
    |or_ln117_966_reg_1512                  |   1|   0|    1|          0|
    |or_ln117_968_reg_1522                  |   1|   0|    1|          0|
    |or_ln117_970_reg_1528                  |   1|   0|    1|          0|
    |or_ln117_972_reg_1536                  |   1|   0|    1|          0|
    |or_ln117_974_reg_1546                  |   1|   0|    1|          0|
    |or_ln117_978_reg_1565                  |   1|   0|    1|          0|
    |or_ln117_980_reg_1575                  |   1|   0|    1|          0|
    |or_ln117_984_reg_1590                  |   1|   0|    1|          0|
    |or_ln117_986_reg_1601                  |   1|   0|    1|          0|
    |or_ln117_reg_1493                      |   1|   0|    1|          0|
    |p_read10_int_reg                       |  18|   0|   18|          0|
    |p_read11_int_reg                       |  18|   0|   18|          0|
    |p_read12_int_reg                       |  18|   0|   18|          0|
    |p_read13_int_reg                       |  18|   0|   18|          0|
    |p_read14_int_reg                       |  18|   0|   18|          0|
    |p_read15_int_reg                       |  18|   0|   18|          0|
    |p_read16_int_reg                       |  18|   0|   18|          0|
    |p_read17_int_reg                       |  18|   0|   18|          0|
    |p_read18_int_reg                       |  18|   0|   18|          0|
    |p_read19_int_reg                       |  18|   0|   18|          0|
    |p_read1_int_reg                        |  18|   0|   18|          0|
    |p_read20_int_reg                       |  18|   0|   18|          0|
    |p_read2_int_reg                        |  18|   0|   18|          0|
    |p_read3_int_reg                        |  18|   0|   18|          0|
    |p_read4_int_reg                        |  18|   0|   18|          0|
    |p_read5_int_reg                        |  18|   0|   18|          0|
    |p_read6_int_reg                        |  18|   0|   18|          0|
    |p_read7_int_reg                        |  18|   0|   18|          0|
    |p_read8_int_reg                        |  18|   0|   18|          0|
    |p_read9_int_reg                        |  18|   0|   18|          0|
    |select_ln117_1061_reg_1517             |   3|   0|    3|          0|
    |select_ln117_1067_reg_1541             |   4|   0|    4|          0|
    |select_ln117_1073_reg_1570             |   5|   0|    5|          0|
    |select_ln117_1079_reg_1596             |   5|   0|    5|          0|
    |select_ln117_1081_reg_1606             |   5|   0|    5|          0|
    |tmp_reg_1611                           |  13|   0|   13|          0|
    |xor_ln104_reg_1437                     |   1|   0|    1|          0|
    |and_ln102_1340_reg_1462                |  64|  32|    1|          0|
    |and_ln102_1346_reg_1487                |  64|  32|    1|          0|
    |and_ln104_197_reg_1449                 |  64|  32|    1|          0|
    |and_ln104_200_reg_1474                 |  64|  32|    1|          0|
    |icmp_ln86_1097_reg_1324                |  64|  32|    1|          0|
    |icmp_ln86_1099_reg_1336                |  64|  32|    1|          0|
    |icmp_ln86_1100_reg_1342                |  64|  32|    1|          0|
    |icmp_ln86_1102_reg_1354                |  64|  32|    1|          0|
    |icmp_ln86_1103_reg_1360                |  64|  32|    1|          0|
    |icmp_ln86_1104_reg_1366                |  64|  32|    1|          0|
    |icmp_ln86_1107_reg_1382                |  64|  32|    1|          0|
    |icmp_ln86_1108_reg_1387                |  64|  32|    1|          0|
    |icmp_ln86_1109_reg_1392                |  64|  32|    1|          0|
    |icmp_ln86_1110_reg_1397                |  64|  32|    1|          0|
    |icmp_ln86_1111_reg_1402                |  64|  32|    1|          0|
    |icmp_ln86_1112_reg_1407                |  64|  32|    1|          0|
    |icmp_ln86_1113_reg_1412                |  64|  32|    1|          0|
    |icmp_ln86_1114_reg_1417                |  64|  32|    1|          0|
    |icmp_ln86_1115_reg_1422                |  64|  32|    1|          0|
    |icmp_ln86_1116_reg_1427                |  64|  32|    1|          0|
    |icmp_ln86_1117_reg_1432                |  64|  32|    1|          0|
    |or_ln117_980_reg_1575                  |  64|  32|    1|          0|
    +---------------------------------------+----+----+-----+-----------+
    |Total                                  |1859| 704|  473|          0|
    +---------------------------------------+----+----+-----+-----------+



================================================================
== Interface
================================================================
* Summary: 
+-----------+-----+-----+------------+----------------------+--------------+
| RTL Ports | Dir | Bits|  Protocol  |     Source Object    |    C Type    |
+-----------+-----+-----+------------+----------------------+--------------+
|ap_clk     |   in|    1|  ap_ctrl_hs|  decision_function.61|  return value|
|ap_rst     |   in|    1|  ap_ctrl_hs|  decision_function.61|  return value|
|ap_return  |  out|   13|  ap_ctrl_hs|  decision_function.61|  return value|
|ap_ce      |   in|    1|  ap_ctrl_hs|  decision_function.61|  return value|
|p_read1    |   in|   18|     ap_none|               p_read1|        scalar|
|p_read2    |   in|   18|     ap_none|               p_read2|        scalar|
|p_read3    |   in|   18|     ap_none|               p_read3|        scalar|
|p_read4    |   in|   18|     ap_none|               p_read4|        scalar|
|p_read5    |   in|   18|     ap_none|               p_read5|        scalar|
|p_read6    |   in|   18|     ap_none|               p_read6|        scalar|
|p_read7    |   in|   18|     ap_none|               p_read7|        scalar|
|p_read8    |   in|   18|     ap_none|               p_read8|        scalar|
|p_read9    |   in|   18|     ap_none|               p_read9|        scalar|
|p_read10   |   in|   18|     ap_none|              p_read10|        scalar|
|p_read11   |   in|   18|     ap_none|              p_read11|        scalar|
|p_read12   |   in|   18|     ap_none|              p_read12|        scalar|
|p_read13   |   in|   18|     ap_none|              p_read13|        scalar|
|p_read14   |   in|   18|     ap_none|              p_read14|        scalar|
|p_read15   |   in|   18|     ap_none|              p_read15|        scalar|
|p_read16   |   in|   18|     ap_none|              p_read16|        scalar|
|p_read17   |   in|   18|     ap_none|              p_read17|        scalar|
|p_read18   |   in|   18|     ap_none|              p_read18|        scalar|
|p_read19   |   in|   18|     ap_none|              p_read19|        scalar|
|p_read20   |   in|   18|     ap_none|              p_read20|        scalar|
+-----------+-----+-----+------------+----------------------+--------------+

