

================================================================
== Vitis HLS Report for 'decision_function_40'
================================================================
* Date:           Thu Jan 23 13:49:14 2025

* Version:        2024.1 (Build 5069499 on May 21 2024)
* Project:        conifer_jettag
* Solution:       solution1 (Vivado IP Flow Target)
* Product family: zynq
* Target device:  xc7z020-clg400-1


================================================================
== Performance Estimates
================================================================
+ Timing: 
    * Summary: 
    +--------+---------+----------+------------+
    |  Clock |  Target | Estimated| Uncertainty|
    +--------+---------+----------+------------+
    |ap_clk  |  5.00 ns|  3.645 ns|     1.35 ns|
    +--------+---------+----------+------------+

+ Latency: 
    * Summary: 
    +---------+---------+-----------+-----------+-----+-----+---------+
    |  Latency (cycles) |   Latency (absolute)  |  Interval | Pipeline|
    |   min   |   max   |    min    |    max    | min | max |   Type  |
    +---------+---------+-----------+-----------+-----+-----+---------+
    |        7|        7|  35.000 ns|  35.000 ns|    1|    1|      yes|
    +---------+---------+-----------+-----------+-----+-----+---------+

    + Detail: 
        * Instance: 
        N/A

        * Loop: 
        N/A



================================================================
== Utilization Estimates
================================================================
* Summary: 
+-----------------+---------+-----+--------+-------+-----+
|       Name      | BRAM_18K| DSP |   FF   |  LUT  | URAM|
+-----------------+---------+-----+--------+-------+-----+
|DSP              |        -|    -|       -|      -|    -|
|Expression       |        -|    -|       0|   1070|    -|
|FIFO             |        -|    -|       -|      -|    -|
|Instance         |        -|    -|       0|    142|    -|
|Memory           |        -|    -|       -|      -|    -|
|Multiplexer      |        -|    -|       -|      -|    -|
|Register         |        -|    -|    2038|    768|    -|
+-----------------+---------+-----+--------+-------+-----+
|Total            |        0|    0|    2038|   1980|    0|
+-----------------+---------+-----+--------+-------+-----+
|Available        |      280|  220|  106400|  53200|    0|
+-----------------+---------+-----+--------+-------+-----+
|Utilization (%)  |        0|    0|       1|      3|    0|
+-----------------+---------+-----+--------+-------+-----+

+ Detail: 
    * Instance: 
    +---------------------------------+---------------------------+---------+----+---+-----+-----+
    |             Instance            |           Module          | BRAM_18K| DSP| FF| LUT | URAM|
    +---------------------------------+---------------------------+---------+----+---+-----+-----+
    |sparsemux_65_5_12_1_1_x25_U1473  |sparsemux_65_5_12_1_1_x25  |        0|   0|  0|  142|    0|
    +---------------------------------+---------------------------+---------+----+---+-----+-----+
    |Total                            |                           |        0|   0|  0|  142|    0|
    +---------------------------------+---------------------------+---------+----+---+-----+-----+

    * DSP: 
    N/A

    * Memory: 
    N/A

    * FIFO: 
    N/A

    * Expression: 
    +------------------------------+----------+----+---+----+------------+------------+
    |         Variable Name        | Operation| DSP| FF| LUT| Bitwidth P0| Bitwidth P1|
    +------------------------------+----------+----+---+----+------------+------------+
    |and_ln102_1004_fu_839_p2      |       and|   0|  0|   2|           1|           1|
    |and_ln102_1005_fu_656_p2      |       and|   0|  0|   2|           1|           1|
    |and_ln102_1006_fu_707_p2      |       and|   0|  0|   2|           1|           1|
    |and_ln102_1007_fu_853_p2      |       and|   0|  0|   2|           1|           1|
    |and_ln102_1008_fu_973_p2      |       and|   0|  0|   2|           1|           1|
    |and_ln102_1009_fu_670_p2      |       and|   0|  0|   2|           1|           1|
    |and_ln102_1010_fu_680_p2      |       and|   0|  0|   2|           1|           1|
    |and_ln102_1011_fu_726_p2      |       and|   0|  0|   2|           1|           1|
    |and_ln102_1012_fu_863_p2      |       and|   0|  0|   2|           1|           1|
    |and_ln102_1013_fu_867_p2      |       and|   0|  0|   2|           1|           1|
    |and_ln102_1014_fu_997_p2      |       and|   0|  0|   2|           1|           1|
    |and_ln102_1015_fu_1115_p2     |       and|   0|  0|   2|           1|           1|
    |and_ln102_1016_fu_1208_p2     |       and|   0|  0|   2|           1|           1|
    |and_ln102_1017_fu_731_p2      |       and|   0|  0|   2|           1|           1|
    |and_ln102_1018_fu_690_p2      |       and|   0|  0|   2|           1|           1|
    |and_ln102_1019_fu_735_p2      |       and|   0|  0|   2|           1|           1|
    |and_ln102_1020_fu_744_p2      |       and|   0|  0|   2|           1|           1|
    |and_ln102_1021_fu_872_p2      |       and|   0|  0|   2|           1|           1|
    |and_ln102_1022_fu_881_p2      |       and|   0|  0|   2|           1|           1|
    |and_ln102_1023_fu_886_p2      |       and|   0|  0|   2|           1|           1|
    |and_ln102_1024_fu_1007_p2     |       and|   0|  0|   2|           1|           1|
    |and_ln102_1025_fu_1012_p2     |       and|   0|  0|   2|           1|           1|
    |and_ln102_1026_fu_1021_p2     |       and|   0|  0|   2|           1|           1|
    |and_ln102_1027_fu_1119_p2     |       and|   0|  0|   2|           1|           1|
    |and_ln102_1028_fu_1128_p2     |       and|   0|  0|   2|           1|           1|
    |and_ln102_1029_fu_1133_p2     |       and|   0|  0|   2|           1|           1|
    |and_ln102_1030_fu_1217_p2     |       and|   0|  0|   2|           1|           1|
    |and_ln102_1031_fu_1222_p2     |       and|   0|  0|   2|           1|           1|
    |and_ln102_1032_fu_1289_p2     |       and|   0|  0|   2|           1|           1|
    |and_ln102_1033_fu_685_p2      |       and|   0|  0|   2|           1|           1|
    |and_ln102_1034_fu_739_p2      |       and|   0|  0|   2|           1|           1|
    |and_ln102_1035_fu_876_p2      |       and|   0|  0|   2|           1|           1|
    |and_ln102_1036_fu_1002_p2     |       and|   0|  0|   2|           1|           1|
    |and_ln102_1037_fu_1016_p2     |       and|   0|  0|   2|           1|           1|
    |and_ln102_1038_fu_1123_p2     |       and|   0|  0|   2|           1|           1|
    |and_ln102_1039_fu_1212_p2     |       and|   0|  0|   2|           1|           1|
    |and_ln102_1040_fu_1284_p2     |       and|   0|  0|   2|           1|           1|
    |and_ln102_fu_640_p2           |       and|   0|  0|   2|           1|           1|
    |and_ln104_204_fu_848_p2       |       and|   0|  0|   2|           1|           1|
    |and_ln104_205_fu_665_p2       |       and|   0|  0|   2|           1|           1|
    |and_ln104_206_fu_716_p2       |       and|   0|  0|   2|           1|           1|
    |and_ln104_207_fu_968_p2       |       and|   0|  0|   2|           1|           1|
    |and_ln104_208_fu_982_p2       |       and|   0|  0|   2|           1|           1|
    |and_ln104_fu_651_p2           |       and|   0|  0|   2|           1|           1|
    |icmp_ln86_1044_fu_430_p2      |      icmp|   0|  0|  25|          18|          14|
    |icmp_ln86_1045_fu_436_p2      |      icmp|   0|  0|  25|          18|          11|
    |icmp_ln86_1046_fu_442_p2      |      icmp|   0|  0|  25|          18|           7|
    |icmp_ln86_1047_fu_448_p2      |      icmp|   0|  0|  25|          18|          14|
    |icmp_ln86_1048_fu_454_p2      |      icmp|   0|  0|  25|          18|           3|
    |icmp_ln86_1049_fu_460_p2      |      icmp|   0|  0|  25|          18|           9|
    |icmp_ln86_1050_fu_466_p2      |      icmp|   0|  0|  25|          18|          17|
    |icmp_ln86_1052_fu_488_p2      |      icmp|   0|  0|  25|          18|          14|
    |icmp_ln86_1053_fu_494_p2      |      icmp|   0|  0|  25|          18|           1|
    |icmp_ln86_1054_fu_500_p2      |      icmp|   0|  0|  25|          18|           5|
    |icmp_ln86_1055_fu_506_p2      |      icmp|   0|  0|  25|          18|          10|
    |icmp_ln86_1056_fu_512_p2      |      icmp|   0|  0|  25|          18|          15|
    |icmp_ln86_1057_fu_518_p2      |      icmp|   0|  0|  25|          18|          17|
    |icmp_ln86_1058_fu_524_p2      |      icmp|   0|  0|  25|          18|           9|
    |icmp_ln86_1059_fu_530_p2      |      icmp|   0|  0|  25|          18|          14|
    |icmp_ln86_1060_fu_536_p2      |      icmp|   0|  0|  25|          18|          10|
    |icmp_ln86_1061_fu_542_p2      |      icmp|   0|  0|  25|          18|          10|
    |icmp_ln86_1062_fu_548_p2      |      icmp|   0|  0|  25|          18|           9|
    |icmp_ln86_1064_fu_570_p2      |      icmp|   0|  0|  25|          18|          11|
    |icmp_ln86_1065_fu_576_p2      |      icmp|   0|  0|  25|          18|          11|
    |icmp_ln86_1066_fu_582_p2      |      icmp|   0|  0|  25|          18|          10|
    |icmp_ln86_1067_fu_588_p2      |      icmp|   0|  0|  25|          18|           3|
    |icmp_ln86_1068_fu_594_p2      |      icmp|   0|  0|  25|          18|          12|
    |icmp_ln86_1069_fu_600_p2      |      icmp|   0|  0|  25|          18|           6|
    |icmp_ln86_1070_fu_606_p2      |      icmp|   0|  0|  25|          18|           9|
    |icmp_ln86_1071_fu_612_p2      |      icmp|   0|  0|  25|          18|          16|
    |icmp_ln86_1072_fu_618_p2      |      icmp|   0|  0|  25|          18|          14|
    |icmp_ln86_1388_fu_482_p2      |      icmp|   0|  0|  23|          16|           1|
    |icmp_ln86_1389_fu_564_p2      |      icmp|   0|  0|  23|          16|           1|
    |icmp_ln86_1390_fu_634_p2      |      icmp|   0|  0|  20|          15|           1|
    |icmp_ln86_fu_424_p2           |      icmp|   0|  0|  25|          18|          16|
    |or_ln117_954_fu_777_p2        |        or|   0|  0|   2|           1|           1|
    |or_ln117_955_fu_789_p2        |        or|   0|  0|   2|           1|           1|
    |or_ln117_956_fu_801_p2        |        or|   0|  0|   2|           1|           1|
    |or_ln117_957_fu_891_p2        |        or|   0|  0|   2|           1|           1|
    |or_ln117_958_fu_834_p2        |        or|   0|  0|   2|           1|           1|
    |or_ln117_959_fu_903_p2        |        or|   0|  0|   2|           1|           1|
    |or_ln117_960_fu_915_p2        |        or|   0|  0|   2|           1|           1|
    |or_ln117_961_fu_927_p2        |        or|   0|  0|   2|           1|           1|
    |or_ln117_962_fu_941_p2        |        or|   0|  0|   2|           1|           1|
    |or_ln117_963_fu_1026_p2       |        or|   0|  0|   2|           1|           1|
    |or_ln117_964_fu_1042_p2       |        or|   0|  0|   2|           1|           1|
    |or_ln117_965_fu_1054_p2       |        or|   0|  0|   2|           1|           1|
    |or_ln117_966_fu_1066_p2       |        or|   0|  0|   2|           1|           1|
    |or_ln117_967_fu_1080_p2       |        or|   0|  0|   2|           1|           1|
    |or_ln117_968_fu_1138_p2       |        or|   0|  0|   2|           1|           1|
    |or_ln117_969_fu_1100_p2       |        or|   0|  0|   2|           1|           1|
    |or_ln117_970_fu_1150_p2       |        or|   0|  0|   2|           1|           1|
    |or_ln117_971_fu_1106_p2       |        or|   0|  0|   2|           1|           1|
    |or_ln117_972_fu_1170_p2       |        or|   0|  0|   2|           1|           1|
    |or_ln117_973_fu_1182_p2       |        or|   0|  0|   2|           1|           1|
    |or_ln117_974_fu_1227_p2       |        or|   0|  0|   2|           1|           1|
    |or_ln117_975_fu_1232_p2       |        or|   0|  0|   2|           1|           1|
    |or_ln117_976_fu_1243_p2       |        or|   0|  0|   2|           1|           1|
    |or_ln117_977_fu_1257_p2       |        or|   0|  0|   2|           1|           1|
    |or_ln117_978_fu_1294_p2       |        or|   0|  0|   2|           1|           1|
    |or_ln117_fu_696_p2            |        or|   0|  0|   2|           1|           1|
    |agg_result_fu_1306_p66        |    select|   0|  0|   5|           1|           5|
    |select_ln117_1011_fu_766_p3   |    select|   0|  0|   2|           1|           2|
    |select_ln117_1012_fu_782_p3   |    select|   0|  0|   4|           1|           3|
    |select_ln117_1013_fu_793_p3   |    select|   0|  0|   3|           1|           3|
    |select_ln117_1014_fu_807_p3   |    select|   0|  0|   3|           1|           3|
    |select_ln117_1015_fu_815_p3   |    select|   0|  0|   3|           1|           3|
    |select_ln117_1016_fu_827_p3   |    select|   0|  0|   5|           1|           4|
    |select_ln117_1017_fu_896_p3   |    select|   0|  0|   4|           1|           4|
    |select_ln117_1018_fu_908_p3   |    select|   0|  0|   4|           1|           4|
    |select_ln117_1019_fu_919_p3   |    select|   0|  0|   4|           1|           4|
    |select_ln117_1020_fu_933_p3   |    select|   0|  0|   4|           1|           4|
    |select_ln117_1021_fu_947_p3   |    select|   0|  0|   4|           1|           4|
    |select_ln117_1022_fu_955_p3   |    select|   0|  0|   4|           1|           4|
    |select_ln117_1023_fu_1031_p3  |    select|   0|  0|   4|           1|           4|
    |select_ln117_1024_fu_1047_p3  |    select|   0|  0|   6|           1|           5|
    |select_ln117_1025_fu_1058_p3  |    select|   0|  0|   5|           1|           5|
    |select_ln117_1026_fu_1072_p3  |    select|   0|  0|   5|           1|           5|
    |select_ln117_1027_fu_1084_p3  |    select|   0|  0|   5|           1|           5|
    |select_ln117_1028_fu_1092_p3  |    select|   0|  0|   5|           1|           5|
    |select_ln117_1029_fu_1143_p3  |    select|   0|  0|   5|           1|           5|
    |select_ln117_1030_fu_1155_p3  |    select|   0|  0|   5|           1|           5|
    |select_ln117_1031_fu_1162_p3  |    select|   0|  0|   5|           1|           5|
    |select_ln117_1032_fu_1175_p3  |    select|   0|  0|   5|           1|           5|
    |select_ln117_1033_fu_1187_p3  |    select|   0|  0|   5|           1|           5|
    |select_ln117_1034_fu_1195_p3  |    select|   0|  0|   5|           1|           5|
    |select_ln117_1035_fu_1236_p3  |    select|   0|  0|   5|           1|           5|
    |select_ln117_1036_fu_1249_p3  |    select|   0|  0|   5|           1|           5|
    |select_ln117_1037_fu_1263_p3  |    select|   0|  0|   5|           1|           5|
    |select_ln117_1038_fu_1271_p3  |    select|   0|  0|   5|           1|           5|
    |select_ln117_fu_759_p3        |    select|   0|  0|   3|           1|           2|
    |xor_ln104_501_fu_646_p2       |       xor|   0|  0|   2|           1|           2|
    |xor_ln104_502_fu_843_p2       |       xor|   0|  0|   2|           1|           2|
    |xor_ln104_503_fu_660_p2       |       xor|   0|  0|   2|           1|           2|
    |xor_ln104_504_fu_711_p2       |       xor|   0|  0|   2|           1|           2|
    |xor_ln104_505_fu_963_p2       |       xor|   0|  0|   2|           1|           2|
    |xor_ln104_506_fu_977_p2       |       xor|   0|  0|   2|           1|           2|
    |xor_ln104_507_fu_675_p2       |       xor|   0|  0|   2|           1|           2|
    |xor_ln104_508_fu_721_p2       |       xor|   0|  0|   2|           1|           2|
    |xor_ln104_509_fu_858_p2       |       xor|   0|  0|   2|           1|           2|
    |xor_ln104_510_fu_987_p2       |       xor|   0|  0|   2|           1|           2|
    |xor_ln104_511_fu_992_p2       |       xor|   0|  0|   2|           1|           2|
    |xor_ln104_512_fu_1110_p2      |       xor|   0|  0|   2|           1|           2|
    |xor_ln104_513_fu_1203_p2      |       xor|   0|  0|   2|           1|           2|
    |xor_ln104_514_fu_1279_p2      |       xor|   0|  0|   2|           1|           2|
    |xor_ln104_fu_702_p2           |       xor|   0|  0|   2|           1|           2|
    |xor_ln117_fu_749_p2           |       xor|   0|  0|   2|           2|           1|
    +------------------------------+----------+----+---+----+------------+------------+
    |Total                         |          |   0|  0|1070|         668|         529|
    +------------------------------+----------+----+---+----+------------+------------+

    * Multiplexer: 
    N/A

    * Register: 
    +---------------------------------------+----+----+-----+-----------+
    |                  Name                 | FF | LUT| Bits| Const Bits|
    +---------------------------------------+----+----+-----+-----------+
    |and_ln102_1004_reg_1695                |   1|   0|    1|          0|
    |and_ln102_1005_reg_1632                |   1|   0|    1|          0|
    |and_ln102_1006_reg_1667                |   1|   0|    1|          0|
    |and_ln102_1007_reg_1707                |   1|   0|    1|          0|
    |and_ln102_1008_reg_1734                |   1|   0|    1|          0|
    |and_ln102_1008_reg_1734_pp0_iter5_reg  |   1|   0|    1|          0|
    |and_ln102_1009_reg_1644                |   1|   0|    1|          0|
    |and_ln102_1010_reg_1650                |   1|   0|    1|          0|
    |and_ln102_1011_reg_1679                |   1|   0|    1|          0|
    |and_ln102_1013_reg_1713                |   1|   0|    1|          0|
    |and_ln102_1014_reg_1747                |   1|   0|    1|          0|
    |and_ln102_reg_1616                     |   1|   0|    1|          0|
    |and_ln104_204_reg_1701                 |   1|   0|    1|          0|
    |and_ln104_205_reg_1639                 |   1|   0|    1|          0|
    |and_ln104_206_reg_1673                 |   1|   0|    1|          0|
    |and_ln104_206_reg_1673_pp0_iter3_reg   |   1|   0|    1|          0|
    |and_ln104_207_reg_1729                 |   1|   0|    1|          0|
    |and_ln104_208_reg_1741                 |   1|   0|    1|          0|
    |and_ln104_reg_1626                     |   1|   0|    1|          0|
    |icmp_ln86_1044_reg_1453                |   1|   0|    1|          0|
    |icmp_ln86_1045_reg_1458                |   1|   0|    1|          0|
    |icmp_ln86_1046_reg_1464                |   1|   0|    1|          0|
    |icmp_ln86_1047_reg_1470                |   1|   0|    1|          0|
    |icmp_ln86_1047_reg_1470_pp0_iter1_reg  |   1|   0|    1|          0|
    |icmp_ln86_1048_reg_1476                |   1|   0|    1|          0|
    |icmp_ln86_1049_reg_1482                |   1|   0|    1|          0|
    |icmp_ln86_1050_reg_1488                |   1|   0|    1|          0|
    |icmp_ln86_1052_reg_1500                |   1|   0|    1|          0|
    |icmp_ln86_1053_reg_1506                |   1|   0|    1|          0|
    |icmp_ln86_1054_reg_1512                |   1|   0|    1|          0|
    |icmp_ln86_1055_reg_1518                |   1|   0|    1|          0|
    |icmp_ln86_1056_reg_1524                |   1|   0|    1|          0|
    |icmp_ln86_1057_reg_1530                |   1|   0|    1|          0|
    |icmp_ln86_1058_reg_1536                |   1|   0|    1|          0|
    |icmp_ln86_1058_reg_1536_pp0_iter1_reg  |   1|   0|    1|          0|
    |icmp_ln86_1059_reg_1541                |   1|   0|    1|          0|
    |icmp_ln86_1060_reg_1546                |   1|   0|    1|          0|
    |icmp_ln86_1060_reg_1546_pp0_iter1_reg  |   1|   0|    1|          0|
    |icmp_ln86_1061_reg_1551                |   1|   0|    1|          0|
    |icmp_ln86_1061_reg_1551_pp0_iter1_reg  |   1|   0|    1|          0|
    |icmp_ln86_1062_reg_1556                |   1|   0|    1|          0|
    |icmp_ln86_1064_reg_1566                |   1|   0|    1|          0|
    |icmp_ln86_1065_reg_1571                |   1|   0|    1|          0|
    |icmp_ln86_1066_reg_1576                |   1|   0|    1|          0|
    |icmp_ln86_1067_reg_1581                |   1|   0|    1|          0|
    |icmp_ln86_1068_reg_1586                |   1|   0|    1|          0|
    |icmp_ln86_1069_reg_1591                |   1|   0|    1|          0|
    |icmp_ln86_1070_reg_1596                |   1|   0|    1|          0|
    |icmp_ln86_1071_reg_1601                |   1|   0|    1|          0|
    |icmp_ln86_1072_reg_1606                |   1|   0|    1|          0|
    |icmp_ln86_1388_reg_1494                |   1|   0|    1|          0|
    |icmp_ln86_1388_reg_1494_pp0_iter1_reg  |   1|   0|    1|          0|
    |icmp_ln86_1389_reg_1561                |   1|   0|    1|          0|
    |icmp_ln86_1390_reg_1611                |   1|   0|    1|          0|
    |icmp_ln86_reg_1442                     |   1|   0|    1|          0|
    |or_ln117_958_reg_1689                  |   1|   0|    1|          0|
    |or_ln117_962_reg_1719                  |   1|   0|    1|          0|
    |or_ln117_967_reg_1752                  |   1|   0|    1|          0|
    |or_ln117_969_reg_1762                  |   1|   0|    1|          0|
    |or_ln117_971_reg_1768                  |   1|   0|    1|          0|
    |or_ln117_971_reg_1768_pp0_iter5_reg    |   1|   0|    1|          0|
    |or_ln117_973_reg_1776                  |   1|   0|    1|          0|
    |or_ln117_977_reg_1786                  |   1|   0|    1|          0|
    |or_ln117_reg_1656                      |   1|   0|    1|          0|
    |p_read10_int_reg                       |  18|   0|   18|          0|
    |p_read11_int_reg                       |  18|   0|   18|          0|
    |p_read12_int_reg                       |  18|   0|   18|          0|
    |p_read13_int_reg                       |  18|   0|   18|          0|
    |p_read14_int_reg                       |  18|   0|   18|          0|
    |p_read15_int_reg                       |  18|   0|   18|          0|
    |p_read16_int_reg                       |  18|   0|   18|          0|
    |p_read17_int_reg                       |  18|   0|   18|          0|
    |p_read18_int_reg                       |  18|   0|   18|          0|
    |p_read19_int_reg                       |  18|   0|   18|          0|
    |p_read1_int_reg                        |  18|   0|   18|          0|
    |p_read20_int_reg                       |  18|   0|   18|          0|
    |p_read21_int_reg                       |  18|   0|   18|          0|
    |p_read22_int_reg                       |  18|   0|   18|          0|
    |p_read23_int_reg                       |  18|   0|   18|          0|
    |p_read2_int_reg                        |  18|   0|   18|          0|
    |p_read3_int_reg                        |  18|   0|   18|          0|
    |p_read4_int_reg                        |  18|   0|   18|          0|
    |p_read5_int_reg                        |  18|   0|   18|          0|
    |p_read6_int_reg                        |  18|   0|   18|          0|
    |p_read7_int_reg                        |  18|   0|   18|          0|
    |p_read8_int_reg                        |  18|   0|   18|          0|
    |p_read9_int_reg                        |  18|   0|   18|          0|
    |select_ln117_1016_reg_1684             |   4|   0|    4|          0|
    |select_ln117_1022_reg_1724             |   4|   0|    4|          0|
    |select_ln117_1028_reg_1757             |   5|   0|    5|          0|
    |select_ln117_1034_reg_1781             |   5|   0|    5|          0|
    |select_ln117_1038_reg_1791             |   5|   0|    5|          0|
    |xor_ln104_reg_1661                     |   1|   0|    1|          0|
    |and_ln102_reg_1616                     |  64|  32|    1|          0|
    |and_ln104_208_reg_1741                 |  64|  32|    1|          0|
    |icmp_ln86_1045_reg_1458                |  64|  32|    1|          0|
    |icmp_ln86_1048_reg_1476                |  64|  32|    1|          0|
    |icmp_ln86_1049_reg_1482                |  64|  32|    1|          0|
    |icmp_ln86_1052_reg_1500                |  64|  32|    1|          0|
    |icmp_ln86_1053_reg_1506                |  64|  32|    1|          0|
    |icmp_ln86_1054_reg_1512                |  64|  32|    1|          0|
    |icmp_ln86_1055_reg_1518                |  64|  32|    1|          0|
    |icmp_ln86_1056_reg_1524                |  64|  32|    1|          0|
    |icmp_ln86_1057_reg_1530                |  64|  32|    1|          0|
    |icmp_ln86_1062_reg_1556                |  64|  32|    1|          0|
    |icmp_ln86_1064_reg_1566                |  64|  32|    1|          0|
    |icmp_ln86_1065_reg_1571                |  64|  32|    1|          0|
    |icmp_ln86_1066_reg_1576                |  64|  32|    1|          0|
    |icmp_ln86_1067_reg_1581                |  64|  32|    1|          0|
    |icmp_ln86_1068_reg_1586                |  64|  32|    1|          0|
    |icmp_ln86_1069_reg_1591                |  64|  32|    1|          0|
    |icmp_ln86_1070_reg_1596                |  64|  32|    1|          0|
    |icmp_ln86_1071_reg_1601                |  64|  32|    1|          0|
    |icmp_ln86_1072_reg_1606                |  64|  32|    1|          0|
    |icmp_ln86_1389_reg_1561                |  64|  32|    1|          0|
    |icmp_ln86_1390_reg_1611                |  64|  32|    1|          0|
    |icmp_ln86_reg_1442                     |  64|  32|    1|          0|
    +---------------------------------------+----+----+-----+-----------+
    |Total                                  |2038| 768|  526|          0|
    +---------------------------------------+----+----+-----+-----------+



================================================================
== Interface
================================================================
* Summary: 
+-----------+-----+-----+------------+----------------------+--------------+
| RTL Ports | Dir | Bits|  Protocol  |     Source Object    |    C Type    |
+-----------+-----+-----+------------+----------------------+--------------+
|ap_clk     |   in|    1|  ap_ctrl_hs|  decision_function.40|  return value|
|ap_rst     |   in|    1|  ap_ctrl_hs|  decision_function.40|  return value|
|ap_return  |  out|   12|  ap_ctrl_hs|  decision_function.40|  return value|
|ap_ce      |   in|    1|  ap_ctrl_hs|  decision_function.40|  return value|
|p_read1    |   in|   18|     ap_none|               p_read1|        scalar|
|p_read2    |   in|   18|     ap_none|               p_read2|        scalar|
|p_read3    |   in|   18|     ap_none|               p_read3|        scalar|
|p_read4    |   in|   18|     ap_none|               p_read4|        scalar|
|p_read5    |   in|   18|     ap_none|               p_read5|        scalar|
|p_read6    |   in|   18|     ap_none|               p_read6|        scalar|
|p_read7    |   in|   18|     ap_none|               p_read7|        scalar|
|p_read8    |   in|   18|     ap_none|               p_read8|        scalar|
|p_read9    |   in|   18|     ap_none|               p_read9|        scalar|
|p_read10   |   in|   18|     ap_none|              p_read10|        scalar|
|p_read11   |   in|   18|     ap_none|              p_read11|        scalar|
|p_read12   |   in|   18|     ap_none|              p_read12|        scalar|
|p_read13   |   in|   18|     ap_none|              p_read13|        scalar|
|p_read14   |   in|   18|     ap_none|              p_read14|        scalar|
|p_read15   |   in|   18|     ap_none|              p_read15|        scalar|
|p_read16   |   in|   18|     ap_none|              p_read16|        scalar|
|p_read17   |   in|   18|     ap_none|              p_read17|        scalar|
|p_read18   |   in|   18|     ap_none|              p_read18|        scalar|
|p_read19   |   in|   18|     ap_none|              p_read19|        scalar|
|p_read20   |   in|   18|     ap_none|              p_read20|        scalar|
|p_read21   |   in|   18|     ap_none|              p_read21|        scalar|
|p_read22   |   in|   18|     ap_none|              p_read22|        scalar|
|p_read23   |   in|   18|     ap_none|              p_read23|        scalar|
+-----------+-----+-----+------------+----------------------+--------------+

