

================================================================
== Vitis HLS Report for 'decision_function_75'
================================================================
* Date:           Thu Jan 23 13:48:55 2025

* Version:        2024.1 (Build 5069499 on May 21 2024)
* Project:        conifer_jettag
* Solution:       solution1 (Vivado IP Flow Target)
* Product family: zynq
* Target device:  xc7z020-clg400-1


================================================================
== Performance Estimates
================================================================
+ Timing: 
    * Summary: 
    +--------+---------+----------+------------+
    |  Clock |  Target | Estimated| Uncertainty|
    +--------+---------+----------+------------+
    |ap_clk  |  5.00 ns|  3.645 ns|     1.35 ns|
    +--------+---------+----------+------------+

+ Latency: 
    * Summary: 
    +---------+---------+-----------+-----------+-----+-----+---------+
    |  Latency (cycles) |   Latency (absolute)  |  Interval | Pipeline|
    |   min   |   max   |    min    |    max    | min | max |   Type  |
    +---------+---------+-----------+-----------+-----+-----+---------+
    |        7|        7|  35.000 ns|  35.000 ns|    1|    1|      yes|
    +---------+---------+-----------+-----------+-----+-----+---------+

    + Detail: 
        * Instance: 
        N/A

        * Loop: 
        N/A



================================================================
== Utilization Estimates
================================================================
* Summary: 
+-----------------+---------+-----+--------+-------+-----+
|       Name      | BRAM_18K| DSP |   FF   |  LUT  | URAM|
+-----------------+---------+-----+--------+-------+-----+
|DSP              |        -|    -|       -|      -|    -|
|Expression       |        -|    -|       0|   1079|    -|
|FIFO             |        -|    -|       -|      -|    -|
|Instance         |        -|    -|       0|    142|    -|
|Memory           |        -|    -|       -|      -|    -|
|Multiplexer      |        -|    -|       -|      -|    -|
|Register         |        -|    -|    2002|    768|    -|
+-----------------+---------+-----+--------+-------+-----+
|Total            |        0|    0|    2002|   1989|    0|
+-----------------+---------+-----+--------+-------+-----+
|Available        |      280|  220|  106400|  53200|    0|
+-----------------+---------+-----+--------+-------+-----+
|Utilization (%)  |        0|    0|       1|      3|    0|
+-----------------+---------+-----+--------+-------+-----+

+ Detail: 
    * Instance: 
    +--------------------------------+---------------------------+---------+----+---+-----+-----+
    |            Instance            |           Module          | BRAM_18K| DSP| FF| LUT | URAM|
    +--------------------------------+---------------------------+---------+----+---+-----+-----+
    |sparsemux_65_5_12_1_1_x12_U766  |sparsemux_65_5_12_1_1_x12  |        0|   0|  0|  142|    0|
    +--------------------------------+---------------------------+---------+----+---+-----+-----+
    |Total                           |                           |        0|   0|  0|  142|    0|
    +--------------------------------+---------------------------+---------+----+---+-----+-----+

    * DSP: 
    N/A

    * Memory: 
    N/A

    * FIFO: 
    N/A

    * Expression: 
    +-----------------------------+----------+----+---+----+------------+------------+
    |        Variable Name        | Operation| DSP| FF| LUT| Bitwidth P0| Bitwidth P1|
    +-----------------------------+----------+----+---+----+------------+------------+
    |and_ln102_841_fu_787_p2      |       and|   0|  0|   2|           1|           1|
    |and_ln102_842_fu_604_p2      |       and|   0|  0|   2|           1|           1|
    |and_ln102_843_fu_655_p2      |       and|   0|  0|   2|           1|           1|
    |and_ln102_844_fu_801_p2      |       and|   0|  0|   2|           1|           1|
    |and_ln102_845_fu_921_p2      |       and|   0|  0|   2|           1|           1|
    |and_ln102_846_fu_618_p2      |       and|   0|  0|   2|           1|           1|
    |and_ln102_847_fu_628_p2      |       and|   0|  0|   2|           1|           1|
    |and_ln102_848_fu_674_p2      |       and|   0|  0|   2|           1|           1|
    |and_ln102_849_fu_811_p2      |       and|   0|  0|   2|           1|           1|
    |and_ln102_850_fu_815_p2      |       and|   0|  0|   2|           1|           1|
    |and_ln102_851_fu_945_p2      |       and|   0|  0|   2|           1|           1|
    |and_ln102_852_fu_1063_p2     |       and|   0|  0|   2|           1|           1|
    |and_ln102_853_fu_1156_p2     |       and|   0|  0|   2|           1|           1|
    |and_ln102_854_fu_679_p2      |       and|   0|  0|   2|           1|           1|
    |and_ln102_855_fu_633_p2      |       and|   0|  0|   2|           1|           1|
    |and_ln102_856_fu_638_p2      |       and|   0|  0|   2|           1|           1|
    |and_ln102_857_fu_683_p2      |       and|   0|  0|   2|           1|           1|
    |and_ln102_858_fu_687_p2      |       and|   0|  0|   2|           1|           1|
    |and_ln102_859_fu_692_p2      |       and|   0|  0|   2|           1|           1|
    |and_ln102_860_fu_820_p2      |       and|   0|  0|   2|           1|           1|
    |and_ln102_861_fu_824_p2      |       and|   0|  0|   2|           1|           1|
    |and_ln102_862_fu_829_p2      |       and|   0|  0|   2|           1|           1|
    |and_ln102_863_fu_834_p2      |       and|   0|  0|   2|           1|           1|
    |and_ln102_864_fu_950_p2      |       and|   0|  0|   2|           1|           1|
    |and_ln102_865_fu_955_p2      |       and|   0|  0|   2|           1|           1|
    |and_ln102_866_fu_960_p2      |       and|   0|  0|   2|           1|           1|
    |and_ln102_867_fu_964_p2      |       and|   0|  0|   2|           1|           1|
    |and_ln102_868_fu_969_p2      |       and|   0|  0|   2|           1|           1|
    |and_ln102_869_fu_1067_p2     |       and|   0|  0|   2|           1|           1|
    |and_ln102_870_fu_1071_p2     |       and|   0|  0|   2|           1|           1|
    |and_ln102_871_fu_1076_p2     |       and|   0|  0|   2|           1|           1|
    |and_ln102_872_fu_1081_p2     |       and|   0|  0|   2|           1|           1|
    |and_ln102_873_fu_1160_p2     |       and|   0|  0|   2|           1|           1|
    |and_ln102_874_fu_1165_p2     |       and|   0|  0|   2|           1|           1|
    |and_ln102_875_fu_1170_p2     |       and|   0|  0|   2|           1|           1|
    |and_ln102_876_fu_1232_p2     |       and|   0|  0|   2|           1|           1|
    |and_ln102_877_fu_1237_p2     |       and|   0|  0|   2|           1|           1|
    |and_ln102_fu_588_p2          |       and|   0|  0|   2|           1|           1|
    |and_ln104_121_fu_796_p2      |       and|   0|  0|   2|           1|           1|
    |and_ln104_122_fu_613_p2      |       and|   0|  0|   2|           1|           1|
    |and_ln104_123_fu_664_p2      |       and|   0|  0|   2|           1|           1|
    |and_ln104_124_fu_916_p2      |       and|   0|  0|   2|           1|           1|
    |and_ln104_125_fu_930_p2      |       and|   0|  0|   2|           1|           1|
    |and_ln104_fu_599_p2          |       and|   0|  0|   2|           1|           1|
    |icmp_ln86_684_fu_408_p2      |      icmp|   0|  0|  25|          18|          15|
    |icmp_ln86_685_fu_414_p2      |      icmp|   0|  0|  25|          18|          12|
    |icmp_ln86_686_fu_420_p2      |      icmp|   0|  0|  25|          18|           9|
    |icmp_ln86_687_fu_426_p2      |      icmp|   0|  0|  25|          18|          17|
    |icmp_ln86_688_fu_432_p2      |      icmp|   0|  0|  25|          18|          17|
    |icmp_ln86_689_fu_438_p2      |      icmp|   0|  0|  25|          18|          17|
    |icmp_ln86_690_fu_444_p2      |      icmp|   0|  0|  25|          18|          10|
    |icmp_ln86_691_fu_450_p2      |      icmp|   0|  0|  25|          18|           7|
    |icmp_ln86_692_fu_456_p2      |      icmp|   0|  0|  25|          18|           6|
    |icmp_ln86_693_fu_462_p2      |      icmp|   0|  0|  25|          18|          11|
    |icmp_ln86_694_fu_468_p2      |      icmp|   0|  0|  25|          18|          13|
    |icmp_ln86_695_fu_474_p2      |      icmp|   0|  0|  25|          18|           8|
    |icmp_ln86_696_fu_480_p2      |      icmp|   0|  0|  25|          18|          16|
    |icmp_ln86_697_fu_486_p2      |      icmp|   0|  0|  25|          18|          17|
    |icmp_ln86_698_fu_492_p2      |      icmp|   0|  0|  25|          18|          18|
    |icmp_ln86_699_fu_498_p2      |      icmp|   0|  0|  25|          18|          14|
    |icmp_ln86_700_fu_504_p2      |      icmp|   0|  0|  25|          18|           4|
    |icmp_ln86_701_fu_510_p2      |      icmp|   0|  0|  25|          18|           9|
    |icmp_ln86_702_fu_516_p2      |      icmp|   0|  0|  25|          18|          17|
    |icmp_ln86_703_fu_522_p2      |      icmp|   0|  0|  25|          18|          17|
    |icmp_ln86_704_fu_528_p2      |      icmp|   0|  0|  25|          18|          17|
    |icmp_ln86_705_fu_534_p2      |      icmp|   0|  0|  25|          18|           9|
    |icmp_ln86_706_fu_540_p2      |      icmp|   0|  0|  25|          18|           9|
    |icmp_ln86_707_fu_546_p2      |      icmp|   0|  0|  25|          18|           9|
    |icmp_ln86_708_fu_552_p2      |      icmp|   0|  0|  25|          18|           9|
    |icmp_ln86_709_fu_558_p2      |      icmp|   0|  0|  25|          18|           8|
    |icmp_ln86_710_fu_564_p2      |      icmp|   0|  0|  25|          18|           9|
    |icmp_ln86_711_fu_570_p2      |      icmp|   0|  0|  25|          18|           5|
    |icmp_ln86_712_fu_576_p2      |      icmp|   0|  0|  25|          18|           9|
    |icmp_ln86_713_fu_582_p2      |      icmp|   0|  0|  25|          18|           9|
    |icmp_ln86_fu_402_p2          |      icmp|   0|  0|  25|          18|          17|
    |or_ln117_601_fu_725_p2       |        or|   0|  0|   2|           1|           1|
    |or_ln117_602_fu_737_p2       |        or|   0|  0|   2|           1|           1|
    |or_ln117_603_fu_749_p2       |        or|   0|  0|   2|           1|           1|
    |or_ln117_604_fu_839_p2       |        or|   0|  0|   2|           1|           1|
    |or_ln117_605_fu_782_p2       |        or|   0|  0|   2|           1|           1|
    |or_ln117_606_fu_851_p2       |        or|   0|  0|   2|           1|           1|
    |or_ln117_607_fu_863_p2       |        or|   0|  0|   2|           1|           1|
    |or_ln117_608_fu_875_p2       |        or|   0|  0|   2|           1|           1|
    |or_ln117_609_fu_889_p2       |        or|   0|  0|   2|           1|           1|
    |or_ln117_610_fu_974_p2       |        or|   0|  0|   2|           1|           1|
    |or_ln117_611_fu_990_p2       |        or|   0|  0|   2|           1|           1|
    |or_ln117_612_fu_1002_p2      |        or|   0|  0|   2|           1|           1|
    |or_ln117_613_fu_1014_p2      |        or|   0|  0|   2|           1|           1|
    |or_ln117_614_fu_1028_p2      |        or|   0|  0|   2|           1|           1|
    |or_ln117_615_fu_1086_p2      |        or|   0|  0|   2|           1|           1|
    |or_ln117_616_fu_1048_p2      |        or|   0|  0|   2|           1|           1|
    |or_ln117_617_fu_1098_p2      |        or|   0|  0|   2|           1|           1|
    |or_ln117_618_fu_1054_p2      |        or|   0|  0|   2|           1|           1|
    |or_ln117_619_fu_1118_p2      |        or|   0|  0|   2|           1|           1|
    |or_ln117_620_fu_1130_p2      |        or|   0|  0|   2|           1|           1|
    |or_ln117_621_fu_1175_p2      |        or|   0|  0|   2|           1|           1|
    |or_ln117_622_fu_1180_p2      |        or|   0|  0|   2|           1|           1|
    |or_ln117_623_fu_1191_p2      |        or|   0|  0|   2|           1|           1|
    |or_ln117_624_fu_1205_p2      |        or|   0|  0|   2|           1|           1|
    |or_ln117_625_fu_1242_p2      |        or|   0|  0|   2|           1|           1|
    |or_ln117_fu_644_p2           |        or|   0|  0|   2|           1|           1|
    |agg_result_fu_1254_p66       |    select|   0|  0|   5|           1|           5|
    |select_ln117_664_fu_714_p3   |    select|   0|  0|   2|           1|           2|
    |select_ln117_665_fu_730_p3   |    select|   0|  0|   4|           1|           3|
    |select_ln117_666_fu_741_p3   |    select|   0|  0|   3|           1|           3|
    |select_ln117_667_fu_755_p3   |    select|   0|  0|   3|           1|           3|
    |select_ln117_668_fu_763_p3   |    select|   0|  0|   3|           1|           3|
    |select_ln117_669_fu_775_p3   |    select|   0|  0|   5|           1|           4|
    |select_ln117_670_fu_844_p3   |    select|   0|  0|   4|           1|           4|
    |select_ln117_671_fu_856_p3   |    select|   0|  0|   4|           1|           4|
    |select_ln117_672_fu_867_p3   |    select|   0|  0|   4|           1|           4|
    |select_ln117_673_fu_881_p3   |    select|   0|  0|   4|           1|           4|
    |select_ln117_674_fu_895_p3   |    select|   0|  0|   4|           1|           4|
    |select_ln117_675_fu_903_p3   |    select|   0|  0|   4|           1|           4|
    |select_ln117_676_fu_979_p3   |    select|   0|  0|   4|           1|           4|
    |select_ln117_677_fu_995_p3   |    select|   0|  0|   6|           1|           5|
    |select_ln117_678_fu_1006_p3  |    select|   0|  0|   5|           1|           5|
    |select_ln117_679_fu_1020_p3  |    select|   0|  0|   5|           1|           5|
    |select_ln117_680_fu_1032_p3  |    select|   0|  0|   5|           1|           5|
    |select_ln117_681_fu_1040_p3  |    select|   0|  0|   5|           1|           5|
    |select_ln117_682_fu_1091_p3  |    select|   0|  0|   5|           1|           5|
    |select_ln117_683_fu_1103_p3  |    select|   0|  0|   5|           1|           5|
    |select_ln117_684_fu_1110_p3  |    select|   0|  0|   5|           1|           5|
    |select_ln117_685_fu_1123_p3  |    select|   0|  0|   5|           1|           5|
    |select_ln117_686_fu_1135_p3  |    select|   0|  0|   5|           1|           5|
    |select_ln117_687_fu_1143_p3  |    select|   0|  0|   5|           1|           5|
    |select_ln117_688_fu_1184_p3  |    select|   0|  0|   5|           1|           5|
    |select_ln117_689_fu_1197_p3  |    select|   0|  0|   5|           1|           5|
    |select_ln117_690_fu_1211_p3  |    select|   0|  0|   5|           1|           5|
    |select_ln117_691_fu_1219_p3  |    select|   0|  0|   5|           1|           5|
    |select_ln117_fu_707_p3       |    select|   0|  0|   3|           1|           2|
    |xor_ln104_323_fu_594_p2      |       xor|   0|  0|   2|           1|           2|
    |xor_ln104_324_fu_791_p2      |       xor|   0|  0|   2|           1|           2|
    |xor_ln104_325_fu_608_p2      |       xor|   0|  0|   2|           1|           2|
    |xor_ln104_326_fu_659_p2      |       xor|   0|  0|   2|           1|           2|
    |xor_ln104_327_fu_911_p2      |       xor|   0|  0|   2|           1|           2|
    |xor_ln104_328_fu_925_p2      |       xor|   0|  0|   2|           1|           2|
    |xor_ln104_329_fu_623_p2      |       xor|   0|  0|   2|           1|           2|
    |xor_ln104_330_fu_669_p2      |       xor|   0|  0|   2|           1|           2|
    |xor_ln104_331_fu_806_p2      |       xor|   0|  0|   2|           1|           2|
    |xor_ln104_332_fu_935_p2      |       xor|   0|  0|   2|           1|           2|
    |xor_ln104_333_fu_940_p2      |       xor|   0|  0|   2|           1|           2|
    |xor_ln104_334_fu_1058_p2     |       xor|   0|  0|   2|           1|           2|
    |xor_ln104_335_fu_1151_p2     |       xor|   0|  0|   2|           1|           2|
    |xor_ln104_336_fu_1227_p2     |       xor|   0|  0|   2|           1|           2|
    |xor_ln104_fu_650_p2          |       xor|   0|  0|   2|           1|           2|
    |xor_ln117_fu_697_p2          |       xor|   0|  0|   2|           2|           1|
    +-----------------------------+----------+----+---+----+------------+------------+
    |Total                        |          |   0|  0|1079|         675|         593|
    +-----------------------------+----------+----+---+----+------------+------------+

    * Multiplexer: 
    N/A

    * Register: 
    +--------------------------------------+----+----+-----+-----------+
    |                 Name                 | FF | LUT| Bits| Const Bits|
    +--------------------------------------+----+----+-----+-----------+
    |and_ln102_841_reg_1643                |   1|   0|    1|          0|
    |and_ln102_842_reg_1580                |   1|   0|    1|          0|
    |and_ln102_843_reg_1615                |   1|   0|    1|          0|
    |and_ln102_844_reg_1655                |   1|   0|    1|          0|
    |and_ln102_845_reg_1682                |   1|   0|    1|          0|
    |and_ln102_845_reg_1682_pp0_iter5_reg  |   1|   0|    1|          0|
    |and_ln102_846_reg_1592                |   1|   0|    1|          0|
    |and_ln102_847_reg_1598                |   1|   0|    1|          0|
    |and_ln102_848_reg_1627                |   1|   0|    1|          0|
    |and_ln102_850_reg_1661                |   1|   0|    1|          0|
    |and_ln102_851_reg_1695                |   1|   0|    1|          0|
    |and_ln102_reg_1564                    |   1|   0|    1|          0|
    |and_ln104_121_reg_1649                |   1|   0|    1|          0|
    |and_ln104_122_reg_1587                |   1|   0|    1|          0|
    |and_ln104_123_reg_1621                |   1|   0|    1|          0|
    |and_ln104_123_reg_1621_pp0_iter3_reg  |   1|   0|    1|          0|
    |and_ln104_124_reg_1677                |   1|   0|    1|          0|
    |and_ln104_125_reg_1689                |   1|   0|    1|          0|
    |and_ln104_reg_1574                    |   1|   0|    1|          0|
    |icmp_ln86_684_reg_1401                |   1|   0|    1|          0|
    |icmp_ln86_685_reg_1406                |   1|   0|    1|          0|
    |icmp_ln86_686_reg_1412                |   1|   0|    1|          0|
    |icmp_ln86_687_reg_1418                |   1|   0|    1|          0|
    |icmp_ln86_687_reg_1418_pp0_iter1_reg  |   1|   0|    1|          0|
    |icmp_ln86_688_reg_1424                |   1|   0|    1|          0|
    |icmp_ln86_689_reg_1430                |   1|   0|    1|          0|
    |icmp_ln86_690_reg_1436                |   1|   0|    1|          0|
    |icmp_ln86_691_reg_1442                |   1|   0|    1|          0|
    |icmp_ln86_691_reg_1442_pp0_iter1_reg  |   1|   0|    1|          0|
    |icmp_ln86_692_reg_1448                |   1|   0|    1|          0|
    |icmp_ln86_693_reg_1454                |   1|   0|    1|          0|
    |icmp_ln86_694_reg_1460                |   1|   0|    1|          0|
    |icmp_ln86_695_reg_1466                |   1|   0|    1|          0|
    |icmp_ln86_696_reg_1472                |   1|   0|    1|          0|
    |icmp_ln86_697_reg_1478                |   1|   0|    1|          0|
    |icmp_ln86_698_reg_1484                |   1|   0|    1|          0|
    |icmp_ln86_698_reg_1484_pp0_iter1_reg  |   1|   0|    1|          0|
    |icmp_ln86_699_reg_1489                |   1|   0|    1|          0|
    |icmp_ln86_700_reg_1494                |   1|   0|    1|          0|
    |icmp_ln86_700_reg_1494_pp0_iter1_reg  |   1|   0|    1|          0|
    |icmp_ln86_701_reg_1499                |   1|   0|    1|          0|
    |icmp_ln86_701_reg_1499_pp0_iter1_reg  |   1|   0|    1|          0|
    |icmp_ln86_702_reg_1504                |   1|   0|    1|          0|
    |icmp_ln86_703_reg_1509                |   1|   0|    1|          0|
    |icmp_ln86_704_reg_1514                |   1|   0|    1|          0|
    |icmp_ln86_705_reg_1519                |   1|   0|    1|          0|
    |icmp_ln86_706_reg_1524                |   1|   0|    1|          0|
    |icmp_ln86_707_reg_1529                |   1|   0|    1|          0|
    |icmp_ln86_708_reg_1534                |   1|   0|    1|          0|
    |icmp_ln86_709_reg_1539                |   1|   0|    1|          0|
    |icmp_ln86_710_reg_1544                |   1|   0|    1|          0|
    |icmp_ln86_711_reg_1549                |   1|   0|    1|          0|
    |icmp_ln86_712_reg_1554                |   1|   0|    1|          0|
    |icmp_ln86_713_reg_1559                |   1|   0|    1|          0|
    |icmp_ln86_reg_1390                    |   1|   0|    1|          0|
    |or_ln117_605_reg_1637                 |   1|   0|    1|          0|
    |or_ln117_609_reg_1667                 |   1|   0|    1|          0|
    |or_ln117_614_reg_1700                 |   1|   0|    1|          0|
    |or_ln117_616_reg_1710                 |   1|   0|    1|          0|
    |or_ln117_618_reg_1716                 |   1|   0|    1|          0|
    |or_ln117_618_reg_1716_pp0_iter5_reg   |   1|   0|    1|          0|
    |or_ln117_620_reg_1724                 |   1|   0|    1|          0|
    |or_ln117_624_reg_1734                 |   1|   0|    1|          0|
    |or_ln117_reg_1604                     |   1|   0|    1|          0|
    |p_read10_int_reg                      |  18|   0|   18|          0|
    |p_read11_int_reg                      |  18|   0|   18|          0|
    |p_read12_int_reg                      |  18|   0|   18|          0|
    |p_read13_int_reg                      |  18|   0|   18|          0|
    |p_read14_int_reg                      |  18|   0|   18|          0|
    |p_read15_int_reg                      |  18|   0|   18|          0|
    |p_read16_int_reg                      |  18|   0|   18|          0|
    |p_read17_int_reg                      |  18|   0|   18|          0|
    |p_read18_int_reg                      |  18|   0|   18|          0|
    |p_read19_int_reg                      |  18|   0|   18|          0|
    |p_read1_int_reg                       |  18|   0|   18|          0|
    |p_read20_int_reg                      |  18|   0|   18|          0|
    |p_read21_int_reg                      |  18|   0|   18|          0|
    |p_read2_int_reg                       |  18|   0|   18|          0|
    |p_read3_int_reg                       |  18|   0|   18|          0|
    |p_read4_int_reg                       |  18|   0|   18|          0|
    |p_read5_int_reg                       |  18|   0|   18|          0|
    |p_read6_int_reg                       |  18|   0|   18|          0|
    |p_read7_int_reg                       |  18|   0|   18|          0|
    |p_read8_int_reg                       |  18|   0|   18|          0|
    |p_read9_int_reg                       |  18|   0|   18|          0|
    |select_ln117_669_reg_1632             |   4|   0|    4|          0|
    |select_ln117_675_reg_1672             |   4|   0|    4|          0|
    |select_ln117_681_reg_1705             |   5|   0|    5|          0|
    |select_ln117_687_reg_1729             |   5|   0|    5|          0|
    |select_ln117_691_reg_1739             |   5|   0|    5|          0|
    |xor_ln104_reg_1609                    |   1|   0|    1|          0|
    |and_ln102_reg_1564                    |  64|  32|    1|          0|
    |and_ln104_125_reg_1689                |  64|  32|    1|          0|
    |icmp_ln86_685_reg_1406                |  64|  32|    1|          0|
    |icmp_ln86_688_reg_1424                |  64|  32|    1|          0|
    |icmp_ln86_689_reg_1430                |  64|  32|    1|          0|
    |icmp_ln86_692_reg_1448                |  64|  32|    1|          0|
    |icmp_ln86_693_reg_1454                |  64|  32|    1|          0|
    |icmp_ln86_694_reg_1460                |  64|  32|    1|          0|
    |icmp_ln86_695_reg_1466                |  64|  32|    1|          0|
    |icmp_ln86_696_reg_1472                |  64|  32|    1|          0|
    |icmp_ln86_697_reg_1478                |  64|  32|    1|          0|
    |icmp_ln86_702_reg_1504                |  64|  32|    1|          0|
    |icmp_ln86_703_reg_1509                |  64|  32|    1|          0|
    |icmp_ln86_704_reg_1514                |  64|  32|    1|          0|
    |icmp_ln86_705_reg_1519                |  64|  32|    1|          0|
    |icmp_ln86_706_reg_1524                |  64|  32|    1|          0|
    |icmp_ln86_707_reg_1529                |  64|  32|    1|          0|
    |icmp_ln86_708_reg_1534                |  64|  32|    1|          0|
    |icmp_ln86_709_reg_1539                |  64|  32|    1|          0|
    |icmp_ln86_710_reg_1544                |  64|  32|    1|          0|
    |icmp_ln86_711_reg_1549                |  64|  32|    1|          0|
    |icmp_ln86_712_reg_1554                |  64|  32|    1|          0|
    |icmp_ln86_713_reg_1559                |  64|  32|    1|          0|
    |icmp_ln86_reg_1390                    |  64|  32|    1|          0|
    +--------------------------------------+----+----+-----+-----------+
    |Total                                 |2002| 768|  490|          0|
    +--------------------------------------+----+----+-----+-----------+



================================================================
== Interface
================================================================
* Summary: 
+-----------+-----+-----+------------+----------------------+--------------+
| RTL Ports | Dir | Bits|  Protocol  |     Source Object    |    C Type    |
+-----------+-----+-----+------------+----------------------+--------------+
|ap_clk     |   in|    1|  ap_ctrl_hs|  decision_function.75|  return value|
|ap_rst     |   in|    1|  ap_ctrl_hs|  decision_function.75|  return value|
|ap_return  |  out|   12|  ap_ctrl_hs|  decision_function.75|  return value|
|ap_ce      |   in|    1|  ap_ctrl_hs|  decision_function.75|  return value|
|p_read1    |   in|   18|     ap_none|               p_read1|        scalar|
|p_read2    |   in|   18|     ap_none|               p_read2|        scalar|
|p_read3    |   in|   18|     ap_none|               p_read3|        scalar|
|p_read4    |   in|   18|     ap_none|               p_read4|        scalar|
|p_read5    |   in|   18|     ap_none|               p_read5|        scalar|
|p_read6    |   in|   18|     ap_none|               p_read6|        scalar|
|p_read7    |   in|   18|     ap_none|               p_read7|        scalar|
|p_read8    |   in|   18|     ap_none|               p_read8|        scalar|
|p_read9    |   in|   18|     ap_none|               p_read9|        scalar|
|p_read10   |   in|   18|     ap_none|              p_read10|        scalar|
|p_read11   |   in|   18|     ap_none|              p_read11|        scalar|
|p_read12   |   in|   18|     ap_none|              p_read12|        scalar|
|p_read13   |   in|   18|     ap_none|              p_read13|        scalar|
|p_read14   |   in|   18|     ap_none|              p_read14|        scalar|
|p_read15   |   in|   18|     ap_none|              p_read15|        scalar|
|p_read16   |   in|   18|     ap_none|              p_read16|        scalar|
|p_read17   |   in|   18|     ap_none|              p_read17|        scalar|
|p_read18   |   in|   18|     ap_none|              p_read18|        scalar|
|p_read19   |   in|   18|     ap_none|              p_read19|        scalar|
|p_read20   |   in|   18|     ap_none|              p_read20|        scalar|
|p_read21   |   in|   18|     ap_none|              p_read21|        scalar|
+-----------+-----+-----+------------+----------------------+--------------+

