

================================================================
== Vitis HLS Report for 'decision_function_4'
================================================================
* Date:           Thu Jan 23 13:49:36 2025

* Version:        2024.1 (Build 5069499 on May 21 2024)
* Project:        conifer_jettag
* Solution:       solution1 (Vivado IP Flow Target)
* Product family: zynq
* Target device:  xc7z020-clg400-1


================================================================
== Performance Estimates
================================================================
+ Timing: 
    * Summary: 
    +--------+---------+----------+------------+
    |  Clock |  Target | Estimated| Uncertainty|
    +--------+---------+----------+------------+
    |ap_clk  |  5.00 ns|  3.645 ns|     1.35 ns|
    +--------+---------+----------+------------+

+ Latency: 
    * Summary: 
    +---------+---------+-----------+-----------+-----+-----+---------+
    |  Latency (cycles) |   Latency (absolute)  |  Interval | Pipeline|
    |   min   |   max   |    min    |    max    | min | max |   Type  |
    +---------+---------+-----------+-----------+-----+-----+---------+
    |        6|        6|  30.000 ns|  30.000 ns|    1|    1|      yes|
    +---------+---------+-----------+-----------+-----+-----+---------+

    + Detail: 
        * Instance: 
        N/A

        * Loop: 
        N/A



================================================================
== Utilization Estimates
================================================================
* Summary: 
+-----------------+---------+-----+--------+-------+-----+
|       Name      | BRAM_18K| DSP |   FF   |  LUT  | URAM|
+-----------------+---------+-----+--------+-------+-----+
|DSP              |        -|    -|       -|      -|    -|
|Expression       |        -|    -|       0|    869|    -|
|FIFO             |        -|    -|       -|      -|    -|
|Instance         |        -|    -|       0|    117|    -|
|Memory           |        -|    -|       -|      -|    -|
|Multiplexer      |        -|    -|       -|      -|    -|
|Register         |        -|    -|    1359|    480|    -|
+-----------------+---------+-----+--------+-------+-----+
|Total            |        0|    0|    1359|   1466|    0|
+-----------------+---------+-----+--------+-------+-----+
|Available        |      280|  220|  106400|  53200|    0|
+-----------------+---------+-----+--------+-------+-----+
|Utilization (%)  |        0|    0|       1|      2|    0|
+-----------------+---------+-----+--------+-------+-----+

+ Detail: 
    * Instance: 
    +-------------------------------+-------------------------+---------+----+---+-----+-----+
    |            Instance           |          Module         | BRAM_18K| DSP| FF| LUT | URAM|
    +-------------------------------+-------------------------+---------+----+---+-----+-----+
    |sparsemux_53_5_12_1_1_x_U2174  |sparsemux_53_5_12_1_1_x  |        0|   0|  0|  117|    0|
    +-------------------------------+-------------------------+---------+----+---+-----+-----+
    |Total                          |                         |        0|   0|  0|  117|    0|
    +-------------------------------+-------------------------+---------+----+---+-----+-----+

    * DSP: 
    N/A

    * Memory: 
    N/A

    * FIFO: 
    N/A

    * Expression: 
    +-----------------------------+----------+----+---+----+------------+------------+
    |        Variable Name        | Operation| DSP| FF| LUT| Bitwidth P0| Bitwidth P1|
    +-----------------------------+----------+----+---+----+------------+------------+
    |and_ln102_100_fu_513_p2      |       and|   0|  0|   2|           1|           1|
    |and_ln102_101_fu_529_p2      |       and|   0|  0|   2|           1|           1|
    |and_ln102_102_fu_617_p2      |       and|   0|  0|   2|           1|           1|
    |and_ln102_103_fu_543_p2      |       and|   0|  0|   2|           1|           1|
    |and_ln102_104_fu_755_p2      |       and|   0|  0|   2|           1|           1|
    |and_ln102_105_fu_548_p2      |       and|   0|  0|   2|           1|           1|
    |and_ln102_106_fu_553_p2      |       and|   0|  0|   2|           1|           1|
    |and_ln102_107_fu_641_p2      |       and|   0|  0|   2|           1|           1|
    |and_ln102_108_fu_774_p2      |       and|   0|  0|   2|           1|           1|
    |and_ln102_109_fu_778_p2      |       and|   0|  0|   2|           1|           1|
    |and_ln102_110_fu_982_p2      |       and|   0|  0|   2|           1|           1|
    |and_ln102_111_fu_558_p2      |       and|   0|  0|   2|           1|           1|
    |and_ln102_112_fu_651_p2      |       and|   0|  0|   2|           1|           1|
    |and_ln102_113_fu_656_p2      |       and|   0|  0|   2|           1|           1|
    |and_ln102_114_fu_665_p2      |       and|   0|  0|   2|           1|           1|
    |and_ln102_115_fu_783_p2      |       and|   0|  0|   2|           1|           1|
    |and_ln102_116_fu_792_p2      |       and|   0|  0|   2|           1|           1|
    |and_ln102_117_fu_797_p2      |       and|   0|  0|   2|           1|           1|
    |and_ln102_118_fu_893_p2      |       and|   0|  0|   2|           1|           1|
    |and_ln102_119_fu_898_p2      |       and|   0|  0|   2|           1|           1|
    |and_ln102_120_fu_907_p2      |       and|   0|  0|   2|           1|           1|
    |and_ln102_121_fu_986_p2      |       and|   0|  0|   2|           1|           1|
    |and_ln102_122_fu_1026_p2     |       and|   0|  0|   2|           1|           1|
    |and_ln102_123_fu_646_p2      |       and|   0|  0|   2|           1|           1|
    |and_ln102_124_fu_660_p2      |       and|   0|  0|   2|           1|           1|
    |and_ln102_125_fu_787_p2      |       and|   0|  0|   2|           1|           1|
    |and_ln102_126_fu_888_p2      |       and|   0|  0|   2|           1|           1|
    |and_ln102_127_fu_902_p2      |       and|   0|  0|   2|           1|           1|
    |and_ln102_128_fu_1021_p2     |       and|   0|  0|   2|           1|           1|
    |and_ln102_fu_492_p2          |       and|   0|  0|   2|           1|           1|
    |and_ln104_19_fu_523_p2       |       and|   0|  0|   2|           1|           1|
    |and_ln104_20_fu_538_p2       |       and|   0|  0|   2|           1|           1|
    |and_ln104_21_fu_626_p2       |       and|   0|  0|   2|           1|           1|
    |and_ln104_22_fu_764_p2       |       and|   0|  0|   2|           1|           1|
    |and_ln104_fu_508_p2          |       and|   0|  0|   2|           1|           1|
    |icmp_ln86_105_fu_348_p2      |      icmp|   0|  0|  25|          18|          10|
    |icmp_ln86_106_fu_354_p2      |      icmp|   0|  0|  25|          18|          10|
    |icmp_ln86_107_fu_360_p2      |      icmp|   0|  0|  25|          18|           1|
    |icmp_ln86_108_fu_366_p2      |      icmp|   0|  0|  25|          18|           9|
    |icmp_ln86_109_fu_372_p2      |      icmp|   0|  0|  25|          18|          10|
    |icmp_ln86_110_fu_378_p2      |      icmp|   0|  0|  25|          18|          13|
    |icmp_ln86_111_fu_384_p2      |      icmp|   0|  0|  25|          18|           7|
    |icmp_ln86_112_fu_390_p2      |      icmp|   0|  0|  25|          18|           9|
    |icmp_ln86_113_fu_396_p2      |      icmp|   0|  0|  25|          18|           6|
    |icmp_ln86_114_fu_402_p2      |      icmp|   0|  0|  25|          18|          10|
    |icmp_ln86_115_fu_408_p2      |      icmp|   0|  0|  25|          18|           7|
    |icmp_ln86_116_fu_414_p2      |      icmp|   0|  0|  25|          18|           9|
    |icmp_ln86_117_fu_420_p2      |      icmp|   0|  0|  25|          18|          17|
    |icmp_ln86_118_fu_426_p2      |      icmp|   0|  0|  25|          18|           8|
    |icmp_ln86_119_fu_432_p2      |      icmp|   0|  0|  25|          18|           6|
    |icmp_ln86_120_fu_438_p2      |      icmp|   0|  0|  25|          18|          16|
    |icmp_ln86_121_fu_444_p2      |      icmp|   0|  0|  25|          18|           8|
    |icmp_ln86_122_fu_450_p2      |      icmp|   0|  0|  25|          18|           8|
    |icmp_ln86_123_fu_456_p2      |      icmp|   0|  0|  25|          18|           6|
    |icmp_ln86_124_fu_462_p2      |      icmp|   0|  0|  25|          18|          15|
    |icmp_ln86_125_fu_468_p2      |      icmp|   0|  0|  25|          18|           9|
    |icmp_ln86_126_fu_474_p2      |      icmp|   0|  0|  25|          18|          11|
    |icmp_ln86_127_fu_480_p2      |      icmp|   0|  0|  25|          18|           4|
    |icmp_ln86_128_fu_486_p2      |      icmp|   0|  0|  25|          18|          11|
    |icmp_ln86_fu_342_p2          |      icmp|   0|  0|  25|          18|           9|
    |or_ln117_100_fu_673_p2       |        or|   0|  0|   2|           1|           1|
    |or_ln117_101_fu_601_p2       |        or|   0|  0|   2|           1|           1|
    |or_ln117_102_fu_693_p2       |        or|   0|  0|   2|           1|           1|
    |or_ln117_103_fu_705_p2       |        or|   0|  0|   2|           1|           1|
    |or_ln117_104_fu_721_p2       |        or|   0|  0|   2|           1|           1|
    |or_ln117_105_fu_607_p2       |        or|   0|  0|   2|           1|           1|
    |or_ln117_106_fu_802_p2       |        or|   0|  0|   2|           1|           1|
    |or_ln117_107_fu_750_p2       |        or|   0|  0|   2|           1|           1|
    |or_ln117_108_fu_814_p2       |        or|   0|  0|   2|           1|           1|
    |or_ln117_109_fu_826_p2       |        or|   0|  0|   2|           1|           1|
    |or_ln117_110_fu_838_p2       |        or|   0|  0|   2|           1|           1|
    |or_ln117_111_fu_852_p2       |        or|   0|  0|   2|           1|           1|
    |or_ln117_112_fu_912_p2       |        or|   0|  0|   2|           1|           1|
    |or_ln117_113_fu_612_p2       |        or|   0|  0|   2|           1|           1|
    |or_ln117_114_fu_924_p2       |        or|   0|  0|   2|           1|           1|
    |or_ln117_115_fu_936_p2       |        or|   0|  0|   2|           1|           1|
    |or_ln117_116_fu_948_p2       |        or|   0|  0|   2|           1|           1|
    |or_ln117_117_fu_962_p2       |        or|   0|  0|   2|           1|           1|
    |or_ln117_118_fu_991_p2       |        or|   0|  0|   2|           1|           1|
    |or_ln117_119_fu_996_p2       |        or|   0|  0|   2|           1|           1|
    |or_ln117_120_fu_1031_p2      |        or|   0|  0|   2|           1|           1|
    |or_ln117_99_fu_587_p2        |        or|   0|  0|   2|           1|           1|
    |or_ln117_fu_573_p2           |        or|   0|  0|   2|           1|           1|
    |agg_result_fu_1043_p54       |    select|   0|  0|   5|           1|           5|
    |select_ln117_103_fu_593_p3   |    select|   0|  0|   2|           1|           2|
    |select_ln117_104_fu_678_p3   |    select|   0|  0|   4|           1|           3|
    |select_ln117_105_fu_685_p3   |    select|   0|  0|   3|           1|           3|
    |select_ln117_106_fu_698_p3   |    select|   0|  0|   3|           1|           3|
    |select_ln117_107_fu_709_p3   |    select|   0|  0|   3|           1|           3|
    |select_ln117_108_fu_727_p3   |    select|   0|  0|   5|           1|           4|
    |select_ln117_109_fu_735_p3   |    select|   0|  0|   4|           1|           4|
    |select_ln117_110_fu_743_p3   |    select|   0|  0|   4|           1|           4|
    |select_ln117_111_fu_807_p3   |    select|   0|  0|   4|           1|           4|
    |select_ln117_112_fu_819_p3   |    select|   0|  0|   4|           1|           4|
    |select_ln117_113_fu_830_p3   |    select|   0|  0|   4|           1|           4|
    |select_ln117_114_fu_844_p3   |    select|   0|  0|   4|           1|           4|
    |select_ln117_115_fu_858_p3   |    select|   0|  0|   4|           1|           4|
    |select_ln117_116_fu_870_p3   |    select|   0|  0|   6|           1|           5|
    |select_ln117_117_fu_917_p3   |    select|   0|  0|   5|           1|           5|
    |select_ln117_118_fu_929_p3   |    select|   0|  0|   5|           1|           5|
    |select_ln117_119_fu_940_p3   |    select|   0|  0|   5|           1|           5|
    |select_ln117_120_fu_954_p3   |    select|   0|  0|   5|           1|           5|
    |select_ln117_121_fu_966_p3   |    select|   0|  0|   5|           1|           5|
    |select_ln117_122_fu_974_p3   |    select|   0|  0|   5|           1|           5|
    |select_ln117_123_fu_1001_p3  |    select|   0|  0|   5|           1|           5|
    |select_ln117_124_fu_1008_p3  |    select|   0|  0|   5|           1|           5|
    |select_ln117_fu_579_p3       |    select|   0|  0|   3|           1|           2|
    |xor_ln104_50_fu_503_p2       |       xor|   0|  0|   2|           1|           2|
    |xor_ln104_51_fu_518_p2       |       xor|   0|  0|   2|           1|           2|
    |xor_ln104_52_fu_533_p2       |       xor|   0|  0|   2|           1|           2|
    |xor_ln104_53_fu_621_p2       |       xor|   0|  0|   2|           1|           2|
    |xor_ln104_54_fu_759_p2       |       xor|   0|  0|   2|           1|           2|
    |xor_ln104_55_fu_631_p2       |       xor|   0|  0|   2|           1|           2|
    |xor_ln104_56_fu_636_p2       |       xor|   0|  0|   2|           1|           2|
    |xor_ln104_57_fu_769_p2       |       xor|   0|  0|   2|           1|           2|
    |xor_ln104_58_fu_878_p2       |       xor|   0|  0|   2|           1|           2|
    |xor_ln104_59_fu_883_p2       |       xor|   0|  0|   2|           1|           2|
    |xor_ln104_60_fu_1016_p2      |       xor|   0|  0|   2|           1|           2|
    |xor_ln104_fu_498_p2          |       xor|   0|  0|   2|           1|           2|
    |xor_ln117_fu_563_p2          |       xor|   0|  0|   2|           2|           1|
    +-----------------------------+----------+----+---+----+------------+------------+
    |Total                        |          |   0|  0| 869|         546|         410|
    +-----------------------------+----------+----+---+----+------------+------------+

    * Multiplexer: 
    N/A

    * Register: 
    +--------------------------------------+----+----+-----+-----------+
    |                 Name                 | FF | LUT| Bits| Const Bits|
    +--------------------------------------+----+----+-----+-----------+
    |and_ln102_101_reg_1311                |   1|   0|    1|          0|
    |and_ln102_102_reg_1361                |   1|   0|    1|          0|
    |and_ln102_104_reg_1389                |   1|   0|    1|          0|
    |and_ln102_106_reg_1321                |   1|   0|    1|          0|
    |and_ln102_107_reg_1373                |   1|   0|    1|          0|
    |and_ln102_109_reg_1401                |   1|   0|    1|          0|
    |and_ln102_reg_1292                    |   1|   0|    1|          0|
    |and_ln104_19_reg_1305                 |   1|   0|    1|          0|
    |and_ln104_19_reg_1305_pp0_iter2_reg   |   1|   0|    1|          0|
    |and_ln104_20_reg_1316                 |   1|   0|    1|          0|
    |and_ln104_21_reg_1367                 |   1|   0|    1|          0|
    |and_ln104_21_reg_1367_pp0_iter3_reg   |   1|   0|    1|          0|
    |and_ln104_22_reg_1395                 |   1|   0|    1|          0|
    |and_ln104_reg_1299                    |   1|   0|    1|          0|
    |icmp_ln86_105_reg_1162                |   1|   0|    1|          0|
    |icmp_ln86_106_reg_1167                |   1|   0|    1|          0|
    |icmp_ln86_107_reg_1173                |   1|   0|    1|          0|
    |icmp_ln86_108_reg_1179                |   1|   0|    1|          0|
    |icmp_ln86_108_reg_1179_pp0_iter1_reg  |   1|   0|    1|          0|
    |icmp_ln86_109_reg_1185                |   1|   0|    1|          0|
    |icmp_ln86_110_reg_1190                |   1|   0|    1|          0|
    |icmp_ln86_111_reg_1196                |   1|   0|    1|          0|
    |icmp_ln86_111_reg_1196_pp0_iter1_reg  |   1|   0|    1|          0|
    |icmp_ln86_112_reg_1202                |   1|   0|    1|          0|
    |icmp_ln86_112_reg_1202_pp0_iter1_reg  |   1|   0|    1|          0|
    |icmp_ln86_113_reg_1208                |   1|   0|    1|          0|
    |icmp_ln86_114_reg_1214                |   1|   0|    1|          0|
    |icmp_ln86_115_reg_1220                |   1|   0|    1|          0|
    |icmp_ln86_116_reg_1226                |   1|   0|    1|          0|
    |icmp_ln86_117_reg_1232                |   1|   0|    1|          0|
    |icmp_ln86_118_reg_1237                |   1|   0|    1|          0|
    |icmp_ln86_118_reg_1237_pp0_iter1_reg  |   1|   0|    1|          0|
    |icmp_ln86_119_reg_1242                |   1|   0|    1|          0|
    |icmp_ln86_119_reg_1242_pp0_iter1_reg  |   1|   0|    1|          0|
    |icmp_ln86_120_reg_1247                |   1|   0|    1|          0|
    |icmp_ln86_120_reg_1247_pp0_iter1_reg  |   1|   0|    1|          0|
    |icmp_ln86_121_reg_1252                |   1|   0|    1|          0|
    |icmp_ln86_122_reg_1257                |   1|   0|    1|          0|
    |icmp_ln86_123_reg_1262                |   1|   0|    1|          0|
    |icmp_ln86_124_reg_1267                |   1|   0|    1|          0|
    |icmp_ln86_125_reg_1272                |   1|   0|    1|          0|
    |icmp_ln86_126_reg_1277                |   1|   0|    1|          0|
    |icmp_ln86_127_reg_1282                |   1|   0|    1|          0|
    |icmp_ln86_128_reg_1287                |   1|   0|    1|          0|
    |icmp_ln86_reg_1155                    |   1|   0|    1|          0|
    |or_ln117_101_reg_1338                 |   1|   0|    1|          0|
    |or_ln117_105_reg_1345                 |   1|   0|    1|          0|
    |or_ln117_105_reg_1345_pp0_iter2_reg   |   1|   0|    1|          0|
    |or_ln117_107_reg_1383                 |   1|   0|    1|          0|
    |or_ln117_111_reg_1407                 |   1|   0|    1|          0|
    |or_ln117_113_reg_1353                 |   1|   0|    1|          0|
    |or_ln117_117_reg_1417                 |   1|   0|    1|          0|
    |or_ln117_119_reg_1428                 |   1|   0|    1|          0|
    |or_ln117_99_reg_1327                  |   1|   0|    1|          0|
    |p_read10_int_reg                      |  18|   0|   18|          0|
    |p_read11_int_reg                      |  18|   0|   18|          0|
    |p_read12_int_reg                      |  18|   0|   18|          0|
    |p_read13_int_reg                      |  18|   0|   18|          0|
    |p_read14_int_reg                      |  18|   0|   18|          0|
    |p_read15_int_reg                      |  18|   0|   18|          0|
    |p_read16_int_reg                      |  18|   0|   18|          0|
    |p_read17_int_reg                      |  18|   0|   18|          0|
    |p_read18_int_reg                      |  18|   0|   18|          0|
    |p_read1_int_reg                       |  18|   0|   18|          0|
    |p_read2_int_reg                       |  18|   0|   18|          0|
    |p_read3_int_reg                       |  18|   0|   18|          0|
    |p_read4_int_reg                       |  18|   0|   18|          0|
    |p_read5_int_reg                       |  18|   0|   18|          0|
    |p_read6_int_reg                       |  18|   0|   18|          0|
    |p_read7_int_reg                       |  18|   0|   18|          0|
    |p_read8_int_reg                       |  18|   0|   18|          0|
    |p_read9_int_reg                       |  18|   0|   18|          0|
    |select_ln117_103_reg_1333             |   2|   0|    2|          0|
    |select_ln117_110_reg_1378             |   4|   0|    4|          0|
    |select_ln117_116_reg_1412             |   5|   0|    5|          0|
    |select_ln117_122_reg_1423             |   5|   0|    5|          0|
    |select_ln117_124_reg_1433             |   5|   0|    5|          0|
    |and_ln104_22_reg_1395                 |  64|  32|    1|          0|
    |icmp_ln86_110_reg_1190                |  64|  32|    1|          0|
    |icmp_ln86_113_reg_1208                |  64|  32|    1|          0|
    |icmp_ln86_114_reg_1214                |  64|  32|    1|          0|
    |icmp_ln86_115_reg_1220                |  64|  32|    1|          0|
    |icmp_ln86_116_reg_1226                |  64|  32|    1|          0|
    |icmp_ln86_121_reg_1252                |  64|  32|    1|          0|
    |icmp_ln86_122_reg_1257                |  64|  32|    1|          0|
    |icmp_ln86_123_reg_1262                |  64|  32|    1|          0|
    |icmp_ln86_124_reg_1267                |  64|  32|    1|          0|
    |icmp_ln86_125_reg_1272                |  64|  32|    1|          0|
    |icmp_ln86_126_reg_1277                |  64|  32|    1|          0|
    |icmp_ln86_127_reg_1282                |  64|  32|    1|          0|
    |icmp_ln86_128_reg_1287                |  64|  32|    1|          0|
    |or_ln117_113_reg_1353                 |  64|  32|    1|          0|
    +--------------------------------------+----+----+-----+-----------+
    |Total                                 |1359| 480|  414|          0|
    +--------------------------------------+----+----+-----+-----------+



================================================================
== Interface
================================================================
* Summary: 
+-----------+-----+-----+------------+---------------------+--------------+
| RTL Ports | Dir | Bits|  Protocol  |    Source Object    |    C Type    |
+-----------+-----+-----+------------+---------------------+--------------+
|ap_clk     |   in|    1|  ap_ctrl_hs|  decision_function.4|  return value|
|ap_rst     |   in|    1|  ap_ctrl_hs|  decision_function.4|  return value|
|ap_return  |  out|   12|  ap_ctrl_hs|  decision_function.4|  return value|
|ap_ce      |   in|    1|  ap_ctrl_hs|  decision_function.4|  return value|
|p_read1    |   in|   18|     ap_none|              p_read1|        scalar|
|p_read2    |   in|   18|     ap_none|              p_read2|        scalar|
|p_read3    |   in|   18|     ap_none|              p_read3|        scalar|
|p_read4    |   in|   18|     ap_none|              p_read4|        scalar|
|p_read5    |   in|   18|     ap_none|              p_read5|        scalar|
|p_read6    |   in|   18|     ap_none|              p_read6|        scalar|
|p_read7    |   in|   18|     ap_none|              p_read7|        scalar|
|p_read8    |   in|   18|     ap_none|              p_read8|        scalar|
|p_read9    |   in|   18|     ap_none|              p_read9|        scalar|
|p_read10   |   in|   18|     ap_none|             p_read10|        scalar|
|p_read11   |   in|   18|     ap_none|             p_read11|        scalar|
|p_read12   |   in|   18|     ap_none|             p_read12|        scalar|
|p_read13   |   in|   18|     ap_none|             p_read13|        scalar|
|p_read14   |   in|   18|     ap_none|             p_read14|        scalar|
|p_read15   |   in|   18|     ap_none|             p_read15|        scalar|
|p_read16   |   in|   18|     ap_none|             p_read16|        scalar|
|p_read17   |   in|   18|     ap_none|             p_read17|        scalar|
|p_read18   |   in|   18|     ap_none|             p_read18|        scalar|
+-----------+-----+-----+------------+---------------------+--------------+

