

================================================================
== Vitis HLS Report for 'decision_function_34'
================================================================
* Date:           Thu Jan 23 13:49:18 2025

* Version:        2024.1 (Build 5069499 on May 21 2024)
* Project:        conifer_jettag
* Solution:       solution1 (Vivado IP Flow Target)
* Product family: zynq
* Target device:  xc7z020-clg400-1


================================================================
== Performance Estimates
================================================================
+ Timing: 
    * Summary: 
    +--------+---------+----------+------------+
    |  Clock |  Target | Estimated| Uncertainty|
    +--------+---------+----------+------------+
    |ap_clk  |  5.00 ns|  3.171 ns|     1.35 ns|
    +--------+---------+----------+------------+

+ Latency: 
    * Summary: 
    +---------+---------+-----------+-----------+-----+-----+---------+
    |  Latency (cycles) |   Latency (absolute)  |  Interval | Pipeline|
    |   min   |   max   |    min    |    max    | min | max |   Type  |
    +---------+---------+-----------+-----------+-----+-----+---------+
    |        6|        6|  30.000 ns|  30.000 ns|    1|    1|      yes|
    +---------+---------+-----------+-----------+-----+-----+---------+

    + Detail: 
        * Instance: 
        N/A

        * Loop: 
        N/A



================================================================
== Utilization Estimates
================================================================
* Summary: 
+-----------------+---------+-----+--------+-------+-----+
|       Name      | BRAM_18K| DSP |   FF   |  LUT  | URAM|
+-----------------+---------+-----+--------+-------+-----+
|DSP              |        -|    -|       -|      -|    -|
|Expression       |        -|    -|       0|    631|    -|
|FIFO             |        -|    -|       -|      -|    -|
|Instance         |        -|    -|       0|     93|    -|
|Memory           |        -|    -|       -|      -|    -|
|Multiplexer      |        -|    -|       -|      -|    -|
|Register         |        -|    -|     876|    288|    -|
+-----------------+---------+-----+--------+-------+-----+
|Total            |        0|    0|     876|   1012|    0|
+-----------------+---------+-----+--------+-------+-----+
|Available        |      280|  220|  106400|  53200|    0|
+-----------------+---------+-----+--------+-------+-----+
|Utilization (%)  |        0|    0|      ~0|      1|    0|
+-----------------+---------+-----+--------+-------+-----+

+ Detail: 
    * Instance: 
    +-----------------------------+-----------------------+---------+----+---+----+-----+
    |           Instance          |         Module        | BRAM_18K| DSP| FF| LUT| URAM|
    +-----------------------------+-----------------------+---------+----+---+----+-----+
    |sparsemux_39_5_12_1_1_U1597  |sparsemux_39_5_12_1_1  |        0|   0|  0|  93|    0|
    +-----------------------------+-----------------------+---------+----+---+----+-----+
    |Total                        |                       |        0|   0|  0|  93|    0|
    +-----------------------------+-----------------------+---------+----+---+----+-----+

    * DSP: 
    N/A

    * Memory: 
    N/A

    * FIFO: 
    N/A

    * Expression: 
    +----------------------------+----------+----+---+----+------------+------------+
    |        Variable Name       | Operation| DSP| FF| LUT| Bitwidth P0| Bitwidth P1|
    +----------------------------+----------+----+---+----+------------+------------+
    |and_ln102_870_fu_385_p2     |       and|   0|  0|   2|           1|           1|
    |and_ln102_871_fu_462_p2     |       and|   0|  0|   2|           1|           1|
    |and_ln102_872_fu_404_p2     |       and|   0|  0|   2|           1|           1|
    |and_ln102_873_fu_409_p2     |       and|   0|  0|   2|           1|           1|
    |and_ln102_874_fu_414_p2     |       and|   0|  0|   2|           1|           1|
    |and_ln102_875_fu_430_p2     |       and|   0|  0|   2|           1|           1|
    |and_ln102_876_fu_481_p2     |       and|   0|  0|   2|           1|           1|
    |and_ln102_877_fu_435_p2     |       and|   0|  0|   2|           1|           1|
    |and_ln102_878_fu_694_p2     |       and|   0|  0|   2|           1|           1|
    |and_ln102_879_fu_486_p2     |       and|   0|  0|   2|           1|           1|
    |and_ln102_880_fu_495_p2     |       and|   0|  0|   2|           1|           1|
    |and_ln102_881_fu_612_p2     |       and|   0|  0|   2|           1|           1|
    |and_ln102_882_fu_621_p2     |       and|   0|  0|   2|           1|           1|
    |and_ln102_883_fu_626_p2     |       and|   0|  0|   2|           1|           1|
    |and_ln102_884_fu_698_p2     |       and|   0|  0|   2|           1|           1|
    |and_ln102_885_fu_742_p2     |       and|   0|  0|   2|           1|           1|
    |and_ln102_886_fu_399_p2     |       and|   0|  0|   2|           1|           1|
    |and_ln102_887_fu_490_p2     |       and|   0|  0|   2|           1|           1|
    |and_ln102_888_fu_616_p2     |       and|   0|  0|   2|           1|           1|
    |and_ln102_889_fu_737_p2     |       and|   0|  0|   2|           1|           1|
    |and_ln102_fu_376_p2         |       and|   0|  0|   2|           1|           1|
    |and_ln104_178_fu_471_p2     |       and|   0|  0|   2|           1|           1|
    |and_ln104_179_fu_424_p2     |       and|   0|  0|   2|           1|           1|
    |and_ln104_180_fu_445_p2     |       and|   0|  0|   2|           1|           1|
    |and_ln104_fu_394_p2         |       and|   0|  0|   2|           1|           1|
    |icmp_ln86_905_fu_268_p2     |      icmp|   0|  0|  25|          18|           4|
    |icmp_ln86_906_fu_274_p2     |      icmp|   0|  0|  25|          18|          12|
    |icmp_ln86_907_fu_280_p2     |      icmp|   0|  0|  25|          18|          17|
    |icmp_ln86_908_fu_286_p2     |      icmp|   0|  0|  25|          18|           8|
    |icmp_ln86_909_fu_292_p2     |      icmp|   0|  0|  25|          18|          12|
    |icmp_ln86_910_fu_298_p2     |      icmp|   0|  0|  25|          18|          17|
    |icmp_ln86_911_fu_304_p2     |      icmp|   0|  0|  25|          18|          14|
    |icmp_ln86_912_fu_310_p2     |      icmp|   0|  0|  25|          18|          17|
    |icmp_ln86_913_fu_316_p2     |      icmp|   0|  0|  25|          18|           6|
    |icmp_ln86_914_fu_322_p2     |      icmp|   0|  0|  25|          18|          17|
    |icmp_ln86_915_fu_328_p2     |      icmp|   0|  0|  25|          18|          13|
    |icmp_ln86_916_fu_334_p2     |      icmp|   0|  0|  25|          18|          17|
    |icmp_ln86_917_fu_340_p2     |      icmp|   0|  0|  25|          18|           9|
    |icmp_ln86_918_fu_346_p2     |      icmp|   0|  0|  25|          18|          17|
    |icmp_ln86_919_fu_352_p2     |      icmp|   0|  0|  25|          18|          10|
    |icmp_ln86_920_fu_358_p2     |      icmp|   0|  0|  25|          18|          17|
    |icmp_ln86_921_fu_364_p2     |      icmp|   0|  0|  25|          18|          13|
    |icmp_ln86_fu_262_p2         |      icmp|   0|  0|  25|          18|          17|
    |or_ln117_830_fu_457_p2      |        or|   0|  0|   2|           1|           1|
    |or_ln117_831_fu_535_p2      |        or|   0|  0|   2|           1|           1|
    |or_ln117_832_fu_547_p2      |        or|   0|  0|   2|           1|           1|
    |or_ln117_833_fu_559_p2      |        or|   0|  0|   2|           1|           1|
    |or_ln117_834_fu_577_p2      |        or|   0|  0|   2|           1|           1|
    |or_ln117_835_fu_630_p2      |        or|   0|  0|   2|           1|           1|
    |or_ln117_836_fu_597_p2      |        or|   0|  0|   2|           1|           1|
    |or_ln117_837_fu_642_p2      |        or|   0|  0|   2|           1|           1|
    |or_ln117_838_fu_603_p2      |        or|   0|  0|   2|           1|           1|
    |or_ln117_839_fu_662_p2      |        or|   0|  0|   2|           1|           1|
    |or_ln117_840_fu_674_p2      |        or|   0|  0|   2|           1|           1|
    |or_ln117_841_fu_703_p2      |        or|   0|  0|   2|           1|           1|
    |or_ln117_842_fu_711_p2      |        or|   0|  0|   2|           1|           1|
    |or_ln117_843_fu_747_p2      |        or|   0|  0|   2|           1|           1|
    |or_ln117_844_fu_843_p2      |        or|   0|  0|   2|           1|           1|
    |or_ln117_fu_451_p2          |        or|   0|  0|   2|           1|           1|
    |ap_return                   |    select|   0|  0|  12|           1|          12|
    |select_ln117_877_fu_517_p3  |    select|   0|  0|   2|           1|           2|
    |select_ln117_878_fu_528_p3  |    select|   0|  0|   4|           1|           3|
    |select_ln117_879_fu_540_p3  |    select|   0|  0|   3|           1|           3|
    |select_ln117_880_fu_551_p3  |    select|   0|  0|   3|           1|           3|
    |select_ln117_881_fu_565_p3  |    select|   0|  0|   3|           1|           3|
    |select_ln117_882_fu_581_p3  |    select|   0|  0|   5|           1|           4|
    |select_ln117_883_fu_589_p3  |    select|   0|  0|   4|           1|           4|
    |select_ln117_884_fu_635_p3  |    select|   0|  0|   4|           1|           4|
    |select_ln117_885_fu_647_p3  |    select|   0|  0|   4|           1|           4|
    |select_ln117_886_fu_654_p3  |    select|   0|  0|   4|           1|           4|
    |select_ln117_887_fu_667_p3  |    select|   0|  0|   4|           1|           4|
    |select_ln117_888_fu_678_p3  |    select|   0|  0|   4|           1|           4|
    |select_ln117_889_fu_686_p3  |    select|   0|  0|   4|           1|           4|
    |select_ln117_890_fu_716_p3  |    select|   0|  0|   6|           1|           5|
    |select_ln117_891_fu_724_p3  |    select|   0|  0|   5|           1|           5|
    |select_ln117_fu_510_p3      |    select|   0|  0|   3|           1|           2|
    |tmp_fu_759_p40              |    select|   0|  0|   5|           1|           5|
    |xor_ln104_434_fu_380_p2     |       xor|   0|  0|   2|           1|           2|
    |xor_ln104_435_fu_389_p2     |       xor|   0|  0|   2|           1|           2|
    |xor_ln104_436_fu_466_p2     |       xor|   0|  0|   2|           1|           2|
    |xor_ln104_437_fu_419_p2     |       xor|   0|  0|   2|           1|           2|
    |xor_ln104_438_fu_476_p2     |       xor|   0|  0|   2|           1|           2|
    |xor_ln104_439_fu_607_p2     |       xor|   0|  0|   2|           1|           2|
    |xor_ln104_440_fu_440_p2     |       xor|   0|  0|   2|           1|           2|
    |xor_ln104_441_fu_732_p2     |       xor|   0|  0|   2|           1|           2|
    |xor_ln104_fu_370_p2         |       xor|   0|  0|   2|           1|           2|
    |xor_ln117_fu_500_p2         |       xor|   0|  0|   2|           2|           1|
    +----------------------------+----------+----+---+----+------------+------------+
    |Total                       |          |   0|  0| 631|         394|         372|
    +----------------------------+----------+----+---+----+------------+------------+

    * Multiplexer: 
    N/A

    * Register: 
    +-------------------------------------+----+----+-----+-----------+
    |                 Name                | FF | LUT| Bits| Const Bits|
    +-------------------------------------+----+----+-----+-----------+
    |and_ln102_870_reg_967                |   1|   0|    1|          0|
    |and_ln102_873_reg_973                |   1|   0|    1|          0|
    |and_ln102_875_reg_986                |   1|   0|    1|          0|
    |and_ln102_876_reg_1017               |   1|   0|    1|          0|
    |and_ln102_reg_961                    |   1|   0|    1|          0|
    |and_ln104_178_reg_1012               |   1|   0|    1|          0|
    |and_ln104_179_reg_979                |   1|   0|    1|          0|
    |and_ln104_180_reg_992                |   1|   0|    1|          0|
    |and_ln104_180_reg_992_pp0_iter2_reg  |   1|   0|    1|          0|
    |icmp_ln86_905_reg_862                |   1|   0|    1|          0|
    |icmp_ln86_906_reg_868                |   1|   0|    1|          0|
    |icmp_ln86_907_reg_874                |   1|   0|    1|          0|
    |icmp_ln86_907_reg_874_pp0_iter1_reg  |   1|   0|    1|          0|
    |icmp_ln86_908_reg_879                |   1|   0|    1|          0|
    |icmp_ln86_909_reg_884                |   1|   0|    1|          0|
    |icmp_ln86_909_reg_884_pp0_iter1_reg  |   1|   0|    1|          0|
    |icmp_ln86_910_reg_890                |   1|   0|    1|          0|
    |icmp_ln86_911_reg_896                |   1|   0|    1|          0|
    |icmp_ln86_911_reg_896_pp0_iter1_reg  |   1|   0|    1|          0|
    |icmp_ln86_912_reg_902                |   1|   0|    1|          0|
    |icmp_ln86_913_reg_908                |   1|   0|    1|          0|
    |icmp_ln86_914_reg_914                |   1|   0|    1|          0|
    |icmp_ln86_915_reg_920                |   1|   0|    1|          0|
    |icmp_ln86_915_reg_920_pp0_iter1_reg  |   1|   0|    1|          0|
    |icmp_ln86_916_reg_925                |   1|   0|    1|          0|
    |icmp_ln86_916_reg_925_pp0_iter1_reg  |   1|   0|    1|          0|
    |icmp_ln86_917_reg_930                |   1|   0|    1|          0|
    |icmp_ln86_918_reg_935                |   1|   0|    1|          0|
    |icmp_ln86_919_reg_940                |   1|   0|    1|          0|
    |icmp_ln86_920_reg_945                |   1|   0|    1|          0|
    |icmp_ln86_921_reg_950                |   1|   0|    1|          0|
    |icmp_ln86_reg_854                    |   1|   0|    1|          0|
    |icmp_ln86_reg_854_pp0_iter1_reg      |   1|   0|    1|          0|
    |or_ln117_830_reg_1003                |   1|   0|    1|          0|
    |or_ln117_834_reg_1022                |   1|   0|    1|          0|
    |or_ln117_836_reg_1032                |   1|   0|    1|          0|
    |or_ln117_838_reg_1038                |   1|   0|    1|          0|
    |or_ln117_840_reg_1045                |   1|   0|    1|          0|
    |or_ln117_842_reg_1057                |   1|   0|    1|          0|
    |or_ln117_reg_998                     |   1|   0|    1|          0|
    |p_read10_int_reg                     |  18|   0|   18|          0|
    |p_read11_int_reg                     |  18|   0|   18|          0|
    |p_read12_int_reg                     |  18|   0|   18|          0|
    |p_read13_int_reg                     |  18|   0|   18|          0|
    |p_read1_int_reg                      |  18|   0|   18|          0|
    |p_read2_int_reg                      |  18|   0|   18|          0|
    |p_read3_int_reg                      |  18|   0|   18|          0|
    |p_read4_int_reg                      |  18|   0|   18|          0|
    |p_read5_int_reg                      |  18|   0|   18|          0|
    |p_read6_int_reg                      |  18|   0|   18|          0|
    |p_read7_int_reg                      |  18|   0|   18|          0|
    |p_read8_int_reg                      |  18|   0|   18|          0|
    |p_read9_int_reg                      |  18|   0|   18|          0|
    |select_ln117_883_reg_1027            |   4|   0|    4|          0|
    |select_ln117_889_reg_1052            |   4|   0|    4|          0|
    |select_ln117_891_reg_1062            |   5|   0|    5|          0|
    |tmp_reg_1067                         |  12|   0|   12|          0|
    |xor_ln104_reg_955                    |   1|   0|    1|          0|
    |and_ln104_179_reg_979                |  64|  32|    1|          0|
    |icmp_ln86_912_reg_902                |  64|  32|    1|          0|
    |icmp_ln86_914_reg_914                |  64|  32|    1|          0|
    |icmp_ln86_917_reg_930                |  64|  32|    1|          0|
    |icmp_ln86_918_reg_935                |  64|  32|    1|          0|
    |icmp_ln86_919_reg_940                |  64|  32|    1|          0|
    |icmp_ln86_920_reg_945                |  64|  32|    1|          0|
    |icmp_ln86_921_reg_950                |  64|  32|    1|          0|
    |or_ln117_840_reg_1045                |  64|  32|    1|          0|
    +-------------------------------------+----+----+-----+-----------+
    |Total                                | 876| 288|  309|          0|
    +-------------------------------------+----+----+-----+-----------+



================================================================
== Interface
================================================================
* Summary: 
+-----------+-----+-----+------------+----------------------+--------------+
| RTL Ports | Dir | Bits|  Protocol  |     Source Object    |    C Type    |
+-----------+-----+-----+------------+----------------------+--------------+
|ap_clk     |   in|    1|  ap_ctrl_hs|  decision_function.34|  return value|
|ap_rst     |   in|    1|  ap_ctrl_hs|  decision_function.34|  return value|
|ap_return  |  out|   12|  ap_ctrl_hs|  decision_function.34|  return value|
|ap_ce      |   in|    1|  ap_ctrl_hs|  decision_function.34|  return value|
|p_read1    |   in|   18|     ap_none|               p_read1|        scalar|
|p_read2    |   in|   18|     ap_none|               p_read2|        scalar|
|p_read3    |   in|   18|     ap_none|               p_read3|        scalar|
|p_read4    |   in|   18|     ap_none|               p_read4|        scalar|
|p_read5    |   in|   18|     ap_none|               p_read5|        scalar|
|p_read6    |   in|   18|     ap_none|               p_read6|        scalar|
|p_read7    |   in|   18|     ap_none|               p_read7|        scalar|
|p_read8    |   in|   18|     ap_none|               p_read8|        scalar|
|p_read9    |   in|   18|     ap_none|               p_read9|        scalar|
|p_read10   |   in|   18|     ap_none|              p_read10|        scalar|
|p_read11   |   in|   18|     ap_none|              p_read11|        scalar|
|p_read12   |   in|   18|     ap_none|              p_read12|        scalar|
|p_read13   |   in|   18|     ap_none|              p_read13|        scalar|
+-----------+-----+-----+------------+----------------------+--------------+

