

================================================================
== Vitis HLS Report for 'decision_function_77'
================================================================
* Date:           Thu Jan 23 13:48:54 2025

* Version:        2024.1 (Build 5069499 on May 21 2024)
* Project:        conifer_jettag
* Solution:       solution1 (Vivado IP Flow Target)
* Product family: zynq
* Target device:  xc7z020-clg400-1


================================================================
== Performance Estimates
================================================================
+ Timing: 
    * Summary: 
    +--------+---------+----------+------------+
    |  Clock |  Target | Estimated| Uncertainty|
    +--------+---------+----------+------------+
    |ap_clk  |  5.00 ns|  3.645 ns|     1.35 ns|
    +--------+---------+----------+------------+

+ Latency: 
    * Summary: 
    +---------+---------+-----------+-----------+-----+-----+---------+
    |  Latency (cycles) |   Latency (absolute)  |  Interval | Pipeline|
    |   min   |   max   |    min    |    max    | min | max |   Type  |
    +---------+---------+-----------+-----------+-----+-----+---------+
    |        7|        7|  35.000 ns|  35.000 ns|    1|    1|      yes|
    +---------+---------+-----------+-----------+-----+-----+---------+

    + Detail: 
        * Instance: 
        N/A

        * Loop: 
        N/A



================================================================
== Utilization Estimates
================================================================
* Summary: 
+-----------------+---------+-----+--------+-------+-----+
|       Name      | BRAM_18K| DSP |   FF   |  LUT  | URAM|
+-----------------+---------+-----+--------+-------+-----+
|DSP              |        -|    -|       -|      -|    -|
|Expression       |        -|    -|       0|   1049|    -|
|FIFO             |        -|    -|       -|      -|    -|
|Instance         |        -|    -|       0|    138|    -|
|Memory           |        -|    -|       -|      -|    -|
|Multiplexer      |        -|    -|       -|      -|    -|
|Register         |        -|    -|    2109|    832|    -|
+-----------------+---------+-----+--------+-------+-----+
|Total            |        0|    0|    2109|   2019|    0|
+-----------------+---------+-----+--------+-------+-----+
|Available        |      280|  220|  106400|  53200|    0|
+-----------------+---------+-----+--------+-------+-----+
|Utilization (%)  |        0|    0|       1|      3|    0|
+-----------------+---------+-----+--------+-------+-----+

+ Detail: 
    * Instance: 
    +----------------------------+-----------------------+---------+----+---+-----+-----+
    |          Instance          |         Module        | BRAM_18K| DSP| FF| LUT | URAM|
    +----------------------------+-----------------------+---------+----+---+-----+-----+
    |sparsemux_63_5_12_1_1_U744  |sparsemux_63_5_12_1_1  |        0|   0|  0|  138|    0|
    +----------------------------+-----------------------+---------+----+---+-----+-----+
    |Total                       |                       |        0|   0|  0|  138|    0|
    +----------------------------+-----------------------+---------+----+---+-----+-----+

    * DSP: 
    N/A

    * Memory: 
    N/A

    * FIFO: 
    N/A

    * Expression: 
    +-----------------------------+----------+----+---+----+------------+------------+
    |        Variable Name        | Operation| DSP| FF| LUT| Bitwidth P0| Bitwidth P1|
    +-----------------------------+----------+----+---+----+------------+------------+
    |and_ln102_769_fu_788_p2      |       and|   0|  0|   2|           1|           1|
    |and_ln102_770_fu_610_p2      |       and|   0|  0|   2|           1|           1|
    |and_ln102_771_fu_624_p2      |       and|   0|  0|   2|           1|           1|
    |and_ln102_772_fu_802_p2      |       and|   0|  0|   2|           1|           1|
    |and_ln102_773_fu_931_p2      |       and|   0|  0|   2|           1|           1|
    |and_ln102_774_fu_638_p2      |       and|   0|  0|   2|           1|           1|
    |and_ln102_775_fu_670_p2      |       and|   0|  0|   2|           1|           1|
    |and_ln102_776_fu_812_p2      |       and|   0|  0|   2|           1|           1|
    |and_ln102_777_fu_816_p2      |       and|   0|  0|   2|           1|           1|
    |and_ln102_778_fu_955_p2      |       and|   0|  0|   2|           1|           1|
    |and_ln102_779_fu_1073_p2     |       and|   0|  0|   2|           1|           1|
    |and_ln102_780_fu_1166_p2     |       and|   0|  0|   2|           1|           1|
    |and_ln102_781_fu_674_p2      |       and|   0|  0|   2|           1|           1|
    |and_ln102_782_fu_678_p2      |       and|   0|  0|   2|           1|           1|
    |and_ln102_783_fu_683_p2      |       and|   0|  0|   2|           1|           1|
    |and_ln102_784_fu_688_p2      |       and|   0|  0|   2|           1|           1|
    |and_ln102_785_fu_821_p2      |       and|   0|  0|   2|           1|           1|
    |and_ln102_786_fu_826_p2      |       and|   0|  0|   2|           1|           1|
    |and_ln102_787_fu_831_p2      |       and|   0|  0|   2|           1|           1|
    |and_ln102_788_fu_835_p2      |       and|   0|  0|   2|           1|           1|
    |and_ln102_789_fu_840_p2      |       and|   0|  0|   2|           1|           1|
    |and_ln102_790_fu_960_p2      |       and|   0|  0|   2|           1|           1|
    |and_ln102_791_fu_965_p2      |       and|   0|  0|   2|           1|           1|
    |and_ln102_792_fu_970_p2      |       and|   0|  0|   2|           1|           1|
    |and_ln102_793_fu_974_p2      |       and|   0|  0|   2|           1|           1|
    |and_ln102_794_fu_979_p2      |       and|   0|  0|   2|           1|           1|
    |and_ln102_795_fu_1077_p2     |       and|   0|  0|   2|           1|           1|
    |and_ln102_796_fu_1081_p2     |       and|   0|  0|   2|           1|           1|
    |and_ln102_797_fu_1086_p2     |       and|   0|  0|   2|           1|           1|
    |and_ln102_798_fu_1091_p2     |       and|   0|  0|   2|           1|           1|
    |and_ln102_799_fu_1170_p2     |       and|   0|  0|   2|           1|           1|
    |and_ln102_800_fu_1175_p2     |       and|   0|  0|   2|           1|           1|
    |and_ln102_801_fu_1180_p2     |       and|   0|  0|   2|           1|           1|
    |and_ln102_802_fu_1242_p2     |       and|   0|  0|   2|           1|           1|
    |and_ln102_803_fu_1247_p2     |       and|   0|  0|   2|           1|           1|
    |and_ln102_fu_592_p2          |       and|   0|  0|   2|           1|           1|
    |and_ln104_110_fu_797_p2      |       and|   0|  0|   2|           1|           1|
    |and_ln104_111_fu_619_p2      |       and|   0|  0|   2|           1|           1|
    |and_ln104_112_fu_633_p2      |       and|   0|  0|   2|           1|           1|
    |and_ln104_113_fu_926_p2      |       and|   0|  0|   2|           1|           1|
    |and_ln104_114_fu_940_p2      |       and|   0|  0|   2|           1|           1|
    |and_ln104_115_fu_648_p2      |       and|   0|  0|   2|           1|           1|
    |and_ln104_fu_604_p2          |       and|   0|  0|   2|           1|           1|
    |icmp_ln86_625_fu_408_p2      |      icmp|   0|  0|  25|          18|          16|
    |icmp_ln86_626_fu_414_p2      |      icmp|   0|  0|  25|          18|          10|
    |icmp_ln86_627_fu_420_p2      |      icmp|   0|  0|  25|          18|          11|
    |icmp_ln86_628_fu_426_p2      |      icmp|   0|  0|  25|          18|          15|
    |icmp_ln86_629_fu_432_p2      |      icmp|   0|  0|  25|          18|           9|
    |icmp_ln86_630_fu_438_p2      |      icmp|   0|  0|  25|          18|          17|
    |icmp_ln86_631_fu_444_p2      |      icmp|   0|  0|  25|          18|           8|
    |icmp_ln86_632_fu_450_p2      |      icmp|   0|  0|  25|          18|           9|
    |icmp_ln86_633_fu_456_p2      |      icmp|   0|  0|  25|          18|          15|
    |icmp_ln86_634_fu_462_p2      |      icmp|   0|  0|  25|          18|           7|
    |icmp_ln86_635_fu_468_p2      |      icmp|   0|  0|  25|          18|          17|
    |icmp_ln86_636_fu_474_p2      |      icmp|   0|  0|  25|          18|           6|
    |icmp_ln86_637_fu_480_p2      |      icmp|   0|  0|  25|          18|          11|
    |icmp_ln86_638_fu_486_p2      |      icmp|   0|  0|  25|          18|          18|
    |icmp_ln86_639_fu_492_p2      |      icmp|   0|  0|  25|          18|          16|
    |icmp_ln86_640_fu_498_p2      |      icmp|   0|  0|  25|          18|          13|
    |icmp_ln86_641_fu_504_p2      |      icmp|   0|  0|  25|          18|           6|
    |icmp_ln86_642_fu_510_p2      |      icmp|   0|  0|  25|          18|           5|
    |icmp_ln86_643_fu_516_p2      |      icmp|   0|  0|  25|          18|           7|
    |icmp_ln86_644_fu_522_p2      |      icmp|   0|  0|  25|          18|          17|
    |icmp_ln86_645_fu_528_p2      |      icmp|   0|  0|  25|          18|          16|
    |icmp_ln86_646_fu_534_p2      |      icmp|   0|  0|  25|          18|           9|
    |icmp_ln86_647_fu_540_p2      |      icmp|   0|  0|  25|          18|          17|
    |icmp_ln86_648_fu_556_p2      |      icmp|   0|  0|  23|          16|           1|
    |icmp_ln86_649_fu_562_p2      |      icmp|   0|  0|  25|          18|          12|
    |icmp_ln86_650_fu_568_p2      |      icmp|   0|  0|  25|          18|          11|
    |icmp_ln86_651_fu_574_p2      |      icmp|   0|  0|  25|          18|           9|
    |icmp_ln86_652_fu_580_p2      |      icmp|   0|  0|  25|          18|          18|
    |icmp_ln86_653_fu_586_p2      |      icmp|   0|  0|  25|          18|          13|
    |icmp_ln86_fu_402_p2          |      icmp|   0|  0|  23|          16|           1|
    |or_ln117_548_fu_703_p2       |        or|   0|  0|   2|           1|           1|
    |or_ln117_549_fu_654_p2       |        or|   0|  0|   2|           1|           1|
    |or_ln117_550_fu_720_p2       |        or|   0|  0|   2|           1|           1|
    |or_ln117_551_fu_736_p2       |        or|   0|  0|   2|           1|           1|
    |or_ln117_552_fu_748_p2       |        or|   0|  0|   2|           1|           1|
    |or_ln117_553_fu_762_p2       |        or|   0|  0|   2|           1|           1|
    |or_ln117_554_fu_845_p2       |        or|   0|  0|   2|           1|           1|
    |or_ln117_555_fu_784_p2       |        or|   0|  0|   2|           1|           1|
    |or_ln117_556_fu_861_p2       |        or|   0|  0|   2|           1|           1|
    |or_ln117_557_fu_873_p2       |        or|   0|  0|   2|           1|           1|
    |or_ln117_558_fu_885_p2       |        or|   0|  0|   2|           1|           1|
    |or_ln117_559_fu_899_p2       |        or|   0|  0|   2|           1|           1|
    |or_ln117_560_fu_984_p2       |        or|   0|  0|   2|           1|           1|
    |or_ln117_561_fu_996_p2       |        or|   0|  0|   2|           1|           1|
    |or_ln117_562_fu_1012_p2      |        or|   0|  0|   2|           1|           1|
    |or_ln117_563_fu_1024_p2      |        or|   0|  0|   2|           1|           1|
    |or_ln117_564_fu_1038_p2      |        or|   0|  0|   2|           1|           1|
    |or_ln117_565_fu_1096_p2      |        or|   0|  0|   2|           1|           1|
    |or_ln117_566_fu_1058_p2      |        or|   0|  0|   2|           1|           1|
    |or_ln117_567_fu_1108_p2      |        or|   0|  0|   2|           1|           1|
    |or_ln117_568_fu_1064_p2      |        or|   0|  0|   2|           1|           1|
    |or_ln117_569_fu_1128_p2      |        or|   0|  0|   2|           1|           1|
    |or_ln117_570_fu_1140_p2      |        or|   0|  0|   2|           1|           1|
    |or_ln117_571_fu_1185_p2      |        or|   0|  0|   2|           1|           1|
    |or_ln117_572_fu_1190_p2      |        or|   0|  0|   2|           1|           1|
    |or_ln117_573_fu_1201_p2      |        or|   0|  0|   2|           1|           1|
    |or_ln117_574_fu_1215_p2      |        or|   0|  0|   2|           1|           1|
    |or_ln117_575_fu_1252_p2      |        or|   0|  0|   2|           1|           1|
    |or_ln117_fu_693_p2           |        or|   0|  0|   2|           1|           1|
    |agg_result_fu_1264_p64       |    select|   0|  0|   5|           1|           5|
    |select_ln117_607_fu_725_p3   |    select|   0|  0|   2|           1|           2|
    |select_ln117_608_fu_740_p3   |    select|   0|  0|   4|           1|           3|
    |select_ln117_609_fu_754_p3   |    select|   0|  0|   3|           1|           3|
    |select_ln117_610_fu_768_p3   |    select|   0|  0|   3|           1|           3|
    |select_ln117_611_fu_776_p3   |    select|   0|  0|   3|           1|           3|
    |select_ln117_612_fu_853_p3   |    select|   0|  0|   5|           1|           4|
    |select_ln117_613_fu_866_p3   |    select|   0|  0|   4|           1|           4|
    |select_ln117_614_fu_877_p3   |    select|   0|  0|   4|           1|           4|
    |select_ln117_615_fu_891_p3   |    select|   0|  0|   4|           1|           4|
    |select_ln117_616_fu_905_p3   |    select|   0|  0|   4|           1|           4|
    |select_ln117_617_fu_913_p3   |    select|   0|  0|   4|           1|           4|
    |select_ln117_618_fu_989_p3   |    select|   0|  0|   4|           1|           4|
    |select_ln117_619_fu_1001_p3  |    select|   0|  0|   4|           1|           4|
    |select_ln117_620_fu_1016_p3  |    select|   0|  0|   6|           1|           5|
    |select_ln117_621_fu_1030_p3  |    select|   0|  0|   5|           1|           5|
    |select_ln117_622_fu_1042_p3  |    select|   0|  0|   5|           1|           5|
    |select_ln117_623_fu_1050_p3  |    select|   0|  0|   5|           1|           5|
    |select_ln117_624_fu_1101_p3  |    select|   0|  0|   5|           1|           5|
    |select_ln117_625_fu_1113_p3  |    select|   0|  0|   5|           1|           5|
    |select_ln117_626_fu_1120_p3  |    select|   0|  0|   5|           1|           5|
    |select_ln117_627_fu_1133_p3  |    select|   0|  0|   5|           1|           5|
    |select_ln117_628_fu_1145_p3  |    select|   0|  0|   5|           1|           5|
    |select_ln117_629_fu_1153_p3  |    select|   0|  0|   5|           1|           5|
    |select_ln117_630_fu_1194_p3  |    select|   0|  0|   5|           1|           5|
    |select_ln117_631_fu_1207_p3  |    select|   0|  0|   5|           1|           5|
    |select_ln117_632_fu_1221_p3  |    select|   0|  0|   5|           1|           5|
    |select_ln117_633_fu_1229_p3  |    select|   0|  0|   5|           1|           5|
    |select_ln117_fu_712_p3       |    select|   0|  0|   3|           1|           2|
    |xor_ln104_295_fu_598_p2      |       xor|   0|  0|   2|           1|           2|
    |xor_ln104_296_fu_792_p2      |       xor|   0|  0|   2|           1|           2|
    |xor_ln104_297_fu_614_p2      |       xor|   0|  0|   2|           1|           2|
    |xor_ln104_298_fu_628_p2      |       xor|   0|  0|   2|           1|           2|
    |xor_ln104_299_fu_921_p2      |       xor|   0|  0|   2|           1|           2|
    |xor_ln104_300_fu_935_p2      |       xor|   0|  0|   2|           1|           2|
    |xor_ln104_301_fu_665_p2      |       xor|   0|  0|   2|           1|           2|
    |xor_ln104_302_fu_807_p2      |       xor|   0|  0|   2|           1|           2|
    |xor_ln104_303_fu_643_p2      |       xor|   0|  0|   2|           1|           2|
    |xor_ln104_304_fu_945_p2      |       xor|   0|  0|   2|           1|           2|
    |xor_ln104_305_fu_950_p2      |       xor|   0|  0|   2|           1|           2|
    |xor_ln104_306_fu_1068_p2     |       xor|   0|  0|   2|           1|           2|
    |xor_ln104_307_fu_1161_p2     |       xor|   0|  0|   2|           1|           2|
    |xor_ln104_308_fu_1237_p2     |       xor|   0|  0|   2|           1|           2|
    |xor_ln104_fu_660_p2          |       xor|   0|  0|   2|           1|           2|
    |xor_ln117_fu_698_p2          |       xor|   0|  0|   2|           2|           1|
    +-----------------------------+----------+----+---+----+------------+------------+
    |Total                        |          |   0|  0|1049|         654|         566|
    +-----------------------------+----------+----+---+----+------------+------------+

    * Multiplexer: 
    N/A

    * Register: 
    +--------------------------------------+----+----+-----+-----------+
    |                 Name                 | FF | LUT| Bits| Const Bits|
    +--------------------------------------+----+----+-----+-----------+
    |and_ln102_769_reg_1639                |   1|   0|    1|          0|
    |and_ln102_770_reg_1574                |   1|   0|    1|          0|
    |and_ln102_771_reg_1586                |   1|   0|    1|          0|
    |and_ln102_771_reg_1586_pp0_iter2_reg  |   1|   0|    1|          0|
    |and_ln102_772_reg_1651                |   1|   0|    1|          0|
    |and_ln102_773_reg_1678                |   1|   0|    1|          0|
    |and_ln102_773_reg_1678_pp0_iter5_reg  |   1|   0|    1|          0|
    |and_ln102_774_reg_1599                |   1|   0|    1|          0|
    |and_ln102_777_reg_1657                |   1|   0|    1|          0|
    |and_ln102_778_reg_1691                |   1|   0|    1|          0|
    |and_ln102_reg_1560                    |   1|   0|    1|          0|
    |and_ln104_110_reg_1645                |   1|   0|    1|          0|
    |and_ln104_111_reg_1580                |   1|   0|    1|          0|
    |and_ln104_111_reg_1580_pp0_iter2_reg  |   1|   0|    1|          0|
    |and_ln104_112_reg_1593                |   1|   0|    1|          0|
    |and_ln104_113_reg_1673                |   1|   0|    1|          0|
    |and_ln104_114_reg_1685                |   1|   0|    1|          0|
    |and_ln104_115_reg_1604                |   1|   0|    1|          0|
    |and_ln104_reg_1568                    |   1|   0|    1|          0|
    |icmp_ln86_626_reg_1406                |   1|   0|    1|          0|
    |icmp_ln86_627_reg_1412                |   1|   0|    1|          0|
    |icmp_ln86_628_reg_1418                |   1|   0|    1|          0|
    |icmp_ln86_629_reg_1424                |   1|   0|    1|          0|
    |icmp_ln86_630_reg_1430                |   1|   0|    1|          0|
    |icmp_ln86_631_reg_1436                |   1|   0|    1|          0|
    |icmp_ln86_631_reg_1436_pp0_iter1_reg  |   1|   0|    1|          0|
    |icmp_ln86_632_reg_1442                |   1|   0|    1|          0|
    |icmp_ln86_633_reg_1448                |   1|   0|    1|          0|
    |icmp_ln86_634_reg_1455                |   1|   0|    1|          0|
    |icmp_ln86_635_reg_1461                |   1|   0|    1|          0|
    |icmp_ln86_636_reg_1467                |   1|   0|    1|          0|
    |icmp_ln86_637_reg_1473                |   1|   0|    1|          0|
    |icmp_ln86_638_reg_1479                |   1|   0|    1|          0|
    |icmp_ln86_639_reg_1485                |   1|   0|    1|          0|
    |icmp_ln86_639_reg_1485_pp0_iter1_reg  |   1|   0|    1|          0|
    |icmp_ln86_640_reg_1490                |   1|   0|    1|          0|
    |icmp_ln86_640_reg_1490_pp0_iter1_reg  |   1|   0|    1|          0|
    |icmp_ln86_641_reg_1495                |   1|   0|    1|          0|
    |icmp_ln86_641_reg_1495_pp0_iter1_reg  |   1|   0|    1|          0|
    |icmp_ln86_642_reg_1500                |   1|   0|    1|          0|
    |icmp_ln86_643_reg_1505                |   1|   0|    1|          0|
    |icmp_ln86_644_reg_1510                |   1|   0|    1|          0|
    |icmp_ln86_645_reg_1515                |   1|   0|    1|          0|
    |icmp_ln86_646_reg_1520                |   1|   0|    1|          0|
    |icmp_ln86_647_reg_1525                |   1|   0|    1|          0|
    |icmp_ln86_648_reg_1530                |   1|   0|    1|          0|
    |icmp_ln86_649_reg_1535                |   1|   0|    1|          0|
    |icmp_ln86_650_reg_1540                |   1|   0|    1|          0|
    |icmp_ln86_651_reg_1545                |   1|   0|    1|          0|
    |icmp_ln86_652_reg_1550                |   1|   0|    1|          0|
    |icmp_ln86_653_reg_1555                |   1|   0|    1|          0|
    |icmp_ln86_reg_1396                    |   1|   0|    1|          0|
    |or_ln117_549_reg_1611                 |   1|   0|    1|          0|
    |or_ln117_553_reg_1623                 |   1|   0|    1|          0|
    |or_ln117_555_reg_1633                 |   1|   0|    1|          0|
    |or_ln117_559_reg_1663                 |   1|   0|    1|          0|
    |or_ln117_564_reg_1696                 |   1|   0|    1|          0|
    |or_ln117_566_reg_1706                 |   1|   0|    1|          0|
    |or_ln117_568_reg_1712                 |   1|   0|    1|          0|
    |or_ln117_568_reg_1712_pp0_iter5_reg   |   1|   0|    1|          0|
    |or_ln117_570_reg_1720                 |   1|   0|    1|          0|
    |or_ln117_574_reg_1730                 |   1|   0|    1|          0|
    |p_read10_int_reg                      |  18|   0|   18|          0|
    |p_read11_int_reg                      |  18|   0|   18|          0|
    |p_read12_int_reg                      |  18|   0|   18|          0|
    |p_read13_int_reg                      |  18|   0|   18|          0|
    |p_read14_int_reg                      |  18|   0|   18|          0|
    |p_read15_int_reg                      |  18|   0|   18|          0|
    |p_read16_int_reg                      |  18|   0|   18|          0|
    |p_read17_int_reg                      |  18|   0|   18|          0|
    |p_read18_int_reg                      |  18|   0|   18|          0|
    |p_read19_int_reg                      |  18|   0|   18|          0|
    |p_read1_int_reg                       |  18|   0|   18|          0|
    |p_read20_int_reg                      |  18|   0|   18|          0|
    |p_read2_int_reg                       |  18|   0|   18|          0|
    |p_read3_int_reg                       |  18|   0|   18|          0|
    |p_read4_int_reg                       |  18|   0|   18|          0|
    |p_read5_int_reg                       |  18|   0|   18|          0|
    |p_read6_int_reg                       |  18|   0|   18|          0|
    |p_read7_int_reg                       |  18|   0|   18|          0|
    |p_read8_int_reg                       |  18|   0|   18|          0|
    |p_read9_int_reg                       |  18|   0|   18|          0|
    |select_ln117_611_reg_1628             |   3|   0|    3|          0|
    |select_ln117_617_reg_1668             |   4|   0|    4|          0|
    |select_ln117_623_reg_1701             |   5|   0|    5|          0|
    |select_ln117_629_reg_1725             |   5|   0|    5|          0|
    |select_ln117_633_reg_1735             |   5|   0|    5|          0|
    |xor_ln104_reg_1617                    |   1|   0|    1|          0|
    |and_ln102_reg_1560                    |  64|  32|    1|          0|
    |and_ln104_112_reg_1593                |  64|  32|    1|          0|
    |and_ln104_114_reg_1685                |  64|  32|    1|          0|
    |icmp_ln86_626_reg_1406                |  64|  32|    1|          0|
    |icmp_ln86_629_reg_1424                |  64|  32|    1|          0|
    |icmp_ln86_630_reg_1430                |  64|  32|    1|          0|
    |icmp_ln86_632_reg_1442                |  64|  32|    1|          0|
    |icmp_ln86_633_reg_1448                |  64|  32|    1|          0|
    |icmp_ln86_634_reg_1455                |  64|  32|    1|          0|
    |icmp_ln86_635_reg_1461                |  64|  32|    1|          0|
    |icmp_ln86_636_reg_1467                |  64|  32|    1|          0|
    |icmp_ln86_637_reg_1473                |  64|  32|    1|          0|
    |icmp_ln86_638_reg_1479                |  64|  32|    1|          0|
    |icmp_ln86_642_reg_1500                |  64|  32|    1|          0|
    |icmp_ln86_643_reg_1505                |  64|  32|    1|          0|
    |icmp_ln86_644_reg_1510                |  64|  32|    1|          0|
    |icmp_ln86_645_reg_1515                |  64|  32|    1|          0|
    |icmp_ln86_646_reg_1520                |  64|  32|    1|          0|
    |icmp_ln86_647_reg_1525                |  64|  32|    1|          0|
    |icmp_ln86_648_reg_1530                |  64|  32|    1|          0|
    |icmp_ln86_649_reg_1535                |  64|  32|    1|          0|
    |icmp_ln86_650_reg_1540                |  64|  32|    1|          0|
    |icmp_ln86_651_reg_1545                |  64|  32|    1|          0|
    |icmp_ln86_652_reg_1550                |  64|  32|    1|          0|
    |icmp_ln86_653_reg_1555                |  64|  32|    1|          0|
    |icmp_ln86_reg_1396                    |  64|  32|    1|          0|
    +--------------------------------------+----+----+-----+-----------+
    |Total                                 |2109| 832|  471|          0|
    +--------------------------------------+----+----+-----+-----------+



================================================================
== Interface
================================================================
* Summary: 
+-----------+-----+-----+------------+----------------------+--------------+
| RTL Ports | Dir | Bits|  Protocol  |     Source Object    |    C Type    |
+-----------+-----+-----+------------+----------------------+--------------+
|ap_clk     |   in|    1|  ap_ctrl_hs|  decision_function.77|  return value|
|ap_rst     |   in|    1|  ap_ctrl_hs|  decision_function.77|  return value|
|ap_return  |  out|   12|  ap_ctrl_hs|  decision_function.77|  return value|
|ap_ce      |   in|    1|  ap_ctrl_hs|  decision_function.77|  return value|
|p_read1    |   in|   18|     ap_none|               p_read1|        scalar|
|p_read2    |   in|   18|     ap_none|               p_read2|        scalar|
|p_read3    |   in|   18|     ap_none|               p_read3|        scalar|
|p_read4    |   in|   18|     ap_none|               p_read4|        scalar|
|p_read5    |   in|   18|     ap_none|               p_read5|        scalar|
|p_read6    |   in|   18|     ap_none|               p_read6|        scalar|
|p_read7    |   in|   18|     ap_none|               p_read7|        scalar|
|p_read8    |   in|   18|     ap_none|               p_read8|        scalar|
|p_read9    |   in|   18|     ap_none|               p_read9|        scalar|
|p_read10   |   in|   18|     ap_none|              p_read10|        scalar|
|p_read11   |   in|   18|     ap_none|              p_read11|        scalar|
|p_read12   |   in|   18|     ap_none|              p_read12|        scalar|
|p_read13   |   in|   18|     ap_none|              p_read13|        scalar|
|p_read14   |   in|   18|     ap_none|              p_read14|        scalar|
|p_read15   |   in|   18|     ap_none|              p_read15|        scalar|
|p_read16   |   in|   18|     ap_none|              p_read16|        scalar|
|p_read17   |   in|   18|     ap_none|              p_read17|        scalar|
|p_read18   |   in|   18|     ap_none|              p_read18|        scalar|
|p_read19   |   in|   18|     ap_none|              p_read19|        scalar|
|p_read20   |   in|   18|     ap_none|              p_read20|        scalar|
+-----------+-----+-----+------------+----------------------+--------------+

