

================================================================
== Vitis HLS Report for 'decision_function_51'
================================================================
* Date:           Thu Jan 23 13:49:07 2025

* Version:        2024.1 (Build 5069499 on May 21 2024)
* Project:        conifer_jettag
* Solution:       solution1 (Vivado IP Flow Target)
* Product family: zynq
* Target device:  xc7z020-clg400-1


================================================================
== Performance Estimates
================================================================
+ Timing: 
    * Summary: 
    +--------+---------+----------+------------+
    |  Clock |  Target | Estimated| Uncertainty|
    +--------+---------+----------+------------+
    |ap_clk  |  5.00 ns|  3.645 ns|     1.35 ns|
    +--------+---------+----------+------------+

+ Latency: 
    * Summary: 
    +---------+---------+-----------+-----------+-----+-----+---------+
    |  Latency (cycles) |   Latency (absolute)  |  Interval | Pipeline|
    |   min   |   max   |    min    |    max    | min | max |   Type  |
    +---------+---------+-----------+-----------+-----+-----+---------+
    |        6|        6|  30.000 ns|  30.000 ns|    1|    1|      yes|
    +---------+---------+-----------+-----------+-----+-----+---------+

    + Detail: 
        * Instance: 
        N/A

        * Loop: 
        N/A



================================================================
== Utilization Estimates
================================================================
* Summary: 
+-----------------+---------+-----+--------+-------+-----+
|       Name      | BRAM_18K| DSP |   FF   |  LUT  | URAM|
+-----------------+---------+-----+--------+-------+-----+
|DSP              |        -|    -|       -|      -|    -|
|Expression       |        -|    -|       0|    914|    -|
|FIFO             |        -|    -|       -|      -|    -|
|Instance         |        -|    -|       0|    125|    -|
|Memory           |        -|    -|       -|      -|    -|
|Multiplexer      |        -|    -|       -|      -|    -|
|Register         |        -|    -|    1526|    544|    -|
+-----------------+---------+-----+--------+-------+-----+
|Total            |        0|    0|    1526|   1583|    0|
+-----------------+---------+-----+--------+-------+-----+
|Available        |      280|  220|  106400|  53200|    0|
+-----------------+---------+-----+--------+-------+-----+
|Utilization (%)  |        0|    0|       1|      2|    0|
+-----------------+---------+-----+--------+-------+-----+

+ Detail: 
    * Instance: 
    +-----------------------------+-----------------------+---------+----+---+-----+-----+
    |           Instance          |         Module        | BRAM_18K| DSP| FF| LUT | URAM|
    +-----------------------------+-----------------------+---------+----+---+-----+-----+
    |sparsemux_57_5_12_1_1_U1249  |sparsemux_57_5_12_1_1  |        0|   0|  0|  125|    0|
    +-----------------------------+-----------------------+---------+----+---+-----+-----+
    |Total                        |                       |        0|   0|  0|  125|    0|
    +-----------------------------+-----------------------+---------+----+---+-----+-----+

    * DSP: 
    N/A

    * Memory: 
    N/A

    * FIFO: 
    N/A

    * Expression: 
    +------------------------------+----------+----+---+----+------------+------------+
    |         Variable Name        | Operation| DSP| FF| LUT| Bitwidth P0| Bitwidth P1|
    +------------------------------+----------+----+---+----+------------+------------+
    |and_ln102_1306_fu_629_p2      |       and|   0|  0|   2|           1|           1|
    |and_ln102_1307_fu_537_p2      |       and|   0|  0|   2|           1|           1|
    |and_ln102_1308_fu_551_p2      |       and|   0|  0|   2|           1|           1|
    |and_ln102_1309_fu_643_p2      |       and|   0|  0|   2|           1|           1|
    |and_ln102_1310_fu_783_p2      |       and|   0|  0|   2|           1|           1|
    |and_ln102_1311_fu_565_p2      |       and|   0|  0|   2|           1|           1|
    |and_ln102_1312_fu_570_p2      |       and|   0|  0|   2|           1|           1|
    |and_ln102_1313_fu_575_p2      |       and|   0|  0|   2|           1|           1|
    |and_ln102_1314_fu_653_p2      |       and|   0|  0|   2|           1|           1|
    |and_ln102_1315_fu_657_p2      |       and|   0|  0|   2|           1|           1|
    |and_ln102_1316_fu_807_p2      |       and|   0|  0|   2|           1|           1|
    |and_ln102_1317_fu_926_p2      |       and|   0|  0|   2|           1|           1|
    |and_ln102_1318_fu_1019_p2     |       and|   0|  0|   2|           1|           1|
    |and_ln102_1319_fu_662_p2      |       and|   0|  0|   2|           1|           1|
    |and_ln102_1320_fu_671_p2      |       and|   0|  0|   2|           1|           1|
    |and_ln102_1321_fu_676_p2      |       and|   0|  0|   2|           1|           1|
    |and_ln102_1322_fu_818_p2      |       and|   0|  0|   2|           1|           1|
    |and_ln102_1323_fu_823_p2      |       and|   0|  0|   2|           1|           1|
    |and_ln102_1324_fu_832_p2      |       and|   0|  0|   2|           1|           1|
    |and_ln102_1325_fu_930_p2      |       and|   0|  0|   2|           1|           1|
    |and_ln102_1326_fu_939_p2      |       and|   0|  0|   2|           1|           1|
    |and_ln102_1327_fu_944_p2      |       and|   0|  0|   2|           1|           1|
    |and_ln102_1328_fu_1028_p2     |       and|   0|  0|   2|           1|           1|
    |and_ln102_1329_fu_1033_p2     |       and|   0|  0|   2|           1|           1|
    |and_ln102_1330_fu_1100_p2     |       and|   0|  0|   2|           1|           1|
    |and_ln102_1331_fu_666_p2      |       and|   0|  0|   2|           1|           1|
    |and_ln102_1332_fu_812_p2      |       and|   0|  0|   2|           1|           1|
    |and_ln102_1333_fu_827_p2      |       and|   0|  0|   2|           1|           1|
    |and_ln102_1334_fu_934_p2      |       and|   0|  0|   2|           1|           1|
    |and_ln102_1335_fu_1023_p2     |       and|   0|  0|   2|           1|           1|
    |and_ln102_1336_fu_1095_p2     |       and|   0|  0|   2|           1|           1|
    |and_ln102_fu_514_p2           |       and|   0|  0|   2|           1|           1|
    |and_ln104_250_fu_638_p2       |       and|   0|  0|   2|           1|           1|
    |and_ln104_251_fu_546_p2       |       and|   0|  0|   2|           1|           1|
    |and_ln104_252_fu_560_p2       |       and|   0|  0|   2|           1|           1|
    |and_ln104_253_fu_778_p2       |       and|   0|  0|   2|           1|           1|
    |and_ln104_254_fu_792_p2       |       and|   0|  0|   2|           1|           1|
    |and_ln104_fu_526_p2           |       and|   0|  0|   2|           1|           1|
    |icmp_ln86_1357_fu_370_p2      |      icmp|   0|  0|  25|          18|           9|
    |icmp_ln86_1358_fu_376_p2      |      icmp|   0|  0|  25|          18|          17|
    |icmp_ln86_1359_fu_382_p2      |      icmp|   0|  0|  25|          18|          11|
    |icmp_ln86_1360_fu_388_p2      |      icmp|   0|  0|  25|          18|           9|
    |icmp_ln86_1361_fu_394_p2      |      icmp|   0|  0|  25|          18|          15|
    |icmp_ln86_1362_fu_400_p2      |      icmp|   0|  0|  25|          18|          15|
    |icmp_ln86_1363_fu_406_p2      |      icmp|   0|  0|  25|          18|           9|
    |icmp_ln86_1364_fu_412_p2      |      icmp|   0|  0|  25|          18|          17|
    |icmp_ln86_1365_fu_418_p2      |      icmp|   0|  0|  25|          18|           7|
    |icmp_ln86_1366_fu_424_p2      |      icmp|   0|  0|  25|          18|          10|
    |icmp_ln86_1367_fu_430_p2      |      icmp|   0|  0|  25|          18|          16|
    |icmp_ln86_1368_fu_436_p2      |      icmp|   0|  0|  25|          18|          13|
    |icmp_ln86_1369_fu_442_p2      |      icmp|   0|  0|  25|          18|          15|
    |icmp_ln86_1370_fu_448_p2      |      icmp|   0|  0|  25|          18|           9|
    |icmp_ln86_1371_fu_454_p2      |      icmp|   0|  0|  25|          18|           9|
    |icmp_ln86_1372_fu_460_p2      |      icmp|   0|  0|  25|          18|          15|
    |icmp_ln86_1373_fu_466_p2      |      icmp|   0|  0|  25|          18|           9|
    |icmp_ln86_1375_fu_472_p2      |      icmp|   0|  0|  25|          18|           3|
    |icmp_ln86_1376_fu_478_p2      |      icmp|   0|  0|  25|          18|           3|
    |icmp_ln86_1377_fu_484_p2      |      icmp|   0|  0|  25|          18|          17|
    |icmp_ln86_1378_fu_490_p2      |      icmp|   0|  0|  25|          18|          12|
    |icmp_ln86_1379_fu_496_p2      |      icmp|   0|  0|  25|          18|          13|
    |icmp_ln86_1380_fu_768_p2      |      icmp|   0|  0|  25|          18|          17|
    |icmp_ln86_1381_fu_502_p2      |      icmp|   0|  0|  25|          18|          17|
    |icmp_ln86_1382_fu_508_p2      |      icmp|   0|  0|  25|          18|          17|
    |icmp_ln86_fu_364_p2           |      icmp|   0|  0|  25|          18|          17|
    |or_ln117_1225_fu_604_p2       |        or|   0|  0|   2|           1|           1|
    |or_ln117_1226_fu_684_p2       |        or|   0|  0|   2|           1|           1|
    |or_ln117_1227_fu_618_p2       |        or|   0|  0|   2|           1|           1|
    |or_ln117_1228_fu_704_p2       |        or|   0|  0|   2|           1|           1|
    |or_ln117_1229_fu_624_p2       |        or|   0|  0|   2|           1|           1|
    |or_ln117_1230_fu_728_p2       |        or|   0|  0|   2|           1|           1|
    |or_ln117_1231_fu_740_p2       |        or|   0|  0|   2|           1|           1|
    |or_ln117_1232_fu_837_p2       |        or|   0|  0|   2|           1|           1|
    |or_ln117_1233_fu_849_p2       |        or|   0|  0|   2|           1|           1|
    |or_ln117_1234_fu_861_p2       |        or|   0|  0|   2|           1|           1|
    |or_ln117_1235_fu_873_p2       |        or|   0|  0|   2|           1|           1|
    |or_ln117_1236_fu_887_p2       |        or|   0|  0|   2|           1|           1|
    |or_ln117_1237_fu_949_p2       |        or|   0|  0|   2|           1|           1|
    |or_ln117_1238_fu_911_p2       |        or|   0|  0|   2|           1|           1|
    |or_ln117_1239_fu_961_p2       |        or|   0|  0|   2|           1|           1|
    |or_ln117_1240_fu_917_p2       |        or|   0|  0|   2|           1|           1|
    |or_ln117_1241_fu_981_p2       |        or|   0|  0|   2|           1|           1|
    |or_ln117_1242_fu_993_p2       |        or|   0|  0|   2|           1|           1|
    |or_ln117_1243_fu_1038_p2      |        or|   0|  0|   2|           1|           1|
    |or_ln117_1244_fu_1043_p2      |        or|   0|  0|   2|           1|           1|
    |or_ln117_1245_fu_1054_p2      |        or|   0|  0|   2|           1|           1|
    |or_ln117_1246_fu_1068_p2      |        or|   0|  0|   2|           1|           1|
    |or_ln117_1247_fu_1105_p2      |        or|   0|  0|   2|           1|           1|
    |or_ln117_fu_590_p2            |        or|   0|  0|   2|           1|           1|
    |agg_result_fu_1117_p58        |    select|   0|  0|   5|           1|           5|
    |select_ln117_1314_fu_610_p3   |    select|   0|  0|   2|           1|           2|
    |select_ln117_1315_fu_689_p3   |    select|   0|  0|   4|           1|           3|
    |select_ln117_1316_fu_696_p3   |    select|   0|  0|   3|           1|           3|
    |select_ln117_1317_fu_709_p3   |    select|   0|  0|   3|           1|           3|
    |select_ln117_1318_fu_716_p3   |    select|   0|  0|   3|           1|           3|
    |select_ln117_1319_fu_733_p3   |    select|   0|  0|   5|           1|           4|
    |select_ln117_1320_fu_745_p3   |    select|   0|  0|   4|           1|           4|
    |select_ln117_1321_fu_753_p3   |    select|   0|  0|   4|           1|           4|
    |select_ln117_1322_fu_842_p3   |    select|   0|  0|   4|           1|           4|
    |select_ln117_1323_fu_854_p3   |    select|   0|  0|   4|           1|           4|
    |select_ln117_1324_fu_865_p3   |    select|   0|  0|   4|           1|           4|
    |select_ln117_1325_fu_879_p3   |    select|   0|  0|   4|           1|           4|
    |select_ln117_1326_fu_891_p3   |    select|   0|  0|   4|           1|           4|
    |select_ln117_1327_fu_903_p3   |    select|   0|  0|   6|           1|           5|
    |select_ln117_1328_fu_954_p3   |    select|   0|  0|   5|           1|           5|
    |select_ln117_1329_fu_966_p3   |    select|   0|  0|   5|           1|           5|
    |select_ln117_1330_fu_973_p3   |    select|   0|  0|   5|           1|           5|
    |select_ln117_1331_fu_986_p3   |    select|   0|  0|   5|           1|           5|
    |select_ln117_1332_fu_998_p3   |    select|   0|  0|   5|           1|           5|
    |select_ln117_1333_fu_1006_p3  |    select|   0|  0|   5|           1|           5|
    |select_ln117_1334_fu_1047_p3  |    select|   0|  0|   5|           1|           5|
    |select_ln117_1335_fu_1060_p3  |    select|   0|  0|   5|           1|           5|
    |select_ln117_1336_fu_1074_p3  |    select|   0|  0|   5|           1|           5|
    |select_ln117_1337_fu_1082_p3  |    select|   0|  0|   5|           1|           5|
    |select_ln117_fu_596_p3        |    select|   0|  0|   3|           1|           2|
    |xor_ln104_649_fu_520_p2       |       xor|   0|  0|   2|           1|           2|
    |xor_ln104_650_fu_633_p2       |       xor|   0|  0|   2|           1|           2|
    |xor_ln104_651_fu_541_p2       |       xor|   0|  0|   2|           1|           2|
    |xor_ln104_652_fu_555_p2       |       xor|   0|  0|   2|           1|           2|
    |xor_ln104_653_fu_773_p2       |       xor|   0|  0|   2|           1|           2|
    |xor_ln104_654_fu_787_p2       |       xor|   0|  0|   2|           1|           2|
    |xor_ln104_655_fu_648_p2       |       xor|   0|  0|   2|           1|           2|
    |xor_ln104_656_fu_797_p2       |       xor|   0|  0|   2|           1|           2|
    |xor_ln104_657_fu_802_p2       |       xor|   0|  0|   2|           1|           2|
    |xor_ln104_658_fu_921_p2       |       xor|   0|  0|   2|           1|           2|
    |xor_ln104_659_fu_1014_p2      |       xor|   0|  0|   2|           1|           2|
    |xor_ln104_660_fu_1090_p2      |       xor|   0|  0|   2|           1|           2|
    |xor_ln104_fu_532_p2           |       xor|   0|  0|   2|           1|           2|
    |xor_ln117_fu_580_p2           |       xor|   0|  0|   2|           2|           1|
    +------------------------------+----------+----+---+----+------------+------------+
    |Total                         |          |   0|  0| 914|         571|         518|
    +------------------------------+----------+----+---+----+------------+------------+

    * Multiplexer: 
    N/A

    * Register: 
    +---------------------------------------+----+----+-----+-----------+
    |                  Name                 | FF | LUT| Bits| Const Bits|
    +---------------------------------------+----+----+-----+-----------+
    |and_ln102_1306_reg_1438                |   1|   0|    1|          0|
    |and_ln102_1307_reg_1398                |   1|   0|    1|          0|
    |and_ln102_1309_reg_1450                |   1|   0|    1|          0|
    |and_ln102_1310_reg_1482                |   1|   0|    1|          0|
    |and_ln102_1310_reg_1482_pp0_iter4_reg  |   1|   0|    1|          0|
    |and_ln102_1311_reg_1409                |   1|   0|    1|          0|
    |and_ln102_1315_reg_1456                |   1|   0|    1|          0|
    |and_ln102_1316_reg_1495                |   1|   0|    1|          0|
    |and_ln102_reg_1379                     |   1|   0|    1|          0|
    |and_ln104_250_reg_1444                 |   1|   0|    1|          0|
    |and_ln104_252_reg_1403                 |   1|   0|    1|          0|
    |and_ln104_252_reg_1403_pp0_iter2_reg   |   1|   0|    1|          0|
    |and_ln104_253_reg_1477                 |   1|   0|    1|          0|
    |and_ln104_254_reg_1489                 |   1|   0|    1|          0|
    |and_ln104_reg_1386                     |   1|   0|    1|          0|
    |icmp_ln86_1358_reg_1253                |   1|   0|    1|          0|
    |icmp_ln86_1358_reg_1253_pp0_iter1_reg  |   1|   0|    1|          0|
    |icmp_ln86_1359_reg_1259                |   1|   0|    1|          0|
    |icmp_ln86_1360_reg_1265                |   1|   0|    1|          0|
    |icmp_ln86_1361_reg_1271                |   1|   0|    1|          0|
    |icmp_ln86_1362_reg_1277                |   1|   0|    1|          0|
    |icmp_ln86_1363_reg_1283                |   1|   0|    1|          0|
    |icmp_ln86_1363_reg_1283_pp0_iter1_reg  |   1|   0|    1|          0|
    |icmp_ln86_1364_reg_1289                |   1|   0|    1|          0|
    |icmp_ln86_1365_reg_1294                |   1|   0|    1|          0|
    |icmp_ln86_1366_reg_1299                |   1|   0|    1|          0|
    |icmp_ln86_1367_reg_1305                |   1|   0|    1|          0|
    |icmp_ln86_1368_reg_1311                |   1|   0|    1|          0|
    |icmp_ln86_1369_reg_1317                |   1|   0|    1|          0|
    |icmp_ln86_1370_reg_1323                |   1|   0|    1|          0|
    |icmp_ln86_1371_reg_1329                |   1|   0|    1|          0|
    |icmp_ln86_1371_reg_1329_pp0_iter1_reg  |   1|   0|    1|          0|
    |icmp_ln86_1372_reg_1334                |   1|   0|    1|          0|
    |icmp_ln86_1372_reg_1334_pp0_iter1_reg  |   1|   0|    1|          0|
    |icmp_ln86_1373_reg_1339                |   1|   0|    1|          0|
    |icmp_ln86_1373_reg_1339_pp0_iter1_reg  |   1|   0|    1|          0|
    |icmp_ln86_1375_reg_1344                |   1|   0|    1|          0|
    |icmp_ln86_1376_reg_1349                |   1|   0|    1|          0|
    |icmp_ln86_1377_reg_1354                |   1|   0|    1|          0|
    |icmp_ln86_1378_reg_1359                |   1|   0|    1|          0|
    |icmp_ln86_1379_reg_1364                |   1|   0|    1|          0|
    |icmp_ln86_1380_reg_1472                |   1|   0|    1|          0|
    |icmp_ln86_1380_reg_1472_pp0_iter4_reg  |   1|   0|    1|          0|
    |icmp_ln86_1381_reg_1369                |   1|   0|    1|          0|
    |icmp_ln86_1382_reg_1374                |   1|   0|    1|          0|
    |icmp_ln86_reg_1243                     |   1|   0|    1|          0|
    |or_ln117_1225_reg_1414                 |   1|   0|    1|          0|
    |or_ln117_1227_reg_1425                 |   1|   0|    1|          0|
    |or_ln117_1229_reg_1431                 |   1|   0|    1|          0|
    |or_ln117_1231_reg_1462                 |   1|   0|    1|          0|
    |or_ln117_1236_reg_1500                 |   1|   0|    1|          0|
    |or_ln117_1238_reg_1510                 |   1|   0|    1|          0|
    |or_ln117_1240_reg_1516                 |   1|   0|    1|          0|
    |or_ln117_1240_reg_1516_pp0_iter4_reg   |   1|   0|    1|          0|
    |or_ln117_1242_reg_1524                 |   1|   0|    1|          0|
    |or_ln117_1246_reg_1534                 |   1|   0|    1|          0|
    |p_read10_int_reg                       |  18|   0|   18|          0|
    |p_read11_int_reg                       |  18|   0|   18|          0|
    |p_read12_int_reg                       |  18|   0|   18|          0|
    |p_read13_int_reg                       |  18|   0|   18|          0|
    |p_read14_int_reg                       |  18|   0|   18|          0|
    |p_read15_int_reg                       |  18|   0|   18|          0|
    |p_read16_int_reg                       |  18|   0|   18|          0|
    |p_read17_int_reg                       |  18|   0|   18|          0|
    |p_read18_int_reg                       |  18|   0|   18|          0|
    |p_read19_int_reg                       |  18|   0|   18|          0|
    |p_read1_int_reg                        |  18|   0|   18|          0|
    |p_read2_int_reg                        |  18|   0|   18|          0|
    |p_read3_int_reg                        |  18|   0|   18|          0|
    |p_read4_int_reg                        |  18|   0|   18|          0|
    |p_read5_int_reg                        |  18|   0|   18|          0|
    |p_read6_int_reg                        |  18|   0|   18|          0|
    |p_read7_int_reg                        |  18|   0|   18|          0|
    |p_read8_int_reg                        |  18|   0|   18|          0|
    |p_read9_int_reg                        |  18|   0|   18|          0|
    |p_read_357_reg_1237                    |  18|   0|   18|          0|
    |select_ln117_1314_reg_1420             |   2|   0|    2|          0|
    |select_ln117_1321_reg_1467             |   4|   0|    4|          0|
    |select_ln117_1327_reg_1505             |   5|   0|    5|          0|
    |select_ln117_1333_reg_1529             |   5|   0|    5|          0|
    |select_ln117_1337_reg_1539             |   5|   0|    5|          0|
    |xor_ln104_reg_1392                     |   1|   0|    1|          0|
    |and_ln104_254_reg_1489                 |  64|  32|    1|          0|
    |icmp_ln86_1361_reg_1271                |  64|  32|    1|          0|
    |icmp_ln86_1362_reg_1277                |  64|  32|    1|          0|
    |icmp_ln86_1366_reg_1299                |  64|  32|    1|          0|
    |icmp_ln86_1367_reg_1305                |  64|  32|    1|          0|
    |icmp_ln86_1368_reg_1311                |  64|  32|    1|          0|
    |icmp_ln86_1369_reg_1317                |  64|  32|    1|          0|
    |icmp_ln86_1370_reg_1323                |  64|  32|    1|          0|
    |icmp_ln86_1375_reg_1344                |  64|  32|    1|          0|
    |icmp_ln86_1376_reg_1349                |  64|  32|    1|          0|
    |icmp_ln86_1377_reg_1354                |  64|  32|    1|          0|
    |icmp_ln86_1378_reg_1359                |  64|  32|    1|          0|
    |icmp_ln86_1379_reg_1364                |  64|  32|    1|          0|
    |icmp_ln86_1381_reg_1369                |  64|  32|    1|          0|
    |icmp_ln86_1382_reg_1374                |  64|  32|    1|          0|
    |icmp_ln86_reg_1243                     |  64|  32|    1|          0|
    |p_read_357_reg_1237                    |  64|  32|   18|          0|
    +---------------------------------------+----+----+-----+-----------+
    |Total                                  |1526| 544|  472|          0|
    +---------------------------------------+----+----+-----+-----------+



================================================================
== Interface
================================================================
* Summary: 
+-----------+-----+-----+------------+----------------------+--------------+
| RTL Ports | Dir | Bits|  Protocol  |     Source Object    |    C Type    |
+-----------+-----+-----+------------+----------------------+--------------+
|ap_clk     |   in|    1|  ap_ctrl_hs|  decision_function.51|  return value|
|ap_rst     |   in|    1|  ap_ctrl_hs|  decision_function.51|  return value|
|ap_return  |  out|   12|  ap_ctrl_hs|  decision_function.51|  return value|
|ap_ce      |   in|    1|  ap_ctrl_hs|  decision_function.51|  return value|
|p_read1    |   in|   18|     ap_none|               p_read1|        scalar|
|p_read2    |   in|   18|     ap_none|               p_read2|        scalar|
|p_read3    |   in|   18|     ap_none|               p_read3|        scalar|
|p_read4    |   in|   18|     ap_none|               p_read4|        scalar|
|p_read5    |   in|   18|     ap_none|               p_read5|        scalar|
|p_read6    |   in|   18|     ap_none|               p_read6|        scalar|
|p_read7    |   in|   18|     ap_none|               p_read7|        scalar|
|p_read8    |   in|   18|     ap_none|               p_read8|        scalar|
|p_read9    |   in|   18|     ap_none|               p_read9|        scalar|
|p_read10   |   in|   18|     ap_none|              p_read10|        scalar|
|p_read11   |   in|   18|     ap_none|              p_read11|        scalar|
|p_read12   |   in|   18|     ap_none|              p_read12|        scalar|
|p_read13   |   in|   18|     ap_none|              p_read13|        scalar|
|p_read14   |   in|   18|     ap_none|              p_read14|        scalar|
|p_read15   |   in|   18|     ap_none|              p_read15|        scalar|
|p_read16   |   in|   18|     ap_none|              p_read16|        scalar|
|p_read17   |   in|   18|     ap_none|              p_read17|        scalar|
|p_read18   |   in|   18|     ap_none|              p_read18|        scalar|
|p_read19   |   in|   18|     ap_none|              p_read19|        scalar|
+-----------+-----+-----+------------+----------------------+--------------+

