

================================================================
== Vitis HLS Report for 'decision_function_116'
================================================================
* Date:           Thu Jan 23 13:49:44 2025

* Version:        2024.1 (Build 5069499 on May 21 2024)
* Project:        conifer_jettag
* Solution:       solution1 (Vivado IP Flow Target)
* Product family: zynq
* Target device:  xc7z020-clg400-1


================================================================
== Performance Estimates
================================================================
+ Timing: 
    * Summary: 
    +--------+---------+----------+------------+
    |  Clock |  Target | Estimated| Uncertainty|
    +--------+---------+----------+------------+
    |ap_clk  |  5.00 ns|  3.645 ns|     1.35 ns|
    +--------+---------+----------+------------+

+ Latency: 
    * Summary: 
    +---------+---------+-----------+-----------+-----+-----+---------+
    |  Latency (cycles) |   Latency (absolute)  |  Interval | Pipeline|
    |   min   |   max   |    min    |    max    | min | max |   Type  |
    +---------+---------+-----------+-----------+-----+-----+---------+
    |        7|        7|  35.000 ns|  35.000 ns|    1|    1|      yes|
    +---------+---------+-----------+-----------+-----+-----+---------+

    + Detail: 
        * Instance: 
        N/A

        * Loop: 
        N/A



================================================================
== Utilization Estimates
================================================================
* Summary: 
+-----------------+---------+-----+--------+-------+-----+
|       Name      | BRAM_18K| DSP |   FF   |  LUT  | URAM|
+-----------------+---------+-----+--------+-------+-----+
|DSP              |        -|    -|       -|      -|    -|
|Expression       |        -|    -|       0|   1068|    -|
|FIFO             |        -|    -|       -|      -|    -|
|Instance         |        -|    -|       0|    142|    -|
|Memory           |        -|    -|       -|      -|    -|
|Multiplexer      |        -|    -|       -|      -|    -|
|Register         |        -|    -|    2038|    768|    -|
+-----------------+---------+-----+--------+-------+-----+
|Total            |        0|    0|    2038|   1978|    0|
+-----------------+---------+-----+--------+-------+-----+
|Available        |      280|  220|  106400|  53200|    0|
+-----------------+---------+-----+--------+-------+-----+
|Utilization (%)  |        0|    0|       1|      3|    0|
+-----------------+---------+-----+--------+-------+-----+

+ Detail: 
    * Instance: 
    +---------------------------------+---------------------------+---------+----+---+-----+-----+
    |             Instance            |           Module          | BRAM_18K| DSP| FF| LUT | URAM|
    +---------------------------------+---------------------------+---------+----+---+-----+-----+
    |sparsemux_65_5_12_1_1_x34_U2366  |sparsemux_65_5_12_1_1_x34  |        0|   0|  0|  142|    0|
    +---------------------------------+---------------------------+---------+----+---+-----+-----+
    |Total                            |                           |        0|   0|  0|  142|    0|
    +---------------------------------+---------------------------+---------+----+---+-----+-----+

    * DSP: 
    N/A

    * Memory: 
    N/A

    * FIFO: 
    N/A

    * Expression: 
    +------------------------------+----------+----+---+----+------------+------------+
    |         Variable Name        | Operation| DSP| FF| LUT| Bitwidth P0| Bitwidth P1|
    +------------------------------+----------+----+---+----+------------+------------+
    |and_ln102_1765_fu_817_p2      |       and|   0|  0|   2|           1|           1|
    |and_ln102_1766_fu_634_p2      |       and|   0|  0|   2|           1|           1|
    |and_ln102_1767_fu_685_p2      |       and|   0|  0|   2|           1|           1|
    |and_ln102_1768_fu_831_p2      |       and|   0|  0|   2|           1|           1|
    |and_ln102_1769_fu_951_p2      |       and|   0|  0|   2|           1|           1|
    |and_ln102_1770_fu_648_p2      |       and|   0|  0|   2|           1|           1|
    |and_ln102_1771_fu_658_p2      |       and|   0|  0|   2|           1|           1|
    |and_ln102_1772_fu_704_p2      |       and|   0|  0|   2|           1|           1|
    |and_ln102_1773_fu_841_p2      |       and|   0|  0|   2|           1|           1|
    |and_ln102_1774_fu_845_p2      |       and|   0|  0|   2|           1|           1|
    |and_ln102_1775_fu_975_p2      |       and|   0|  0|   2|           1|           1|
    |and_ln102_1776_fu_1093_p2     |       and|   0|  0|   2|           1|           1|
    |and_ln102_1777_fu_1186_p2     |       and|   0|  0|   2|           1|           1|
    |and_ln102_1778_fu_709_p2      |       and|   0|  0|   2|           1|           1|
    |and_ln102_1779_fu_663_p2      |       and|   0|  0|   2|           1|           1|
    |and_ln102_1780_fu_668_p2      |       and|   0|  0|   2|           1|           1|
    |and_ln102_1781_fu_713_p2      |       and|   0|  0|   2|           1|           1|
    |and_ln102_1782_fu_717_p2      |       and|   0|  0|   2|           1|           1|
    |and_ln102_1783_fu_722_p2      |       and|   0|  0|   2|           1|           1|
    |and_ln102_1784_fu_850_p2      |       and|   0|  0|   2|           1|           1|
    |and_ln102_1785_fu_854_p2      |       and|   0|  0|   2|           1|           1|
    |and_ln102_1786_fu_859_p2      |       and|   0|  0|   2|           1|           1|
    |and_ln102_1787_fu_864_p2      |       and|   0|  0|   2|           1|           1|
    |and_ln102_1788_fu_980_p2      |       and|   0|  0|   2|           1|           1|
    |and_ln102_1789_fu_985_p2      |       and|   0|  0|   2|           1|           1|
    |and_ln102_1790_fu_990_p2      |       and|   0|  0|   2|           1|           1|
    |and_ln102_1791_fu_994_p2      |       and|   0|  0|   2|           1|           1|
    |and_ln102_1792_fu_999_p2      |       and|   0|  0|   2|           1|           1|
    |and_ln102_1793_fu_1097_p2     |       and|   0|  0|   2|           1|           1|
    |and_ln102_1794_fu_1101_p2     |       and|   0|  0|   2|           1|           1|
    |and_ln102_1795_fu_1106_p2     |       and|   0|  0|   2|           1|           1|
    |and_ln102_1796_fu_1111_p2     |       and|   0|  0|   2|           1|           1|
    |and_ln102_1797_fu_1190_p2     |       and|   0|  0|   2|           1|           1|
    |and_ln102_1798_fu_1195_p2     |       and|   0|  0|   2|           1|           1|
    |and_ln102_1799_fu_1200_p2     |       and|   0|  0|   2|           1|           1|
    |and_ln102_1800_fu_1262_p2     |       and|   0|  0|   2|           1|           1|
    |and_ln102_1801_fu_1267_p2     |       and|   0|  0|   2|           1|           1|
    |and_ln102_fu_618_p2           |       and|   0|  0|   2|           1|           1|
    |and_ln104_302_fu_826_p2       |       and|   0|  0|   2|           1|           1|
    |and_ln104_303_fu_643_p2       |       and|   0|  0|   2|           1|           1|
    |and_ln104_304_fu_694_p2       |       and|   0|  0|   2|           1|           1|
    |and_ln104_305_fu_946_p2       |       and|   0|  0|   2|           1|           1|
    |and_ln104_306_fu_960_p2       |       and|   0|  0|   2|           1|           1|
    |and_ln104_fu_629_p2           |       and|   0|  0|   2|           1|           1|
    |icmp_ln86_1594_fu_428_p2      |      icmp|   0|  0|  25|          18|           7|
    |icmp_ln86_1595_fu_434_p2      |      icmp|   0|  0|  25|          18|           9|
    |icmp_ln86_1596_fu_440_p2      |      icmp|   0|  0|  25|          18|          14|
    |icmp_ln86_1597_fu_446_p2      |      icmp|   0|  0|  25|          18|           8|
    |icmp_ln86_1598_fu_452_p2      |      icmp|   0|  0|  25|          18|          10|
    |icmp_ln86_1599_fu_458_p2      |      icmp|   0|  0|  25|          18|           9|
    |icmp_ln86_1600_fu_464_p2      |      icmp|   0|  0|  25|          18|          17|
    |icmp_ln86_1601_fu_470_p2      |      icmp|   0|  0|  25|          18|           7|
    |icmp_ln86_1602_fu_476_p2      |      icmp|   0|  0|  25|          18|           6|
    |icmp_ln86_1603_fu_482_p2      |      icmp|   0|  0|  25|          18|          10|
    |icmp_ln86_1604_fu_488_p2      |      icmp|   0|  0|  25|          18|           8|
    |icmp_ln86_1605_fu_504_p2      |      icmp|   0|  0|  14|          13|           1|
    |icmp_ln86_1606_fu_510_p2      |      icmp|   0|  0|  25|          18|          12|
    |icmp_ln86_1607_fu_516_p2      |      icmp|   0|  0|  25|          18|           7|
    |icmp_ln86_1608_fu_522_p2      |      icmp|   0|  0|  25|          18|           3|
    |icmp_ln86_1609_fu_528_p2      |      icmp|   0|  0|  25|          18|           5|
    |icmp_ln86_1610_fu_534_p2      |      icmp|   0|  0|  25|          18|           9|
    |icmp_ln86_1611_fu_540_p2      |      icmp|   0|  0|  25|          18|           8|
    |icmp_ln86_1612_fu_546_p2      |      icmp|   0|  0|  25|          18|           6|
    |icmp_ln86_1613_fu_552_p2      |      icmp|   0|  0|  25|          18|           4|
    |icmp_ln86_1614_fu_558_p2      |      icmp|   0|  0|  25|          18|           7|
    |icmp_ln86_1615_fu_564_p2      |      icmp|   0|  0|  25|          18|           9|
    |icmp_ln86_1616_fu_570_p2      |      icmp|   0|  0|  25|          18|           4|
    |icmp_ln86_1617_fu_576_p2      |      icmp|   0|  0|  25|          18|          10|
    |icmp_ln86_1618_fu_582_p2      |      icmp|   0|  0|  25|          18|          12|
    |icmp_ln86_1619_fu_588_p2      |      icmp|   0|  0|  25|          18|           9|
    |icmp_ln86_1620_fu_594_p2      |      icmp|   0|  0|  25|          18|          13|
    |icmp_ln86_1621_fu_600_p2      |      icmp|   0|  0|  25|          18|           6|
    |icmp_ln86_1622_fu_606_p2      |      icmp|   0|  0|  25|          18|           7|
    |icmp_ln86_1623_fu_612_p2      |      icmp|   0|  0|  25|          18|          12|
    |icmp_ln86_fu_422_p2           |      icmp|   0|  0|  25|          18|           6|
    |or_ln117_1440_fu_755_p2       |        or|   0|  0|   2|           1|           1|
    |or_ln117_1441_fu_767_p2       |        or|   0|  0|   2|           1|           1|
    |or_ln117_1442_fu_779_p2       |        or|   0|  0|   2|           1|           1|
    |or_ln117_1443_fu_869_p2       |        or|   0|  0|   2|           1|           1|
    |or_ln117_1444_fu_812_p2       |        or|   0|  0|   2|           1|           1|
    |or_ln117_1445_fu_881_p2       |        or|   0|  0|   2|           1|           1|
    |or_ln117_1446_fu_893_p2       |        or|   0|  0|   2|           1|           1|
    |or_ln117_1447_fu_905_p2       |        or|   0|  0|   2|           1|           1|
    |or_ln117_1448_fu_919_p2       |        or|   0|  0|   2|           1|           1|
    |or_ln117_1449_fu_1004_p2      |        or|   0|  0|   2|           1|           1|
    |or_ln117_1450_fu_1020_p2      |        or|   0|  0|   2|           1|           1|
    |or_ln117_1451_fu_1032_p2      |        or|   0|  0|   2|           1|           1|
    |or_ln117_1452_fu_1044_p2      |        or|   0|  0|   2|           1|           1|
    |or_ln117_1453_fu_1058_p2      |        or|   0|  0|   2|           1|           1|
    |or_ln117_1454_fu_1116_p2      |        or|   0|  0|   2|           1|           1|
    |or_ln117_1455_fu_1078_p2      |        or|   0|  0|   2|           1|           1|
    |or_ln117_1456_fu_1128_p2      |        or|   0|  0|   2|           1|           1|
    |or_ln117_1457_fu_1084_p2      |        or|   0|  0|   2|           1|           1|
    |or_ln117_1458_fu_1148_p2      |        or|   0|  0|   2|           1|           1|
    |or_ln117_1459_fu_1160_p2      |        or|   0|  0|   2|           1|           1|
    |or_ln117_1460_fu_1205_p2      |        or|   0|  0|   2|           1|           1|
    |or_ln117_1461_fu_1210_p2      |        or|   0|  0|   2|           1|           1|
    |or_ln117_1462_fu_1221_p2      |        or|   0|  0|   2|           1|           1|
    |or_ln117_1463_fu_1235_p2      |        or|   0|  0|   2|           1|           1|
    |or_ln117_1464_fu_1272_p2      |        or|   0|  0|   2|           1|           1|
    |or_ln117_fu_674_p2            |        or|   0|  0|   2|           1|           1|
    |agg_result_fu_1284_p66        |    select|   0|  0|   5|           1|           5|
    |select_ln117_1545_fu_744_p3   |    select|   0|  0|   2|           1|           2|
    |select_ln117_1546_fu_760_p3   |    select|   0|  0|   4|           1|           3|
    |select_ln117_1547_fu_771_p3   |    select|   0|  0|   3|           1|           3|
    |select_ln117_1548_fu_785_p3   |    select|   0|  0|   3|           1|           3|
    |select_ln117_1549_fu_793_p3   |    select|   0|  0|   3|           1|           3|
    |select_ln117_1550_fu_805_p3   |    select|   0|  0|   5|           1|           4|
    |select_ln117_1551_fu_874_p3   |    select|   0|  0|   4|           1|           4|
    |select_ln117_1552_fu_886_p3   |    select|   0|  0|   4|           1|           4|
    |select_ln117_1553_fu_897_p3   |    select|   0|  0|   4|           1|           4|
    |select_ln117_1554_fu_911_p3   |    select|   0|  0|   4|           1|           4|
    |select_ln117_1555_fu_925_p3   |    select|   0|  0|   4|           1|           4|
    |select_ln117_1556_fu_933_p3   |    select|   0|  0|   4|           1|           4|
    |select_ln117_1557_fu_1009_p3  |    select|   0|  0|   4|           1|           4|
    |select_ln117_1558_fu_1025_p3  |    select|   0|  0|   6|           1|           5|
    |select_ln117_1559_fu_1036_p3  |    select|   0|  0|   5|           1|           5|
    |select_ln117_1560_fu_1050_p3  |    select|   0|  0|   5|           1|           5|
    |select_ln117_1561_fu_1062_p3  |    select|   0|  0|   5|           1|           5|
    |select_ln117_1562_fu_1070_p3  |    select|   0|  0|   5|           1|           5|
    |select_ln117_1563_fu_1121_p3  |    select|   0|  0|   5|           1|           5|
    |select_ln117_1564_fu_1133_p3  |    select|   0|  0|   5|           1|           5|
    |select_ln117_1565_fu_1140_p3  |    select|   0|  0|   5|           1|           5|
    |select_ln117_1566_fu_1153_p3  |    select|   0|  0|   5|           1|           5|
    |select_ln117_1567_fu_1165_p3  |    select|   0|  0|   5|           1|           5|
    |select_ln117_1568_fu_1173_p3  |    select|   0|  0|   5|           1|           5|
    |select_ln117_1569_fu_1214_p3  |    select|   0|  0|   5|           1|           5|
    |select_ln117_1570_fu_1227_p3  |    select|   0|  0|   5|           1|           5|
    |select_ln117_1571_fu_1241_p3  |    select|   0|  0|   5|           1|           5|
    |select_ln117_1572_fu_1249_p3  |    select|   0|  0|   5|           1|           5|
    |select_ln117_fu_737_p3        |    select|   0|  0|   3|           1|           2|
    |xor_ln104_763_fu_624_p2       |       xor|   0|  0|   2|           1|           2|
    |xor_ln104_764_fu_821_p2       |       xor|   0|  0|   2|           1|           2|
    |xor_ln104_765_fu_638_p2       |       xor|   0|  0|   2|           1|           2|
    |xor_ln104_766_fu_689_p2       |       xor|   0|  0|   2|           1|           2|
    |xor_ln104_767_fu_941_p2       |       xor|   0|  0|   2|           1|           2|
    |xor_ln104_768_fu_955_p2       |       xor|   0|  0|   2|           1|           2|
    |xor_ln104_769_fu_653_p2       |       xor|   0|  0|   2|           1|           2|
    |xor_ln104_770_fu_699_p2       |       xor|   0|  0|   2|           1|           2|
    |xor_ln104_771_fu_836_p2       |       xor|   0|  0|   2|           1|           2|
    |xor_ln104_772_fu_965_p2       |       xor|   0|  0|   2|           1|           2|
    |xor_ln104_773_fu_970_p2       |       xor|   0|  0|   2|           1|           2|
    |xor_ln104_774_fu_1088_p2      |       xor|   0|  0|   2|           1|           2|
    |xor_ln104_775_fu_1181_p2      |       xor|   0|  0|   2|           1|           2|
    |xor_ln104_776_fu_1257_p2      |       xor|   0|  0|   2|           1|           2|
    |xor_ln104_fu_680_p2           |       xor|   0|  0|   2|           1|           2|
    |xor_ln117_fu_727_p2           |       xor|   0|  0|   2|           2|           1|
    +------------------------------+----------+----+---+----+------------+------------+
    |Total                         |          |   0|  0|1068|         670|         484|
    +------------------------------+----------+----+---+----+------------+------------+

    * Multiplexer: 
    N/A

    * Register: 
    +---------------------------------------+----+----+-----+-----------+
    |                  Name                 | FF | LUT| Bits| Const Bits|
    +---------------------------------------+----+----+-----+-----------+
    |and_ln102_1765_reg_1673                |   1|   0|    1|          0|
    |and_ln102_1766_reg_1610                |   1|   0|    1|          0|
    |and_ln102_1767_reg_1645                |   1|   0|    1|          0|
    |and_ln102_1768_reg_1685                |   1|   0|    1|          0|
    |and_ln102_1769_reg_1712                |   1|   0|    1|          0|
    |and_ln102_1769_reg_1712_pp0_iter5_reg  |   1|   0|    1|          0|
    |and_ln102_1770_reg_1622                |   1|   0|    1|          0|
    |and_ln102_1771_reg_1628                |   1|   0|    1|          0|
    |and_ln102_1772_reg_1657                |   1|   0|    1|          0|
    |and_ln102_1774_reg_1691                |   1|   0|    1|          0|
    |and_ln102_1775_reg_1725                |   1|   0|    1|          0|
    |and_ln102_reg_1594                     |   1|   0|    1|          0|
    |and_ln104_302_reg_1679                 |   1|   0|    1|          0|
    |and_ln104_303_reg_1617                 |   1|   0|    1|          0|
    |and_ln104_304_reg_1651                 |   1|   0|    1|          0|
    |and_ln104_304_reg_1651_pp0_iter3_reg   |   1|   0|    1|          0|
    |and_ln104_305_reg_1707                 |   1|   0|    1|          0|
    |and_ln104_306_reg_1719                 |   1|   0|    1|          0|
    |and_ln104_reg_1604                     |   1|   0|    1|          0|
    |icmp_ln86_1594_reg_1431                |   1|   0|    1|          0|
    |icmp_ln86_1595_reg_1436                |   1|   0|    1|          0|
    |icmp_ln86_1596_reg_1442                |   1|   0|    1|          0|
    |icmp_ln86_1597_reg_1448                |   1|   0|    1|          0|
    |icmp_ln86_1597_reg_1448_pp0_iter1_reg  |   1|   0|    1|          0|
    |icmp_ln86_1598_reg_1454                |   1|   0|    1|          0|
    |icmp_ln86_1599_reg_1460                |   1|   0|    1|          0|
    |icmp_ln86_1600_reg_1466                |   1|   0|    1|          0|
    |icmp_ln86_1601_reg_1472                |   1|   0|    1|          0|
    |icmp_ln86_1601_reg_1472_pp0_iter1_reg  |   1|   0|    1|          0|
    |icmp_ln86_1602_reg_1478                |   1|   0|    1|          0|
    |icmp_ln86_1603_reg_1484                |   1|   0|    1|          0|
    |icmp_ln86_1604_reg_1490                |   1|   0|    1|          0|
    |icmp_ln86_1605_reg_1496                |   1|   0|    1|          0|
    |icmp_ln86_1606_reg_1502                |   1|   0|    1|          0|
    |icmp_ln86_1607_reg_1508                |   1|   0|    1|          0|
    |icmp_ln86_1608_reg_1514                |   1|   0|    1|          0|
    |icmp_ln86_1608_reg_1514_pp0_iter1_reg  |   1|   0|    1|          0|
    |icmp_ln86_1609_reg_1519                |   1|   0|    1|          0|
    |icmp_ln86_1610_reg_1524                |   1|   0|    1|          0|
    |icmp_ln86_1610_reg_1524_pp0_iter1_reg  |   1|   0|    1|          0|
    |icmp_ln86_1611_reg_1529                |   1|   0|    1|          0|
    |icmp_ln86_1611_reg_1529_pp0_iter1_reg  |   1|   0|    1|          0|
    |icmp_ln86_1612_reg_1534                |   1|   0|    1|          0|
    |icmp_ln86_1613_reg_1539                |   1|   0|    1|          0|
    |icmp_ln86_1614_reg_1544                |   1|   0|    1|          0|
    |icmp_ln86_1615_reg_1549                |   1|   0|    1|          0|
    |icmp_ln86_1616_reg_1554                |   1|   0|    1|          0|
    |icmp_ln86_1617_reg_1559                |   1|   0|    1|          0|
    |icmp_ln86_1618_reg_1564                |   1|   0|    1|          0|
    |icmp_ln86_1619_reg_1569                |   1|   0|    1|          0|
    |icmp_ln86_1620_reg_1574                |   1|   0|    1|          0|
    |icmp_ln86_1621_reg_1579                |   1|   0|    1|          0|
    |icmp_ln86_1622_reg_1584                |   1|   0|    1|          0|
    |icmp_ln86_1623_reg_1589                |   1|   0|    1|          0|
    |icmp_ln86_reg_1420                     |   1|   0|    1|          0|
    |or_ln117_1444_reg_1667                 |   1|   0|    1|          0|
    |or_ln117_1448_reg_1697                 |   1|   0|    1|          0|
    |or_ln117_1453_reg_1730                 |   1|   0|    1|          0|
    |or_ln117_1455_reg_1740                 |   1|   0|    1|          0|
    |or_ln117_1457_reg_1746                 |   1|   0|    1|          0|
    |or_ln117_1457_reg_1746_pp0_iter5_reg   |   1|   0|    1|          0|
    |or_ln117_1459_reg_1754                 |   1|   0|    1|          0|
    |or_ln117_1463_reg_1764                 |   1|   0|    1|          0|
    |or_ln117_reg_1634                      |   1|   0|    1|          0|
    |p_read10_int_reg                       |  18|   0|   18|          0|
    |p_read11_int_reg                       |  18|   0|   18|          0|
    |p_read12_int_reg                       |  18|   0|   18|          0|
    |p_read13_int_reg                       |  18|   0|   18|          0|
    |p_read14_int_reg                       |  18|   0|   18|          0|
    |p_read15_int_reg                       |  18|   0|   18|          0|
    |p_read16_int_reg                       |  18|   0|   18|          0|
    |p_read17_int_reg                       |  18|   0|   18|          0|
    |p_read18_int_reg                       |  18|   0|   18|          0|
    |p_read19_int_reg                       |  18|   0|   18|          0|
    |p_read1_int_reg                        |  18|   0|   18|          0|
    |p_read20_int_reg                       |  18|   0|   18|          0|
    |p_read21_int_reg                       |  18|   0|   18|          0|
    |p_read22_int_reg                       |  18|   0|   18|          0|
    |p_read23_int_reg                       |  18|   0|   18|          0|
    |p_read2_int_reg                        |  18|   0|   18|          0|
    |p_read3_int_reg                        |  18|   0|   18|          0|
    |p_read4_int_reg                        |  18|   0|   18|          0|
    |p_read5_int_reg                        |  18|   0|   18|          0|
    |p_read6_int_reg                        |  18|   0|   18|          0|
    |p_read7_int_reg                        |  18|   0|   18|          0|
    |p_read8_int_reg                        |  18|   0|   18|          0|
    |p_read9_int_reg                        |  18|   0|   18|          0|
    |select_ln117_1550_reg_1662             |   4|   0|    4|          0|
    |select_ln117_1556_reg_1702             |   4|   0|    4|          0|
    |select_ln117_1562_reg_1735             |   5|   0|    5|          0|
    |select_ln117_1568_reg_1759             |   5|   0|    5|          0|
    |select_ln117_1572_reg_1769             |   5|   0|    5|          0|
    |xor_ln104_reg_1639                     |   1|   0|    1|          0|
    |and_ln102_reg_1594                     |  64|  32|    1|          0|
    |and_ln104_306_reg_1719                 |  64|  32|    1|          0|
    |icmp_ln86_1595_reg_1436                |  64|  32|    1|          0|
    |icmp_ln86_1598_reg_1454                |  64|  32|    1|          0|
    |icmp_ln86_1599_reg_1460                |  64|  32|    1|          0|
    |icmp_ln86_1602_reg_1478                |  64|  32|    1|          0|
    |icmp_ln86_1603_reg_1484                |  64|  32|    1|          0|
    |icmp_ln86_1604_reg_1490                |  64|  32|    1|          0|
    |icmp_ln86_1605_reg_1496                |  64|  32|    1|          0|
    |icmp_ln86_1606_reg_1502                |  64|  32|    1|          0|
    |icmp_ln86_1607_reg_1508                |  64|  32|    1|          0|
    |icmp_ln86_1612_reg_1534                |  64|  32|    1|          0|
    |icmp_ln86_1613_reg_1539                |  64|  32|    1|          0|
    |icmp_ln86_1614_reg_1544                |  64|  32|    1|          0|
    |icmp_ln86_1615_reg_1549                |  64|  32|    1|          0|
    |icmp_ln86_1616_reg_1554                |  64|  32|    1|          0|
    |icmp_ln86_1617_reg_1559                |  64|  32|    1|          0|
    |icmp_ln86_1618_reg_1564                |  64|  32|    1|          0|
    |icmp_ln86_1619_reg_1569                |  64|  32|    1|          0|
    |icmp_ln86_1620_reg_1574                |  64|  32|    1|          0|
    |icmp_ln86_1621_reg_1579                |  64|  32|    1|          0|
    |icmp_ln86_1622_reg_1584                |  64|  32|    1|          0|
    |icmp_ln86_1623_reg_1589                |  64|  32|    1|          0|
    |icmp_ln86_reg_1420                     |  64|  32|    1|          0|
    +---------------------------------------+----+----+-----+-----------+
    |Total                                  |2038| 768|  526|          0|
    +---------------------------------------+----+----+-----+-----------+



================================================================
== Interface
================================================================
* Summary: 
+-----------+-----+-----+------------+-----------------------+--------------+
| RTL Ports | Dir | Bits|  Protocol  |     Source Object     |    C Type    |
+-----------+-----+-----+------------+-----------------------+--------------+
|ap_clk     |   in|    1|  ap_ctrl_hs|  decision_function.116|  return value|
|ap_rst     |   in|    1|  ap_ctrl_hs|  decision_function.116|  return value|
|ap_return  |  out|   12|  ap_ctrl_hs|  decision_function.116|  return value|
|ap_ce      |   in|    1|  ap_ctrl_hs|  decision_function.116|  return value|
|p_read1    |   in|   18|     ap_none|                p_read1|        scalar|
|p_read2    |   in|   18|     ap_none|                p_read2|        scalar|
|p_read3    |   in|   18|     ap_none|                p_read3|        scalar|
|p_read4    |   in|   18|     ap_none|                p_read4|        scalar|
|p_read5    |   in|   18|     ap_none|                p_read5|        scalar|
|p_read6    |   in|   18|     ap_none|                p_read6|        scalar|
|p_read7    |   in|   18|     ap_none|                p_read7|        scalar|
|p_read8    |   in|   18|     ap_none|                p_read8|        scalar|
|p_read9    |   in|   18|     ap_none|                p_read9|        scalar|
|p_read10   |   in|   18|     ap_none|               p_read10|        scalar|
|p_read11   |   in|   18|     ap_none|               p_read11|        scalar|
|p_read12   |   in|   18|     ap_none|               p_read12|        scalar|
|p_read13   |   in|   18|     ap_none|               p_read13|        scalar|
|p_read14   |   in|   18|     ap_none|               p_read14|        scalar|
|p_read15   |   in|   18|     ap_none|               p_read15|        scalar|
|p_read16   |   in|   18|     ap_none|               p_read16|        scalar|
|p_read17   |   in|   18|     ap_none|               p_read17|        scalar|
|p_read18   |   in|   18|     ap_none|               p_read18|        scalar|
|p_read19   |   in|   18|     ap_none|               p_read19|        scalar|
|p_read20   |   in|   18|     ap_none|               p_read20|        scalar|
|p_read21   |   in|   18|     ap_none|               p_read21|        scalar|
|p_read22   |   in|   18|     ap_none|               p_read22|        scalar|
|p_read23   |   in|   18|     ap_none|               p_read23|        scalar|
+-----------+-----+-----+------------+-----------------------+--------------+

