

================================================================
== Vitis HLS Report for 'decision_function_106'
================================================================
* Date:           Thu Jan 23 13:42:18 2025

* Version:        2024.1 (Build 5069499 on May 21 2024)
* Project:        my_prj
* Solution:       solution1 (Vivado IP Flow Target)
* Product family: virtexuplus
* Target device:  xcu250-figd2104-2L-e


================================================================
== Performance Estimates
================================================================
+ Timing: 
    * Summary: 
    +--------+---------+----------+------------+
    |  Clock |  Target | Estimated| Uncertainty|
    +--------+---------+----------+------------+
    |ap_clk  |  5.00 ns|  3.596 ns|     1.35 ns|
    +--------+---------+----------+------------+

+ Latency: 
    * Summary: 
    +---------+---------+----------+----------+-----+-----+---------+
    |  Latency (cycles) |  Latency (absolute) |  Interval | Pipeline|
    |   min   |   max   |    min   |    max   | min | max |   Type  |
    +---------+---------+----------+----------+-----+-----+---------+
    |        1|        1|  5.000 ns|  5.000 ns|    1|    1|      yes|
    +---------+---------+----------+----------+-----+-----+---------+

    + Detail: 
        * Instance: 
        N/A

        * Loop: 
        N/A



================================================================
== Utilization Estimates
================================================================
* Summary: 
+---------------------+---------+-------+---------+---------+------+
|         Name        | BRAM_18K|  DSP  |    FF   |   LUT   | URAM |
+---------------------+---------+-------+---------+---------+------+
|DSP                  |        -|      -|        -|        -|     -|
|Expression           |        -|      -|        0|     1077|     -|
|FIFO                 |        -|      -|        -|        -|     -|
|Instance             |        -|      -|        0|      148|     -|
|Memory               |        -|      -|        -|        -|     -|
|Multiplexer          |        -|      -|        -|        -|     -|
|Register             |        -|      -|       23|        -|     -|
+---------------------+---------+-------+---------+---------+------+
|Total                |        0|      0|       23|     1225|     0|
+---------------------+---------+-------+---------+---------+------+
|Available SLR        |     1344|   3072|   864000|   432000|   320|
+---------------------+---------+-------+---------+---------+------+
|Utilization SLR (%)  |        0|      0|       ~0|       ~0|     0|
+---------------------+---------+-------+---------+---------+------+
|Available            |     5376|  12288|  3456000|  1728000|  1280|
+---------------------+---------+-------+---------+---------+------+
|Utilization (%)      |        0|      0|       ~0|       ~0|     0|
+---------------------+---------+-------+---------+---------+------+

+ Detail: 
    * Instance: 
    +---------------------------------+---------------------------+---------+----+---+-----+-----+
    |             Instance            |           Module          | BRAM_18K| DSP| FF| LUT | URAM|
    +---------------------------------+---------------------------+---------+----+---+-----+-----+
    |sparsemux_65_5_13_1_1_x11_U2400  |sparsemux_65_5_13_1_1_x11  |        0|   0|  0|  148|    0|
    +---------------------------------+---------------------------+---------+----+---+-----+-----+
    |Total                            |                           |        0|   0|  0|  148|    0|
    +---------------------------------+---------------------------+---------+----+---+-----+-----+

    * DSP: 
    N/A

    * Memory: 
    N/A

    * FIFO: 
    N/A

    * Expression: 
    +------------------------------+----------+----+---+----+------------+------------+
    |         Variable Name        | Operation| DSP| FF| LUT| Bitwidth P0| Bitwidth P1|
    +------------------------------+----------+----+---+----+------------+------------+
    |and_ln102_2068_fu_981_p2      |       and|   0|  0|   2|           1|           1|
    |and_ln102_2069_fu_612_p2      |       and|   0|  0|   2|           1|           1|
    |and_ln102_2070_fu_630_p2      |       and|   0|  0|   2|           1|           1|
    |and_ln102_2071_fu_997_p2      |       and|   0|  0|   2|           1|           1|
    |and_ln102_2072_fu_1013_p2     |       and|   0|  0|   2|           1|           1|
    |and_ln102_2073_fu_648_p2      |       and|   0|  0|   2|           1|           1|
    |and_ln102_2074_fu_660_p2      |       and|   0|  0|   2|           1|           1|
    |and_ln102_2075_fu_672_p2      |       and|   0|  0|   2|           1|           1|
    |and_ln102_2076_fu_684_p2      |       and|   0|  0|   2|           1|           1|
    |and_ln102_2077_fu_1029_p2     |       and|   0|  0|   2|           1|           1|
    |and_ln102_2078_fu_1039_p2     |       and|   0|  0|   2|           1|           1|
    |and_ln102_2079_fu_1049_p2     |       and|   0|  0|   2|           1|           1|
    |and_ln102_2080_fu_1059_p2     |       and|   0|  0|   2|           1|           1|
    |and_ln102_2081_fu_696_p2      |       and|   0|  0|   2|           1|           1|
    |and_ln102_2082_fu_702_p2      |       and|   0|  0|   2|           1|           1|
    |and_ln102_2083_fu_708_p2      |       and|   0|  0|   2|           1|           1|
    |and_ln102_2084_fu_714_p2      |       and|   0|  0|   2|           1|           1|
    |and_ln102_2085_fu_720_p2      |       and|   0|  0|   2|           1|           1|
    |and_ln102_2086_fu_726_p2      |       and|   0|  0|   2|           1|           1|
    |and_ln102_2087_fu_732_p2      |       and|   0|  0|   2|           1|           1|
    |and_ln102_2088_fu_738_p2      |       and|   0|  0|   2|           1|           1|
    |and_ln102_2089_fu_744_p2      |       and|   0|  0|   2|           1|           1|
    |and_ln102_2090_fu_750_p2      |       and|   0|  0|   2|           1|           1|
    |and_ln102_2091_fu_756_p2      |       and|   0|  0|   2|           1|           1|
    |and_ln102_2092_fu_762_p2      |       and|   0|  0|   2|           1|           1|
    |and_ln102_2093_fu_1069_p2     |       and|   0|  0|   2|           1|           1|
    |and_ln102_2094_fu_1074_p2     |       and|   0|  0|   2|           1|           1|
    |and_ln102_2095_fu_1079_p2     |       and|   0|  0|   2|           1|           1|
    |and_ln102_2096_fu_1085_p2     |       and|   0|  0|   2|           1|           1|
    |and_ln102_2097_fu_1090_p2     |       and|   0|  0|   2|           1|           1|
    |and_ln102_2098_fu_1095_p2     |       and|   0|  0|   2|           1|           1|
    |and_ln102_2099_fu_1101_p2     |       and|   0|  0|   2|           1|           1|
    |and_ln102_2100_fu_1106_p2     |       and|   0|  0|   2|           1|           1|
    |and_ln102_2101_fu_1111_p2     |       and|   0|  0|   2|           1|           1|
    |and_ln102_2102_fu_1117_p2     |       and|   0|  0|   2|           1|           1|
    |and_ln102_2103_fu_1122_p2     |       and|   0|  0|   2|           1|           1|
    |and_ln102_2104_fu_1127_p2     |       and|   0|  0|   2|           1|           1|
    |and_ln102_fu_594_p2           |       and|   0|  0|   2|           1|           1|
    |and_ln104_350_fu_991_p2       |       and|   0|  0|   2|           1|           1|
    |and_ln104_351_fu_624_p2       |       and|   0|  0|   2|           1|           1|
    |and_ln104_352_fu_642_p2       |       and|   0|  0|   2|           1|           1|
    |and_ln104_353_fu_1007_p2      |       and|   0|  0|   2|           1|           1|
    |and_ln104_354_fu_1023_p2      |       and|   0|  0|   2|           1|           1|
    |and_ln104_fu_606_p2           |       and|   0|  0|   2|           1|           1|
    |icmp_ln86_1840_fu_394_p2      |      icmp|   0|  0|  25|          18|          16|
    |icmp_ln86_1841_fu_400_p2      |      icmp|   0|  0|  25|          18|          12|
    |icmp_ln86_1842_fu_406_p2      |      icmp|   0|  0|  25|          18|          15|
    |icmp_ln86_1843_fu_412_p2      |      icmp|   0|  0|  25|          18|          10|
    |icmp_ln86_1844_fu_418_p2      |      icmp|   0|  0|  25|          18|          12|
    |icmp_ln86_1845_fu_424_p2      |      icmp|   0|  0|  25|          18|           3|
    |icmp_ln86_1846_fu_430_p2      |      icmp|   0|  0|  25|          18|          15|
    |icmp_ln86_1847_fu_436_p2      |      icmp|   0|  0|  25|          18|          17|
    |icmp_ln86_1848_fu_442_p2      |      icmp|   0|  0|  25|          18|           9|
    |icmp_ln86_1849_fu_458_p2      |      icmp|   0|  0|  23|          16|           1|
    |icmp_ln86_1850_fu_464_p2      |      icmp|   0|  0|  25|          18|          17|
    |icmp_ln86_1851_fu_470_p2      |      icmp|   0|  0|  25|          18|           7|
    |icmp_ln86_1852_fu_476_p2      |      icmp|   0|  0|  25|          18|           7|
    |icmp_ln86_1853_fu_482_p2      |      icmp|   0|  0|  25|          18|          17|
    |icmp_ln86_1854_fu_488_p2      |      icmp|   0|  0|  25|          18|           9|
    |icmp_ln86_1855_fu_494_p2      |      icmp|   0|  0|  25|          18|           9|
    |icmp_ln86_1856_fu_500_p2      |      icmp|   0|  0|  25|          18|           7|
    |icmp_ln86_1857_fu_506_p2      |      icmp|   0|  0|  25|          18|          12|
    |icmp_ln86_1858_fu_512_p2      |      icmp|   0|  0|  25|          18|          10|
    |icmp_ln86_1859_fu_528_p2      |      icmp|   0|  0|  23|          16|           1|
    |icmp_ln86_1860_fu_534_p2      |      icmp|   0|  0|  25|          18|          16|
    |icmp_ln86_1861_fu_540_p2      |      icmp|   0|  0|  25|          18|          17|
    |icmp_ln86_1862_fu_546_p2      |      icmp|   0|  0|  25|          18|          17|
    |icmp_ln86_1863_fu_552_p2      |      icmp|   0|  0|  25|          18|          12|
    |icmp_ln86_1864_fu_558_p2      |      icmp|   0|  0|  25|          18|           9|
    |icmp_ln86_1865_fu_564_p2      |      icmp|   0|  0|  25|          18|          17|
    |icmp_ln86_1866_fu_570_p2      |      icmp|   0|  0|  25|          18|          17|
    |icmp_ln86_1867_fu_576_p2      |      icmp|   0|  0|  25|          18|          10|
    |icmp_ln86_1868_fu_582_p2      |      icmp|   0|  0|  25|          18|          10|
    |icmp_ln86_1869_fu_588_p2      |      icmp|   0|  0|  25|          18|           9|
    |icmp_ln86_fu_388_p2           |      icmp|   0|  0|  25|          18|          17|
    |or_ln117_1677_fu_804_p2       |        or|   0|  0|   2|           1|           1|
    |or_ln117_1678_fu_818_p2       |        or|   0|  0|   2|           1|           1|
    |or_ln117_1679_fu_832_p2       |        or|   0|  0|   2|           1|           1|
    |or_ln117_1680_fu_858_p2       |        or|   0|  0|   2|           1|           1|
    |or_ln117_1681_fu_872_p2       |        or|   0|  0|   2|           1|           1|
    |or_ln117_1682_fu_886_p2       |        or|   0|  0|   2|           1|           1|
    |or_ln117_1683_fu_900_p2       |        or|   0|  0|   2|           1|           1|
    |or_ln117_1684_fu_914_p2       |        or|   0|  0|   2|           1|           1|
    |or_ln117_1685_fu_928_p2       |        or|   0|  0|   2|           1|           1|
    |or_ln117_1686_fu_942_p2       |        or|   0|  0|   2|           1|           1|
    |or_ln117_1687_fu_1133_p2      |        or|   0|  0|   2|           1|           1|
    |or_ln117_1688_fu_1138_p2      |        or|   0|  0|   2|           1|           1|
    |or_ln117_1689_fu_1150_p2      |        or|   0|  0|   2|           1|           1|
    |or_ln117_1690_fu_1164_p2      |        or|   0|  0|   2|           1|           1|
    |or_ln117_1691_fu_1177_p2      |        or|   0|  0|   2|           1|           1|
    |or_ln117_1692_fu_1191_p2      |        or|   0|  0|   2|           1|           1|
    |or_ln117_1693_fu_1205_p2      |        or|   0|  0|   2|           1|           1|
    |or_ln117_1694_fu_1219_p2      |        or|   0|  0|   2|           1|           1|
    |or_ln117_1695_fu_1232_p2      |        or|   0|  0|   2|           1|           1|
    |or_ln117_1696_fu_1246_p2      |        or|   0|  0|   2|           1|           1|
    |or_ln117_1697_fu_1260_p2      |        or|   0|  0|   2|           1|           1|
    |or_ln117_1698_fu_1274_p2      |        or|   0|  0|   2|           1|           1|
    |or_ln117_1699_fu_1288_p2      |        or|   0|  0|   2|           1|           1|
    |or_ln117_1700_fu_1302_p2      |        or|   0|  0|   2|           1|           1|
    |or_ln117_1701_fu_1316_p2      |        or|   0|  0|   2|           1|           1|
    |or_ln117_fu_778_p2            |        or|   0|  0|   2|           1|           1|
    |agg_result_fu_1338_p66        |    select|   0|  0|   5|           1|           5|
    |select_ln117_1788_fu_792_p3   |    select|   0|  0|   2|           1|           2|
    |select_ln117_1789_fu_810_p3   |    select|   0|  0|   4|           1|           3|
    |select_ln117_1790_fu_824_p3   |    select|   0|  0|   3|           1|           3|
    |select_ln117_1791_fu_838_p3   |    select|   0|  0|   3|           1|           3|
    |select_ln117_1792_fu_846_p3   |    select|   0|  0|   3|           1|           3|
    |select_ln117_1793_fu_864_p3   |    select|   0|  0|   5|           1|           4|
    |select_ln117_1794_fu_878_p3   |    select|   0|  0|   4|           1|           4|
    |select_ln117_1795_fu_892_p3   |    select|   0|  0|   4|           1|           4|
    |select_ln117_1796_fu_906_p3   |    select|   0|  0|   4|           1|           4|
    |select_ln117_1797_fu_920_p3   |    select|   0|  0|   4|           1|           4|
    |select_ln117_1798_fu_934_p3   |    select|   0|  0|   4|           1|           4|
    |select_ln117_1799_fu_948_p3   |    select|   0|  0|   4|           1|           4|
    |select_ln117_1800_fu_956_p3   |    select|   0|  0|   4|           1|           4|
    |select_ln117_1801_fu_968_p3   |    select|   0|  0|   6|           1|           5|
    |select_ln117_1802_fu_1143_p3  |    select|   0|  0|   5|           1|           5|
    |select_ln117_1803_fu_1156_p3  |    select|   0|  0|   5|           1|           5|
    |select_ln117_1804_fu_1169_p3  |    select|   0|  0|   5|           1|           5|
    |select_ln117_1805_fu_1183_p3  |    select|   0|  0|   5|           1|           5|
    |select_ln117_1806_fu_1197_p3  |    select|   0|  0|   5|           1|           5|
    |select_ln117_1807_fu_1211_p3  |    select|   0|  0|   5|           1|           5|
    |select_ln117_1808_fu_1224_p3  |    select|   0|  0|   5|           1|           5|
    |select_ln117_1809_fu_1238_p3  |    select|   0|  0|   5|           1|           5|
    |select_ln117_1810_fu_1252_p3  |    select|   0|  0|   5|           1|           5|
    |select_ln117_1811_fu_1266_p3  |    select|   0|  0|   5|           1|           5|
    |select_ln117_1812_fu_1280_p3  |    select|   0|  0|   5|           1|           5|
    |select_ln117_1813_fu_1294_p3  |    select|   0|  0|   5|           1|           5|
    |select_ln117_1814_fu_1308_p3  |    select|   0|  0|   5|           1|           5|
    |select_ln117_1815_fu_1322_p3  |    select|   0|  0|   5|           1|           5|
    |select_ln117_fu_784_p3        |    select|   0|  0|   3|           1|           2|
    |ap_enable_pp0                 |       xor|   0|  0|   2|           1|           2|
    |xor_ln104_881_fu_600_p2       |       xor|   0|  0|   2|           1|           2|
    |xor_ln104_882_fu_986_p2       |       xor|   0|  0|   2|           1|           2|
    |xor_ln104_883_fu_618_p2       |       xor|   0|  0|   2|           1|           2|
    |xor_ln104_884_fu_636_p2       |       xor|   0|  0|   2|           1|           2|
    |xor_ln104_885_fu_1002_p2      |       xor|   0|  0|   2|           1|           2|
    |xor_ln104_886_fu_1018_p2      |       xor|   0|  0|   2|           1|           2|
    |xor_ln104_887_fu_654_p2       |       xor|   0|  0|   2|           1|           2|
    |xor_ln104_888_fu_666_p2       |       xor|   0|  0|   2|           1|           2|
    |xor_ln104_889_fu_678_p2       |       xor|   0|  0|   2|           1|           2|
    |xor_ln104_890_fu_690_p2       |       xor|   0|  0|   2|           1|           2|
    |xor_ln104_891_fu_1034_p2      |       xor|   0|  0|   2|           1|           2|
    |xor_ln104_892_fu_1044_p2      |       xor|   0|  0|   2|           1|           2|
    |xor_ln104_893_fu_1054_p2      |       xor|   0|  0|   2|           1|           2|
    |xor_ln104_894_fu_1064_p2      |       xor|   0|  0|   2|           1|           2|
    |xor_ln104_fu_976_p2           |       xor|   0|  0|   2|           1|           2|
    |xor_ln117_fu_768_p2           |       xor|   0|  0|   2|           2|           1|
    +------------------------------+----------+----+---+----+------------+------------+
    |Total                         |          |   0|  0|1077|         672|         588|
    +------------------------------+----------+----+---+----+------------+------------+

    * Multiplexer: 
    N/A

    * Register: 
    +----------------------------+---+----+-----+-----------+
    |            Name            | FF| LUT| Bits| Const Bits|
    +----------------------------+---+----+-----+-----------+
    |ap_CS_fsm                   |  1|   0|    1|          0|
    |ap_enable_reg_pp0_iter1     |  1|   0|    1|          0|
    |icmp_ln86_1841_reg_1483     |  1|   0|    1|          0|
    |icmp_ln86_1844_reg_1489     |  1|   0|    1|          0|
    |icmp_ln86_1845_reg_1495     |  1|   0|    1|          0|
    |icmp_ln86_1850_reg_1501     |  1|   0|    1|          0|
    |icmp_ln86_1851_reg_1507     |  1|   0|    1|          0|
    |icmp_ln86_1852_reg_1513     |  1|   0|    1|          0|
    |icmp_ln86_1853_reg_1519     |  1|   0|    1|          0|
    |icmp_ln86_1862_reg_1525     |  1|   0|    1|          0|
    |icmp_ln86_1863_reg_1530     |  1|   0|    1|          0|
    |icmp_ln86_1864_reg_1535     |  1|   0|    1|          0|
    |icmp_ln86_1865_reg_1540     |  1|   0|    1|          0|
    |icmp_ln86_1866_reg_1545     |  1|   0|    1|          0|
    |icmp_ln86_1867_reg_1550     |  1|   0|    1|          0|
    |icmp_ln86_1868_reg_1555     |  1|   0|    1|          0|
    |icmp_ln86_1869_reg_1560     |  1|   0|    1|          0|
    |icmp_ln86_reg_1474          |  1|   0|    1|          0|
    |select_ln117_1801_reg_1565  |  5|   0|    5|          0|
    +----------------------------+---+----+-----+-----------+
    |Total                       | 23|   0|   23|          0|
    +----------------------------+---+----+-----+-----------+



================================================================
== Interface
================================================================
* Summary: 
+-----------+-----+-----+------------+-----------------------+--------------+
| RTL Ports | Dir | Bits|  Protocol  |     Source Object     |    C Type    |
+-----------+-----+-----+------------+-----------------------+--------------+
|ap_clk     |   in|    1|  ap_ctrl_hs|  decision_function.106|  return value|
|ap_rst     |   in|    1|  ap_ctrl_hs|  decision_function.106|  return value|
|ap_start   |   in|    1|  ap_ctrl_hs|  decision_function.106|  return value|
|ap_done    |  out|    1|  ap_ctrl_hs|  decision_function.106|  return value|
|ap_idle    |  out|    1|  ap_ctrl_hs|  decision_function.106|  return value|
|ap_ready   |  out|    1|  ap_ctrl_hs|  decision_function.106|  return value|
|ap_return  |  out|   13|  ap_ctrl_hs|  decision_function.106|  return value|
|x_1_val    |   in|   18|     ap_none|                x_1_val|        scalar|
|x_2_val    |   in|   18|     ap_none|                x_2_val|        scalar|
|x_4_val    |   in|   18|     ap_none|                x_4_val|        scalar|
|x_5_val    |   in|   18|     ap_none|                x_5_val|        scalar|
|x_11_val   |   in|   18|     ap_none|               x_11_val|        scalar|
|x_13_val   |   in|   18|     ap_none|               x_13_val|        scalar|
|x_15_val   |   in|   18|     ap_none|               x_15_val|        scalar|
|x_16_val   |   in|   18|     ap_none|               x_16_val|        scalar|
|x_18_val   |   in|   18|     ap_none|               x_18_val|        scalar|
|x_19_val   |   in|   18|     ap_none|               x_19_val|        scalar|
|x_21_val   |   in|   18|     ap_none|               x_21_val|        scalar|
|x_28_val   |   in|   18|     ap_none|               x_28_val|        scalar|
|x_29_val   |   in|   18|     ap_none|               x_29_val|        scalar|
|x_32_val   |   in|   18|     ap_none|               x_32_val|        scalar|
|x_33_val   |   in|   18|     ap_none|               x_33_val|        scalar|
|x_34_val   |   in|   18|     ap_none|               x_34_val|        scalar|
|x_36_val   |   in|   18|     ap_none|               x_36_val|        scalar|
|x_47_val   |   in|   18|     ap_none|               x_47_val|        scalar|
|x_50_val   |   in|   18|     ap_none|               x_50_val|        scalar|
+-----------+-----+-----+------------+-----------------------+--------------+

