

================================================================
== Vitis HLS Report for 'decision_function_72'
================================================================
* Date:           Thu Jan 23 13:41:25 2025

* Version:        2024.1 (Build 5069499 on May 21 2024)
* Project:        my_prj
* Solution:       solution1 (Vivado IP Flow Target)
* Product family: virtexuplus
* Target device:  xcu250-figd2104-2L-e


================================================================
== Performance Estimates
================================================================
+ Timing: 
    * Summary: 
    +--------+---------+----------+------------+
    |  Clock |  Target | Estimated| Uncertainty|
    +--------+---------+----------+------------+
    |ap_clk  |  5.00 ns|  3.367 ns|     1.35 ns|
    +--------+---------+----------+------------+

+ Latency: 
    * Summary: 
    +---------+---------+----------+----------+-----+-----+---------+
    |  Latency (cycles) |  Latency (absolute) |  Interval | Pipeline|
    |   min   |   max   |    min   |    max   | min | max |   Type  |
    +---------+---------+----------+----------+-----+-----+---------+
    |        1|        1|  5.000 ns|  5.000 ns|    1|    1|      yes|
    +---------+---------+----------+----------+-----+-----+---------+

    + Detail: 
        * Instance: 
        N/A

        * Loop: 
        N/A



================================================================
== Utilization Estimates
================================================================
* Summary: 
+---------------------+---------+-------+---------+---------+------+
|         Name        | BRAM_18K|  DSP  |    FF   |   LUT   | URAM |
+---------------------+---------+-------+---------+---------+------+
|DSP                  |        -|      -|        -|        -|     -|
|Expression           |        -|      -|        0|     1031|     -|
|FIFO                 |        -|      -|        -|        -|     -|
|Instance             |        -|      -|        0|      145|     -|
|Memory               |        -|      -|        -|        -|     -|
|Multiplexer          |        -|      -|        -|        -|     -|
|Register             |        -|      -|       23|        -|     -|
+---------------------+---------+-------+---------+---------+------+
|Total                |        0|      0|       23|     1176|     0|
+---------------------+---------+-------+---------+---------+------+
|Available SLR        |     1344|   3072|   864000|   432000|   320|
+---------------------+---------+-------+---------+---------+------+
|Utilization SLR (%)  |        0|      0|       ~0|       ~0|     0|
+---------------------+---------+-------+---------+---------+------+
|Available            |     5376|  12288|  3456000|  1728000|  1280|
+---------------------+---------+-------+---------+---------+------+
|Utilization (%)      |        0|      0|       ~0|       ~0|     0|
+---------------------+---------+-------+---------+---------+------+

+ Detail: 
    * Instance: 
    +----------------------------+-----------------------+---------+----+---+-----+-----+
    |          Instance          |         Module        | BRAM_18K| DSP| FF| LUT | URAM|
    +----------------------------+-----------------------+---------+----+---+-----+-----+
    |sparsemux_61_5_13_1_1_U676  |sparsemux_61_5_13_1_1  |        0|   0|  0|  145|    0|
    +----------------------------+-----------------------+---------+----+---+-----+-----+
    |Total                       |                       |        0|   0|  0|  145|    0|
    +----------------------------+-----------------------+---------+----+---+-----+-----+

    * DSP: 
    N/A

    * Memory: 
    N/A

    * FIFO: 
    N/A

    * Expression: 
    +-----------------------------+----------+----+---+----+------------+------------+
    |        Variable Name        | Operation| DSP| FF| LUT| Bitwidth P0| Bitwidth P1|
    +-----------------------------+----------+----+---+----+------------+------------+
    |and_ln102_952_fu_592_p2      |       and|   0|  0|   2|           1|           1|
    |and_ln102_953_fu_610_p2      |       and|   0|  0|   2|           1|           1|
    |and_ln102_954_fu_628_p2      |       and|   0|  0|   2|           1|           1|
    |and_ln102_955_fu_646_p2      |       and|   0|  0|   2|           1|           1|
    |and_ln102_956_fu_990_p2      |       and|   0|  0|   2|           1|           1|
    |and_ln102_957_fu_664_p2      |       and|   0|  0|   2|           1|           1|
    |and_ln102_958_fu_676_p2      |       and|   0|  0|   2|           1|           1|
    |and_ln102_959_fu_688_p2      |       and|   0|  0|   2|           1|           1|
    |and_ln102_960_fu_700_p2      |       and|   0|  0|   2|           1|           1|
    |and_ln102_961_fu_1004_p2     |       and|   0|  0|   2|           1|           1|
    |and_ln102_962_fu_718_p2      |       and|   0|  0|   2|           1|           1|
    |and_ln102_963_fu_1013_p2     |       and|   0|  0|   2|           1|           1|
    |and_ln102_964_fu_1023_p2     |       and|   0|  0|   2|           1|           1|
    |and_ln102_965_fu_736_p2      |       and|   0|  0|   2|           1|           1|
    |and_ln102_966_fu_742_p2      |       and|   0|  0|   2|           1|           1|
    |and_ln102_967_fu_748_p2      |       and|   0|  0|   2|           1|           1|
    |and_ln102_968_fu_754_p2      |       and|   0|  0|   2|           1|           1|
    |and_ln102_969_fu_760_p2      |       and|   0|  0|   2|           1|           1|
    |and_ln102_970_fu_766_p2      |       and|   0|  0|   2|           1|           1|
    |and_ln102_971_fu_772_p2      |       and|   0|  0|   2|           1|           1|
    |and_ln102_972_fu_778_p2      |       and|   0|  0|   2|           1|           1|
    |and_ln102_973_fu_784_p2      |       and|   0|  0|   2|           1|           1|
    |and_ln102_974_fu_1033_p2     |       and|   0|  0|   2|           1|           1|
    |and_ln102_975_fu_1037_p2     |       and|   0|  0|   2|           1|           1|
    |and_ln102_976_fu_1042_p2     |       and|   0|  0|   2|           1|           1|
    |and_ln102_977_fu_1047_p2     |       and|   0|  0|   2|           1|           1|
    |and_ln102_978_fu_1052_p2     |       and|   0|  0|   2|           1|           1|
    |and_ln102_979_fu_1056_p2     |       and|   0|  0|   2|           1|           1|
    |and_ln102_980_fu_1061_p2     |       and|   0|  0|   2|           1|           1|
    |and_ln102_981_fu_1066_p2     |       and|   0|  0|   2|           1|           1|
    |and_ln102_982_fu_1072_p2     |       and|   0|  0|   2|           1|           1|
    |and_ln102_983_fu_1077_p2     |       and|   0|  0|   2|           1|           1|
    |and_ln102_984_fu_1082_p2     |       and|   0|  0|   2|           1|           1|
    |and_ln102_fu_574_p2          |       and|   0|  0|   2|           1|           1|
    |and_ln104_136_fu_604_p2      |       and|   0|  0|   2|           1|           1|
    |and_ln104_137_fu_622_p2      |       and|   0|  0|   2|           1|           1|
    |and_ln104_138_fu_640_p2      |       and|   0|  0|   2|           1|           1|
    |and_ln104_139_fu_658_p2      |       and|   0|  0|   2|           1|           1|
    |and_ln104_140_fu_999_p2      |       and|   0|  0|   2|           1|           1|
    |and_ln104_141_fu_712_p2      |       and|   0|  0|   2|           1|           1|
    |and_ln104_142_fu_730_p2      |       and|   0|  0|   2|           1|           1|
    |and_ln104_fu_586_p2          |       and|   0|  0|   2|           1|           1|
    |icmp_ln86_774_fu_390_p2      |      icmp|   0|  0|  25|          18|          17|
    |icmp_ln86_775_fu_396_p2      |      icmp|   0|  0|  25|          18|          16|
    |icmp_ln86_776_fu_402_p2      |      icmp|   0|  0|  25|          18|          10|
    |icmp_ln86_777_fu_408_p2      |      icmp|   0|  0|  25|          18|           4|
    |icmp_ln86_778_fu_414_p2      |      icmp|   0|  0|  25|          18|           6|
    |icmp_ln86_779_fu_420_p2      |      icmp|   0|  0|  25|          18|          17|
    |icmp_ln86_780_fu_426_p2      |      icmp|   0|  0|  25|          18|          13|
    |icmp_ln86_781_fu_432_p2      |      icmp|   0|  0|  25|          18|          16|
    |icmp_ln86_782_fu_438_p2      |      icmp|   0|  0|  25|          18|          16|
    |icmp_ln86_783_fu_444_p2      |      icmp|   0|  0|  25|          18|          10|
    |icmp_ln86_784_fu_450_p2      |      icmp|   0|  0|  25|          18|          13|
    |icmp_ln86_785_fu_456_p2      |      icmp|   0|  0|  25|          18|           4|
    |icmp_ln86_786_fu_462_p2      |      icmp|   0|  0|  25|          18|           6|
    |icmp_ln86_787_fu_468_p2      |      icmp|   0|  0|  25|          18|          12|
    |icmp_ln86_788_fu_484_p2      |      icmp|   0|  0|  20|          13|           1|
    |icmp_ln86_789_fu_490_p2      |      icmp|   0|  0|  25|          18|           6|
    |icmp_ln86_790_fu_496_p2      |      icmp|   0|  0|  25|          18|           6|
    |icmp_ln86_791_fu_502_p2      |      icmp|   0|  0|  25|          18|          11|
    |icmp_ln86_792_fu_508_p2      |      icmp|   0|  0|  25|          18|          11|
    |icmp_ln86_793_fu_514_p2      |      icmp|   0|  0|  25|          18|          17|
    |icmp_ln86_794_fu_520_p2      |      icmp|   0|  0|  25|          18|           7|
    |icmp_ln86_795_fu_526_p2      |      icmp|   0|  0|  25|          18|           6|
    |icmp_ln86_796_fu_532_p2      |      icmp|   0|  0|  25|          18|          17|
    |icmp_ln86_797_fu_538_p2      |      icmp|   0|  0|  25|          18|           4|
    |icmp_ln86_798_fu_544_p2      |      icmp|   0|  0|  25|          18|          16|
    |icmp_ln86_799_fu_550_p2      |      icmp|   0|  0|  25|          18|          18|
    |icmp_ln86_800_fu_556_p2      |      icmp|   0|  0|  25|          18|          15|
    |icmp_ln86_801_fu_562_p2      |      icmp|   0|  0|  25|          18|          15|
    |icmp_ln86_fu_384_p2          |      icmp|   0|  0|  25|          18|          17|
    |or_ln117_676_fu_806_p2       |        or|   0|  0|   2|           1|           1|
    |or_ln117_677_fu_820_p2       |        or|   0|  0|   2|           1|           1|
    |or_ln117_678_fu_838_p2       |        or|   0|  0|   2|           1|           1|
    |or_ln117_679_fu_852_p2       |        or|   0|  0|   2|           1|           1|
    |or_ln117_680_fu_866_p2       |        or|   0|  0|   2|           1|           1|
    |or_ln117_681_fu_880_p2       |        or|   0|  0|   2|           1|           1|
    |or_ln117_682_fu_898_p2       |        or|   0|  0|   2|           1|           1|
    |or_ln117_683_fu_912_p2       |        or|   0|  0|   2|           1|           1|
    |or_ln117_684_fu_926_p2       |        or|   0|  0|   2|           1|           1|
    |or_ln117_685_fu_940_p2       |        or|   0|  0|   2|           1|           1|
    |or_ln117_686_fu_954_p2       |        or|   0|  0|   2|           1|           1|
    |or_ln117_687_fu_968_p2       |        or|   0|  0|   2|           1|           1|
    |or_ln117_688_fu_1088_p2      |        or|   0|  0|   2|           1|           1|
    |or_ln117_689_fu_1093_p2      |        or|   0|  0|   2|           1|           1|
    |or_ln117_690_fu_1108_p2      |        or|   0|  0|   2|           1|           1|
    |or_ln117_691_fu_1122_p2      |        or|   0|  0|   2|           1|           1|
    |or_ln117_692_fu_1136_p2      |        or|   0|  0|   2|           1|           1|
    |or_ln117_693_fu_1150_p2      |        or|   0|  0|   2|           1|           1|
    |or_ln117_694_fu_1163_p2      |        or|   0|  0|   2|           1|           1|
    |or_ln117_695_fu_1177_p2      |        or|   0|  0|   2|           1|           1|
    |or_ln117_696_fu_1190_p2      |        or|   0|  0|   2|           1|           1|
    |or_ln117_697_fu_1204_p2      |        or|   0|  0|   2|           1|           1|
    |or_ln117_698_fu_1218_p2      |        or|   0|  0|   2|           1|           1|
    |or_ln117_699_fu_1232_p2      |        or|   0|  0|   2|           1|           1|
    |or_ln117_700_fu_1246_p2      |        or|   0|  0|   2|           1|           1|
    |or_ln117_701_fu_1260_p2      |        or|   0|  0|   2|           1|           1|
    |or_ln117_702_fu_1274_p2      |        or|   0|  0|   2|           1|           1|
    |or_ln117_703_fu_1288_p2      |        or|   0|  0|   2|           1|           1|
    |or_ln117_fu_790_p2           |        or|   0|  0|   2|           1|           1|
    |ap_return                    |    select|   0|  0|  13|           1|          13|
    |select_ln117_751_fu_826_p3   |    select|   0|  0|   2|           1|           2|
    |select_ln117_752_fu_844_p3   |    select|   0|  0|   4|           1|           3|
    |select_ln117_753_fu_858_p3   |    select|   0|  0|   3|           1|           3|
    |select_ln117_754_fu_872_p3   |    select|   0|  0|   3|           1|           3|
    |select_ln117_755_fu_886_p3   |    select|   0|  0|   3|           1|           3|
    |select_ln117_756_fu_904_p3   |    select|   0|  0|   5|           1|           4|
    |select_ln117_757_fu_918_p3   |    select|   0|  0|   4|           1|           4|
    |select_ln117_758_fu_932_p3   |    select|   0|  0|   4|           1|           4|
    |select_ln117_759_fu_946_p3   |    select|   0|  0|   4|           1|           4|
    |select_ln117_760_fu_960_p3   |    select|   0|  0|   4|           1|           4|
    |select_ln117_761_fu_974_p3   |    select|   0|  0|   4|           1|           4|
    |select_ln117_762_fu_982_p3   |    select|   0|  0|   4|           1|           4|
    |select_ln117_763_fu_1097_p3  |    select|   0|  0|   4|           1|           4|
    |select_ln117_764_fu_1114_p3  |    select|   0|  0|   6|           1|           5|
    |select_ln117_765_fu_1128_p3  |    select|   0|  0|   5|           1|           5|
    |select_ln117_766_fu_1142_p3  |    select|   0|  0|   5|           1|           5|
    |select_ln117_767_fu_1155_p3  |    select|   0|  0|   5|           1|           5|
    |select_ln117_768_fu_1169_p3  |    select|   0|  0|   5|           1|           5|
    |select_ln117_769_fu_1182_p3  |    select|   0|  0|   5|           1|           5|
    |select_ln117_770_fu_1196_p3  |    select|   0|  0|   5|           1|           5|
    |select_ln117_771_fu_1210_p3  |    select|   0|  0|   5|           1|           5|
    |select_ln117_772_fu_1224_p3  |    select|   0|  0|   5|           1|           5|
    |select_ln117_773_fu_1238_p3  |    select|   0|  0|   5|           1|           5|
    |select_ln117_774_fu_1252_p3  |    select|   0|  0|   5|           1|           5|
    |select_ln117_775_fu_1266_p3  |    select|   0|  0|   5|           1|           5|
    |select_ln117_776_fu_1280_p3  |    select|   0|  0|   5|           1|           5|
    |select_ln117_fu_812_p3       |    select|   0|  0|   3|           1|           2|
    |tmp_fu_1301_p62              |    select|   0|  0|   5|           1|           5|
    |ap_enable_pp0                |       xor|   0|  0|   2|           1|           2|
    |xor_ln104_365_fu_580_p2      |       xor|   0|  0|   2|           1|           2|
    |xor_ln104_366_fu_598_p2      |       xor|   0|  0|   2|           1|           2|
    |xor_ln104_367_fu_616_p2      |       xor|   0|  0|   2|           1|           2|
    |xor_ln104_368_fu_634_p2      |       xor|   0|  0|   2|           1|           2|
    |xor_ln104_369_fu_652_p2      |       xor|   0|  0|   2|           1|           2|
    |xor_ln104_370_fu_994_p2      |       xor|   0|  0|   2|           1|           2|
    |xor_ln104_371_fu_670_p2      |       xor|   0|  0|   2|           1|           2|
    |xor_ln104_372_fu_682_p2      |       xor|   0|  0|   2|           1|           2|
    |xor_ln104_373_fu_694_p2      |       xor|   0|  0|   2|           1|           2|
    |xor_ln104_374_fu_706_p2      |       xor|   0|  0|   2|           1|           2|
    |xor_ln104_375_fu_1008_p2     |       xor|   0|  0|   2|           1|           2|
    |xor_ln104_376_fu_724_p2      |       xor|   0|  0|   2|           1|           2|
    |xor_ln104_377_fu_1018_p2     |       xor|   0|  0|   2|           1|           2|
    |xor_ln104_378_fu_1028_p2     |       xor|   0|  0|   2|           1|           2|
    |xor_ln104_fu_568_p2          |       xor|   0|  0|   2|           1|           2|
    |xor_ln117_fu_796_p2          |       xor|   0|  0|   2|           2|           1|
    +-----------------------------+----------+----+---+----+------------+------------+
    |Total                        |          |   0|  0|1031|         635|         562|
    +-----------------------------+----------+----+---+----+------------+------------+

    * Multiplexer: 
    N/A

    * Register: 
    +---------------------------+---+----+-----+-----------+
    |            Name           | FF| LUT| Bits| Const Bits|
    +---------------------------+---+----+-----+-----------+
    |and_ln102_955_reg_1508     |  1|   0|    1|          0|
    |and_ln102_962_reg_1521     |  1|   0|    1|          0|
    |and_ln104_136_reg_1501     |  1|   0|    1|          0|
    |and_ln104_141_reg_1515     |  1|   0|    1|          0|
    |ap_CS_fsm                  |  1|   0|    1|          0|
    |ap_enable_reg_pp0_iter1    |  1|   0|    1|          0|
    |icmp_ln86_779_reg_1437     |  1|   0|    1|          0|
    |icmp_ln86_784_reg_1443     |  1|   0|    1|          0|
    |icmp_ln86_786_reg_1449     |  1|   0|    1|          0|
    |icmp_ln86_787_reg_1455     |  1|   0|    1|          0|
    |icmp_ln86_794_reg_1461     |  1|   0|    1|          0|
    |icmp_ln86_795_reg_1466     |  1|   0|    1|          0|
    |icmp_ln86_796_reg_1471     |  1|   0|    1|          0|
    |icmp_ln86_797_reg_1476     |  1|   0|    1|          0|
    |icmp_ln86_798_reg_1481     |  1|   0|    1|          0|
    |icmp_ln86_799_reg_1486     |  1|   0|    1|          0|
    |icmp_ln86_800_reg_1491     |  1|   0|    1|          0|
    |icmp_ln86_801_reg_1496     |  1|   0|    1|          0|
    |or_ln117_687_reg_1527      |  1|   0|    1|          0|
    |select_ln117_762_reg_1533  |  4|   0|    4|          0|
    +---------------------------+---+----+-----+-----------+
    |Total                      | 23|   0|   23|          0|
    +---------------------------+---+----+-----+-----------+



================================================================
== Interface
================================================================
* Summary: 
+-----------+-----+-----+------------+----------------------+--------------+
| RTL Ports | Dir | Bits|  Protocol  |     Source Object    |    C Type    |
+-----------+-----+-----+------------+----------------------+--------------+
|ap_clk     |   in|    1|  ap_ctrl_hs|  decision_function.72|  return value|
|ap_rst     |   in|    1|  ap_ctrl_hs|  decision_function.72|  return value|
|ap_start   |   in|    1|  ap_ctrl_hs|  decision_function.72|  return value|
|ap_done    |  out|    1|  ap_ctrl_hs|  decision_function.72|  return value|
|ap_idle    |  out|    1|  ap_ctrl_hs|  decision_function.72|  return value|
|ap_ready   |  out|    1|  ap_ctrl_hs|  decision_function.72|  return value|
|ap_return  |  out|   13|  ap_ctrl_hs|  decision_function.72|  return value|
|x_1_val    |   in|   18|     ap_none|               x_1_val|        scalar|
|x_7_val    |   in|   18|     ap_none|               x_7_val|        scalar|
|x_8_val    |   in|   18|     ap_none|               x_8_val|        scalar|
|x_9_val    |   in|   18|     ap_none|               x_9_val|        scalar|
|x_11_val   |   in|   18|     ap_none|              x_11_val|        scalar|
|x_15_val   |   in|   18|     ap_none|              x_15_val|        scalar|
|x_16_val   |   in|   18|     ap_none|              x_16_val|        scalar|
|x_17_val   |   in|   18|     ap_none|              x_17_val|        scalar|
|x_23_val   |   in|   18|     ap_none|              x_23_val|        scalar|
|x_26_val   |   in|   18|     ap_none|              x_26_val|        scalar|
|x_29_val   |   in|   18|     ap_none|              x_29_val|        scalar|
|x_35_val   |   in|   18|     ap_none|              x_35_val|        scalar|
|x_36_val   |   in|   18|     ap_none|              x_36_val|        scalar|
|x_37_val   |   in|   18|     ap_none|              x_37_val|        scalar|
|x_39_val   |   in|   18|     ap_none|              x_39_val|        scalar|
|x_47_val   |   in|   18|     ap_none|              x_47_val|        scalar|
|x_48_val   |   in|   18|     ap_none|              x_48_val|        scalar|
|x_49_val   |   in|   18|     ap_none|              x_49_val|        scalar|
|x_50_val   |   in|   18|     ap_none|              x_50_val|        scalar|
|x_52_val   |   in|   18|     ap_none|              x_52_val|        scalar|
+-----------+-----+-----+------------+----------------------+--------------+

