

================================================================
== Vitis HLS Report for 'decision_function_32'
================================================================
* Date:           Thu Jan 23 13:41:12 2025

* Version:        2024.1 (Build 5069499 on May 21 2024)
* Project:        my_prj
* Solution:       solution1 (Vivado IP Flow Target)
* Product family: virtexuplus
* Target device:  xcu250-figd2104-2L-e


================================================================
== Performance Estimates
================================================================
+ Timing: 
    * Summary: 
    +--------+---------+----------+------------+
    |  Clock |  Target | Estimated| Uncertainty|
    +--------+---------+----------+------------+
    |ap_clk  |  5.00 ns|  3.596 ns|     1.35 ns|
    +--------+---------+----------+------------+

+ Latency: 
    * Summary: 
    +---------+---------+----------+----------+-----+-----+---------+
    |  Latency (cycles) |  Latency (absolute) |  Interval | Pipeline|
    |   min   |   max   |    min   |    max   | min | max |   Type  |
    +---------+---------+----------+----------+-----+-----+---------+
    |        1|        1|  5.000 ns|  5.000 ns|    1|    1|      yes|
    +---------+---------+----------+----------+-----+-----+---------+

    + Detail: 
        * Instance: 
        N/A

        * Loop: 
        N/A



================================================================
== Utilization Estimates
================================================================
* Summary: 
+---------------------+---------+-------+---------+---------+------+
|         Name        | BRAM_18K|  DSP  |    FF   |   LUT   | URAM |
+---------------------+---------+-------+---------+---------+------+
|DSP                  |        -|      -|        -|        -|     -|
|Expression           |        -|      -|        0|     1078|     -|
|FIFO                 |        -|      -|        -|        -|     -|
|Instance             |        -|      -|        0|      148|     -|
|Memory               |        -|      -|        -|        -|     -|
|Multiplexer          |        -|      -|        -|        -|     -|
|Register             |        -|      -|       23|        -|     -|
+---------------------+---------+-------+---------+---------+------+
|Total                |        0|      0|       23|     1226|     0|
+---------------------+---------+-------+---------+---------+------+
|Available SLR        |     1344|   3072|   864000|   432000|   320|
+---------------------+---------+-------+---------+---------+------+
|Utilization SLR (%)  |        0|      0|       ~0|       ~0|     0|
+---------------------+---------+-------+---------+---------+------+
|Available            |     5376|  12288|  3456000|  1728000|  1280|
+---------------------+---------+-------+---------+---------+------+
|Utilization (%)      |        0|      0|       ~0|       ~0|     0|
+---------------------+---------+-------+---------+---------+------+

+ Detail: 
    * Instance: 
    +-------------------------------+--------------------------+---------+----+---+-----+-----+
    |            Instance           |          Module          | BRAM_18K| DSP| FF| LUT | URAM|
    +-------------------------------+--------------------------+---------+----+---+-----+-----+
    |sparsemux_65_5_12_1_1_x0_U119  |sparsemux_65_5_12_1_1_x0  |        0|   0|  0|  148|    0|
    +-------------------------------+--------------------------+---------+----+---+-----+-----+
    |Total                          |                          |        0|   0|  0|  148|    0|
    +-------------------------------+--------------------------+---------+----+---+-----+-----+

    * DSP: 
    N/A

    * Memory: 
    N/A

    * FIFO: 
    N/A

    * Expression: 
    +-----------------------------+----------+----+---+----+------------+------------+
    |        Variable Name        | Operation| DSP| FF| LUT| Bitwidth P0| Bitwidth P1|
    +-----------------------------+----------+----+---+----+------------+------------+
    |and_ln102_814_fu_967_p2      |       and|   0|  0|   2|           1|           1|
    |and_ln102_815_fu_598_p2      |       and|   0|  0|   2|           1|           1|
    |and_ln102_816_fu_616_p2      |       and|   0|  0|   2|           1|           1|
    |and_ln102_817_fu_983_p2      |       and|   0|  0|   2|           1|           1|
    |and_ln102_818_fu_999_p2      |       and|   0|  0|   2|           1|           1|
    |and_ln102_819_fu_634_p2      |       and|   0|  0|   2|           1|           1|
    |and_ln102_820_fu_646_p2      |       and|   0|  0|   2|           1|           1|
    |and_ln102_821_fu_658_p2      |       and|   0|  0|   2|           1|           1|
    |and_ln102_822_fu_670_p2      |       and|   0|  0|   2|           1|           1|
    |and_ln102_823_fu_1015_p2     |       and|   0|  0|   2|           1|           1|
    |and_ln102_824_fu_1025_p2     |       and|   0|  0|   2|           1|           1|
    |and_ln102_825_fu_1035_p2     |       and|   0|  0|   2|           1|           1|
    |and_ln102_826_fu_1045_p2     |       and|   0|  0|   2|           1|           1|
    |and_ln102_827_fu_682_p2      |       and|   0|  0|   2|           1|           1|
    |and_ln102_828_fu_694_p2      |       and|   0|  0|   2|           1|           1|
    |and_ln102_829_fu_700_p2      |       and|   0|  0|   2|           1|           1|
    |and_ln102_830_fu_712_p2      |       and|   0|  0|   2|           1|           1|
    |and_ln102_831_fu_718_p2      |       and|   0|  0|   2|           1|           1|
    |and_ln102_832_fu_730_p2      |       and|   0|  0|   2|           1|           1|
    |and_ln102_833_fu_736_p2      |       and|   0|  0|   2|           1|           1|
    |and_ln102_834_fu_748_p2      |       and|   0|  0|   2|           1|           1|
    |and_ln102_835_fu_1055_p2     |       and|   0|  0|   2|           1|           1|
    |and_ln102_836_fu_1065_p2     |       and|   0|  0|   2|           1|           1|
    |and_ln102_837_fu_1071_p2     |       and|   0|  0|   2|           1|           1|
    |and_ln102_838_fu_1081_p2     |       and|   0|  0|   2|           1|           1|
    |and_ln102_839_fu_1087_p2     |       and|   0|  0|   2|           1|           1|
    |and_ln102_840_fu_1097_p2     |       and|   0|  0|   2|           1|           1|
    |and_ln102_841_fu_1103_p2     |       and|   0|  0|   2|           1|           1|
    |and_ln102_842_fu_1113_p2     |       and|   0|  0|   2|           1|           1|
    |and_ln102_843_fu_688_p2      |       and|   0|  0|   2|           1|           1|
    |and_ln102_844_fu_706_p2      |       and|   0|  0|   2|           1|           1|
    |and_ln102_845_fu_724_p2      |       and|   0|  0|   2|           1|           1|
    |and_ln102_846_fu_742_p2      |       and|   0|  0|   2|           1|           1|
    |and_ln102_847_fu_1060_p2     |       and|   0|  0|   2|           1|           1|
    |and_ln102_848_fu_1076_p2     |       and|   0|  0|   2|           1|           1|
    |and_ln102_849_fu_1092_p2     |       and|   0|  0|   2|           1|           1|
    |and_ln102_850_fu_1108_p2     |       and|   0|  0|   2|           1|           1|
    |and_ln102_fu_580_p2          |       and|   0|  0|   2|           1|           1|
    |and_ln104_166_fu_977_p2      |       and|   0|  0|   2|           1|           1|
    |and_ln104_167_fu_610_p2      |       and|   0|  0|   2|           1|           1|
    |and_ln104_168_fu_628_p2      |       and|   0|  0|   2|           1|           1|
    |and_ln104_169_fu_993_p2      |       and|   0|  0|   2|           1|           1|
    |and_ln104_170_fu_1009_p2     |       and|   0|  0|   2|           1|           1|
    |and_ln104_fu_592_p2          |       and|   0|  0|   2|           1|           1|
    |icmp_ln86_1393_fu_472_p2     |      icmp|   0|  0|  22|          15|           1|
    |icmp_ln86_847_fu_390_p2      |      icmp|   0|  0|  25|          18|          11|
    |icmp_ln86_848_fu_396_p2      |      icmp|   0|  0|  25|          18|          13|
    |icmp_ln86_849_fu_402_p2      |      icmp|   0|  0|  25|          18|          13|
    |icmp_ln86_850_fu_408_p2      |      icmp|   0|  0|  25|          18|          17|
    |icmp_ln86_851_fu_414_p2      |      icmp|   0|  0|  25|          18|           7|
    |icmp_ln86_852_fu_420_p2      |      icmp|   0|  0|  25|          18|          15|
    |icmp_ln86_853_fu_426_p2      |      icmp|   0|  0|  25|          18|          17|
    |icmp_ln86_854_fu_432_p2      |      icmp|   0|  0|  25|          18|           9|
    |icmp_ln86_855_fu_438_p2      |      icmp|   0|  0|  25|          18|          18|
    |icmp_ln86_856_fu_444_p2      |      icmp|   0|  0|  25|          18|           9|
    |icmp_ln86_857_fu_450_p2      |      icmp|   0|  0|  25|          18|          16|
    |icmp_ln86_858_fu_456_p2      |      icmp|   0|  0|  25|          18|          17|
    |icmp_ln86_860_fu_478_p2      |      icmp|   0|  0|  25|          18|           8|
    |icmp_ln86_861_fu_484_p2      |      icmp|   0|  0|  25|          18|          12|
    |icmp_ln86_862_fu_490_p2      |      icmp|   0|  0|  25|          18|          17|
    |icmp_ln86_863_fu_496_p2      |      icmp|   0|  0|  25|          18|          17|
    |icmp_ln86_864_fu_502_p2      |      icmp|   0|  0|  25|          18|          12|
    |icmp_ln86_865_fu_508_p2      |      icmp|   0|  0|  25|          18|          16|
    |icmp_ln86_866_fu_514_p2      |      icmp|   0|  0|  25|          18|          16|
    |icmp_ln86_867_fu_520_p2      |      icmp|   0|  0|  25|          18|          17|
    |icmp_ln86_868_fu_526_p2      |      icmp|   0|  0|  25|          18|          15|
    |icmp_ln86_869_fu_532_p2      |      icmp|   0|  0|  25|          18|          12|
    |icmp_ln86_870_fu_538_p2      |      icmp|   0|  0|  25|          18|          13|
    |icmp_ln86_871_fu_544_p2      |      icmp|   0|  0|  25|          18|          13|
    |icmp_ln86_872_fu_550_p2      |      icmp|   0|  0|  25|          18|          17|
    |icmp_ln86_873_fu_556_p2      |      icmp|   0|  0|  25|          18|          17|
    |icmp_ln86_874_fu_562_p2      |      icmp|   0|  0|  25|          18|          17|
    |icmp_ln86_875_fu_568_p2      |      icmp|   0|  0|  25|          18|          18|
    |icmp_ln86_876_fu_574_p2      |      icmp|   0|  0|  25|          18|           9|
    |icmp_ln86_fu_384_p2          |      icmp|   0|  0|  25|          18|          13|
    |or_ln117_777_fu_790_p2       |        or|   0|  0|   2|           1|           1|
    |or_ln117_778_fu_804_p2       |        or|   0|  0|   2|           1|           1|
    |or_ln117_779_fu_818_p2       |        or|   0|  0|   2|           1|           1|
    |or_ln117_780_fu_844_p2       |        or|   0|  0|   2|           1|           1|
    |or_ln117_781_fu_858_p2       |        or|   0|  0|   2|           1|           1|
    |or_ln117_782_fu_872_p2       |        or|   0|  0|   2|           1|           1|
    |or_ln117_783_fu_886_p2       |        or|   0|  0|   2|           1|           1|
    |or_ln117_784_fu_900_p2       |        or|   0|  0|   2|           1|           1|
    |or_ln117_785_fu_914_p2       |        or|   0|  0|   2|           1|           1|
    |or_ln117_786_fu_928_p2       |        or|   0|  0|   2|           1|           1|
    |or_ln117_787_fu_1119_p2      |        or|   0|  0|   2|           1|           1|
    |or_ln117_788_fu_1124_p2      |        or|   0|  0|   2|           1|           1|
    |or_ln117_789_fu_1136_p2      |        or|   0|  0|   2|           1|           1|
    |or_ln117_790_fu_1150_p2      |        or|   0|  0|   2|           1|           1|
    |or_ln117_791_fu_1163_p2      |        or|   0|  0|   2|           1|           1|
    |or_ln117_792_fu_1177_p2      |        or|   0|  0|   2|           1|           1|
    |or_ln117_793_fu_1191_p2      |        or|   0|  0|   2|           1|           1|
    |or_ln117_794_fu_1205_p2      |        or|   0|  0|   2|           1|           1|
    |or_ln117_795_fu_1218_p2      |        or|   0|  0|   2|           1|           1|
    |or_ln117_796_fu_1232_p2      |        or|   0|  0|   2|           1|           1|
    |or_ln117_797_fu_1246_p2      |        or|   0|  0|   2|           1|           1|
    |or_ln117_798_fu_1260_p2      |        or|   0|  0|   2|           1|           1|
    |or_ln117_799_fu_1274_p2      |        or|   0|  0|   2|           1|           1|
    |or_ln117_800_fu_1288_p2      |        or|   0|  0|   2|           1|           1|
    |or_ln117_801_fu_1302_p2      |        or|   0|  0|   2|           1|           1|
    |or_ln117_fu_764_p2           |        or|   0|  0|   2|           1|           1|
    |agg_result_fu_1324_p66       |    select|   0|  0|   5|           1|           5|
    |select_ln117_821_fu_778_p3   |    select|   0|  0|   2|           1|           2|
    |select_ln117_822_fu_796_p3   |    select|   0|  0|   4|           1|           3|
    |select_ln117_823_fu_810_p3   |    select|   0|  0|   3|           1|           3|
    |select_ln117_824_fu_824_p3   |    select|   0|  0|   3|           1|           3|
    |select_ln117_825_fu_832_p3   |    select|   0|  0|   3|           1|           3|
    |select_ln117_826_fu_850_p3   |    select|   0|  0|   5|           1|           4|
    |select_ln117_827_fu_864_p3   |    select|   0|  0|   4|           1|           4|
    |select_ln117_828_fu_878_p3   |    select|   0|  0|   4|           1|           4|
    |select_ln117_829_fu_892_p3   |    select|   0|  0|   4|           1|           4|
    |select_ln117_830_fu_906_p3   |    select|   0|  0|   4|           1|           4|
    |select_ln117_831_fu_920_p3   |    select|   0|  0|   4|           1|           4|
    |select_ln117_832_fu_934_p3   |    select|   0|  0|   4|           1|           4|
    |select_ln117_833_fu_942_p3   |    select|   0|  0|   4|           1|           4|
    |select_ln117_834_fu_954_p3   |    select|   0|  0|   6|           1|           5|
    |select_ln117_835_fu_1129_p3  |    select|   0|  0|   5|           1|           5|
    |select_ln117_836_fu_1142_p3  |    select|   0|  0|   5|           1|           5|
    |select_ln117_837_fu_1155_p3  |    select|   0|  0|   5|           1|           5|
    |select_ln117_838_fu_1169_p3  |    select|   0|  0|   5|           1|           5|
    |select_ln117_839_fu_1183_p3  |    select|   0|  0|   5|           1|           5|
    |select_ln117_840_fu_1197_p3  |    select|   0|  0|   5|           1|           5|
    |select_ln117_841_fu_1210_p3  |    select|   0|  0|   5|           1|           5|
    |select_ln117_842_fu_1224_p3  |    select|   0|  0|   5|           1|           5|
    |select_ln117_843_fu_1238_p3  |    select|   0|  0|   5|           1|           5|
    |select_ln117_844_fu_1252_p3  |    select|   0|  0|   5|           1|           5|
    |select_ln117_845_fu_1266_p3  |    select|   0|  0|   5|           1|           5|
    |select_ln117_846_fu_1280_p3  |    select|   0|  0|   5|           1|           5|
    |select_ln117_847_fu_1294_p3  |    select|   0|  0|   5|           1|           5|
    |select_ln117_848_fu_1308_p3  |    select|   0|  0|   5|           1|           5|
    |select_ln117_fu_770_p3       |    select|   0|  0|   3|           1|           2|
    |ap_enable_pp0                |       xor|   0|  0|   2|           1|           2|
    |xor_ln104_406_fu_586_p2      |       xor|   0|  0|   2|           1|           2|
    |xor_ln104_407_fu_972_p2      |       xor|   0|  0|   2|           1|           2|
    |xor_ln104_408_fu_604_p2      |       xor|   0|  0|   2|           1|           2|
    |xor_ln104_409_fu_622_p2      |       xor|   0|  0|   2|           1|           2|
    |xor_ln104_410_fu_988_p2      |       xor|   0|  0|   2|           1|           2|
    |xor_ln104_411_fu_1004_p2     |       xor|   0|  0|   2|           1|           2|
    |xor_ln104_412_fu_640_p2      |       xor|   0|  0|   2|           1|           2|
    |xor_ln104_413_fu_652_p2      |       xor|   0|  0|   2|           1|           2|
    |xor_ln104_414_fu_664_p2      |       xor|   0|  0|   2|           1|           2|
    |xor_ln104_415_fu_676_p2      |       xor|   0|  0|   2|           1|           2|
    |xor_ln104_416_fu_1020_p2     |       xor|   0|  0|   2|           1|           2|
    |xor_ln104_417_fu_1030_p2     |       xor|   0|  0|   2|           1|           2|
    |xor_ln104_418_fu_1040_p2     |       xor|   0|  0|   2|           1|           2|
    |xor_ln104_419_fu_1050_p2     |       xor|   0|  0|   2|           1|           2|
    |xor_ln104_fu_962_p2          |       xor|   0|  0|   2|           1|           2|
    |xor_ln117_fu_754_p2          |       xor|   0|  0|   2|           2|           1|
    +-----------------------------+----------+----+---+----+------------+------------+
    |Total                        |          |   0|  0|1078|         673|         653|
    +-----------------------------+----------+----+---+----+------------+------------+

    * Multiplexer: 
    N/A

    * Register: 
    +---------------------------+---+----+-----+-----------+
    |            Name           | FF| LUT| Bits| Const Bits|
    +---------------------------+---+----+-----+-----------+
    |ap_CS_fsm                  |  1|   0|    1|          0|
    |ap_enable_reg_pp0_iter1    |  1|   0|    1|          0|
    |icmp_ln86_1393_reg_1499    |  1|   0|    1|          0|
    |icmp_ln86_848_reg_1469     |  1|   0|    1|          0|
    |icmp_ln86_851_reg_1475     |  1|   0|    1|          0|
    |icmp_ln86_852_reg_1481     |  1|   0|    1|          0|
    |icmp_ln86_857_reg_1487     |  1|   0|    1|          0|
    |icmp_ln86_858_reg_1493     |  1|   0|    1|          0|
    |icmp_ln86_860_reg_1505     |  1|   0|    1|          0|
    |icmp_ln86_869_reg_1511     |  1|   0|    1|          0|
    |icmp_ln86_870_reg_1516     |  1|   0|    1|          0|
    |icmp_ln86_871_reg_1521     |  1|   0|    1|          0|
    |icmp_ln86_872_reg_1526     |  1|   0|    1|          0|
    |icmp_ln86_873_reg_1531     |  1|   0|    1|          0|
    |icmp_ln86_874_reg_1536     |  1|   0|    1|          0|
    |icmp_ln86_875_reg_1541     |  1|   0|    1|          0|
    |icmp_ln86_876_reg_1546     |  1|   0|    1|          0|
    |icmp_ln86_reg_1460         |  1|   0|    1|          0|
    |select_ln117_834_reg_1551  |  5|   0|    5|          0|
    +---------------------------+---+----+-----+-----------+
    |Total                      | 23|   0|   23|          0|
    +---------------------------+---+----+-----+-----------+



================================================================
== Interface
================================================================
* Summary: 
+-----------+-----+-----+------------+----------------------+--------------+
| RTL Ports | Dir | Bits|  Protocol  |     Source Object    |    C Type    |
+-----------+-----+-----+------------+----------------------+--------------+
|ap_clk     |   in|    1|  ap_ctrl_hs|  decision_function.32|  return value|
|ap_rst     |   in|    1|  ap_ctrl_hs|  decision_function.32|  return value|
|ap_start   |   in|    1|  ap_ctrl_hs|  decision_function.32|  return value|
|ap_done    |  out|    1|  ap_ctrl_hs|  decision_function.32|  return value|
|ap_idle    |  out|    1|  ap_ctrl_hs|  decision_function.32|  return value|
|ap_ready   |  out|    1|  ap_ctrl_hs|  decision_function.32|  return value|
|ap_return  |  out|   12|  ap_ctrl_hs|  decision_function.32|  return value|
|x_1_val    |   in|   18|     ap_none|               x_1_val|        scalar|
|x_2_val    |   in|   18|     ap_none|               x_2_val|        scalar|
|x_3_val    |   in|   18|     ap_none|               x_3_val|        scalar|
|x_7_val    |   in|   18|     ap_none|               x_7_val|        scalar|
|x_15_val   |   in|   18|     ap_none|              x_15_val|        scalar|
|x_18_val   |   in|   18|     ap_none|              x_18_val|        scalar|
|x_19_val   |   in|   18|     ap_none|              x_19_val|        scalar|
|x_25_val   |   in|   18|     ap_none|              x_25_val|        scalar|
|x_29_val   |   in|   18|     ap_none|              x_29_val|        scalar|
|x_33_val   |   in|   18|     ap_none|              x_33_val|        scalar|
|x_34_val   |   in|   18|     ap_none|              x_34_val|        scalar|
|x_40_val   |   in|   18|     ap_none|              x_40_val|        scalar|
|x_46_val   |   in|   18|     ap_none|              x_46_val|        scalar|
|x_47_val   |   in|   18|     ap_none|              x_47_val|        scalar|
|x_48_val   |   in|   18|     ap_none|              x_48_val|        scalar|
|x_49_val   |   in|   18|     ap_none|              x_49_val|        scalar|
|x_50_val   |   in|   18|     ap_none|              x_50_val|        scalar|
|x_52_val   |   in|   18|     ap_none|              x_52_val|        scalar|
+-----------+-----+-----+------------+----------------------+--------------+

