

================================================================
== Vitis HLS Report for 'decision_function_92'
================================================================
* Date:           Thu Jan 23 13:41:16 2025

* Version:        2024.1 (Build 5069499 on May 21 2024)
* Project:        my_prj
* Solution:       solution1 (Vivado IP Flow Target)
* Product family: virtexuplus
* Target device:  xcu250-figd2104-2L-e


================================================================
== Performance Estimates
================================================================
+ Timing: 
    * Summary: 
    +--------+---------+----------+------------+
    |  Clock |  Target | Estimated| Uncertainty|
    +--------+---------+----------+------------+
    |ap_clk  |  5.00 ns|  3.596 ns|     1.35 ns|
    +--------+---------+----------+------------+

+ Latency: 
    * Summary: 
    +---------+---------+----------+----------+-----+-----+---------+
    |  Latency (cycles) |  Latency (absolute) |  Interval | Pipeline|
    |   min   |   max   |    min   |    max   | min | max |   Type  |
    +---------+---------+----------+----------+-----+-----+---------+
    |        1|        1|  5.000 ns|  5.000 ns|    1|    1|      yes|
    +---------+---------+----------+----------+-----+-----+---------+

    + Detail: 
        * Instance: 
        N/A

        * Loop: 
        N/A



================================================================
== Utilization Estimates
================================================================
* Summary: 
+---------------------+---------+-------+---------+---------+------+
|         Name        | BRAM_18K|  DSP  |    FF   |   LUT   | URAM |
+---------------------+---------+-------+---------+---------+------+
|DSP                  |        -|      -|        -|        -|     -|
|Expression           |        -|      -|        0|     1078|     -|
|FIFO                 |        -|      -|        -|        -|     -|
|Instance             |        -|      -|        0|      148|     -|
|Memory               |        -|      -|        -|        -|     -|
|Multiplexer          |        -|      -|        -|        -|     -|
|Register             |        -|      -|       23|        -|     -|
+---------------------+---------+-------+---------+---------+------+
|Total                |        0|      0|       23|     1226|     0|
+---------------------+---------+-------+---------+---------+------+
|Available SLR        |     1344|   3072|   864000|   432000|   320|
+---------------------+---------+-------+---------+---------+------+
|Utilization SLR (%)  |        0|      0|       ~0|       ~0|     0|
+---------------------+---------+-------+---------+---------+------+
|Available            |     5376|  12288|  3456000|  1728000|  1280|
+---------------------+---------+-------+---------+---------+------+
|Utilization (%)      |        0|      0|       ~0|       ~0|     0|
+---------------------+---------+-------+---------+---------+------+

+ Detail: 
    * Instance: 
    +-------------------------------+--------------------------+---------+----+---+-----+-----+
    |            Instance           |          Module          | BRAM_18K| DSP| FF| LUT | URAM|
    +-------------------------------+--------------------------+---------+----+---+-----+-----+
    |sparsemux_65_5_12_1_1_x4_U278  |sparsemux_65_5_12_1_1_x4  |        0|   0|  0|  148|    0|
    +-------------------------------+--------------------------+---------+----+---+-----+-----+
    |Total                          |                          |        0|   0|  0|  148|    0|
    +-------------------------------+--------------------------+---------+----+---+-----+-----+

    * DSP: 
    N/A

    * Memory: 
    N/A

    * FIFO: 
    N/A

    * Expression: 
    +-----------------------------+----------+----+---+----+------------+------------+
    |        Variable Name        | Operation| DSP| FF| LUT| Bitwidth P0| Bitwidth P1|
    +-----------------------------+----------+----+---+----+------------+------------+
    |and_ln102_231_fu_991_p2      |       and|   0|  0|   2|           1|           1|
    |and_ln102_232_fu_622_p2      |       and|   0|  0|   2|           1|           1|
    |and_ln102_233_fu_640_p2      |       and|   0|  0|   2|           1|           1|
    |and_ln102_234_fu_1007_p2     |       and|   0|  0|   2|           1|           1|
    |and_ln102_235_fu_1023_p2     |       and|   0|  0|   2|           1|           1|
    |and_ln102_236_fu_658_p2      |       and|   0|  0|   2|           1|           1|
    |and_ln102_237_fu_670_p2      |       and|   0|  0|   2|           1|           1|
    |and_ln102_238_fu_682_p2      |       and|   0|  0|   2|           1|           1|
    |and_ln102_239_fu_694_p2      |       and|   0|  0|   2|           1|           1|
    |and_ln102_240_fu_1039_p2     |       and|   0|  0|   2|           1|           1|
    |and_ln102_241_fu_1049_p2     |       and|   0|  0|   2|           1|           1|
    |and_ln102_242_fu_1059_p2     |       and|   0|  0|   2|           1|           1|
    |and_ln102_243_fu_1069_p2     |       and|   0|  0|   2|           1|           1|
    |and_ln102_244_fu_706_p2      |       and|   0|  0|   2|           1|           1|
    |and_ln102_245_fu_712_p2      |       and|   0|  0|   2|           1|           1|
    |and_ln102_246_fu_718_p2      |       and|   0|  0|   2|           1|           1|
    |and_ln102_247_fu_724_p2      |       and|   0|  0|   2|           1|           1|
    |and_ln102_248_fu_730_p2      |       and|   0|  0|   2|           1|           1|
    |and_ln102_249_fu_736_p2      |       and|   0|  0|   2|           1|           1|
    |and_ln102_250_fu_742_p2      |       and|   0|  0|   2|           1|           1|
    |and_ln102_251_fu_748_p2      |       and|   0|  0|   2|           1|           1|
    |and_ln102_252_fu_754_p2      |       and|   0|  0|   2|           1|           1|
    |and_ln102_253_fu_760_p2      |       and|   0|  0|   2|           1|           1|
    |and_ln102_254_fu_766_p2      |       and|   0|  0|   2|           1|           1|
    |and_ln102_255_fu_772_p2      |       and|   0|  0|   2|           1|           1|
    |and_ln102_256_fu_1079_p2     |       and|   0|  0|   2|           1|           1|
    |and_ln102_257_fu_1084_p2     |       and|   0|  0|   2|           1|           1|
    |and_ln102_258_fu_1089_p2     |       and|   0|  0|   2|           1|           1|
    |and_ln102_259_fu_1095_p2     |       and|   0|  0|   2|           1|           1|
    |and_ln102_260_fu_1100_p2     |       and|   0|  0|   2|           1|           1|
    |and_ln102_261_fu_1105_p2     |       and|   0|  0|   2|           1|           1|
    |and_ln102_262_fu_1111_p2     |       and|   0|  0|   2|           1|           1|
    |and_ln102_263_fu_1116_p2     |       and|   0|  0|   2|           1|           1|
    |and_ln102_264_fu_1121_p2     |       and|   0|  0|   2|           1|           1|
    |and_ln102_265_fu_1127_p2     |       and|   0|  0|   2|           1|           1|
    |and_ln102_266_fu_1132_p2     |       and|   0|  0|   2|           1|           1|
    |and_ln102_267_fu_1137_p2     |       and|   0|  0|   2|           1|           1|
    |and_ln102_fu_604_p2          |       and|   0|  0|   2|           1|           1|
    |and_ln104_36_fu_1001_p2      |       and|   0|  0|   2|           1|           1|
    |and_ln104_37_fu_634_p2       |       and|   0|  0|   2|           1|           1|
    |and_ln104_38_fu_652_p2       |       and|   0|  0|   2|           1|           1|
    |and_ln104_39_fu_1017_p2      |       and|   0|  0|   2|           1|           1|
    |and_ln104_40_fu_1033_p2      |       and|   0|  0|   2|           1|           1|
    |and_ln104_fu_616_p2          |       and|   0|  0|   2|           1|           1|
    |icmp_ln86_189_fu_424_p2      |      icmp|   0|  0|  25|          18|          18|
    |icmp_ln86_190_fu_430_p2      |      icmp|   0|  0|  25|          18|          15|
    |icmp_ln86_191_fu_436_p2      |      icmp|   0|  0|  25|          18|          11|
    |icmp_ln86_192_fu_442_p2      |      icmp|   0|  0|  25|          18|           4|
    |icmp_ln86_193_fu_448_p2      |      icmp|   0|  0|  25|          18|          17|
    |icmp_ln86_194_fu_454_p2      |      icmp|   0|  0|  25|          18|          10|
    |icmp_ln86_195_fu_460_p2      |      icmp|   0|  0|  25|          18|          17|
    |icmp_ln86_196_fu_466_p2      |      icmp|   0|  0|  25|          18|          10|
    |icmp_ln86_197_fu_472_p2      |      icmp|   0|  0|  25|          18|           3|
    |icmp_ln86_198_fu_478_p2      |      icmp|   0|  0|  25|          18|          17|
    |icmp_ln86_199_fu_484_p2      |      icmp|   0|  0|  25|          18|          17|
    |icmp_ln86_200_fu_490_p2      |      icmp|   0|  0|  25|          18|          17|
    |icmp_ln86_201_fu_496_p2      |      icmp|   0|  0|  25|          18|          17|
    |icmp_ln86_202_fu_502_p2      |      icmp|   0|  0|  25|          18|          14|
    |icmp_ln86_203_fu_508_p2      |      icmp|   0|  0|  25|          18|          16|
    |icmp_ln86_204_fu_514_p2      |      icmp|   0|  0|  25|          18|          10|
    |icmp_ln86_205_fu_520_p2      |      icmp|   0|  0|  25|          18|          10|
    |icmp_ln86_206_fu_526_p2      |      icmp|   0|  0|  25|          18|           9|
    |icmp_ln86_207_fu_532_p2      |      icmp|   0|  0|  25|          18|           7|
    |icmp_ln86_208_fu_538_p2      |      icmp|   0|  0|  25|          18|           9|
    |icmp_ln86_209_fu_544_p2      |      icmp|   0|  0|  25|          18|           8|
    |icmp_ln86_210_fu_550_p2      |      icmp|   0|  0|  25|          18|          10|
    |icmp_ln86_211_fu_556_p2      |      icmp|   0|  0|  25|          18|           7|
    |icmp_ln86_212_fu_562_p2      |      icmp|   0|  0|  25|          18|          17|
    |icmp_ln86_213_fu_568_p2      |      icmp|   0|  0|  25|          18|          10|
    |icmp_ln86_214_fu_574_p2      |      icmp|   0|  0|  25|          18|           6|
    |icmp_ln86_215_fu_580_p2      |      icmp|   0|  0|  25|          18|           9|
    |icmp_ln86_216_fu_586_p2      |      icmp|   0|  0|  25|          18|          17|
    |icmp_ln86_217_fu_592_p2      |      icmp|   0|  0|  25|          18|           8|
    |icmp_ln86_218_fu_598_p2      |      icmp|   0|  0|  25|          18|          14|
    |icmp_ln86_fu_418_p2          |      icmp|   0|  0|  22|          15|           1|
    |or_ln117_173_fu_814_p2       |        or|   0|  0|   2|           1|           1|
    |or_ln117_174_fu_828_p2       |        or|   0|  0|   2|           1|           1|
    |or_ln117_175_fu_842_p2       |        or|   0|  0|   2|           1|           1|
    |or_ln117_176_fu_868_p2       |        or|   0|  0|   2|           1|           1|
    |or_ln117_177_fu_882_p2       |        or|   0|  0|   2|           1|           1|
    |or_ln117_178_fu_896_p2       |        or|   0|  0|   2|           1|           1|
    |or_ln117_179_fu_910_p2       |        or|   0|  0|   2|           1|           1|
    |or_ln117_180_fu_924_p2       |        or|   0|  0|   2|           1|           1|
    |or_ln117_181_fu_938_p2       |        or|   0|  0|   2|           1|           1|
    |or_ln117_182_fu_952_p2       |        or|   0|  0|   2|           1|           1|
    |or_ln117_183_fu_1143_p2      |        or|   0|  0|   2|           1|           1|
    |or_ln117_184_fu_1148_p2      |        or|   0|  0|   2|           1|           1|
    |or_ln117_185_fu_1160_p2      |        or|   0|  0|   2|           1|           1|
    |or_ln117_186_fu_1174_p2      |        or|   0|  0|   2|           1|           1|
    |or_ln117_187_fu_1187_p2      |        or|   0|  0|   2|           1|           1|
    |or_ln117_188_fu_1201_p2      |        or|   0|  0|   2|           1|           1|
    |or_ln117_189_fu_1215_p2      |        or|   0|  0|   2|           1|           1|
    |or_ln117_190_fu_1229_p2      |        or|   0|  0|   2|           1|           1|
    |or_ln117_191_fu_1242_p2      |        or|   0|  0|   2|           1|           1|
    |or_ln117_192_fu_1256_p2      |        or|   0|  0|   2|           1|           1|
    |or_ln117_193_fu_1270_p2      |        or|   0|  0|   2|           1|           1|
    |or_ln117_194_fu_1284_p2      |        or|   0|  0|   2|           1|           1|
    |or_ln117_195_fu_1298_p2      |        or|   0|  0|   2|           1|           1|
    |or_ln117_196_fu_1312_p2      |        or|   0|  0|   2|           1|           1|
    |or_ln117_197_fu_1326_p2      |        or|   0|  0|   2|           1|           1|
    |or_ln117_fu_788_p2           |        or|   0|  0|   2|           1|           1|
    |agg_result_fu_1348_p66       |    select|   0|  0|   5|           1|           5|
    |select_ln117_184_fu_802_p3   |    select|   0|  0|   2|           1|           2|
    |select_ln117_185_fu_820_p3   |    select|   0|  0|   4|           1|           3|
    |select_ln117_186_fu_834_p3   |    select|   0|  0|   3|           1|           3|
    |select_ln117_187_fu_848_p3   |    select|   0|  0|   3|           1|           3|
    |select_ln117_188_fu_856_p3   |    select|   0|  0|   3|           1|           3|
    |select_ln117_189_fu_874_p3   |    select|   0|  0|   5|           1|           4|
    |select_ln117_190_fu_888_p3   |    select|   0|  0|   4|           1|           4|
    |select_ln117_191_fu_902_p3   |    select|   0|  0|   4|           1|           4|
    |select_ln117_192_fu_916_p3   |    select|   0|  0|   4|           1|           4|
    |select_ln117_193_fu_930_p3   |    select|   0|  0|   4|           1|           4|
    |select_ln117_194_fu_944_p3   |    select|   0|  0|   4|           1|           4|
    |select_ln117_195_fu_958_p3   |    select|   0|  0|   4|           1|           4|
    |select_ln117_196_fu_966_p3   |    select|   0|  0|   4|           1|           4|
    |select_ln117_197_fu_978_p3   |    select|   0|  0|   6|           1|           5|
    |select_ln117_198_fu_1153_p3  |    select|   0|  0|   5|           1|           5|
    |select_ln117_199_fu_1166_p3  |    select|   0|  0|   5|           1|           5|
    |select_ln117_200_fu_1179_p3  |    select|   0|  0|   5|           1|           5|
    |select_ln117_201_fu_1193_p3  |    select|   0|  0|   5|           1|           5|
    |select_ln117_202_fu_1207_p3  |    select|   0|  0|   5|           1|           5|
    |select_ln117_203_fu_1221_p3  |    select|   0|  0|   5|           1|           5|
    |select_ln117_204_fu_1234_p3  |    select|   0|  0|   5|           1|           5|
    |select_ln117_205_fu_1248_p3  |    select|   0|  0|   5|           1|           5|
    |select_ln117_206_fu_1262_p3  |    select|   0|  0|   5|           1|           5|
    |select_ln117_207_fu_1276_p3  |    select|   0|  0|   5|           1|           5|
    |select_ln117_208_fu_1290_p3  |    select|   0|  0|   5|           1|           5|
    |select_ln117_209_fu_1304_p3  |    select|   0|  0|   5|           1|           5|
    |select_ln117_210_fu_1318_p3  |    select|   0|  0|   5|           1|           5|
    |select_ln117_211_fu_1332_p3  |    select|   0|  0|   5|           1|           5|
    |select_ln117_fu_794_p3       |    select|   0|  0|   3|           1|           2|
    |ap_enable_pp0                |       xor|   0|  0|   2|           1|           2|
    |xor_ln104_100_fu_1044_p2     |       xor|   0|  0|   2|           1|           2|
    |xor_ln104_101_fu_1054_p2     |       xor|   0|  0|   2|           1|           2|
    |xor_ln104_102_fu_1064_p2     |       xor|   0|  0|   2|           1|           2|
    |xor_ln104_103_fu_1074_p2     |       xor|   0|  0|   2|           1|           2|
    |xor_ln104_90_fu_610_p2       |       xor|   0|  0|   2|           1|           2|
    |xor_ln104_91_fu_996_p2       |       xor|   0|  0|   2|           1|           2|
    |xor_ln104_92_fu_628_p2       |       xor|   0|  0|   2|           1|           2|
    |xor_ln104_93_fu_646_p2       |       xor|   0|  0|   2|           1|           2|
    |xor_ln104_94_fu_1012_p2      |       xor|   0|  0|   2|           1|           2|
    |xor_ln104_95_fu_1028_p2      |       xor|   0|  0|   2|           1|           2|
    |xor_ln104_96_fu_664_p2       |       xor|   0|  0|   2|           1|           2|
    |xor_ln104_97_fu_676_p2       |       xor|   0|  0|   2|           1|           2|
    |xor_ln104_98_fu_688_p2       |       xor|   0|  0|   2|           1|           2|
    |xor_ln104_99_fu_700_p2       |       xor|   0|  0|   2|           1|           2|
    |xor_ln104_fu_986_p2          |       xor|   0|  0|   2|           1|           2|
    |xor_ln117_fu_778_p2          |       xor|   0|  0|   2|           2|           1|
    +-----------------------------+----------+----+---+----+------------+------------+
    |Total                        |          |   0|  0|1078|         673|         586|
    +-----------------------------+----------+----+---+----+------------+------------+

    * Multiplexer: 
    N/A

    * Register: 
    +---------------------------+---+----+-----+-----------+
    |            Name           | FF| LUT| Bits| Const Bits|
    +---------------------------+---+----+-----+-----------+
    |ap_CS_fsm                  |  1|   0|    1|          0|
    |ap_enable_reg_pp0_iter1    |  1|   0|    1|          0|
    |icmp_ln86_190_reg_1493     |  1|   0|    1|          0|
    |icmp_ln86_193_reg_1499     |  1|   0|    1|          0|
    |icmp_ln86_194_reg_1505     |  1|   0|    1|          0|
    |icmp_ln86_199_reg_1511     |  1|   0|    1|          0|
    |icmp_ln86_200_reg_1517     |  1|   0|    1|          0|
    |icmp_ln86_201_reg_1523     |  1|   0|    1|          0|
    |icmp_ln86_202_reg_1529     |  1|   0|    1|          0|
    |icmp_ln86_211_reg_1535     |  1|   0|    1|          0|
    |icmp_ln86_212_reg_1540     |  1|   0|    1|          0|
    |icmp_ln86_213_reg_1545     |  1|   0|    1|          0|
    |icmp_ln86_214_reg_1550     |  1|   0|    1|          0|
    |icmp_ln86_215_reg_1555     |  1|   0|    1|          0|
    |icmp_ln86_216_reg_1560     |  1|   0|    1|          0|
    |icmp_ln86_217_reg_1565     |  1|   0|    1|          0|
    |icmp_ln86_218_reg_1570     |  1|   0|    1|          0|
    |icmp_ln86_reg_1484         |  1|   0|    1|          0|
    |select_ln117_197_reg_1575  |  5|   0|    5|          0|
    +---------------------------+---+----+-----+-----------+
    |Total                      | 23|   0|   23|          0|
    +---------------------------+---+----+-----+-----------+



================================================================
== Interface
================================================================
* Summary: 
+-----------+-----+-----+------------+----------------------+--------------+
| RTL Ports | Dir | Bits|  Protocol  |     Source Object    |    C Type    |
+-----------+-----+-----+------------+----------------------+--------------+
|ap_clk     |   in|    1|  ap_ctrl_hs|  decision_function.92|  return value|
|ap_rst     |   in|    1|  ap_ctrl_hs|  decision_function.92|  return value|
|ap_start   |   in|    1|  ap_ctrl_hs|  decision_function.92|  return value|
|ap_done    |  out|    1|  ap_ctrl_hs|  decision_function.92|  return value|
|ap_idle    |  out|    1|  ap_ctrl_hs|  decision_function.92|  return value|
|ap_ready   |  out|    1|  ap_ctrl_hs|  decision_function.92|  return value|
|ap_return  |  out|   12|  ap_ctrl_hs|  decision_function.92|  return value|
|x_1_val    |   in|   18|     ap_none|               x_1_val|        scalar|
|x_2_val    |   in|   18|     ap_none|               x_2_val|        scalar|
|x_3_val    |   in|   18|     ap_none|               x_3_val|        scalar|
|x_4_val    |   in|   18|     ap_none|               x_4_val|        scalar|
|x_6_val    |   in|   18|     ap_none|               x_6_val|        scalar|
|x_10_val   |   in|   18|     ap_none|              x_10_val|        scalar|
|x_11_val   |   in|   18|     ap_none|              x_11_val|        scalar|
|x_13_val   |   in|   18|     ap_none|              x_13_val|        scalar|
|x_17_val   |   in|   18|     ap_none|              x_17_val|        scalar|
|x_19_val   |   in|   18|     ap_none|              x_19_val|        scalar|
|x_21_val   |   in|   18|     ap_none|              x_21_val|        scalar|
|x_23_val   |   in|   18|     ap_none|              x_23_val|        scalar|
|x_24_val   |   in|   18|     ap_none|              x_24_val|        scalar|
|x_30_val   |   in|   18|     ap_none|              x_30_val|        scalar|
|x_32_val   |   in|   18|     ap_none|              x_32_val|        scalar|
|x_38_val   |   in|   18|     ap_none|              x_38_val|        scalar|
|x_43_val   |   in|   18|     ap_none|              x_43_val|        scalar|
|x_47_val   |   in|   18|     ap_none|              x_47_val|        scalar|
|x_49_val   |   in|   18|     ap_none|              x_49_val|        scalar|
|x_51_val   |   in|   18|     ap_none|              x_51_val|        scalar|
|x_52_val   |   in|   18|     ap_none|              x_52_val|        scalar|
+-----------+-----+-----+------------+----------------------+--------------+

