

================================================================
== Vitis HLS Report for 'decision_function_46'
================================================================
* Date:           Thu Jan 23 13:41:38 2025

* Version:        2024.1 (Build 5069499 on May 21 2024)
* Project:        my_prj
* Solution:       solution1 (Vivado IP Flow Target)
* Product family: virtexuplus
* Target device:  xcu250-figd2104-2L-e


================================================================
== Performance Estimates
================================================================
+ Timing: 
    * Summary: 
    +--------+---------+----------+------------+
    |  Clock |  Target | Estimated| Uncertainty|
    +--------+---------+----------+------------+
    |ap_clk  |  5.00 ns|  3.557 ns|     1.35 ns|
    +--------+---------+----------+------------+

+ Latency: 
    * Summary: 
    +---------+---------+----------+----------+-----+-----+---------+
    |  Latency (cycles) |  Latency (absolute) |  Interval | Pipeline|
    |   min   |   max   |    min   |    max   | min | max |   Type  |
    +---------+---------+----------+----------+-----+-----+---------+
    |        1|        1|  5.000 ns|  5.000 ns|    1|    1|      yes|
    +---------+---------+----------+----------+-----+-----+---------+

    + Detail: 
        * Instance: 
        N/A

        * Loop: 
        N/A



================================================================
== Utilization Estimates
================================================================
* Summary: 
+---------------------+---------+-------+---------+---------+------+
|         Name        | BRAM_18K|  DSP  |    FF   |   LUT   | URAM |
+---------------------+---------+-------+---------+---------+------+
|DSP                  |        -|      -|        -|        -|     -|
|Expression           |        -|      -|        0|     1013|     -|
|FIFO                 |        -|      -|        -|        -|     -|
|Instance             |        -|      -|        0|      145|     -|
|Memory               |        -|      -|        -|        -|     -|
|Multiplexer          |        -|      -|        -|        -|     -|
|Register             |        -|      -|       23|        -|     -|
+---------------------+---------+-------+---------+---------+------+
|Total                |        0|      0|       23|     1158|     0|
+---------------------+---------+-------+---------+---------+------+
|Available SLR        |     1344|   3072|   864000|   432000|   320|
+---------------------+---------+-------+---------+---------+------+
|Utilization SLR (%)  |        0|      0|       ~0|       ~0|     0|
+---------------------+---------+-------+---------+---------+------+
|Available            |     5376|  12288|  3456000|  1728000|  1280|
+---------------------+---------+-------+---------+---------+------+
|Utilization (%)      |        0|      0|       ~0|       ~0|     0|
+---------------------+---------+-------+---------+---------+------+

+ Detail: 
    * Instance: 
    +--------------------------------+--------------------------+---------+----+---+-----+-----+
    |            Instance            |          Module          | BRAM_18K| DSP| FF| LUT | URAM|
    +--------------------------------+--------------------------+---------+----+---+-----+-----+
    |sparsemux_61_5_13_1_1_x1_U1199  |sparsemux_61_5_13_1_1_x1  |        0|   0|  0|  145|    0|
    +--------------------------------+--------------------------+---------+----+---+-----+-----+
    |Total                           |                          |        0|   0|  0|  145|    0|
    +--------------------------------+--------------------------+---------+----+---+-----+-----+

    * DSP: 
    N/A

    * Memory: 
    N/A

    * FIFO: 
    N/A

    * Expression: 
    +------------------------------+----------+----+---+----+------------+------------+
    |         Variable Name        | Operation| DSP| FF| LUT| Bitwidth P0| Bitwidth P1|
    +------------------------------+----------+----+---+----+------------+------------+
    |and_ln102_1171_fu_930_p2      |       and|   0|  0|   2|           1|           1|
    |and_ln102_1172_fu_580_p2      |       and|   0|  0|   2|           1|           1|
    |and_ln102_1173_fu_598_p2      |       and|   0|  0|   2|           1|           1|
    |and_ln102_1174_fu_944_p2      |       and|   0|  0|   2|           1|           1|
    |and_ln102_1175_fu_960_p2      |       and|   0|  0|   2|           1|           1|
    |and_ln102_1176_fu_616_p2      |       and|   0|  0|   2|           1|           1|
    |and_ln102_1177_fu_628_p2      |       and|   0|  0|   2|           1|           1|
    |and_ln102_1178_fu_640_p2      |       and|   0|  0|   2|           1|           1|
    |and_ln102_1179_fu_658_p2      |       and|   0|  0|   2|           1|           1|
    |and_ln102_1180_fu_976_p2      |       and|   0|  0|   2|           1|           1|
    |and_ln102_1181_fu_986_p2      |       and|   0|  0|   2|           1|           1|
    |and_ln102_1182_fu_996_p2      |       and|   0|  0|   2|           1|           1|
    |and_ln102_1183_fu_1006_p2     |       and|   0|  0|   2|           1|           1|
    |and_ln102_1184_fu_676_p2      |       and|   0|  0|   2|           1|           1|
    |and_ln102_1185_fu_688_p2      |       and|   0|  0|   2|           1|           1|
    |and_ln102_1186_fu_694_p2      |       and|   0|  0|   2|           1|           1|
    |and_ln102_1187_fu_706_p2      |       and|   0|  0|   2|           1|           1|
    |and_ln102_1188_fu_712_p2      |       and|   0|  0|   2|           1|           1|
    |and_ln102_1189_fu_718_p2      |       and|   0|  0|   2|           1|           1|
    |and_ln102_1190_fu_1016_p2     |       and|   0|  0|   2|           1|           1|
    |and_ln102_1191_fu_1026_p2     |       and|   0|  0|   2|           1|           1|
    |and_ln102_1192_fu_1032_p2     |       and|   0|  0|   2|           1|           1|
    |and_ln102_1193_fu_1042_p2     |       and|   0|  0|   2|           1|           1|
    |and_ln102_1194_fu_1048_p2     |       and|   0|  0|   2|           1|           1|
    |and_ln102_1195_fu_1058_p2     |       and|   0|  0|   2|           1|           1|
    |and_ln102_1196_fu_1064_p2     |       and|   0|  0|   2|           1|           1|
    |and_ln102_1197_fu_1074_p2     |       and|   0|  0|   2|           1|           1|
    |and_ln102_1198_fu_682_p2      |       and|   0|  0|   2|           1|           1|
    |and_ln102_1199_fu_700_p2      |       and|   0|  0|   2|           1|           1|
    |and_ln102_1200_fu_1021_p2     |       and|   0|  0|   2|           1|           1|
    |and_ln102_1201_fu_1037_p2     |       and|   0|  0|   2|           1|           1|
    |and_ln102_1202_fu_1053_p2     |       and|   0|  0|   2|           1|           1|
    |and_ln102_1203_fu_1069_p2     |       and|   0|  0|   2|           1|           1|
    |and_ln102_fu_562_p2           |       and|   0|  0|   2|           1|           1|
    |and_ln104_234_fu_939_p2       |       and|   0|  0|   2|           1|           1|
    |and_ln104_235_fu_592_p2       |       and|   0|  0|   2|           1|           1|
    |and_ln104_236_fu_610_p2       |       and|   0|  0|   2|           1|           1|
    |and_ln104_237_fu_954_p2       |       and|   0|  0|   2|           1|           1|
    |and_ln104_238_fu_970_p2       |       and|   0|  0|   2|           1|           1|
    |and_ln104_239_fu_652_p2       |       and|   0|  0|   2|           1|           1|
    |and_ln104_240_fu_670_p2       |       and|   0|  0|   2|           1|           1|
    |and_ln104_fu_574_p2           |       and|   0|  0|   2|           1|           1|
    |icmp_ln86_1217_fu_394_p2      |      icmp|   0|  0|  25|          18|          17|
    |icmp_ln86_1218_fu_400_p2      |      icmp|   0|  0|  25|          18|          16|
    |icmp_ln86_1219_fu_406_p2      |      icmp|   0|  0|  25|          18|           3|
    |icmp_ln86_1220_fu_412_p2      |      icmp|   0|  0|  25|          18|           8|
    |icmp_ln86_1221_fu_418_p2      |      icmp|   0|  0|  25|          18|          17|
    |icmp_ln86_1222_fu_424_p2      |      icmp|   0|  0|  25|          18|           6|
    |icmp_ln86_1223_fu_430_p2      |      icmp|   0|  0|  25|          18|          13|
    |icmp_ln86_1224_fu_436_p2      |      icmp|   0|  0|  25|          18|          11|
    |icmp_ln86_1225_fu_442_p2      |      icmp|   0|  0|  25|          18|          11|
    |icmp_ln86_1226_fu_448_p2      |      icmp|   0|  0|  25|          18|          17|
    |icmp_ln86_1227_fu_454_p2      |      icmp|   0|  0|  25|          18|           6|
    |icmp_ln86_1228_fu_460_p2      |      icmp|   0|  0|  25|          18|           3|
    |icmp_ln86_1229_fu_466_p2      |      icmp|   0|  0|  25|          18|          12|
    |icmp_ln86_1230_fu_472_p2      |      icmp|   0|  0|  25|          18|          17|
    |icmp_ln86_1231_fu_478_p2      |      icmp|   0|  0|  25|          18|          12|
    |icmp_ln86_1232_fu_484_p2      |      icmp|   0|  0|  25|          18|          15|
    |icmp_ln86_1233_fu_490_p2      |      icmp|   0|  0|  25|          18|          10|
    |icmp_ln86_1234_fu_496_p2      |      icmp|   0|  0|  25|          18|          17|
    |icmp_ln86_1235_fu_502_p2      |      icmp|   0|  0|  25|          18|          17|
    |icmp_ln86_1236_fu_508_p2      |      icmp|   0|  0|  25|          18|           9|
    |icmp_ln86_1237_fu_514_p2      |      icmp|   0|  0|  25|          18|           7|
    |icmp_ln86_1238_fu_520_p2      |      icmp|   0|  0|  25|          18|          13|
    |icmp_ln86_1239_fu_526_p2      |      icmp|   0|  0|  25|          18|          11|
    |icmp_ln86_1240_fu_532_p2      |      icmp|   0|  0|  25|          18|          10|
    |icmp_ln86_1241_fu_538_p2      |      icmp|   0|  0|  25|          18|           5|
    |icmp_ln86_1242_fu_544_p2      |      icmp|   0|  0|  25|          18|           6|
    |icmp_ln86_1243_fu_550_p2      |      icmp|   0|  0|  25|          18|          10|
    |icmp_ln86_fu_388_p2           |      icmp|   0|  0|  25|          18|           6|
    |or_ln117_1103_fu_746_p2       |        or|   0|  0|   2|           1|           1|
    |or_ln117_1104_fu_760_p2       |        or|   0|  0|   2|           1|           1|
    |or_ln117_1105_fu_778_p2       |        or|   0|  0|   2|           1|           1|
    |or_ln117_1106_fu_792_p2       |        or|   0|  0|   2|           1|           1|
    |or_ln117_1107_fu_806_p2       |        or|   0|  0|   2|           1|           1|
    |or_ln117_1108_fu_820_p2       |        or|   0|  0|   2|           1|           1|
    |or_ln117_1109_fu_838_p2       |        or|   0|  0|   2|           1|           1|
    |or_ln117_1110_fu_852_p2       |        or|   0|  0|   2|           1|           1|
    |or_ln117_1111_fu_866_p2       |        or|   0|  0|   2|           1|           1|
    |or_ln117_1112_fu_880_p2       |        or|   0|  0|   2|           1|           1|
    |or_ln117_1113_fu_894_p2       |        or|   0|  0|   2|           1|           1|
    |or_ln117_1114_fu_908_p2       |        or|   0|  0|   2|           1|           1|
    |or_ln117_1115_fu_1080_p2      |        or|   0|  0|   2|           1|           1|
    |or_ln117_1116_fu_1085_p2      |        or|   0|  0|   2|           1|           1|
    |or_ln117_1117_fu_1101_p2      |        or|   0|  0|   2|           1|           1|
    |or_ln117_1118_fu_1115_p2      |        or|   0|  0|   2|           1|           1|
    |or_ln117_1119_fu_1128_p2      |        or|   0|  0|   2|           1|           1|
    |or_ln117_1120_fu_1142_p2      |        or|   0|  0|   2|           1|           1|
    |or_ln117_1121_fu_1156_p2      |        or|   0|  0|   2|           1|           1|
    |or_ln117_1122_fu_1170_p2      |        or|   0|  0|   2|           1|           1|
    |or_ln117_1123_fu_1183_p2      |        or|   0|  0|   2|           1|           1|
    |or_ln117_1124_fu_1197_p2      |        or|   0|  0|   2|           1|           1|
    |or_ln117_1125_fu_1211_p2      |        or|   0|  0|   2|           1|           1|
    |or_ln117_1126_fu_1225_p2      |        or|   0|  0|   2|           1|           1|
    |or_ln117_1127_fu_1239_p2      |        or|   0|  0|   2|           1|           1|
    |or_ln117_1128_fu_1253_p2      |        or|   0|  0|   2|           1|           1|
    |or_ln117_1129_fu_1267_p2      |        or|   0|  0|   2|           1|           1|
    |or_ln117_1130_fu_1281_p2      |        or|   0|  0|   2|           1|           1|
    |or_ln117_1131_fu_736_p2       |        or|   0|  0|   2|           1|           1|
    |or_ln117_fu_724_p2            |        or|   0|  0|   2|           1|           1|
    |ap_return                     |    select|   0|  0|  13|           1|          13|
    |select_ln117_1178_fu_766_p3   |    select|   0|  0|   2|           1|           2|
    |select_ln117_1179_fu_784_p3   |    select|   0|  0|   4|           1|           3|
    |select_ln117_1180_fu_798_p3   |    select|   0|  0|   3|           1|           3|
    |select_ln117_1181_fu_812_p3   |    select|   0|  0|   3|           1|           3|
    |select_ln117_1182_fu_826_p3   |    select|   0|  0|   3|           1|           3|
    |select_ln117_1183_fu_844_p3   |    select|   0|  0|   5|           1|           4|
    |select_ln117_1184_fu_858_p3   |    select|   0|  0|   4|           1|           4|
    |select_ln117_1185_fu_872_p3   |    select|   0|  0|   4|           1|           4|
    |select_ln117_1186_fu_886_p3   |    select|   0|  0|   4|           1|           4|
    |select_ln117_1187_fu_900_p3   |    select|   0|  0|   4|           1|           4|
    |select_ln117_1188_fu_914_p3   |    select|   0|  0|   4|           1|           4|
    |select_ln117_1189_fu_922_p3   |    select|   0|  0|   4|           1|           4|
    |select_ln117_1190_fu_1090_p3  |    select|   0|  0|   4|           1|           4|
    |select_ln117_1191_fu_1107_p3  |    select|   0|  0|   6|           1|           5|
    |select_ln117_1192_fu_1120_p3  |    select|   0|  0|   5|           1|           5|
    |select_ln117_1193_fu_1134_p3  |    select|   0|  0|   5|           1|           5|
    |select_ln117_1194_fu_1148_p3  |    select|   0|  0|   5|           1|           5|
    |select_ln117_1195_fu_1162_p3  |    select|   0|  0|   5|           1|           5|
    |select_ln117_1196_fu_1175_p3  |    select|   0|  0|   5|           1|           5|
    |select_ln117_1197_fu_1189_p3  |    select|   0|  0|   5|           1|           5|
    |select_ln117_1198_fu_1203_p3  |    select|   0|  0|   5|           1|           5|
    |select_ln117_1199_fu_1217_p3  |    select|   0|  0|   5|           1|           5|
    |select_ln117_1200_fu_1231_p3  |    select|   0|  0|   5|           1|           5|
    |select_ln117_1201_fu_1245_p3  |    select|   0|  0|   5|           1|           5|
    |select_ln117_1202_fu_1259_p3  |    select|   0|  0|   5|           1|           5|
    |select_ln117_1203_fu_1273_p3  |    select|   0|  0|   5|           1|           5|
    |select_ln117_fu_752_p3        |    select|   0|  0|   3|           1|           2|
    |tmp_fu_1293_p62               |    select|   0|  0|   5|           1|           5|
    |ap_enable_pp0                 |       xor|   0|  0|   2|           1|           2|
    |xor_ln104_582_fu_568_p2       |       xor|   0|  0|   2|           1|           2|
    |xor_ln104_583_fu_934_p2       |       xor|   0|  0|   2|           1|           2|
    |xor_ln104_584_fu_586_p2       |       xor|   0|  0|   2|           1|           2|
    |xor_ln104_585_fu_604_p2       |       xor|   0|  0|   2|           1|           2|
    |xor_ln104_586_fu_949_p2       |       xor|   0|  0|   2|           1|           2|
    |xor_ln104_587_fu_965_p2       |       xor|   0|  0|   2|           1|           2|
    |xor_ln104_588_fu_622_p2       |       xor|   0|  0|   2|           1|           2|
    |xor_ln104_589_fu_634_p2       |       xor|   0|  0|   2|           1|           2|
    |xor_ln104_590_fu_646_p2       |       xor|   0|  0|   2|           1|           2|
    |xor_ln104_591_fu_664_p2       |       xor|   0|  0|   2|           1|           2|
    |xor_ln104_592_fu_981_p2       |       xor|   0|  0|   2|           1|           2|
    |xor_ln104_593_fu_991_p2       |       xor|   0|  0|   2|           1|           2|
    |xor_ln104_594_fu_1001_p2      |       xor|   0|  0|   2|           1|           2|
    |xor_ln104_595_fu_1011_p2      |       xor|   0|  0|   2|           1|           2|
    |xor_ln104_fu_556_p2           |       xor|   0|  0|   2|           1|           2|
    |xor_ln117_fu_730_p2           |       xor|   0|  0|   2|           2|           1|
    +------------------------------+----------+----+---+----+------------+------------+
    |Total                         |          |   0|  0|1013|         623|         541|
    +------------------------------+----------+----+---+----+------------+------------+

    * Multiplexer: 
    N/A

    * Register: 
    +----------------------------+---+----+-----+-----------+
    |            Name            | FF| LUT| Bits| Const Bits|
    +----------------------------+---+----+-----+-----------+
    |ap_CS_fsm                   |  1|   0|    1|          0|
    |ap_enable_reg_pp0_iter1     |  1|   0|    1|          0|
    |icmp_ln86_1218_reg_1429     |  1|   0|    1|          0|
    |icmp_ln86_1221_reg_1435     |  1|   0|    1|          0|
    |icmp_ln86_1222_reg_1441     |  1|   0|    1|          0|
    |icmp_ln86_1227_reg_1447     |  1|   0|    1|          0|
    |icmp_ln86_1228_reg_1453     |  1|   0|    1|          0|
    |icmp_ln86_1229_reg_1459     |  1|   0|    1|          0|
    |icmp_ln86_1230_reg_1465     |  1|   0|    1|          0|
    |icmp_ln86_1236_reg_1471     |  1|   0|    1|          0|
    |icmp_ln86_1237_reg_1476     |  1|   0|    1|          0|
    |icmp_ln86_1238_reg_1481     |  1|   0|    1|          0|
    |icmp_ln86_1239_reg_1486     |  1|   0|    1|          0|
    |icmp_ln86_1240_reg_1491     |  1|   0|    1|          0|
    |icmp_ln86_1241_reg_1496     |  1|   0|    1|          0|
    |icmp_ln86_1242_reg_1501     |  1|   0|    1|          0|
    |icmp_ln86_1243_reg_1506     |  1|   0|    1|          0|
    |or_ln117_1114_reg_1518      |  1|   0|    1|          0|
    |select_ln117_1189_reg_1527  |  4|   0|    4|          0|
    |xor_ln104_reg_1511          |  1|   0|    1|          0|
    +----------------------------+---+----+-----+-----------+
    |Total                       | 23|   0|   23|          0|
    +----------------------------+---+----+-----+-----------+



================================================================
== Interface
================================================================
* Summary: 
+-----------+-----+-----+------------+----------------------+--------------+
| RTL Ports | Dir | Bits|  Protocol  |     Source Object    |    C Type    |
+-----------+-----+-----+------------+----------------------+--------------+
|ap_clk     |   in|    1|  ap_ctrl_hs|  decision_function.46|  return value|
|ap_rst     |   in|    1|  ap_ctrl_hs|  decision_function.46|  return value|
|ap_start   |   in|    1|  ap_ctrl_hs|  decision_function.46|  return value|
|ap_done    |  out|    1|  ap_ctrl_hs|  decision_function.46|  return value|
|ap_idle    |  out|    1|  ap_ctrl_hs|  decision_function.46|  return value|
|ap_ready   |  out|    1|  ap_ctrl_hs|  decision_function.46|  return value|
|ap_return  |  out|   13|  ap_ctrl_hs|  decision_function.46|  return value|
|x_1_val    |   in|   18|     ap_none|               x_1_val|        scalar|
|x_4_val    |   in|   18|     ap_none|               x_4_val|        scalar|
|x_7_val    |   in|   18|     ap_none|               x_7_val|        scalar|
|x_8_val    |   in|   18|     ap_none|               x_8_val|        scalar|
|x_9_val    |   in|   18|     ap_none|               x_9_val|        scalar|
|x_11_val   |   in|   18|     ap_none|              x_11_val|        scalar|
|x_13_val   |   in|   18|     ap_none|              x_13_val|        scalar|
|x_15_val   |   in|   18|     ap_none|              x_15_val|        scalar|
|x_19_val   |   in|   18|     ap_none|              x_19_val|        scalar|
|x_23_val   |   in|   18|     ap_none|              x_23_val|        scalar|
|x_25_val   |   in|   18|     ap_none|              x_25_val|        scalar|
|x_26_val   |   in|   18|     ap_none|              x_26_val|        scalar|
|x_35_val   |   in|   18|     ap_none|              x_35_val|        scalar|
|x_36_val   |   in|   18|     ap_none|              x_36_val|        scalar|
|x_37_val   |   in|   18|     ap_none|              x_37_val|        scalar|
|x_39_val   |   in|   18|     ap_none|              x_39_val|        scalar|
|x_40_val   |   in|   18|     ap_none|              x_40_val|        scalar|
|x_44_val   |   in|   18|     ap_none|              x_44_val|        scalar|
|x_47_val   |   in|   18|     ap_none|              x_47_val|        scalar|
|x_48_val   |   in|   18|     ap_none|              x_48_val|        scalar|
|x_49_val   |   in|   18|     ap_none|              x_49_val|        scalar|
+-----------+-----+-----+------------+----------------------+--------------+

