

================================================================
== Vitis HLS Report for 'decision_function_54'
================================================================
* Date:           Thu Jan 23 13:41:11 2025

* Version:        2024.1 (Build 5069499 on May 21 2024)
* Project:        my_prj
* Solution:       solution1 (Vivado IP Flow Target)
* Product family: virtexuplus
* Target device:  xcu250-figd2104-2L-e


================================================================
== Performance Estimates
================================================================
+ Timing: 
    * Summary: 
    +--------+---------+----------+------------+
    |  Clock |  Target | Estimated| Uncertainty|
    +--------+---------+----------+------------+
    |ap_clk  |  5.00 ns|  3.596 ns|     1.35 ns|
    +--------+---------+----------+------------+

+ Latency: 
    * Summary: 
    +---------+---------+----------+----------+-----+-----+---------+
    |  Latency (cycles) |  Latency (absolute) |  Interval | Pipeline|
    |   min   |   max   |    min   |    max   | min | max |   Type  |
    +---------+---------+----------+----------+-----+-----+---------+
    |        1|        1|  5.000 ns|  5.000 ns|    1|    1|      yes|
    +---------+---------+----------+----------+-----+-----+---------+

    + Detail: 
        * Instance: 
        N/A

        * Loop: 
        N/A



================================================================
== Utilization Estimates
================================================================
* Summary: 
+---------------------+---------+-------+---------+---------+------+
|         Name        | BRAM_18K|  DSP  |    FF   |   LUT   | URAM |
+---------------------+---------+-------+---------+---------+------+
|DSP                  |        -|      -|        -|        -|     -|
|Expression           |        -|      -|        0|     1056|     -|
|FIFO                 |        -|      -|        -|        -|     -|
|Instance             |        -|      -|        0|      148|     -|
|Memory               |        -|      -|        -|        -|     -|
|Multiplexer          |        -|      -|        -|        -|     -|
|Register             |        -|      -|       22|        -|     -|
+---------------------+---------+-------+---------+---------+------+
|Total                |        0|      0|       22|     1204|     0|
+---------------------+---------+-------+---------+---------+------+
|Available SLR        |     1344|   3072|   864000|   432000|   320|
+---------------------+---------+-------+---------+---------+------+
|Utilization SLR (%)  |        0|      0|       ~0|       ~0|     0|
+---------------------+---------+-------+---------+---------+------+
|Available            |     5376|  12288|  3456000|  1728000|  1280|
+---------------------+---------+-------+---------+---------+------+
|Utilization (%)      |        0|      0|       ~0|       ~0|     0|
+---------------------+---------+-------+---------+---------+------+

+ Detail: 
    * Instance: 
    +-----------------------------+-------------------------+---------+----+---+-----+-----+
    |           Instance          |          Module         | BRAM_18K| DSP| FF| LUT | URAM|
    +-----------------------------+-------------------------+---------+----+---+-----+-----+
    |sparsemux_65_5_12_1_1_x_U86  |sparsemux_65_5_12_1_1_x  |        0|   0|  0|  148|    0|
    +-----------------------------+-------------------------+---------+----+---+-----+-----+
    |Total                        |                         |        0|   0|  0|  148|    0|
    +-----------------------------+-------------------------+---------+----+---+-----+-----+

    * DSP: 
    N/A

    * Memory: 
    N/A

    * FIFO: 
    N/A

    * Expression: 
    +------------------------------+----------+----+---+----+------------+------------+
    |         Variable Name        | Operation| DSP| FF| LUT| Bitwidth P0| Bitwidth P1|
    +------------------------------+----------+----+---+----+------------+------------+
    |and_ln102_1387_fu_901_p2      |       and|   0|  0|   2|           1|           1|
    |and_ln102_1388_fu_532_p2      |       and|   0|  0|   2|           1|           1|
    |and_ln102_1389_fu_550_p2      |       and|   0|  0|   2|           1|           1|
    |and_ln102_1390_fu_917_p2      |       and|   0|  0|   2|           1|           1|
    |and_ln102_1391_fu_933_p2      |       and|   0|  0|   2|           1|           1|
    |and_ln102_1392_fu_568_p2      |       and|   0|  0|   2|           1|           1|
    |and_ln102_1393_fu_580_p2      |       and|   0|  0|   2|           1|           1|
    |and_ln102_1394_fu_592_p2      |       and|   0|  0|   2|           1|           1|
    |and_ln102_1395_fu_604_p2      |       and|   0|  0|   2|           1|           1|
    |and_ln102_1396_fu_949_p2      |       and|   0|  0|   2|           1|           1|
    |and_ln102_1397_fu_959_p2      |       and|   0|  0|   2|           1|           1|
    |and_ln102_1398_fu_969_p2      |       and|   0|  0|   2|           1|           1|
    |and_ln102_1399_fu_979_p2      |       and|   0|  0|   2|           1|           1|
    |and_ln102_1400_fu_616_p2      |       and|   0|  0|   2|           1|           1|
    |and_ln102_1401_fu_628_p2      |       and|   0|  0|   2|           1|           1|
    |and_ln102_1402_fu_634_p2      |       and|   0|  0|   2|           1|           1|
    |and_ln102_1403_fu_646_p2      |       and|   0|  0|   2|           1|           1|
    |and_ln102_1404_fu_652_p2      |       and|   0|  0|   2|           1|           1|
    |and_ln102_1405_fu_664_p2      |       and|   0|  0|   2|           1|           1|
    |and_ln102_1406_fu_670_p2      |       and|   0|  0|   2|           1|           1|
    |and_ln102_1407_fu_682_p2      |       and|   0|  0|   2|           1|           1|
    |and_ln102_1408_fu_989_p2      |       and|   0|  0|   2|           1|           1|
    |and_ln102_1409_fu_999_p2      |       and|   0|  0|   2|           1|           1|
    |and_ln102_1410_fu_1005_p2     |       and|   0|  0|   2|           1|           1|
    |and_ln102_1411_fu_1015_p2     |       and|   0|  0|   2|           1|           1|
    |and_ln102_1412_fu_1021_p2     |       and|   0|  0|   2|           1|           1|
    |and_ln102_1413_fu_1031_p2     |       and|   0|  0|   2|           1|           1|
    |and_ln102_1414_fu_1037_p2     |       and|   0|  0|   2|           1|           1|
    |and_ln102_1415_fu_1047_p2     |       and|   0|  0|   2|           1|           1|
    |and_ln102_1416_fu_622_p2      |       and|   0|  0|   2|           1|           1|
    |and_ln102_1417_fu_640_p2      |       and|   0|  0|   2|           1|           1|
    |and_ln102_1418_fu_658_p2      |       and|   0|  0|   2|           1|           1|
    |and_ln102_1419_fu_676_p2      |       and|   0|  0|   2|           1|           1|
    |and_ln102_1420_fu_994_p2      |       and|   0|  0|   2|           1|           1|
    |and_ln102_1421_fu_1010_p2     |       and|   0|  0|   2|           1|           1|
    |and_ln102_1422_fu_1026_p2     |       and|   0|  0|   2|           1|           1|
    |and_ln102_1423_fu_1042_p2     |       and|   0|  0|   2|           1|           1|
    |and_ln102_fu_514_p2           |       and|   0|  0|   2|           1|           1|
    |and_ln104_235_fu_911_p2       |       and|   0|  0|   2|           1|           1|
    |and_ln104_236_fu_544_p2       |       and|   0|  0|   2|           1|           1|
    |and_ln104_237_fu_562_p2       |       and|   0|  0|   2|           1|           1|
    |and_ln104_238_fu_927_p2       |       and|   0|  0|   2|           1|           1|
    |and_ln104_239_fu_943_p2       |       and|   0|  0|   2|           1|           1|
    |and_ln104_fu_526_p2           |       and|   0|  0|   2|           1|           1|
    |icmp_ln86_1297_fu_340_p2      |      icmp|   0|  0|  25|          18|          13|
    |icmp_ln86_1298_fu_346_p2      |      icmp|   0|  0|  25|          18|          10|
    |icmp_ln86_1299_fu_352_p2      |      icmp|   0|  0|  25|          18|          18|
    |icmp_ln86_1300_fu_358_p2      |      icmp|   0|  0|  25|          18|          13|
    |icmp_ln86_1301_fu_364_p2      |      icmp|   0|  0|  25|          18|          14|
    |icmp_ln86_1302_fu_370_p2      |      icmp|   0|  0|  25|          18|          17|
    |icmp_ln86_1303_fu_376_p2      |      icmp|   0|  0|  25|          18|          16|
    |icmp_ln86_1304_fu_382_p2      |      icmp|   0|  0|  25|          18|          17|
    |icmp_ln86_1305_fu_388_p2      |      icmp|   0|  0|  25|          18|          15|
    |icmp_ln86_1306_fu_394_p2      |      icmp|   0|  0|  25|          18|          17|
    |icmp_ln86_1307_fu_400_p2      |      icmp|   0|  0|  25|          18|          18|
    |icmp_ln86_1308_fu_406_p2      |      icmp|   0|  0|  25|          18|          18|
    |icmp_ln86_1309_fu_412_p2      |      icmp|   0|  0|  25|          18|          13|
    |icmp_ln86_1310_fu_418_p2      |      icmp|   0|  0|  25|          18|           6|
    |icmp_ln86_1311_fu_424_p2      |      icmp|   0|  0|  25|          18|          17|
    |icmp_ln86_1312_fu_430_p2      |      icmp|   0|  0|  25|          18|          17|
    |icmp_ln86_1313_fu_436_p2      |      icmp|   0|  0|  25|          18|          11|
    |icmp_ln86_1314_fu_442_p2      |      icmp|   0|  0|  25|          18|           5|
    |icmp_ln86_1315_fu_448_p2      |      icmp|   0|  0|  25|          18|          17|
    |icmp_ln86_1316_fu_454_p2      |      icmp|   0|  0|  25|          18|          13|
    |icmp_ln86_1317_fu_460_p2      |      icmp|   0|  0|  25|          18|          16|
    |icmp_ln86_1318_fu_466_p2      |      icmp|   0|  0|  25|          18|          16|
    |icmp_ln86_1319_fu_472_p2      |      icmp|   0|  0|  25|          18|          17|
    |icmp_ln86_1320_fu_478_p2      |      icmp|   0|  0|  25|          18|          18|
    |icmp_ln86_1321_fu_484_p2      |      icmp|   0|  0|  25|          18|          18|
    |icmp_ln86_1322_fu_490_p2      |      icmp|   0|  0|  25|          18|          17|
    |icmp_ln86_1323_fu_496_p2      |      icmp|   0|  0|  25|          18|          17|
    |icmp_ln86_1324_fu_502_p2      |      icmp|   0|  0|  25|          18|          17|
    |icmp_ln86_1325_fu_508_p2      |      icmp|   0|  0|  25|          18|           9|
    |icmp_ln86_fu_334_p2           |      icmp|   0|  0|  25|          18|          17|
    |or_ln117_1148_fu_724_p2       |        or|   0|  0|   2|           1|           1|
    |or_ln117_1149_fu_738_p2       |        or|   0|  0|   2|           1|           1|
    |or_ln117_1150_fu_752_p2       |        or|   0|  0|   2|           1|           1|
    |or_ln117_1151_fu_778_p2       |        or|   0|  0|   2|           1|           1|
    |or_ln117_1152_fu_792_p2       |        or|   0|  0|   2|           1|           1|
    |or_ln117_1153_fu_806_p2       |        or|   0|  0|   2|           1|           1|
    |or_ln117_1154_fu_820_p2       |        or|   0|  0|   2|           1|           1|
    |or_ln117_1155_fu_834_p2       |        or|   0|  0|   2|           1|           1|
    |or_ln117_1156_fu_848_p2       |        or|   0|  0|   2|           1|           1|
    |or_ln117_1157_fu_862_p2       |        or|   0|  0|   2|           1|           1|
    |or_ln117_1158_fu_1053_p2      |        or|   0|  0|   2|           1|           1|
    |or_ln117_1159_fu_1058_p2      |        or|   0|  0|   2|           1|           1|
    |or_ln117_1160_fu_1070_p2      |        or|   0|  0|   2|           1|           1|
    |or_ln117_1161_fu_1084_p2      |        or|   0|  0|   2|           1|           1|
    |or_ln117_1162_fu_1097_p2      |        or|   0|  0|   2|           1|           1|
    |or_ln117_1163_fu_1111_p2      |        or|   0|  0|   2|           1|           1|
    |or_ln117_1164_fu_1125_p2      |        or|   0|  0|   2|           1|           1|
    |or_ln117_1165_fu_1139_p2      |        or|   0|  0|   2|           1|           1|
    |or_ln117_1166_fu_1152_p2      |        or|   0|  0|   2|           1|           1|
    |or_ln117_1167_fu_1166_p2      |        or|   0|  0|   2|           1|           1|
    |or_ln117_1168_fu_1180_p2      |        or|   0|  0|   2|           1|           1|
    |or_ln117_1169_fu_1194_p2      |        or|   0|  0|   2|           1|           1|
    |or_ln117_1170_fu_1208_p2      |        or|   0|  0|   2|           1|           1|
    |or_ln117_1171_fu_1222_p2      |        or|   0|  0|   2|           1|           1|
    |or_ln117_1172_fu_1236_p2      |        or|   0|  0|   2|           1|           1|
    |or_ln117_fu_698_p2            |        or|   0|  0|   2|           1|           1|
    |agg_result_fu_1258_p66        |    select|   0|  0|   5|           1|           5|
    |select_ln117_1254_fu_712_p3   |    select|   0|  0|   2|           1|           2|
    |select_ln117_1255_fu_730_p3   |    select|   0|  0|   4|           1|           3|
    |select_ln117_1256_fu_744_p3   |    select|   0|  0|   3|           1|           3|
    |select_ln117_1257_fu_758_p3   |    select|   0|  0|   3|           1|           3|
    |select_ln117_1258_fu_766_p3   |    select|   0|  0|   3|           1|           3|
    |select_ln117_1259_fu_784_p3   |    select|   0|  0|   5|           1|           4|
    |select_ln117_1260_fu_798_p3   |    select|   0|  0|   4|           1|           4|
    |select_ln117_1261_fu_812_p3   |    select|   0|  0|   4|           1|           4|
    |select_ln117_1262_fu_826_p3   |    select|   0|  0|   4|           1|           4|
    |select_ln117_1263_fu_840_p3   |    select|   0|  0|   4|           1|           4|
    |select_ln117_1264_fu_854_p3   |    select|   0|  0|   4|           1|           4|
    |select_ln117_1265_fu_868_p3   |    select|   0|  0|   4|           1|           4|
    |select_ln117_1266_fu_876_p3   |    select|   0|  0|   4|           1|           4|
    |select_ln117_1267_fu_888_p3   |    select|   0|  0|   6|           1|           5|
    |select_ln117_1268_fu_1063_p3  |    select|   0|  0|   5|           1|           5|
    |select_ln117_1269_fu_1076_p3  |    select|   0|  0|   5|           1|           5|
    |select_ln117_1270_fu_1089_p3  |    select|   0|  0|   5|           1|           5|
    |select_ln117_1271_fu_1103_p3  |    select|   0|  0|   5|           1|           5|
    |select_ln117_1272_fu_1117_p3  |    select|   0|  0|   5|           1|           5|
    |select_ln117_1273_fu_1131_p3  |    select|   0|  0|   5|           1|           5|
    |select_ln117_1274_fu_1144_p3  |    select|   0|  0|   5|           1|           5|
    |select_ln117_1275_fu_1158_p3  |    select|   0|  0|   5|           1|           5|
    |select_ln117_1276_fu_1172_p3  |    select|   0|  0|   5|           1|           5|
    |select_ln117_1277_fu_1186_p3  |    select|   0|  0|   5|           1|           5|
    |select_ln117_1278_fu_1200_p3  |    select|   0|  0|   5|           1|           5|
    |select_ln117_1279_fu_1214_p3  |    select|   0|  0|   5|           1|           5|
    |select_ln117_1280_fu_1228_p3  |    select|   0|  0|   5|           1|           5|
    |select_ln117_1281_fu_1242_p3  |    select|   0|  0|   5|           1|           5|
    |select_ln117_fu_704_p3        |    select|   0|  0|   3|           1|           2|
    |ap_enable_pp0                 |       xor|   0|  0|   2|           1|           2|
    |xor_ln104_614_fu_520_p2       |       xor|   0|  0|   2|           1|           2|
    |xor_ln104_615_fu_906_p2       |       xor|   0|  0|   2|           1|           2|
    |xor_ln104_616_fu_538_p2       |       xor|   0|  0|   2|           1|           2|
    |xor_ln104_617_fu_556_p2       |       xor|   0|  0|   2|           1|           2|
    |xor_ln104_618_fu_922_p2       |       xor|   0|  0|   2|           1|           2|
    |xor_ln104_619_fu_938_p2       |       xor|   0|  0|   2|           1|           2|
    |xor_ln104_620_fu_574_p2       |       xor|   0|  0|   2|           1|           2|
    |xor_ln104_621_fu_586_p2       |       xor|   0|  0|   2|           1|           2|
    |xor_ln104_622_fu_598_p2       |       xor|   0|  0|   2|           1|           2|
    |xor_ln104_623_fu_610_p2       |       xor|   0|  0|   2|           1|           2|
    |xor_ln104_624_fu_954_p2       |       xor|   0|  0|   2|           1|           2|
    |xor_ln104_625_fu_964_p2       |       xor|   0|  0|   2|           1|           2|
    |xor_ln104_626_fu_974_p2       |       xor|   0|  0|   2|           1|           2|
    |xor_ln104_627_fu_984_p2       |       xor|   0|  0|   2|           1|           2|
    |xor_ln104_fu_896_p2           |       xor|   0|  0|   2|           1|           2|
    |xor_ln117_fu_688_p2           |       xor|   0|  0|   2|           2|           1|
    +------------------------------+----------+----+---+----+------------+------------+
    |Total                         |          |   0|  0|1056|         658|         678|
    +------------------------------+----------+----+---+----+------------+------------+

    * Multiplexer: 
    N/A

    * Register: 
    +----------------------------+---+----+-----+-----------+
    |            Name            | FF| LUT| Bits| Const Bits|
    +----------------------------+---+----+-----+-----------+
    |ap_CS_fsm                   |  1|   0|    1|          0|
    |ap_enable_reg_pp0_iter1     |  1|   0|    1|          0|
    |icmp_ln86_1298_reg_1403     |  1|   0|    1|          0|
    |icmp_ln86_1301_reg_1409     |  1|   0|    1|          0|
    |icmp_ln86_1302_reg_1415     |  1|   0|    1|          0|
    |icmp_ln86_1307_reg_1422     |  1|   0|    1|          0|
    |icmp_ln86_1308_reg_1428     |  1|   0|    1|          0|
    |icmp_ln86_1309_reg_1434     |  1|   0|    1|          0|
    |icmp_ln86_1310_reg_1440     |  1|   0|    1|          0|
    |icmp_ln86_1319_reg_1446     |  1|   0|    1|          0|
    |icmp_ln86_1320_reg_1451     |  1|   0|    1|          0|
    |icmp_ln86_1321_reg_1456     |  1|   0|    1|          0|
    |icmp_ln86_1322_reg_1461     |  1|   0|    1|          0|
    |icmp_ln86_1323_reg_1466     |  1|   0|    1|          0|
    |icmp_ln86_1324_reg_1471     |  1|   0|    1|          0|
    |icmp_ln86_1325_reg_1476     |  1|   0|    1|          0|
    |icmp_ln86_reg_1394          |  1|   0|    1|          0|
    |select_ln117_1267_reg_1481  |  5|   0|    5|          0|
    +----------------------------+---+----+-----+-----------+
    |Total                       | 22|   0|   22|          0|
    +----------------------------+---+----+-----+-----------+



================================================================
== Interface
================================================================
* Summary: 
+-----------+-----+-----+------------+----------------------+--------------+
| RTL Ports | Dir | Bits|  Protocol  |     Source Object    |    C Type    |
+-----------+-----+-----+------------+----------------------+--------------+
|ap_clk     |   in|    1|  ap_ctrl_hs|  decision_function.54|  return value|
|ap_rst     |   in|    1|  ap_ctrl_hs|  decision_function.54|  return value|
|ap_start   |   in|    1|  ap_ctrl_hs|  decision_function.54|  return value|
|ap_done    |  out|    1|  ap_ctrl_hs|  decision_function.54|  return value|
|ap_idle    |  out|    1|  ap_ctrl_hs|  decision_function.54|  return value|
|ap_ready   |  out|    1|  ap_ctrl_hs|  decision_function.54|  return value|
|ap_return  |  out|   12|  ap_ctrl_hs|  decision_function.54|  return value|
|x_1_val    |   in|   18|     ap_none|               x_1_val|        scalar|
|x_3_val    |   in|   18|     ap_none|               x_3_val|        scalar|
|x_4_val    |   in|   18|     ap_none|               x_4_val|        scalar|
|x_12_val   |   in|   18|     ap_none|              x_12_val|        scalar|
|x_13_val   |   in|   18|     ap_none|              x_13_val|        scalar|
|x_18_val   |   in|   18|     ap_none|              x_18_val|        scalar|
|x_19_val   |   in|   18|     ap_none|              x_19_val|        scalar|
|x_23_val   |   in|   18|     ap_none|              x_23_val|        scalar|
|x_32_val   |   in|   18|     ap_none|              x_32_val|        scalar|
|x_47_val   |   in|   18|     ap_none|              x_47_val|        scalar|
|x_50_val   |   in|   18|     ap_none|              x_50_val|        scalar|
|x_51_val   |   in|   18|     ap_none|              x_51_val|        scalar|
|x_52_val   |   in|   18|     ap_none|              x_52_val|        scalar|
+-----------+-----+-----+------------+----------------------+--------------+

