

================================================================
== Vitis HLS Report for 'decision_function_103'
================================================================
* Date:           Thu Jan 23 13:42:21 2025

* Version:        2024.1 (Build 5069499 on May 21 2024)
* Project:        my_prj
* Solution:       solution1 (Vivado IP Flow Target)
* Product family: virtexuplus
* Target device:  xcu250-figd2104-2L-e


================================================================
== Performance Estimates
================================================================
+ Timing: 
    * Summary: 
    +--------+---------+----------+------------+
    |  Clock |  Target | Estimated| Uncertainty|
    +--------+---------+----------+------------+
    |ap_clk  |  5.00 ns|  3.645 ns|     1.35 ns|
    +--------+---------+----------+------------+

+ Latency: 
    * Summary: 
    +---------+---------+----------+----------+-----+-----+---------+
    |  Latency (cycles) |  Latency (absolute) |  Interval | Pipeline|
    |   min   |   max   |    min   |    max   | min | max |   Type  |
    +---------+---------+----------+----------+-----+-----+---------+
    |        1|        1|  5.000 ns|  5.000 ns|    1|    1|      yes|
    +---------+---------+----------+----------+-----+-----+---------+

    + Detail: 
        * Instance: 
        N/A

        * Loop: 
        N/A



================================================================
== Utilization Estimates
================================================================
* Summary: 
+---------------------+---------+-------+---------+---------+------+
|         Name        | BRAM_18K|  DSP  |    FF   |   LUT   | URAM |
+---------------------+---------+-------+---------+---------+------+
|DSP                  |        -|      -|        -|        -|     -|
|Expression           |        -|      -|        0|     1069|     -|
|FIFO                 |        -|      -|        -|        -|     -|
|Instance             |        -|      -|        0|      145|     -|
|Memory               |        -|      -|        -|        -|     -|
|Multiplexer          |        -|      -|        -|        -|     -|
|Register             |        -|      -|       25|        -|     -|
+---------------------+---------+-------+---------+---------+------+
|Total                |        0|      0|       25|     1214|     0|
+---------------------+---------+-------+---------+---------+------+
|Available SLR        |     1344|   3072|   864000|   432000|   320|
+---------------------+---------+-------+---------+---------+------+
|Utilization SLR (%)  |        0|      0|       ~0|       ~0|     0|
+---------------------+---------+-------+---------+---------+------+
|Available            |     5376|  12288|  3456000|  1728000|  1280|
+---------------------+---------+-------+---------+---------+------+
|Utilization (%)      |        0|      0|       ~0|       ~0|     0|
+---------------------+---------+-------+---------+---------+------+

+ Detail: 
    * Instance: 
    +--------------------------------+--------------------------+---------+----+---+-----+-----+
    |            Instance            |          Module          | BRAM_18K| DSP| FF| LUT | URAM|
    +--------------------------------+--------------------------+---------+----+---+-----+-----+
    |sparsemux_63_5_12_1_1_x5_U2463  |sparsemux_63_5_12_1_1_x5  |        0|   0|  0|  145|    0|
    +--------------------------------+--------------------------+---------+----+---+-----+-----+
    |Total                           |                          |        0|   0|  0|  145|    0|
    +--------------------------------+--------------------------+---------+----+---+-----+-----+

    * DSP: 
    N/A

    * Memory: 
    N/A

    * FIFO: 
    N/A

    * Expression: 
    +------------------------------+----------+----+---+----+------------+------------+
    |         Variable Name        | Operation| DSP| FF| LUT| Bitwidth P0| Bitwidth P1|
    +------------------------------+----------+----+---+----+------------+------------+
    |and_ln102_2162_fu_618_p2      |       and|   0|  0|   2|           1|           1|
    |and_ln102_2163_fu_636_p2      |       and|   0|  0|   2|           1|           1|
    |and_ln102_2164_fu_654_p2      |       and|   0|  0|   2|           1|           1|
    |and_ln102_2165_fu_672_p2      |       and|   0|  0|   2|           1|           1|
    |and_ln102_2166_fu_1030_p2     |       and|   0|  0|   2|           1|           1|
    |and_ln102_2167_fu_690_p2      |       and|   0|  0|   2|           1|           1|
    |and_ln102_2168_fu_702_p2      |       and|   0|  0|   2|           1|           1|
    |and_ln102_2169_fu_714_p2      |       and|   0|  0|   2|           1|           1|
    |and_ln102_2170_fu_726_p2      |       and|   0|  0|   2|           1|           1|
    |and_ln102_2171_fu_1049_p2     |       and|   0|  0|   2|           1|           1|
    |and_ln102_2172_fu_732_p2      |       and|   0|  0|   2|           1|           1|
    |and_ln102_2173_fu_1058_p2     |       and|   0|  0|   2|           1|           1|
    |and_ln102_2174_fu_1068_p2     |       and|   0|  0|   2|           1|           1|
    |and_ln102_2175_fu_750_p2      |       and|   0|  0|   2|           1|           1|
    |and_ln102_2176_fu_756_p2      |       and|   0|  0|   2|           1|           1|
    |and_ln102_2177_fu_762_p2      |       and|   0|  0|   2|           1|           1|
    |and_ln102_2178_fu_768_p2      |       and|   0|  0|   2|           1|           1|
    |and_ln102_2179_fu_774_p2      |       and|   0|  0|   2|           1|           1|
    |and_ln102_2180_fu_780_p2      |       and|   0|  0|   2|           1|           1|
    |and_ln102_2181_fu_786_p2      |       and|   0|  0|   2|           1|           1|
    |and_ln102_2182_fu_792_p2      |       and|   0|  0|   2|           1|           1|
    |and_ln102_2183_fu_798_p2      |       and|   0|  0|   2|           1|           1|
    |and_ln102_2184_fu_804_p2      |       and|   0|  0|   2|           1|           1|
    |and_ln102_2185_fu_1078_p2     |       and|   0|  0|   2|           1|           1|
    |and_ln102_2186_fu_1083_p2     |       and|   0|  0|   2|           1|           1|
    |and_ln102_2187_fu_1088_p2     |       and|   0|  0|   2|           1|           1|
    |and_ln102_2188_fu_1093_p2     |       and|   0|  0|   2|           1|           1|
    |and_ln102_2189_fu_1098_p2     |       and|   0|  0|   2|           1|           1|
    |and_ln102_2190_fu_1103_p2     |       and|   0|  0|   2|           1|           1|
    |and_ln102_2191_fu_1107_p2     |       and|   0|  0|   2|           1|           1|
    |and_ln102_2192_fu_1112_p2     |       and|   0|  0|   2|           1|           1|
    |and_ln102_2193_fu_1117_p2     |       and|   0|  0|   2|           1|           1|
    |and_ln102_2194_fu_1123_p2     |       and|   0|  0|   2|           1|           1|
    |and_ln102_2195_fu_1128_p2     |       and|   0|  0|   2|           1|           1|
    |and_ln102_2196_fu_1133_p2     |       and|   0|  0|   2|           1|           1|
    |and_ln102_fu_600_p2           |       and|   0|  0|   2|           1|           1|
    |and_ln104_362_fu_630_p2       |       and|   0|  0|   2|           1|           1|
    |and_ln104_363_fu_648_p2       |       and|   0|  0|   2|           1|           1|
    |and_ln104_364_fu_666_p2       |       and|   0|  0|   2|           1|           1|
    |and_ln104_365_fu_684_p2       |       and|   0|  0|   2|           1|           1|
    |and_ln104_366_fu_1039_p2      |       and|   0|  0|   2|           1|           1|
    |and_ln104_367_fu_744_p2       |       and|   0|  0|   2|           1|           1|
    |and_ln104_fu_612_p2           |       and|   0|  0|   2|           1|           1|
    |icmp_ln86_1916_fu_420_p2      |      icmp|   0|  0|  25|          18|          17|
    |icmp_ln86_1917_fu_426_p2      |      icmp|   0|  0|  25|          18|          13|
    |icmp_ln86_1918_fu_432_p2      |      icmp|   0|  0|  25|          18|          13|
    |icmp_ln86_1919_fu_438_p2      |      icmp|   0|  0|  25|          18|           4|
    |icmp_ln86_1920_fu_444_p2      |      icmp|   0|  0|  25|          18|          13|
    |icmp_ln86_1921_fu_450_p2      |      icmp|   0|  0|  25|          18|          14|
    |icmp_ln86_1922_fu_456_p2      |      icmp|   0|  0|  25|          18|          10|
    |icmp_ln86_1923_fu_462_p2      |      icmp|   0|  0|  25|          18|          10|
    |icmp_ln86_1924_fu_468_p2      |      icmp|   0|  0|  25|          18|          12|
    |icmp_ln86_1925_fu_474_p2      |      icmp|   0|  0|  25|          18|          10|
    |icmp_ln86_1926_fu_480_p2      |      icmp|   0|  0|  25|          18|           9|
    |icmp_ln86_1927_fu_486_p2      |      icmp|   0|  0|  25|          18|           9|
    |icmp_ln86_1928_fu_492_p2      |      icmp|   0|  0|  25|          18|           7|
    |icmp_ln86_1929_fu_498_p2      |      icmp|   0|  0|  25|          18|           8|
    |icmp_ln86_1930_fu_504_p2      |      icmp|   0|  0|  25|          18|          17|
    |icmp_ln86_1931_fu_510_p2      |      icmp|   0|  0|  25|          18|          17|
    |icmp_ln86_1932_fu_516_p2      |      icmp|   0|  0|  25|          18|           4|
    |icmp_ln86_1933_fu_522_p2      |      icmp|   0|  0|  25|          18|          17|
    |icmp_ln86_1934_fu_528_p2      |      icmp|   0|  0|  25|          18|          10|
    |icmp_ln86_1935_fu_534_p2      |      icmp|   0|  0|  25|          18|           9|
    |icmp_ln86_1936_fu_540_p2      |      icmp|   0|  0|  25|          18|           9|
    |icmp_ln86_1937_fu_546_p2      |      icmp|   0|  0|  25|          18|           6|
    |icmp_ln86_1938_fu_552_p2      |      icmp|   0|  0|  25|          18|           7|
    |icmp_ln86_1939_fu_558_p2      |      icmp|   0|  0|  25|          18|          12|
    |icmp_ln86_1940_fu_564_p2      |      icmp|   0|  0|  25|          18|          11|
    |icmp_ln86_1941_fu_570_p2      |      icmp|   0|  0|  25|          18|          14|
    |icmp_ln86_1942_fu_576_p2      |      icmp|   0|  0|  25|          18|          10|
    |icmp_ln86_1943_fu_582_p2      |      icmp|   0|  0|  25|          18|           8|
    |icmp_ln86_1944_fu_588_p2      |      icmp|   0|  0|  25|          18|          14|
    |icmp_ln86_fu_414_p2           |      icmp|   0|  0|  25|          18|           3|
    |or_ln117_1744_fu_826_p2       |        or|   0|  0|   2|           1|           1|
    |or_ln117_1745_fu_840_p2       |        or|   0|  0|   2|           1|           1|
    |or_ln117_1746_fu_858_p2       |        or|   0|  0|   2|           1|           1|
    |or_ln117_1747_fu_872_p2       |        or|   0|  0|   2|           1|           1|
    |or_ln117_1748_fu_886_p2       |        or|   0|  0|   2|           1|           1|
    |or_ln117_1749_fu_900_p2       |        or|   0|  0|   2|           1|           1|
    |or_ln117_1750_fu_918_p2       |        or|   0|  0|   2|           1|           1|
    |or_ln117_1751_fu_932_p2       |        or|   0|  0|   2|           1|           1|
    |or_ln117_1752_fu_946_p2       |        or|   0|  0|   2|           1|           1|
    |or_ln117_1753_fu_960_p2       |        or|   0|  0|   2|           1|           1|
    |or_ln117_1754_fu_974_p2       |        or|   0|  0|   2|           1|           1|
    |or_ln117_1755_fu_988_p2       |        or|   0|  0|   2|           1|           1|
    |or_ln117_1756_fu_1002_p2      |        or|   0|  0|   2|           1|           1|
    |or_ln117_1757_fu_1139_p2      |        or|   0|  0|   2|           1|           1|
    |or_ln117_1758_fu_1024_p2      |        or|   0|  0|   2|           1|           1|
    |or_ln117_1759_fu_1155_p2      |        or|   0|  0|   2|           1|           1|
    |or_ln117_1760_fu_1167_p2      |        or|   0|  0|   2|           1|           1|
    |or_ln117_1761_fu_1180_p2      |        or|   0|  0|   2|           1|           1|
    |or_ln117_1762_fu_1194_p2      |        or|   0|  0|   2|           1|           1|
    |or_ln117_1763_fu_1206_p2      |        or|   0|  0|   2|           1|           1|
    |or_ln117_1764_fu_1220_p2      |        or|   0|  0|   2|           1|           1|
    |or_ln117_1765_fu_1233_p2      |        or|   0|  0|   2|           1|           1|
    |or_ln117_1766_fu_1247_p2      |        or|   0|  0|   2|           1|           1|
    |or_ln117_1767_fu_1261_p2      |        or|   0|  0|   2|           1|           1|
    |or_ln117_1768_fu_1275_p2      |        or|   0|  0|   2|           1|           1|
    |or_ln117_1769_fu_1289_p2      |        or|   0|  0|   2|           1|           1|
    |or_ln117_1770_fu_1303_p2      |        or|   0|  0|   2|           1|           1|
    |or_ln117_1771_fu_1317_p2      |        or|   0|  0|   2|           1|           1|
    |or_ln117_1772_fu_1331_p2      |        or|   0|  0|   2|           1|           1|
    |or_ln117_fu_810_p2            |        or|   0|  0|   2|           1|           1|
    |ap_return                     |    select|   0|  0|  12|           1|          12|
    |select_ln117_1863_fu_846_p3   |    select|   0|  0|   2|           1|           2|
    |select_ln117_1864_fu_864_p3   |    select|   0|  0|   4|           1|           3|
    |select_ln117_1865_fu_878_p3   |    select|   0|  0|   3|           1|           3|
    |select_ln117_1866_fu_892_p3   |    select|   0|  0|   3|           1|           3|
    |select_ln117_1867_fu_906_p3   |    select|   0|  0|   3|           1|           3|
    |select_ln117_1868_fu_924_p3   |    select|   0|  0|   5|           1|           4|
    |select_ln117_1869_fu_938_p3   |    select|   0|  0|   4|           1|           4|
    |select_ln117_1870_fu_952_p3   |    select|   0|  0|   4|           1|           4|
    |select_ln117_1871_fu_966_p3   |    select|   0|  0|   4|           1|           4|
    |select_ln117_1872_fu_980_p3   |    select|   0|  0|   4|           1|           4|
    |select_ln117_1873_fu_994_p3   |    select|   0|  0|   4|           1|           4|
    |select_ln117_1874_fu_1008_p3  |    select|   0|  0|   4|           1|           4|
    |select_ln117_1875_fu_1016_p3  |    select|   0|  0|   4|           1|           4|
    |select_ln117_1876_fu_1147_p3  |    select|   0|  0|   6|           1|           5|
    |select_ln117_1877_fu_1160_p3  |    select|   0|  0|   5|           1|           5|
    |select_ln117_1878_fu_1172_p3  |    select|   0|  0|   5|           1|           5|
    |select_ln117_1879_fu_1186_p3  |    select|   0|  0|   5|           1|           5|
    |select_ln117_1880_fu_1198_p3  |    select|   0|  0|   5|           1|           5|
    |select_ln117_1881_fu_1212_p3  |    select|   0|  0|   5|           1|           5|
    |select_ln117_1882_fu_1225_p3  |    select|   0|  0|   5|           1|           5|
    |select_ln117_1883_fu_1239_p3  |    select|   0|  0|   5|           1|           5|
    |select_ln117_1884_fu_1253_p3  |    select|   0|  0|   5|           1|           5|
    |select_ln117_1885_fu_1267_p3  |    select|   0|  0|   5|           1|           5|
    |select_ln117_1886_fu_1281_p3  |    select|   0|  0|   5|           1|           5|
    |select_ln117_1887_fu_1295_p3  |    select|   0|  0|   5|           1|           5|
    |select_ln117_1888_fu_1309_p3  |    select|   0|  0|   5|           1|           5|
    |select_ln117_1889_fu_1323_p3  |    select|   0|  0|   5|           1|           5|
    |select_ln117_fu_832_p3        |    select|   0|  0|   3|           1|           2|
    |tmp_fu_1344_p64               |    select|   0|  0|   5|           1|           5|
    |ap_enable_pp0                 |       xor|   0|  0|   2|           1|           2|
    |xor_ln104_917_fu_606_p2       |       xor|   0|  0|   2|           1|           2|
    |xor_ln104_918_fu_624_p2       |       xor|   0|  0|   2|           1|           2|
    |xor_ln104_919_fu_642_p2       |       xor|   0|  0|   2|           1|           2|
    |xor_ln104_920_fu_660_p2       |       xor|   0|  0|   2|           1|           2|
    |xor_ln104_921_fu_678_p2       |       xor|   0|  0|   2|           1|           2|
    |xor_ln104_922_fu_1034_p2      |       xor|   0|  0|   2|           1|           2|
    |xor_ln104_923_fu_696_p2       |       xor|   0|  0|   2|           1|           2|
    |xor_ln104_924_fu_708_p2       |       xor|   0|  0|   2|           1|           2|
    |xor_ln104_925_fu_720_p2       |       xor|   0|  0|   2|           1|           2|
    |xor_ln104_926_fu_1044_p2      |       xor|   0|  0|   2|           1|           2|
    |xor_ln104_927_fu_1053_p2      |       xor|   0|  0|   2|           1|           2|
    |xor_ln104_928_fu_738_p2       |       xor|   0|  0|   2|           1|           2|
    |xor_ln104_929_fu_1063_p2      |       xor|   0|  0|   2|           1|           2|
    |xor_ln104_930_fu_1073_p2      |       xor|   0|  0|   2|           1|           2|
    |xor_ln104_fu_594_p2           |       xor|   0|  0|   2|           1|           2|
    |xor_ln117_fu_816_p2           |       xor|   0|  0|   2|           2|           1|
    +------------------------------+----------+----+---+----+------------+------------+
    |Total                         |          |   0|  0|1069|         661|         558|
    +------------------------------+----------+----+---+----+------------+------------+

    * Multiplexer: 
    N/A

    * Register: 
    +----------------------------+---+----+-----+-----------+
    |            Name            | FF| LUT| Bits| Const Bits|
    +----------------------------+---+----+-----+-----------+
    |and_ln102_2165_reg_1565     |  1|   0|    1|          0|
    |and_ln104_362_reg_1553      |  1|   0|    1|          0|
    |and_ln104_364_reg_1560      |  1|   0|    1|          0|
    |and_ln104_367_reg_1572      |  1|   0|    1|          0|
    |ap_CS_fsm                   |  1|   0|    1|          0|
    |ap_enable_reg_pp0_iter1     |  1|   0|    1|          0|
    |icmp_ln86_1921_reg_1484     |  1|   0|    1|          0|
    |icmp_ln86_1925_reg_1490     |  1|   0|    1|          0|
    |icmp_ln86_1926_reg_1495     |  1|   0|    1|          0|
    |icmp_ln86_1928_reg_1501     |  1|   0|    1|          0|
    |icmp_ln86_1929_reg_1507     |  1|   0|    1|          0|
    |icmp_ln86_1937_reg_1513     |  1|   0|    1|          0|
    |icmp_ln86_1938_reg_1518     |  1|   0|    1|          0|
    |icmp_ln86_1939_reg_1523     |  1|   0|    1|          0|
    |icmp_ln86_1940_reg_1528     |  1|   0|    1|          0|
    |icmp_ln86_1941_reg_1533     |  1|   0|    1|          0|
    |icmp_ln86_1942_reg_1538     |  1|   0|    1|          0|
    |icmp_ln86_1943_reg_1543     |  1|   0|    1|          0|
    |icmp_ln86_1944_reg_1548     |  1|   0|    1|          0|
    |or_ln117_1756_reg_1578      |  1|   0|    1|          0|
    |or_ln117_1758_reg_1588      |  1|   0|    1|          0|
    |select_ln117_1875_reg_1583  |  4|   0|    4|          0|
    +----------------------------+---+----+-----+-----------+
    |Total                       | 25|   0|   25|          0|
    +----------------------------+---+----+-----+-----------+



================================================================
== Interface
================================================================
* Summary: 
+-----------+-----+-----+------------+-----------------------+--------------+
| RTL Ports | Dir | Bits|  Protocol  |     Source Object     |    C Type    |
+-----------+-----+-----+------------+-----------------------+--------------+
|ap_clk     |   in|    1|  ap_ctrl_hs|  decision_function.103|  return value|
|ap_rst     |   in|    1|  ap_ctrl_hs|  decision_function.103|  return value|
|ap_start   |   in|    1|  ap_ctrl_hs|  decision_function.103|  return value|
|ap_done    |  out|    1|  ap_ctrl_hs|  decision_function.103|  return value|
|ap_idle    |  out|    1|  ap_ctrl_hs|  decision_function.103|  return value|
|ap_ready   |  out|    1|  ap_ctrl_hs|  decision_function.103|  return value|
|ap_return  |  out|   12|  ap_ctrl_hs|  decision_function.103|  return value|
|x_2_val    |   in|   18|     ap_none|                x_2_val|        scalar|
|x_3_val    |   in|   18|     ap_none|                x_3_val|        scalar|
|x_5_val    |   in|   18|     ap_none|                x_5_val|        scalar|
|x_8_val    |   in|   18|     ap_none|                x_8_val|        scalar|
|x_10_val   |   in|   18|     ap_none|               x_10_val|        scalar|
|x_13_val   |   in|   18|     ap_none|               x_13_val|        scalar|
|x_15_val   |   in|   18|     ap_none|               x_15_val|        scalar|
|x_18_val   |   in|   18|     ap_none|               x_18_val|        scalar|
|x_19_val   |   in|   18|     ap_none|               x_19_val|        scalar|
|x_21_val   |   in|   18|     ap_none|               x_21_val|        scalar|
|x_25_val   |   in|   18|     ap_none|               x_25_val|        scalar|
|x_28_val   |   in|   18|     ap_none|               x_28_val|        scalar|
|x_31_val   |   in|   18|     ap_none|               x_31_val|        scalar|
|x_32_val   |   in|   18|     ap_none|               x_32_val|        scalar|
|x_33_val   |   in|   18|     ap_none|               x_33_val|        scalar|
|x_37_val   |   in|   18|     ap_none|               x_37_val|        scalar|
|x_38_val   |   in|   18|     ap_none|               x_38_val|        scalar|
|x_45_val   |   in|   18|     ap_none|               x_45_val|        scalar|
|x_46_val   |   in|   18|     ap_none|               x_46_val|        scalar|
|x_47_val   |   in|   18|     ap_none|               x_47_val|        scalar|
|x_49_val   |   in|   18|     ap_none|               x_49_val|        scalar|
|x_50_val   |   in|   18|     ap_none|               x_50_val|        scalar|
|x_51_val   |   in|   18|     ap_none|               x_51_val|        scalar|
+-----------+-----+-----+------------+-----------------------+--------------+

