

================================================================
== Vitis HLS Report for 'decision_function_27'
================================================================
* Date:           Thu Jan 23 13:41:49 2025

* Version:        2024.1 (Build 5069499 on May 21 2024)
* Project:        my_prj
* Solution:       solution1 (Vivado IP Flow Target)
* Product family: virtexuplus
* Target device:  xcu250-figd2104-2L-e


================================================================
== Performance Estimates
================================================================
+ Timing: 
    * Summary: 
    +--------+---------+----------+------------+
    |  Clock |  Target | Estimated| Uncertainty|
    +--------+---------+----------+------------+
    |ap_clk  |  5.00 ns|  3.523 ns|     1.35 ns|
    +--------+---------+----------+------------+

+ Latency: 
    * Summary: 
    +---------+---------+----------+----------+-----+-----+---------+
    |  Latency (cycles) |  Latency (absolute) |  Interval | Pipeline|
    |   min   |   max   |    min   |    max   | min | max |   Type  |
    +---------+---------+----------+----------+-----+-----+---------+
    |        1|        1|  5.000 ns|  5.000 ns|    1|    1|      yes|
    +---------+---------+----------+----------+-----+-----+---------+

    + Detail: 
        * Instance: 
        N/A

        * Loop: 
        N/A



================================================================
== Utilization Estimates
================================================================
* Summary: 
+---------------------+---------+-------+---------+---------+------+
|         Name        | BRAM_18K|  DSP  |    FF   |   LUT   | URAM |
+---------------------+---------+-------+---------+---------+------+
|DSP                  |        -|      -|        -|        -|     -|
|Expression           |        -|      -|        0|     1070|     -|
|FIFO                 |        -|      -|        -|        -|     -|
|Instance             |        -|      -|        0|      145|     -|
|Memory               |        -|      -|        -|        -|     -|
|Multiplexer          |        -|      -|        -|        -|     -|
|Register             |        -|      -|       23|        -|     -|
+---------------------+---------+-------+---------+---------+------+
|Total                |        0|      0|       23|     1215|     0|
+---------------------+---------+-------+---------+---------+------+
|Available SLR        |     1344|   3072|   864000|   432000|   320|
+---------------------+---------+-------+---------+---------+------+
|Utilization SLR (%)  |        0|      0|       ~0|       ~0|     0|
+---------------------+---------+-------+---------+---------+------+
|Available            |     5376|  12288|  3456000|  1728000|  1280|
+---------------------+---------+-------+---------+---------+------+
|Utilization (%)      |        0|      0|       ~0|       ~0|     0|
+---------------------+---------+-------+---------+---------+------+

+ Detail: 
    * Instance: 
    +--------------------------------+--------------------------+---------+----+---+-----+-----+
    |            Instance            |          Module          | BRAM_18K| DSP| FF| LUT | URAM|
    +--------------------------------+--------------------------+---------+----+---+-----+-----+
    |sparsemux_63_5_13_1_1_x1_U1563  |sparsemux_63_5_13_1_1_x1  |        0|   0|  0|  145|    0|
    +--------------------------------+--------------------------+---------+----+---+-----+-----+
    |Total                           |                          |        0|   0|  0|  145|    0|
    +--------------------------------+--------------------------+---------+----+---+-----+-----+

    * DSP: 
    N/A

    * Memory: 
    N/A

    * FIFO: 
    N/A

    * Expression: 
    +-----------------------------+----------+----+---+----+------------+------------+
    |        Variable Name        | Operation| DSP| FF| LUT| Bitwidth P0| Bitwidth P1|
    +-----------------------------+----------+----+---+----+------------+------------+
    |and_ln102_688_fu_1001_p2     |       and|   0|  0|   2|           1|           1|
    |and_ln102_689_fu_632_p2      |       and|   0|  0|   2|           1|           1|
    |and_ln102_690_fu_650_p2      |       and|   0|  0|   2|           1|           1|
    |and_ln102_691_fu_1017_p2     |       and|   0|  0|   2|           1|           1|
    |and_ln102_692_fu_1033_p2     |       and|   0|  0|   2|           1|           1|
    |and_ln102_693_fu_668_p2      |       and|   0|  0|   2|           1|           1|
    |and_ln102_694_fu_680_p2      |       and|   0|  0|   2|           1|           1|
    |and_ln102_695_fu_692_p2      |       and|   0|  0|   2|           1|           1|
    |and_ln102_696_fu_704_p2      |       and|   0|  0|   2|           1|           1|
    |and_ln102_697_fu_1049_p2     |       and|   0|  0|   2|           1|           1|
    |and_ln102_698_fu_1059_p2     |       and|   0|  0|   2|           1|           1|
    |and_ln102_699_fu_1069_p2     |       and|   0|  0|   2|           1|           1|
    |and_ln102_700_fu_1079_p2     |       and|   0|  0|   2|           1|           1|
    |and_ln102_701_fu_722_p2      |       and|   0|  0|   2|           1|           1|
    |and_ln102_702_fu_734_p2      |       and|   0|  0|   2|           1|           1|
    |and_ln102_703_fu_740_p2      |       and|   0|  0|   2|           1|           1|
    |and_ln102_704_fu_752_p2      |       and|   0|  0|   2|           1|           1|
    |and_ln102_705_fu_758_p2      |       and|   0|  0|   2|           1|           1|
    |and_ln102_706_fu_770_p2      |       and|   0|  0|   2|           1|           1|
    |and_ln102_707_fu_776_p2      |       and|   0|  0|   2|           1|           1|
    |and_ln102_708_fu_1089_p2     |       and|   0|  0|   2|           1|           1|
    |and_ln102_709_fu_1099_p2     |       and|   0|  0|   2|           1|           1|
    |and_ln102_710_fu_1105_p2     |       and|   0|  0|   2|           1|           1|
    |and_ln102_711_fu_1115_p2     |       and|   0|  0|   2|           1|           1|
    |and_ln102_712_fu_1121_p2     |       and|   0|  0|   2|           1|           1|
    |and_ln102_713_fu_1131_p2     |       and|   0|  0|   2|           1|           1|
    |and_ln102_714_fu_1137_p2     |       and|   0|  0|   2|           1|           1|
    |and_ln102_715_fu_1147_p2     |       and|   0|  0|   2|           1|           1|
    |and_ln102_716_fu_728_p2      |       and|   0|  0|   2|           1|           1|
    |and_ln102_717_fu_746_p2      |       and|   0|  0|   2|           1|           1|
    |and_ln102_718_fu_764_p2      |       and|   0|  0|   2|           1|           1|
    |and_ln102_719_fu_1094_p2     |       and|   0|  0|   2|           1|           1|
    |and_ln102_720_fu_1110_p2     |       and|   0|  0|   2|           1|           1|
    |and_ln102_721_fu_1126_p2     |       and|   0|  0|   2|           1|           1|
    |and_ln102_722_fu_1142_p2     |       and|   0|  0|   2|           1|           1|
    |and_ln102_fu_614_p2          |       and|   0|  0|   2|           1|           1|
    |and_ln104_140_fu_1011_p2     |       and|   0|  0|   2|           1|           1|
    |and_ln104_141_fu_644_p2      |       and|   0|  0|   2|           1|           1|
    |and_ln104_142_fu_662_p2      |       and|   0|  0|   2|           1|           1|
    |and_ln104_143_fu_1027_p2     |       and|   0|  0|   2|           1|           1|
    |and_ln104_144_fu_1043_p2     |       and|   0|  0|   2|           1|           1|
    |and_ln104_145_fu_716_p2      |       and|   0|  0|   2|           1|           1|
    |and_ln104_fu_626_p2          |       and|   0|  0|   2|           1|           1|
    |icmp_ln86_716_fu_440_p2      |      icmp|   0|  0|  25|          18|          18|
    |icmp_ln86_717_fu_446_p2      |      icmp|   0|  0|  25|          18|          18|
    |icmp_ln86_718_fu_452_p2      |      icmp|   0|  0|  25|          18|          18|
    |icmp_ln86_719_fu_458_p2      |      icmp|   0|  0|  25|          18|           7|
    |icmp_ln86_720_fu_464_p2      |      icmp|   0|  0|  25|          18|          18|
    |icmp_ln86_721_fu_470_p2      |      icmp|   0|  0|  25|          18|           9|
    |icmp_ln86_722_fu_476_p2      |      icmp|   0|  0|  25|          18|           9|
    |icmp_ln86_723_fu_482_p2      |      icmp|   0|  0|  25|          18|           6|
    |icmp_ln86_724_fu_488_p2      |      icmp|   0|  0|  25|          18|           8|
    |icmp_ln86_725_fu_494_p2      |      icmp|   0|  0|  25|          18|           9|
    |icmp_ln86_726_fu_500_p2      |      icmp|   0|  0|  25|          18|          15|
    |icmp_ln86_727_fu_506_p2      |      icmp|   0|  0|  25|          18|           7|
    |icmp_ln86_728_fu_512_p2      |      icmp|   0|  0|  25|          18|          11|
    |icmp_ln86_729_fu_518_p2      |      icmp|   0|  0|  25|          18|          17|
    |icmp_ln86_730_fu_524_p2      |      icmp|   0|  0|  25|          18|           5|
    |icmp_ln86_731_fu_530_p2      |      icmp|   0|  0|  25|          18|          18|
    |icmp_ln86_732_fu_536_p2      |      icmp|   0|  0|  25|          18|           3|
    |icmp_ln86_733_fu_542_p2      |      icmp|   0|  0|  25|          18|          12|
    |icmp_ln86_734_fu_548_p2      |      icmp|   0|  0|  25|          18|           8|
    |icmp_ln86_735_fu_554_p2      |      icmp|   0|  0|  25|          18|           7|
    |icmp_ln86_736_fu_560_p2      |      icmp|   0|  0|  25|          18|           7|
    |icmp_ln86_737_fu_566_p2      |      icmp|   0|  0|  25|          18|          15|
    |icmp_ln86_738_fu_572_p2      |      icmp|   0|  0|  25|          18|          18|
    |icmp_ln86_739_fu_578_p2      |      icmp|   0|  0|  25|          18|          15|
    |icmp_ln86_740_fu_584_p2      |      icmp|   0|  0|  25|          18|          16|
    |icmp_ln86_741_fu_590_p2      |      icmp|   0|  0|  25|          18|           7|
    |icmp_ln86_742_fu_596_p2      |      icmp|   0|  0|  25|          18|          11|
    |icmp_ln86_743_fu_602_p2      |      icmp|   0|  0|  25|          18|          10|
    |icmp_ln86_744_fu_608_p2      |      icmp|   0|  0|  25|          18|           8|
    |icmp_ln86_fu_434_p2          |      icmp|   0|  0|  25|          18|          18|
    |or_ln117_655_fu_798_p2       |        or|   0|  0|   2|           1|           1|
    |or_ln117_656_fu_812_p2       |        or|   0|  0|   2|           1|           1|
    |or_ln117_657_fu_830_p2       |        or|   0|  0|   2|           1|           1|
    |or_ln117_658_fu_844_p2       |        or|   0|  0|   2|           1|           1|
    |or_ln117_659_fu_858_p2       |        or|   0|  0|   2|           1|           1|
    |or_ln117_660_fu_872_p2       |        or|   0|  0|   2|           1|           1|
    |or_ln117_661_fu_890_p2       |        or|   0|  0|   2|           1|           1|
    |or_ln117_662_fu_904_p2       |        or|   0|  0|   2|           1|           1|
    |or_ln117_663_fu_918_p2       |        or|   0|  0|   2|           1|           1|
    |or_ln117_664_fu_932_p2       |        or|   0|  0|   2|           1|           1|
    |or_ln117_665_fu_946_p2       |        or|   0|  0|   2|           1|           1|
    |or_ln117_666_fu_960_p2       |        or|   0|  0|   2|           1|           1|
    |or_ln117_667_fu_974_p2       |        or|   0|  0|   2|           1|           1|
    |or_ln117_668_fu_1153_p2      |        or|   0|  0|   2|           1|           1|
    |or_ln117_669_fu_1161_p2      |        or|   0|  0|   2|           1|           1|
    |or_ln117_670_fu_1174_p2      |        or|   0|  0|   2|           1|           1|
    |or_ln117_671_fu_1188_p2      |        or|   0|  0|   2|           1|           1|
    |or_ln117_672_fu_1201_p2      |        or|   0|  0|   2|           1|           1|
    |or_ln117_673_fu_1215_p2      |        or|   0|  0|   2|           1|           1|
    |or_ln117_674_fu_1229_p2      |        or|   0|  0|   2|           1|           1|
    |or_ln117_675_fu_1243_p2      |        or|   0|  0|   2|           1|           1|
    |or_ln117_676_fu_1256_p2      |        or|   0|  0|   2|           1|           1|
    |or_ln117_677_fu_1270_p2      |        or|   0|  0|   2|           1|           1|
    |or_ln117_678_fu_1284_p2      |        or|   0|  0|   2|           1|           1|
    |or_ln117_679_fu_1298_p2      |        or|   0|  0|   2|           1|           1|
    |or_ln117_680_fu_1312_p2      |        or|   0|  0|   2|           1|           1|
    |or_ln117_681_fu_1326_p2      |        or|   0|  0|   2|           1|           1|
    |or_ln117_682_fu_1340_p2      |        or|   0|  0|   2|           1|           1|
    |or_ln117_683_fu_1354_p2      |        or|   0|  0|   2|           1|           1|
    |or_ln117_fu_782_p2           |        or|   0|  0|   2|           1|           1|
    |ap_return                    |    select|   0|  0|  13|           1|          13|
    |select_ln117_695_fu_818_p3   |    select|   0|  0|   2|           1|           2|
    |select_ln117_696_fu_836_p3   |    select|   0|  0|   4|           1|           3|
    |select_ln117_697_fu_850_p3   |    select|   0|  0|   3|           1|           3|
    |select_ln117_698_fu_864_p3   |    select|   0|  0|   3|           1|           3|
    |select_ln117_699_fu_878_p3   |    select|   0|  0|   3|           1|           3|
    |select_ln117_700_fu_896_p3   |    select|   0|  0|   5|           1|           4|
    |select_ln117_701_fu_910_p3   |    select|   0|  0|   4|           1|           4|
    |select_ln117_702_fu_924_p3   |    select|   0|  0|   4|           1|           4|
    |select_ln117_703_fu_938_p3   |    select|   0|  0|   4|           1|           4|
    |select_ln117_704_fu_952_p3   |    select|   0|  0|   4|           1|           4|
    |select_ln117_705_fu_966_p3   |    select|   0|  0|   4|           1|           4|
    |select_ln117_706_fu_980_p3   |    select|   0|  0|   4|           1|           4|
    |select_ln117_707_fu_988_p3   |    select|   0|  0|   4|           1|           4|
    |select_ln117_708_fu_1166_p3  |    select|   0|  0|   6|           1|           5|
    |select_ln117_709_fu_1180_p3  |    select|   0|  0|   5|           1|           5|
    |select_ln117_710_fu_1193_p3  |    select|   0|  0|   5|           1|           5|
    |select_ln117_711_fu_1207_p3  |    select|   0|  0|   5|           1|           5|
    |select_ln117_712_fu_1221_p3  |    select|   0|  0|   5|           1|           5|
    |select_ln117_713_fu_1235_p3  |    select|   0|  0|   5|           1|           5|
    |select_ln117_714_fu_1248_p3  |    select|   0|  0|   5|           1|           5|
    |select_ln117_715_fu_1262_p3  |    select|   0|  0|   5|           1|           5|
    |select_ln117_716_fu_1276_p3  |    select|   0|  0|   5|           1|           5|
    |select_ln117_717_fu_1290_p3  |    select|   0|  0|   5|           1|           5|
    |select_ln117_718_fu_1304_p3  |    select|   0|  0|   5|           1|           5|
    |select_ln117_719_fu_1318_p3  |    select|   0|  0|   5|           1|           5|
    |select_ln117_720_fu_1332_p3  |    select|   0|  0|   5|           1|           5|
    |select_ln117_721_fu_1346_p3  |    select|   0|  0|   5|           1|           5|
    |select_ln117_fu_804_p3       |    select|   0|  0|   3|           1|           2|
    |tmp_fu_1367_p64              |    select|   0|  0|   5|           1|           5|
    |ap_enable_pp0                |       xor|   0|  0|   2|           1|           2|
    |xor_ln104_344_fu_620_p2      |       xor|   0|  0|   2|           1|           2|
    |xor_ln104_345_fu_1006_p2     |       xor|   0|  0|   2|           1|           2|
    |xor_ln104_346_fu_638_p2      |       xor|   0|  0|   2|           1|           2|
    |xor_ln104_347_fu_656_p2      |       xor|   0|  0|   2|           1|           2|
    |xor_ln104_348_fu_1022_p2     |       xor|   0|  0|   2|           1|           2|
    |xor_ln104_349_fu_1038_p2     |       xor|   0|  0|   2|           1|           2|
    |xor_ln104_350_fu_674_p2      |       xor|   0|  0|   2|           1|           2|
    |xor_ln104_351_fu_686_p2      |       xor|   0|  0|   2|           1|           2|
    |xor_ln104_352_fu_698_p2      |       xor|   0|  0|   2|           1|           2|
    |xor_ln104_353_fu_710_p2      |       xor|   0|  0|   2|           1|           2|
    |xor_ln104_354_fu_1054_p2     |       xor|   0|  0|   2|           1|           2|
    |xor_ln104_355_fu_1064_p2     |       xor|   0|  0|   2|           1|           2|
    |xor_ln104_356_fu_1074_p2     |       xor|   0|  0|   2|           1|           2|
    |xor_ln104_357_fu_1084_p2     |       xor|   0|  0|   2|           1|           2|
    |xor_ln104_fu_996_p2          |       xor|   0|  0|   2|           1|           2|
    |xor_ln117_fu_788_p2          |       xor|   0|  0|   2|           2|           1|
    +-----------------------------+----------+----+---+----+------------+------------+
    |Total                        |          |   0|  0|1070|         661|         590|
    +-----------------------------+----------+----+---+----+------------+------------+

    * Multiplexer: 
    N/A

    * Register: 
    +---------------------------+---+----+-----+-----------+
    |            Name           | FF| LUT| Bits| Const Bits|
    +---------------------------+---+----+-----+-----------+
    |ap_CS_fsm                  |  1|   0|    1|          0|
    |ap_enable_reg_pp0_iter1    |  1|   0|    1|          0|
    |icmp_ln86_717_reg_1512     |  1|   0|    1|          0|
    |icmp_ln86_720_reg_1518     |  1|   0|    1|          0|
    |icmp_ln86_721_reg_1524     |  1|   0|    1|          0|
    |icmp_ln86_726_reg_1530     |  1|   0|    1|          0|
    |icmp_ln86_727_reg_1536     |  1|   0|    1|          0|
    |icmp_ln86_728_reg_1542     |  1|   0|    1|          0|
    |icmp_ln86_729_reg_1548     |  1|   0|    1|          0|
    |icmp_ln86_737_reg_1554     |  1|   0|    1|          0|
    |icmp_ln86_738_reg_1559     |  1|   0|    1|          0|
    |icmp_ln86_739_reg_1564     |  1|   0|    1|          0|
    |icmp_ln86_740_reg_1569     |  1|   0|    1|          0|
    |icmp_ln86_741_reg_1574     |  1|   0|    1|          0|
    |icmp_ln86_742_reg_1579     |  1|   0|    1|          0|
    |icmp_ln86_743_reg_1584     |  1|   0|    1|          0|
    |icmp_ln86_744_reg_1589     |  1|   0|    1|          0|
    |icmp_ln86_reg_1507         |  1|   0|    1|          0|
    |or_ln117_667_reg_1594      |  1|   0|    1|          0|
    |select_ln117_707_reg_1603  |  4|   0|    4|          0|
    +---------------------------+---+----+-----+-----------+
    |Total                      | 23|   0|   23|          0|
    +---------------------------+---+----+-----+-----------+



================================================================
== Interface
================================================================
* Summary: 
+-----------+-----+-----+------------+----------------------+--------------+
| RTL Ports | Dir | Bits|  Protocol  |     Source Object    |    C Type    |
+-----------+-----+-----+------------+----------------------+--------------+
|ap_clk     |   in|    1|  ap_ctrl_hs|  decision_function.27|  return value|
|ap_rst     |   in|    1|  ap_ctrl_hs|  decision_function.27|  return value|
|ap_start   |   in|    1|  ap_ctrl_hs|  decision_function.27|  return value|
|ap_done    |  out|    1|  ap_ctrl_hs|  decision_function.27|  return value|
|ap_idle    |  out|    1|  ap_ctrl_hs|  decision_function.27|  return value|
|ap_ready   |  out|    1|  ap_ctrl_hs|  decision_function.27|  return value|
|ap_return  |  out|   13|  ap_ctrl_hs|  decision_function.27|  return value|
|x_3_val    |   in|   18|     ap_none|               x_3_val|        scalar|
|x_6_val    |   in|   18|     ap_none|               x_6_val|        scalar|
|x_7_val    |   in|   18|     ap_none|               x_7_val|        scalar|
|x_10_val   |   in|   18|     ap_none|              x_10_val|        scalar|
|x_11_val   |   in|   18|     ap_none|              x_11_val|        scalar|
|x_14_val   |   in|   18|     ap_none|              x_14_val|        scalar|
|x_16_val   |   in|   18|     ap_none|              x_16_val|        scalar|
|x_17_val   |   in|   18|     ap_none|              x_17_val|        scalar|
|x_18_val   |   in|   18|     ap_none|              x_18_val|        scalar|
|x_21_val   |   in|   18|     ap_none|              x_21_val|        scalar|
|x_23_val   |   in|   18|     ap_none|              x_23_val|        scalar|
|x_25_val   |   in|   18|     ap_none|              x_25_val|        scalar|
|x_26_val   |   in|   18|     ap_none|              x_26_val|        scalar|
|x_29_val   |   in|   18|     ap_none|              x_29_val|        scalar|
|x_31_val   |   in|   18|     ap_none|              x_31_val|        scalar|
|x_32_val   |   in|   18|     ap_none|              x_32_val|        scalar|
|x_35_val   |   in|   18|     ap_none|              x_35_val|        scalar|
|x_36_val   |   in|   18|     ap_none|              x_36_val|        scalar|
|x_38_val   |   in|   18|     ap_none|              x_38_val|        scalar|
|x_40_val   |   in|   18|     ap_none|              x_40_val|        scalar|
|x_42_val   |   in|   18|     ap_none|              x_42_val|        scalar|
|x_43_val   |   in|   18|     ap_none|              x_43_val|        scalar|
|x_46_val   |   in|   18|     ap_none|              x_46_val|        scalar|
|x_47_val   |   in|   18|     ap_none|              x_47_val|        scalar|
|x_51_val   |   in|   18|     ap_none|              x_51_val|        scalar|
|x_52_val   |   in|   18|     ap_none|              x_52_val|        scalar|
+-----------+-----+-----+------------+----------------------+--------------+

