

================================================================
== Vitis HLS Report for 'decision_function_117'
================================================================
* Date:           Thu Jan 23 13:42:10 2025

* Version:        2024.1 (Build 5069499 on May 21 2024)
* Project:        my_prj
* Solution:       solution1 (Vivado IP Flow Target)
* Product family: virtexuplus
* Target device:  xcu250-figd2104-2L-e


================================================================
== Performance Estimates
================================================================
+ Timing: 
    * Summary: 
    +--------+---------+----------+------------+
    |  Clock |  Target | Estimated| Uncertainty|
    +--------+---------+----------+------------+
    |ap_clk  |  5.00 ns|  3.645 ns|     1.35 ns|
    +--------+---------+----------+------------+

+ Latency: 
    * Summary: 
    +---------+---------+----------+----------+-----+-----+---------+
    |  Latency (cycles) |  Latency (absolute) |  Interval | Pipeline|
    |   min   |   max   |    min   |    max   | min | max |   Type  |
    +---------+---------+----------+----------+-----+-----+---------+
    |        1|        1|  5.000 ns|  5.000 ns|    1|    1|      yes|
    +---------+---------+----------+----------+-----+-----+---------+

    + Detail: 
        * Instance: 
        N/A

        * Loop: 
        N/A



================================================================
== Utilization Estimates
================================================================
* Summary: 
+---------------------+---------+-------+---------+---------+------+
|         Name        | BRAM_18K|  DSP  |    FF   |   LUT   | URAM |
+---------------------+---------+-------+---------+---------+------+
|DSP                  |        -|      -|        -|        -|     -|
|Expression           |        -|      -|        0|     1068|     -|
|FIFO                 |        -|      -|        -|        -|     -|
|Instance             |        -|      -|        0|      145|     -|
|Memory               |        -|      -|        -|        -|     -|
|Multiplexer          |        -|      -|        -|        -|     -|
|Register             |        -|      -|       25|        -|     -|
+---------------------+---------+-------+---------+---------+------+
|Total                |        0|      0|       25|     1213|     0|
+---------------------+---------+-------+---------+---------+------+
|Available SLR        |     1344|   3072|   864000|   432000|   320|
+---------------------+---------+-------+---------+---------+------+
|Utilization SLR (%)  |        0|      0|       ~0|       ~0|     0|
+---------------------+---------+-------+---------+---------+------+
|Available            |     5376|  12288|  3456000|  1728000|  1280|
+---------------------+---------+-------+---------+---------+------+
|Utilization (%)      |        0|      0|       ~0|       ~0|     0|
+---------------------+---------+-------+---------+---------+------+

+ Detail: 
    * Instance: 
    +--------------------------------+--------------------------+---------+----+---+-----+-----+
    |            Instance            |          Module          | BRAM_18K| DSP| FF| LUT | URAM|
    +--------------------------------+--------------------------+---------+----+---+-----+-----+
    |sparsemux_63_5_13_1_1_x3_U2188  |sparsemux_63_5_13_1_1_x3  |        0|   0|  0|  145|    0|
    +--------------------------------+--------------------------+---------+----+---+-----+-----+
    |Total                           |                          |        0|   0|  0|  145|    0|
    +--------------------------------+--------------------------+---------+----+---+-----+-----+

    * DSP: 
    N/A

    * Memory: 
    N/A

    * FIFO: 
    N/A

    * Expression: 
    +------------------------------+----------+----+---+----+------------+------------+
    |         Variable Name        | Operation| DSP| FF| LUT| Bitwidth P0| Bitwidth P1|
    +------------------------------+----------+----+---+----+------------+------------+
    |and_ln102_1731_fu_590_p2      |       and|   0|  0|   2|           1|           1|
    |and_ln102_1732_fu_608_p2      |       and|   0|  0|   2|           1|           1|
    |and_ln102_1733_fu_626_p2      |       and|   0|  0|   2|           1|           1|
    |and_ln102_1734_fu_984_p2      |       and|   0|  0|   2|           1|           1|
    |and_ln102_1735_fu_644_p2      |       and|   0|  0|   2|           1|           1|
    |and_ln102_1736_fu_656_p2      |       and|   0|  0|   2|           1|           1|
    |and_ln102_1737_fu_668_p2      |       and|   0|  0|   2|           1|           1|
    |and_ln102_1738_fu_680_p2      |       and|   0|  0|   2|           1|           1|
    |and_ln102_1739_fu_1003_p2     |       and|   0|  0|   2|           1|           1|
    |and_ln102_1740_fu_686_p2      |       and|   0|  0|   2|           1|           1|
    |and_ln102_1741_fu_1012_p2     |       and|   0|  0|   2|           1|           1|
    |and_ln102_1742_fu_1022_p2     |       and|   0|  0|   2|           1|           1|
    |and_ln102_1743_fu_704_p2      |       and|   0|  0|   2|           1|           1|
    |and_ln102_1744_fu_710_p2      |       and|   0|  0|   2|           1|           1|
    |and_ln102_1745_fu_716_p2      |       and|   0|  0|   2|           1|           1|
    |and_ln102_1746_fu_722_p2      |       and|   0|  0|   2|           1|           1|
    |and_ln102_1747_fu_728_p2      |       and|   0|  0|   2|           1|           1|
    |and_ln102_1748_fu_734_p2      |       and|   0|  0|   2|           1|           1|
    |and_ln102_1749_fu_740_p2      |       and|   0|  0|   2|           1|           1|
    |and_ln102_1750_fu_746_p2      |       and|   0|  0|   2|           1|           1|
    |and_ln102_1751_fu_752_p2      |       and|   0|  0|   2|           1|           1|
    |and_ln102_1752_fu_758_p2      |       and|   0|  0|   2|           1|           1|
    |and_ln102_1753_fu_1032_p2     |       and|   0|  0|   2|           1|           1|
    |and_ln102_1754_fu_1037_p2     |       and|   0|  0|   2|           1|           1|
    |and_ln102_1755_fu_1042_p2     |       and|   0|  0|   2|           1|           1|
    |and_ln102_1756_fu_1047_p2     |       and|   0|  0|   2|           1|           1|
    |and_ln102_1757_fu_1052_p2     |       and|   0|  0|   2|           1|           1|
    |and_ln102_1758_fu_1057_p2     |       and|   0|  0|   2|           1|           1|
    |and_ln102_1759_fu_1061_p2     |       and|   0|  0|   2|           1|           1|
    |and_ln102_1760_fu_1066_p2     |       and|   0|  0|   2|           1|           1|
    |and_ln102_1761_fu_1071_p2     |       and|   0|  0|   2|           1|           1|
    |and_ln102_1762_fu_1077_p2     |       and|   0|  0|   2|           1|           1|
    |and_ln102_1763_fu_1082_p2     |       and|   0|  0|   2|           1|           1|
    |and_ln102_1764_fu_1087_p2     |       and|   0|  0|   2|           1|           1|
    |and_ln102_fu_572_p2           |       and|   0|  0|   2|           1|           1|
    |and_ln104_296_fu_584_p2       |       and|   0|  0|   2|           1|           1|
    |and_ln104_297_fu_602_p2       |       and|   0|  0|   2|           1|           1|
    |and_ln104_298_fu_620_p2       |       and|   0|  0|   2|           1|           1|
    |and_ln104_299_fu_638_p2       |       and|   0|  0|   2|           1|           1|
    |and_ln104_300_fu_993_p2       |       and|   0|  0|   2|           1|           1|
    |and_ln104_301_fu_698_p2       |       and|   0|  0|   2|           1|           1|
    |and_ln104_fu_566_p2           |       and|   0|  0|   2|           1|           1|
    |icmp_ln86_1565_fu_380_p2      |      icmp|   0|  0|  25|          18|          16|
    |icmp_ln86_1566_fu_386_p2      |      icmp|   0|  0|  25|          18|           6|
    |icmp_ln86_1567_fu_392_p2      |      icmp|   0|  0|  25|          18|           9|
    |icmp_ln86_1568_fu_398_p2      |      icmp|   0|  0|  25|          18|          17|
    |icmp_ln86_1569_fu_404_p2      |      icmp|   0|  0|  25|          18|           7|
    |icmp_ln86_1570_fu_410_p2      |      icmp|   0|  0|  25|          18|          17|
    |icmp_ln86_1571_fu_416_p2      |      icmp|   0|  0|  25|          18|          14|
    |icmp_ln86_1572_fu_422_p2      |      icmp|   0|  0|  25|          18|          16|
    |icmp_ln86_1573_fu_428_p2      |      icmp|   0|  0|  25|          18|           9|
    |icmp_ln86_1574_fu_434_p2      |      icmp|   0|  0|  25|          18|           7|
    |icmp_ln86_1575_fu_440_p2      |      icmp|   0|  0|  25|          18|          17|
    |icmp_ln86_1576_fu_446_p2      |      icmp|   0|  0|  25|          18|           9|
    |icmp_ln86_1577_fu_452_p2      |      icmp|   0|  0|  25|          18|           9|
    |icmp_ln86_1578_fu_458_p2      |      icmp|   0|  0|  25|          18|          13|
    |icmp_ln86_1579_fu_464_p2      |      icmp|   0|  0|  25|          18|          14|
    |icmp_ln86_1580_fu_470_p2      |      icmp|   0|  0|  25|          18|          12|
    |icmp_ln86_1581_fu_476_p2      |      icmp|   0|  0|  25|          18|          11|
    |icmp_ln86_1582_fu_482_p2      |      icmp|   0|  0|  25|          18|          11|
    |icmp_ln86_1583_fu_488_p2      |      icmp|   0|  0|  25|          18|          13|
    |icmp_ln86_1584_fu_494_p2      |      icmp|   0|  0|  25|          18|          17|
    |icmp_ln86_1585_fu_500_p2      |      icmp|   0|  0|  25|          18|          14|
    |icmp_ln86_1586_fu_506_p2      |      icmp|   0|  0|  25|          18|          17|
    |icmp_ln86_1587_fu_512_p2      |      icmp|   0|  0|  25|          18|          14|
    |icmp_ln86_1588_fu_518_p2      |      icmp|   0|  0|  25|          18|           9|
    |icmp_ln86_1589_fu_524_p2      |      icmp|   0|  0|  25|          18|           9|
    |icmp_ln86_1590_fu_530_p2      |      icmp|   0|  0|  25|          18|          14|
    |icmp_ln86_1591_fu_536_p2      |      icmp|   0|  0|  25|          18|           9|
    |icmp_ln86_1592_fu_542_p2      |      icmp|   0|  0|  25|          18|          17|
    |icmp_ln86_1593_fu_548_p2      |      icmp|   0|  0|  25|          18|          16|
    |icmp_ln86_fu_374_p2           |      icmp|   0|  0|  25|          18|          15|
    |or_ln117_1411_fu_780_p2       |        or|   0|  0|   2|           1|           1|
    |or_ln117_1412_fu_794_p2       |        or|   0|  0|   2|           1|           1|
    |or_ln117_1413_fu_812_p2       |        or|   0|  0|   2|           1|           1|
    |or_ln117_1414_fu_826_p2       |        or|   0|  0|   2|           1|           1|
    |or_ln117_1415_fu_840_p2       |        or|   0|  0|   2|           1|           1|
    |or_ln117_1416_fu_854_p2       |        or|   0|  0|   2|           1|           1|
    |or_ln117_1417_fu_872_p2       |        or|   0|  0|   2|           1|           1|
    |or_ln117_1418_fu_886_p2       |        or|   0|  0|   2|           1|           1|
    |or_ln117_1419_fu_900_p2       |        or|   0|  0|   2|           1|           1|
    |or_ln117_1420_fu_914_p2       |        or|   0|  0|   2|           1|           1|
    |or_ln117_1421_fu_928_p2       |        or|   0|  0|   2|           1|           1|
    |or_ln117_1422_fu_942_p2       |        or|   0|  0|   2|           1|           1|
    |or_ln117_1423_fu_956_p2       |        or|   0|  0|   2|           1|           1|
    |or_ln117_1424_fu_1093_p2      |        or|   0|  0|   2|           1|           1|
    |or_ln117_1425_fu_978_p2       |        or|   0|  0|   2|           1|           1|
    |or_ln117_1426_fu_1109_p2      |        or|   0|  0|   2|           1|           1|
    |or_ln117_1427_fu_1121_p2      |        or|   0|  0|   2|           1|           1|
    |or_ln117_1428_fu_1134_p2      |        or|   0|  0|   2|           1|           1|
    |or_ln117_1429_fu_1148_p2      |        or|   0|  0|   2|           1|           1|
    |or_ln117_1430_fu_1160_p2      |        or|   0|  0|   2|           1|           1|
    |or_ln117_1431_fu_1174_p2      |        or|   0|  0|   2|           1|           1|
    |or_ln117_1432_fu_1187_p2      |        or|   0|  0|   2|           1|           1|
    |or_ln117_1433_fu_1201_p2      |        or|   0|  0|   2|           1|           1|
    |or_ln117_1434_fu_1215_p2      |        or|   0|  0|   2|           1|           1|
    |or_ln117_1435_fu_1229_p2      |        or|   0|  0|   2|           1|           1|
    |or_ln117_1436_fu_1243_p2      |        or|   0|  0|   2|           1|           1|
    |or_ln117_1437_fu_1257_p2      |        or|   0|  0|   2|           1|           1|
    |or_ln117_1438_fu_1271_p2      |        or|   0|  0|   2|           1|           1|
    |or_ln117_1439_fu_1285_p2      |        or|   0|  0|   2|           1|           1|
    |or_ln117_fu_764_p2            |        or|   0|  0|   2|           1|           1|
    |ap_return                     |    select|   0|  0|  13|           1|          13|
    |select_ln117_1517_fu_800_p3   |    select|   0|  0|   2|           1|           2|
    |select_ln117_1518_fu_818_p3   |    select|   0|  0|   4|           1|           3|
    |select_ln117_1519_fu_832_p3   |    select|   0|  0|   3|           1|           3|
    |select_ln117_1520_fu_846_p3   |    select|   0|  0|   3|           1|           3|
    |select_ln117_1521_fu_860_p3   |    select|   0|  0|   3|           1|           3|
    |select_ln117_1522_fu_878_p3   |    select|   0|  0|   5|           1|           4|
    |select_ln117_1523_fu_892_p3   |    select|   0|  0|   4|           1|           4|
    |select_ln117_1524_fu_906_p3   |    select|   0|  0|   4|           1|           4|
    |select_ln117_1525_fu_920_p3   |    select|   0|  0|   4|           1|           4|
    |select_ln117_1526_fu_934_p3   |    select|   0|  0|   4|           1|           4|
    |select_ln117_1527_fu_948_p3   |    select|   0|  0|   4|           1|           4|
    |select_ln117_1528_fu_962_p3   |    select|   0|  0|   4|           1|           4|
    |select_ln117_1529_fu_970_p3   |    select|   0|  0|   4|           1|           4|
    |select_ln117_1530_fu_1101_p3  |    select|   0|  0|   6|           1|           5|
    |select_ln117_1531_fu_1114_p3  |    select|   0|  0|   5|           1|           5|
    |select_ln117_1532_fu_1126_p3  |    select|   0|  0|   5|           1|           5|
    |select_ln117_1533_fu_1140_p3  |    select|   0|  0|   5|           1|           5|
    |select_ln117_1534_fu_1152_p3  |    select|   0|  0|   5|           1|           5|
    |select_ln117_1535_fu_1166_p3  |    select|   0|  0|   5|           1|           5|
    |select_ln117_1536_fu_1179_p3  |    select|   0|  0|   5|           1|           5|
    |select_ln117_1537_fu_1193_p3  |    select|   0|  0|   5|           1|           5|
    |select_ln117_1538_fu_1207_p3  |    select|   0|  0|   5|           1|           5|
    |select_ln117_1539_fu_1221_p3  |    select|   0|  0|   5|           1|           5|
    |select_ln117_1540_fu_1235_p3  |    select|   0|  0|   5|           1|           5|
    |select_ln117_1541_fu_1249_p3  |    select|   0|  0|   5|           1|           5|
    |select_ln117_1542_fu_1263_p3  |    select|   0|  0|   5|           1|           5|
    |select_ln117_1543_fu_1277_p3  |    select|   0|  0|   5|           1|           5|
    |select_ln117_fu_786_p3        |    select|   0|  0|   3|           1|           2|
    |tmp_fu_1298_p64               |    select|   0|  0|   5|           1|           5|
    |ap_enable_pp0                 |       xor|   0|  0|   2|           1|           2|
    |xor_ln104_749_fu_560_p2       |       xor|   0|  0|   2|           1|           2|
    |xor_ln104_750_fu_578_p2       |       xor|   0|  0|   2|           1|           2|
    |xor_ln104_751_fu_596_p2       |       xor|   0|  0|   2|           1|           2|
    |xor_ln104_752_fu_614_p2       |       xor|   0|  0|   2|           1|           2|
    |xor_ln104_753_fu_632_p2       |       xor|   0|  0|   2|           1|           2|
    |xor_ln104_754_fu_988_p2       |       xor|   0|  0|   2|           1|           2|
    |xor_ln104_755_fu_650_p2       |       xor|   0|  0|   2|           1|           2|
    |xor_ln104_756_fu_662_p2       |       xor|   0|  0|   2|           1|           2|
    |xor_ln104_757_fu_674_p2       |       xor|   0|  0|   2|           1|           2|
    |xor_ln104_758_fu_998_p2       |       xor|   0|  0|   2|           1|           2|
    |xor_ln104_759_fu_1007_p2      |       xor|   0|  0|   2|           1|           2|
    |xor_ln104_760_fu_692_p2       |       xor|   0|  0|   2|           1|           2|
    |xor_ln104_761_fu_1017_p2      |       xor|   0|  0|   2|           1|           2|
    |xor_ln104_762_fu_1027_p2      |       xor|   0|  0|   2|           1|           2|
    |xor_ln104_fu_554_p2           |       xor|   0|  0|   2|           1|           2|
    |xor_ln117_fu_770_p2           |       xor|   0|  0|   2|           2|           1|
    +------------------------------+----------+----+---+----+------------+------------+
    |Total                         |          |   0|  0|1068|         660|         619|
    +------------------------------+----------+----+---+----+------------+------------+

    * Multiplexer: 
    N/A

    * Register: 
    +----------------------------+---+----+-----+-----------+
    |            Name            | FF| LUT| Bits| Const Bits|
    +----------------------------+---+----+-----+-----------+
    |and_ln102_1733_reg_1519     |  1|   0|    1|          0|
    |and_ln104_296_reg_1507      |  1|   0|    1|          0|
    |and_ln104_298_reg_1514      |  1|   0|    1|          0|
    |and_ln104_301_reg_1526      |  1|   0|    1|          0|
    |ap_CS_fsm                   |  1|   0|    1|          0|
    |ap_enable_reg_pp0_iter1     |  1|   0|    1|          0|
    |icmp_ln86_1570_reg_1438     |  1|   0|    1|          0|
    |icmp_ln86_1574_reg_1444     |  1|   0|    1|          0|
    |icmp_ln86_1575_reg_1449     |  1|   0|    1|          0|
    |icmp_ln86_1577_reg_1455     |  1|   0|    1|          0|
    |icmp_ln86_1578_reg_1461     |  1|   0|    1|          0|
    |icmp_ln86_1586_reg_1467     |  1|   0|    1|          0|
    |icmp_ln86_1587_reg_1472     |  1|   0|    1|          0|
    |icmp_ln86_1588_reg_1477     |  1|   0|    1|          0|
    |icmp_ln86_1589_reg_1482     |  1|   0|    1|          0|
    |icmp_ln86_1590_reg_1487     |  1|   0|    1|          0|
    |icmp_ln86_1591_reg_1492     |  1|   0|    1|          0|
    |icmp_ln86_1592_reg_1497     |  1|   0|    1|          0|
    |icmp_ln86_1593_reg_1502     |  1|   0|    1|          0|
    |or_ln117_1423_reg_1532      |  1|   0|    1|          0|
    |or_ln117_1425_reg_1542      |  1|   0|    1|          0|
    |select_ln117_1529_reg_1537  |  4|   0|    4|          0|
    +----------------------------+---+----+-----+-----------+
    |Total                       | 25|   0|   25|          0|
    +----------------------------+---+----+-----+-----------+



================================================================
== Interface
================================================================
* Summary: 
+-----------+-----+-----+------------+-----------------------+--------------+
| RTL Ports | Dir | Bits|  Protocol  |     Source Object     |    C Type    |
+-----------+-----+-----+------------+-----------------------+--------------+
|ap_clk     |   in|    1|  ap_ctrl_hs|  decision_function.117|  return value|
|ap_rst     |   in|    1|  ap_ctrl_hs|  decision_function.117|  return value|
|ap_start   |   in|    1|  ap_ctrl_hs|  decision_function.117|  return value|
|ap_done    |  out|    1|  ap_ctrl_hs|  decision_function.117|  return value|
|ap_idle    |  out|    1|  ap_ctrl_hs|  decision_function.117|  return value|
|ap_ready   |  out|    1|  ap_ctrl_hs|  decision_function.117|  return value|
|ap_return  |  out|   13|  ap_ctrl_hs|  decision_function.117|  return value|
|x_1_val    |   in|   18|     ap_none|                x_1_val|        scalar|
|x_2_val    |   in|   18|     ap_none|                x_2_val|        scalar|
|x_4_val    |   in|   18|     ap_none|                x_4_val|        scalar|
|x_6_val    |   in|   18|     ap_none|                x_6_val|        scalar|
|x_7_val    |   in|   18|     ap_none|                x_7_val|        scalar|
|x_13_val   |   in|   18|     ap_none|               x_13_val|        scalar|
|x_14_val   |   in|   18|     ap_none|               x_14_val|        scalar|
|x_19_val   |   in|   18|     ap_none|               x_19_val|        scalar|
|x_25_val   |   in|   18|     ap_none|               x_25_val|        scalar|
|x_28_val   |   in|   18|     ap_none|               x_28_val|        scalar|
|x_29_val   |   in|   18|     ap_none|               x_29_val|        scalar|
|x_39_val   |   in|   18|     ap_none|               x_39_val|        scalar|
|x_40_val   |   in|   18|     ap_none|               x_40_val|        scalar|
|x_44_val   |   in|   18|     ap_none|               x_44_val|        scalar|
|x_45_val   |   in|   18|     ap_none|               x_45_val|        scalar|
|x_47_val   |   in|   18|     ap_none|               x_47_val|        scalar|
|x_49_val   |   in|   18|     ap_none|               x_49_val|        scalar|
|x_50_val   |   in|   18|     ap_none|               x_50_val|        scalar|
+-----------+-----+-----+------------+-----------------------+--------------+

