

================================================================
== Vitis HLS Report for 'decision_function_31'
================================================================
* Date:           Thu Jan 23 13:41:47 2025

* Version:        2024.1 (Build 5069499 on May 21 2024)
* Project:        my_prj
* Solution:       solution1 (Vivado IP Flow Target)
* Product family: virtexuplus
* Target device:  xcu250-figd2104-2L-e


================================================================
== Performance Estimates
================================================================
+ Timing: 
    * Summary: 
    +--------+---------+----------+------------+
    |  Clock |  Target | Estimated| Uncertainty|
    +--------+---------+----------+------------+
    |ap_clk  |  5.00 ns|  3.596 ns|     1.35 ns|
    +--------+---------+----------+------------+

+ Latency: 
    * Summary: 
    +---------+---------+----------+----------+-----+-----+---------+
    |  Latency (cycles) |  Latency (absolute) |  Interval | Pipeline|
    |   min   |   max   |    min   |    max   | min | max |   Type  |
    +---------+---------+----------+----------+-----+-----+---------+
    |        1|        1|  5.000 ns|  5.000 ns|    1|    1|      yes|
    +---------+---------+----------+----------+-----+-----+---------+

    + Detail: 
        * Instance: 
        N/A

        * Loop: 
        N/A



================================================================
== Utilization Estimates
================================================================
* Summary: 
+---------------------+---------+-------+---------+---------+------+
|         Name        | BRAM_18K|  DSP  |    FF   |   LUT   | URAM |
+---------------------+---------+-------+---------+---------+------+
|DSP                  |        -|      -|        -|        -|     -|
|Expression           |        -|      -|        0|     1080|     -|
|FIFO                 |        -|      -|        -|        -|     -|
|Instance             |        -|      -|        0|      148|     -|
|Memory               |        -|      -|        -|        -|     -|
|Multiplexer          |        -|      -|        -|        -|     -|
|Register             |        -|      -|       23|        -|     -|
+---------------------+---------+-------+---------+---------+------+
|Total                |        0|      0|       23|     1228|     0|
+---------------------+---------+-------+---------+---------+------+
|Available SLR        |     1344|   3072|   864000|   432000|   320|
+---------------------+---------+-------+---------+---------+------+
|Utilization SLR (%)  |        0|      0|       ~0|       ~0|     0|
+---------------------+---------+-------+---------+---------+------+
|Available            |     5376|  12288|  3456000|  1728000|  1280|
+---------------------+---------+-------+---------+---------+------+
|Utilization (%)      |        0|      0|       ~0|       ~0|     0|
+---------------------+---------+-------+---------+---------+------+

+ Detail: 
    * Instance: 
    +---------------------------------+---------------------------+---------+----+---+-----+-----+
    |             Instance            |           Module          | BRAM_18K| DSP| FF| LUT | URAM|
    +---------------------------------+---------------------------+---------+----+---+-----+-----+
    |sparsemux_65_5_12_1_1_x27_U1476  |sparsemux_65_5_12_1_1_x27  |        0|   0|  0|  148|    0|
    +---------------------------------+---------------------------+---------+----+---+-----+-----+
    |Total                            |                           |        0|   0|  0|  148|    0|
    +---------------------------------+---------------------------+---------+----+---+-----+-----+

    * DSP: 
    N/A

    * Memory: 
    N/A

    * FIFO: 
    N/A

    * Expression: 
    +-----------------------------+----------+----+---+----+------------+------------+
    |        Variable Name        | Operation| DSP| FF| LUT| Bitwidth P0| Bitwidth P1|
    +-----------------------------+----------+----+---+----+------------+------------+
    |and_ln102_785_fu_979_p2      |       and|   0|  0|   2|           1|           1|
    |and_ln102_786_fu_610_p2      |       and|   0|  0|   2|           1|           1|
    |and_ln102_787_fu_628_p2      |       and|   0|  0|   2|           1|           1|
    |and_ln102_788_fu_995_p2      |       and|   0|  0|   2|           1|           1|
    |and_ln102_789_fu_1011_p2     |       and|   0|  0|   2|           1|           1|
    |and_ln102_790_fu_646_p2      |       and|   0|  0|   2|           1|           1|
    |and_ln102_791_fu_658_p2      |       and|   0|  0|   2|           1|           1|
    |and_ln102_792_fu_670_p2      |       and|   0|  0|   2|           1|           1|
    |and_ln102_793_fu_682_p2      |       and|   0|  0|   2|           1|           1|
    |and_ln102_794_fu_1027_p2     |       and|   0|  0|   2|           1|           1|
    |and_ln102_795_fu_1037_p2     |       and|   0|  0|   2|           1|           1|
    |and_ln102_796_fu_1047_p2     |       and|   0|  0|   2|           1|           1|
    |and_ln102_797_fu_1057_p2     |       and|   0|  0|   2|           1|           1|
    |and_ln102_798_fu_694_p2      |       and|   0|  0|   2|           1|           1|
    |and_ln102_799_fu_706_p2      |       and|   0|  0|   2|           1|           1|
    |and_ln102_800_fu_712_p2      |       and|   0|  0|   2|           1|           1|
    |and_ln102_801_fu_724_p2      |       and|   0|  0|   2|           1|           1|
    |and_ln102_802_fu_730_p2      |       and|   0|  0|   2|           1|           1|
    |and_ln102_803_fu_742_p2      |       and|   0|  0|   2|           1|           1|
    |and_ln102_804_fu_748_p2      |       and|   0|  0|   2|           1|           1|
    |and_ln102_805_fu_760_p2      |       and|   0|  0|   2|           1|           1|
    |and_ln102_806_fu_1067_p2     |       and|   0|  0|   2|           1|           1|
    |and_ln102_807_fu_1077_p2     |       and|   0|  0|   2|           1|           1|
    |and_ln102_808_fu_1083_p2     |       and|   0|  0|   2|           1|           1|
    |and_ln102_809_fu_1093_p2     |       and|   0|  0|   2|           1|           1|
    |and_ln102_810_fu_1099_p2     |       and|   0|  0|   2|           1|           1|
    |and_ln102_811_fu_1109_p2     |       and|   0|  0|   2|           1|           1|
    |and_ln102_812_fu_1115_p2     |       and|   0|  0|   2|           1|           1|
    |and_ln102_813_fu_1125_p2     |       and|   0|  0|   2|           1|           1|
    |and_ln102_814_fu_700_p2      |       and|   0|  0|   2|           1|           1|
    |and_ln102_815_fu_718_p2      |       and|   0|  0|   2|           1|           1|
    |and_ln102_816_fu_736_p2      |       and|   0|  0|   2|           1|           1|
    |and_ln102_817_fu_754_p2      |       and|   0|  0|   2|           1|           1|
    |and_ln102_818_fu_1072_p2     |       and|   0|  0|   2|           1|           1|
    |and_ln102_819_fu_1088_p2     |       and|   0|  0|   2|           1|           1|
    |and_ln102_820_fu_1104_p2     |       and|   0|  0|   2|           1|           1|
    |and_ln102_821_fu_1120_p2     |       and|   0|  0|   2|           1|           1|
    |and_ln102_fu_592_p2          |       and|   0|  0|   2|           1|           1|
    |and_ln104_161_fu_989_p2      |       and|   0|  0|   2|           1|           1|
    |and_ln104_162_fu_622_p2      |       and|   0|  0|   2|           1|           1|
    |and_ln104_163_fu_640_p2      |       and|   0|  0|   2|           1|           1|
    |and_ln104_164_fu_1005_p2     |       and|   0|  0|   2|           1|           1|
    |and_ln104_165_fu_1021_p2     |       and|   0|  0|   2|           1|           1|
    |and_ln104_fu_604_p2          |       and|   0|  0|   2|           1|           1|
    |icmp_ln86_1394_fu_454_p2     |      icmp|   0|  0|  24|          17|           1|
    |icmp_ln86_817_fu_402_p2      |      icmp|   0|  0|  25|          18|          14|
    |icmp_ln86_818_fu_408_p2      |      icmp|   0|  0|  25|          18|          12|
    |icmp_ln86_819_fu_414_p2      |      icmp|   0|  0|  25|          18|          11|
    |icmp_ln86_820_fu_420_p2      |      icmp|   0|  0|  25|          18|           7|
    |icmp_ln86_821_fu_426_p2      |      icmp|   0|  0|  25|          18|          11|
    |icmp_ln86_822_fu_432_p2      |      icmp|   0|  0|  25|          18|           5|
    |icmp_ln86_823_fu_438_p2      |      icmp|   0|  0|  25|          18|           4|
    |icmp_ln86_825_fu_460_p2      |      icmp|   0|  0|  25|          18|          16|
    |icmp_ln86_826_fu_466_p2      |      icmp|   0|  0|  25|          18|          12|
    |icmp_ln86_827_fu_472_p2      |      icmp|   0|  0|  25|          18|           4|
    |icmp_ln86_828_fu_478_p2      |      icmp|   0|  0|  25|          18|          16|
    |icmp_ln86_829_fu_484_p2      |      icmp|   0|  0|  25|          18|           9|
    |icmp_ln86_830_fu_490_p2      |      icmp|   0|  0|  25|          18|           8|
    |icmp_ln86_831_fu_496_p2      |      icmp|   0|  0|  25|          18|           9|
    |icmp_ln86_832_fu_502_p2      |      icmp|   0|  0|  25|          18|           6|
    |icmp_ln86_833_fu_508_p2      |      icmp|   0|  0|  25|          18|          10|
    |icmp_ln86_834_fu_514_p2      |      icmp|   0|  0|  25|          18|          11|
    |icmp_ln86_835_fu_520_p2      |      icmp|   0|  0|  25|          18|           9|
    |icmp_ln86_836_fu_526_p2      |      icmp|   0|  0|  25|          18|           4|
    |icmp_ln86_837_fu_532_p2      |      icmp|   0|  0|  25|          18|          11|
    |icmp_ln86_838_fu_538_p2      |      icmp|   0|  0|  25|          18|          16|
    |icmp_ln86_839_fu_544_p2      |      icmp|   0|  0|  25|          18|          10|
    |icmp_ln86_840_fu_550_p2      |      icmp|   0|  0|  25|          18|          13|
    |icmp_ln86_841_fu_556_p2      |      icmp|   0|  0|  25|          18|          16|
    |icmp_ln86_842_fu_562_p2      |      icmp|   0|  0|  25|          18|           8|
    |icmp_ln86_843_fu_568_p2      |      icmp|   0|  0|  25|          18|           5|
    |icmp_ln86_844_fu_574_p2      |      icmp|   0|  0|  25|          18|           9|
    |icmp_ln86_845_fu_580_p2      |      icmp|   0|  0|  25|          18|          18|
    |icmp_ln86_846_fu_586_p2      |      icmp|   0|  0|  25|          18|           9|
    |icmp_ln86_fu_396_p2          |      icmp|   0|  0|  25|          18|           9|
    |or_ln117_752_fu_802_p2       |        or|   0|  0|   2|           1|           1|
    |or_ln117_753_fu_816_p2       |        or|   0|  0|   2|           1|           1|
    |or_ln117_754_fu_830_p2       |        or|   0|  0|   2|           1|           1|
    |or_ln117_755_fu_856_p2       |        or|   0|  0|   2|           1|           1|
    |or_ln117_756_fu_870_p2       |        or|   0|  0|   2|           1|           1|
    |or_ln117_757_fu_884_p2       |        or|   0|  0|   2|           1|           1|
    |or_ln117_758_fu_898_p2       |        or|   0|  0|   2|           1|           1|
    |or_ln117_759_fu_912_p2       |        or|   0|  0|   2|           1|           1|
    |or_ln117_760_fu_926_p2       |        or|   0|  0|   2|           1|           1|
    |or_ln117_761_fu_940_p2       |        or|   0|  0|   2|           1|           1|
    |or_ln117_762_fu_1131_p2      |        or|   0|  0|   2|           1|           1|
    |or_ln117_763_fu_1136_p2      |        or|   0|  0|   2|           1|           1|
    |or_ln117_764_fu_1148_p2      |        or|   0|  0|   2|           1|           1|
    |or_ln117_765_fu_1162_p2      |        or|   0|  0|   2|           1|           1|
    |or_ln117_766_fu_1175_p2      |        or|   0|  0|   2|           1|           1|
    |or_ln117_767_fu_1189_p2      |        or|   0|  0|   2|           1|           1|
    |or_ln117_768_fu_1203_p2      |        or|   0|  0|   2|           1|           1|
    |or_ln117_769_fu_1217_p2      |        or|   0|  0|   2|           1|           1|
    |or_ln117_770_fu_1230_p2      |        or|   0|  0|   2|           1|           1|
    |or_ln117_771_fu_1244_p2      |        or|   0|  0|   2|           1|           1|
    |or_ln117_772_fu_1258_p2      |        or|   0|  0|   2|           1|           1|
    |or_ln117_773_fu_1272_p2      |        or|   0|  0|   2|           1|           1|
    |or_ln117_774_fu_1286_p2      |        or|   0|  0|   2|           1|           1|
    |or_ln117_775_fu_1300_p2      |        or|   0|  0|   2|           1|           1|
    |or_ln117_776_fu_1314_p2      |        or|   0|  0|   2|           1|           1|
    |or_ln117_fu_776_p2           |        or|   0|  0|   2|           1|           1|
    |agg_result_fu_1336_p66       |    select|   0|  0|   5|           1|           5|
    |select_ln117_792_fu_790_p3   |    select|   0|  0|   2|           1|           2|
    |select_ln117_793_fu_808_p3   |    select|   0|  0|   4|           1|           3|
    |select_ln117_794_fu_822_p3   |    select|   0|  0|   3|           1|           3|
    |select_ln117_795_fu_836_p3   |    select|   0|  0|   3|           1|           3|
    |select_ln117_796_fu_844_p3   |    select|   0|  0|   3|           1|           3|
    |select_ln117_797_fu_862_p3   |    select|   0|  0|   5|           1|           4|
    |select_ln117_798_fu_876_p3   |    select|   0|  0|   4|           1|           4|
    |select_ln117_799_fu_890_p3   |    select|   0|  0|   4|           1|           4|
    |select_ln117_800_fu_904_p3   |    select|   0|  0|   4|           1|           4|
    |select_ln117_801_fu_918_p3   |    select|   0|  0|   4|           1|           4|
    |select_ln117_802_fu_932_p3   |    select|   0|  0|   4|           1|           4|
    |select_ln117_803_fu_946_p3   |    select|   0|  0|   4|           1|           4|
    |select_ln117_804_fu_954_p3   |    select|   0|  0|   4|           1|           4|
    |select_ln117_805_fu_966_p3   |    select|   0|  0|   6|           1|           5|
    |select_ln117_806_fu_1141_p3  |    select|   0|  0|   5|           1|           5|
    |select_ln117_807_fu_1154_p3  |    select|   0|  0|   5|           1|           5|
    |select_ln117_808_fu_1167_p3  |    select|   0|  0|   5|           1|           5|
    |select_ln117_809_fu_1181_p3  |    select|   0|  0|   5|           1|           5|
    |select_ln117_810_fu_1195_p3  |    select|   0|  0|   5|           1|           5|
    |select_ln117_811_fu_1209_p3  |    select|   0|  0|   5|           1|           5|
    |select_ln117_812_fu_1222_p3  |    select|   0|  0|   5|           1|           5|
    |select_ln117_813_fu_1236_p3  |    select|   0|  0|   5|           1|           5|
    |select_ln117_814_fu_1250_p3  |    select|   0|  0|   5|           1|           5|
    |select_ln117_815_fu_1264_p3  |    select|   0|  0|   5|           1|           5|
    |select_ln117_816_fu_1278_p3  |    select|   0|  0|   5|           1|           5|
    |select_ln117_817_fu_1292_p3  |    select|   0|  0|   5|           1|           5|
    |select_ln117_818_fu_1306_p3  |    select|   0|  0|   5|           1|           5|
    |select_ln117_819_fu_1320_p3  |    select|   0|  0|   5|           1|           5|
    |select_ln117_fu_782_p3       |    select|   0|  0|   3|           1|           2|
    |ap_enable_pp0                |       xor|   0|  0|   2|           1|           2|
    |xor_ln104_392_fu_598_p2      |       xor|   0|  0|   2|           1|           2|
    |xor_ln104_393_fu_984_p2      |       xor|   0|  0|   2|           1|           2|
    |xor_ln104_394_fu_616_p2      |       xor|   0|  0|   2|           1|           2|
    |xor_ln104_395_fu_634_p2      |       xor|   0|  0|   2|           1|           2|
    |xor_ln104_396_fu_1000_p2     |       xor|   0|  0|   2|           1|           2|
    |xor_ln104_397_fu_1016_p2     |       xor|   0|  0|   2|           1|           2|
    |xor_ln104_398_fu_652_p2      |       xor|   0|  0|   2|           1|           2|
    |xor_ln104_399_fu_664_p2      |       xor|   0|  0|   2|           1|           2|
    |xor_ln104_400_fu_676_p2      |       xor|   0|  0|   2|           1|           2|
    |xor_ln104_401_fu_688_p2      |       xor|   0|  0|   2|           1|           2|
    |xor_ln104_402_fu_1032_p2     |       xor|   0|  0|   2|           1|           2|
    |xor_ln104_403_fu_1042_p2     |       xor|   0|  0|   2|           1|           2|
    |xor_ln104_404_fu_1052_p2     |       xor|   0|  0|   2|           1|           2|
    |xor_ln104_405_fu_1062_p2     |       xor|   0|  0|   2|           1|           2|
    |xor_ln104_fu_974_p2          |       xor|   0|  0|   2|           1|           2|
    |xor_ln117_fu_766_p2          |       xor|   0|  0|   2|           2|           1|
    +-----------------------------+----------+----+---+----+------------+------------+
    |Total                        |          |   0|  0|1080|         675|         534|
    +-----------------------------+----------+----+---+----+------------+------------+

    * Multiplexer: 
    N/A

    * Register: 
    +---------------------------+---+----+-----+-----------+
    |            Name           | FF| LUT| Bits| Const Bits|
    +---------------------------+---+----+-----+-----------+
    |ap_CS_fsm                  |  1|   0|    1|          0|
    |ap_enable_reg_pp0_iter1    |  1|   0|    1|          0|
    |icmp_ln86_818_reg_1481     |  1|   0|    1|          0|
    |icmp_ln86_821_reg_1487     |  1|   0|    1|          0|
    |icmp_ln86_822_reg_1493     |  1|   0|    1|          0|
    |icmp_ln86_827_reg_1499     |  1|   0|    1|          0|
    |icmp_ln86_828_reg_1505     |  1|   0|    1|          0|
    |icmp_ln86_829_reg_1511     |  1|   0|    1|          0|
    |icmp_ln86_830_reg_1517     |  1|   0|    1|          0|
    |icmp_ln86_839_reg_1523     |  1|   0|    1|          0|
    |icmp_ln86_840_reg_1528     |  1|   0|    1|          0|
    |icmp_ln86_841_reg_1533     |  1|   0|    1|          0|
    |icmp_ln86_842_reg_1538     |  1|   0|    1|          0|
    |icmp_ln86_843_reg_1543     |  1|   0|    1|          0|
    |icmp_ln86_844_reg_1548     |  1|   0|    1|          0|
    |icmp_ln86_845_reg_1553     |  1|   0|    1|          0|
    |icmp_ln86_846_reg_1558     |  1|   0|    1|          0|
    |icmp_ln86_reg_1472         |  1|   0|    1|          0|
    |select_ln117_805_reg_1563  |  5|   0|    5|          0|
    +---------------------------+---+----+-----+-----------+
    |Total                      | 23|   0|   23|          0|
    +---------------------------+---+----+-----+-----------+



================================================================
== Interface
================================================================
* Summary: 
+-----------+-----+-----+------------+----------------------+--------------+
| RTL Ports | Dir | Bits|  Protocol  |     Source Object    |    C Type    |
+-----------+-----+-----+------------+----------------------+--------------+
|ap_clk     |   in|    1|  ap_ctrl_hs|  decision_function.31|  return value|
|ap_rst     |   in|    1|  ap_ctrl_hs|  decision_function.31|  return value|
|ap_start   |   in|    1|  ap_ctrl_hs|  decision_function.31|  return value|
|ap_done    |  out|    1|  ap_ctrl_hs|  decision_function.31|  return value|
|ap_idle    |  out|    1|  ap_ctrl_hs|  decision_function.31|  return value|
|ap_ready   |  out|    1|  ap_ctrl_hs|  decision_function.31|  return value|
|ap_return  |  out|   12|  ap_ctrl_hs|  decision_function.31|  return value|
|x_1_val    |   in|   18|     ap_none|               x_1_val|        scalar|
|x_2_val    |   in|   18|     ap_none|               x_2_val|        scalar|
|x_6_val    |   in|   18|     ap_none|               x_6_val|        scalar|
|x_7_val    |   in|   18|     ap_none|               x_7_val|        scalar|
|x_8_val    |   in|   18|     ap_none|               x_8_val|        scalar|
|x_12_val   |   in|   18|     ap_none|              x_12_val|        scalar|
|x_13_val   |   in|   18|     ap_none|              x_13_val|        scalar|
|x_16_val   |   in|   18|     ap_none|              x_16_val|        scalar|
|x_17_val   |   in|   18|     ap_none|              x_17_val|        scalar|
|x_23_val   |   in|   18|     ap_none|              x_23_val|        scalar|
|x_31_val   |   in|   18|     ap_none|              x_31_val|        scalar|
|x_38_val   |   in|   18|     ap_none|              x_38_val|        scalar|
|x_39_val   |   in|   18|     ap_none|              x_39_val|        scalar|
|x_40_val   |   in|   18|     ap_none|              x_40_val|        scalar|
|x_42_val   |   in|   18|     ap_none|              x_42_val|        scalar|
|x_43_val   |   in|   18|     ap_none|              x_43_val|        scalar|
|x_45_val   |   in|   18|     ap_none|              x_45_val|        scalar|
|x_46_val   |   in|   18|     ap_none|              x_46_val|        scalar|
|x_47_val   |   in|   18|     ap_none|              x_47_val|        scalar|
|x_52_val   |   in|   18|     ap_none|              x_52_val|        scalar|
+-----------+-----+-----+------------+----------------------+--------------+

