

================================================================
== Vitis HLS Report for 'decision_function_75'
================================================================
* Date:           Thu Jan 23 13:41:23 2025

* Version:        2024.1 (Build 5069499 on May 21 2024)
* Project:        my_prj
* Solution:       solution1 (Vivado IP Flow Target)
* Product family: virtexuplus
* Target device:  xcu250-figd2104-2L-e


================================================================
== Performance Estimates
================================================================
+ Timing: 
    * Summary: 
    +--------+---------+----------+------------+
    |  Clock |  Target | Estimated| Uncertainty|
    +--------+---------+----------+------------+
    |ap_clk  |  5.00 ns|  3.596 ns|     1.35 ns|
    +--------+---------+----------+------------+

+ Latency: 
    * Summary: 
    +---------+---------+----------+----------+-----+-----+---------+
    |  Latency (cycles) |  Latency (absolute) |  Interval | Pipeline|
    |   min   |   max   |    min   |    max   | min | max |   Type  |
    +---------+---------+----------+----------+-----+-----+---------+
    |        1|        1|  5.000 ns|  5.000 ns|    1|    1|      yes|
    +---------+---------+----------+----------+-----+-----+---------+

    + Detail: 
        * Instance: 
        N/A

        * Loop: 
        N/A



================================================================
== Utilization Estimates
================================================================
* Summary: 
+---------------------+---------+-------+---------+---------+------+
|         Name        | BRAM_18K|  DSP  |    FF   |   LUT   | URAM |
+---------------------+---------+-------+---------+---------+------+
|DSP                  |        -|      -|        -|        -|     -|
|Expression           |        -|      -|        0|     1081|     -|
|FIFO                 |        -|      -|        -|        -|     -|
|Instance             |        -|      -|        0|      148|     -|
|Memory               |        -|      -|        -|        -|     -|
|Multiplexer          |        -|      -|        -|        -|     -|
|Register             |        -|      -|       23|        -|     -|
+---------------------+---------+-------+---------+---------+------+
|Total                |        0|      0|       23|     1229|     0|
+---------------------+---------+-------+---------+---------+------+
|Available SLR        |     1344|   3072|   864000|   432000|   320|
+---------------------+---------+-------+---------+---------+------+
|Utilization SLR (%)  |        0|      0|       ~0|       ~0|     0|
+---------------------+---------+-------+---------+---------+------+
|Available            |     5376|  12288|  3456000|  1728000|  1280|
+---------------------+---------+-------+---------+---------+------+
|Utilization (%)      |        0|      0|       ~0|       ~0|     0|
+---------------------+---------+-------+---------+---------+------+

+ Detail: 
    * Instance: 
    +--------------------------------+---------------------------+---------+----+---+-----+-----+
    |            Instance            |           Module          | BRAM_18K| DSP| FF| LUT | URAM|
    +--------------------------------+---------------------------+---------+----+---+-----+-----+
    |sparsemux_65_5_12_1_1_x12_U608  |sparsemux_65_5_12_1_1_x12  |        0|   0|  0|  148|    0|
    +--------------------------------+---------------------------+---------+----+---+-----+-----+
    |Total                           |                           |        0|   0|  0|  148|    0|
    +--------------------------------+---------------------------+---------+----+---+-----+-----+

    * DSP: 
    N/A

    * Memory: 
    N/A

    * FIFO: 
    N/A

    * Expression: 
    +-----------------------------+----------+----+---+----+------------+------------+
    |        Variable Name        | Operation| DSP| FF| LUT| Bitwidth P0| Bitwidth P1|
    +-----------------------------+----------+----+---+----+------------+------------+
    |and_ln102_841_fu_975_p2      |       and|   0|  0|   2|           1|           1|
    |and_ln102_842_fu_606_p2      |       and|   0|  0|   2|           1|           1|
    |and_ln102_843_fu_624_p2      |       and|   0|  0|   2|           1|           1|
    |and_ln102_844_fu_991_p2      |       and|   0|  0|   2|           1|           1|
    |and_ln102_845_fu_1007_p2     |       and|   0|  0|   2|           1|           1|
    |and_ln102_846_fu_642_p2      |       and|   0|  0|   2|           1|           1|
    |and_ln102_847_fu_654_p2      |       and|   0|  0|   2|           1|           1|
    |and_ln102_848_fu_666_p2      |       and|   0|  0|   2|           1|           1|
    |and_ln102_849_fu_678_p2      |       and|   0|  0|   2|           1|           1|
    |and_ln102_850_fu_1023_p2     |       and|   0|  0|   2|           1|           1|
    |and_ln102_851_fu_1033_p2     |       and|   0|  0|   2|           1|           1|
    |and_ln102_852_fu_1043_p2     |       and|   0|  0|   2|           1|           1|
    |and_ln102_853_fu_1053_p2     |       and|   0|  0|   2|           1|           1|
    |and_ln102_854_fu_690_p2      |       and|   0|  0|   2|           1|           1|
    |and_ln102_855_fu_696_p2      |       and|   0|  0|   2|           1|           1|
    |and_ln102_856_fu_702_p2      |       and|   0|  0|   2|           1|           1|
    |and_ln102_857_fu_708_p2      |       and|   0|  0|   2|           1|           1|
    |and_ln102_858_fu_714_p2      |       and|   0|  0|   2|           1|           1|
    |and_ln102_859_fu_720_p2      |       and|   0|  0|   2|           1|           1|
    |and_ln102_860_fu_726_p2      |       and|   0|  0|   2|           1|           1|
    |and_ln102_861_fu_732_p2      |       and|   0|  0|   2|           1|           1|
    |and_ln102_862_fu_738_p2      |       and|   0|  0|   2|           1|           1|
    |and_ln102_863_fu_744_p2      |       and|   0|  0|   2|           1|           1|
    |and_ln102_864_fu_750_p2      |       and|   0|  0|   2|           1|           1|
    |and_ln102_865_fu_756_p2      |       and|   0|  0|   2|           1|           1|
    |and_ln102_866_fu_1063_p2     |       and|   0|  0|   2|           1|           1|
    |and_ln102_867_fu_1068_p2     |       and|   0|  0|   2|           1|           1|
    |and_ln102_868_fu_1073_p2     |       and|   0|  0|   2|           1|           1|
    |and_ln102_869_fu_1079_p2     |       and|   0|  0|   2|           1|           1|
    |and_ln102_870_fu_1084_p2     |       and|   0|  0|   2|           1|           1|
    |and_ln102_871_fu_1089_p2     |       and|   0|  0|   2|           1|           1|
    |and_ln102_872_fu_1095_p2     |       and|   0|  0|   2|           1|           1|
    |and_ln102_873_fu_1100_p2     |       and|   0|  0|   2|           1|           1|
    |and_ln102_874_fu_1105_p2     |       and|   0|  0|   2|           1|           1|
    |and_ln102_875_fu_1111_p2     |       and|   0|  0|   2|           1|           1|
    |and_ln102_876_fu_1116_p2     |       and|   0|  0|   2|           1|           1|
    |and_ln102_877_fu_1121_p2     |       and|   0|  0|   2|           1|           1|
    |and_ln102_fu_588_p2          |       and|   0|  0|   2|           1|           1|
    |and_ln104_121_fu_985_p2      |       and|   0|  0|   2|           1|           1|
    |and_ln104_122_fu_618_p2      |       and|   0|  0|   2|           1|           1|
    |and_ln104_123_fu_636_p2      |       and|   0|  0|   2|           1|           1|
    |and_ln104_124_fu_1001_p2     |       and|   0|  0|   2|           1|           1|
    |and_ln104_125_fu_1017_p2     |       and|   0|  0|   2|           1|           1|
    |and_ln104_fu_600_p2          |       and|   0|  0|   2|           1|           1|
    |icmp_ln86_684_fu_408_p2      |      icmp|   0|  0|  25|          18|          15|
    |icmp_ln86_685_fu_414_p2      |      icmp|   0|  0|  25|          18|          12|
    |icmp_ln86_686_fu_420_p2      |      icmp|   0|  0|  25|          18|           9|
    |icmp_ln86_687_fu_426_p2      |      icmp|   0|  0|  25|          18|          17|
    |icmp_ln86_688_fu_432_p2      |      icmp|   0|  0|  25|          18|          17|
    |icmp_ln86_689_fu_438_p2      |      icmp|   0|  0|  25|          18|          17|
    |icmp_ln86_690_fu_444_p2      |      icmp|   0|  0|  25|          18|          10|
    |icmp_ln86_691_fu_450_p2      |      icmp|   0|  0|  25|          18|           7|
    |icmp_ln86_692_fu_456_p2      |      icmp|   0|  0|  25|          18|           6|
    |icmp_ln86_693_fu_462_p2      |      icmp|   0|  0|  25|          18|          11|
    |icmp_ln86_694_fu_468_p2      |      icmp|   0|  0|  25|          18|          13|
    |icmp_ln86_695_fu_474_p2      |      icmp|   0|  0|  25|          18|           8|
    |icmp_ln86_696_fu_480_p2      |      icmp|   0|  0|  25|          18|          16|
    |icmp_ln86_697_fu_486_p2      |      icmp|   0|  0|  25|          18|          17|
    |icmp_ln86_698_fu_492_p2      |      icmp|   0|  0|  25|          18|          18|
    |icmp_ln86_699_fu_498_p2      |      icmp|   0|  0|  25|          18|          14|
    |icmp_ln86_700_fu_504_p2      |      icmp|   0|  0|  25|          18|           4|
    |icmp_ln86_701_fu_510_p2      |      icmp|   0|  0|  25|          18|           9|
    |icmp_ln86_702_fu_516_p2      |      icmp|   0|  0|  25|          18|          17|
    |icmp_ln86_703_fu_522_p2      |      icmp|   0|  0|  25|          18|          17|
    |icmp_ln86_704_fu_528_p2      |      icmp|   0|  0|  25|          18|          17|
    |icmp_ln86_705_fu_534_p2      |      icmp|   0|  0|  25|          18|           9|
    |icmp_ln86_706_fu_540_p2      |      icmp|   0|  0|  25|          18|           9|
    |icmp_ln86_707_fu_546_p2      |      icmp|   0|  0|  25|          18|           9|
    |icmp_ln86_708_fu_552_p2      |      icmp|   0|  0|  25|          18|           9|
    |icmp_ln86_709_fu_558_p2      |      icmp|   0|  0|  25|          18|           8|
    |icmp_ln86_710_fu_564_p2      |      icmp|   0|  0|  25|          18|           9|
    |icmp_ln86_711_fu_570_p2      |      icmp|   0|  0|  25|          18|           5|
    |icmp_ln86_712_fu_576_p2      |      icmp|   0|  0|  25|          18|           9|
    |icmp_ln86_713_fu_582_p2      |      icmp|   0|  0|  25|          18|           9|
    |icmp_ln86_fu_402_p2          |      icmp|   0|  0|  25|          18|          17|
    |or_ln117_601_fu_798_p2       |        or|   0|  0|   2|           1|           1|
    |or_ln117_602_fu_812_p2       |        or|   0|  0|   2|           1|           1|
    |or_ln117_603_fu_826_p2       |        or|   0|  0|   2|           1|           1|
    |or_ln117_604_fu_852_p2       |        or|   0|  0|   2|           1|           1|
    |or_ln117_605_fu_866_p2       |        or|   0|  0|   2|           1|           1|
    |or_ln117_606_fu_880_p2       |        or|   0|  0|   2|           1|           1|
    |or_ln117_607_fu_894_p2       |        or|   0|  0|   2|           1|           1|
    |or_ln117_608_fu_908_p2       |        or|   0|  0|   2|           1|           1|
    |or_ln117_609_fu_922_p2       |        or|   0|  0|   2|           1|           1|
    |or_ln117_610_fu_936_p2       |        or|   0|  0|   2|           1|           1|
    |or_ln117_611_fu_1127_p2      |        or|   0|  0|   2|           1|           1|
    |or_ln117_612_fu_1132_p2      |        or|   0|  0|   2|           1|           1|
    |or_ln117_613_fu_1144_p2      |        or|   0|  0|   2|           1|           1|
    |or_ln117_614_fu_1158_p2      |        or|   0|  0|   2|           1|           1|
    |or_ln117_615_fu_1171_p2      |        or|   0|  0|   2|           1|           1|
    |or_ln117_616_fu_1185_p2      |        or|   0|  0|   2|           1|           1|
    |or_ln117_617_fu_1199_p2      |        or|   0|  0|   2|           1|           1|
    |or_ln117_618_fu_1213_p2      |        or|   0|  0|   2|           1|           1|
    |or_ln117_619_fu_1226_p2      |        or|   0|  0|   2|           1|           1|
    |or_ln117_620_fu_1240_p2      |        or|   0|  0|   2|           1|           1|
    |or_ln117_621_fu_1254_p2      |        or|   0|  0|   2|           1|           1|
    |or_ln117_622_fu_1268_p2      |        or|   0|  0|   2|           1|           1|
    |or_ln117_623_fu_1282_p2      |        or|   0|  0|   2|           1|           1|
    |or_ln117_624_fu_1296_p2      |        or|   0|  0|   2|           1|           1|
    |or_ln117_625_fu_1310_p2      |        or|   0|  0|   2|           1|           1|
    |or_ln117_fu_772_p2           |        or|   0|  0|   2|           1|           1|
    |agg_result_fu_1332_p66       |    select|   0|  0|   5|           1|           5|
    |select_ln117_664_fu_786_p3   |    select|   0|  0|   2|           1|           2|
    |select_ln117_665_fu_804_p3   |    select|   0|  0|   4|           1|           3|
    |select_ln117_666_fu_818_p3   |    select|   0|  0|   3|           1|           3|
    |select_ln117_667_fu_832_p3   |    select|   0|  0|   3|           1|           3|
    |select_ln117_668_fu_840_p3   |    select|   0|  0|   3|           1|           3|
    |select_ln117_669_fu_858_p3   |    select|   0|  0|   5|           1|           4|
    |select_ln117_670_fu_872_p3   |    select|   0|  0|   4|           1|           4|
    |select_ln117_671_fu_886_p3   |    select|   0|  0|   4|           1|           4|
    |select_ln117_672_fu_900_p3   |    select|   0|  0|   4|           1|           4|
    |select_ln117_673_fu_914_p3   |    select|   0|  0|   4|           1|           4|
    |select_ln117_674_fu_928_p3   |    select|   0|  0|   4|           1|           4|
    |select_ln117_675_fu_942_p3   |    select|   0|  0|   4|           1|           4|
    |select_ln117_676_fu_950_p3   |    select|   0|  0|   4|           1|           4|
    |select_ln117_677_fu_962_p3   |    select|   0|  0|   6|           1|           5|
    |select_ln117_678_fu_1137_p3  |    select|   0|  0|   5|           1|           5|
    |select_ln117_679_fu_1150_p3  |    select|   0|  0|   5|           1|           5|
    |select_ln117_680_fu_1163_p3  |    select|   0|  0|   5|           1|           5|
    |select_ln117_681_fu_1177_p3  |    select|   0|  0|   5|           1|           5|
    |select_ln117_682_fu_1191_p3  |    select|   0|  0|   5|           1|           5|
    |select_ln117_683_fu_1205_p3  |    select|   0|  0|   5|           1|           5|
    |select_ln117_684_fu_1218_p3  |    select|   0|  0|   5|           1|           5|
    |select_ln117_685_fu_1232_p3  |    select|   0|  0|   5|           1|           5|
    |select_ln117_686_fu_1246_p3  |    select|   0|  0|   5|           1|           5|
    |select_ln117_687_fu_1260_p3  |    select|   0|  0|   5|           1|           5|
    |select_ln117_688_fu_1274_p3  |    select|   0|  0|   5|           1|           5|
    |select_ln117_689_fu_1288_p3  |    select|   0|  0|   5|           1|           5|
    |select_ln117_690_fu_1302_p3  |    select|   0|  0|   5|           1|           5|
    |select_ln117_691_fu_1316_p3  |    select|   0|  0|   5|           1|           5|
    |select_ln117_fu_778_p3       |    select|   0|  0|   3|           1|           2|
    |ap_enable_pp0                |       xor|   0|  0|   2|           1|           2|
    |xor_ln104_323_fu_594_p2      |       xor|   0|  0|   2|           1|           2|
    |xor_ln104_324_fu_980_p2      |       xor|   0|  0|   2|           1|           2|
    |xor_ln104_325_fu_612_p2      |       xor|   0|  0|   2|           1|           2|
    |xor_ln104_326_fu_630_p2      |       xor|   0|  0|   2|           1|           2|
    |xor_ln104_327_fu_996_p2      |       xor|   0|  0|   2|           1|           2|
    |xor_ln104_328_fu_1012_p2     |       xor|   0|  0|   2|           1|           2|
    |xor_ln104_329_fu_648_p2      |       xor|   0|  0|   2|           1|           2|
    |xor_ln104_330_fu_660_p2      |       xor|   0|  0|   2|           1|           2|
    |xor_ln104_331_fu_672_p2      |       xor|   0|  0|   2|           1|           2|
    |xor_ln104_332_fu_684_p2      |       xor|   0|  0|   2|           1|           2|
    |xor_ln104_333_fu_1028_p2     |       xor|   0|  0|   2|           1|           2|
    |xor_ln104_334_fu_1038_p2     |       xor|   0|  0|   2|           1|           2|
    |xor_ln104_335_fu_1048_p2     |       xor|   0|  0|   2|           1|           2|
    |xor_ln104_336_fu_1058_p2     |       xor|   0|  0|   2|           1|           2|
    |xor_ln104_fu_970_p2          |       xor|   0|  0|   2|           1|           2|
    |xor_ln117_fu_762_p2          |       xor|   0|  0|   2|           2|           1|
    +-----------------------------+----------+----+---+----+------------+------------+
    |Total                        |          |   0|  0|1081|         676|         595|
    +-----------------------------+----------+----+---+----+------------+------------+

    * Multiplexer: 
    N/A

    * Register: 
    +---------------------------+---+----+-----+-----------+
    |            Name           | FF| LUT| Bits| Const Bits|
    +---------------------------+---+----+-----+-----------+
    |ap_CS_fsm                  |  1|   0|    1|          0|
    |ap_enable_reg_pp0_iter1    |  1|   0|    1|          0|
    |icmp_ln86_685_reg_1477     |  1|   0|    1|          0|
    |icmp_ln86_688_reg_1483     |  1|   0|    1|          0|
    |icmp_ln86_689_reg_1489     |  1|   0|    1|          0|
    |icmp_ln86_694_reg_1495     |  1|   0|    1|          0|
    |icmp_ln86_695_reg_1501     |  1|   0|    1|          0|
    |icmp_ln86_696_reg_1507     |  1|   0|    1|          0|
    |icmp_ln86_697_reg_1513     |  1|   0|    1|          0|
    |icmp_ln86_706_reg_1519     |  1|   0|    1|          0|
    |icmp_ln86_707_reg_1524     |  1|   0|    1|          0|
    |icmp_ln86_708_reg_1529     |  1|   0|    1|          0|
    |icmp_ln86_709_reg_1534     |  1|   0|    1|          0|
    |icmp_ln86_710_reg_1539     |  1|   0|    1|          0|
    |icmp_ln86_711_reg_1544     |  1|   0|    1|          0|
    |icmp_ln86_712_reg_1549     |  1|   0|    1|          0|
    |icmp_ln86_713_reg_1554     |  1|   0|    1|          0|
    |icmp_ln86_reg_1468         |  1|   0|    1|          0|
    |select_ln117_677_reg_1559  |  5|   0|    5|          0|
    +---------------------------+---+----+-----+-----------+
    |Total                      | 23|   0|   23|          0|
    +---------------------------+---+----+-----+-----------+



================================================================
== Interface
================================================================
* Summary: 
+-----------+-----+-----+------------+----------------------+--------------+
| RTL Ports | Dir | Bits|  Protocol  |     Source Object    |    C Type    |
+-----------+-----+-----+------------+----------------------+--------------+
|ap_clk     |   in|    1|  ap_ctrl_hs|  decision_function.75|  return value|
|ap_rst     |   in|    1|  ap_ctrl_hs|  decision_function.75|  return value|
|ap_start   |   in|    1|  ap_ctrl_hs|  decision_function.75|  return value|
|ap_done    |  out|    1|  ap_ctrl_hs|  decision_function.75|  return value|
|ap_idle    |  out|    1|  ap_ctrl_hs|  decision_function.75|  return value|
|ap_ready   |  out|    1|  ap_ctrl_hs|  decision_function.75|  return value|
|ap_return  |  out|   12|  ap_ctrl_hs|  decision_function.75|  return value|
|x_1_val    |   in|   18|     ap_none|               x_1_val|        scalar|
|x_6_val    |   in|   18|     ap_none|               x_6_val|        scalar|
|x_9_val    |   in|   18|     ap_none|               x_9_val|        scalar|
|x_11_val   |   in|   18|     ap_none|              x_11_val|        scalar|
|x_13_val   |   in|   18|     ap_none|              x_13_val|        scalar|
|x_17_val   |   in|   18|     ap_none|              x_17_val|        scalar|
|x_19_val   |   in|   18|     ap_none|              x_19_val|        scalar|
|x_21_val   |   in|   18|     ap_none|              x_21_val|        scalar|
|x_22_val   |   in|   18|     ap_none|              x_22_val|        scalar|
|x_23_val   |   in|   18|     ap_none|              x_23_val|        scalar|
|x_24_val   |   in|   18|     ap_none|              x_24_val|        scalar|
|x_28_val   |   in|   18|     ap_none|              x_28_val|        scalar|
|x_37_val   |   in|   18|     ap_none|              x_37_val|        scalar|
|x_38_val   |   in|   18|     ap_none|              x_38_val|        scalar|
|x_39_val   |   in|   18|     ap_none|              x_39_val|        scalar|
|x_45_val   |   in|   18|     ap_none|              x_45_val|        scalar|
|x_47_val   |   in|   18|     ap_none|              x_47_val|        scalar|
|x_49_val   |   in|   18|     ap_none|              x_49_val|        scalar|
|x_50_val   |   in|   18|     ap_none|              x_50_val|        scalar|
|x_51_val   |   in|   18|     ap_none|              x_51_val|        scalar|
|x_52_val   |   in|   18|     ap_none|              x_52_val|        scalar|
+-----------+-----+-----+------------+----------------------+--------------+

