

================================================================
== Vitis HLS Report for 'decision_function_83'
================================================================
* Date:           Thu Jan 23 13:41:19 2025

* Version:        2024.1 (Build 5069499 on May 21 2024)
* Project:        my_prj
* Solution:       solution1 (Vivado IP Flow Target)
* Product family: virtexuplus
* Target device:  xcu250-figd2104-2L-e


================================================================
== Performance Estimates
================================================================
+ Timing: 
    * Summary: 
    +--------+---------+----------+------------+
    |  Clock |  Target | Estimated| Uncertainty|
    +--------+---------+----------+------------+
    |ap_clk  |  5.00 ns|  3.523 ns|     1.35 ns|
    +--------+---------+----------+------------+

+ Latency: 
    * Summary: 
    +---------+---------+----------+----------+-----+-----+---------+
    |  Latency (cycles) |  Latency (absolute) |  Interval | Pipeline|
    |   min   |   max   |    min   |    max   | min | max |   Type  |
    +---------+---------+----------+----------+-----+-----+---------+
    |        1|        1|  5.000 ns|  5.000 ns|    1|    1|      yes|
    +---------+---------+----------+----------+-----+-----+---------+

    + Detail: 
        * Instance: 
        N/A

        * Loop: 
        N/A



================================================================
== Utilization Estimates
================================================================
* Summary: 
+---------------------+---------+-------+---------+---------+------+
|         Name        | BRAM_18K|  DSP  |    FF   |   LUT   | URAM |
+---------------------+---------+-------+---------+---------+------+
|DSP                  |        -|      -|        -|        -|     -|
|Expression           |        -|      -|        0|      983|     -|
|FIFO                 |        -|      -|        -|        -|     -|
|Instance             |        -|      -|        0|      145|     -|
|Memory               |        -|      -|        -|        -|     -|
|Multiplexer          |        -|      -|        -|        -|     -|
|Register             |        -|      -|       24|        -|     -|
+---------------------+---------+-------+---------+---------+------+
|Total                |        0|      0|       24|     1128|     0|
+---------------------+---------+-------+---------+---------+------+
|Available SLR        |     1344|   3072|   864000|   432000|   320|
+---------------------+---------+-------+---------+---------+------+
|Utilization SLR (%)  |        0|      0|       ~0|       ~0|     0|
+---------------------+---------+-------+---------+---------+------+
|Available            |     5376|  12288|  3456000|  1728000|  1280|
+---------------------+---------+-------+---------+---------+------+
|Utilization (%)      |        0|      0|       ~0|       ~0|     0|
+---------------------+---------+-------+---------+---------+------+

+ Detail: 
    * Instance: 
    +----------------------------+-----------------------+---------+----+---+-----+-----+
    |          Instance          |         Module        | BRAM_18K| DSP| FF| LUT | URAM|
    +----------------------------+-----------------------+---------+----+---+-----+-----+
    |sparsemux_59_5_11_1_1_U450  |sparsemux_59_5_11_1_1  |        0|   0|  0|  145|    0|
    +----------------------------+-----------------------+---------+----+---+-----+-----+
    |Total                       |                       |        0|   0|  0|  145|    0|
    +----------------------------+-----------------------+---------+----+---+-----+-----+

    * DSP: 
    N/A

    * Memory: 
    N/A

    * FIFO: 
    N/A

    * Expression: 
    +-----------------------------+----------+----+---+----+------------+------------+
    |        Variable Name        | Operation| DSP| FF| LUT| Bitwidth P0| Bitwidth P1|
    +-----------------------------+----------+----+---+----+------------+------------+
    |and_ln102_553_fu_560_p2      |       and|   0|  0|   2|           1|           1|
    |and_ln102_554_fu_578_p2      |       and|   0|  0|   2|           1|           1|
    |and_ln102_555_fu_596_p2      |       and|   0|  0|   2|           1|           1|
    |and_ln102_556_fu_614_p2      |       and|   0|  0|   2|           1|           1|
    |and_ln102_557_fu_960_p2      |       and|   0|  0|   2|           1|           1|
    |and_ln102_558_fu_632_p2      |       and|   0|  0|   2|           1|           1|
    |and_ln102_559_fu_644_p2      |       and|   0|  0|   2|           1|           1|
    |and_ln102_560_fu_656_p2      |       and|   0|  0|   2|           1|           1|
    |and_ln102_561_fu_668_p2      |       and|   0|  0|   2|           1|           1|
    |and_ln102_562_fu_979_p2      |       and|   0|  0|   2|           1|           1|
    |and_ln102_563_fu_988_p2      |       and|   0|  0|   2|           1|           1|
    |and_ln102_564_fu_998_p2      |       and|   0|  0|   2|           1|           1|
    |and_ln102_565_fu_674_p2      |       and|   0|  0|   2|           1|           1|
    |and_ln102_566_fu_680_p2      |       and|   0|  0|   2|           1|           1|
    |and_ln102_567_fu_686_p2      |       and|   0|  0|   2|           1|           1|
    |and_ln102_568_fu_692_p2      |       and|   0|  0|   2|           1|           1|
    |and_ln102_569_fu_698_p2      |       and|   0|  0|   2|           1|           1|
    |and_ln102_570_fu_704_p2      |       and|   0|  0|   2|           1|           1|
    |and_ln102_571_fu_710_p2      |       and|   0|  0|   2|           1|           1|
    |and_ln102_572_fu_716_p2      |       and|   0|  0|   2|           1|           1|
    |and_ln102_573_fu_722_p2      |       and|   0|  0|   2|           1|           1|
    |and_ln102_574_fu_728_p2      |       and|   0|  0|   2|           1|           1|
    |and_ln102_575_fu_1008_p2     |       and|   0|  0|   2|           1|           1|
    |and_ln102_576_fu_1013_p2     |       and|   0|  0|   2|           1|           1|
    |and_ln102_577_fu_1018_p2     |       and|   0|  0|   2|           1|           1|
    |and_ln102_578_fu_1023_p2     |       and|   0|  0|   2|           1|           1|
    |and_ln102_579_fu_1028_p2     |       and|   0|  0|   2|           1|           1|
    |and_ln102_580_fu_1033_p2     |       and|   0|  0|   2|           1|           1|
    |and_ln102_581_fu_1038_p2     |       and|   0|  0|   2|           1|           1|
    |and_ln102_582_fu_1043_p2     |       and|   0|  0|   2|           1|           1|
    |and_ln102_583_fu_1049_p2     |       and|   0|  0|   2|           1|           1|
    |and_ln102_584_fu_1054_p2     |       and|   0|  0|   2|           1|           1|
    |and_ln102_585_fu_1059_p2     |       and|   0|  0|   2|           1|           1|
    |and_ln102_fu_542_p2          |       and|   0|  0|   2|           1|           1|
    |and_ln104_79_fu_572_p2       |       and|   0|  0|   2|           1|           1|
    |and_ln104_80_fu_590_p2       |       and|   0|  0|   2|           1|           1|
    |and_ln104_81_fu_608_p2       |       and|   0|  0|   2|           1|           1|
    |and_ln104_82_fu_626_p2       |       and|   0|  0|   2|           1|           1|
    |and_ln104_83_fu_969_p2       |       and|   0|  0|   2|           1|           1|
    |and_ln104_fu_554_p2          |       and|   0|  0|   2|           1|           1|
    |icmp_ln86_450_fu_374_p2      |      icmp|   0|  0|  25|          18|          17|
    |icmp_ln86_451_fu_380_p2      |      icmp|   0|  0|  25|          18|          13|
    |icmp_ln86_452_fu_386_p2      |      icmp|   0|  0|  25|          18|          16|
    |icmp_ln86_453_fu_392_p2      |      icmp|   0|  0|  25|          18|          13|
    |icmp_ln86_454_fu_398_p2      |      icmp|   0|  0|  25|          18|          14|
    |icmp_ln86_455_fu_404_p2      |      icmp|   0|  0|  25|          18|          10|
    |icmp_ln86_456_fu_410_p2      |      icmp|   0|  0|  25|          18|          18|
    |icmp_ln86_457_fu_416_p2      |      icmp|   0|  0|  25|          18|           5|
    |icmp_ln86_458_fu_422_p2      |      icmp|   0|  0|  25|          18|          17|
    |icmp_ln86_459_fu_428_p2      |      icmp|   0|  0|  25|          18|          17|
    |icmp_ln86_460_fu_434_p2      |      icmp|   0|  0|  25|          18|           9|
    |icmp_ln86_461_fu_440_p2      |      icmp|   0|  0|  25|          18|           9|
    |icmp_ln86_462_fu_446_p2      |      icmp|   0|  0|  25|          18|          15|
    |icmp_ln86_463_fu_452_p2      |      icmp|   0|  0|  25|          18|          15|
    |icmp_ln86_464_fu_458_p2      |      icmp|   0|  0|  25|          18|           9|
    |icmp_ln86_465_fu_464_p2      |      icmp|   0|  0|  25|          18|          10|
    |icmp_ln86_466_fu_470_p2      |      icmp|   0|  0|  25|          18|          10|
    |icmp_ln86_467_fu_476_p2      |      icmp|   0|  0|  25|          18|          17|
    |icmp_ln86_468_fu_482_p2      |      icmp|   0|  0|  25|          18|           3|
    |icmp_ln86_469_fu_488_p2      |      icmp|   0|  0|  25|          18|          17|
    |icmp_ln86_470_fu_494_p2      |      icmp|   0|  0|  25|          18|           9|
    |icmp_ln86_471_fu_500_p2      |      icmp|   0|  0|  25|          18|           5|
    |icmp_ln86_472_fu_506_p2      |      icmp|   0|  0|  25|          18|           6|
    |icmp_ln86_473_fu_512_p2      |      icmp|   0|  0|  25|          18|          16|
    |icmp_ln86_474_fu_518_p2      |      icmp|   0|  0|  25|          18|          18|
    |icmp_ln86_475_fu_524_p2      |      icmp|   0|  0|  25|          18|          17|
    |icmp_ln86_476_fu_530_p2      |      icmp|   0|  0|  25|          18|          10|
    |icmp_ln86_fu_368_p2          |      icmp|   0|  0|  25|          18|          17|
    |or_ln117_393_fu_750_p2       |        or|   0|  0|   2|           1|           1|
    |or_ln117_394_fu_764_p2       |        or|   0|  0|   2|           1|           1|
    |or_ln117_395_fu_782_p2       |        or|   0|  0|   2|           1|           1|
    |or_ln117_396_fu_796_p2       |        or|   0|  0|   2|           1|           1|
    |or_ln117_397_fu_810_p2       |        or|   0|  0|   2|           1|           1|
    |or_ln117_398_fu_824_p2       |        or|   0|  0|   2|           1|           1|
    |or_ln117_399_fu_842_p2       |        or|   0|  0|   2|           1|           1|
    |or_ln117_400_fu_856_p2       |        or|   0|  0|   2|           1|           1|
    |or_ln117_401_fu_870_p2       |        or|   0|  0|   2|           1|           1|
    |or_ln117_402_fu_884_p2       |        or|   0|  0|   2|           1|           1|
    |or_ln117_403_fu_898_p2       |        or|   0|  0|   2|           1|           1|
    |or_ln117_404_fu_912_p2       |        or|   0|  0|   2|           1|           1|
    |or_ln117_405_fu_926_p2       |        or|   0|  0|   2|           1|           1|
    |or_ln117_406_fu_1065_p2      |        or|   0|  0|   2|           1|           1|
    |or_ln117_407_fu_948_p2       |        or|   0|  0|   2|           1|           1|
    |or_ln117_408_fu_1081_p2      |        or|   0|  0|   2|           1|           1|
    |or_ln117_409_fu_1093_p2      |        or|   0|  0|   2|           1|           1|
    |or_ln117_410_fu_1106_p2      |        or|   0|  0|   2|           1|           1|
    |or_ln117_411_fu_954_p2       |        or|   0|  0|   2|           1|           1|
    |or_ln117_412_fu_1128_p2      |        or|   0|  0|   2|           1|           1|
    |or_ln117_413_fu_1140_p2      |        or|   0|  0|   2|           1|           1|
    |or_ln117_414_fu_1153_p2      |        or|   0|  0|   2|           1|           1|
    |or_ln117_415_fu_1167_p2      |        or|   0|  0|   2|           1|           1|
    |or_ln117_416_fu_1180_p2      |        or|   0|  0|   2|           1|           1|
    |or_ln117_417_fu_1194_p2      |        or|   0|  0|   2|           1|           1|
    |or_ln117_418_fu_1208_p2      |        or|   0|  0|   2|           1|           1|
    |or_ln117_fu_734_p2           |        or|   0|  0|   2|           1|           1|
    |agg_result_fu_1230_p60       |    select|   0|  0|   5|           1|           5|
    |select_ln117_437_fu_770_p3   |    select|   0|  0|   2|           1|           2|
    |select_ln117_438_fu_788_p3   |    select|   0|  0|   4|           1|           3|
    |select_ln117_439_fu_802_p3   |    select|   0|  0|   3|           1|           3|
    |select_ln117_440_fu_816_p3   |    select|   0|  0|   3|           1|           3|
    |select_ln117_441_fu_830_p3   |    select|   0|  0|   3|           1|           3|
    |select_ln117_442_fu_848_p3   |    select|   0|  0|   5|           1|           4|
    |select_ln117_443_fu_862_p3   |    select|   0|  0|   4|           1|           4|
    |select_ln117_444_fu_876_p3   |    select|   0|  0|   4|           1|           4|
    |select_ln117_445_fu_890_p3   |    select|   0|  0|   4|           1|           4|
    |select_ln117_446_fu_904_p3   |    select|   0|  0|   4|           1|           4|
    |select_ln117_447_fu_918_p3   |    select|   0|  0|   4|           1|           4|
    |select_ln117_448_fu_932_p3   |    select|   0|  0|   4|           1|           4|
    |select_ln117_449_fu_940_p3   |    select|   0|  0|   4|           1|           4|
    |select_ln117_450_fu_1073_p3  |    select|   0|  0|   6|           1|           5|
    |select_ln117_451_fu_1086_p3  |    select|   0|  0|   5|           1|           5|
    |select_ln117_452_fu_1098_p3  |    select|   0|  0|   5|           1|           5|
    |select_ln117_453_fu_1112_p3  |    select|   0|  0|   5|           1|           5|
    |select_ln117_454_fu_1120_p3  |    select|   0|  0|   5|           1|           5|
    |select_ln117_455_fu_1133_p3  |    select|   0|  0|   5|           1|           5|
    |select_ln117_456_fu_1145_p3  |    select|   0|  0|   5|           1|           5|
    |select_ln117_457_fu_1159_p3  |    select|   0|  0|   5|           1|           5|
    |select_ln117_458_fu_1172_p3  |    select|   0|  0|   5|           1|           5|
    |select_ln117_459_fu_1186_p3  |    select|   0|  0|   5|           1|           5|
    |select_ln117_460_fu_1200_p3  |    select|   0|  0|   5|           1|           5|
    |select_ln117_461_fu_1214_p3  |    select|   0|  0|   5|           1|           5|
    |select_ln117_fu_756_p3       |    select|   0|  0|   3|           1|           2|
    |ap_enable_pp0                |       xor|   0|  0|   2|           1|           2|
    |xor_ln104_212_fu_548_p2      |       xor|   0|  0|   2|           1|           2|
    |xor_ln104_213_fu_566_p2      |       xor|   0|  0|   2|           1|           2|
    |xor_ln104_214_fu_584_p2      |       xor|   0|  0|   2|           1|           2|
    |xor_ln104_215_fu_602_p2      |       xor|   0|  0|   2|           1|           2|
    |xor_ln104_216_fu_620_p2      |       xor|   0|  0|   2|           1|           2|
    |xor_ln104_217_fu_964_p2      |       xor|   0|  0|   2|           1|           2|
    |xor_ln104_218_fu_638_p2      |       xor|   0|  0|   2|           1|           2|
    |xor_ln104_219_fu_650_p2      |       xor|   0|  0|   2|           1|           2|
    |xor_ln104_220_fu_662_p2      |       xor|   0|  0|   2|           1|           2|
    |xor_ln104_221_fu_974_p2      |       xor|   0|  0|   2|           1|           2|
    |xor_ln104_222_fu_983_p2      |       xor|   0|  0|   2|           1|           2|
    |xor_ln104_223_fu_993_p2      |       xor|   0|  0|   2|           1|           2|
    |xor_ln104_224_fu_1003_p2     |       xor|   0|  0|   2|           1|           2|
    |xor_ln104_fu_536_p2          |       xor|   0|  0|   2|           1|           2|
    |xor_ln117_fu_740_p2          |       xor|   0|  0|   2|           2|           1|
    +-----------------------------+----------+----+---+----+------------+------------+
    |Total                        |          |   0|  0| 983|         615|         563|
    +-----------------------------+----------+----+---+----+------------+------------+

    * Multiplexer: 
    N/A

    * Register: 
    +---------------------------+---+----+-----+-----------+
    |            Name           | FF| LUT| Bits| Const Bits|
    +---------------------------+---+----+-----+-----------+
    |and_ln104_79_reg_1418      |  1|   0|    1|          0|
    |and_ln104_81_reg_1424      |  1|   0|    1|          0|
    |and_ln104_82_reg_1429      |  1|   0|    1|          0|
    |ap_CS_fsm                  |  1|   0|    1|          0|
    |ap_enable_reg_pp0_iter1    |  1|   0|    1|          0|
    |icmp_ln86_455_reg_1354     |  1|   0|    1|          0|
    |icmp_ln86_459_reg_1360     |  1|   0|    1|          0|
    |icmp_ln86_460_reg_1365     |  1|   0|    1|          0|
    |icmp_ln86_461_reg_1371     |  1|   0|    1|          0|
    |icmp_ln86_462_reg_1377     |  1|   0|    1|          0|
    |icmp_ln86_470_reg_1383     |  1|   0|    1|          0|
    |icmp_ln86_471_reg_1388     |  1|   0|    1|          0|
    |icmp_ln86_472_reg_1393     |  1|   0|    1|          0|
    |icmp_ln86_473_reg_1398     |  1|   0|    1|          0|
    |icmp_ln86_474_reg_1403     |  1|   0|    1|          0|
    |icmp_ln86_475_reg_1408     |  1|   0|    1|          0|
    |icmp_ln86_476_reg_1413     |  1|   0|    1|          0|
    |or_ln117_405_reg_1435      |  1|   0|    1|          0|
    |or_ln117_407_reg_1445      |  1|   0|    1|          0|
    |or_ln117_411_reg_1452      |  1|   0|    1|          0|
    |select_ln117_449_reg_1440  |  4|   0|    4|          0|
    +---------------------------+---+----+-----+-----------+
    |Total                      | 24|   0|   24|          0|
    +---------------------------+---+----+-----+-----------+



================================================================
== Interface
================================================================
* Summary: 
+-----------+-----+-----+------------+----------------------+--------------+
| RTL Ports | Dir | Bits|  Protocol  |     Source Object    |    C Type    |
+-----------+-----+-----+------------+----------------------+--------------+
|ap_clk     |   in|    1|  ap_ctrl_hs|  decision_function.83|  return value|
|ap_rst     |   in|    1|  ap_ctrl_hs|  decision_function.83|  return value|
|ap_start   |   in|    1|  ap_ctrl_hs|  decision_function.83|  return value|
|ap_done    |  out|    1|  ap_ctrl_hs|  decision_function.83|  return value|
|ap_idle    |  out|    1|  ap_ctrl_hs|  decision_function.83|  return value|
|ap_ready   |  out|    1|  ap_ctrl_hs|  decision_function.83|  return value|
|ap_return  |  out|   11|  ap_ctrl_hs|  decision_function.83|  return value|
|x_1_val    |   in|   18|     ap_none|               x_1_val|        scalar|
|x_3_val    |   in|   18|     ap_none|               x_3_val|        scalar|
|x_4_val    |   in|   18|     ap_none|               x_4_val|        scalar|
|x_7_val    |   in|   18|     ap_none|               x_7_val|        scalar|
|x_9_val    |   in|   18|     ap_none|               x_9_val|        scalar|
|x_10_val   |   in|   18|     ap_none|              x_10_val|        scalar|
|x_13_val   |   in|   18|     ap_none|              x_13_val|        scalar|
|x_17_val   |   in|   18|     ap_none|              x_17_val|        scalar|
|x_25_val   |   in|   18|     ap_none|              x_25_val|        scalar|
|x_27_val   |   in|   18|     ap_none|              x_27_val|        scalar|
|x_29_val   |   in|   18|     ap_none|              x_29_val|        scalar|
|x_31_val   |   in|   18|     ap_none|              x_31_val|        scalar|
|x_32_val   |   in|   18|     ap_none|              x_32_val|        scalar|
|x_33_val   |   in|   18|     ap_none|              x_33_val|        scalar|
|x_34_val   |   in|   18|     ap_none|              x_34_val|        scalar|
|x_47_val   |   in|   18|     ap_none|              x_47_val|        scalar|
|x_49_val   |   in|   18|     ap_none|              x_49_val|        scalar|
|x_50_val   |   in|   18|     ap_none|              x_50_val|        scalar|
|x_52_val   |   in|   18|     ap_none|              x_52_val|        scalar|
+-----------+-----+-----+------------+----------------------+--------------+

