

================================================================
== Vitis HLS Report for 'decision_function_84'
================================================================
* Date:           Thu Jan 23 13:41:19 2025

* Version:        2024.1 (Build 5069499 on May 21 2024)
* Project:        my_prj
* Solution:       solution1 (Vivado IP Flow Target)
* Product family: virtexuplus
* Target device:  xcu250-figd2104-2L-e


================================================================
== Performance Estimates
================================================================
+ Timing: 
    * Summary: 
    +--------+---------+----------+------------+
    |  Clock |  Target | Estimated| Uncertainty|
    +--------+---------+----------+------------+
    |ap_clk  |  5.00 ns|  3.596 ns|     1.35 ns|
    +--------+---------+----------+------------+

+ Latency: 
    * Summary: 
    +---------+---------+----------+----------+-----+-----+---------+
    |  Latency (cycles) |  Latency (absolute) |  Interval | Pipeline|
    |   min   |   max   |    min   |    max   | min | max |   Type  |
    +---------+---------+----------+----------+-----+-----+---------+
    |        1|        1|  5.000 ns|  5.000 ns|    1|    1|      yes|
    +---------+---------+----------+----------+-----+-----+---------+

    + Detail: 
        * Instance: 
        N/A

        * Loop: 
        N/A



================================================================
== Utilization Estimates
================================================================
* Summary: 
+---------------------+---------+-------+---------+---------+------+
|         Name        | BRAM_18K|  DSP  |    FF   |   LUT   | URAM |
+---------------------+---------+-------+---------+---------+------+
|DSP                  |        -|      -|        -|        -|     -|
|Expression           |        -|      -|        0|     1081|     -|
|FIFO                 |        -|      -|        -|        -|     -|
|Instance             |        -|      -|        0|      148|     -|
|Memory               |        -|      -|        -|        -|     -|
|Multiplexer          |        -|      -|        -|        -|     -|
|Register             |        -|      -|       23|        -|     -|
+---------------------+---------+-------+---------+---------+------+
|Total                |        0|      0|       23|     1229|     0|
+---------------------+---------+-------+---------+---------+------+
|Available SLR        |     1344|   3072|   864000|   432000|   320|
+---------------------+---------+-------+---------+---------+------+
|Utilization SLR (%)  |        0|      0|       ~0|       ~0|     0|
+---------------------+---------+-------+---------+---------+------+
|Available            |     5376|  12288|  3456000|  1728000|  1280|
+---------------------+---------+-------+---------+---------+------+
|Utilization (%)      |        0|      0|       ~0|       ~0|     0|
+---------------------+---------+-------+---------+---------+------+

+ Detail: 
    * Instance: 
    +-------------------------------+--------------------------+---------+----+---+-----+-----+
    |            Instance           |          Module          | BRAM_18K| DSP| FF| LUT | URAM|
    +-------------------------------+--------------------------+---------+----+---+-----+-----+
    |sparsemux_65_5_12_1_1_x8_U429  |sparsemux_65_5_12_1_1_x8  |        0|   0|  0|  148|    0|
    +-------------------------------+--------------------------+---------+----+---+-----+-----+
    |Total                          |                          |        0|   0|  0|  148|    0|
    +-------------------------------+--------------------------+---------+----+---+-----+-----+

    * DSP: 
    N/A

    * Memory: 
    N/A

    * FIFO: 
    N/A

    * Expression: 
    +-----------------------------+----------+----+---+----+------------+------------+
    |        Variable Name        | Operation| DSP| FF| LUT| Bitwidth P0| Bitwidth P1|
    +-----------------------------+----------+----+---+----+------------+------------+
    |and_ln102_516_fu_957_p2      |       and|   0|  0|   2|           1|           1|
    |and_ln102_517_fu_588_p2      |       and|   0|  0|   2|           1|           1|
    |and_ln102_518_fu_606_p2      |       and|   0|  0|   2|           1|           1|
    |and_ln102_519_fu_973_p2      |       and|   0|  0|   2|           1|           1|
    |and_ln102_520_fu_989_p2      |       and|   0|  0|   2|           1|           1|
    |and_ln102_521_fu_624_p2      |       and|   0|  0|   2|           1|           1|
    |and_ln102_522_fu_636_p2      |       and|   0|  0|   2|           1|           1|
    |and_ln102_523_fu_648_p2      |       and|   0|  0|   2|           1|           1|
    |and_ln102_524_fu_660_p2      |       and|   0|  0|   2|           1|           1|
    |and_ln102_525_fu_1005_p2     |       and|   0|  0|   2|           1|           1|
    |and_ln102_526_fu_1015_p2     |       and|   0|  0|   2|           1|           1|
    |and_ln102_527_fu_1025_p2     |       and|   0|  0|   2|           1|           1|
    |and_ln102_528_fu_1035_p2     |       and|   0|  0|   2|           1|           1|
    |and_ln102_529_fu_672_p2      |       and|   0|  0|   2|           1|           1|
    |and_ln102_530_fu_678_p2      |       and|   0|  0|   2|           1|           1|
    |and_ln102_531_fu_684_p2      |       and|   0|  0|   2|           1|           1|
    |and_ln102_532_fu_690_p2      |       and|   0|  0|   2|           1|           1|
    |and_ln102_533_fu_696_p2      |       and|   0|  0|   2|           1|           1|
    |and_ln102_534_fu_702_p2      |       and|   0|  0|   2|           1|           1|
    |and_ln102_535_fu_708_p2      |       and|   0|  0|   2|           1|           1|
    |and_ln102_536_fu_714_p2      |       and|   0|  0|   2|           1|           1|
    |and_ln102_537_fu_720_p2      |       and|   0|  0|   2|           1|           1|
    |and_ln102_538_fu_726_p2      |       and|   0|  0|   2|           1|           1|
    |and_ln102_539_fu_732_p2      |       and|   0|  0|   2|           1|           1|
    |and_ln102_540_fu_738_p2      |       and|   0|  0|   2|           1|           1|
    |and_ln102_541_fu_1045_p2     |       and|   0|  0|   2|           1|           1|
    |and_ln102_542_fu_1050_p2     |       and|   0|  0|   2|           1|           1|
    |and_ln102_543_fu_1055_p2     |       and|   0|  0|   2|           1|           1|
    |and_ln102_544_fu_1061_p2     |       and|   0|  0|   2|           1|           1|
    |and_ln102_545_fu_1066_p2     |       and|   0|  0|   2|           1|           1|
    |and_ln102_546_fu_1071_p2     |       and|   0|  0|   2|           1|           1|
    |and_ln102_547_fu_1077_p2     |       and|   0|  0|   2|           1|           1|
    |and_ln102_548_fu_1082_p2     |       and|   0|  0|   2|           1|           1|
    |and_ln102_549_fu_1087_p2     |       and|   0|  0|   2|           1|           1|
    |and_ln102_550_fu_1093_p2     |       and|   0|  0|   2|           1|           1|
    |and_ln102_551_fu_1098_p2     |       and|   0|  0|   2|           1|           1|
    |and_ln102_552_fu_1103_p2     |       and|   0|  0|   2|           1|           1|
    |and_ln102_fu_570_p2          |       and|   0|  0|   2|           1|           1|
    |and_ln104_74_fu_967_p2       |       and|   0|  0|   2|           1|           1|
    |and_ln104_75_fu_600_p2       |       and|   0|  0|   2|           1|           1|
    |and_ln104_76_fu_618_p2       |       and|   0|  0|   2|           1|           1|
    |and_ln104_77_fu_983_p2       |       and|   0|  0|   2|           1|           1|
    |and_ln104_78_fu_999_p2       |       and|   0|  0|   2|           1|           1|
    |and_ln104_fu_582_p2          |       and|   0|  0|   2|           1|           1|
    |icmp_ln86_420_fu_390_p2      |      icmp|   0|  0|  25|          18|          16|
    |icmp_ln86_421_fu_396_p2      |      icmp|   0|  0|  25|          18|          13|
    |icmp_ln86_422_fu_402_p2      |      icmp|   0|  0|  25|          18|          10|
    |icmp_ln86_423_fu_408_p2      |      icmp|   0|  0|  25|          18|          16|
    |icmp_ln86_424_fu_414_p2      |      icmp|   0|  0|  25|          18|          13|
    |icmp_ln86_425_fu_420_p2      |      icmp|   0|  0|  25|          18|           8|
    |icmp_ln86_426_fu_426_p2      |      icmp|   0|  0|  25|          18|          17|
    |icmp_ln86_427_fu_432_p2      |      icmp|   0|  0|  25|          18|          18|
    |icmp_ln86_428_fu_438_p2      |      icmp|   0|  0|  25|          18|          13|
    |icmp_ln86_429_fu_444_p2      |      icmp|   0|  0|  25|          18|           9|
    |icmp_ln86_430_fu_450_p2      |      icmp|   0|  0|  25|          18|          17|
    |icmp_ln86_431_fu_456_p2      |      icmp|   0|  0|  25|          18|           9|
    |icmp_ln86_432_fu_462_p2      |      icmp|   0|  0|  25|          18|           7|
    |icmp_ln86_433_fu_468_p2      |      icmp|   0|  0|  25|          18|           9|
    |icmp_ln86_434_fu_474_p2      |      icmp|   0|  0|  25|          18|          12|
    |icmp_ln86_435_fu_480_p2      |      icmp|   0|  0|  25|          18|          15|
    |icmp_ln86_436_fu_486_p2      |      icmp|   0|  0|  25|          18|          12|
    |icmp_ln86_437_fu_492_p2      |      icmp|   0|  0|  25|          18|           7|
    |icmp_ln86_438_fu_498_p2      |      icmp|   0|  0|  25|          18|          12|
    |icmp_ln86_439_fu_504_p2      |      icmp|   0|  0|  25|          18|          13|
    |icmp_ln86_440_fu_510_p2      |      icmp|   0|  0|  25|          18|          17|
    |icmp_ln86_441_fu_516_p2      |      icmp|   0|  0|  25|          18|          17|
    |icmp_ln86_442_fu_522_p2      |      icmp|   0|  0|  25|          18|          17|
    |icmp_ln86_443_fu_528_p2      |      icmp|   0|  0|  25|          18|          17|
    |icmp_ln86_444_fu_534_p2      |      icmp|   0|  0|  25|          18|           7|
    |icmp_ln86_445_fu_540_p2      |      icmp|   0|  0|  25|          18|          10|
    |icmp_ln86_446_fu_546_p2      |      icmp|   0|  0|  25|          18|           6|
    |icmp_ln86_447_fu_552_p2      |      icmp|   0|  0|  25|          18|           6|
    |icmp_ln86_448_fu_558_p2      |      icmp|   0|  0|  25|          18|          13|
    |icmp_ln86_449_fu_564_p2      |      icmp|   0|  0|  25|          18|          17|
    |icmp_ln86_fu_384_p2          |      icmp|   0|  0|  25|          18|          13|
    |or_ln117_368_fu_780_p2       |        or|   0|  0|   2|           1|           1|
    |or_ln117_369_fu_794_p2       |        or|   0|  0|   2|           1|           1|
    |or_ln117_370_fu_808_p2       |        or|   0|  0|   2|           1|           1|
    |or_ln117_371_fu_834_p2       |        or|   0|  0|   2|           1|           1|
    |or_ln117_372_fu_848_p2       |        or|   0|  0|   2|           1|           1|
    |or_ln117_373_fu_862_p2       |        or|   0|  0|   2|           1|           1|
    |or_ln117_374_fu_876_p2       |        or|   0|  0|   2|           1|           1|
    |or_ln117_375_fu_890_p2       |        or|   0|  0|   2|           1|           1|
    |or_ln117_376_fu_904_p2       |        or|   0|  0|   2|           1|           1|
    |or_ln117_377_fu_918_p2       |        or|   0|  0|   2|           1|           1|
    |or_ln117_378_fu_1109_p2      |        or|   0|  0|   2|           1|           1|
    |or_ln117_379_fu_1114_p2      |        or|   0|  0|   2|           1|           1|
    |or_ln117_380_fu_1126_p2      |        or|   0|  0|   2|           1|           1|
    |or_ln117_381_fu_1140_p2      |        or|   0|  0|   2|           1|           1|
    |or_ln117_382_fu_1153_p2      |        or|   0|  0|   2|           1|           1|
    |or_ln117_383_fu_1167_p2      |        or|   0|  0|   2|           1|           1|
    |or_ln117_384_fu_1181_p2      |        or|   0|  0|   2|           1|           1|
    |or_ln117_385_fu_1195_p2      |        or|   0|  0|   2|           1|           1|
    |or_ln117_386_fu_1208_p2      |        or|   0|  0|   2|           1|           1|
    |or_ln117_387_fu_1222_p2      |        or|   0|  0|   2|           1|           1|
    |or_ln117_388_fu_1236_p2      |        or|   0|  0|   2|           1|           1|
    |or_ln117_389_fu_1250_p2      |        or|   0|  0|   2|           1|           1|
    |or_ln117_390_fu_1264_p2      |        or|   0|  0|   2|           1|           1|
    |or_ln117_391_fu_1278_p2      |        or|   0|  0|   2|           1|           1|
    |or_ln117_392_fu_1292_p2      |        or|   0|  0|   2|           1|           1|
    |or_ln117_fu_754_p2           |        or|   0|  0|   2|           1|           1|
    |agg_result_fu_1314_p66       |    select|   0|  0|   5|           1|           5|
    |select_ln117_408_fu_768_p3   |    select|   0|  0|   2|           1|           2|
    |select_ln117_409_fu_786_p3   |    select|   0|  0|   4|           1|           3|
    |select_ln117_410_fu_800_p3   |    select|   0|  0|   3|           1|           3|
    |select_ln117_411_fu_814_p3   |    select|   0|  0|   3|           1|           3|
    |select_ln117_412_fu_822_p3   |    select|   0|  0|   3|           1|           3|
    |select_ln117_413_fu_840_p3   |    select|   0|  0|   5|           1|           4|
    |select_ln117_414_fu_854_p3   |    select|   0|  0|   4|           1|           4|
    |select_ln117_415_fu_868_p3   |    select|   0|  0|   4|           1|           4|
    |select_ln117_416_fu_882_p3   |    select|   0|  0|   4|           1|           4|
    |select_ln117_417_fu_896_p3   |    select|   0|  0|   4|           1|           4|
    |select_ln117_418_fu_910_p3   |    select|   0|  0|   4|           1|           4|
    |select_ln117_419_fu_924_p3   |    select|   0|  0|   4|           1|           4|
    |select_ln117_420_fu_932_p3   |    select|   0|  0|   4|           1|           4|
    |select_ln117_421_fu_944_p3   |    select|   0|  0|   6|           1|           5|
    |select_ln117_422_fu_1119_p3  |    select|   0|  0|   5|           1|           5|
    |select_ln117_423_fu_1132_p3  |    select|   0|  0|   5|           1|           5|
    |select_ln117_424_fu_1145_p3  |    select|   0|  0|   5|           1|           5|
    |select_ln117_425_fu_1159_p3  |    select|   0|  0|   5|           1|           5|
    |select_ln117_426_fu_1173_p3  |    select|   0|  0|   5|           1|           5|
    |select_ln117_427_fu_1187_p3  |    select|   0|  0|   5|           1|           5|
    |select_ln117_428_fu_1200_p3  |    select|   0|  0|   5|           1|           5|
    |select_ln117_429_fu_1214_p3  |    select|   0|  0|   5|           1|           5|
    |select_ln117_430_fu_1228_p3  |    select|   0|  0|   5|           1|           5|
    |select_ln117_431_fu_1242_p3  |    select|   0|  0|   5|           1|           5|
    |select_ln117_432_fu_1256_p3  |    select|   0|  0|   5|           1|           5|
    |select_ln117_433_fu_1270_p3  |    select|   0|  0|   5|           1|           5|
    |select_ln117_434_fu_1284_p3  |    select|   0|  0|   5|           1|           5|
    |select_ln117_435_fu_1298_p3  |    select|   0|  0|   5|           1|           5|
    |select_ln117_fu_760_p3       |    select|   0|  0|   3|           1|           2|
    |ap_enable_pp0                |       xor|   0|  0|   2|           1|           2|
    |xor_ln104_198_fu_576_p2      |       xor|   0|  0|   2|           1|           2|
    |xor_ln104_199_fu_962_p2      |       xor|   0|  0|   2|           1|           2|
    |xor_ln104_200_fu_594_p2      |       xor|   0|  0|   2|           1|           2|
    |xor_ln104_201_fu_612_p2      |       xor|   0|  0|   2|           1|           2|
    |xor_ln104_202_fu_978_p2      |       xor|   0|  0|   2|           1|           2|
    |xor_ln104_203_fu_994_p2      |       xor|   0|  0|   2|           1|           2|
    |xor_ln104_204_fu_630_p2      |       xor|   0|  0|   2|           1|           2|
    |xor_ln104_205_fu_642_p2      |       xor|   0|  0|   2|           1|           2|
    |xor_ln104_206_fu_654_p2      |       xor|   0|  0|   2|           1|           2|
    |xor_ln104_207_fu_666_p2      |       xor|   0|  0|   2|           1|           2|
    |xor_ln104_208_fu_1010_p2     |       xor|   0|  0|   2|           1|           2|
    |xor_ln104_209_fu_1020_p2     |       xor|   0|  0|   2|           1|           2|
    |xor_ln104_210_fu_1030_p2     |       xor|   0|  0|   2|           1|           2|
    |xor_ln104_211_fu_1040_p2     |       xor|   0|  0|   2|           1|           2|
    |xor_ln104_fu_952_p2          |       xor|   0|  0|   2|           1|           2|
    |xor_ln117_fu_744_p2          |       xor|   0|  0|   2|           2|           1|
    +-----------------------------+----------+----+---+----+------------+------------+
    |Total                        |          |   0|  0|1081|         676|         617|
    +-----------------------------+----------+----+---+----+------------+------------+

    * Multiplexer: 
    N/A

    * Register: 
    +---------------------------+---+----+-----+-----------+
    |            Name           | FF| LUT| Bits| Const Bits|
    +---------------------------+---+----+-----+-----------+
    |ap_CS_fsm                  |  1|   0|    1|          0|
    |ap_enable_reg_pp0_iter1    |  1|   0|    1|          0|
    |icmp_ln86_421_reg_1459     |  1|   0|    1|          0|
    |icmp_ln86_424_reg_1465     |  1|   0|    1|          0|
    |icmp_ln86_425_reg_1471     |  1|   0|    1|          0|
    |icmp_ln86_430_reg_1477     |  1|   0|    1|          0|
    |icmp_ln86_431_reg_1483     |  1|   0|    1|          0|
    |icmp_ln86_432_reg_1489     |  1|   0|    1|          0|
    |icmp_ln86_433_reg_1495     |  1|   0|    1|          0|
    |icmp_ln86_442_reg_1501     |  1|   0|    1|          0|
    |icmp_ln86_443_reg_1506     |  1|   0|    1|          0|
    |icmp_ln86_444_reg_1511     |  1|   0|    1|          0|
    |icmp_ln86_445_reg_1516     |  1|   0|    1|          0|
    |icmp_ln86_446_reg_1521     |  1|   0|    1|          0|
    |icmp_ln86_447_reg_1526     |  1|   0|    1|          0|
    |icmp_ln86_448_reg_1531     |  1|   0|    1|          0|
    |icmp_ln86_449_reg_1536     |  1|   0|    1|          0|
    |icmp_ln86_reg_1450         |  1|   0|    1|          0|
    |select_ln117_421_reg_1541  |  5|   0|    5|          0|
    +---------------------------+---+----+-----+-----------+
    |Total                      | 23|   0|   23|          0|
    +---------------------------+---+----+-----+-----------+



================================================================
== Interface
================================================================
* Summary: 
+-----------+-----+-----+------------+----------------------+--------------+
| RTL Ports | Dir | Bits|  Protocol  |     Source Object    |    C Type    |
+-----------+-----+-----+------------+----------------------+--------------+
|ap_clk     |   in|    1|  ap_ctrl_hs|  decision_function.84|  return value|
|ap_rst     |   in|    1|  ap_ctrl_hs|  decision_function.84|  return value|
|ap_start   |   in|    1|  ap_ctrl_hs|  decision_function.84|  return value|
|ap_done    |  out|    1|  ap_ctrl_hs|  decision_function.84|  return value|
|ap_idle    |  out|    1|  ap_ctrl_hs|  decision_function.84|  return value|
|ap_ready   |  out|    1|  ap_ctrl_hs|  decision_function.84|  return value|
|ap_return  |  out|   12|  ap_ctrl_hs|  decision_function.84|  return value|
|x_1_val    |   in|   18|     ap_none|               x_1_val|        scalar|
|x_2_val    |   in|   18|     ap_none|               x_2_val|        scalar|
|x_3_val    |   in|   18|     ap_none|               x_3_val|        scalar|
|x_8_val    |   in|   18|     ap_none|               x_8_val|        scalar|
|x_9_val    |   in|   18|     ap_none|               x_9_val|        scalar|
|x_13_val   |   in|   18|     ap_none|              x_13_val|        scalar|
|x_14_val   |   in|   18|     ap_none|              x_14_val|        scalar|
|x_16_val   |   in|   18|     ap_none|              x_16_val|        scalar|
|x_19_val   |   in|   18|     ap_none|              x_19_val|        scalar|
|x_23_val   |   in|   18|     ap_none|              x_23_val|        scalar|
|x_29_val   |   in|   18|     ap_none|              x_29_val|        scalar|
|x_30_val   |   in|   18|     ap_none|              x_30_val|        scalar|
|x_33_val   |   in|   18|     ap_none|              x_33_val|        scalar|
|x_34_val   |   in|   18|     ap_none|              x_34_val|        scalar|
|x_46_val   |   in|   18|     ap_none|              x_46_val|        scalar|
|x_47_val   |   in|   18|     ap_none|              x_47_val|        scalar|
|x_48_val   |   in|   18|     ap_none|              x_48_val|        scalar|
|x_49_val   |   in|   18|     ap_none|              x_49_val|        scalar|
|x_52_val   |   in|   18|     ap_none|              x_52_val|        scalar|
+-----------+-----+-----+------------+----------------------+--------------+

