

================================================================
== Vitis HLS Report for 'decision_function_78'
================================================================
* Date:           Thu Jan 23 13:41:22 2025

* Version:        2024.1 (Build 5069499 on May 21 2024)
* Project:        my_prj
* Solution:       solution1 (Vivado IP Flow Target)
* Product family: virtexuplus
* Target device:  xcu250-figd2104-2L-e


================================================================
== Performance Estimates
================================================================
+ Timing: 
    * Summary: 
    +--------+---------+----------+------------+
    |  Clock |  Target | Estimated| Uncertainty|
    +--------+---------+----------+------------+
    |ap_clk  |  5.00 ns|  3.596 ns|     1.35 ns|
    +--------+---------+----------+------------+

+ Latency: 
    * Summary: 
    +---------+---------+----------+----------+-----+-----+---------+
    |  Latency (cycles) |  Latency (absolute) |  Interval | Pipeline|
    |   min   |   max   |    min   |    max   | min | max |   Type  |
    +---------+---------+----------+----------+-----+-----+---------+
    |        1|        1|  5.000 ns|  5.000 ns|    1|    1|      yes|
    +---------+---------+----------+----------+-----+-----+---------+

    + Detail: 
        * Instance: 
        N/A

        * Loop: 
        N/A



================================================================
== Utilization Estimates
================================================================
* Summary: 
+---------------------+---------+-------+---------+---------+------+
|         Name        | BRAM_18K|  DSP  |    FF   |   LUT   | URAM |
+---------------------+---------+-------+---------+---------+------+
|DSP                  |        -|      -|        -|        -|     -|
|Expression           |        -|      -|        0|     1056|     -|
|FIFO                 |        -|      -|        -|        -|     -|
|Instance             |        -|      -|        0|      148|     -|
|Memory               |        -|      -|        -|        -|     -|
|Multiplexer          |        -|      -|        -|        -|     -|
|Register             |        -|      -|       40|        -|     -|
+---------------------+---------+-------+---------+---------+------+
|Total                |        0|      0|       40|     1204|     0|
+---------------------+---------+-------+---------+---------+------+
|Available SLR        |     1344|   3072|   864000|   432000|   320|
+---------------------+---------+-------+---------+---------+------+
|Utilization SLR (%)  |        0|      0|       ~0|       ~0|     0|
+---------------------+---------+-------+---------+---------+------+
|Available            |     5376|  12288|  3456000|  1728000|  1280|
+---------------------+---------+-------+---------+---------+------+
|Utilization (%)      |        0|      0|       ~0|       ~0|     0|
+---------------------+---------+-------+---------+---------+------+

+ Detail: 
    * Instance: 
    +--------------------------------+---------------------------+---------+----+---+-----+-----+
    |            Instance            |           Module          | BRAM_18K| DSP| FF| LUT | URAM|
    +--------------------------------+---------------------------+---------+----+---+-----+-----+
    |sparsemux_65_5_12_1_1_x11_U563  |sparsemux_65_5_12_1_1_x11  |        0|   0|  0|  148|    0|
    +--------------------------------+---------------------------+---------+----+---+-----+-----+
    |Total                           |                           |        0|   0|  0|  148|    0|
    +--------------------------------+---------------------------+---------+----+---+-----+-----+

    * DSP: 
    N/A

    * Memory: 
    N/A

    * FIFO: 
    N/A

    * Expression: 
    +-----------------------------+----------+----+---+----+------------+------------+
    |        Variable Name        | Operation| DSP| FF| LUT| Bitwidth P0| Bitwidth P1|
    +-----------------------------+----------+----+---+----+------------+------------+
    |and_ln102_732_fu_976_p2      |       and|   0|  0|   2|           1|           1|
    |and_ln102_733_fu_600_p2      |       and|   0|  0|   2|           1|           1|
    |and_ln102_734_fu_618_p2      |       and|   0|  0|   2|           1|           1|
    |and_ln102_735_fu_992_p2      |       and|   0|  0|   2|           1|           1|
    |and_ln102_736_fu_1008_p2     |       and|   0|  0|   2|           1|           1|
    |and_ln102_737_fu_636_p2      |       and|   0|  0|   2|           1|           1|
    |and_ln102_738_fu_648_p2      |       and|   0|  0|   2|           1|           1|
    |and_ln102_739_fu_660_p2      |       and|   0|  0|   2|           1|           1|
    |and_ln102_740_fu_672_p2      |       and|   0|  0|   2|           1|           1|
    |and_ln102_741_fu_1024_p2     |       and|   0|  0|   2|           1|           1|
    |and_ln102_742_fu_1034_p2     |       and|   0|  0|   2|           1|           1|
    |and_ln102_743_fu_1044_p2     |       and|   0|  0|   2|           1|           1|
    |and_ln102_744_fu_1054_p2     |       and|   0|  0|   2|           1|           1|
    |and_ln102_745_fu_684_p2      |       and|   0|  0|   2|           1|           1|
    |and_ln102_746_fu_690_p2      |       and|   0|  0|   2|           1|           1|
    |and_ln102_747_fu_696_p2      |       and|   0|  0|   2|           1|           1|
    |and_ln102_748_fu_702_p2      |       and|   0|  0|   2|           1|           1|
    |and_ln102_749_fu_708_p2      |       and|   0|  0|   2|           1|           1|
    |and_ln102_750_fu_714_p2      |       and|   0|  0|   2|           1|           1|
    |and_ln102_751_fu_720_p2      |       and|   0|  0|   2|           1|           1|
    |and_ln102_752_fu_726_p2      |       and|   0|  0|   2|           1|           1|
    |and_ln102_753_fu_732_p2      |       and|   0|  0|   2|           1|           1|
    |and_ln102_754_fu_738_p2      |       and|   0|  0|   2|           1|           1|
    |and_ln102_755_fu_744_p2      |       and|   0|  0|   2|           1|           1|
    |and_ln102_756_fu_750_p2      |       and|   0|  0|   2|           1|           1|
    |and_ln102_757_fu_1064_p2     |       and|   0|  0|   2|           1|           1|
    |and_ln102_758_fu_1069_p2     |       and|   0|  0|   2|           1|           1|
    |and_ln102_759_fu_1074_p2     |       and|   0|  0|   2|           1|           1|
    |and_ln102_760_fu_1080_p2     |       and|   0|  0|   2|           1|           1|
    |and_ln102_761_fu_1086_p2     |       and|   0|  0|   2|           1|           1|
    |and_ln102_762_fu_1091_p2     |       and|   0|  0|   2|           1|           1|
    |and_ln102_763_fu_1097_p2     |       and|   0|  0|   2|           1|           1|
    |and_ln102_764_fu_1102_p2     |       and|   0|  0|   2|           1|           1|
    |and_ln102_765_fu_1107_p2     |       and|   0|  0|   2|           1|           1|
    |and_ln102_766_fu_1113_p2     |       and|   0|  0|   2|           1|           1|
    |and_ln102_767_fu_1118_p2     |       and|   0|  0|   2|           1|           1|
    |and_ln102_768_fu_1123_p2     |       and|   0|  0|   2|           1|           1|
    |and_ln102_fu_582_p2          |       and|   0|  0|   2|           1|           1|
    |and_ln104_105_fu_986_p2      |       and|   0|  0|   2|           1|           1|
    |and_ln104_106_fu_612_p2      |       and|   0|  0|   2|           1|           1|
    |and_ln104_107_fu_630_p2      |       and|   0|  0|   2|           1|           1|
    |and_ln104_108_fu_1002_p2     |       and|   0|  0|   2|           1|           1|
    |and_ln104_109_fu_1018_p2     |       and|   0|  0|   2|           1|           1|
    |and_ln104_fu_594_p2          |       and|   0|  0|   2|           1|           1|
    |icmp_ln86_596_fu_408_p2      |      icmp|   0|  0|  25|          18|           9|
    |icmp_ln86_597_fu_414_p2      |      icmp|   0|  0|  25|          18|          10|
    |icmp_ln86_598_fu_420_p2      |      icmp|   0|  0|  25|          18|          18|
    |icmp_ln86_599_fu_426_p2      |      icmp|   0|  0|  25|          18|          14|
    |icmp_ln86_600_fu_432_p2      |      icmp|   0|  0|  25|          18|          14|
    |icmp_ln86_601_fu_438_p2      |      icmp|   0|  0|  25|          18|           5|
    |icmp_ln86_602_fu_444_p2      |      icmp|   0|  0|  25|          18|           9|
    |icmp_ln86_603_fu_450_p2      |      icmp|   0|  0|  25|          18|           7|
    |icmp_ln86_604_fu_456_p2      |      icmp|   0|  0|  25|          18|           7|
    |icmp_ln86_605_fu_462_p2      |      icmp|   0|  0|  25|          18|           9|
    |icmp_ln86_606_fu_468_p2      |      icmp|   0|  0|  25|          18|          13|
    |icmp_ln86_607_fu_474_p2      |      icmp|   0|  0|  25|          18|          14|
    |icmp_ln86_608_fu_480_p2      |      icmp|   0|  0|  25|          18|          17|
    |icmp_ln86_609_fu_486_p2      |      icmp|   0|  0|  25|          18|          17|
    |icmp_ln86_610_fu_492_p2      |      icmp|   0|  0|  25|          18|           8|
    |icmp_ln86_611_fu_498_p2      |      icmp|   0|  0|  25|          18|           9|
    |icmp_ln86_612_fu_504_p2      |      icmp|   0|  0|  25|          18|          17|
    |icmp_ln86_613_fu_510_p2      |      icmp|   0|  0|  25|          18|           5|
    |icmp_ln86_614_fu_516_p2      |      icmp|   0|  0|  25|          18|          10|
    |icmp_ln86_615_fu_522_p2      |      icmp|   0|  0|  25|          18|           9|
    |icmp_ln86_616_fu_528_p2      |      icmp|   0|  0|  25|          18|           9|
    |icmp_ln86_617_fu_534_p2      |      icmp|   0|  0|  25|          18|          16|
    |icmp_ln86_618_fu_540_p2      |      icmp|   0|  0|  25|          18|           7|
    |icmp_ln86_619_fu_546_p2      |      icmp|   0|  0|  25|          18|           5|
    |icmp_ln86_620_fu_552_p2      |      icmp|   0|  0|  25|          18|          11|
    |icmp_ln86_621_fu_558_p2      |      icmp|   0|  0|  25|          18|           7|
    |icmp_ln86_622_fu_564_p2      |      icmp|   0|  0|  25|          18|           3|
    |icmp_ln86_623_fu_570_p2      |      icmp|   0|  0|  25|          18|          11|
    |icmp_ln86_624_fu_576_p2      |      icmp|   0|  0|  25|          18|          17|
    |icmp_ln86_fu_402_p2          |      icmp|   0|  0|  25|          18|          16|
    |or_ln117_523_fu_792_p2       |        or|   0|  0|   2|           1|           1|
    |or_ln117_524_fu_806_p2       |        or|   0|  0|   2|           1|           1|
    |or_ln117_525_fu_820_p2       |        or|   0|  0|   2|           1|           1|
    |or_ln117_526_fu_846_p2       |        or|   0|  0|   2|           1|           1|
    |or_ln117_527_fu_860_p2       |        or|   0|  0|   2|           1|           1|
    |or_ln117_528_fu_874_p2       |        or|   0|  0|   2|           1|           1|
    |or_ln117_529_fu_888_p2       |        or|   0|  0|   2|           1|           1|
    |or_ln117_530_fu_902_p2       |        or|   0|  0|   2|           1|           1|
    |or_ln117_531_fu_916_p2       |        or|   0|  0|   2|           1|           1|
    |or_ln117_532_fu_930_p2       |        or|   0|  0|   2|           1|           1|
    |or_ln117_533_fu_1129_p2      |        or|   0|  0|   2|           1|           1|
    |or_ln117_534_fu_1134_p2      |        or|   0|  0|   2|           1|           1|
    |or_ln117_535_fu_1146_p2      |        or|   0|  0|   2|           1|           1|
    |or_ln117_536_fu_1160_p2      |        or|   0|  0|   2|           1|           1|
    |or_ln117_537_fu_1173_p2      |        or|   0|  0|   2|           1|           1|
    |or_ln117_538_fu_1187_p2      |        or|   0|  0|   2|           1|           1|
    |or_ln117_539_fu_1201_p2      |        or|   0|  0|   2|           1|           1|
    |or_ln117_540_fu_1215_p2      |        or|   0|  0|   2|           1|           1|
    |or_ln117_541_fu_1228_p2      |        or|   0|  0|   2|           1|           1|
    |or_ln117_542_fu_1242_p2      |        or|   0|  0|   2|           1|           1|
    |or_ln117_543_fu_1256_p2      |        or|   0|  0|   2|           1|           1|
    |or_ln117_544_fu_1270_p2      |        or|   0|  0|   2|           1|           1|
    |or_ln117_545_fu_1284_p2      |        or|   0|  0|   2|           1|           1|
    |or_ln117_546_fu_1298_p2      |        or|   0|  0|   2|           1|           1|
    |or_ln117_547_fu_1312_p2      |        or|   0|  0|   2|           1|           1|
    |or_ln117_fu_766_p2           |        or|   0|  0|   2|           1|           1|
    |agg_result_fu_1334_p66       |    select|   0|  0|   5|           1|           5|
    |select_ln117_578_fu_780_p3   |    select|   0|  0|   2|           1|           2|
    |select_ln117_579_fu_798_p3   |    select|   0|  0|   4|           1|           3|
    |select_ln117_580_fu_812_p3   |    select|   0|  0|   3|           1|           3|
    |select_ln117_581_fu_826_p3   |    select|   0|  0|   3|           1|           3|
    |select_ln117_582_fu_834_p3   |    select|   0|  0|   3|           1|           3|
    |select_ln117_583_fu_852_p3   |    select|   0|  0|   5|           1|           4|
    |select_ln117_584_fu_866_p3   |    select|   0|  0|   4|           1|           4|
    |select_ln117_585_fu_880_p3   |    select|   0|  0|   4|           1|           4|
    |select_ln117_586_fu_894_p3   |    select|   0|  0|   4|           1|           4|
    |select_ln117_587_fu_908_p3   |    select|   0|  0|   4|           1|           4|
    |select_ln117_588_fu_922_p3   |    select|   0|  0|   4|           1|           4|
    |select_ln117_589_fu_936_p3   |    select|   0|  0|   4|           1|           4|
    |select_ln117_590_fu_944_p3   |    select|   0|  0|   4|           1|           4|
    |select_ln117_591_fu_956_p3   |    select|   0|  0|   6|           1|           5|
    |select_ln117_592_fu_1139_p3  |    select|   0|  0|   5|           1|           5|
    |select_ln117_593_fu_1152_p3  |    select|   0|  0|   5|           1|           5|
    |select_ln117_594_fu_1165_p3  |    select|   0|  0|   5|           1|           5|
    |select_ln117_595_fu_1179_p3  |    select|   0|  0|   5|           1|           5|
    |select_ln117_596_fu_1193_p3  |    select|   0|  0|   5|           1|           5|
    |select_ln117_597_fu_1207_p3  |    select|   0|  0|   5|           1|           5|
    |select_ln117_598_fu_1220_p3  |    select|   0|  0|   5|           1|           5|
    |select_ln117_599_fu_1234_p3  |    select|   0|  0|   5|           1|           5|
    |select_ln117_600_fu_1248_p3  |    select|   0|  0|   5|           1|           5|
    |select_ln117_601_fu_1262_p3  |    select|   0|  0|   5|           1|           5|
    |select_ln117_602_fu_1276_p3  |    select|   0|  0|   5|           1|           5|
    |select_ln117_603_fu_1290_p3  |    select|   0|  0|   5|           1|           5|
    |select_ln117_604_fu_1304_p3  |    select|   0|  0|   5|           1|           5|
    |select_ln117_605_fu_1318_p3  |    select|   0|  0|   5|           1|           5|
    |select_ln117_fu_772_p3       |    select|   0|  0|   3|           1|           2|
    |ap_enable_pp0                |       xor|   0|  0|   2|           1|           2|
    |xor_ln104_281_fu_588_p2      |       xor|   0|  0|   2|           1|           2|
    |xor_ln104_282_fu_981_p2      |       xor|   0|  0|   2|           1|           2|
    |xor_ln104_283_fu_606_p2      |       xor|   0|  0|   2|           1|           2|
    |xor_ln104_284_fu_624_p2      |       xor|   0|  0|   2|           1|           2|
    |xor_ln104_285_fu_997_p2      |       xor|   0|  0|   2|           1|           2|
    |xor_ln104_286_fu_1013_p2     |       xor|   0|  0|   2|           1|           2|
    |xor_ln104_287_fu_642_p2      |       xor|   0|  0|   2|           1|           2|
    |xor_ln104_288_fu_654_p2      |       xor|   0|  0|   2|           1|           2|
    |xor_ln104_289_fu_666_p2      |       xor|   0|  0|   2|           1|           2|
    |xor_ln104_290_fu_678_p2      |       xor|   0|  0|   2|           1|           2|
    |xor_ln104_291_fu_1029_p2     |       xor|   0|  0|   2|           1|           2|
    |xor_ln104_292_fu_1039_p2     |       xor|   0|  0|   2|           1|           2|
    |xor_ln104_293_fu_1049_p2     |       xor|   0|  0|   2|           1|           2|
    |xor_ln104_294_fu_1059_p2     |       xor|   0|  0|   2|           1|           2|
    |xor_ln104_fu_971_p2          |       xor|   0|  0|   2|           1|           2|
    |xor_ln117_fu_756_p2          |       xor|   0|  0|   2|           2|           1|
    +-----------------------------+----------+----+---+----+------------+------------+
    |Total                        |          |   0|  0|1056|         658|         554|
    +-----------------------------+----------+----+---+----+------------+------------+

    * Multiplexer: 
    N/A

    * Register: 
    +---------------------------+----+----+-----+-----------+
    |            Name           | FF | LUT| Bits| Const Bits|
    +---------------------------+----+----+-----+-----------+
    |ap_CS_fsm                  |   1|   0|    1|          0|
    |ap_enable_reg_pp0_iter1    |   1|   0|    1|          0|
    |icmp_ln86_597_reg_1484     |   1|   0|    1|          0|
    |icmp_ln86_600_reg_1490     |   1|   0|    1|          0|
    |icmp_ln86_601_reg_1496     |   1|   0|    1|          0|
    |icmp_ln86_606_reg_1502     |   1|   0|    1|          0|
    |icmp_ln86_607_reg_1508     |   1|   0|    1|          0|
    |icmp_ln86_608_reg_1514     |   1|   0|    1|          0|
    |icmp_ln86_609_reg_1520     |   1|   0|    1|          0|
    |icmp_ln86_618_reg_1526     |   1|   0|    1|          0|
    |icmp_ln86_619_reg_1531     |   1|   0|    1|          0|
    |icmp_ln86_620_reg_1536     |   1|   0|    1|          0|
    |icmp_ln86_621_reg_1541     |   1|   0|    1|          0|
    |icmp_ln86_622_reg_1546     |   1|   0|    1|          0|
    |icmp_ln86_623_reg_1551     |   1|   0|    1|          0|
    |icmp_ln86_624_reg_1556     |   1|   0|    1|          0|
    |icmp_ln86_reg_1475         |   1|   0|    1|          0|
    |select_ln117_591_reg_1561  |   5|   0|    5|          0|
    |x_51_val_read_reg_1470     |  18|   0|   18|          0|
    +---------------------------+----+----+-----+-----------+
    |Total                      |  40|   0|   40|          0|
    +---------------------------+----+----+-----+-----------+



================================================================
== Interface
================================================================
* Summary: 
+-----------+-----+-----+------------+----------------------+--------------+
| RTL Ports | Dir | Bits|  Protocol  |     Source Object    |    C Type    |
+-----------+-----+-----+------------+----------------------+--------------+
|ap_clk     |   in|    1|  ap_ctrl_hs|  decision_function.78|  return value|
|ap_rst     |   in|    1|  ap_ctrl_hs|  decision_function.78|  return value|
|ap_start   |   in|    1|  ap_ctrl_hs|  decision_function.78|  return value|
|ap_done    |  out|    1|  ap_ctrl_hs|  decision_function.78|  return value|
|ap_idle    |  out|    1|  ap_ctrl_hs|  decision_function.78|  return value|
|ap_ready   |  out|    1|  ap_ctrl_hs|  decision_function.78|  return value|
|ap_return  |  out|   12|  ap_ctrl_hs|  decision_function.78|  return value|
|x_1_val    |   in|   18|     ap_none|               x_1_val|        scalar|
|x_2_val    |   in|   18|     ap_none|               x_2_val|        scalar|
|x_3_val    |   in|   18|     ap_none|               x_3_val|        scalar|
|x_6_val    |   in|   18|     ap_none|               x_6_val|        scalar|
|x_7_val    |   in|   18|     ap_none|               x_7_val|        scalar|
|x_10_val   |   in|   18|     ap_none|              x_10_val|        scalar|
|x_16_val   |   in|   18|     ap_none|              x_16_val|        scalar|
|x_17_val   |   in|   18|     ap_none|              x_17_val|        scalar|
|x_18_val   |   in|   18|     ap_none|              x_18_val|        scalar|
|x_19_val   |   in|   18|     ap_none|              x_19_val|        scalar|
|x_23_val   |   in|   18|     ap_none|              x_23_val|        scalar|
|x_24_val   |   in|   18|     ap_none|              x_24_val|        scalar|
|x_25_val   |   in|   18|     ap_none|              x_25_val|        scalar|
|x_29_val   |   in|   18|     ap_none|              x_29_val|        scalar|
|x_30_val   |   in|   18|     ap_none|              x_30_val|        scalar|
|x_42_val   |   in|   18|     ap_none|              x_42_val|        scalar|
|x_45_val   |   in|   18|     ap_none|              x_45_val|        scalar|
|x_47_val   |   in|   18|     ap_none|              x_47_val|        scalar|
|x_50_val   |   in|   18|     ap_none|              x_50_val|        scalar|
|x_51_val   |   in|   18|     ap_none|              x_51_val|        scalar|
|x_52_val   |   in|   18|     ap_none|              x_52_val|        scalar|
+-----------+-----+-----+------------+----------------------+--------------+

