

================================================================
== Vitis HLS Report for 'decision_function_57'
================================================================
* Date:           Thu Jan 23 13:41:32 2025

* Version:        2024.1 (Build 5069499 on May 21 2024)
* Project:        my_prj
* Solution:       solution1 (Vivado IP Flow Target)
* Product family: virtexuplus
* Target device:  xcu250-figd2104-2L-e


================================================================
== Performance Estimates
================================================================
+ Timing: 
    * Summary: 
    +--------+---------+----------+------------+
    |  Clock |  Target | Estimated| Uncertainty|
    +--------+---------+----------+------------+
    |ap_clk  |  5.00 ns|  3.596 ns|     1.35 ns|
    +--------+---------+----------+------------+

+ Latency: 
    * Summary: 
    +---------+---------+----------+----------+-----+-----+---------+
    |  Latency (cycles) |  Latency (absolute) |  Interval | Pipeline|
    |   min   |   max   |    min   |    max   | min | max |   Type  |
    +---------+---------+----------+----------+-----+-----+---------+
    |        1|        1|  5.000 ns|  5.000 ns|    1|    1|      yes|
    +---------+---------+----------+----------+-----+-----+---------+

    + Detail: 
        * Instance: 
        N/A

        * Loop: 
        N/A



================================================================
== Utilization Estimates
================================================================
* Summary: 
+---------------------+---------+-------+---------+---------+------+
|         Name        | BRAM_18K|  DSP  |    FF   |   LUT   | URAM |
+---------------------+---------+-------+---------+---------+------+
|DSP                  |        -|      -|        -|        -|     -|
|Expression           |        -|      -|        0|     1081|     -|
|FIFO                 |        -|      -|        -|        -|     -|
|Instance             |        -|      -|        0|      148|     -|
|Memory               |        -|      -|        -|        -|     -|
|Multiplexer          |        -|      -|        -|        -|     -|
|Register             |        -|      -|       23|        -|     -|
+---------------------+---------+-------+---------+---------+------+
|Total                |        0|      0|       23|     1229|     0|
+---------------------+---------+-------+---------+---------+------+
|Available SLR        |     1344|   3072|   864000|   432000|   320|
+---------------------+---------+-------+---------+---------+------+
|Utilization SLR (%)  |        0|      0|       ~0|       ~0|     0|
+---------------------+---------+-------+---------+---------+------+
|Available            |     5376|  12288|  3456000|  1728000|  1280|
+---------------------+---------+-------+---------+---------+------+
|Utilization (%)      |        0|      0|       ~0|       ~0|     0|
+---------------------+---------+-------+---------+---------+------+

+ Detail: 
    * Instance: 
    +--------------------------------+---------------------------+---------+----+---+-----+-----+
    |            Instance            |           Module          | BRAM_18K| DSP| FF| LUT | URAM|
    +--------------------------------+---------------------------+---------+----+---+-----+-----+
    |sparsemux_65_5_12_1_1_x19_U977  |sparsemux_65_5_12_1_1_x19  |        0|   0|  0|  148|    0|
    +--------------------------------+---------------------------+---------+----+---+-----+-----+
    |Total                           |                           |        0|   0|  0|  148|    0|
    +--------------------------------+---------------------------+---------+----+---+-----+-----+

    * DSP: 
    N/A

    * Memory: 
    N/A

    * FIFO: 
    N/A

    * Expression: 
    +------------------------------+----------+----+---+----+------------+------------+
    |         Variable Name        | Operation| DSP| FF| LUT| Bitwidth P0| Bitwidth P1|
    +------------------------------+----------+----+---+----+------------+------------+
    |and_ln102_1472_fu_959_p2      |       and|   0|  0|   2|           1|           1|
    |and_ln102_1473_fu_590_p2      |       and|   0|  0|   2|           1|           1|
    |and_ln102_1474_fu_608_p2      |       and|   0|  0|   2|           1|           1|
    |and_ln102_1475_fu_975_p2      |       and|   0|  0|   2|           1|           1|
    |and_ln102_1476_fu_991_p2      |       and|   0|  0|   2|           1|           1|
    |and_ln102_1477_fu_626_p2      |       and|   0|  0|   2|           1|           1|
    |and_ln102_1478_fu_638_p2      |       and|   0|  0|   2|           1|           1|
    |and_ln102_1479_fu_650_p2      |       and|   0|  0|   2|           1|           1|
    |and_ln102_1480_fu_662_p2      |       and|   0|  0|   2|           1|           1|
    |and_ln102_1481_fu_1007_p2     |       and|   0|  0|   2|           1|           1|
    |and_ln102_1482_fu_1017_p2     |       and|   0|  0|   2|           1|           1|
    |and_ln102_1483_fu_1027_p2     |       and|   0|  0|   2|           1|           1|
    |and_ln102_1484_fu_1037_p2     |       and|   0|  0|   2|           1|           1|
    |and_ln102_1485_fu_674_p2      |       and|   0|  0|   2|           1|           1|
    |and_ln102_1486_fu_686_p2      |       and|   0|  0|   2|           1|           1|
    |and_ln102_1487_fu_692_p2      |       and|   0|  0|   2|           1|           1|
    |and_ln102_1488_fu_704_p2      |       and|   0|  0|   2|           1|           1|
    |and_ln102_1489_fu_710_p2      |       and|   0|  0|   2|           1|           1|
    |and_ln102_1490_fu_722_p2      |       and|   0|  0|   2|           1|           1|
    |and_ln102_1491_fu_728_p2      |       and|   0|  0|   2|           1|           1|
    |and_ln102_1492_fu_740_p2      |       and|   0|  0|   2|           1|           1|
    |and_ln102_1493_fu_1047_p2     |       and|   0|  0|   2|           1|           1|
    |and_ln102_1494_fu_1057_p2     |       and|   0|  0|   2|           1|           1|
    |and_ln102_1495_fu_1063_p2     |       and|   0|  0|   2|           1|           1|
    |and_ln102_1496_fu_1073_p2     |       and|   0|  0|   2|           1|           1|
    |and_ln102_1497_fu_1079_p2     |       and|   0|  0|   2|           1|           1|
    |and_ln102_1498_fu_1089_p2     |       and|   0|  0|   2|           1|           1|
    |and_ln102_1499_fu_1095_p2     |       and|   0|  0|   2|           1|           1|
    |and_ln102_1500_fu_1105_p2     |       and|   0|  0|   2|           1|           1|
    |and_ln102_1501_fu_680_p2      |       and|   0|  0|   2|           1|           1|
    |and_ln102_1502_fu_698_p2      |       and|   0|  0|   2|           1|           1|
    |and_ln102_1503_fu_716_p2      |       and|   0|  0|   2|           1|           1|
    |and_ln102_1504_fu_734_p2      |       and|   0|  0|   2|           1|           1|
    |and_ln102_1505_fu_1052_p2     |       and|   0|  0|   2|           1|           1|
    |and_ln102_1506_fu_1068_p2     |       and|   0|  0|   2|           1|           1|
    |and_ln102_1507_fu_1084_p2     |       and|   0|  0|   2|           1|           1|
    |and_ln102_1508_fu_1100_p2     |       and|   0|  0|   2|           1|           1|
    |and_ln102_fu_572_p2           |       and|   0|  0|   2|           1|           1|
    |and_ln104_218_fu_969_p2       |       and|   0|  0|   2|           1|           1|
    |and_ln104_219_fu_602_p2       |       and|   0|  0|   2|           1|           1|
    |and_ln104_220_fu_620_p2       |       and|   0|  0|   2|           1|           1|
    |and_ln104_221_fu_985_p2       |       and|   0|  0|   2|           1|           1|
    |and_ln104_222_fu_1001_p2      |       and|   0|  0|   2|           1|           1|
    |and_ln104_fu_584_p2           |       and|   0|  0|   2|           1|           1|
    |icmp_ln86_1209_fu_392_p2      |      icmp|   0|  0|  25|          18|           7|
    |icmp_ln86_1210_fu_398_p2      |      icmp|   0|  0|  25|          18|           9|
    |icmp_ln86_1211_fu_404_p2      |      icmp|   0|  0|  25|          18|           6|
    |icmp_ln86_1212_fu_410_p2      |      icmp|   0|  0|  25|          18|          10|
    |icmp_ln86_1213_fu_416_p2      |      icmp|   0|  0|  25|          18|          17|
    |icmp_ln86_1214_fu_422_p2      |      icmp|   0|  0|  25|          18|          10|
    |icmp_ln86_1215_fu_428_p2      |      icmp|   0|  0|  25|          18|          11|
    |icmp_ln86_1216_fu_434_p2      |      icmp|   0|  0|  25|          18|          17|
    |icmp_ln86_1217_fu_440_p2      |      icmp|   0|  0|  25|          18|           5|
    |icmp_ln86_1218_fu_446_p2      |      icmp|   0|  0|  25|          18|           8|
    |icmp_ln86_1219_fu_452_p2      |      icmp|   0|  0|  25|          18|          17|
    |icmp_ln86_1220_fu_458_p2      |      icmp|   0|  0|  25|          18|           5|
    |icmp_ln86_1221_fu_464_p2      |      icmp|   0|  0|  25|          18|           7|
    |icmp_ln86_1222_fu_470_p2      |      icmp|   0|  0|  25|          18|           9|
    |icmp_ln86_1223_fu_476_p2      |      icmp|   0|  0|  25|          18|          13|
    |icmp_ln86_1224_fu_482_p2      |      icmp|   0|  0|  25|          18|          17|
    |icmp_ln86_1225_fu_488_p2      |      icmp|   0|  0|  25|          18|           4|
    |icmp_ln86_1226_fu_494_p2      |      icmp|   0|  0|  25|          18|          13|
    |icmp_ln86_1227_fu_500_p2      |      icmp|   0|  0|  25|          18|           9|
    |icmp_ln86_1228_fu_506_p2      |      icmp|   0|  0|  25|          18|           9|
    |icmp_ln86_1229_fu_512_p2      |      icmp|   0|  0|  25|          18|           8|
    |icmp_ln86_1230_fu_518_p2      |      icmp|   0|  0|  25|          18|          17|
    |icmp_ln86_1231_fu_524_p2      |      icmp|   0|  0|  25|          18|          17|
    |icmp_ln86_1232_fu_530_p2      |      icmp|   0|  0|  25|          18|          17|
    |icmp_ln86_1233_fu_536_p2      |      icmp|   0|  0|  25|          18|          16|
    |icmp_ln86_1234_fu_542_p2      |      icmp|   0|  0|  25|          18|          13|
    |icmp_ln86_1235_fu_548_p2      |      icmp|   0|  0|  25|          18|           6|
    |icmp_ln86_1236_fu_554_p2      |      icmp|   0|  0|  25|          18|          10|
    |icmp_ln86_1237_fu_560_p2      |      icmp|   0|  0|  25|          18|          10|
    |icmp_ln86_1238_fu_566_p2      |      icmp|   0|  0|  25|          18|          13|
    |icmp_ln86_fu_386_p2           |      icmp|   0|  0|  25|          18|          18|
    |or_ln117_1069_fu_782_p2       |        or|   0|  0|   2|           1|           1|
    |or_ln117_1070_fu_796_p2       |        or|   0|  0|   2|           1|           1|
    |or_ln117_1071_fu_810_p2       |        or|   0|  0|   2|           1|           1|
    |or_ln117_1072_fu_836_p2       |        or|   0|  0|   2|           1|           1|
    |or_ln117_1073_fu_850_p2       |        or|   0|  0|   2|           1|           1|
    |or_ln117_1074_fu_864_p2       |        or|   0|  0|   2|           1|           1|
    |or_ln117_1075_fu_878_p2       |        or|   0|  0|   2|           1|           1|
    |or_ln117_1076_fu_892_p2       |        or|   0|  0|   2|           1|           1|
    |or_ln117_1077_fu_906_p2       |        or|   0|  0|   2|           1|           1|
    |or_ln117_1078_fu_920_p2       |        or|   0|  0|   2|           1|           1|
    |or_ln117_1079_fu_1111_p2      |        or|   0|  0|   2|           1|           1|
    |or_ln117_1080_fu_1116_p2      |        or|   0|  0|   2|           1|           1|
    |or_ln117_1081_fu_1128_p2      |        or|   0|  0|   2|           1|           1|
    |or_ln117_1082_fu_1142_p2      |        or|   0|  0|   2|           1|           1|
    |or_ln117_1083_fu_1155_p2      |        or|   0|  0|   2|           1|           1|
    |or_ln117_1084_fu_1169_p2      |        or|   0|  0|   2|           1|           1|
    |or_ln117_1085_fu_1183_p2      |        or|   0|  0|   2|           1|           1|
    |or_ln117_1086_fu_1197_p2      |        or|   0|  0|   2|           1|           1|
    |or_ln117_1087_fu_1210_p2      |        or|   0|  0|   2|           1|           1|
    |or_ln117_1088_fu_1224_p2      |        or|   0|  0|   2|           1|           1|
    |or_ln117_1089_fu_1238_p2      |        or|   0|  0|   2|           1|           1|
    |or_ln117_1090_fu_1252_p2      |        or|   0|  0|   2|           1|           1|
    |or_ln117_1091_fu_1266_p2      |        or|   0|  0|   2|           1|           1|
    |or_ln117_1092_fu_1280_p2      |        or|   0|  0|   2|           1|           1|
    |or_ln117_1093_fu_1294_p2      |        or|   0|  0|   2|           1|           1|
    |or_ln117_fu_756_p2            |        or|   0|  0|   2|           1|           1|
    |agg_result_fu_1316_p66        |    select|   0|  0|   5|           1|           5|
    |select_ln117_1169_fu_770_p3   |    select|   0|  0|   2|           1|           2|
    |select_ln117_1170_fu_788_p3   |    select|   0|  0|   4|           1|           3|
    |select_ln117_1171_fu_802_p3   |    select|   0|  0|   3|           1|           3|
    |select_ln117_1172_fu_816_p3   |    select|   0|  0|   3|           1|           3|
    |select_ln117_1173_fu_824_p3   |    select|   0|  0|   3|           1|           3|
    |select_ln117_1174_fu_842_p3   |    select|   0|  0|   5|           1|           4|
    |select_ln117_1175_fu_856_p3   |    select|   0|  0|   4|           1|           4|
    |select_ln117_1176_fu_870_p3   |    select|   0|  0|   4|           1|           4|
    |select_ln117_1177_fu_884_p3   |    select|   0|  0|   4|           1|           4|
    |select_ln117_1178_fu_898_p3   |    select|   0|  0|   4|           1|           4|
    |select_ln117_1179_fu_912_p3   |    select|   0|  0|   4|           1|           4|
    |select_ln117_1180_fu_926_p3   |    select|   0|  0|   4|           1|           4|
    |select_ln117_1181_fu_934_p3   |    select|   0|  0|   4|           1|           4|
    |select_ln117_1182_fu_946_p3   |    select|   0|  0|   6|           1|           5|
    |select_ln117_1183_fu_1121_p3  |    select|   0|  0|   5|           1|           5|
    |select_ln117_1184_fu_1134_p3  |    select|   0|  0|   5|           1|           5|
    |select_ln117_1185_fu_1147_p3  |    select|   0|  0|   5|           1|           5|
    |select_ln117_1186_fu_1161_p3  |    select|   0|  0|   5|           1|           5|
    |select_ln117_1187_fu_1175_p3  |    select|   0|  0|   5|           1|           5|
    |select_ln117_1188_fu_1189_p3  |    select|   0|  0|   5|           1|           5|
    |select_ln117_1189_fu_1202_p3  |    select|   0|  0|   5|           1|           5|
    |select_ln117_1190_fu_1216_p3  |    select|   0|  0|   5|           1|           5|
    |select_ln117_1191_fu_1230_p3  |    select|   0|  0|   5|           1|           5|
    |select_ln117_1192_fu_1244_p3  |    select|   0|  0|   5|           1|           5|
    |select_ln117_1193_fu_1258_p3  |    select|   0|  0|   5|           1|           5|
    |select_ln117_1194_fu_1272_p3  |    select|   0|  0|   5|           1|           5|
    |select_ln117_1195_fu_1286_p3  |    select|   0|  0|   5|           1|           5|
    |select_ln117_1196_fu_1300_p3  |    select|   0|  0|   5|           1|           5|
    |select_ln117_fu_762_p3        |    select|   0|  0|   3|           1|           2|
    |ap_enable_pp0                 |       xor|   0|  0|   2|           1|           2|
    |xor_ln104_572_fu_578_p2       |       xor|   0|  0|   2|           1|           2|
    |xor_ln104_573_fu_964_p2       |       xor|   0|  0|   2|           1|           2|
    |xor_ln104_574_fu_596_p2       |       xor|   0|  0|   2|           1|           2|
    |xor_ln104_575_fu_614_p2       |       xor|   0|  0|   2|           1|           2|
    |xor_ln104_576_fu_980_p2       |       xor|   0|  0|   2|           1|           2|
    |xor_ln104_577_fu_996_p2       |       xor|   0|  0|   2|           1|           2|
    |xor_ln104_578_fu_632_p2       |       xor|   0|  0|   2|           1|           2|
    |xor_ln104_579_fu_644_p2       |       xor|   0|  0|   2|           1|           2|
    |xor_ln104_580_fu_656_p2       |       xor|   0|  0|   2|           1|           2|
    |xor_ln104_581_fu_668_p2       |       xor|   0|  0|   2|           1|           2|
    |xor_ln104_582_fu_1012_p2      |       xor|   0|  0|   2|           1|           2|
    |xor_ln104_583_fu_1022_p2      |       xor|   0|  0|   2|           1|           2|
    |xor_ln104_584_fu_1032_p2      |       xor|   0|  0|   2|           1|           2|
    |xor_ln104_585_fu_1042_p2      |       xor|   0|  0|   2|           1|           2|
    |xor_ln104_fu_954_p2           |       xor|   0|  0|   2|           1|           2|
    |xor_ln117_fu_746_p2           |       xor|   0|  0|   2|           2|           1|
    +------------------------------+----------+----+---+----+------------+------------+
    |Total                         |          |   0|  0|1081|         676|         579|
    +------------------------------+----------+----+---+----+------------+------------+

    * Multiplexer: 
    N/A

    * Register: 
    +----------------------------+---+----+-----+-----------+
    |            Name            | FF| LUT| Bits| Const Bits|
    +----------------------------+---+----+-----+-----------+
    |ap_CS_fsm                   |  1|   0|    1|          0|
    |ap_enable_reg_pp0_iter1     |  1|   0|    1|          0|
    |icmp_ln86_1210_reg_1461     |  1|   0|    1|          0|
    |icmp_ln86_1213_reg_1467     |  1|   0|    1|          0|
    |icmp_ln86_1214_reg_1473     |  1|   0|    1|          0|
    |icmp_ln86_1219_reg_1479     |  1|   0|    1|          0|
    |icmp_ln86_1220_reg_1485     |  1|   0|    1|          0|
    |icmp_ln86_1221_reg_1491     |  1|   0|    1|          0|
    |icmp_ln86_1222_reg_1497     |  1|   0|    1|          0|
    |icmp_ln86_1231_reg_1503     |  1|   0|    1|          0|
    |icmp_ln86_1232_reg_1508     |  1|   0|    1|          0|
    |icmp_ln86_1233_reg_1513     |  1|   0|    1|          0|
    |icmp_ln86_1234_reg_1518     |  1|   0|    1|          0|
    |icmp_ln86_1235_reg_1523     |  1|   0|    1|          0|
    |icmp_ln86_1236_reg_1528     |  1|   0|    1|          0|
    |icmp_ln86_1237_reg_1533     |  1|   0|    1|          0|
    |icmp_ln86_1238_reg_1538     |  1|   0|    1|          0|
    |icmp_ln86_reg_1452          |  1|   0|    1|          0|
    |select_ln117_1182_reg_1543  |  5|   0|    5|          0|
    +----------------------------+---+----+-----+-----------+
    |Total                       | 23|   0|   23|          0|
    +----------------------------+---+----+-----+-----------+



================================================================
== Interface
================================================================
* Summary: 
+-----------+-----+-----+------------+----------------------+--------------+
| RTL Ports | Dir | Bits|  Protocol  |     Source Object    |    C Type    |
+-----------+-----+-----+------------+----------------------+--------------+
|ap_clk     |   in|    1|  ap_ctrl_hs|  decision_function.57|  return value|
|ap_rst     |   in|    1|  ap_ctrl_hs|  decision_function.57|  return value|
|ap_start   |   in|    1|  ap_ctrl_hs|  decision_function.57|  return value|
|ap_done    |  out|    1|  ap_ctrl_hs|  decision_function.57|  return value|
|ap_idle    |  out|    1|  ap_ctrl_hs|  decision_function.57|  return value|
|ap_ready   |  out|    1|  ap_ctrl_hs|  decision_function.57|  return value|
|ap_return  |  out|   12|  ap_ctrl_hs|  decision_function.57|  return value|
|x_1_val    |   in|   18|     ap_none|               x_1_val|        scalar|
|x_2_val    |   in|   18|     ap_none|               x_2_val|        scalar|
|x_3_val    |   in|   18|     ap_none|               x_3_val|        scalar|
|x_7_val    |   in|   18|     ap_none|               x_7_val|        scalar|
|x_10_val   |   in|   18|     ap_none|              x_10_val|        scalar|
|x_11_val   |   in|   18|     ap_none|              x_11_val|        scalar|
|x_12_val   |   in|   18|     ap_none|              x_12_val|        scalar|
|x_13_val   |   in|   18|     ap_none|              x_13_val|        scalar|
|x_17_val   |   in|   18|     ap_none|              x_17_val|        scalar|
|x_22_val   |   in|   18|     ap_none|              x_22_val|        scalar|
|x_23_val   |   in|   18|     ap_none|              x_23_val|        scalar|
|x_24_val   |   in|   18|     ap_none|              x_24_val|        scalar|
|x_25_val   |   in|   18|     ap_none|              x_25_val|        scalar|
|x_27_val   |   in|   18|     ap_none|              x_27_val|        scalar|
|x_35_val   |   in|   18|     ap_none|              x_35_val|        scalar|
|x_36_val   |   in|   18|     ap_none|              x_36_val|        scalar|
|x_40_val   |   in|   18|     ap_none|              x_40_val|        scalar|
|x_47_val   |   in|   18|     ap_none|              x_47_val|        scalar|
|x_50_val   |   in|   18|     ap_none|              x_50_val|        scalar|
+-----------+-----+-----+------------+----------------------+--------------+

