

================================================================
== Vitis HLS Report for 'decision_function_66'
================================================================
* Date:           Thu Jan 23 13:41:28 2025

* Version:        2024.1 (Build 5069499 on May 21 2024)
* Project:        my_prj
* Solution:       solution1 (Vivado IP Flow Target)
* Product family: virtexuplus
* Target device:  xcu250-figd2104-2L-e


================================================================
== Performance Estimates
================================================================
+ Timing: 
    * Summary: 
    +--------+---------+----------+------------+
    |  Clock |  Target | Estimated| Uncertainty|
    +--------+---------+----------+------------+
    |ap_clk  |  5.00 ns|  3.358 ns|     1.35 ns|
    +--------+---------+----------+------------+

+ Latency: 
    * Summary: 
    +---------+---------+----------+----------+-----+-----+---------+
    |  Latency (cycles) |  Latency (absolute) |  Interval | Pipeline|
    |   min   |   max   |    min   |    max   | min | max |   Type  |
    +---------+---------+----------+----------+-----+-----+---------+
    |        1|        1|  5.000 ns|  5.000 ns|    1|    1|      yes|
    +---------+---------+----------+----------+-----+-----+---------+

    + Detail: 
        * Instance: 
        N/A

        * Loop: 
        N/A



================================================================
== Utilization Estimates
================================================================
* Summary: 
+---------------------+---------+-------+---------+---------+------+
|         Name        | BRAM_18K|  DSP  |    FF   |   LUT   | URAM |
+---------------------+---------+-------+---------+---------+------+
|DSP                  |        -|      -|        -|        -|     -|
|Expression           |        -|      -|        0|     1011|     -|
|FIFO                 |        -|      -|        -|        -|     -|
|Instance             |        -|      -|        0|      145|     -|
|Memory               |        -|      -|        -|        -|     -|
|Multiplexer          |        -|      -|        -|        -|     -|
|Register             |        -|      -|       22|        -|     -|
+---------------------+---------+-------+---------+---------+------+
|Total                |        0|      0|       22|     1156|     0|
+---------------------+---------+-------+---------+---------+------+
|Available SLR        |     1344|   3072|   864000|   432000|   320|
+---------------------+---------+-------+---------+---------+------+
|Utilization SLR (%)  |        0|      0|       ~0|       ~0|     0|
+---------------------+---------+-------+---------+---------+------+
|Available            |     5376|  12288|  3456000|  1728000|  1280|
+---------------------+---------+-------+---------+---------+------+
|Utilization (%)      |        0|      0|       ~0|       ~0|     0|
+---------------------+---------+-------+---------+---------+------+

+ Detail: 
    * Instance: 
    +------------------------------+-------------------------+---------+----+---+-----+-----+
    |           Instance           |          Module         | BRAM_18K| DSP| FF| LUT | URAM|
    +------------------------------+-------------------------+---------+----+---+-----+-----+
    |sparsemux_61_5_13_1_1_x_U801  |sparsemux_61_5_13_1_1_x  |        0|   0|  0|  145|    0|
    +------------------------------+-------------------------+---------+----+---+-----+-----+
    |Total                         |                         |        0|   0|  0|  145|    0|
    +------------------------------+-------------------------+---------+----+---+-----+-----+

    * DSP: 
    N/A

    * Memory: 
    N/A

    * FIFO: 
    N/A

    * Expression: 
    +-----------------------------+----------+----+---+----+------------+------------+
    |        Variable Name        | Operation| DSP| FF| LUT| Bitwidth P0| Bitwidth P1|
    +-----------------------------+----------+----+---+----+------------+------------+
    |and_ln102_1161_fu_901_p2     |       and|   0|  0|   2|           1|           1|
    |and_ln102_1162_fu_582_p2     |       and|   0|  0|   2|           1|           1|
    |and_ln102_1163_fu_600_p2     |       and|   0|  0|   2|           1|           1|
    |and_ln102_1164_fu_917_p2     |       and|   0|  0|   2|           1|           1|
    |and_ln102_1165_fu_933_p2     |       and|   0|  0|   2|           1|           1|
    |and_ln102_1166_fu_618_p2     |       and|   0|  0|   2|           1|           1|
    |and_ln102_1167_fu_624_p2     |       and|   0|  0|   2|           1|           1|
    |and_ln102_1168_fu_636_p2     |       and|   0|  0|   2|           1|           1|
    |and_ln102_1169_fu_648_p2     |       and|   0|  0|   2|           1|           1|
    |and_ln102_1170_fu_949_p2     |       and|   0|  0|   2|           1|           1|
    |and_ln102_1171_fu_959_p2     |       and|   0|  0|   2|           1|           1|
    |and_ln102_1172_fu_969_p2     |       and|   0|  0|   2|           1|           1|
    |and_ln102_1173_fu_979_p2     |       and|   0|  0|   2|           1|           1|
    |and_ln102_1174_fu_660_p2     |       and|   0|  0|   2|           1|           1|
    |and_ln102_1175_fu_666_p2     |       and|   0|  0|   2|           1|           1|
    |and_ln102_1176_fu_672_p2     |       and|   0|  0|   2|           1|           1|
    |and_ln102_1177_fu_678_p2     |       and|   0|  0|   2|           1|           1|
    |and_ln102_1178_fu_684_p2     |       and|   0|  0|   2|           1|           1|
    |and_ln102_1179_fu_690_p2     |       and|   0|  0|   2|           1|           1|
    |and_ln102_1180_fu_696_p2     |       and|   0|  0|   2|           1|           1|
    |and_ln102_1181_fu_702_p2     |       and|   0|  0|   2|           1|           1|
    |and_ln102_1182_fu_708_p2     |       and|   0|  0|   2|           1|           1|
    |and_ln102_1183_fu_989_p2     |       and|   0|  0|   2|           1|           1|
    |and_ln102_1184_fu_994_p2     |       and|   0|  0|   2|           1|           1|
    |and_ln102_1185_fu_999_p2     |       and|   0|  0|   2|           1|           1|
    |and_ln102_1186_fu_1005_p2    |       and|   0|  0|   2|           1|           1|
    |and_ln102_1187_fu_1010_p2    |       and|   0|  0|   2|           1|           1|
    |and_ln102_1188_fu_1015_p2    |       and|   0|  0|   2|           1|           1|
    |and_ln102_1189_fu_1021_p2    |       and|   0|  0|   2|           1|           1|
    |and_ln102_1190_fu_1026_p2    |       and|   0|  0|   2|           1|           1|
    |and_ln102_1191_fu_1031_p2    |       and|   0|  0|   2|           1|           1|
    |and_ln102_1192_fu_1037_p2    |       and|   0|  0|   2|           1|           1|
    |and_ln102_1193_fu_1042_p2    |       and|   0|  0|   2|           1|           1|
    |and_ln102_1194_fu_1047_p2    |       and|   0|  0|   2|           1|           1|
    |and_ln102_fu_564_p2          |       and|   0|  0|   2|           1|           1|
    |and_ln104_171_fu_911_p2      |       and|   0|  0|   2|           1|           1|
    |and_ln104_172_fu_594_p2      |       and|   0|  0|   2|           1|           1|
    |and_ln104_173_fu_612_p2      |       and|   0|  0|   2|           1|           1|
    |and_ln104_174_fu_927_p2      |       and|   0|  0|   2|           1|           1|
    |and_ln104_175_fu_943_p2      |       and|   0|  0|   2|           1|           1|
    |and_ln104_fu_576_p2          |       and|   0|  0|   2|           1|           1|
    |icmp_ln86_947_fu_396_p2      |      icmp|   0|  0|  25|          18|           7|
    |icmp_ln86_948_fu_402_p2      |      icmp|   0|  0|  25|          18|          15|
    |icmp_ln86_949_fu_408_p2      |      icmp|   0|  0|  25|          18|          11|
    |icmp_ln86_950_fu_414_p2      |      icmp|   0|  0|  25|          18|          10|
    |icmp_ln86_951_fu_420_p2      |      icmp|   0|  0|  25|          18|          10|
    |icmp_ln86_952_fu_426_p2      |      icmp|   0|  0|  25|          18|           5|
    |icmp_ln86_953_fu_432_p2      |      icmp|   0|  0|  25|          18|          17|
    |icmp_ln86_954_fu_438_p2      |      icmp|   0|  0|  25|          18|          17|
    |icmp_ln86_955_fu_444_p2      |      icmp|   0|  0|  25|          18|          18|
    |icmp_ln86_956_fu_450_p2      |      icmp|   0|  0|  25|          18|           6|
    |icmp_ln86_957_fu_456_p2      |      icmp|   0|  0|  25|          18|           8|
    |icmp_ln86_958_fu_462_p2      |      icmp|   0|  0|  25|          18|          18|
    |icmp_ln86_959_fu_468_p2      |      icmp|   0|  0|  25|          18|           7|
    |icmp_ln86_960_fu_474_p2      |      icmp|   0|  0|  25|          18|           9|
    |icmp_ln86_961_fu_480_p2      |      icmp|   0|  0|  25|          18|          10|
    |icmp_ln86_962_fu_486_p2      |      icmp|   0|  0|  25|          18|          13|
    |icmp_ln86_963_fu_492_p2      |      icmp|   0|  0|  25|          18|          17|
    |icmp_ln86_964_fu_498_p2      |      icmp|   0|  0|  25|          18|          14|
    |icmp_ln86_965_fu_504_p2      |      icmp|   0|  0|  25|          18|          17|
    |icmp_ln86_966_fu_510_p2      |      icmp|   0|  0|  25|          18|          10|
    |icmp_ln86_967_fu_516_p2      |      icmp|   0|  0|  25|          18|          18|
    |icmp_ln86_968_fu_522_p2      |      icmp|   0|  0|  25|          18|          11|
    |icmp_ln86_969_fu_528_p2      |      icmp|   0|  0|  25|          18|           7|
    |icmp_ln86_970_fu_534_p2      |      icmp|   0|  0|  25|          18|           7|
    |icmp_ln86_971_fu_540_p2      |      icmp|   0|  0|  25|          18|          10|
    |icmp_ln86_972_fu_546_p2      |      icmp|   0|  0|  25|          18|           5|
    |icmp_ln86_973_fu_552_p2      |      icmp|   0|  0|  25|          18|           9|
    |icmp_ln86_974_fu_558_p2      |      icmp|   0|  0|  25|          18|          16|
    |icmp_ln86_fu_390_p2          |      icmp|   0|  0|  25|          18|           9|
    |or_ln117_838_fu_738_p2       |        or|   0|  0|   2|           1|           1|
    |or_ln117_839_fu_756_p2       |        or|   0|  0|   2|           1|           1|
    |or_ln117_840_fu_778_p2       |        or|   0|  0|   2|           1|           1|
    |or_ln117_841_fu_792_p2       |        or|   0|  0|   2|           1|           1|
    |or_ln117_842_fu_810_p2       |        or|   0|  0|   2|           1|           1|
    |or_ln117_843_fu_824_p2       |        or|   0|  0|   2|           1|           1|
    |or_ln117_844_fu_838_p2       |        or|   0|  0|   2|           1|           1|
    |or_ln117_845_fu_852_p2       |        or|   0|  0|   2|           1|           1|
    |or_ln117_846_fu_866_p2       |        or|   0|  0|   2|           1|           1|
    |or_ln117_847_fu_1053_p2      |        or|   0|  0|   2|           1|           1|
    |or_ln117_848_fu_1058_p2      |        or|   0|  0|   2|           1|           1|
    |or_ln117_849_fu_1074_p2      |        or|   0|  0|   2|           1|           1|
    |or_ln117_850_fu_1088_p2      |        or|   0|  0|   2|           1|           1|
    |or_ln117_851_fu_1101_p2      |        or|   0|  0|   2|           1|           1|
    |or_ln117_852_fu_1115_p2      |        or|   0|  0|   2|           1|           1|
    |or_ln117_853_fu_1129_p2      |        or|   0|  0|   2|           1|           1|
    |or_ln117_854_fu_1143_p2      |        or|   0|  0|   2|           1|           1|
    |or_ln117_855_fu_1156_p2      |        or|   0|  0|   2|           1|           1|
    |or_ln117_856_fu_1170_p2      |        or|   0|  0|   2|           1|           1|
    |or_ln117_857_fu_1184_p2      |        or|   0|  0|   2|           1|           1|
    |or_ln117_858_fu_1198_p2      |        or|   0|  0|   2|           1|           1|
    |or_ln117_859_fu_1212_p2      |        or|   0|  0|   2|           1|           1|
    |or_ln117_860_fu_1226_p2      |        or|   0|  0|   2|           1|           1|
    |or_ln117_861_fu_1240_p2      |        or|   0|  0|   2|           1|           1|
    |or_ln117_fu_724_p2           |        or|   0|  0|   2|           1|           1|
    |agg_result_fu_1262_p62       |    select|   0|  0|   5|           1|           5|
    |select_ln117_918_fu_744_p3   |    select|   0|  0|   2|           1|           2|
    |select_ln117_919_fu_762_p3   |    select|   0|  0|   4|           1|           3|
    |select_ln117_920_fu_770_p3   |    select|   0|  0|   3|           1|           3|
    |select_ln117_921_fu_784_p3   |    select|   0|  0|   3|           1|           3|
    |select_ln117_922_fu_798_p3   |    select|   0|  0|   3|           1|           3|
    |select_ln117_923_fu_816_p3   |    select|   0|  0|   5|           1|           4|
    |select_ln117_924_fu_830_p3   |    select|   0|  0|   4|           1|           4|
    |select_ln117_925_fu_844_p3   |    select|   0|  0|   4|           1|           4|
    |select_ln117_926_fu_858_p3   |    select|   0|  0|   4|           1|           4|
    |select_ln117_927_fu_872_p3   |    select|   0|  0|   4|           1|           4|
    |select_ln117_928_fu_880_p3   |    select|   0|  0|   4|           1|           4|
    |select_ln117_929_fu_888_p3   |    select|   0|  0|   4|           1|           4|
    |select_ln117_930_fu_1063_p3  |    select|   0|  0|   4|           1|           4|
    |select_ln117_931_fu_1080_p3  |    select|   0|  0|   6|           1|           5|
    |select_ln117_932_fu_1093_p3  |    select|   0|  0|   5|           1|           5|
    |select_ln117_933_fu_1107_p3  |    select|   0|  0|   5|           1|           5|
    |select_ln117_934_fu_1121_p3  |    select|   0|  0|   5|           1|           5|
    |select_ln117_935_fu_1135_p3  |    select|   0|  0|   5|           1|           5|
    |select_ln117_936_fu_1148_p3  |    select|   0|  0|   5|           1|           5|
    |select_ln117_937_fu_1162_p3  |    select|   0|  0|   5|           1|           5|
    |select_ln117_938_fu_1176_p3  |    select|   0|  0|   5|           1|           5|
    |select_ln117_939_fu_1190_p3  |    select|   0|  0|   5|           1|           5|
    |select_ln117_940_fu_1204_p3  |    select|   0|  0|   5|           1|           5|
    |select_ln117_941_fu_1218_p3  |    select|   0|  0|   5|           1|           5|
    |select_ln117_942_fu_1232_p3  |    select|   0|  0|   5|           1|           5|
    |select_ln117_943_fu_1246_p3  |    select|   0|  0|   5|           1|           5|
    |select_ln117_fu_730_p3       |    select|   0|  0|   3|           1|           2|
    |ap_enable_pp0                |       xor|   0|  0|   2|           1|           2|
    |xor_ln104_449_fu_570_p2      |       xor|   0|  0|   2|           1|           2|
    |xor_ln104_450_fu_906_p2      |       xor|   0|  0|   2|           1|           2|
    |xor_ln104_451_fu_588_p2      |       xor|   0|  0|   2|           1|           2|
    |xor_ln104_452_fu_606_p2      |       xor|   0|  0|   2|           1|           2|
    |xor_ln104_453_fu_922_p2      |       xor|   0|  0|   2|           1|           2|
    |xor_ln104_454_fu_938_p2      |       xor|   0|  0|   2|           1|           2|
    |xor_ln104_455_fu_630_p2      |       xor|   0|  0|   2|           1|           2|
    |xor_ln104_456_fu_642_p2      |       xor|   0|  0|   2|           1|           2|
    |xor_ln104_457_fu_654_p2      |       xor|   0|  0|   2|           1|           2|
    |xor_ln104_458_fu_954_p2      |       xor|   0|  0|   2|           1|           2|
    |xor_ln104_459_fu_964_p2      |       xor|   0|  0|   2|           1|           2|
    |xor_ln104_460_fu_974_p2      |       xor|   0|  0|   2|           1|           2|
    |xor_ln104_461_fu_984_p2      |       xor|   0|  0|   2|           1|           2|
    |xor_ln104_fu_896_p2          |       xor|   0|  0|   2|           1|           2|
    |xor_ln117_fu_714_p2          |       xor|   0|  0|   2|           2|           1|
    +-----------------------------+----------+----+---+----+------------+------------+
    |Total                        |          |   0|  0|1011|         633|         546|
    +-----------------------------+----------+----+---+----+------------+------------+

    * Multiplexer: 
    N/A

    * Register: 
    +---------------------------+---+----+-----+-----------+
    |            Name           | FF| LUT| Bits| Const Bits|
    +---------------------------+---+----+-----+-----------+
    |ap_CS_fsm                  |  1|   0|    1|          0|
    |ap_enable_reg_pp0_iter1    |  1|   0|    1|          0|
    |icmp_ln86_948_reg_1399     |  1|   0|    1|          0|
    |icmp_ln86_951_reg_1405     |  1|   0|    1|          0|
    |icmp_ln86_952_reg_1411     |  1|   0|    1|          0|
    |icmp_ln86_957_reg_1417     |  1|   0|    1|          0|
    |icmp_ln86_958_reg_1423     |  1|   0|    1|          0|
    |icmp_ln86_959_reg_1429     |  1|   0|    1|          0|
    |icmp_ln86_960_reg_1435     |  1|   0|    1|          0|
    |icmp_ln86_967_reg_1441     |  1|   0|    1|          0|
    |icmp_ln86_968_reg_1446     |  1|   0|    1|          0|
    |icmp_ln86_969_reg_1451     |  1|   0|    1|          0|
    |icmp_ln86_970_reg_1456     |  1|   0|    1|          0|
    |icmp_ln86_971_reg_1461     |  1|   0|    1|          0|
    |icmp_ln86_972_reg_1466     |  1|   0|    1|          0|
    |icmp_ln86_973_reg_1471     |  1|   0|    1|          0|
    |icmp_ln86_974_reg_1476     |  1|   0|    1|          0|
    |icmp_ln86_reg_1390         |  1|   0|    1|          0|
    |select_ln117_929_reg_1481  |  4|   0|    4|          0|
    +---------------------------+---+----+-----+-----------+
    |Total                      | 22|   0|   22|          0|
    +---------------------------+---+----+-----+-----------+



================================================================
== Interface
================================================================
* Summary: 
+-----------+-----+-----+------------+----------------------+--------------+
| RTL Ports | Dir | Bits|  Protocol  |     Source Object    |    C Type    |
+-----------+-----+-----+------------+----------------------+--------------+
|ap_clk     |   in|    1|  ap_ctrl_hs|  decision_function.66|  return value|
|ap_rst     |   in|    1|  ap_ctrl_hs|  decision_function.66|  return value|
|ap_start   |   in|    1|  ap_ctrl_hs|  decision_function.66|  return value|
|ap_done    |  out|    1|  ap_ctrl_hs|  decision_function.66|  return value|
|ap_idle    |  out|    1|  ap_ctrl_hs|  decision_function.66|  return value|
|ap_ready   |  out|    1|  ap_ctrl_hs|  decision_function.66|  return value|
|ap_return  |  out|   13|  ap_ctrl_hs|  decision_function.66|  return value|
|x_1_val    |   in|   18|     ap_none|               x_1_val|        scalar|
|x_2_val    |   in|   18|     ap_none|               x_2_val|        scalar|
|x_6_val    |   in|   18|     ap_none|               x_6_val|        scalar|
|x_7_val    |   in|   18|     ap_none|               x_7_val|        scalar|
|x_11_val   |   in|   18|     ap_none|              x_11_val|        scalar|
|x_15_val   |   in|   18|     ap_none|              x_15_val|        scalar|
|x_16_val   |   in|   18|     ap_none|              x_16_val|        scalar|
|x_17_val   |   in|   18|     ap_none|              x_17_val|        scalar|
|x_19_val   |   in|   18|     ap_none|              x_19_val|        scalar|
|x_23_val   |   in|   18|     ap_none|              x_23_val|        scalar|
|x_27_val   |   in|   18|     ap_none|              x_27_val|        scalar|
|x_32_val   |   in|   18|     ap_none|              x_32_val|        scalar|
|x_33_val   |   in|   18|     ap_none|              x_33_val|        scalar|
|x_34_val   |   in|   18|     ap_none|              x_34_val|        scalar|
|x_35_val   |   in|   18|     ap_none|              x_35_val|        scalar|
|x_37_val   |   in|   18|     ap_none|              x_37_val|        scalar|
|x_39_val   |   in|   18|     ap_none|              x_39_val|        scalar|
|x_47_val   |   in|   18|     ap_none|              x_47_val|        scalar|
|x_49_val   |   in|   18|     ap_none|              x_49_val|        scalar|
|x_50_val   |   in|   18|     ap_none|              x_50_val|        scalar|
|x_51_val   |   in|   18|     ap_none|              x_51_val|        scalar|
+-----------+-----+-----+------------+----------------------+--------------+

