

================================================================
== Vitis HLS Report for 'decision_function_70'
================================================================
* Date:           Thu Jan 23 13:41:26 2025

* Version:        2024.1 (Build 5069499 on May 21 2024)
* Project:        my_prj
* Solution:       solution1 (Vivado IP Flow Target)
* Product family: virtexuplus
* Target device:  xcu250-figd2104-2L-e


================================================================
== Performance Estimates
================================================================
+ Timing: 
    * Summary: 
    +--------+---------+----------+------------+
    |  Clock |  Target | Estimated| Uncertainty|
    +--------+---------+----------+------------+
    |ap_clk  |  5.00 ns|  3.523 ns|     1.35 ns|
    +--------+---------+----------+------------+

+ Latency: 
    * Summary: 
    +---------+---------+----------+----------+-----+-----+---------+
    |  Latency (cycles) |  Latency (absolute) |  Interval | Pipeline|
    |   min   |   max   |    min   |    max   | min | max |   Type  |
    +---------+---------+----------+----------+-----+-----+---------+
    |        1|        1|  5.000 ns|  5.000 ns|    1|    1|      yes|
    +---------+---------+----------+----------+-----+-----+---------+

    + Detail: 
        * Instance: 
        N/A

        * Loop: 
        N/A



================================================================
== Utilization Estimates
================================================================
* Summary: 
+---------------------+---------+-------+---------+---------+------+
|         Name        | BRAM_18K|  DSP  |    FF   |   LUT   | URAM |
+---------------------+---------+-------+---------+---------+------+
|DSP                  |        -|      -|        -|        -|     -|
|Expression           |        -|      -|        0|     1051|     -|
|FIFO                 |        -|      -|        -|        -|     -|
|Instance             |        -|      -|        0|      145|     -|
|Memory               |        -|      -|        -|        -|     -|
|Multiplexer          |        -|      -|        -|        -|     -|
|Register             |        -|      -|       22|        -|     -|
+---------------------+---------+-------+---------+---------+------+
|Total                |        0|      0|       22|     1196|     0|
+---------------------+---------+-------+---------+---------+------+
|Available SLR        |     1344|   3072|   864000|   432000|   320|
+---------------------+---------+-------+---------+---------+------+
|Utilization SLR (%)  |        0|      0|       ~0|       ~0|     0|
+---------------------+---------+-------+---------+---------+------+
|Available            |     5376|  12288|  3456000|  1728000|  1280|
+---------------------+---------+-------+---------+---------+------+
|Utilization (%)      |        0|      0|       ~0|       ~0|     0|
+---------------------+---------+-------+---------+---------+------+

+ Detail: 
    * Instance: 
    +------------------------------+-------------------------+---------+----+---+-----+-----+
    |           Instance           |          Module         | BRAM_18K| DSP| FF| LUT | URAM|
    +------------------------------+-------------------------+---------+----+---+-----+-----+
    |sparsemux_63_5_12_1_1_x_U718  |sparsemux_63_5_12_1_1_x  |        0|   0|  0|  145|    0|
    +------------------------------+-------------------------+---------+----+---+-----+-----+
    |Total                         |                         |        0|   0|  0|  145|    0|
    +------------------------------+-------------------------+---------+----+---+-----+-----+

    * DSP: 
    N/A

    * Memory: 
    N/A

    * FIFO: 
    N/A

    * Expression: 
    +-----------------------------+----------+----+---+----+------------+------------+
    |        Variable Name        | Operation| DSP| FF| LUT| Bitwidth P0| Bitwidth P1|
    +-----------------------------+----------+----+---+----+------------+------------+
    |and_ln102_1020_fu_941_p2     |       and|   0|  0|   2|           1|           1|
    |and_ln102_1021_fu_584_p2     |       and|   0|  0|   2|           1|           1|
    |and_ln102_1022_fu_602_p2     |       and|   0|  0|   2|           1|           1|
    |and_ln102_1023_fu_957_p2     |       and|   0|  0|   2|           1|           1|
    |and_ln102_1024_fu_973_p2     |       and|   0|  0|   2|           1|           1|
    |and_ln102_1025_fu_620_p2     |       and|   0|  0|   2|           1|           1|
    |and_ln102_1026_fu_632_p2     |       and|   0|  0|   2|           1|           1|
    |and_ln102_1027_fu_644_p2     |       and|   0|  0|   2|           1|           1|
    |and_ln102_1028_fu_656_p2     |       and|   0|  0|   2|           1|           1|
    |and_ln102_1029_fu_989_p2     |       and|   0|  0|   2|           1|           1|
    |and_ln102_1030_fu_999_p2     |       and|   0|  0|   2|           1|           1|
    |and_ln102_1031_fu_1009_p2    |       and|   0|  0|   2|           1|           1|
    |and_ln102_1032_fu_1019_p2    |       and|   0|  0|   2|           1|           1|
    |and_ln102_1033_fu_668_p2     |       and|   0|  0|   2|           1|           1|
    |and_ln102_1034_fu_674_p2     |       and|   0|  0|   2|           1|           1|
    |and_ln102_1035_fu_680_p2     |       and|   0|  0|   2|           1|           1|
    |and_ln102_1036_fu_686_p2     |       and|   0|  0|   2|           1|           1|
    |and_ln102_1037_fu_692_p2     |       and|   0|  0|   2|           1|           1|
    |and_ln102_1038_fu_698_p2     |       and|   0|  0|   2|           1|           1|
    |and_ln102_1039_fu_704_p2     |       and|   0|  0|   2|           1|           1|
    |and_ln102_1040_fu_710_p2     |       and|   0|  0|   2|           1|           1|
    |and_ln102_1041_fu_716_p2     |       and|   0|  0|   2|           1|           1|
    |and_ln102_1042_fu_722_p2     |       and|   0|  0|   2|           1|           1|
    |and_ln102_1043_fu_728_p2     |       and|   0|  0|   2|           1|           1|
    |and_ln102_1044_fu_1029_p2    |       and|   0|  0|   2|           1|           1|
    |and_ln102_1045_fu_1034_p2    |       and|   0|  0|   2|           1|           1|
    |and_ln102_1046_fu_1039_p2    |       and|   0|  0|   2|           1|           1|
    |and_ln102_1047_fu_1045_p2    |       and|   0|  0|   2|           1|           1|
    |and_ln102_1048_fu_1050_p2    |       and|   0|  0|   2|           1|           1|
    |and_ln102_1049_fu_1055_p2    |       and|   0|  0|   2|           1|           1|
    |and_ln102_1050_fu_1061_p2    |       and|   0|  0|   2|           1|           1|
    |and_ln102_1051_fu_1066_p2    |       and|   0|  0|   2|           1|           1|
    |and_ln102_1052_fu_1071_p2    |       and|   0|  0|   2|           1|           1|
    |and_ln102_1053_fu_1077_p2    |       and|   0|  0|   2|           1|           1|
    |and_ln102_1054_fu_1082_p2    |       and|   0|  0|   2|           1|           1|
    |and_ln102_1055_fu_1087_p2    |       and|   0|  0|   2|           1|           1|
    |and_ln102_fu_566_p2          |       and|   0|  0|   2|           1|           1|
    |and_ln104_149_fu_951_p2      |       and|   0|  0|   2|           1|           1|
    |and_ln104_150_fu_596_p2      |       and|   0|  0|   2|           1|           1|
    |and_ln104_151_fu_614_p2      |       and|   0|  0|   2|           1|           1|
    |and_ln104_152_fu_967_p2      |       and|   0|  0|   2|           1|           1|
    |and_ln104_153_fu_983_p2      |       and|   0|  0|   2|           1|           1|
    |and_ln104_fu_578_p2          |       and|   0|  0|   2|           1|           1|
    |icmp_ln86_831_fu_392_p2      |      icmp|   0|  0|  25|          18|          17|
    |icmp_ln86_832_fu_398_p2      |      icmp|   0|  0|  25|          18|          15|
    |icmp_ln86_833_fu_404_p2      |      icmp|   0|  0|  25|          18|          11|
    |icmp_ln86_834_fu_410_p2      |      icmp|   0|  0|  25|          18|          11|
    |icmp_ln86_835_fu_416_p2      |      icmp|   0|  0|  25|          18|          17|
    |icmp_ln86_836_fu_422_p2      |      icmp|   0|  0|  25|          18|          13|
    |icmp_ln86_837_fu_428_p2      |      icmp|   0|  0|  25|          18|           3|
    |icmp_ln86_838_fu_434_p2      |      icmp|   0|  0|  25|          18|          18|
    |icmp_ln86_839_fu_440_p2      |      icmp|   0|  0|  25|          18|          10|
    |icmp_ln86_840_fu_446_p2      |      icmp|   0|  0|  25|          18|           7|
    |icmp_ln86_841_fu_452_p2      |      icmp|   0|  0|  25|          18|          17|
    |icmp_ln86_842_fu_458_p2      |      icmp|   0|  0|  25|          18|          17|
    |icmp_ln86_843_fu_464_p2      |      icmp|   0|  0|  25|          18|          13|
    |icmp_ln86_844_fu_470_p2      |      icmp|   0|  0|  25|          18|           9|
    |icmp_ln86_845_fu_476_p2      |      icmp|   0|  0|  25|          18|          13|
    |icmp_ln86_846_fu_482_p2      |      icmp|   0|  0|  25|          18|           4|
    |icmp_ln86_847_fu_488_p2      |      icmp|   0|  0|  25|          18|          10|
    |icmp_ln86_848_fu_494_p2      |      icmp|   0|  0|  25|          18|           5|
    |icmp_ln86_849_fu_500_p2      |      icmp|   0|  0|  25|          18|           7|
    |icmp_ln86_850_fu_506_p2      |      icmp|   0|  0|  25|          18|           5|
    |icmp_ln86_851_fu_512_p2      |      icmp|   0|  0|  25|          18|          17|
    |icmp_ln86_852_fu_518_p2      |      icmp|   0|  0|  25|          18|           6|
    |icmp_ln86_853_fu_524_p2      |      icmp|   0|  0|  25|          18|          16|
    |icmp_ln86_854_fu_530_p2      |      icmp|   0|  0|  25|          18|          16|
    |icmp_ln86_855_fu_536_p2      |      icmp|   0|  0|  25|          18|          10|
    |icmp_ln86_856_fu_542_p2      |      icmp|   0|  0|  25|          18|           9|
    |icmp_ln86_857_fu_548_p2      |      icmp|   0|  0|  25|          18|          12|
    |icmp_ln86_858_fu_554_p2      |      icmp|   0|  0|  25|          18|           6|
    |icmp_ln86_859_fu_560_p2      |      icmp|   0|  0|  25|          18|          16|
    |icmp_ln86_fu_386_p2          |      icmp|   0|  0|  25|          18|           3|
    |or_ln117_732_fu_750_p2       |        or|   0|  0|   2|           1|           1|
    |or_ln117_733_fu_764_p2       |        or|   0|  0|   2|           1|           1|
    |or_ln117_734_fu_782_p2       |        or|   0|  0|   2|           1|           1|
    |or_ln117_735_fu_796_p2       |        or|   0|  0|   2|           1|           1|
    |or_ln117_736_fu_818_p2       |        or|   0|  0|   2|           1|           1|
    |or_ln117_737_fu_836_p2       |        or|   0|  0|   2|           1|           1|
    |or_ln117_738_fu_850_p2       |        or|   0|  0|   2|           1|           1|
    |or_ln117_739_fu_864_p2       |        or|   0|  0|   2|           1|           1|
    |or_ln117_740_fu_878_p2       |        or|   0|  0|   2|           1|           1|
    |or_ln117_741_fu_892_p2       |        or|   0|  0|   2|           1|           1|
    |or_ln117_742_fu_906_p2       |        or|   0|  0|   2|           1|           1|
    |or_ln117_743_fu_1093_p2      |        or|   0|  0|   2|           1|           1|
    |or_ln117_744_fu_1101_p2      |        or|   0|  0|   2|           1|           1|
    |or_ln117_745_fu_1114_p2      |        or|   0|  0|   2|           1|           1|
    |or_ln117_746_fu_1128_p2      |        or|   0|  0|   2|           1|           1|
    |or_ln117_747_fu_1141_p2      |        or|   0|  0|   2|           1|           1|
    |or_ln117_748_fu_1155_p2      |        or|   0|  0|   2|           1|           1|
    |or_ln117_749_fu_1169_p2      |        or|   0|  0|   2|           1|           1|
    |or_ln117_750_fu_1183_p2      |        or|   0|  0|   2|           1|           1|
    |or_ln117_751_fu_1196_p2      |        or|   0|  0|   2|           1|           1|
    |or_ln117_752_fu_1210_p2      |        or|   0|  0|   2|           1|           1|
    |or_ln117_753_fu_1224_p2      |        or|   0|  0|   2|           1|           1|
    |or_ln117_754_fu_1238_p2      |        or|   0|  0|   2|           1|           1|
    |or_ln117_755_fu_1252_p2      |        or|   0|  0|   2|           1|           1|
    |or_ln117_756_fu_1266_p2      |        or|   0|  0|   2|           1|           1|
    |or_ln117_757_fu_1280_p2      |        or|   0|  0|   2|           1|           1|
    |or_ln117_fu_734_p2           |        or|   0|  0|   2|           1|           1|
    |agg_result_fu_1302_p64       |    select|   0|  0|   5|           1|           5|
    |select_ln117_806_fu_770_p3   |    select|   0|  0|   2|           1|           2|
    |select_ln117_807_fu_788_p3   |    select|   0|  0|   4|           1|           3|
    |select_ln117_808_fu_802_p3   |    select|   0|  0|   3|           1|           3|
    |select_ln117_809_fu_810_p3   |    select|   0|  0|   3|           1|           3|
    |select_ln117_810_fu_824_p3   |    select|   0|  0|   3|           1|           3|
    |select_ln117_811_fu_842_p3   |    select|   0|  0|   5|           1|           4|
    |select_ln117_812_fu_856_p3   |    select|   0|  0|   4|           1|           4|
    |select_ln117_813_fu_870_p3   |    select|   0|  0|   4|           1|           4|
    |select_ln117_814_fu_884_p3   |    select|   0|  0|   4|           1|           4|
    |select_ln117_815_fu_898_p3   |    select|   0|  0|   4|           1|           4|
    |select_ln117_816_fu_912_p3   |    select|   0|  0|   4|           1|           4|
    |select_ln117_817_fu_920_p3   |    select|   0|  0|   4|           1|           4|
    |select_ln117_818_fu_928_p3   |    select|   0|  0|   4|           1|           4|
    |select_ln117_819_fu_1106_p3  |    select|   0|  0|   6|           1|           5|
    |select_ln117_820_fu_1120_p3  |    select|   0|  0|   5|           1|           5|
    |select_ln117_821_fu_1133_p3  |    select|   0|  0|   5|           1|           5|
    |select_ln117_822_fu_1147_p3  |    select|   0|  0|   5|           1|           5|
    |select_ln117_823_fu_1161_p3  |    select|   0|  0|   5|           1|           5|
    |select_ln117_824_fu_1175_p3  |    select|   0|  0|   5|           1|           5|
    |select_ln117_825_fu_1188_p3  |    select|   0|  0|   5|           1|           5|
    |select_ln117_826_fu_1202_p3  |    select|   0|  0|   5|           1|           5|
    |select_ln117_827_fu_1216_p3  |    select|   0|  0|   5|           1|           5|
    |select_ln117_828_fu_1230_p3  |    select|   0|  0|   5|           1|           5|
    |select_ln117_829_fu_1244_p3  |    select|   0|  0|   5|           1|           5|
    |select_ln117_830_fu_1258_p3  |    select|   0|  0|   5|           1|           5|
    |select_ln117_831_fu_1272_p3  |    select|   0|  0|   5|           1|           5|
    |select_ln117_832_fu_1286_p3  |    select|   0|  0|   5|           1|           5|
    |select_ln117_fu_756_p3       |    select|   0|  0|   3|           1|           2|
    |ap_enable_pp0                |       xor|   0|  0|   2|           1|           2|
    |xor_ln104_393_fu_572_p2      |       xor|   0|  0|   2|           1|           2|
    |xor_ln104_394_fu_946_p2      |       xor|   0|  0|   2|           1|           2|
    |xor_ln104_395_fu_590_p2      |       xor|   0|  0|   2|           1|           2|
    |xor_ln104_396_fu_608_p2      |       xor|   0|  0|   2|           1|           2|
    |xor_ln104_397_fu_962_p2      |       xor|   0|  0|   2|           1|           2|
    |xor_ln104_398_fu_978_p2      |       xor|   0|  0|   2|           1|           2|
    |xor_ln104_399_fu_626_p2      |       xor|   0|  0|   2|           1|           2|
    |xor_ln104_400_fu_638_p2      |       xor|   0|  0|   2|           1|           2|
    |xor_ln104_401_fu_650_p2      |       xor|   0|  0|   2|           1|           2|
    |xor_ln104_402_fu_662_p2      |       xor|   0|  0|   2|           1|           2|
    |xor_ln104_403_fu_994_p2      |       xor|   0|  0|   2|           1|           2|
    |xor_ln104_404_fu_1004_p2     |       xor|   0|  0|   2|           1|           2|
    |xor_ln104_405_fu_1014_p2     |       xor|   0|  0|   2|           1|           2|
    |xor_ln104_406_fu_1024_p2     |       xor|   0|  0|   2|           1|           2|
    |xor_ln104_fu_936_p2          |       xor|   0|  0|   2|           1|           2|
    |xor_ln117_fu_740_p2          |       xor|   0|  0|   2|           2|           1|
    +-----------------------------+----------+----+---+----+------------+------------+
    |Total                        |          |   0|  0|1051|         657|         559|
    +-----------------------------+----------+----+---+----+------------+------------+

    * Multiplexer: 
    N/A

    * Register: 
    +---------------------------+---+----+-----+-----------+
    |            Name           | FF| LUT| Bits| Const Bits|
    +---------------------------+---+----+-----+-----------+
    |ap_CS_fsm                  |  1|   0|    1|          0|
    |ap_enable_reg_pp0_iter1    |  1|   0|    1|          0|
    |icmp_ln86_832_reg_1443     |  1|   0|    1|          0|
    |icmp_ln86_835_reg_1449     |  1|   0|    1|          0|
    |icmp_ln86_836_reg_1455     |  1|   0|    1|          0|
    |icmp_ln86_841_reg_1461     |  1|   0|    1|          0|
    |icmp_ln86_842_reg_1467     |  1|   0|    1|          0|
    |icmp_ln86_843_reg_1473     |  1|   0|    1|          0|
    |icmp_ln86_844_reg_1479     |  1|   0|    1|          0|
    |icmp_ln86_852_reg_1485     |  1|   0|    1|          0|
    |icmp_ln86_853_reg_1490     |  1|   0|    1|          0|
    |icmp_ln86_854_reg_1495     |  1|   0|    1|          0|
    |icmp_ln86_855_reg_1500     |  1|   0|    1|          0|
    |icmp_ln86_856_reg_1505     |  1|   0|    1|          0|
    |icmp_ln86_857_reg_1510     |  1|   0|    1|          0|
    |icmp_ln86_858_reg_1515     |  1|   0|    1|          0|
    |icmp_ln86_859_reg_1520     |  1|   0|    1|          0|
    |icmp_ln86_reg_1434         |  1|   0|    1|          0|
    |select_ln117_818_reg_1525  |  4|   0|    4|          0|
    +---------------------------+---+----+-----+-----------+
    |Total                      | 22|   0|   22|          0|
    +---------------------------+---+----+-----+-----------+



================================================================
== Interface
================================================================
* Summary: 
+-----------+-----+-----+------------+----------------------+--------------+
| RTL Ports | Dir | Bits|  Protocol  |     Source Object    |    C Type    |
+-----------+-----+-----+------------+----------------------+--------------+
|ap_clk     |   in|    1|  ap_ctrl_hs|  decision_function.70|  return value|
|ap_rst     |   in|    1|  ap_ctrl_hs|  decision_function.70|  return value|
|ap_start   |   in|    1|  ap_ctrl_hs|  decision_function.70|  return value|
|ap_done    |  out|    1|  ap_ctrl_hs|  decision_function.70|  return value|
|ap_idle    |  out|    1|  ap_ctrl_hs|  decision_function.70|  return value|
|ap_ready   |  out|    1|  ap_ctrl_hs|  decision_function.70|  return value|
|ap_return  |  out|   12|  ap_ctrl_hs|  decision_function.70|  return value|
|x_1_val    |   in|   18|     ap_none|               x_1_val|        scalar|
|x_3_val    |   in|   18|     ap_none|               x_3_val|        scalar|
|x_6_val    |   in|   18|     ap_none|               x_6_val|        scalar|
|x_8_val    |   in|   18|     ap_none|               x_8_val|        scalar|
|x_10_val   |   in|   18|     ap_none|              x_10_val|        scalar|
|x_13_val   |   in|   18|     ap_none|              x_13_val|        scalar|
|x_14_val   |   in|   18|     ap_none|              x_14_val|        scalar|
|x_15_val   |   in|   18|     ap_none|              x_15_val|        scalar|
|x_17_val   |   in|   18|     ap_none|              x_17_val|        scalar|
|x_19_val   |   in|   18|     ap_none|              x_19_val|        scalar|
|x_22_val   |   in|   18|     ap_none|              x_22_val|        scalar|
|x_24_val   |   in|   18|     ap_none|              x_24_val|        scalar|
|x_27_val   |   in|   18|     ap_none|              x_27_val|        scalar|
|x_32_val   |   in|   18|     ap_none|              x_32_val|        scalar|
|x_42_val   |   in|   18|     ap_none|              x_42_val|        scalar|
|x_43_val   |   in|   18|     ap_none|              x_43_val|        scalar|
|x_44_val   |   in|   18|     ap_none|              x_44_val|        scalar|
|x_47_val   |   in|   18|     ap_none|              x_47_val|        scalar|
|x_48_val   |   in|   18|     ap_none|              x_48_val|        scalar|
|x_52_val   |   in|   18|     ap_none|              x_52_val|        scalar|
+-----------+-----+-----+------------+----------------------+--------------+

