

================================================================
== Vitis HLS Report for 'decision_function_28'
================================================================
* Date:           Thu Jan 23 13:41:48 2025

* Version:        2024.1 (Build 5069499 on May 21 2024)
* Project:        my_prj
* Solution:       solution1 (Vivado IP Flow Target)
* Product family: virtexuplus
* Target device:  xcu250-figd2104-2L-e


================================================================
== Performance Estimates
================================================================
+ Timing: 
    * Summary: 
    +--------+---------+----------+------------+
    |  Clock |  Target | Estimated| Uncertainty|
    +--------+---------+----------+------------+
    |ap_clk  |  5.00 ns|  3.645 ns|     1.35 ns|
    +--------+---------+----------+------------+

+ Latency: 
    * Summary: 
    +---------+---------+----------+----------+-----+-----+---------+
    |  Latency (cycles) |  Latency (absolute) |  Interval | Pipeline|
    |   min   |   max   |    min   |    max   | min | max |   Type  |
    +---------+---------+----------+----------+-----+-----+---------+
    |        1|        1|  5.000 ns|  5.000 ns|    1|    1|      yes|
    +---------+---------+----------+----------+-----+-----+---------+

    + Detail: 
        * Instance: 
        N/A

        * Loop: 
        N/A



================================================================
== Utilization Estimates
================================================================
* Summary: 
+---------------------+---------+-------+---------+---------+------+
|         Name        | BRAM_18K|  DSP  |    FF   |   LUT   | URAM |
+---------------------+---------+-------+---------+---------+------+
|DSP                  |        -|      -|        -|        -|     -|
|Expression           |        -|      -|        0|      848|     -|
|FIFO                 |        -|      -|        -|        -|     -|
|Instance             |        -|      -|        0|      123|     -|
|Memory               |        -|      -|        -|        -|     -|
|Multiplexer          |        -|      -|        -|        -|     -|
|Register             |        -|      -|       17|        -|     -|
+---------------------+---------+-------+---------+---------+------+
|Total                |        0|      0|       17|      971|     0|
+---------------------+---------+-------+---------+---------+------+
|Available SLR        |     1344|   3072|   864000|   432000|   320|
+---------------------+---------+-------+---------+---------+------+
|Utilization SLR (%)  |        0|      0|       ~0|       ~0|     0|
+---------------------+---------+-------+---------+---------+------+
|Available            |     5376|  12288|  3456000|  1728000|  1280|
+---------------------+---------+-------+---------+---------+------+
|Utilization (%)      |        0|      0|       ~0|       ~0|     0|
+---------------------+---------+-------+---------+---------+------+

+ Detail: 
    * Instance: 
    +-----------------------------+-----------------------+---------+----+---+-----+-----+
    |           Instance          |         Module        | BRAM_18K| DSP| FF| LUT | URAM|
    +-----------------------------+-----------------------+---------+----+---+-----+-----+
    |sparsemux_51_5_12_1_1_U1540  |sparsemux_51_5_12_1_1  |        0|   0|  0|  123|    0|
    +-----------------------------+-----------------------+---------+----+---+-----+-----+
    |Total                        |                       |        0|   0|  0|  123|    0|
    +-----------------------------+-----------------------+---------+----+---+-----+-----+

    * DSP: 
    N/A

    * Memory: 
    N/A

    * FIFO: 
    N/A

    * Expression: 
    +-----------------------------+----------+----+---+----+------------+------------+
    |        Variable Name        | Operation| DSP| FF| LUT| Bitwidth P0| Bitwidth P1|
    +-----------------------------+----------+----+---+----+------------+------------+
    |and_ln102_716_fu_544_p2      |       and|   0|  0|   2|           1|           1|
    |and_ln102_717_fu_562_p2      |       and|   0|  0|   2|           1|           1|
    |and_ln102_718_fu_580_p2      |       and|   0|  0|   2|           1|           1|
    |and_ln102_719_fu_586_p2      |       and|   0|  0|   2|           1|           1|
    |and_ln102_720_fu_920_p2      |       and|   0|  0|   2|           1|           1|
    |and_ln102_721_fu_604_p2      |       and|   0|  0|   2|           1|           1|
    |and_ln102_722_fu_616_p2      |       and|   0|  0|   2|           1|           1|
    |and_ln102_723_fu_628_p2      |       and|   0|  0|   2|           1|           1|
    |and_ln102_724_fu_640_p2      |       and|   0|  0|   2|           1|           1|
    |and_ln102_725_fu_934_p2      |       and|   0|  0|   2|           1|           1|
    |and_ln102_726_fu_944_p2      |       and|   0|  0|   2|           1|           1|
    |and_ln102_727_fu_658_p2      |       and|   0|  0|   2|           1|           1|
    |and_ln102_728_fu_670_p2      |       and|   0|  0|   2|           1|           1|
    |and_ln102_729_fu_676_p2      |       and|   0|  0|   2|           1|           1|
    |and_ln102_730_fu_688_p2      |       and|   0|  0|   2|           1|           1|
    |and_ln102_731_fu_694_p2      |       and|   0|  0|   2|           1|           1|
    |and_ln102_732_fu_706_p2      |       and|   0|  0|   2|           1|           1|
    |and_ln102_733_fu_954_p2      |       and|   0|  0|   2|           1|           1|
    |and_ln102_734_fu_958_p2      |       and|   0|  0|   2|           1|           1|
    |and_ln102_735_fu_968_p2      |       and|   0|  0|   2|           1|           1|
    |and_ln102_736_fu_974_p2      |       and|   0|  0|   2|           1|           1|
    |and_ln102_737_fu_984_p2      |       and|   0|  0|   2|           1|           1|
    |and_ln102_738_fu_664_p2      |       and|   0|  0|   2|           1|           1|
    |and_ln102_739_fu_682_p2      |       and|   0|  0|   2|           1|           1|
    |and_ln102_740_fu_700_p2      |       and|   0|  0|   2|           1|           1|
    |and_ln102_741_fu_963_p2      |       and|   0|  0|   2|           1|           1|
    |and_ln102_742_fu_979_p2      |       and|   0|  0|   2|           1|           1|
    |and_ln102_fu_526_p2          |       and|   0|  0|   2|           1|           1|
    |and_ln104_146_fu_556_p2      |       and|   0|  0|   2|           1|           1|
    |and_ln104_147_fu_574_p2      |       and|   0|  0|   2|           1|           1|
    |and_ln104_148_fu_598_p2      |       and|   0|  0|   2|           1|           1|
    |and_ln104_149_fu_929_p2      |       and|   0|  0|   2|           1|           1|
    |and_ln104_150_fu_652_p2      |       and|   0|  0|   2|           1|           1|
    |and_ln104_fu_538_p2          |       and|   0|  0|   2|           1|           1|
    |icmp_ln86_1395_fu_388_p2     |      icmp|   0|  0|  22|          15|           1|
    |icmp_ln86_745_fu_372_p2      |      icmp|   0|  0|  25|          18|          12|
    |icmp_ln86_747_fu_394_p2      |      icmp|   0|  0|  25|          18|           8|
    |icmp_ln86_748_fu_400_p2      |      icmp|   0|  0|  25|          18|           9|
    |icmp_ln86_749_fu_406_p2      |      icmp|   0|  0|  25|          18|          14|
    |icmp_ln86_750_fu_412_p2      |      icmp|   0|  0|  25|          18|           6|
    |icmp_ln86_751_fu_418_p2      |      icmp|   0|  0|  25|          18|          17|
    |icmp_ln86_752_fu_424_p2      |      icmp|   0|  0|  25|          18|          17|
    |icmp_ln86_753_fu_430_p2      |      icmp|   0|  0|  25|          18|          11|
    |icmp_ln86_754_fu_436_p2      |      icmp|   0|  0|  25|          18|          17|
    |icmp_ln86_755_fu_442_p2      |      icmp|   0|  0|  25|          18|          14|
    |icmp_ln86_756_fu_448_p2      |      icmp|   0|  0|  25|          18|          17|
    |icmp_ln86_757_fu_454_p2      |      icmp|   0|  0|  25|          18|          17|
    |icmp_ln86_758_fu_460_p2      |      icmp|   0|  0|  25|          18|          17|
    |icmp_ln86_759_fu_466_p2      |      icmp|   0|  0|  25|          18|           7|
    |icmp_ln86_760_fu_472_p2      |      icmp|   0|  0|  25|          18|           9|
    |icmp_ln86_761_fu_478_p2      |      icmp|   0|  0|  25|          18|           4|
    |icmp_ln86_762_fu_484_p2      |      icmp|   0|  0|  25|          18|           9|
    |icmp_ln86_763_fu_490_p2      |      icmp|   0|  0|  25|          18|          12|
    |icmp_ln86_764_fu_496_p2      |      icmp|   0|  0|  25|          18|          14|
    |icmp_ln86_765_fu_502_p2      |      icmp|   0|  0|  25|          18|           4|
    |icmp_ln86_766_fu_508_p2      |      icmp|   0|  0|  25|          18|           7|
    |icmp_ln86_767_fu_514_p2      |      icmp|   0|  0|  25|          18|          18|
    |icmp_ln86_fu_366_p2          |      icmp|   0|  0|  25|          18|           4|
    |or_ln117_684_fu_736_p2       |        or|   0|  0|   2|           1|           1|
    |or_ln117_685_fu_754_p2       |        or|   0|  0|   2|           1|           1|
    |or_ln117_686_fu_768_p2       |        or|   0|  0|   2|           1|           1|
    |or_ln117_687_fu_782_p2       |        or|   0|  0|   2|           1|           1|
    |or_ln117_688_fu_796_p2       |        or|   0|  0|   2|           1|           1|
    |or_ln117_689_fu_814_p2       |        or|   0|  0|   2|           1|           1|
    |or_ln117_690_fu_828_p2       |        or|   0|  0|   2|           1|           1|
    |or_ln117_691_fu_842_p2       |        or|   0|  0|   2|           1|           1|
    |or_ln117_692_fu_856_p2       |        or|   0|  0|   2|           1|           1|
    |or_ln117_693_fu_870_p2       |        or|   0|  0|   2|           1|           1|
    |or_ln117_694_fu_884_p2       |        or|   0|  0|   2|           1|           1|
    |or_ln117_695_fu_898_p2       |        or|   0|  0|   2|           1|           1|
    |or_ln117_696_fu_990_p2       |        or|   0|  0|   2|           1|           1|
    |or_ln117_697_fu_998_p2       |        or|   0|  0|   2|           1|           1|
    |or_ln117_698_fu_1010_p2      |        or|   0|  0|   2|           1|           1|
    |or_ln117_699_fu_1024_p2      |        or|   0|  0|   2|           1|           1|
    |or_ln117_700_fu_1038_p2      |        or|   0|  0|   2|           1|           1|
    |or_ln117_701_fu_1052_p2      |        or|   0|  0|   2|           1|           1|
    |or_ln117_702_fu_1066_p2      |        or|   0|  0|   2|           1|           1|
    |or_ln117_703_fu_1080_p2      |        or|   0|  0|   2|           1|           1|
    |or_ln117_704_fu_1094_p2      |        or|   0|  0|   2|           1|           1|
    |or_ln117_705_fu_1108_p2      |        or|   0|  0|   2|           1|           1|
    |or_ln117_fu_722_p2           |        or|   0|  0|   2|           1|           1|
    |ap_return                    |    select|   0|  0|  12|           1|          12|
    |select_ln117_723_fu_742_p3   |    select|   0|  0|   2|           1|           2|
    |select_ln117_724_fu_760_p3   |    select|   0|  0|   4|           1|           3|
    |select_ln117_725_fu_774_p3   |    select|   0|  0|   3|           1|           3|
    |select_ln117_726_fu_788_p3   |    select|   0|  0|   3|           1|           3|
    |select_ln117_727_fu_802_p3   |    select|   0|  0|   3|           1|           3|
    |select_ln117_728_fu_820_p3   |    select|   0|  0|   5|           1|           4|
    |select_ln117_729_fu_834_p3   |    select|   0|  0|   4|           1|           4|
    |select_ln117_730_fu_848_p3   |    select|   0|  0|   4|           1|           4|
    |select_ln117_731_fu_862_p3   |    select|   0|  0|   4|           1|           4|
    |select_ln117_732_fu_876_p3   |    select|   0|  0|   4|           1|           4|
    |select_ln117_733_fu_890_p3   |    select|   0|  0|   4|           1|           4|
    |select_ln117_734_fu_904_p3   |    select|   0|  0|   4|           1|           4|
    |select_ln117_735_fu_912_p3   |    select|   0|  0|   4|           1|           4|
    |select_ln117_736_fu_1002_p3  |    select|   0|  0|   6|           1|           5|
    |select_ln117_737_fu_1016_p3  |    select|   0|  0|   5|           1|           5|
    |select_ln117_738_fu_1030_p3  |    select|   0|  0|   5|           1|           5|
    |select_ln117_739_fu_1044_p3  |    select|   0|  0|   5|           1|           5|
    |select_ln117_740_fu_1058_p3  |    select|   0|  0|   5|           1|           5|
    |select_ln117_741_fu_1072_p3  |    select|   0|  0|   5|           1|           5|
    |select_ln117_742_fu_1086_p3  |    select|   0|  0|   5|           1|           5|
    |select_ln117_743_fu_1100_p3  |    select|   0|  0|   5|           1|           5|
    |select_ln117_fu_728_p3       |    select|   0|  0|   3|           1|           2|
    |tmp_fu_1121_p52              |    select|   0|  0|   5|           1|           5|
    |ap_enable_pp0                |       xor|   0|  0|   2|           1|           2|
    |xor_ln104_358_fu_532_p2      |       xor|   0|  0|   2|           1|           2|
    |xor_ln104_359_fu_550_p2      |       xor|   0|  0|   2|           1|           2|
    |xor_ln104_360_fu_568_p2      |       xor|   0|  0|   2|           1|           2|
    |xor_ln104_361_fu_592_p2      |       xor|   0|  0|   2|           1|           2|
    |xor_ln104_362_fu_924_p2      |       xor|   0|  0|   2|           1|           2|
    |xor_ln104_363_fu_610_p2      |       xor|   0|  0|   2|           1|           2|
    |xor_ln104_364_fu_622_p2      |       xor|   0|  0|   2|           1|           2|
    |xor_ln104_365_fu_634_p2      |       xor|   0|  0|   2|           1|           2|
    |xor_ln104_366_fu_646_p2      |       xor|   0|  0|   2|           1|           2|
    |xor_ln104_367_fu_939_p2      |       xor|   0|  0|   2|           1|           2|
    |xor_ln104_368_fu_949_p2      |       xor|   0|  0|   2|           1|           2|
    |xor_ln104_fu_520_p2          |       xor|   0|  0|   2|           1|           2|
    |xor_ln117_fu_712_p2          |       xor|   0|  0|   2|           2|           1|
    +-----------------------------+----------+----+---+----+------------+------------+
    |Total                        |          |   0|  0| 848|         525|         454|
    +-----------------------------+----------+----+---+----+------------+------------+

    * Multiplexer: 
    N/A

    * Register: 
    +---------------------------+---+----+-----+-----------+
    |            Name           | FF| LUT| Bits| Const Bits|
    +---------------------------+---+----+-----+-----------+
    |and_ln102_724_reg_1287     |  1|   0|    1|          0|
    |and_ln104_146_reg_1280     |  1|   0|    1|          0|
    |ap_CS_fsm                  |  1|   0|    1|          0|
    |ap_enable_reg_pp0_iter1    |  1|   0|    1|          0|
    |icmp_ln86_750_reg_1237     |  1|   0|    1|          0|
    |icmp_ln86_755_reg_1243     |  1|   0|    1|          0|
    |icmp_ln86_756_reg_1249     |  1|   0|    1|          0|
    |icmp_ln86_763_reg_1255     |  1|   0|    1|          0|
    |icmp_ln86_764_reg_1260     |  1|   0|    1|          0|
    |icmp_ln86_765_reg_1265     |  1|   0|    1|          0|
    |icmp_ln86_766_reg_1270     |  1|   0|    1|          0|
    |icmp_ln86_767_reg_1275     |  1|   0|    1|          0|
    |or_ln117_695_reg_1293      |  1|   0|    1|          0|
    |select_ln117_735_reg_1299  |  4|   0|    4|          0|
    +---------------------------+---+----+-----+-----------+
    |Total                      | 17|   0|   17|          0|
    +---------------------------+---+----+-----+-----------+



================================================================
== Interface
================================================================
* Summary: 
+-----------+-----+-----+------------+----------------------+--------------+
| RTL Ports | Dir | Bits|  Protocol  |     Source Object    |    C Type    |
+-----------+-----+-----+------------+----------------------+--------------+
|ap_clk     |   in|    1|  ap_ctrl_hs|  decision_function.28|  return value|
|ap_rst     |   in|    1|  ap_ctrl_hs|  decision_function.28|  return value|
|ap_start   |   in|    1|  ap_ctrl_hs|  decision_function.28|  return value|
|ap_done    |  out|    1|  ap_ctrl_hs|  decision_function.28|  return value|
|ap_idle    |  out|    1|  ap_ctrl_hs|  decision_function.28|  return value|
|ap_ready   |  out|    1|  ap_ctrl_hs|  decision_function.28|  return value|
|ap_return  |  out|   12|  ap_ctrl_hs|  decision_function.28|  return value|
|x_1_val    |   in|   18|     ap_none|               x_1_val|        scalar|
|x_2_val    |   in|   18|     ap_none|               x_2_val|        scalar|
|x_3_val    |   in|   18|     ap_none|               x_3_val|        scalar|
|x_6_val    |   in|   18|     ap_none|               x_6_val|        scalar|
|x_9_val    |   in|   18|     ap_none|               x_9_val|        scalar|
|x_13_val   |   in|   18|     ap_none|              x_13_val|        scalar|
|x_14_val   |   in|   18|     ap_none|              x_14_val|        scalar|
|x_15_val   |   in|   18|     ap_none|              x_15_val|        scalar|
|x_17_val   |   in|   18|     ap_none|              x_17_val|        scalar|
|x_21_val   |   in|   18|     ap_none|              x_21_val|        scalar|
|x_24_val   |   in|   18|     ap_none|              x_24_val|        scalar|
|x_29_val   |   in|   18|     ap_none|              x_29_val|        scalar|
|x_31_val   |   in|   18|     ap_none|              x_31_val|        scalar|
|x_35_val   |   in|   18|     ap_none|              x_35_val|        scalar|
|x_36_val   |   in|   18|     ap_none|              x_36_val|        scalar|
|x_37_val   |   in|   18|     ap_none|              x_37_val|        scalar|
|x_38_val   |   in|   18|     ap_none|              x_38_val|        scalar|
|x_40_val   |   in|   18|     ap_none|              x_40_val|        scalar|
|x_47_val   |   in|   18|     ap_none|              x_47_val|        scalar|
|x_48_val   |   in|   18|     ap_none|              x_48_val|        scalar|
|x_49_val   |   in|   18|     ap_none|              x_49_val|        scalar|
+-----------+-----+-----+------------+----------------------+--------------+

