

================================================================
== Vitis HLS Report for 'decision_function_102'
================================================================
* Date:           Thu Jan 23 13:42:21 2025

* Version:        2024.1 (Build 5069499 on May 21 2024)
* Project:        my_prj
* Solution:       solution1 (Vivado IP Flow Target)
* Product family: virtexuplus
* Target device:  xcu250-figd2104-2L-e


================================================================
== Performance Estimates
================================================================
+ Timing: 
    * Summary: 
    +--------+---------+----------+------------+
    |  Clock |  Target | Estimated| Uncertainty|
    +--------+---------+----------+------------+
    |ap_clk  |  5.00 ns|  3.596 ns|     1.35 ns|
    +--------+---------+----------+------------+

+ Latency: 
    * Summary: 
    +---------+---------+----------+----------+-----+-----+---------+
    |  Latency (cycles) |  Latency (absolute) |  Interval | Pipeline|
    |   min   |   max   |    min   |    max   | min | max |   Type  |
    +---------+---------+----------+----------+-----+-----+---------+
    |        1|        1|  5.000 ns|  5.000 ns|    1|    1|      yes|
    +---------+---------+----------+----------+-----+-----+---------+

    + Detail: 
        * Instance: 
        N/A

        * Loop: 
        N/A



================================================================
== Utilization Estimates
================================================================
* Summary: 
+---------------------+---------+-------+---------+---------+------+
|         Name        | BRAM_18K|  DSP  |    FF   |   LUT   | URAM |
+---------------------+---------+-------+---------+---------+------+
|DSP                  |        -|      -|        -|        -|     -|
|Expression           |        -|      -|        0|     1081|     -|
|FIFO                 |        -|      -|        -|        -|     -|
|Instance             |        -|      -|        0|      148|     -|
|Memory               |        -|      -|        -|        -|     -|
|Multiplexer          |        -|      -|        -|        -|     -|
|Register             |        -|      -|       23|        -|     -|
+---------------------+---------+-------+---------+---------+------+
|Total                |        0|      0|       23|     1229|     0|
+---------------------+---------+-------+---------+---------+------+
|Available SLR        |     1344|   3072|   864000|   432000|   320|
+---------------------+---------+-------+---------+---------+------+
|Utilization SLR (%)  |        0|      0|       ~0|       ~0|     0|
+---------------------+---------+-------+---------+---------+------+
|Available            |     5376|  12288|  3456000|  1728000|  1280|
+---------------------+---------+-------+---------+---------+------+
|Utilization (%)      |        0|      0|       ~0|       ~0|     0|
+---------------------+---------+-------+---------+---------+------+

+ Detail: 
    * Instance: 
    +---------------------------------+---------------------------+---------+----+---+-----+-----+
    |             Instance            |           Module          | BRAM_18K| DSP| FF| LUT | URAM|
    +---------------------------------+---------------------------+---------+----+---+-----+-----+
    |sparsemux_65_5_12_1_1_x37_U2488  |sparsemux_65_5_12_1_1_x37  |        0|   0|  0|  148|    0|
    +---------------------------------+---------------------------+---------+----+---+-----+-----+
    |Total                            |                           |        0|   0|  0|  148|    0|
    +---------------------------------+---------------------------+---------+----+---+-----+-----+

    * DSP: 
    N/A

    * Memory: 
    N/A

    * FIFO: 
    N/A

    * Expression: 
    +------------------------------+----------+----+---+----+------------+------------+
    |         Variable Name        | Operation| DSP| FF| LUT| Bitwidth P0| Bitwidth P1|
    +------------------------------+----------+----+---+----+------------+------------+
    |and_ln102_2197_fu_997_p2      |       and|   0|  0|   2|           1|           1|
    |and_ln102_2198_fu_628_p2      |       and|   0|  0|   2|           1|           1|
    |and_ln102_2199_fu_646_p2      |       and|   0|  0|   2|           1|           1|
    |and_ln102_2200_fu_1013_p2     |       and|   0|  0|   2|           1|           1|
    |and_ln102_2201_fu_1029_p2     |       and|   0|  0|   2|           1|           1|
    |and_ln102_2202_fu_664_p2      |       and|   0|  0|   2|           1|           1|
    |and_ln102_2203_fu_676_p2      |       and|   0|  0|   2|           1|           1|
    |and_ln102_2204_fu_688_p2      |       and|   0|  0|   2|           1|           1|
    |and_ln102_2205_fu_700_p2      |       and|   0|  0|   2|           1|           1|
    |and_ln102_2206_fu_1045_p2     |       and|   0|  0|   2|           1|           1|
    |and_ln102_2207_fu_1055_p2     |       and|   0|  0|   2|           1|           1|
    |and_ln102_2208_fu_1065_p2     |       and|   0|  0|   2|           1|           1|
    |and_ln102_2209_fu_1075_p2     |       and|   0|  0|   2|           1|           1|
    |and_ln102_2210_fu_712_p2      |       and|   0|  0|   2|           1|           1|
    |and_ln102_2211_fu_718_p2      |       and|   0|  0|   2|           1|           1|
    |and_ln102_2212_fu_724_p2      |       and|   0|  0|   2|           1|           1|
    |and_ln102_2213_fu_730_p2      |       and|   0|  0|   2|           1|           1|
    |and_ln102_2214_fu_736_p2      |       and|   0|  0|   2|           1|           1|
    |and_ln102_2215_fu_742_p2      |       and|   0|  0|   2|           1|           1|
    |and_ln102_2216_fu_748_p2      |       and|   0|  0|   2|           1|           1|
    |and_ln102_2217_fu_754_p2      |       and|   0|  0|   2|           1|           1|
    |and_ln102_2218_fu_760_p2      |       and|   0|  0|   2|           1|           1|
    |and_ln102_2219_fu_766_p2      |       and|   0|  0|   2|           1|           1|
    |and_ln102_2220_fu_772_p2      |       and|   0|  0|   2|           1|           1|
    |and_ln102_2221_fu_778_p2      |       and|   0|  0|   2|           1|           1|
    |and_ln102_2222_fu_1085_p2     |       and|   0|  0|   2|           1|           1|
    |and_ln102_2223_fu_1090_p2     |       and|   0|  0|   2|           1|           1|
    |and_ln102_2224_fu_1095_p2     |       and|   0|  0|   2|           1|           1|
    |and_ln102_2225_fu_1101_p2     |       and|   0|  0|   2|           1|           1|
    |and_ln102_2226_fu_1106_p2     |       and|   0|  0|   2|           1|           1|
    |and_ln102_2227_fu_1111_p2     |       and|   0|  0|   2|           1|           1|
    |and_ln102_2228_fu_1117_p2     |       and|   0|  0|   2|           1|           1|
    |and_ln102_2229_fu_1122_p2     |       and|   0|  0|   2|           1|           1|
    |and_ln102_2230_fu_1127_p2     |       and|   0|  0|   2|           1|           1|
    |and_ln102_2231_fu_1133_p2     |       and|   0|  0|   2|           1|           1|
    |and_ln102_2232_fu_1138_p2     |       and|   0|  0|   2|           1|           1|
    |and_ln102_2233_fu_1143_p2     |       and|   0|  0|   2|           1|           1|
    |and_ln102_fu_610_p2           |       and|   0|  0|   2|           1|           1|
    |and_ln104_368_fu_1007_p2      |       and|   0|  0|   2|           1|           1|
    |and_ln104_369_fu_640_p2       |       and|   0|  0|   2|           1|           1|
    |and_ln104_370_fu_658_p2       |       and|   0|  0|   2|           1|           1|
    |and_ln104_371_fu_1023_p2      |       and|   0|  0|   2|           1|           1|
    |and_ln104_372_fu_1039_p2      |       and|   0|  0|   2|           1|           1|
    |and_ln104_fu_622_p2           |       and|   0|  0|   2|           1|           1|
    |icmp_ln86_1945_fu_430_p2      |      icmp|   0|  0|  25|          18|          13|
    |icmp_ln86_1946_fu_436_p2      |      icmp|   0|  0|  25|          18|          17|
    |icmp_ln86_1947_fu_442_p2      |      icmp|   0|  0|  25|          18|           6|
    |icmp_ln86_1948_fu_448_p2      |      icmp|   0|  0|  25|          18|           7|
    |icmp_ln86_1949_fu_454_p2      |      icmp|   0|  0|  25|          18|          13|
    |icmp_ln86_1950_fu_460_p2      |      icmp|   0|  0|  25|          18|          10|
    |icmp_ln86_1951_fu_466_p2      |      icmp|   0|  0|  25|          18|           9|
    |icmp_ln86_1952_fu_472_p2      |      icmp|   0|  0|  25|          18|          16|
    |icmp_ln86_1953_fu_478_p2      |      icmp|   0|  0|  25|          18|          15|
    |icmp_ln86_1954_fu_484_p2      |      icmp|   0|  0|  25|          18|          16|
    |icmp_ln86_1955_fu_490_p2      |      icmp|   0|  0|  25|          18|          13|
    |icmp_ln86_1956_fu_496_p2      |      icmp|   0|  0|  25|          18|          13|
    |icmp_ln86_1957_fu_502_p2      |      icmp|   0|  0|  25|          18|          13|
    |icmp_ln86_1958_fu_508_p2      |      icmp|   0|  0|  25|          18|           4|
    |icmp_ln86_1959_fu_514_p2      |      icmp|   0|  0|  25|          18|          13|
    |icmp_ln86_1960_fu_520_p2      |      icmp|   0|  0|  25|          18|          15|
    |icmp_ln86_1961_fu_526_p2      |      icmp|   0|  0|  25|          18|           9|
    |icmp_ln86_1962_fu_532_p2      |      icmp|   0|  0|  25|          18|           3|
    |icmp_ln86_1963_fu_538_p2      |      icmp|   0|  0|  25|          18|           2|
    |icmp_ln86_1964_fu_544_p2      |      icmp|   0|  0|  25|          18|          17|
    |icmp_ln86_1965_fu_550_p2      |      icmp|   0|  0|  25|          18|           9|
    |icmp_ln86_1966_fu_556_p2      |      icmp|   0|  0|  25|          18|           4|
    |icmp_ln86_1967_fu_562_p2      |      icmp|   0|  0|  25|          18|          14|
    |icmp_ln86_1968_fu_568_p2      |      icmp|   0|  0|  25|          18|          11|
    |icmp_ln86_1969_fu_574_p2      |      icmp|   0|  0|  25|          18|           3|
    |icmp_ln86_1970_fu_580_p2      |      icmp|   0|  0|  25|          18|          17|
    |icmp_ln86_1971_fu_586_p2      |      icmp|   0|  0|  25|          18|          11|
    |icmp_ln86_1972_fu_592_p2      |      icmp|   0|  0|  25|          18|           6|
    |icmp_ln86_1973_fu_598_p2      |      icmp|   0|  0|  25|          18|           8|
    |icmp_ln86_1974_fu_604_p2      |      icmp|   0|  0|  25|          18|           9|
    |icmp_ln86_fu_424_p2           |      icmp|   0|  0|  25|          18|          17|
    |or_ln117_1773_fu_820_p2       |        or|   0|  0|   2|           1|           1|
    |or_ln117_1774_fu_834_p2       |        or|   0|  0|   2|           1|           1|
    |or_ln117_1775_fu_848_p2       |        or|   0|  0|   2|           1|           1|
    |or_ln117_1776_fu_874_p2       |        or|   0|  0|   2|           1|           1|
    |or_ln117_1777_fu_888_p2       |        or|   0|  0|   2|           1|           1|
    |or_ln117_1778_fu_902_p2       |        or|   0|  0|   2|           1|           1|
    |or_ln117_1779_fu_916_p2       |        or|   0|  0|   2|           1|           1|
    |or_ln117_1780_fu_930_p2       |        or|   0|  0|   2|           1|           1|
    |or_ln117_1781_fu_944_p2       |        or|   0|  0|   2|           1|           1|
    |or_ln117_1782_fu_958_p2       |        or|   0|  0|   2|           1|           1|
    |or_ln117_1783_fu_1149_p2      |        or|   0|  0|   2|           1|           1|
    |or_ln117_1784_fu_1154_p2      |        or|   0|  0|   2|           1|           1|
    |or_ln117_1785_fu_1166_p2      |        or|   0|  0|   2|           1|           1|
    |or_ln117_1786_fu_1180_p2      |        or|   0|  0|   2|           1|           1|
    |or_ln117_1787_fu_1193_p2      |        or|   0|  0|   2|           1|           1|
    |or_ln117_1788_fu_1207_p2      |        or|   0|  0|   2|           1|           1|
    |or_ln117_1789_fu_1221_p2      |        or|   0|  0|   2|           1|           1|
    |or_ln117_1790_fu_1235_p2      |        or|   0|  0|   2|           1|           1|
    |or_ln117_1791_fu_1248_p2      |        or|   0|  0|   2|           1|           1|
    |or_ln117_1792_fu_1262_p2      |        or|   0|  0|   2|           1|           1|
    |or_ln117_1793_fu_1276_p2      |        or|   0|  0|   2|           1|           1|
    |or_ln117_1794_fu_1290_p2      |        or|   0|  0|   2|           1|           1|
    |or_ln117_1795_fu_1304_p2      |        or|   0|  0|   2|           1|           1|
    |or_ln117_1796_fu_1318_p2      |        or|   0|  0|   2|           1|           1|
    |or_ln117_1797_fu_1332_p2      |        or|   0|  0|   2|           1|           1|
    |or_ln117_fu_794_p2            |        or|   0|  0|   2|           1|           1|
    |agg_result_fu_1354_p66        |    select|   0|  0|   5|           1|           5|
    |select_ln117_1891_fu_808_p3   |    select|   0|  0|   2|           1|           2|
    |select_ln117_1892_fu_826_p3   |    select|   0|  0|   4|           1|           3|
    |select_ln117_1893_fu_840_p3   |    select|   0|  0|   3|           1|           3|
    |select_ln117_1894_fu_854_p3   |    select|   0|  0|   3|           1|           3|
    |select_ln117_1895_fu_862_p3   |    select|   0|  0|   3|           1|           3|
    |select_ln117_1896_fu_880_p3   |    select|   0|  0|   5|           1|           4|
    |select_ln117_1897_fu_894_p3   |    select|   0|  0|   4|           1|           4|
    |select_ln117_1898_fu_908_p3   |    select|   0|  0|   4|           1|           4|
    |select_ln117_1899_fu_922_p3   |    select|   0|  0|   4|           1|           4|
    |select_ln117_1900_fu_936_p3   |    select|   0|  0|   4|           1|           4|
    |select_ln117_1901_fu_950_p3   |    select|   0|  0|   4|           1|           4|
    |select_ln117_1902_fu_964_p3   |    select|   0|  0|   4|           1|           4|
    |select_ln117_1903_fu_972_p3   |    select|   0|  0|   4|           1|           4|
    |select_ln117_1904_fu_984_p3   |    select|   0|  0|   6|           1|           5|
    |select_ln117_1905_fu_1159_p3  |    select|   0|  0|   5|           1|           5|
    |select_ln117_1906_fu_1172_p3  |    select|   0|  0|   5|           1|           5|
    |select_ln117_1907_fu_1185_p3  |    select|   0|  0|   5|           1|           5|
    |select_ln117_1908_fu_1199_p3  |    select|   0|  0|   5|           1|           5|
    |select_ln117_1909_fu_1213_p3  |    select|   0|  0|   5|           1|           5|
    |select_ln117_1910_fu_1227_p3  |    select|   0|  0|   5|           1|           5|
    |select_ln117_1911_fu_1240_p3  |    select|   0|  0|   5|           1|           5|
    |select_ln117_1912_fu_1254_p3  |    select|   0|  0|   5|           1|           5|
    |select_ln117_1913_fu_1268_p3  |    select|   0|  0|   5|           1|           5|
    |select_ln117_1914_fu_1282_p3  |    select|   0|  0|   5|           1|           5|
    |select_ln117_1915_fu_1296_p3  |    select|   0|  0|   5|           1|           5|
    |select_ln117_1916_fu_1310_p3  |    select|   0|  0|   5|           1|           5|
    |select_ln117_1917_fu_1324_p3  |    select|   0|  0|   5|           1|           5|
    |select_ln117_1918_fu_1338_p3  |    select|   0|  0|   5|           1|           5|
    |select_ln117_fu_800_p3        |    select|   0|  0|   3|           1|           2|
    |ap_enable_pp0                 |       xor|   0|  0|   2|           1|           2|
    |xor_ln104_931_fu_616_p2       |       xor|   0|  0|   2|           1|           2|
    |xor_ln104_932_fu_1002_p2      |       xor|   0|  0|   2|           1|           2|
    |xor_ln104_933_fu_634_p2       |       xor|   0|  0|   2|           1|           2|
    |xor_ln104_934_fu_652_p2       |       xor|   0|  0|   2|           1|           2|
    |xor_ln104_935_fu_1018_p2      |       xor|   0|  0|   2|           1|           2|
    |xor_ln104_936_fu_1034_p2      |       xor|   0|  0|   2|           1|           2|
    |xor_ln104_937_fu_670_p2       |       xor|   0|  0|   2|           1|           2|
    |xor_ln104_938_fu_682_p2       |       xor|   0|  0|   2|           1|           2|
    |xor_ln104_939_fu_694_p2       |       xor|   0|  0|   2|           1|           2|
    |xor_ln104_940_fu_706_p2       |       xor|   0|  0|   2|           1|           2|
    |xor_ln104_941_fu_1050_p2      |       xor|   0|  0|   2|           1|           2|
    |xor_ln104_942_fu_1060_p2      |       xor|   0|  0|   2|           1|           2|
    |xor_ln104_943_fu_1070_p2      |       xor|   0|  0|   2|           1|           2|
    |xor_ln104_944_fu_1080_p2      |       xor|   0|  0|   2|           1|           2|
    |xor_ln104_fu_992_p2           |       xor|   0|  0|   2|           1|           2|
    |xor_ln117_fu_784_p2           |       xor|   0|  0|   2|           2|           1|
    +------------------------------+----------+----+---+----+------------+------------+
    |Total                         |          |   0|  0|1081|         676|         564|
    +------------------------------+----------+----+---+----+------------+------------+

    * Multiplexer: 
    N/A

    * Register: 
    +----------------------------+---+----+-----+-----------+
    |            Name            | FF| LUT| Bits| Const Bits|
    +----------------------------+---+----+-----+-----------+
    |ap_CS_fsm                   |  1|   0|    1|          0|
    |ap_enable_reg_pp0_iter1     |  1|   0|    1|          0|
    |icmp_ln86_1946_reg_1499     |  1|   0|    1|          0|
    |icmp_ln86_1949_reg_1505     |  1|   0|    1|          0|
    |icmp_ln86_1950_reg_1511     |  1|   0|    1|          0|
    |icmp_ln86_1955_reg_1517     |  1|   0|    1|          0|
    |icmp_ln86_1956_reg_1523     |  1|   0|    1|          0|
    |icmp_ln86_1957_reg_1529     |  1|   0|    1|          0|
    |icmp_ln86_1958_reg_1535     |  1|   0|    1|          0|
    |icmp_ln86_1967_reg_1541     |  1|   0|    1|          0|
    |icmp_ln86_1968_reg_1546     |  1|   0|    1|          0|
    |icmp_ln86_1969_reg_1551     |  1|   0|    1|          0|
    |icmp_ln86_1970_reg_1556     |  1|   0|    1|          0|
    |icmp_ln86_1971_reg_1561     |  1|   0|    1|          0|
    |icmp_ln86_1972_reg_1566     |  1|   0|    1|          0|
    |icmp_ln86_1973_reg_1571     |  1|   0|    1|          0|
    |icmp_ln86_1974_reg_1576     |  1|   0|    1|          0|
    |icmp_ln86_reg_1490          |  1|   0|    1|          0|
    |select_ln117_1904_reg_1581  |  5|   0|    5|          0|
    +----------------------------+---+----+-----+-----------+
    |Total                       | 23|   0|   23|          0|
    +----------------------------+---+----+-----+-----------+



================================================================
== Interface
================================================================
* Summary: 
+-----------+-----+-----+------------+-----------------------+--------------+
| RTL Ports | Dir | Bits|  Protocol  |     Source Object     |    C Type    |
+-----------+-----+-----+------------+-----------------------+--------------+
|ap_clk     |   in|    1|  ap_ctrl_hs|  decision_function.102|  return value|
|ap_rst     |   in|    1|  ap_ctrl_hs|  decision_function.102|  return value|
|ap_start   |   in|    1|  ap_ctrl_hs|  decision_function.102|  return value|
|ap_done    |  out|    1|  ap_ctrl_hs|  decision_function.102|  return value|
|ap_idle    |  out|    1|  ap_ctrl_hs|  decision_function.102|  return value|
|ap_ready   |  out|    1|  ap_ctrl_hs|  decision_function.102|  return value|
|ap_return  |  out|   12|  ap_ctrl_hs|  decision_function.102|  return value|
|x_1_val    |   in|   18|     ap_none|                x_1_val|        scalar|
|x_5_val    |   in|   18|     ap_none|                x_5_val|        scalar|
|x_7_val    |   in|   18|     ap_none|                x_7_val|        scalar|
|x_12_val   |   in|   18|     ap_none|               x_12_val|        scalar|
|x_13_val   |   in|   18|     ap_none|               x_13_val|        scalar|
|x_14_val   |   in|   18|     ap_none|               x_14_val|        scalar|
|x_15_val   |   in|   18|     ap_none|               x_15_val|        scalar|
|x_16_val   |   in|   18|     ap_none|               x_16_val|        scalar|
|x_18_val   |   in|   18|     ap_none|               x_18_val|        scalar|
|x_23_val   |   in|   18|     ap_none|               x_23_val|        scalar|
|x_25_val   |   in|   18|     ap_none|               x_25_val|        scalar|
|x_27_val   |   in|   18|     ap_none|               x_27_val|        scalar|
|x_29_val   |   in|   18|     ap_none|               x_29_val|        scalar|
|x_30_val   |   in|   18|     ap_none|               x_30_val|        scalar|
|x_33_val   |   in|   18|     ap_none|               x_33_val|        scalar|
|x_36_val   |   in|   18|     ap_none|               x_36_val|        scalar|
|x_37_val   |   in|   18|     ap_none|               x_37_val|        scalar|
|x_39_val   |   in|   18|     ap_none|               x_39_val|        scalar|
|x_44_val   |   in|   18|     ap_none|               x_44_val|        scalar|
|x_45_val   |   in|   18|     ap_none|               x_45_val|        scalar|
|x_47_val   |   in|   18|     ap_none|               x_47_val|        scalar|
|x_48_val   |   in|   18|     ap_none|               x_48_val|        scalar|
|x_49_val   |   in|   18|     ap_none|               x_49_val|        scalar|
|x_50_val   |   in|   18|     ap_none|               x_50_val|        scalar|
+-----------+-----+-----+------------+-----------------------+--------------+

