

================================================================
== Vitis HLS Report for 'decision_function_115'
================================================================
* Date:           Thu Jan 23 13:42:12 2025

* Version:        2024.1 (Build 5069499 on May 21 2024)
* Project:        my_prj
* Solution:       solution1 (Vivado IP Flow Target)
* Product family: virtexuplus
* Target device:  xcu250-figd2104-2L-e


================================================================
== Performance Estimates
================================================================
+ Timing: 
    * Summary: 
    +--------+---------+----------+------------+
    |  Clock |  Target | Estimated| Uncertainty|
    +--------+---------+----------+------------+
    |ap_clk  |  5.00 ns|  3.123 ns|     1.35 ns|
    +--------+---------+----------+------------+

+ Latency: 
    * Summary: 
    +---------+---------+----------+----------+-----+-----+---------+
    |  Latency (cycles) |  Latency (absolute) |  Interval | Pipeline|
    |   min   |   max   |    min   |    max   | min | max |   Type  |
    +---------+---------+----------+----------+-----+-----+---------+
    |        1|        1|  5.000 ns|  5.000 ns|    1|    1|      yes|
    +---------+---------+----------+----------+-----+-----+---------+

    + Detail: 
        * Instance: 
        N/A

        * Loop: 
        N/A



================================================================
== Utilization Estimates
================================================================
* Summary: 
+---------------------+---------+-------+---------+---------+------+
|         Name        | BRAM_18K|  DSP  |    FF   |   LUT   | URAM |
+---------------------+---------+-------+---------+---------+------+
|DSP                  |        -|      -|        -|        -|     -|
|Expression           |        -|      -|        0|      730|     -|
|FIFO                 |        -|      -|        -|        -|     -|
|Instance             |        -|      -|        0|      129|     -|
|Memory               |        -|      -|        -|        -|     -|
|Multiplexer          |        -|      -|        -|        -|     -|
|Register             |        -|      -|       16|        -|     -|
+---------------------+---------+-------+---------+---------+------+
|Total                |        0|      0|       16|      859|     0|
+---------------------+---------+-------+---------+---------+------+
|Available SLR        |     1344|   3072|   864000|   432000|   320|
+---------------------+---------+-------+---------+---------+------+
|Utilization SLR (%)  |        0|      0|       ~0|       ~0|     0|
+---------------------+---------+-------+---------+---------+------+
|Available            |     5376|  12288|  3456000|  1728000|  1280|
+---------------------+---------+-------+---------+---------+------+
|Utilization (%)      |        0|      0|       ~0|       ~0|     0|
+---------------------+---------+-------+---------+---------+------+

+ Detail: 
    * Instance: 
    +--------------------------------+--------------------------+---------+----+---+-----+-----+
    |            Instance            |          Module          | BRAM_18K| DSP| FF| LUT | URAM|
    +--------------------------------+--------------------------+---------+----+---+-----+-----+
    |sparsemux_53_5_12_1_1_x1_U2233  |sparsemux_53_5_12_1_1_x1  |        0|   0|  0|  129|    0|
    +--------------------------------+--------------------------+---------+----+---+-----+-----+
    |Total                           |                          |        0|   0|  0|  129|    0|
    +--------------------------------+--------------------------+---------+----+---+-----+-----+

    * DSP: 
    N/A

    * Memory: 
    N/A

    * FIFO: 
    N/A

    * Expression: 
    +-----------------------------+----------+----+---+----+------------+------------+
    |        Variable Name        | Operation| DSP| FF| LUT| Bitwidth P0| Bitwidth P1|
    +-----------------------------+----------+----+---+----+------------+------------+
    |and_ln102_1802_fu_466_p2     |       and|   0|  0|   2|           1|           1|
    |and_ln102_1803_fu_484_p2     |       and|   0|  0|   2|           1|           1|
    |and_ln102_1804_fu_502_p2     |       and|   0|  0|   2|           1|           1|
    |and_ln102_1805_fu_520_p2     |       and|   0|  0|   2|           1|           1|
    |and_ln102_1806_fu_532_p2     |       and|   0|  0|   2|           1|           1|
    |and_ln102_1807_fu_544_p2     |       and|   0|  0|   2|           1|           1|
    |and_ln102_1808_fu_814_p2     |       and|   0|  0|   2|           1|           1|
    |and_ln102_1809_fu_823_p2     |       and|   0|  0|   2|           1|           1|
    |and_ln102_1810_fu_556_p2     |       and|   0|  0|   2|           1|           1|
    |and_ln102_1811_fu_562_p2     |       and|   0|  0|   2|           1|           1|
    |and_ln102_1812_fu_568_p2     |       and|   0|  0|   2|           1|           1|
    |and_ln102_1813_fu_574_p2     |       and|   0|  0|   2|           1|           1|
    |and_ln102_1814_fu_580_p2     |       and|   0|  0|   2|           1|           1|
    |and_ln102_1815_fu_586_p2     |       and|   0|  0|   2|           1|           1|
    |and_ln102_1816_fu_592_p2     |       and|   0|  0|   2|           1|           1|
    |and_ln102_1817_fu_598_p2     |       and|   0|  0|   2|           1|           1|
    |and_ln102_1818_fu_604_p2     |       and|   0|  0|   2|           1|           1|
    |and_ln102_1819_fu_610_p2     |       and|   0|  0|   2|           1|           1|
    |and_ln102_1820_fu_832_p2     |       and|   0|  0|   2|           1|           1|
    |and_ln102_1821_fu_837_p2     |       and|   0|  0|   2|           1|           1|
    |and_ln102_1822_fu_842_p2     |       and|   0|  0|   2|           1|           1|
    |and_ln102_1823_fu_847_p2     |       and|   0|  0|   2|           1|           1|
    |and_ln102_1824_fu_852_p2     |       and|   0|  0|   2|           1|           1|
    |and_ln102_1825_fu_857_p2     |       and|   0|  0|   2|           1|           1|
    |and_ln102_fu_448_p2          |       and|   0|  0|   2|           1|           1|
    |and_ln104_307_fu_478_p2      |       and|   0|  0|   2|           1|           1|
    |and_ln104_308_fu_496_p2      |       and|   0|  0|   2|           1|           1|
    |and_ln104_309_fu_514_p2      |       and|   0|  0|   2|           1|           1|
    |and_ln104_fu_460_p2          |       and|   0|  0|   2|           1|           1|
    |icmp_ln86_1624_fu_322_p2     |      icmp|   0|  0|  25|          18|          15|
    |icmp_ln86_1625_fu_328_p2     |      icmp|   0|  0|  25|          18|          18|
    |icmp_ln86_1626_fu_334_p2     |      icmp|   0|  0|  25|          18|          18|
    |icmp_ln86_1627_fu_340_p2     |      icmp|   0|  0|  25|          18|           7|
    |icmp_ln86_1628_fu_346_p2     |      icmp|   0|  0|  25|          18|           9|
    |icmp_ln86_1629_fu_352_p2     |      icmp|   0|  0|  25|          18|           8|
    |icmp_ln86_1630_fu_358_p2     |      icmp|   0|  0|  25|          18|          18|
    |icmp_ln86_1631_fu_364_p2     |      icmp|   0|  0|  25|          18|          13|
    |icmp_ln86_1632_fu_370_p2     |      icmp|   0|  0|  25|          18|          10|
    |icmp_ln86_1633_fu_376_p2     |      icmp|   0|  0|  25|          18|          14|
    |icmp_ln86_1634_fu_382_p2     |      icmp|   0|  0|  25|          18|           5|
    |icmp_ln86_1635_fu_388_p2     |      icmp|   0|  0|  25|          18|          18|
    |icmp_ln86_1636_fu_394_p2     |      icmp|   0|  0|  25|          18|          10|
    |icmp_ln86_1637_fu_400_p2     |      icmp|   0|  0|  25|          18|           1|
    |icmp_ln86_1638_fu_406_p2     |      icmp|   0|  0|  25|          18|          17|
    |icmp_ln86_1639_fu_412_p2     |      icmp|   0|  0|  25|          18|          13|
    |icmp_ln86_1640_fu_418_p2     |      icmp|   0|  0|  25|          18|           5|
    |icmp_ln86_1641_fu_424_p2     |      icmp|   0|  0|  25|          18|          12|
    |icmp_ln86_1642_fu_430_p2     |      icmp|   0|  0|  25|          18|           1|
    |icmp_ln86_1643_fu_436_p2     |      icmp|   0|  0|  25|          18|          12|
    |icmp_ln86_fu_316_p2          |      icmp|   0|  0|  25|          18|           9|
    |or_ln117_1465_fu_642_p2      |        or|   0|  0|   2|           1|           1|
    |or_ln117_1466_fu_656_p2      |        or|   0|  0|   2|           1|           1|
    |or_ln117_1467_fu_670_p2      |        or|   0|  0|   2|           1|           1|
    |or_ln117_1468_fu_684_p2      |        or|   0|  0|   2|           1|           1|
    |or_ln117_1469_fu_702_p2      |        or|   0|  0|   2|           1|           1|
    |or_ln117_1470_fu_716_p2      |        or|   0|  0|   2|           1|           1|
    |or_ln117_1471_fu_730_p2      |        or|   0|  0|   2|           1|           1|
    |or_ln117_1472_fu_744_p2      |        or|   0|  0|   2|           1|           1|
    |or_ln117_1473_fu_758_p2      |        or|   0|  0|   2|           1|           1|
    |or_ln117_1474_fu_772_p2      |        or|   0|  0|   2|           1|           1|
    |or_ln117_1475_fu_786_p2      |        or|   0|  0|   2|           1|           1|
    |or_ln117_1476_fu_862_p2      |        or|   0|  0|   2|           1|           1|
    |or_ln117_1477_fu_870_p2      |        or|   0|  0|   2|           1|           1|
    |or_ln117_1478_fu_883_p2      |        or|   0|  0|   2|           1|           1|
    |or_ln117_1479_fu_808_p2      |        or|   0|  0|   2|           1|           1|
    |or_ln117_1480_fu_905_p2      |        or|   0|  0|   2|           1|           1|
    |or_ln117_1481_fu_917_p2      |        or|   0|  0|   2|           1|           1|
    |or_ln117_1482_fu_930_p2      |        or|   0|  0|   2|           1|           1|
    |or_ln117_fu_624_p2           |        or|   0|  0|   2|           1|           1|
    |agg_result_fu_952_p54        |    select|   0|  0|   5|           1|           5|
    |select_ln117_1574_fu_630_p3  |    select|   0|  0|   2|           1|           2|
    |select_ln117_1575_fu_648_p3  |    select|   0|  0|   4|           1|           3|
    |select_ln117_1576_fu_662_p3  |    select|   0|  0|   3|           1|           3|
    |select_ln117_1577_fu_676_p3  |    select|   0|  0|   3|           1|           3|
    |select_ln117_1578_fu_690_p3  |    select|   0|  0|   3|           1|           3|
    |select_ln117_1579_fu_708_p3  |    select|   0|  0|   5|           1|           4|
    |select_ln117_1580_fu_722_p3  |    select|   0|  0|   4|           1|           4|
    |select_ln117_1581_fu_736_p3  |    select|   0|  0|   4|           1|           4|
    |select_ln117_1582_fu_750_p3  |    select|   0|  0|   4|           1|           4|
    |select_ln117_1583_fu_764_p3  |    select|   0|  0|   4|           1|           4|
    |select_ln117_1584_fu_778_p3  |    select|   0|  0|   4|           1|           4|
    |select_ln117_1585_fu_792_p3  |    select|   0|  0|   4|           1|           4|
    |select_ln117_1586_fu_800_p3  |    select|   0|  0|   4|           1|           4|
    |select_ln117_1587_fu_875_p3  |    select|   0|  0|   6|           1|           5|
    |select_ln117_1588_fu_889_p3  |    select|   0|  0|   5|           1|           5|
    |select_ln117_1589_fu_897_p3  |    select|   0|  0|   5|           1|           5|
    |select_ln117_1590_fu_910_p3  |    select|   0|  0|   5|           1|           5|
    |select_ln117_1591_fu_922_p3  |    select|   0|  0|   5|           1|           5|
    |select_ln117_1592_fu_936_p3  |    select|   0|  0|   5|           1|           5|
    |select_ln117_fu_616_p3       |    select|   0|  0|   3|           1|           1|
    |ap_enable_pp0                |       xor|   0|  0|   2|           1|           2|
    |xor_ln104_777_fu_454_p2      |       xor|   0|  0|   2|           1|           2|
    |xor_ln104_778_fu_472_p2      |       xor|   0|  0|   2|           1|           2|
    |xor_ln104_779_fu_490_p2      |       xor|   0|  0|   2|           1|           2|
    |xor_ln104_780_fu_508_p2      |       xor|   0|  0|   2|           1|           2|
    |xor_ln104_781_fu_526_p2      |       xor|   0|  0|   2|           1|           2|
    |xor_ln104_782_fu_538_p2      |       xor|   0|  0|   2|           1|           2|
    |xor_ln104_783_fu_550_p2      |       xor|   0|  0|   2|           1|           2|
    |xor_ln104_784_fu_818_p2      |       xor|   0|  0|   2|           1|           2|
    |xor_ln104_785_fu_827_p2      |       xor|   0|  0|   2|           1|           2|
    |xor_ln104_fu_442_p2          |       xor|   0|  0|   2|           1|           2|
    +-----------------------------+----------+----+---+----+------------+------------+
    |Total                        |          |   0|  0| 730|         458|         385|
    +-----------------------------+----------+----+---+----+------------+------------+

    * Multiplexer: 
    N/A

    * Register: 
    +----------------------------+---+----+-----+-----------+
    |            Name            | FF| LUT| Bits| Const Bits|
    +----------------------------+---+----+-----+-----------+
    |and_ln102_1804_reg_1102     |  1|   0|    1|          0|
    |and_ln104_308_reg_1096      |  1|   0|    1|          0|
    |ap_CS_fsm                   |  1|   0|    1|          0|
    |ap_enable_reg_pp0_iter1     |  1|   0|    1|          0|
    |icmp_ln86_1631_reg_1064     |  1|   0|    1|          0|
    |icmp_ln86_1632_reg_1070     |  1|   0|    1|          0|
    |icmp_ln86_1640_reg_1076     |  1|   0|    1|          0|
    |icmp_ln86_1641_reg_1081     |  1|   0|    1|          0|
    |icmp_ln86_1642_reg_1086     |  1|   0|    1|          0|
    |icmp_ln86_1643_reg_1091     |  1|   0|    1|          0|
    |or_ln117_1475_reg_1108      |  1|   0|    1|          0|
    |or_ln117_1479_reg_1119      |  1|   0|    1|          0|
    |select_ln117_1586_reg_1114  |  4|   0|    4|          0|
    +----------------------------+---+----+-----+-----------+
    |Total                       | 16|   0|   16|          0|
    +----------------------------+---+----+-----+-----------+



================================================================
== Interface
================================================================
* Summary: 
+-----------+-----+-----+------------+-----------------------+--------------+
| RTL Ports | Dir | Bits|  Protocol  |     Source Object     |    C Type    |
+-----------+-----+-----+------------+-----------------------+--------------+
|ap_clk     |   in|    1|  ap_ctrl_hs|  decision_function.115|  return value|
|ap_rst     |   in|    1|  ap_ctrl_hs|  decision_function.115|  return value|
|ap_start   |   in|    1|  ap_ctrl_hs|  decision_function.115|  return value|
|ap_done    |  out|    1|  ap_ctrl_hs|  decision_function.115|  return value|
|ap_idle    |  out|    1|  ap_ctrl_hs|  decision_function.115|  return value|
|ap_ready   |  out|    1|  ap_ctrl_hs|  decision_function.115|  return value|
|ap_return  |  out|   12|  ap_ctrl_hs|  decision_function.115|  return value|
|x_1_val    |   in|   18|     ap_none|                x_1_val|        scalar|
|x_3_val    |   in|   18|     ap_none|                x_3_val|        scalar|
|x_9_val    |   in|   18|     ap_none|                x_9_val|        scalar|
|x_10_val   |   in|   18|     ap_none|               x_10_val|        scalar|
|x_15_val   |   in|   18|     ap_none|               x_15_val|        scalar|
|x_17_val   |   in|   18|     ap_none|               x_17_val|        scalar|
|x_18_val   |   in|   18|     ap_none|               x_18_val|        scalar|
|x_19_val   |   in|   18|     ap_none|               x_19_val|        scalar|
|x_25_val   |   in|   18|     ap_none|               x_25_val|        scalar|
|x_28_val   |   in|   18|     ap_none|               x_28_val|        scalar|
|x_33_val   |   in|   18|     ap_none|               x_33_val|        scalar|
|x_35_val   |   in|   18|     ap_none|               x_35_val|        scalar|
|x_38_val   |   in|   18|     ap_none|               x_38_val|        scalar|
|x_39_val   |   in|   18|     ap_none|               x_39_val|        scalar|
|x_40_val   |   in|   18|     ap_none|               x_40_val|        scalar|
|x_52_val   |   in|   18|     ap_none|               x_52_val|        scalar|
+-----------+-----+-----+------------+-----------------------+--------------+

