

================================================================
== Vitis HLS Report for 'decision_function_56'
================================================================
* Date:           Thu Jan 23 13:41:33 2025

* Version:        2024.1 (Build 5069499 on May 21 2024)
* Project:        my_prj
* Solution:       solution1 (Vivado IP Flow Target)
* Product family: virtexuplus
* Target device:  xcu250-figd2104-2L-e


================================================================
== Performance Estimates
================================================================
+ Timing: 
    * Summary: 
    +--------+---------+----------+------------+
    |  Clock |  Target | Estimated| Uncertainty|
    +--------+---------+----------+------------+
    |ap_clk  |  5.00 ns|  3.645 ns|     1.35 ns|
    +--------+---------+----------+------------+

+ Latency: 
    * Summary: 
    +---------+---------+----------+----------+-----+-----+---------+
    |  Latency (cycles) |  Latency (absolute) |  Interval | Pipeline|
    |   min   |   max   |    min   |    max   | min | max |   Type  |
    +---------+---------+----------+----------+-----+-----+---------+
    |        1|        1|  5.000 ns|  5.000 ns|    1|    1|      yes|
    +---------+---------+----------+----------+-----+-----+---------+

    + Detail: 
        * Instance: 
        N/A

        * Loop: 
        N/A



================================================================
== Utilization Estimates
================================================================
* Summary: 
+---------------------+---------+-------+---------+---------+------+
|         Name        | BRAM_18K|  DSP  |    FF   |   LUT   | URAM |
+---------------------+---------+-------+---------+---------+------+
|DSP                  |        -|      -|        -|        -|     -|
|Expression           |        -|      -|        0|     1038|     -|
|FIFO                 |        -|      -|        -|        -|     -|
|Instance             |        -|      -|        0|      145|     -|
|Memory               |        -|      -|        -|        -|     -|
|Multiplexer          |        -|      -|        -|        -|     -|
|Register             |        -|      -|       25|        -|     -|
+---------------------+---------+-------+---------+---------+------+
|Total                |        0|      0|       25|     1183|     0|
+---------------------+---------+-------+---------+---------+------+
|Available SLR        |     1344|   3072|   864000|   432000|   320|
+---------------------+---------+-------+---------+---------+------+
|Utilization SLR (%)  |        0|      0|       ~0|       ~0|     0|
+---------------------+---------+-------+---------+---------+------+
|Available            |     5376|  12288|  3456000|  1728000|  1280|
+---------------------+---------+-------+---------+---------+------+
|Utilization (%)      |        0|      0|       ~0|       ~0|     0|
+---------------------+---------+-------+---------+---------+------+

+ Detail: 
    * Instance: 
    +-------------------------------+--------------------------+---------+----+---+-----+-----+
    |            Instance           |          Module          | BRAM_18K| DSP| FF| LUT | URAM|
    +-------------------------------+--------------------------+---------+----+---+-----+-----+
    |sparsemux_61_5_13_1_1_x0_U998  |sparsemux_61_5_13_1_1_x0  |        0|   0|  0|  145|    0|
    +-------------------------------+--------------------------+---------+----+---+-----+-----+
    |Total                          |                          |        0|   0|  0|  145|    0|
    +-------------------------------+--------------------------+---------+----+---+-----+-----+

    * DSP: 
    N/A

    * Memory: 
    N/A

    * FIFO: 
    N/A

    * Expression: 
    +------------------------------+----------+----+---+----+------------+------------+
    |         Variable Name        | Operation| DSP| FF| LUT| Bitwidth P0| Bitwidth P1|
    +------------------------------+----------+----+---+----+------------+------------+
    |and_ln102_1445_fu_590_p2      |       and|   0|  0|   2|           1|           1|
    |and_ln102_1446_fu_608_p2      |       and|   0|  0|   2|           1|           1|
    |and_ln102_1447_fu_626_p2      |       and|   0|  0|   2|           1|           1|
    |and_ln102_1448_fu_988_p2      |       and|   0|  0|   2|           1|           1|
    |and_ln102_1449_fu_644_p2      |       and|   0|  0|   2|           1|           1|
    |and_ln102_1451_fu_674_p2      |       and|   0|  0|   2|           1|           1|
    |and_ln102_1452_fu_686_p2      |       and|   0|  0|   2|           1|           1|
    |and_ln102_1453_fu_698_p2      |       and|   0|  0|   2|           1|           1|
    |and_ln102_1454_fu_1007_p2     |       and|   0|  0|   2|           1|           1|
    |and_ln102_1455_fu_1017_p2     |       and|   0|  0|   2|           1|           1|
    |and_ln102_1456_fu_704_p2      |       and|   0|  0|   2|           1|           1|
    |and_ln102_1457_fu_1027_p2     |       and|   0|  0|   2|           1|           1|
    |and_ln102_1458_fu_728_p2      |       and|   0|  0|   2|           1|           1|
    |and_ln102_1459_fu_734_p2      |       and|   0|  0|   2|           1|           1|
    |and_ln102_1460_fu_746_p2      |       and|   0|  0|   2|           1|           1|
    |and_ln102_1461_fu_752_p2      |       and|   0|  0|   2|           1|           1|
    |and_ln102_1462_fu_764_p2      |       and|   0|  0|   2|           1|           1|
    |and_ln102_1463_fu_770_p2      |       and|   0|  0|   2|           1|           1|
    |and_ln102_1464_fu_1041_p2     |       and|   0|  0|   2|           1|           1|
    |and_ln102_1465_fu_1046_p2     |       and|   0|  0|   2|           1|           1|
    |and_ln102_1466_fu_1056_p2     |       and|   0|  0|   2|           1|           1|
    |and_ln102_1467_fu_1062_p2     |       and|   0|  0|   2|           1|           1|
    |and_ln102_1468_fu_1072_p2     |       and|   0|  0|   2|           1|           1|
    |and_ln102_1469_fu_1078_p2     |       and|   0|  0|   2|           1|           1|
    |and_ln102_1470_fu_1082_p2     |       and|   0|  0|   2|           1|           1|
    |and_ln102_1471_fu_1092_p2     |       and|   0|  0|   2|           1|           1|
    |and_ln102_1472_fu_722_p2      |       and|   0|  0|   2|           1|           1|
    |and_ln102_1473_fu_740_p2      |       and|   0|  0|   2|           1|           1|
    |and_ln102_1474_fu_758_p2      |       and|   0|  0|   2|           1|           1|
    |and_ln102_1475_fu_1036_p2     |       and|   0|  0|   2|           1|           1|
    |and_ln102_1476_fu_1051_p2     |       and|   0|  0|   2|           1|           1|
    |and_ln102_1477_fu_1067_p2     |       and|   0|  0|   2|           1|           1|
    |and_ln102_1478_fu_1087_p2     |       and|   0|  0|   2|           1|           1|
    |and_ln102_fu_572_p2           |       and|   0|  0|   2|           1|           1|
    |and_ln104_223_fu_602_p2       |       and|   0|  0|   2|           1|           1|
    |and_ln104_224_fu_620_p2       |       and|   0|  0|   2|           1|           1|
    |and_ln104_225_fu_638_p2       |       and|   0|  0|   2|           1|           1|
    |and_ln104_226_fu_997_p2       |       and|   0|  0|   2|           1|           1|
    |and_ln104_227_fu_656_p2       |       and|   0|  0|   2|           1|           1|
    |and_ln104_228_fu_668_p2       |       and|   0|  0|   2|           1|           1|
    |and_ln104_229_fu_716_p2       |       and|   0|  0|   2|           1|           1|
    |and_ln104_fu_584_p2           |       and|   0|  0|   2|           1|           1|
    |icmp_ln86_1239_fu_398_p2      |      icmp|   0|  0|  25|          18|          11|
    |icmp_ln86_1240_fu_404_p2      |      icmp|   0|  0|  25|          18|          17|
    |icmp_ln86_1241_fu_410_p2      |      icmp|   0|  0|  25|          18|           6|
    |icmp_ln86_1242_fu_416_p2      |      icmp|   0|  0|  25|          18|          11|
    |icmp_ln86_1243_fu_422_p2      |      icmp|   0|  0|  25|          18|          17|
    |icmp_ln86_1244_fu_428_p2      |      icmp|   0|  0|  25|          18|          17|
    |icmp_ln86_1245_fu_434_p2      |      icmp|   0|  0|  25|          18|           9|
    |icmp_ln86_1246_fu_440_p2      |      icmp|   0|  0|  25|          18|          12|
    |icmp_ln86_1247_fu_446_p2      |      icmp|   0|  0|  25|          18|           6|
    |icmp_ln86_1248_fu_452_p2      |      icmp|   0|  0|  25|          18|          10|
    |icmp_ln86_1249_fu_458_p2      |      icmp|   0|  0|  25|          18|          18|
    |icmp_ln86_1250_fu_464_p2      |      icmp|   0|  0|  25|          18|          16|
    |icmp_ln86_1251_fu_470_p2      |      icmp|   0|  0|  25|          18|          17|
    |icmp_ln86_1252_fu_476_p2      |      icmp|   0|  0|  25|          18|          12|
    |icmp_ln86_1253_fu_482_p2      |      icmp|   0|  0|  25|          18|           7|
    |icmp_ln86_1254_fu_488_p2      |      icmp|   0|  0|  25|          18|           1|
    |icmp_ln86_1255_fu_494_p2      |      icmp|   0|  0|  25|          18|          13|
    |icmp_ln86_1256_fu_500_p2      |      icmp|   0|  0|  25|          18|          13|
    |icmp_ln86_1257_fu_506_p2      |      icmp|   0|  0|  25|          18|          17|
    |icmp_ln86_1258_fu_512_p2      |      icmp|   0|  0|  25|          18|           8|
    |icmp_ln86_1259_fu_518_p2      |      icmp|   0|  0|  25|          18|          14|
    |icmp_ln86_1260_fu_524_p2      |      icmp|   0|  0|  25|          18|          17|
    |icmp_ln86_1261_fu_530_p2      |      icmp|   0|  0|  25|          18|          13|
    |icmp_ln86_1262_fu_536_p2      |      icmp|   0|  0|  25|          18|          10|
    |icmp_ln86_1263_fu_542_p2      |      icmp|   0|  0|  25|          18|          10|
    |icmp_ln86_1264_fu_548_p2      |      icmp|   0|  0|  25|          18|          10|
    |icmp_ln86_1265_fu_554_p2      |      icmp|   0|  0|  25|          18|           4|
    |icmp_ln86_1266_fu_560_p2      |      icmp|   0|  0|  25|          18|          17|
    |icmp_ln86_fu_392_p2           |      icmp|   0|  0|  25|          18|           8|
    |or_ln117_1094_fu_788_p2       |        or|   0|  0|   2|           1|           1|
    |or_ln117_1095_fu_798_p2       |        or|   0|  0|   2|           1|           1|
    |or_ln117_1096_fu_812_p2       |        or|   0|  0|   2|           1|           1|
    |or_ln117_1097_fu_830_p2       |        or|   0|  0|   2|           1|           1|
    |or_ln117_1098_fu_844_p2       |        or|   0|  0|   2|           1|           1|
    |or_ln117_1099_fu_858_p2       |        or|   0|  0|   2|           1|           1|
    |or_ln117_1100_fu_872_p2       |        or|   0|  0|   2|           1|           1|
    |or_ln117_1101_fu_890_p2       |        or|   0|  0|   2|           1|           1|
    |or_ln117_1102_fu_904_p2       |        or|   0|  0|   2|           1|           1|
    |or_ln117_1103_fu_918_p2       |        or|   0|  0|   2|           1|           1|
    |or_ln117_1104_fu_932_p2       |        or|   0|  0|   2|           1|           1|
    |or_ln117_1105_fu_946_p2       |        or|   0|  0|   2|           1|           1|
    |or_ln117_1106_fu_960_p2       |        or|   0|  0|   2|           1|           1|
    |or_ln117_1107_fu_1097_p2      |        or|   0|  0|   2|           1|           1|
    |or_ln117_1108_fu_982_p2       |        or|   0|  0|   2|           1|           1|
    |or_ln117_1109_fu_1113_p2      |        or|   0|  0|   2|           1|           1|
    |or_ln117_1110_fu_1125_p2      |        or|   0|  0|   2|           1|           1|
    |or_ln117_1111_fu_1138_p2      |        or|   0|  0|   2|           1|           1|
    |or_ln117_1112_fu_1152_p2      |        or|   0|  0|   2|           1|           1|
    |or_ln117_1113_fu_1165_p2      |        or|   0|  0|   2|           1|           1|
    |or_ln117_1114_fu_1179_p2      |        or|   0|  0|   2|           1|           1|
    |or_ln117_1115_fu_1193_p2      |        or|   0|  0|   2|           1|           1|
    |or_ln117_1116_fu_1207_p2      |        or|   0|  0|   2|           1|           1|
    |or_ln117_1117_fu_1219_p2      |        or|   0|  0|   2|           1|           1|
    |or_ln117_1118_fu_1233_p2      |        or|   0|  0|   2|           1|           1|
    |or_ln117_1119_fu_1246_p2      |        or|   0|  0|   2|           1|           1|
    |or_ln117_1120_fu_1260_p2      |        or|   0|  0|   2|           1|           1|
    |or_ln117_1121_fu_1274_p2      |        or|   0|  0|   2|           1|           1|
    |or_ln117_1122_fu_1288_p2      |        or|   0|  0|   2|           1|           1|
    |or_ln117_fu_776_p2            |        or|   0|  0|   2|           1|           1|
    |ap_return                     |    select|   0|  0|  13|           1|          13|
    |select_ln117_1198_fu_818_p3   |    select|   0|  0|   2|           1|           2|
    |select_ln117_1199_fu_836_p3   |    select|   0|  0|   4|           1|           3|
    |select_ln117_1200_fu_850_p3   |    select|   0|  0|   3|           1|           3|
    |select_ln117_1201_fu_864_p3   |    select|   0|  0|   3|           1|           3|
    |select_ln117_1202_fu_878_p3   |    select|   0|  0|   3|           1|           3|
    |select_ln117_1203_fu_896_p3   |    select|   0|  0|   5|           1|           4|
    |select_ln117_1204_fu_910_p3   |    select|   0|  0|   4|           1|           4|
    |select_ln117_1205_fu_924_p3   |    select|   0|  0|   4|           1|           4|
    |select_ln117_1206_fu_938_p3   |    select|   0|  0|   4|           1|           4|
    |select_ln117_1207_fu_952_p3   |    select|   0|  0|   4|           1|           4|
    |select_ln117_1208_fu_966_p3   |    select|   0|  0|   4|           1|           4|
    |select_ln117_1209_fu_974_p3   |    select|   0|  0|   4|           1|           4|
    |select_ln117_1210_fu_1102_p3  |    select|   0|  0|   4|           1|           4|
    |select_ln117_1211_fu_1118_p3  |    select|   0|  0|   6|           1|           5|
    |select_ln117_1212_fu_1130_p3  |    select|   0|  0|   5|           1|           5|
    |select_ln117_1213_fu_1144_p3  |    select|   0|  0|   5|           1|           5|
    |select_ln117_1214_fu_1157_p3  |    select|   0|  0|   5|           1|           5|
    |select_ln117_1215_fu_1171_p3  |    select|   0|  0|   5|           1|           5|
    |select_ln117_1216_fu_1185_p3  |    select|   0|  0|   5|           1|           5|
    |select_ln117_1217_fu_1199_p3  |    select|   0|  0|   5|           1|           5|
    |select_ln117_1218_fu_1211_p3  |    select|   0|  0|   5|           1|           5|
    |select_ln117_1219_fu_1225_p3  |    select|   0|  0|   5|           1|           5|
    |select_ln117_1220_fu_1238_p3  |    select|   0|  0|   5|           1|           5|
    |select_ln117_1221_fu_1252_p3  |    select|   0|  0|   5|           1|           5|
    |select_ln117_1222_fu_1266_p3  |    select|   0|  0|   5|           1|           5|
    |select_ln117_1223_fu_1280_p3  |    select|   0|  0|   5|           1|           5|
    |select_ln117_fu_804_p3        |    select|   0|  0|   3|           1|           2|
    |tmp_fu_1301_p62               |    select|   0|  0|   5|           1|           5|
    |ap_enable_pp0                 |       xor|   0|  0|   2|           1|           2|
    |xor_ln104_586_fu_578_p2       |       xor|   0|  0|   2|           1|           2|
    |xor_ln104_587_fu_596_p2       |       xor|   0|  0|   2|           1|           2|
    |xor_ln104_588_fu_614_p2       |       xor|   0|  0|   2|           1|           2|
    |xor_ln104_589_fu_632_p2       |       xor|   0|  0|   2|           1|           2|
    |xor_ln104_590_fu_992_p2       |       xor|   0|  0|   2|           1|           2|
    |xor_ln104_591_fu_650_p2       |       xor|   0|  0|   2|           1|           2|
    |xor_ln104_592_fu_662_p2       |       xor|   0|  0|   2|           1|           2|
    |xor_ln104_593_fu_680_p2       |       xor|   0|  0|   2|           1|           2|
    |xor_ln104_594_fu_692_p2       |       xor|   0|  0|   2|           1|           2|
    |xor_ln104_595_fu_1002_p2      |       xor|   0|  0|   2|           1|           2|
    |xor_ln104_596_fu_1012_p2      |       xor|   0|  0|   2|           1|           2|
    |xor_ln104_597_fu_1022_p2      |       xor|   0|  0|   2|           1|           2|
    |xor_ln104_598_fu_710_p2       |       xor|   0|  0|   2|           1|           2|
    |xor_ln104_599_fu_1031_p2      |       xor|   0|  0|   2|           1|           2|
    |xor_ln104_fu_566_p2           |       xor|   0|  0|   2|           1|           2|
    |xor_ln117_fu_782_p2           |       xor|   0|  0|   2|           2|           1|
    +------------------------------+----------+----+---+----+------------+------------+
    |Total                         |          |   0|  0|1038|         641|         577|
    +------------------------------+----------+----+---+----+------------+------------+

    * Multiplexer: 
    N/A

    * Register: 
    +----------------------------+---+----+-----+-----------+
    |            Name            | FF| LUT| Bits| Const Bits|
    +----------------------------+---+----+-----+-----------+
    |and_ln102_1445_reg_1506     |  1|   0|    1|          0|
    |and_ln102_1456_reg_1525     |  1|   0|    1|          0|
    |and_ln104_225_reg_1513      |  1|   0|    1|          0|
    |and_ln104_227_reg_1518      |  1|   0|    1|          0|
    |ap_CS_fsm                   |  1|   0|    1|          0|
    |ap_enable_reg_pp0_iter1     |  1|   0|    1|          0|
    |icmp_ln86_1243_reg_1437     |  1|   0|    1|          0|
    |icmp_ln86_1248_reg_1443     |  1|   0|    1|          0|
    |icmp_ln86_1249_reg_1448     |  1|   0|    1|          0|
    |icmp_ln86_1250_reg_1454     |  1|   0|    1|          0|
    |icmp_ln86_1252_reg_1460     |  1|   0|    1|          0|
    |icmp_ln86_1259_reg_1466     |  1|   0|    1|          0|
    |icmp_ln86_1260_reg_1471     |  1|   0|    1|          0|
    |icmp_ln86_1261_reg_1476     |  1|   0|    1|          0|
    |icmp_ln86_1262_reg_1481     |  1|   0|    1|          0|
    |icmp_ln86_1263_reg_1486     |  1|   0|    1|          0|
    |icmp_ln86_1264_reg_1491     |  1|   0|    1|          0|
    |icmp_ln86_1265_reg_1496     |  1|   0|    1|          0|
    |icmp_ln86_1266_reg_1501     |  1|   0|    1|          0|
    |or_ln117_1106_reg_1531      |  1|   0|    1|          0|
    |or_ln117_1108_reg_1541      |  1|   0|    1|          0|
    |select_ln117_1209_reg_1536  |  4|   0|    4|          0|
    +----------------------------+---+----+-----+-----------+
    |Total                       | 25|   0|   25|          0|
    +----------------------------+---+----+-----+-----------+



================================================================
== Interface
================================================================
* Summary: 
+-----------+-----+-----+------------+----------------------+--------------+
| RTL Ports | Dir | Bits|  Protocol  |     Source Object    |    C Type    |
+-----------+-----+-----+------------+----------------------+--------------+
|ap_clk     |   in|    1|  ap_ctrl_hs|  decision_function.56|  return value|
|ap_rst     |   in|    1|  ap_ctrl_hs|  decision_function.56|  return value|
|ap_start   |   in|    1|  ap_ctrl_hs|  decision_function.56|  return value|
|ap_done    |  out|    1|  ap_ctrl_hs|  decision_function.56|  return value|
|ap_idle    |  out|    1|  ap_ctrl_hs|  decision_function.56|  return value|
|ap_ready   |  out|    1|  ap_ctrl_hs|  decision_function.56|  return value|
|ap_return  |  out|   13|  ap_ctrl_hs|  decision_function.56|  return value|
|x_1_val    |   in|   18|     ap_none|               x_1_val|        scalar|
|x_3_val    |   in|   18|     ap_none|               x_3_val|        scalar|
|x_4_val    |   in|   18|     ap_none|               x_4_val|        scalar|
|x_6_val    |   in|   18|     ap_none|               x_6_val|        scalar|
|x_7_val    |   in|   18|     ap_none|               x_7_val|        scalar|
|x_9_val    |   in|   18|     ap_none|               x_9_val|        scalar|
|x_11_val   |   in|   18|     ap_none|              x_11_val|        scalar|
|x_12_val   |   in|   18|     ap_none|              x_12_val|        scalar|
|x_18_val   |   in|   18|     ap_none|              x_18_val|        scalar|
|x_21_val   |   in|   18|     ap_none|              x_21_val|        scalar|
|x_22_val   |   in|   18|     ap_none|              x_22_val|        scalar|
|x_24_val   |   in|   18|     ap_none|              x_24_val|        scalar|
|x_26_val   |   in|   18|     ap_none|              x_26_val|        scalar|
|x_27_val   |   in|   18|     ap_none|              x_27_val|        scalar|
|x_33_val   |   in|   18|     ap_none|              x_33_val|        scalar|
|x_35_val   |   in|   18|     ap_none|              x_35_val|        scalar|
|x_36_val   |   in|   18|     ap_none|              x_36_val|        scalar|
|x_47_val   |   in|   18|     ap_none|              x_47_val|        scalar|
|x_48_val   |   in|   18|     ap_none|              x_48_val|        scalar|
|x_49_val   |   in|   18|     ap_none|              x_49_val|        scalar|
|x_50_val   |   in|   18|     ap_none|              x_50_val|        scalar|
+-----------+-----+-----+------------+----------------------+--------------+

