

================================================================
== Vitis HLS Report for 'relu_ap_fixed_17_15_5_3_0_ap_ufixed_13_11_5_3_0_ReLU_config16_s'
================================================================
* Date:           Thu Jan 23 14:07:34 2025

* Version:        2024.1 (Build 5069499 on May 21 2024)
* Project:        myproject_prj
* Solution:       solution1 (Vivado IP Flow Target)
* Product family: virtexuplus
* Target device:  xcu250-figd2104-2L-e


================================================================
== Performance Estimates
================================================================
+ Timing: 
    * Summary: 
    +--------+---------+----------+------------+
    |  Clock |  Target | Estimated| Uncertainty|
    +--------+---------+----------+------------+
    |ap_clk  |  5.00 ns|  1.111 ns|     1.35 ns|
    +--------+---------+----------+------------+

+ Latency: 
    * Summary: 
    +---------+---------+----------+----------+-----+-----+---------+
    |  Latency (cycles) |  Latency (absolute) |  Interval | Pipeline|
    |   min   |   max   |    min   |    max   | min | max |   Type  |
    +---------+---------+----------+----------+-----+-----+---------+
    |        0|        0|      0 ns|      0 ns|    1|    1|      yes|
    +---------+---------+----------+----------+-----+-----+---------+

    + Detail: 
        * Instance: 
        N/A

        * Loop: 
        N/A

============================================================
+ Verbose Summary: Synthesis Manager
============================================================
InlineROM: 1
ExposeGlobal: 0
============================================================
+ Verbose Summary: CDFG Model
============================================================
IsTopModel: 0
ResetActiveHigh: 1
IsCombinational: 0
IsDatapathOnly: 0
HasWiredReturn: 1
HasMFsm: 2
HasVarLatency: 0
IsPipeline: 1
IsRtlPipelined: 0
IsInstanceOverlapped: 0
IsDontTouch: 0
HasImplIP: 0
IsGatedGlobalClock: 0

+ Individual pipeline summary: 
  * Pipeline-0: initiation interval (II) = 1, depth = 1


============================================================
+ Verbose Summary: Schedule
============================================================
* Number of FSM states : 1
* Pipeline : 1
  Pipeline-0 : II = 1, D = 1, States = { 1 }
* Dataflow Pipeline: 0

* FSM state transitions: 
1 --> 

* FSM state operations: 

State 1 <SV = 0> <Delay = 1.11>
ST_1 : Operation 2 [1/1] (0.00ns)   --->   "%specpipeline_ln42 = specpipeline void @_ssdm_op_SpecPipeline, i32 4294967295, i32 0, i32 0, i32 0, void @empty_0" [firmware/nnet_utils/nnet_activation.h:42]   --->   Operation 2 'specpipeline' 'specpipeline_ln42' <Predicate = true> <Delay = 0.00>
ST_1 : Operation 3 [1/1] (0.00ns)   --->   "%data_28_val_read = read i17 @_ssdm_op_Read.ap_auto.i17, i17 %data_28_val" [firmware/nnet_utils/nnet_activation.h:42]   --->   Operation 3 'read' 'data_28_val_read' <Predicate = true> <Delay = 0.00>
ST_1 : Operation 4 [1/1] (0.00ns)   --->   "%data_25_val_read = read i17 @_ssdm_op_Read.ap_auto.i17, i17 %data_25_val" [firmware/nnet_utils/nnet_activation.h:42]   --->   Operation 4 'read' 'data_25_val_read' <Predicate = true> <Delay = 0.00>
ST_1 : Operation 5 [1/1] (0.00ns)   --->   "%data_21_val_read = read i17 @_ssdm_op_Read.ap_auto.i17, i17 %data_21_val" [firmware/nnet_utils/nnet_activation.h:42]   --->   Operation 5 'read' 'data_21_val_read' <Predicate = true> <Delay = 0.00>
ST_1 : Operation 6 [1/1] (0.00ns)   --->   "%data_16_val_read = read i17 @_ssdm_op_Read.ap_auto.i17, i17 %data_16_val" [firmware/nnet_utils/nnet_activation.h:42]   --->   Operation 6 'read' 'data_16_val_read' <Predicate = true> <Delay = 0.00>
ST_1 : Operation 7 [1/1] (0.00ns)   --->   "%data_14_val_read = read i17 @_ssdm_op_Read.ap_auto.i17, i17 %data_14_val" [firmware/nnet_utils/nnet_activation.h:42]   --->   Operation 7 'read' 'data_14_val_read' <Predicate = true> <Delay = 0.00>
ST_1 : Operation 8 [1/1] (0.00ns)   --->   "%data_11_val_read = read i17 @_ssdm_op_Read.ap_auto.i17, i17 %data_11_val" [firmware/nnet_utils/nnet_activation.h:42]   --->   Operation 8 'read' 'data_11_val_read' <Predicate = true> <Delay = 0.00>
ST_1 : Operation 9 [1/1] (0.00ns)   --->   "%data_9_val_read = read i17 @_ssdm_op_Read.ap_auto.i17, i17 %data_9_val" [firmware/nnet_utils/nnet_activation.h:42]   --->   Operation 9 'read' 'data_9_val_read' <Predicate = true> <Delay = 0.00>
ST_1 : Operation 10 [1/1] (0.79ns)   --->   "%icmp_ln45 = icmp_sgt  i17 %data_9_val_read, i17 0" [firmware/nnet_utils/nnet_activation.h:45]   --->   Operation 10 'icmp' 'icmp_ln45' <Predicate = true> <Delay = 0.79> <CoreInst = "Cmp">   --->   Core 9 'Cmp' <Latency = 0> <II = 1> <Delay = 0.79> <FuncUnit> <Opcode : 'seteq' 'setne' 'setle' 'setge' 'setlt' 'setgt'> <InPorts = 2> <OutPorts = 1>
ST_1 : Operation 11 [1/1] (0.00ns)   --->   "%trunc_ln46 = trunc i17 %data_9_val_read" [firmware/nnet_utils/nnet_activation.h:46]   --->   Operation 11 'trunc' 'trunc_ln46' <Predicate = (icmp_ln45)> <Delay = 0.00>
ST_1 : Operation 12 [1/1] (0.32ns)   --->   "%select_ln45 = select i1 %icmp_ln45, i13 %trunc_ln46, i13 0" [firmware/nnet_utils/nnet_activation.h:45]   --->   Operation 12 'select' 'select_ln45' <Predicate = true> <Delay = 0.32> <CoreInst = "Sel">   --->   Core 73 'Sel' <Latency = 0> <II = 1> <Delay = 0.32> <FuncUnit> <Opcode : 'select'> <InPorts = 3> <OutPorts = 1>
ST_1 : Operation 13 [1/1] (0.79ns)   --->   "%icmp_ln45_1 = icmp_sgt  i17 %data_11_val_read, i17 0" [firmware/nnet_utils/nnet_activation.h:45]   --->   Operation 13 'icmp' 'icmp_ln45_1' <Predicate = true> <Delay = 0.79> <CoreInst = "Cmp">   --->   Core 9 'Cmp' <Latency = 0> <II = 1> <Delay = 0.79> <FuncUnit> <Opcode : 'seteq' 'setne' 'setle' 'setge' 'setlt' 'setgt'> <InPorts = 2> <OutPorts = 1>
ST_1 : Operation 14 [1/1] (0.00ns)   --->   "%trunc_ln46_1 = trunc i17 %data_11_val_read" [firmware/nnet_utils/nnet_activation.h:46]   --->   Operation 14 'trunc' 'trunc_ln46_1' <Predicate = (icmp_ln45_1)> <Delay = 0.00>
ST_1 : Operation 15 [1/1] (0.32ns)   --->   "%select_ln45_1 = select i1 %icmp_ln45_1, i13 %trunc_ln46_1, i13 0" [firmware/nnet_utils/nnet_activation.h:45]   --->   Operation 15 'select' 'select_ln45_1' <Predicate = true> <Delay = 0.32> <CoreInst = "Sel">   --->   Core 73 'Sel' <Latency = 0> <II = 1> <Delay = 0.32> <FuncUnit> <Opcode : 'select'> <InPorts = 3> <OutPorts = 1>
ST_1 : Operation 16 [1/1] (0.79ns)   --->   "%icmp_ln45_2 = icmp_sgt  i17 %data_14_val_read, i17 0" [firmware/nnet_utils/nnet_activation.h:45]   --->   Operation 16 'icmp' 'icmp_ln45_2' <Predicate = true> <Delay = 0.79> <CoreInst = "Cmp">   --->   Core 9 'Cmp' <Latency = 0> <II = 1> <Delay = 0.79> <FuncUnit> <Opcode : 'seteq' 'setne' 'setle' 'setge' 'setlt' 'setgt'> <InPorts = 2> <OutPorts = 1>
ST_1 : Operation 17 [1/1] (0.00ns)   --->   "%trunc_ln46_2 = trunc i17 %data_14_val_read" [firmware/nnet_utils/nnet_activation.h:46]   --->   Operation 17 'trunc' 'trunc_ln46_2' <Predicate = (icmp_ln45_2)> <Delay = 0.00>
ST_1 : Operation 18 [1/1] (0.32ns)   --->   "%select_ln45_2 = select i1 %icmp_ln45_2, i13 %trunc_ln46_2, i13 0" [firmware/nnet_utils/nnet_activation.h:45]   --->   Operation 18 'select' 'select_ln45_2' <Predicate = true> <Delay = 0.32> <CoreInst = "Sel">   --->   Core 73 'Sel' <Latency = 0> <II = 1> <Delay = 0.32> <FuncUnit> <Opcode : 'select'> <InPorts = 3> <OutPorts = 1>
ST_1 : Operation 19 [1/1] (0.79ns)   --->   "%icmp_ln45_3 = icmp_sgt  i17 %data_16_val_read, i17 0" [firmware/nnet_utils/nnet_activation.h:45]   --->   Operation 19 'icmp' 'icmp_ln45_3' <Predicate = true> <Delay = 0.79> <CoreInst = "Cmp">   --->   Core 9 'Cmp' <Latency = 0> <II = 1> <Delay = 0.79> <FuncUnit> <Opcode : 'seteq' 'setne' 'setle' 'setge' 'setlt' 'setgt'> <InPorts = 2> <OutPorts = 1>
ST_1 : Operation 20 [1/1] (0.00ns)   --->   "%trunc_ln46_3 = trunc i17 %data_16_val_read" [firmware/nnet_utils/nnet_activation.h:46]   --->   Operation 20 'trunc' 'trunc_ln46_3' <Predicate = (icmp_ln45_3)> <Delay = 0.00>
ST_1 : Operation 21 [1/1] (0.32ns)   --->   "%select_ln45_3 = select i1 %icmp_ln45_3, i13 %trunc_ln46_3, i13 0" [firmware/nnet_utils/nnet_activation.h:45]   --->   Operation 21 'select' 'select_ln45_3' <Predicate = true> <Delay = 0.32> <CoreInst = "Sel">   --->   Core 73 'Sel' <Latency = 0> <II = 1> <Delay = 0.32> <FuncUnit> <Opcode : 'select'> <InPorts = 3> <OutPorts = 1>
ST_1 : Operation 22 [1/1] (0.79ns)   --->   "%icmp_ln45_4 = icmp_sgt  i17 %data_21_val_read, i17 0" [firmware/nnet_utils/nnet_activation.h:45]   --->   Operation 22 'icmp' 'icmp_ln45_4' <Predicate = true> <Delay = 0.79> <CoreInst = "Cmp">   --->   Core 9 'Cmp' <Latency = 0> <II = 1> <Delay = 0.79> <FuncUnit> <Opcode : 'seteq' 'setne' 'setle' 'setge' 'setlt' 'setgt'> <InPorts = 2> <OutPorts = 1>
ST_1 : Operation 23 [1/1] (0.00ns)   --->   "%trunc_ln46_4 = trunc i17 %data_21_val_read" [firmware/nnet_utils/nnet_activation.h:46]   --->   Operation 23 'trunc' 'trunc_ln46_4' <Predicate = (icmp_ln45_4)> <Delay = 0.00>
ST_1 : Operation 24 [1/1] (0.32ns)   --->   "%select_ln45_4 = select i1 %icmp_ln45_4, i13 %trunc_ln46_4, i13 0" [firmware/nnet_utils/nnet_activation.h:45]   --->   Operation 24 'select' 'select_ln45_4' <Predicate = true> <Delay = 0.32> <CoreInst = "Sel">   --->   Core 73 'Sel' <Latency = 0> <II = 1> <Delay = 0.32> <FuncUnit> <Opcode : 'select'> <InPorts = 3> <OutPorts = 1>
ST_1 : Operation 25 [1/1] (0.79ns)   --->   "%icmp_ln45_5 = icmp_sgt  i17 %data_25_val_read, i17 0" [firmware/nnet_utils/nnet_activation.h:45]   --->   Operation 25 'icmp' 'icmp_ln45_5' <Predicate = true> <Delay = 0.79> <CoreInst = "Cmp">   --->   Core 9 'Cmp' <Latency = 0> <II = 1> <Delay = 0.79> <FuncUnit> <Opcode : 'seteq' 'setne' 'setle' 'setge' 'setlt' 'setgt'> <InPorts = 2> <OutPorts = 1>
ST_1 : Operation 26 [1/1] (0.00ns)   --->   "%trunc_ln46_5 = trunc i17 %data_25_val_read" [firmware/nnet_utils/nnet_activation.h:46]   --->   Operation 26 'trunc' 'trunc_ln46_5' <Predicate = (icmp_ln45_5)> <Delay = 0.00>
ST_1 : Operation 27 [1/1] (0.32ns)   --->   "%select_ln45_5 = select i1 %icmp_ln45_5, i13 %trunc_ln46_5, i13 0" [firmware/nnet_utils/nnet_activation.h:45]   --->   Operation 27 'select' 'select_ln45_5' <Predicate = true> <Delay = 0.32> <CoreInst = "Sel">   --->   Core 73 'Sel' <Latency = 0> <II = 1> <Delay = 0.32> <FuncUnit> <Opcode : 'select'> <InPorts = 3> <OutPorts = 1>
ST_1 : Operation 28 [1/1] (0.79ns)   --->   "%icmp_ln45_6 = icmp_sgt  i17 %data_28_val_read, i17 0" [firmware/nnet_utils/nnet_activation.h:45]   --->   Operation 28 'icmp' 'icmp_ln45_6' <Predicate = true> <Delay = 0.79> <CoreInst = "Cmp">   --->   Core 9 'Cmp' <Latency = 0> <II = 1> <Delay = 0.79> <FuncUnit> <Opcode : 'seteq' 'setne' 'setle' 'setge' 'setlt' 'setgt'> <InPorts = 2> <OutPorts = 1>
ST_1 : Operation 29 [1/1] (0.00ns)   --->   "%trunc_ln46_6 = trunc i17 %data_28_val_read" [firmware/nnet_utils/nnet_activation.h:46]   --->   Operation 29 'trunc' 'trunc_ln46_6' <Predicate = (icmp_ln45_6)> <Delay = 0.00>
ST_1 : Operation 30 [1/1] (0.32ns)   --->   "%select_ln45_6 = select i1 %icmp_ln45_6, i13 %trunc_ln46_6, i13 0" [firmware/nnet_utils/nnet_activation.h:45]   --->   Operation 30 'select' 'select_ln45_6' <Predicate = true> <Delay = 0.32> <CoreInst = "Sel">   --->   Core 73 'Sel' <Latency = 0> <II = 1> <Delay = 0.32> <FuncUnit> <Opcode : 'select'> <InPorts = 3> <OutPorts = 1>
ST_1 : Operation 31 [1/1] (0.00ns)   --->   "%newret = insertvalue i91 <undef>, i13 %select_ln45" [firmware/nnet_utils/nnet_activation.h:45]   --->   Operation 31 'insertvalue' 'newret' <Predicate = true> <Delay = 0.00>
ST_1 : Operation 32 [1/1] (0.00ns)   --->   "%newret2 = insertvalue i91 %newret, i13 %select_ln45_1" [firmware/nnet_utils/nnet_activation.h:45]   --->   Operation 32 'insertvalue' 'newret2' <Predicate = true> <Delay = 0.00>
ST_1 : Operation 33 [1/1] (0.00ns)   --->   "%newret4 = insertvalue i91 %newret2, i13 %select_ln45_2" [firmware/nnet_utils/nnet_activation.h:45]   --->   Operation 33 'insertvalue' 'newret4' <Predicate = true> <Delay = 0.00>
ST_1 : Operation 34 [1/1] (0.00ns)   --->   "%newret6 = insertvalue i91 %newret4, i13 %select_ln45_3" [firmware/nnet_utils/nnet_activation.h:45]   --->   Operation 34 'insertvalue' 'newret6' <Predicate = true> <Delay = 0.00>
ST_1 : Operation 35 [1/1] (0.00ns)   --->   "%newret8 = insertvalue i91 %newret6, i13 %select_ln45_4" [firmware/nnet_utils/nnet_activation.h:45]   --->   Operation 35 'insertvalue' 'newret8' <Predicate = true> <Delay = 0.00>
ST_1 : Operation 36 [1/1] (0.00ns)   --->   "%newret1 = insertvalue i91 %newret8, i13 %select_ln45_5" [firmware/nnet_utils/nnet_activation.h:45]   --->   Operation 36 'insertvalue' 'newret1' <Predicate = true> <Delay = 0.00>
ST_1 : Operation 37 [1/1] (0.00ns)   --->   "%newret3 = insertvalue i91 %newret1, i13 %select_ln45_6" [firmware/nnet_utils/nnet_activation.h:45]   --->   Operation 37 'insertvalue' 'newret3' <Predicate = true> <Delay = 0.00>
ST_1 : Operation 38 [1/1] (0.00ns)   --->   "%ret_ln45 = ret i91 %newret3" [firmware/nnet_utils/nnet_activation.h:45]   --->   Operation 38 'ret' 'ret_ln45' <Predicate = true> <Delay = 0.00>


============================================================
+ Verbose Summary: Timing violations
============================================================
Target clock period: 5.000ns, clock uncertainty: 1.350ns.

 <State 1>: 1.111ns
The critical path consists of the following:
	wire read operation ('data_9_val_read', firmware/nnet_utils/nnet_activation.h:42) on port 'data_9_val' (firmware/nnet_utils/nnet_activation.h:42) [15]  (0.000 ns)
	'icmp' operation 1 bit ('icmp_ln45', firmware/nnet_utils/nnet_activation.h:45) [16]  (0.791 ns)
	'select' operation 13 bit ('select_ln45', firmware/nnet_utils/nnet_activation.h:45) [18]  (0.321 ns)


============================================================
+ Verbose Summary: Binding
============================================================
N/A
* FSMD analyzer results:
  - Output states:
 - Input state : 
  - Chain level:
	State 1


============================================================
+ Verbose Summary: Datapath Resource usage 
============================================================
N/A
